===== 趋势分析结果 (2025-06-25 13:05:52) =====
[2025-06-25 13:05:50] BTCUSDT 15m: 当前价格=106224.60, EMA25=106171.18, EMA60=105881.66, EMA120=105254.86, 趋势=上涨趋势
[2025-06-25 13:05:50] BTCUSDT 1h: 当前价格=106224.60, EMA25=105548.80, EMA60=104440.26, EMA120=103994.43, 趋势=上涨趋势
[2025-06-25 13:05:51] BTCUSDT 4h: 当前价格=106224.60, EMA25=104095.28, EMA60=104300.39, EMA120=104781.59, 趋势=震荡行情
[2025-06-25 13:05:51] BTCUSDT 1d: 当前价格=106224.70, EMA25=104981.85, EMA60=102434.40, EMA120=98311.09, 趋势=上涨趋势
[2025-06-25 13:05:51] ETHUSDT 15m: 当前价格=2437.67, EMA25=2444.86, EMA60=2438.23, EMA120=2414.27, 趋势=震荡行情
[2025-06-25 13:05:51] ETHUSDT 1h: 当前价格=2437.97, EMA25=2424.75, EMA60=2385.34, EMA120=2388.40, 趋势=上涨趋势
[2025-06-25 13:05:52] ETHUSDT 4h: 当前价格=2437.97, EMA25=2383.81, EMA60=2432.91, EMA120=2479.82, 趋势=震荡行情
[2025-06-25 13:05:52] ETHUSDT 1d: 当前价格=2437.96, EMA25=2479.30, EMA60=2400.27, EMA120=2383.04, 趋势=震荡行情
==============================

===== 趋势分析结果 (2025-06-25 13:20:54) =====
[2025-06-25 13:20:52] BTCUSDT 15m: 当前价格=106088.80, EMA25=106156.98, EMA60=105884.94, EMA120=105266.85, 趋势=震荡行情
[2025-06-25 13:20:53] BTCUSDT 1h: 当前价格=106088.70, EMA25=105538.35, EMA60=104435.81, EMA120=103992.19, 趋势=上涨趋势
[2025-06-25 13:20:53] BTCUSDT 4h: 当前价格=106088.80, EMA25=104084.83, EMA60=104295.93, EMA120=104779.35, 趋势=震荡行情
[2025-06-25 13:20:53] BTCUSDT 1d: 当前价格=106088.70, EMA25=104971.39, EMA60=102429.94, EMA120=98308.84, 趋势=上涨趋势
[2025-06-25 13:20:53] ETHUSDT 15m: 当前价格=2429.82, EMA25=2443.26, EMA60=2437.76, EMA120=2414.43, 趋势=震荡行情
[2025-06-25 13:20:54] ETHUSDT 1h: 当前价格=2429.82, EMA25=2424.13, EMA60=2385.07, EMA120=2388.27, 趋势=上涨趋势
[2025-06-25 13:20:54] ETHUSDT 4h: 当前价格=2429.82, EMA25=2383.18, EMA60=2432.64, EMA120=2479.68, 趋势=震荡行情
[2025-06-25 13:20:54] ETHUSDT 1d: 当前价格=2429.82, EMA25=2478.67, EMA60=2400.00, EMA120=2382.90, 趋势=震荡行情
==============================

===== 趋势分析结果 (2025-06-25 13:35:54) =====
[2025-06-25 13:35:52] BTCUSDT 15m: 当前价格=106190.30, EMA25=106160.14, EMA60=105895.22, EMA120=105282.26, 趋势=上涨趋势
[2025-06-25 13:35:53] BTCUSDT 1h: 当前价格=106190.40, EMA25=105546.17, EMA60=104439.14, EMA120=103993.87, 趋势=上涨趋势
[2025-06-25 13:35:53] BTCUSDT 4h: 当前价格=106190.40, EMA25=104092.64, EMA60=104299.26, EMA120=104781.03, 趋势=震荡行情
[2025-06-25 13:35:53] BTCUSDT 1d: 当前价格=106191.60, EMA25=104979.30, EMA60=102433.32, EMA120=98310.54, 趋势=上涨趋势
[2025-06-25 13:35:53] ETHUSDT 15m: 当前价格=2429.00, EMA25=2442.09, EMA60=2437.44, EMA120=2414.65, 趋势=震荡行情
[2025-06-25 13:35:54] ETHUSDT 1h: 当前价格=2429.00, EMA25=2424.06, EMA60=2385.05, EMA120=2388.25, 趋势=上涨趋势
[2025-06-25 13:35:54] ETHUSDT 4h: 当前价格=2429.00, EMA25=2383.12, EMA60=2432.61, EMA120=2479.67, 趋势=震荡行情
[2025-06-25 13:35:54] ETHUSDT 1d: 当前价格=2429.00, EMA25=2478.61, EMA60=2399.98, EMA120=2382.89, 趋势=震荡行情
==============================

===== 趋势分析结果 (2025-06-25 13:50:54) =====
[2025-06-25 13:50:52] BTCUSDT 15m: 当前价格=106250.40, EMA25=106168.83, EMA60=105907.64, EMA120=105298.67, 趋势=上涨趋势
[2025-06-25 13:50:53] BTCUSDT 1h: 当前价格=106250.40, EMA25=105550.79, EMA60=104441.11, EMA120=103994.86, 趋势=上涨趋势
[2025-06-25 13:50:53] BTCUSDT 4h: 当前价格=106250.50, EMA25=104097.27, EMA60=104301.23, EMA120=104782.02, 趋势=震荡行情
[2025-06-25 13:50:53] BTCUSDT 1d: 当前价格=106250.40, EMA25=104983.82, EMA60=102435.24, EMA120=98311.51, 趋势=上涨趋势
[2025-06-25 13:50:53] ETHUSDT 15m: 当前价格=2431.68, EMA25=2441.44, EMA60=2437.32, EMA120=2414.97, 趋势=震荡行情
[2025-06-25 13:50:54] ETHUSDT 1h: 当前价格=2431.69, EMA25=2424.27, EMA60=2385.13, EMA120=2388.30, 趋势=上涨趋势
[2025-06-25 13:50:54] ETHUSDT 4h: 当前价格=2431.69, EMA25=2383.33, EMA60=2432.70, EMA120=2479.72, 趋势=震荡行情
[2025-06-25 13:50:54] ETHUSDT 1d: 当前价格=2431.69, EMA25=2478.82, EMA60=2400.06, EMA120=2382.93, 趋势=震荡行情
==============================

===== 趋势分析结果 (2025-06-25 14:05:55) =====
[2025-06-25 14:05:52] BTCUSDT 15m: 当前价格=106086.30, EMA25=106156.04, EMA60=105910.63, EMA120=105310.22, 趋势=震荡行情
[2025-06-25 14:05:53] BTCUSDT 1h: 当前价格=106086.20, EMA25=105585.53, EMA60=104492.17, EMA120=104027.90, 趋势=上涨趋势
[2025-06-25 14:05:53] BTCUSDT 4h: 当前价格=106086.30, EMA25=104084.64, EMA60=104295.85, EMA120=104779.31, 趋势=震荡行情
[2025-06-25 14:05:54] BTCUSDT 1d: 当前价格=106086.20, EMA25=104971.19, EMA60=102429.86, EMA120=98308.80, 趋势=上涨趋势
[2025-06-25 14:05:54] ETHUSDT 15m: 当前价格=2426.84, EMA25=2440.06, EMA60=2436.86, EMA120=2415.10, 趋势=震荡行情
[2025-06-25 14:05:54] ETHUSDT 1h: 当前价格=2426.83, EMA25=2424.21, EMA60=2386.38, EMA120=2388.87, 趋势=上涨趋势
[2025-06-25 14:05:54] ETHUSDT 4h: 当前价格=2426.83, EMA25=2382.95, EMA60=2432.54, EMA120=2479.64, 趋势=震荡行情
[2025-06-25 14:05:55] ETHUSDT 1d: 当前价格=2426.84, EMA25=2478.44, EMA60=2399.91, EMA120=2382.85, 趋势=震荡行情
==============================

===== 趋势分析结果 (2025-06-25 14:20:54) =====
[2025-06-25 14:20:52] BTCUSDT 15m: 当前价格=106182.80, EMA25=106160.62, EMA60=105920.68, EMA120=105325.23, 趋势=上涨趋势
[2025-06-25 14:20:53] BTCUSDT 1h: 当前价格=106182.80, EMA25=105592.96, EMA60=104495.34, EMA120=104029.50, 趋势=上涨趋势
[2025-06-25 14:20:53] BTCUSDT 4h: 当前价格=106182.80, EMA25=104092.06, EMA60=104299.01, EMA120=104780.90, 趋势=震荡行情
[2025-06-25 14:20:53] BTCUSDT 1d: 当前价格=106182.80, EMA25=104978.62, EMA60=102433.03, EMA120=98310.39, 趋势=上涨趋势
[2025-06-25 14:20:53] ETHUSDT 15m: 当前价格=2436.21, EMA25=2440.34, EMA60=2437.10, EMA120=2415.59, 趋势=震荡行情
[2025-06-25 14:20:54] ETHUSDT 1h: 当前价格=2436.21, EMA25=2424.93, EMA60=2386.69, EMA120=2389.03, 趋势=上涨趋势
[2025-06-25 14:20:54] ETHUSDT 4h: 当前价格=2436.21, EMA25=2383.68, EMA60=2432.85, EMA120=2479.79, 趋势=震荡行情
[2025-06-25 14:20:54] ETHUSDT 1d: 当前价格=2436.21, EMA25=2479.16, EMA60=2400.21, EMA120=2383.01, 趋势=震荡行情
==============================

===== 趋势分析结果 (2025-06-25 14:35:54) =====
[2025-06-25 14:35:52] BTCUSDT 15m: 当前价格=106349.40, EMA25=106186.64, EMA60=105939.87, EMA120=105344.80, 趋势=上涨趋势
[2025-06-25 14:35:53] BTCUSDT 1h: 当前价格=106349.40, EMA25=105605.78, EMA60=104500.80, EMA120=104032.25, 趋势=上涨趋势
[2025-06-25 14:35:53] BTCUSDT 4h: 当前价格=106349.40, EMA25=104104.88, EMA60=104304.48, EMA120=104783.66, 趋势=震荡行情
[2025-06-25 14:35:53] BTCUSDT 1d: 当前价格=106349.40, EMA25=104991.44, EMA60=102438.49, EMA120=98313.15, 趋势=上涨趋势
[2025-06-25 14:35:53] ETHUSDT 15m: 当前价格=2439.72, EMA25=2440.56, EMA60=2437.30, EMA120=2416.05, 趋势=震荡行情
[2025-06-25 14:35:54] ETHUSDT 1h: 当前价格=2440.21, EMA25=2425.23, EMA60=2386.82, EMA120=2389.09, 趋势=上涨趋势
[2025-06-25 14:35:54] ETHUSDT 4h: 当前价格=2440.21, EMA25=2383.98, EMA60=2432.98, EMA120=2479.86, 趋势=震荡行情
[2025-06-25 14:35:54] ETHUSDT 1d: 当前价格=2440.21, EMA25=2479.47, EMA60=2400.34, EMA120=2383.07, 趋势=震荡行情
==============================

