===== 趋势分析结果 (2025-09-03 10:59:25) =====
[2025-09-03 10:59:23] BTCUSDT 5m: 当前价格=111198.76, EMA25=111166.30, EMA50=%!f(utils.TrendStatus=BU), 趋势=%!s(MISSING)
[2025-09-03 10:59:23] BTCUSDT 15m: 当前价格=111133.97, EMA25=110934.88, EMA50=%!f(utils.TrendStatus=BU), 趋势=%!s(MISSING)
[2025-09-03 10:59:24] BTCUSDT 1h: 当前价格=110567.70, EMA25=110024.58, EMA50=%!f(utils.TrendStatus=BU), 趋势=%!s(MISSING)
[2025-09-03 10:59:24] BTCUSDT 4h: 当前价格=109885.22, EMA25=110453.46, EMA50=%!f(utils.TrendStatus=BU), 趋势=%!s(MISSING)
[2025-09-03 10:59:24] BTCUSDT 1d: 当前价格=112804.30, EMA25=113319.65, EMA50=%!f(utils.TrendStatus=SE), 趋势=%!s(MISSING)
[2025-09-03 10:59:24] BTCUSDT 3d: 当前价格=112440.82, EMA25=107569.01, EMA50=%!f(utils.TrendStatus=SE), 趋势=%!s(MISSING)
[2025-09-03 10:59:24] ETHUSDT 5m: 当前价格=4324.42, EMA25=4318.64, EMA50=%!f(utils.TrendStatus=BU), 趋势=%!s(MISSING)
[2025-09-03 10:59:25] ETHUSDT 15m: 当前价格=4317.83, EMA25=4319.37, EMA50=%!f(utils.TrendStatus=BU), 趋势=%!s(MISSING)
[2025-09-03 10:59:25] ETHUSDT 1h: 当前价格=4332.67, EMA25=4352.57, EMA50=%!f(utils.TrendStatus=BU), 趋势=%!s(MISSING)
[2025-09-03 10:59:25] ETHUSDT 4h: 当前价格=4379.57, EMA25=4417.94, EMA50=%!f(utils.TrendStatus=SE), 趋势=%!s(MISSING)
[2025-09-03 10:59:25] ETHUSDT 1d: 当前价格=4320.59, EMA25=4023.02, EMA50=%!f(utils.TrendStatus=RA), 趋势=%!s(MISSING)
[2025-09-03 10:59:25] ETHUSDT 3d: 当前价格=3770.28, EMA25=3298.56, EMA50=%!f(utils.TrendStatus=RA), 趋势=%!s(MISSING)
==============================

===== 趋势分析结果 (2025-09-03 11:00:12) =====
[2025-09-03 11:00:07] BTCUSDT 5m: 当前价格=111206.31, EMA25=111171.42, EMA50=%!f(utils.TrendStatus=BU), 趋势=%!s(MISSING)
[2025-09-03 11:00:09] BTCUSDT 15m: 当前价格=111146.51, EMA25=110949.08, EMA50=%!f(utils.TrendStatus=BU), 趋势=%!s(MISSING)
[2025-09-03 11:00:09] BTCUSDT 1h: 当前价格=110622.90, EMA25=110074.02, EMA50=%!f(utils.TrendStatus=BU), 趋势=%!s(MISSING)
[2025-09-03 11:00:09] BTCUSDT 4h: 当前价格=109882.85, EMA25=110452.26, EMA50=%!f(utils.TrendStatus=BU), 趋势=%!s(MISSING)
[2025-09-03 11:00:10] BTCUSDT 1d: 当前价格=112801.02, EMA25=113317.98, EMA50=%!f(utils.TrendStatus=SE), 趋势=%!s(MISSING)
[2025-09-03 11:00:10] BTCUSDT 3d: 当前价格=112438.45, EMA25=107567.80, EMA50=%!f(utils.TrendStatus=SE), 趋势=%!s(MISSING)
[2025-09-03 11:00:10] ETHUSDT 5m: 当前价格=4325.12, EMA25=4319.22, EMA50=%!f(utils.TrendStatus=BU), 趋势=%!s(MISSING)
[2025-09-03 11:00:10] ETHUSDT 15m: 当前价格=4319.01, EMA25=4319.91, EMA50=%!f(utils.TrendStatus=BU), 趋势=%!s(MISSING)
[2025-09-03 11:00:11] ETHUSDT 1h: 当前价格=4332.73, EMA25=4351.81, EMA50=%!f(utils.TrendStatus=BU), 趋势=%!s(MISSING)
[2025-09-03 11:00:11] ETHUSDT 4h: 当前价格=4379.34, EMA25=4417.83, EMA50=%!f(utils.TrendStatus=SE), 趋势=%!s(MISSING)
[2025-09-03 11:00:12] ETHUSDT 1d: 当前价格=4320.36, EMA25=4022.90, EMA50=%!f(utils.TrendStatus=RA), 趋势=%!s(MISSING)
[2025-09-03 11:00:12] ETHUSDT 3d: 当前价格=3770.05, EMA25=3298.45, EMA50=%!f(utils.TrendStatus=RA), 趋势=%!s(MISSING)
==============================

===== 趋势分析结果 (2025-09-03 11:01:49) =====
[2025-09-03 11:01:45] BTCUSDT 5m: 当前价格=111205.80, EMA25=111171.16, EMA50=%!f(utils.TrendStatus=RA), 趋势=%!s(MISSING)
[2025-09-03 11:01:45] BTCUSDT 15m: 当前价格=111146.00, EMA25=110948.82, EMA50=%!f(utils.TrendStatus=BU), 趋势=%!s(MISSING)
[2025-09-03 11:01:45] BTCUSDT 1h: 当前价格=110623.27, EMA25=110074.21, EMA50=%!f(utils.TrendStatus=BU), 趋势=%!s(MISSING)
[2025-09-03 11:01:46] BTCUSDT 4h: 当前价格=109882.35, EMA25=110452.00, EMA50=%!f(utils.TrendStatus=BU), 趋势=%!s(MISSING)
[2025-09-03 11:01:46] BTCUSDT 1d: 当前价格=112801.41, EMA25=113318.17, EMA50=%!f(utils.TrendStatus=SE), 趋势=%!s(MISSING)
[2025-09-03 11:01:48] BTCUSDT 3d: 当前价格=112437.92, EMA25=107567.54, EMA50=%!f(utils.TrendStatus=SE), 趋势=%!s(MISSING)
[2025-09-03 11:01:48] ETHUSDT 5m: 当前价格=4325.15, EMA25=4319.24, EMA50=%!f(utils.TrendStatus=RA), 趋势=%!s(MISSING)
[2025-09-03 11:01:48] ETHUSDT 15m: 当前价格=4319.04, EMA25=4319.92, EMA50=%!f(utils.TrendStatus=BU), 趋势=%!s(MISSING)
[2025-09-03 11:01:49] ETHUSDT 1h: 当前价格=4332.73, EMA25=4351.82, EMA50=%!f(utils.TrendStatus=BU), 趋势=%!s(MISSING)
[2025-09-03 11:01:49] ETHUSDT 4h: 当前价格=4379.34, EMA25=4417.83, EMA50=%!f(utils.TrendStatus=RA), 趋势=%!s(MISSING)
[2025-09-03 11:01:49] ETHUSDT 1d: 当前价格=4320.36, EMA25=4022.91, EMA50=%!f(utils.TrendStatus=RA), 趋势=%!s(MISSING)
[2025-09-03 11:01:49] ETHUSDT 3d: 当前价格=3770.05, EMA25=3298.45, EMA50=%!f(utils.TrendStatus=RA), 趋势=%!s(MISSING)
==============================

===== 趋势分析结果 (2025-09-03 11:05:10) =====
[2025-09-03 11:05:07] BTCUSDT 5m: 当前价格=111214.91, EMA25=111177.19, EMA50=%!f(utils.TrendStatus=RA), 趋势=%!s(MISSING)
[2025-09-03 11:05:08] BTCUSDT 15m: 当前价格=111147.73, EMA25=110949.70, EMA50=%!f(utils.TrendStatus=BU), 趋势=%!s(MISSING)
[2025-09-03 11:05:08] BTCUSDT 1h: 当前价格=110625.01, EMA25=110075.09, EMA50=%!f(utils.TrendStatus=BU), 趋势=%!s(MISSING)
[2025-09-03 11:05:08] BTCUSDT 4h: 当前价格=109884.08, EMA25=110452.88, EMA50=%!f(utils.TrendStatus=BU), 趋势=%!s(MISSING)
[2025-09-03 11:05:08] BTCUSDT 1d: 当前价格=112803.15, EMA25=113319.06, EMA50=%!f(utils.TrendStatus=SE), 趋势=%!s(MISSING)
[2025-09-03 11:05:09] BTCUSDT 3d: 当前价格=112439.66, EMA25=107568.42, EMA50=%!f(utils.TrendStatus=SE), 趋势=%!s(MISSING)
[2025-09-03 11:05:09] ETHUSDT 5m: 当前价格=4326.26, EMA25=4320.04, EMA50=%!f(utils.TrendStatus=RA), 趋势=%!s(MISSING)
[2025-09-03 11:05:09] ETHUSDT 15m: 当前价格=4319.31, EMA25=4320.06, EMA50=%!f(utils.TrendStatus=BU), 趋势=%!s(MISSING)
[2025-09-03 11:05:09] ETHUSDT 1h: 当前价格=4333.01, EMA25=4351.96, EMA50=%!f(utils.TrendStatus=BU), 趋势=%!s(MISSING)
[2025-09-03 11:05:09] ETHUSDT 4h: 当前价格=4379.55, EMA25=4417.93, EMA50=%!f(utils.TrendStatus=RA), 趋势=%!s(MISSING)
[2025-09-03 11:05:10] ETHUSDT 1d: 当前价格=4320.64, EMA25=4023.05, EMA50=%!f(utils.TrendStatus=RA), 趋势=%!s(MISSING)
[2025-09-03 11:05:10] ETHUSDT 3d: 当前价格=3770.33, EMA25=3298.59, EMA50=%!f(utils.TrendStatus=RA), 趋势=%!s(MISSING)
==============================

===== 趋势分析结果 (2025-09-03 11:10:19) =====
[2025-09-03 11:10:17] BTCUSDT 5m: 当前价格=111225.05, EMA25=111183.87, EMA50=%!f(utils.TrendStatus=RA), 趋势=%!s(MISSING)
[2025-09-03 11:10:17] BTCUSDT 15m: 当前价格=111149.01, EMA25=110950.35, EMA50=%!f(utils.TrendStatus=BU), 趋势=%!s(MISSING)
[2025-09-03 11:10:17] BTCUSDT 1h: 当前价格=110626.28, EMA25=110075.74, EMA50=%!f(utils.TrendStatus=BU), 趋势=%!s(MISSING)
[2025-09-03 11:10:17] BTCUSDT 4h: 当前价格=109885.35, EMA25=110453.53, EMA50=%!f(utils.TrendStatus=BU), 趋势=%!s(MISSING)
[2025-09-03 11:10:18] BTCUSDT 1d: 当前价格=112804.42, EMA25=113319.71, EMA50=%!f(utils.TrendStatus=SE), 趋势=%!s(MISSING)
[2025-09-03 11:10:18] BTCUSDT 3d: 当前价格=112440.94, EMA25=107569.08, EMA50=%!f(utils.TrendStatus=SE), 趋势=%!s(MISSING)
[2025-09-03 11:10:18] ETHUSDT 5m: 当前价格=4327.47, EMA25=4320.91, EMA50=%!f(utils.TrendStatus=BU), 趋势=%!s(MISSING)
[2025-09-03 11:10:18] ETHUSDT 15m: 当前价格=4319.47, EMA25=4320.14, EMA50=%!f(utils.TrendStatus=BU), 趋势=%!s(MISSING)
[2025-09-03 11:10:19] ETHUSDT 1h: 当前价格=4333.16, EMA25=4352.04, EMA50=%!f(utils.TrendStatus=BU), 趋势=%!s(MISSING)
[2025-09-03 11:10:19] ETHUSDT 4h: 当前价格=4379.78, EMA25=4418.05, EMA50=%!f(utils.TrendStatus=RA), 趋势=%!s(MISSING)
[2025-09-03 11:10:19] ETHUSDT 1d: 当前价格=4320.80, EMA25=4023.13, EMA50=%!f(utils.TrendStatus=RA), 趋势=%!s(MISSING)
[2025-09-03 11:10:19] ETHUSDT 3d: 当前价格=3770.48, EMA25=3298.67, EMA50=%!f(utils.TrendStatus=RA), 趋势=%!s(MISSING)
==============================

===== 趋势分析结果 (2025-09-03 11:15:19) =====
[2025-09-03 11:15:17] BTCUSDT 5m: 当前价格=111191.65, EMA25=111168.02, EMA50=%!f(utils.TrendStatus=SE), 趋势=%!s(MISSING)
[2025-09-03 11:15:17] BTCUSDT 15m: 当前价格=111121.44, EMA25=110943.66, EMA50=%!f(utils.TrendStatus=RA), 趋势=%!s(MISSING)
[2025-09-03 11:15:17] BTCUSDT 1h: 当前价格=110606.00, EMA25=110065.40, EMA50=%!f(utils.TrendStatus=BU), 趋势=%!s(MISSING)
[2025-09-03 11:15:17] BTCUSDT 4h: 当前价格=109865.07, EMA25=110443.19, EMA50=%!f(utils.TrendStatus=BU), 趋势=%!s(MISSING)
[2025-09-03 11:15:18] BTCUSDT 1d: 当前价格=112784.13, EMA25=113309.36, EMA50=%!f(utils.TrendStatus=SE), 趋势=%!s(MISSING)
[2025-09-03 11:15:18] BTCUSDT 3d: 当前价格=112420.65, EMA25=107558.73, EMA50=%!f(utils.TrendStatus=SE), 趋势=%!s(MISSING)
[2025-09-03 11:15:18] ETHUSDT 5m: 当前价格=4326.31, EMA25=4320.55, EMA50=%!f(utils.TrendStatus=BU), 趋势=%!s(MISSING)
[2025-09-03 11:15:18] ETHUSDT 15m: 当前价格=4318.93, EMA25=4319.82, EMA50=%!f(utils.TrendStatus=BU), 趋势=%!s(MISSING)
[2025-09-03 11:15:18] ETHUSDT 1h: 当前价格=4332.15, EMA25=4351.52, EMA50=%!f(utils.TrendStatus=SE), 趋势=%!s(MISSING)
[2025-09-03 11:15:19] ETHUSDT 4h: 当前价格=4378.77, EMA25=4417.53, EMA50=%!f(utils.TrendStatus=RA), 趋势=%!s(MISSING)
[2025-09-03 11:15:19] ETHUSDT 1d: 当前价格=4319.79, EMA25=4022.61, EMA50=%!f(utils.TrendStatus=RA), 趋势=%!s(MISSING)
[2025-09-03 11:15:19] ETHUSDT 3d: 当前价格=3769.47, EMA25=3298.16, EMA50=%!f(utils.TrendStatus=RA), 趋势=%!s(MISSING)
==============================

===== 趋势分析结果 (2025-09-03 11:20:19) =====
[2025-09-03 11:20:17] BTCUSDT 5m: 当前价格=111179.54, EMA25=111162.74, EMA50=%!f(utils.TrendStatus=SE), 趋势=%!s(MISSING)
[2025-09-03 11:20:17] BTCUSDT 15m: 当前价格=111120.68, EMA25=110943.26, EMA50=%!f(utils.TrendStatus=RA), 趋势=%!s(MISSING)
[2025-09-03 11:20:17] BTCUSDT 1h: 当前价格=110605.22, EMA25=110065.01, EMA50=%!f(utils.TrendStatus=BU), 趋势=%!s(MISSING)
[2025-09-03 11:20:17] BTCUSDT 4h: 当前价格=109864.30, EMA25=110442.80, EMA50=%!f(utils.TrendStatus=BU), 趋势=%!s(MISSING)
[2025-09-03 11:20:18] BTCUSDT 1d: 当前价格=112783.36, EMA25=113308.97, EMA50=%!f(utils.TrendStatus=SE), 趋势=%!s(MISSING)
[2025-09-03 11:20:18] BTCUSDT 3d: 当前价格=112419.88, EMA25=107558.34, EMA50=%!f(utils.TrendStatus=SE), 趋势=%!s(MISSING)
[2025-09-03 11:20:18] ETHUSDT 5m: 当前价格=4326.93, EMA25=4321.09, EMA50=%!f(utils.TrendStatus=BU), 趋势=%!s(MISSING)
[2025-09-03 11:20:18] ETHUSDT 15m: 当前价格=4319.30, EMA25=4320.01, EMA50=%!f(utils.TrendStatus=BU), 趋势=%!s(MISSING)
[2025-09-03 11:20:18] ETHUSDT 1h: 当前价格=4332.52, EMA25=4351.71, EMA50=%!f(utils.TrendStatus=SE), 趋势=%!s(MISSING)
[2025-09-03 11:20:18] ETHUSDT 4h: 当前价格=4379.14, EMA25=4417.72, EMA50=%!f(utils.TrendStatus=RA), 趋势=%!s(MISSING)
[2025-09-03 11:20:19] ETHUSDT 1d: 当前价格=4320.20, EMA25=4022.82, EMA50=%!f(utils.TrendStatus=RA), 趋势=%!s(MISSING)
[2025-09-03 11:20:19] ETHUSDT 3d: 当前价格=3769.84, EMA25=3298.34, EMA50=%!f(utils.TrendStatus=RA), 趋势=%!s(MISSING)
==============================

===== 趋势分析结果 (2025-09-03 11:25:19) =====
[2025-09-03 11:25:17] BTCUSDT 5m: 当前价格=111157.17, EMA25=111151.87, EMA50=%!f(utils.TrendStatus=SE), 趋势=%!s(MISSING)
[2025-09-03 11:25:17] BTCUSDT 15m: 当前价格=111113.65, EMA25=110939.68, EMA50=%!f(utils.TrendStatus=RA), 趋势=%!s(MISSING)
[2025-09-03 11:25:17] BTCUSDT 1h: 当前价格=110598.47, EMA25=110061.56, EMA50=%!f(utils.TrendStatus=BU), 趋势=%!s(MISSING)
[2025-09-03 11:25:17] BTCUSDT 4h: 当前价格=109857.54, EMA25=110439.35, EMA50=%!f(utils.TrendStatus=BU), 趋势=%!s(MISSING)
[2025-09-03 11:25:18] BTCUSDT 1d: 当前价格=112776.35, EMA25=113305.40, EMA50=%!f(utils.TrendStatus=SE), 趋势=%!s(MISSING)
[2025-09-03 11:25:18] BTCUSDT 3d: 当前价格=112412.86, EMA25=107554.76, EMA50=%!f(utils.TrendStatus=SE), 趋势=%!s(MISSING)
[2025-09-03 11:25:18] ETHUSDT 5m: 当前价格=4327.12, EMA25=4321.42, EMA50=%!f(utils.TrendStatus=BU), 趋势=%!s(MISSING)
[2025-09-03 11:25:18] ETHUSDT 15m: 当前价格=4319.22, EMA25=4319.97, EMA50=%!f(utils.TrendStatus=BU), 趋势=%!s(MISSING)
[2025-09-03 11:25:18] ETHUSDT 1h: 当前价格=4332.43, EMA25=4351.66, EMA50=%!f(utils.TrendStatus=SE), 趋势=%!s(MISSING)
[2025-09-03 11:25:18] ETHUSDT 4h: 当前价格=4379.04, EMA25=4417.67, EMA50=%!f(utils.TrendStatus=RA), 趋势=%!s(MISSING)
[2025-09-03 11:25:19] ETHUSDT 1d: 当前价格=4320.06, EMA25=4022.75, EMA50=%!f(utils.TrendStatus=RA), 趋势=%!s(MISSING)
[2025-09-03 11:25:19] ETHUSDT 3d: 当前价格=3769.75, EMA25=3298.29, EMA50=%!f(utils.TrendStatus=RA), 趋势=%!s(MISSING)
==============================

===== 趋势分析结果 (2025-09-03 11:30:19) =====
[2025-09-03 11:30:17] BTCUSDT 5m: 当前价格=111145.55, EMA25=111146.23, EMA50=%!f(utils.TrendStatus=RA), 趋势=%!s(MISSING)
[2025-09-03 11:30:17] BTCUSDT 15m: 当前价格=111105.62, EMA25=110942.49, EMA50=%!f(utils.TrendStatus=RA), 趋势=%!s(MISSING)
[2025-09-03 11:30:17] BTCUSDT 1h: 当前价格=110598.24, EMA25=110061.45, EMA50=%!f(utils.TrendStatus=BU), 趋势=%!s(MISSING)
[2025-09-03 11:30:17] BTCUSDT 4h: 当前价格=109857.31, EMA25=110439.23, EMA50=%!f(utils.TrendStatus=BU), 趋势=%!s(MISSING)
[2025-09-03 11:30:18] BTCUSDT 1d: 当前价格=112775.88, EMA25=113305.16, EMA50=%!f(utils.TrendStatus=SE), 趋势=%!s(MISSING)
[2025-09-03 11:30:18] BTCUSDT 3d: 当前价格=112412.39, EMA25=107554.52, EMA50=%!f(utils.TrendStatus=SE), 趋势=%!s(MISSING)
[2025-09-03 11:30:18] ETHUSDT 5m: 当前价格=4326.85, EMA25=4321.50, EMA50=%!f(utils.TrendStatus=RA), 趋势=%!s(MISSING)
[2025-09-03 11:30:18] ETHUSDT 15m: 当前价格=4319.54, EMA25=4320.10, EMA50=%!f(utils.TrendStatus=BU), 趋势=%!s(MISSING)
[2025-09-03 11:30:18] ETHUSDT 1h: 当前价格=4332.04, EMA25=4351.46, EMA50=%!f(utils.TrendStatus=SE), 趋势=%!s(MISSING)
[2025-09-03 11:30:19] ETHUSDT 4h: 当前价格=4378.65, EMA25=4417.47, EMA50=%!f(utils.TrendStatus=RA), 趋势=%!s(MISSING)
[2025-09-03 11:30:19] ETHUSDT 1d: 当前价格=4319.67, EMA25=4022.55, EMA50=%!f(utils.TrendStatus=RA), 趋势=%!s(MISSING)
[2025-09-03 11:30:19] ETHUSDT 3d: 当前价格=3769.36, EMA25=3298.10, EMA50=%!f(utils.TrendStatus=RA), 趋势=%!s(MISSING)
==============================

===== 趋势分析结果 (2025-09-03 11:35:19) =====
[2025-09-03 11:35:17] BTCUSDT 5m: 当前价格=111128.44, EMA25=111137.45, EMA50=%!f(utils.TrendStatus=RA), 趋势=%!s(MISSING)
[2025-09-03 11:35:17] BTCUSDT 15m: 当前价格=111103.85, EMA25=110941.58, EMA50=%!f(utils.TrendStatus=RA), 趋势=%!s(MISSING)
[2025-09-03 11:35:17] BTCUSDT 1h: 当前价格=110596.46, EMA25=110060.54, EMA50=%!f(utils.TrendStatus=BU), 趋势=%!s(MISSING)
[2025-09-03 11:35:18] BTCUSDT 4h: 当前价格=109855.53, EMA25=110438.33, EMA50=%!f(utils.TrendStatus=BU), 趋势=%!s(MISSING)
[2025-09-03 11:35:18] BTCUSDT 1d: 当前价格=112774.60, EMA25=113304.51, EMA50=%!f(utils.TrendStatus=SE), 趋势=%!s(MISSING)
[2025-09-03 11:35:18] BTCUSDT 3d: 当前价格=112411.12, EMA25=107553.87, EMA50=%!f(utils.TrendStatus=SE), 趋势=%!s(MISSING)
[2025-09-03 11:35:18] ETHUSDT 5m: 当前价格=4326.77, EMA25=4321.67, EMA50=%!f(utils.TrendStatus=RA), 趋势=%!s(MISSING)
[2025-09-03 11:35:19] ETHUSDT 15m: 当前价格=4319.47, EMA25=4320.06, EMA50=%!f(utils.TrendStatus=BU), 趋势=%!s(MISSING)
[2025-09-03 11:35:19] ETHUSDT 1h: 当前价格=4331.97, EMA25=4351.43, EMA50=%!f(utils.TrendStatus=SE), 趋势=%!s(MISSING)
[2025-09-03 11:35:19] ETHUSDT 4h: 当前价格=4378.58, EMA25=4417.44, EMA50=%!f(utils.TrendStatus=RA), 趋势=%!s(MISSING)
[2025-09-03 11:35:19] ETHUSDT 1d: 当前价格=4319.60, EMA25=4022.52, EMA50=%!f(utils.TrendStatus=RA), 趋势=%!s(MISSING)
[2025-09-03 11:35:19] ETHUSDT 3d: 当前价格=3769.29, EMA25=3298.06, EMA50=%!f(utils.TrendStatus=RA), 趋势=%!s(MISSING)
==============================

===== 趋势分析结果 (2025-09-03 11:40:21) =====
[2025-09-03 11:40:17] BTCUSDT 5m: 当前价格=111102.90, EMA25=111123.99, EMA50=%!f(utils.TrendStatus=RA), 趋势=%!s(MISSING)
[2025-09-03 11:40:17] BTCUSDT 15m: 当前价格=111097.03, EMA25=110938.11, EMA50=%!f(utils.TrendStatus=SE), 趋势=%!s(MISSING)
[2025-09-03 11:40:17] BTCUSDT 1h: 当前价格=110589.64, EMA25=110057.07, EMA50=%!f(utils.TrendStatus=BU), 趋势=%!s(MISSING)
[2025-09-03 11:40:17] BTCUSDT 4h: 当前价格=109848.72, EMA25=110434.85, EMA50=%!f(utils.TrendStatus=BU), 趋势=%!s(MISSING)
[2025-09-03 11:40:18] BTCUSDT 1d: 当前价格=112767.78, EMA25=113301.03, EMA50=%!f(utils.TrendStatus=SE), 趋势=%!s(MISSING)
[2025-09-03 11:40:18] BTCUSDT 3d: 当前价格=112405.18, EMA25=107550.84, EMA50=%!f(utils.TrendStatus=SE), 趋势=%!s(MISSING)
[2025-09-03 11:40:18] ETHUSDT 5m: 当前价格=4326.05, EMA25=4321.50, EMA50=%!f(utils.TrendStatus=RA), 趋势=%!s(MISSING)
[2025-09-03 11:40:18] ETHUSDT 15m: 当前价格=4319.20, EMA25=4319.92, EMA50=%!f(utils.TrendStatus=BU), 趋势=%!s(MISSING)
[2025-09-03 11:40:18] ETHUSDT 1h: 当前价格=4331.65, EMA25=4351.26, EMA50=%!f(utils.TrendStatus=SE), 趋势=%!s(MISSING)
[2025-09-03 11:40:19] ETHUSDT 4h: 当前价格=4378.29, EMA25=4417.29, EMA50=%!f(utils.TrendStatus=RA), 趋势=%!s(MISSING)
[2025-09-03 11:40:21] ETHUSDT 1d: 当前价格=4319.32, EMA25=4022.38, EMA50=%!f(utils.TrendStatus=RA), 趋势=%!s(MISSING)
[2025-09-03 11:40:21] ETHUSDT 3d: 当前价格=3769.01, EMA25=3297.92, EMA50=%!f(utils.TrendStatus=RA), 趋势=%!s(MISSING)
==============================

===== 趋势分析结果 (2025-09-03 11:45:21) =====
[2025-09-03 11:45:17] BTCUSDT 5m: 当前价格=111092.44, EMA25=111117.91, EMA50=%!f(utils.TrendStatus=RA), 趋势=%!s(MISSING)
[2025-09-03 11:45:17] BTCUSDT 15m: 当前价格=111087.03, EMA25=110939.32, EMA50=%!f(utils.TrendStatus=SE), 趋势=%!s(MISSING)
[2025-09-03 11:45:17] BTCUSDT 1h: 当前价格=110594.98, EMA25=110059.78, EMA50=%!f(utils.TrendStatus=BU), 趋势=%!s(MISSING)
[2025-09-03 11:45:17] BTCUSDT 4h: 当前价格=109854.04, EMA25=110437.57, EMA50=%!f(utils.TrendStatus=BU), 趋势=%!s(MISSING)
[2025-09-03 11:45:18] BTCUSDT 1d: 当前价格=112773.11, EMA25=113303.74, EMA50=%!f(utils.TrendStatus=SE), 趋势=%!s(MISSING)
[2025-09-03 11:45:18] BTCUSDT 3d: 当前价格=112409.62, EMA25=107553.11, EMA50=%!f(utils.TrendStatus=SE), 趋势=%!s(MISSING)
[2025-09-03 11:45:20] ETHUSDT 5m: 当前价格=4326.25, EMA25=4321.79, EMA50=%!f(utils.TrendStatus=RA), 趋势=%!s(MISSING)
[2025-09-03 11:45:20] ETHUSDT 15m: 当前价格=4319.93, EMA25=4320.27, EMA50=%!f(utils.TrendStatus=BU), 趋势=%!s(MISSING)
[2025-09-03 11:45:20] ETHUSDT 1h: 当前价格=4331.95, EMA25=4351.42, EMA50=%!f(utils.TrendStatus=SE), 趋势=%!s(MISSING)
[2025-09-03 11:45:21] ETHUSDT 4h: 当前价格=4378.57, EMA25=4417.43, EMA50=%!f(utils.TrendStatus=RA), 趋势=%!s(MISSING)
[2025-09-03 11:45:21] ETHUSDT 1d: 当前价格=4319.59, EMA25=4022.51, EMA50=%!f(utils.TrendStatus=RA), 趋势=%!s(MISSING)
[2025-09-03 11:45:21] ETHUSDT 3d: 当前价格=3769.28, EMA25=3298.06, EMA50=%!f(utils.TrendStatus=RA), 趋势=%!s(MISSING)
==============================

===== 趋势分析结果 (2025-09-03 11:50:19) =====
[2025-09-03 11:50:17] BTCUSDT 5m: 当前价格=111084.91, EMA25=111113.12, EMA50=%!f(utils.TrendStatus=RA), 趋势=%!s(MISSING)
[2025-09-03 11:50:17] BTCUSDT 15m: 当前价格=111090.31, EMA25=110940.99, EMA50=%!f(utils.TrendStatus=RA), 趋势=%!s(MISSING)
[2025-09-03 11:50:17] BTCUSDT 1h: 当前价格=110598.41, EMA25=110061.54, EMA50=%!f(utils.TrendStatus=BU), 趋势=%!s(MISSING)
[2025-09-03 11:50:17] BTCUSDT 4h: 当前价格=109857.32, EMA25=110439.24, EMA50=%!f(utils.TrendStatus=BU), 趋势=%!s(MISSING)
[2025-09-03 11:50:18] BTCUSDT 1d: 当前价格=112776.39, EMA25=113305.42, EMA50=%!f(utils.TrendStatus=SE), 趋势=%!s(MISSING)
[2025-09-03 11:50:18] BTCUSDT 3d: 当前价格=112412.91, EMA25=107554.79, EMA50=%!f(utils.TrendStatus=SE), 趋势=%!s(MISSING)
[2025-09-03 11:50:18] ETHUSDT 5m: 当前价格=4326.75, EMA25=4322.22, EMA50=%!f(utils.TrendStatus=BU), 趋势=%!s(MISSING)
[2025-09-03 11:50:18] ETHUSDT 15m: 当前价格=4320.30, EMA25=4320.46, EMA50=%!f(utils.TrendStatus=BU), 趋势=%!s(MISSING)
[2025-09-03 11:50:18] ETHUSDT 1h: 当前价格=4332.35, EMA25=4351.62, EMA50=%!f(utils.TrendStatus=SE), 趋势=%!s(MISSING)
[2025-09-03 11:50:19] ETHUSDT 4h: 当前价格=4378.96, EMA25=4417.63, EMA50=%!f(utils.TrendStatus=RA), 趋势=%!s(MISSING)
[2025-09-03 11:50:19] ETHUSDT 1d: 当前价格=4319.98, EMA25=4022.71, EMA50=%!f(utils.TrendStatus=RA), 趋势=%!s(MISSING)
[2025-09-03 11:50:19] ETHUSDT 3d: 当前价格=3769.67, EMA25=3298.25, EMA50=%!f(utils.TrendStatus=RA), 趋势=%!s(MISSING)
==============================

===== 趋势分析结果 (2025-09-03 11:55:19) =====
[2025-09-03 11:55:17] BTCUSDT 5m: 当前价格=111086.71, EMA25=111113.06, EMA50=%!f(utils.TrendStatus=RA), 趋势=%!s(MISSING)
[2025-09-03 11:55:17] BTCUSDT 15m: 当前价格=111095.09, EMA25=110943.43, EMA50=%!f(utils.TrendStatus=RA), 趋势=%!s(MISSING)
[2025-09-03 11:55:17] BTCUSDT 1h: 当前价格=110603.03, EMA25=110063.89, EMA50=%!f(utils.TrendStatus=BU), 趋势=%!s(MISSING)
[2025-09-03 11:55:17] BTCUSDT 4h: 当前价格=109862.10, EMA25=110441.68, EMA50=%!f(utils.TrendStatus=BU), 趋势=%!s(MISSING)
[2025-09-03 11:55:18] BTCUSDT 1d: 当前价格=112781.17, EMA25=113307.85, EMA50=%!f(utils.TrendStatus=SE), 趋势=%!s(MISSING)
[2025-09-03 11:55:18] BTCUSDT 3d: 当前价格=112416.91, EMA25=107556.82, EMA50=%!f(utils.TrendStatus=SE), 趋势=%!s(MISSING)
[2025-09-03 11:55:18] ETHUSDT 5m: 当前价格=4327.66, EMA25=4322.87, EMA50=%!f(utils.TrendStatus=BU), 趋势=%!s(MISSING)
[2025-09-03 11:55:18] ETHUSDT 15m: 当前价格=4320.62, EMA25=4320.63, EMA50=%!f(utils.TrendStatus=BU), 趋势=%!s(MISSING)
[2025-09-03 11:55:18] ETHUSDT 1h: 当前价格=4332.65, EMA25=4351.78, EMA50=%!f(utils.TrendStatus=BU), 趋势=%!s(MISSING)
[2025-09-03 11:55:19] ETHUSDT 4h: 当前价格=4379.27, EMA25=4417.79, EMA50=%!f(utils.TrendStatus=RA), 趋势=%!s(MISSING)
[2025-09-03 11:55:19] ETHUSDT 1d: 当前价格=4320.32, EMA25=4022.89, EMA50=%!f(utils.TrendStatus=RA), 趋势=%!s(MISSING)
[2025-09-03 11:55:19] ETHUSDT 3d: 当前价格=3769.94, EMA25=3298.39, EMA50=%!f(utils.TrendStatus=RA), 趋势=%!s(MISSING)
==============================

