===== 趋势分析结果 (2025-06-10 12:32:33) =====
[2025-06-10 12:32:29] BTCUSDT 1h: 当前价格=109377.60, EMA25=108312.87, EMA144=105962.70, EMA169=105874.00, 趋势=上涨趋势
[2025-06-10 12:32:30] BTCUSDT 4h: 当前价格=109377.50, EMA25=106594.30, EMA144=105022.48, EMA169=104505.08, 趋势=上涨趋势
[2025-06-10 12:32:31] BTCUSDT 1d: 当前价格=109377.50, EMA25=105298.80, EMA144=95080.47, EMA169=93780.41, 趋势=上涨趋势
[2025-06-10 12:32:33] ETHUSDT 1h: 当前价格=2686.11, EMA25=2605.74, EMA144=2545.91, EMA169=2546.62, 趋势=上涨趋势
[2025-06-10 12:32:33] ETHUSDT 4h: 当前价格=2686.11, EMA25=2559.27, EMA144=2505.20, EMA169=2479.61, 趋势=上涨趋势
[2025-06-10 12:32:33] ETHUSDT 1d: 当前价格=2686.11, EMA25=2513.72, EMA144=2386.44, EMA169=2425.15, 趋势=上涨趋势
==============================

===== 趋势分析结果 (2025-06-10 13:32:46) =====
[2025-06-10 13:32:33] BTCUSDT 1h: 当前价格=109240.80, EMA25=108392.01, EMA144=106009.53, EMA169=105915.22, 趋势=上涨趋势
[2025-06-10 13:32:33] BTCUSDT 4h: 当前价格=109240.80, EMA25=106583.79, EMA144=105020.59, EMA169=104503.47, 趋势=上涨趋势
[2025-06-10 13:32:46] BTCUSDT 1d: 当前价格=109217.50, EMA25=105286.49, EMA144=95078.26, EMA169=93778.53, 趋势=上涨趋势
[2025-06-10 13:32:46] ETHUSDT 1h: 当前价格=2671.44, EMA25=2610.97, EMA144=2547.68, EMA169=2548.11, 趋势=上涨趋势
[2025-06-10 13:32:46] ETHUSDT 4h: 当前价格=2671.54, EMA25=2558.15, EMA144=2505.00, EMA169=2479.44, 趋势=上涨趋势
[2025-06-10 13:32:46] ETHUSDT 1d: 当前价格=2671.54, EMA25=2512.60, EMA144=2386.24, EMA169=2424.97, 趋势=上涨趋势
==============================

===== 趋势分析结果 (2025-06-10 14:07:52) =====
[2025-06-10 14:07:47] BTCUSDT 1h: 当前价格=109116.00, EMA25=108449.89, EMA60=107146.80, EMA120=106215.11, 趋势=上涨趋势
[2025-06-10 14:07:48] BTCUSDT 4h: 当前价格=109114.10, EMA25=106574.04, EMA60=105905.91, EMA120=105420.61, 趋势=上涨趋势
[2025-06-10 14:07:48] BTCUSDT 1d: 当前价格=109107.40, EMA25=105278.02, EMA60=100776.59, EMA120=96393.74, 趋势=上涨趋势
[2025-06-10 14:07:51] ETHUSDT 1h: 当前价格=2657.29, EMA25=2614.42, EMA60=2566.97, EMA120=2550.00, 趋势=上涨趋势
[2025-06-10 14:07:52] ETHUSDT 4h: 当前价格=2657.29, EMA25=2557.05, EMA60=2552.77, EMA120=2526.53, 趋势=上涨趋势
[2025-06-10 14:07:52] ETHUSDT 1d: 当前价格=2657.29, EMA25=2511.50, EMA60=2344.58, EMA120=2351.32, 趋势=震荡行情
==============================

===== 趋势分析结果 (2025-06-10 14:12:30) =====
[2025-06-10 14:12:24] BTCUSDT 1h: 当前价格=109289.70, EMA25=108463.25, EMA60=107152.50, EMA120=106217.98, 趋势=上涨趋势
[2025-06-10 14:12:24] BTCUSDT 4h: 当前价格=109289.80, EMA25=106587.56, EMA60=105911.68, EMA120=105423.52, 趋势=上涨趋势
[2025-06-10 14:12:24] BTCUSDT 1d: 当前价格=109284.00, EMA25=105291.61, EMA60=100782.38, EMA120=96396.66, 趋势=上涨趋势
[2025-06-10 14:12:24] ETHUSDT 1h: 当前价格=2662.20, EMA25=2614.79, EMA60=2567.13, EMA120=2550.08, 趋势=上涨趋势
[2025-06-10 14:12:27] ETHUSDT 4h: 当前价格=2662.32, EMA25=2557.44, EMA60=2552.93, EMA120=2526.61, 趋势=上涨趋势
[2025-06-10 14:12:30] ETHUSDT 1d: 当前价格=2662.59, EMA25=2511.91, EMA60=2344.75, EMA120=2351.41, 趋势=上涨趋势
==============================

===== 趋势分析结果 (2025-06-10 14:16:36) =====
[2025-06-10 14:16:23] BTCUSDT 15m: 当前价格=109184.90, EMA25=109427.40, EMA60=109017.55, EMA120=108164.63, 趋势=震荡行情
[2025-06-10 14:16:23] BTCUSDT 1h: 当前价格=109185.30, EMA25=108455.22, EMA60=107149.08, EMA120=106216.26, 趋势=上涨趋势
[2025-06-10 14:16:24] BTCUSDT 4h: 当前价格=109185.30, EMA25=106579.52, EMA60=105908.25, EMA120=105421.79, 趋势=上涨趋势
[2025-06-10 14:16:28] BTCUSDT 1d: 当前价格=109185.30, EMA25=105284.02, EMA60=100779.14, EMA120=96395.03, 趋势=上涨趋势
[2025-06-10 14:16:28] ETHUSDT 15m: 当前价格=2658.00, EMA25=2674.67, EMA60=2642.38, EMA120=2600.65, 趋势=震荡行情
[2025-06-10 14:16:29] ETHUSDT 1h: 当前价格=2657.79, EMA25=2614.45, EMA60=2566.99, EMA120=2550.01, 趋势=上涨趋势
[2025-06-10 14:16:29] ETHUSDT 4h: 当前价格=2658.45, EMA25=2557.14, EMA60=2552.80, EMA120=2526.55, 趋势=上涨趋势
[2025-06-10 14:16:36] ETHUSDT 1d: 当前价格=2658.58, EMA25=2511.60, EMA60=2344.62, EMA120=2351.34, 趋势=上涨趋势
==============================

===== 趋势分析结果 (2025-06-10 14:31:57) =====
[2025-06-10 14:31:38] BTCUSDT 15m: 当前价格=109375.00, EMA25=109435.94, EMA60=109034.88, EMA120=108187.50, 趋势=震荡行情
[2025-06-10 14:31:38] BTCUSDT 1h: 当前价格=109380.00, EMA25=108470.20, EMA60=107155.46, EMA120=106219.47, 趋势=上涨趋势
[2025-06-10 14:31:38] BTCUSDT 4h: 当前价格=109380.00, EMA25=106594.50, EMA60=105914.63, EMA120=105425.01, 趋势=上涨趋势
[2025-06-10 14:31:38] BTCUSDT 1d: 当前价格=109378.20, EMA25=105298.85, EMA60=100785.46, EMA120=96398.21, 趋势=上涨趋势
[2025-06-10 14:31:39] ETHUSDT 15m: 当前价格=2669.33, EMA25=2674.96, EMA60=2643.58, EMA120=2601.94, 趋势=震荡行情
[2025-06-10 14:31:56] ETHUSDT 1h: 当前价格=2669.27, EMA25=2615.34, EMA60=2567.37, EMA120=2550.20, 趋势=上涨趋势
[2025-06-10 14:31:56] ETHUSDT 4h: 当前价格=2669.27, EMA25=2557.97, EMA60=2553.16, EMA120=2526.73, 趋势=上涨趋势
[2025-06-10 14:31:57] ETHUSDT 1d: 当前价格=2669.02, EMA25=2512.41, EMA60=2344.96, EMA120=2351.52, 趋势=上涨趋势
==============================

===== 趋势分析结果 (2025-06-10 14:47:13) =====
[2025-06-10 14:47:00] BTCUSDT 15m: 当前价格=109532.00, EMA25=109454.33, EMA60=109056.10, EMA120=108212.22, 趋势=上涨趋势
[2025-06-10 14:47:07] BTCUSDT 1h: 当前价格=109516.30, EMA25=108480.68, EMA60=107159.93, EMA120=106221.73, 趋势=上涨趋势
[2025-06-10 14:47:10] BTCUSDT 4h: 当前价格=109510.80, EMA25=106604.56, EMA60=105918.92, EMA120=105427.17, 趋势=上涨趋势
[2025-06-10 14:47:10] BTCUSDT 1d: 当前价格=109510.80, EMA25=105309.05, EMA60=100789.81, EMA120=96400.41, 趋势=上涨趋势
[2025-06-10 14:47:12] ETHUSDT 15m: 当前价格=2676.38, EMA25=2675.55, EMA60=2644.87, EMA120=2603.29, 趋势=上涨趋势
[2025-06-10 14:47:13] ETHUSDT 1h: 当前价格=2676.39, EMA25=2615.89, EMA60=2567.60, EMA120=2550.32, 趋势=上涨趋势
[2025-06-10 14:47:13] ETHUSDT 4h: 当前价格=2676.38, EMA25=2558.52, EMA60=2553.39, EMA120=2526.84, 趋势=上涨趋势
[2025-06-10 14:47:13] ETHUSDT 1d: 当前价格=2676.38, EMA25=2512.97, EMA60=2345.20, EMA120=2351.64, 趋势=上涨趋势
==============================

===== 趋势分析结果 (2025-06-10 15:02:02) =====
[2025-06-10 15:01:57] BTCUSDT 15m: 当前价格=109401.30, EMA25=109445.14, EMA60=109065.13, EMA120=108230.68, 趋势=震荡行情
[2025-06-10 15:01:58] BTCUSDT 1h: 当前价格=109401.30, EMA25=108547.51, EMA60=107231.63, EMA120=106273.44, 趋势=上涨趋势
[2025-06-10 15:01:58] BTCUSDT 4h: 当前价格=109401.40, EMA25=106596.14, EMA60=105915.33, EMA120=105425.36, 趋势=上涨趋势
[2025-06-10 15:01:58] BTCUSDT 1d: 当前价格=109401.30, EMA25=105300.63, EMA60=100786.22, EMA120=96398.60, 趋势=上涨趋势
[2025-06-10 15:01:58] ETHUSDT 15m: 当前价格=2674.00, EMA25=2675.34, EMA60=2645.78, EMA120=2604.43, 趋势=震荡行情
[2025-06-10 15:01:59] ETHUSDT 1h: 当前价格=2673.38, EMA25=2620.21, EMA60=2571.02, EMA120=2552.33, 趋势=上涨趋势
[2025-06-10 15:01:59] ETHUSDT 4h: 当前价格=2674.00, EMA25=2558.34, EMA60=2553.31, EMA120=2526.80, 趋势=上涨趋势
[2025-06-10 15:02:02] ETHUSDT 1d: 当前价格=2674.00, EMA25=2512.79, EMA60=2345.12, EMA120=2351.60, 趋势=上涨趋势
==============================

===== 趋势分析结果 (2025-06-10 15:17:00) =====
[2025-06-10 15:16:58] BTCUSDT 15m: 当前价格=109278.40, EMA25=109428.78, EMA60=109070.55, EMA120=108247.17, 趋势=震荡行情
[2025-06-10 15:16:58] BTCUSDT 1h: 当前价格=109278.40, EMA25=108538.06, EMA60=107227.60, EMA120=106271.41, 趋势=上涨趋势
[2025-06-10 15:16:59] BTCUSDT 4h: 当前价格=109278.30, EMA25=106586.67, EMA60=105911.30, EMA120=105423.33, 趋势=上涨趋势
[2025-06-10 15:16:59] BTCUSDT 1d: 当前价格=109278.40, EMA25=105291.18, EMA60=100782.19, EMA120=96396.57, 趋势=上涨趋势
[2025-06-10 15:17:00] ETHUSDT 15m: 当前价格=2668.76, EMA25=2674.56, EMA60=2646.41, EMA120=2605.43, 趋势=震荡行情
[2025-06-10 15:17:00] ETHUSDT 1h: 当前价格=2668.76, EMA25=2619.85, EMA60=2570.87, EMA120=2552.25, 趋势=上涨趋势
[2025-06-10 15:17:00] ETHUSDT 4h: 当前价格=2668.76, EMA25=2557.93, EMA60=2553.14, EMA120=2526.72, 趋势=上涨趋势
[2025-06-10 15:17:00] ETHUSDT 1d: 当前价格=2668.76, EMA25=2512.39, EMA60=2344.95, EMA120=2351.51, 趋势=上涨趋势
==============================

===== 趋势分析结果 (2025-06-10 15:31:59) =====
[2025-06-10 15:31:57] BTCUSDT 15m: 当前价格=109476.50, EMA25=109442.69, EMA60=109088.43, EMA120=108269.81, 趋势=上涨趋势
[2025-06-10 15:31:57] BTCUSDT 1h: 当前价格=109476.50, EMA25=108553.30, EMA60=107234.10, EMA120=106274.69, 趋势=上涨趋势
[2025-06-10 15:31:58] BTCUSDT 4h: 当前价格=109476.50, EMA25=106601.92, EMA60=105917.80, EMA120=105426.60, 趋势=上涨趋势
[2025-06-10 15:31:58] BTCUSDT 1d: 当前价格=109476.50, EMA25=105306.42, EMA60=100788.69, EMA120=96399.84, 趋势=上涨趋势
[2025-06-10 15:31:58] ETHUSDT 15m: 当前价格=2684.22, EMA25=2676.25, EMA60=2648.08, EMA120=2606.95, 趋势=上涨趋势
[2025-06-10 15:31:58] ETHUSDT 1h: 当前价格=2684.22, EMA25=2621.04, EMA60=2571.38, EMA120=2552.51, 趋势=上涨趋势
[2025-06-10 15:31:59] ETHUSDT 4h: 当前价格=2684.23, EMA25=2559.12, EMA60=2553.65, EMA120=2526.97, 趋势=上涨趋势
[2025-06-10 15:31:59] ETHUSDT 1d: 当前价格=2684.22, EMA25=2513.57, EMA60=2345.46, EMA120=2351.77, 趋势=上涨趋势
==============================

===== 趋势分析结果 (2025-06-10 15:47:00) =====
[2025-06-10 15:46:57] BTCUSDT 15m: 当前价格=109086.20, EMA25=109390.20, EMA60=109077.16, EMA120=108277.54, 趋势=震荡行情
[2025-06-10 15:46:57] BTCUSDT 1h: 当前价格=109086.20, EMA25=108523.27, EMA60=107221.30, EMA120=106268.24, 趋势=上涨趋势
[2025-06-10 15:46:59] BTCUSDT 4h: 当前价格=109086.20, EMA25=106571.90, EMA60=105905.00, EMA120=105420.15, 趋势=上涨趋势
[2025-06-10 15:46:59] BTCUSDT 1d: 当前价格=109085.20, EMA25=105276.32, EMA60=100775.86, EMA120=96393.37, 趋势=上涨趋势
[2025-06-10 15:46:59] ETHUSDT 15m: 当前价格=2671.99, EMA25=2675.11, EMA60=2648.50, EMA120=2607.84, 趋势=震荡行情
[2025-06-10 15:46:59] ETHUSDT 1h: 当前价格=2671.99, EMA25=2620.10, EMA60=2570.98, EMA120=2552.31, 趋势=上涨趋势
[2025-06-10 15:47:00] ETHUSDT 4h: 当前价格=2671.98, EMA25=2558.18, EMA60=2553.25, EMA120=2526.77, 趋势=上涨趋势
[2025-06-10 15:47:00] ETHUSDT 1d: 当前价格=2671.99, EMA25=2512.63, EMA60=2345.06, EMA120=2351.57, 趋势=上涨趋势
==============================

===== 趋势分析结果 (2025-06-10 16:01:59) =====
[2025-06-10 16:01:57] BTCUSDT 15m: 当前价格=109187.90, EMA25=109381.15, EMA60=109083.70, EMA120=108294.05, 趋势=震荡行情
[2025-06-10 16:01:57] BTCUSDT 1h: 当前价格=109187.90, EMA25=108580.92, EMA60=107288.69, EMA120=106318.07, 趋势=上涨趋势
[2025-06-10 16:01:57] BTCUSDT 4h: 当前价格=109187.90, EMA25=106779.64, EMA60=106015.55, EMA120=105484.00, 趋势=上涨趋势
[2025-06-10 16:01:58] BTCUSDT 1d: 当前价格=109187.90, EMA25=105284.22, EMA60=100779.23, EMA120=96395.07, 趋势=上涨趋势
[2025-06-10 16:01:58] ETHUSDT 15m: 当前价格=2678.37, EMA25=2675.69, EMA60=2649.63, EMA120=2609.08, 趋势=上涨趋势
[2025-06-10 16:01:58] ETHUSDT 1h: 当前价格=2678.36, EMA25=2624.92, EMA60=2574.65, EMA120=2554.47, 趋势=上涨趋势
[2025-06-10 16:01:59] ETHUSDT 4h: 当前价格=2678.36, EMA25=2567.76, EMA60=2557.50, EMA120=2529.36, 趋势=上涨趋势
[2025-06-10 16:01:59] ETHUSDT 1d: 当前价格=2678.36, EMA25=2513.12, EMA60=2345.27, EMA120=2351.67, 趋势=上涨趋势
==============================

===== 趋势分析结果 (2025-06-10 16:16:59) =====
[2025-06-10 16:16:57] BTCUSDT 15m: 当前价格=109256.20, EMA25=109372.83, EMA60=109089.93, EMA120=108310.22, 趋势=震荡行情
[2025-06-10 16:16:57] BTCUSDT 1h: 当前价格=109256.20, EMA25=108586.17, EMA60=107290.93, EMA120=106319.20, 趋势=上涨趋势
[2025-06-10 16:16:58] BTCUSDT 4h: 当前价格=109256.20, EMA25=106784.90, EMA60=106017.79, EMA120=105485.13, 趋势=上涨趋势
[2025-06-10 16:16:58] BTCUSDT 1d: 当前价格=109256.20, EMA25=105289.47, EMA60=100781.46, EMA120=96396.20, 趋势=上涨趋势
[2025-06-10 16:16:58] ETHUSDT 15m: 当前价格=2673.23, EMA25=2675.05, EMA60=2650.20, EMA120=2610.04, 趋势=震荡行情
[2025-06-10 16:16:58] ETHUSDT 1h: 当前价格=2673.23, EMA25=2624.52, EMA60=2574.48, EMA120=2554.38, 趋势=上涨趋势
[2025-06-10 16:16:59] ETHUSDT 4h: 当前价格=2673.23, EMA25=2567.37, EMA60=2557.33, EMA120=2529.27, 趋势=上涨趋势
[2025-06-10 16:16:59] ETHUSDT 1d: 当前价格=2673.23, EMA25=2512.73, EMA60=2345.10, EMA120=2351.59, 趋势=上涨趋势
==============================

===== 趋势分析结果 (2025-06-10 16:31:59) =====
[2025-06-10 16:31:57] BTCUSDT 15m: 当前价格=109201.00, EMA25=109353.06, EMA60=109090.65, EMA120=108323.42, 趋势=震荡行情
[2025-06-10 16:31:57] BTCUSDT 1h: 当前价格=109201.00, EMA25=108581.92, EMA60=107289.12, EMA120=106318.29, 趋势=上涨趋势
[2025-06-10 16:31:57] BTCUSDT 4h: 当前价格=109200.90, EMA25=106780.64, EMA60=106015.97, EMA120=105484.22, 趋势=上涨趋势
[2025-06-10 16:31:58] BTCUSDT 1d: 当前价格=109201.00, EMA25=105285.22, EMA60=100779.65, EMA120=96395.29, 趋势=上涨趋势
[2025-06-10 16:31:58] ETHUSDT 15m: 当前价格=2677.58, EMA25=2675.27, EMA60=2651.11, EMA120=2611.16, 趋势=上涨趋势
[2025-06-10 16:31:58] ETHUSDT 1h: 当前价格=2677.38, EMA25=2624.84, EMA60=2574.62, EMA120=2554.45, 趋势=上涨趋势
[2025-06-10 16:31:59] ETHUSDT 4h: 当前价格=2677.38, EMA25=2567.68, EMA60=2557.47, EMA120=2529.34, 趋势=上涨趋势
[2025-06-10 16:31:59] ETHUSDT 1d: 当前价格=2677.13, EMA25=2513.03, EMA60=2345.23, EMA120=2351.65, 趋势=上涨趋势
==============================

===== 趋势分析结果 (2025-06-10 16:46:59) =====
[2025-06-10 16:46:57] BTCUSDT 15m: 当前价格=109165.20, EMA25=109339.81, EMA60=109093.63, EMA120=108337.57, 趋势=震荡行情
[2025-06-10 16:46:57] BTCUSDT 1h: 当前价格=109165.10, EMA25=108579.16, EMA60=107287.94, EMA120=106317.69, 趋势=上涨趋势
[2025-06-10 16:46:57] BTCUSDT 4h: 当前价格=109165.20, EMA25=106777.90, EMA60=106014.80, EMA120=105483.63, 趋势=上涨趋势
[2025-06-10 16:46:58] BTCUSDT 1d: 当前价格=109165.20, EMA25=105282.47, EMA60=100778.48, EMA120=96394.69, 趋势=上涨趋势
[2025-06-10 16:46:58] ETHUSDT 15m: 当前价格=2676.12, EMA25=2675.46, EMA60=2651.98, EMA120=2612.26, 趋势=上涨趋势
[2025-06-10 16:46:58] ETHUSDT 1h: 当前价格=2676.12, EMA25=2624.74, EMA60=2574.57, EMA120=2554.43, 趋势=上涨趋势
[2025-06-10 16:46:59] ETHUSDT 4h: 当前价格=2676.12, EMA25=2567.59, EMA60=2557.43, EMA120=2529.32, 趋势=上涨趋势
[2025-06-10 16:46:59] ETHUSDT 1d: 当前价格=2676.12, EMA25=2512.95, EMA60=2345.19, EMA120=2351.63, 趋势=上涨趋势
==============================

===== 趋势分析结果 (2025-06-10 17:01:59) =====
[2025-06-10 17:01:57] BTCUSDT 15m: 当前价格=109057.40, EMA25=109310.01, EMA60=109088.84, EMA120=108347.59, 趋势=震荡行情
[2025-06-10 17:01:57] BTCUSDT 1h: 当前价格=109060.00, EMA25=108608.08, EMA60=107342.44, EMA120=106361.26, 趋势=上涨趋势
[2025-06-10 17:01:57] BTCUSDT 4h: 当前价格=109060.00, EMA25=106769.81, EMA60=106011.35, EMA120=105481.89, 趋势=上涨趋势
[2025-06-10 17:01:58] BTCUSDT 1d: 当前价格=109060.00, EMA25=105274.38, EMA60=100775.03, EMA120=96392.96, 趋势=上涨趋势
[2025-06-10 17:01:58] ETHUSDT 15m: 当前价格=2673.95, EMA25=2675.12, EMA60=2652.60, EMA120=2613.23, 趋势=震荡行情
[2025-06-10 17:01:58] ETHUSDT 1h: 当前价格=2674.08, EMA25=2628.32, EMA60=2577.74, EMA120=2556.36, 趋势=上涨趋势
[2025-06-10 17:01:59] ETHUSDT 4h: 当前价格=2673.95, EMA25=2567.42, EMA60=2557.35, EMA120=2529.28, 趋势=上涨趋势
[2025-06-10 17:01:59] ETHUSDT 1d: 当前价格=2674.09, EMA25=2512.80, EMA60=2345.13, EMA120=2351.60, 趋势=上涨趋势
==============================

===== 趋势分析结果 (2025-06-10 17:16:59) =====
[2025-06-10 17:16:57] BTCUSDT 15m: 当前价格=109161.80, EMA25=109303.63, EMA60=109093.47, EMA120=108362.17, 趋势=震荡行情
[2025-06-10 17:16:57] BTCUSDT 1h: 当前价格=109156.80, EMA25=108615.53, EMA60=107345.62, EMA120=106362.86, 趋势=上涨趋势
[2025-06-10 17:16:57] BTCUSDT 4h: 当前价格=109156.80, EMA25=106777.25, EMA60=106014.53, EMA120=105483.49, 趋势=上涨趋势
[2025-06-10 17:16:58] BTCUSDT 1d: 当前价格=109156.80, EMA25=105281.82, EMA60=100778.21, EMA120=96394.56, 趋势=上涨趋势
[2025-06-10 17:16:58] ETHUSDT 15m: 当前价格=2677.52, EMA25=2675.56, EMA60=2653.54, EMA120=2614.35, 趋势=上涨趋势
[2025-06-10 17:16:58] ETHUSDT 1h: 当前价格=2677.52, EMA25=2628.58, EMA60=2577.85, EMA120=2556.42, 趋势=上涨趋势
[2025-06-10 17:16:59] ETHUSDT 4h: 当前价格=2677.52, EMA25=2567.70, EMA60=2557.47, EMA120=2529.34, 趋势=上涨趋势
[2025-06-10 17:16:59] ETHUSDT 1d: 当前价格=2677.63, EMA25=2513.07, EMA60=2345.24, EMA120=2351.66, 趋势=上涨趋势
==============================

===== 趋势分析结果 (2025-06-10 17:31:59) =====
[2025-06-10 17:31:57] BTCUSDT 15m: 当前价格=109352.70, EMA25=109313.66, EMA60=109104.76, EMA120=108379.94, 趋势=上涨趋势
[2025-06-10 17:31:57] BTCUSDT 1h: 当前价格=109342.10, EMA25=108629.78, EMA60=107351.69, EMA120=106365.92, 趋势=上涨趋势
[2025-06-10 17:31:57] BTCUSDT 4h: 当前价格=109352.60, EMA25=106792.31, EMA60=106020.95, EMA120=105486.73, 趋势=上涨趋势
[2025-06-10 17:31:58] BTCUSDT 1d: 当前价格=109335.50, EMA25=105295.57, EMA60=100784.06, EMA120=96397.51, 趋势=上涨趋势
[2025-06-10 17:31:58] ETHUSDT 15m: 当前价格=2685.82, EMA25=2676.66, EMA60=2654.73, EMA120=2615.60, 趋势=上涨趋势
[2025-06-10 17:31:58] ETHUSDT 1h: 当前价格=2686.30, EMA25=2629.26, EMA60=2578.14, EMA120=2556.56, 趋势=上涨趋势
[2025-06-10 17:31:59] ETHUSDT 4h: 当前价格=2686.30, EMA25=2568.37, EMA60=2557.76, EMA120=2529.49, 趋势=上涨趋势
[2025-06-10 17:31:59] ETHUSDT 1d: 当前价格=2685.69, EMA25=2513.69, EMA60=2345.51, EMA120=2351.79, 趋势=上涨趋势
==============================

===== 趋势分析结果 (2025-06-10 17:46:59) =====
[2025-06-10 17:46:57] BTCUSDT 15m: 当前价格=109342.50, EMA25=109313.74, EMA60=109111.60, EMA120=108395.33, 趋势=上涨趋势
[2025-06-10 17:46:57] BTCUSDT 1h: 当前价格=109342.60, EMA25=108629.82, EMA60=107351.71, EMA120=106365.93, 趋势=上涨趋势
[2025-06-10 17:46:57] BTCUSDT 4h: 当前价格=109342.60, EMA25=106791.54, EMA60=106020.62, EMA120=105486.56, 趋势=上涨趋势
[2025-06-10 17:46:58] BTCUSDT 1d: 当前价格=109342.60, EMA25=105296.12, EMA60=100784.30, EMA120=96397.63, 趋势=上涨趋势
[2025-06-10 17:46:58] ETHUSDT 15m: 当前价格=2686.95, EMA25=2677.47, EMA60=2655.80, EMA120=2616.78, 趋势=上涨趋势
[2025-06-10 17:46:58] ETHUSDT 1h: 当前价格=2686.95, EMA25=2629.31, EMA60=2578.16, EMA120=2556.57, 趋势=上涨趋势
[2025-06-10 17:46:59] ETHUSDT 4h: 当前价格=2686.94, EMA25=2568.42, EMA60=2557.78, EMA120=2529.50, 趋势=上涨趋势
[2025-06-10 17:46:59] ETHUSDT 1d: 当前价格=2686.95, EMA25=2513.78, EMA60=2345.55, EMA120=2351.81, 趋势=上涨趋势
==============================

===== 趋势分析结果 (2025-06-10 18:01:59) =====
[2025-06-10 18:01:57] BTCUSDT 15m: 当前价格=109389.30, EMA25=109328.99, EMA60=109124.92, EMA120=108413.89, 趋势=上涨趋势
[2025-06-10 18:01:57] BTCUSDT 1h: 当前价格=109380.00, EMA25=108696.96, EMA60=107422.42, EMA120=106417.99, 趋势=上涨趋势
[2025-06-10 18:01:57] BTCUSDT 4h: 当前价格=109389.30, EMA25=106795.14, EMA60=106022.15, EMA120=105487.33, 趋势=上涨趋势
[2025-06-10 18:01:58] BTCUSDT 1d: 当前价格=109389.30, EMA25=105299.71, EMA60=100785.83, EMA120=96398.40, 趋势=上涨趋势
[2025-06-10 18:01:58] ETHUSDT 15m: 当前价格=2689.33, EMA25=2678.72, EMA60=2657.05, EMA120=2618.06, 趋势=上涨趋势
[2025-06-10 18:01:58] ETHUSDT 1h: 当前价格=2689.33, EMA25=2634.26, EMA60=2581.96, EMA120=2558.85, 趋势=上涨趋势
[2025-06-10 18:01:59] ETHUSDT 4h: 当前价格=2689.55, EMA25=2568.62, EMA60=2557.87, EMA120=2529.54, 趋势=上涨趋势
[2025-06-10 18:01:59] ETHUSDT 1d: 当前价格=2689.33, EMA25=2513.97, EMA60=2345.63, EMA120=2351.85, 趋势=上涨趋势
==============================

===== 趋势分析结果 (2025-06-10 18:16:59) =====
[2025-06-10 18:16:57] BTCUSDT 15m: 当前价格=109513.70, EMA25=109349.00, EMA60=109140.26, EMA120=108433.37, 趋势=上涨趋势
[2025-06-10 18:16:57] BTCUSDT 1h: 当前价格=109513.70, EMA25=108707.25, EMA60=107426.81, EMA120=106420.20, 趋势=上涨趋势
[2025-06-10 18:16:58] BTCUSDT 4h: 当前价格=109512.10, EMA25=106804.58, EMA60=106026.18, EMA120=105489.36, 趋势=上涨趋势
[2025-06-10 18:16:58] BTCUSDT 1d: 当前价格=109512.10, EMA25=105309.15, EMA60=100789.85, EMA120=96400.43, 趋势=上涨趋势
[2025-06-10 18:16:58] ETHUSDT 15m: 当前价格=2695.39, EMA25=2680.28, EMA60=2658.43, EMA120=2619.40, 趋势=上涨趋势
[2025-06-10 18:16:58] ETHUSDT 1h: 当前价格=2695.39, EMA25=2634.73, EMA60=2582.15, EMA120=2558.95, 趋势=上涨趋势
[2025-06-10 18:16:59] ETHUSDT 4h: 当前价格=2695.76, EMA25=2569.10, EMA60=2558.07, EMA120=2529.64, 趋势=上涨趋势
[2025-06-10 18:16:59] ETHUSDT 1d: 当前价格=2695.46, EMA25=2514.44, EMA60=2345.83, EMA120=2351.95, 趋势=上涨趋势
==============================

===== 趋势分析结果 (2025-06-10 18:31:59) =====
[2025-06-10 18:31:57] BTCUSDT 15m: 当前价格=109329.60, EMA25=109336.92, EMA60=109141.74, EMA120=108445.73, 趋势=震荡行情
[2025-06-10 18:31:57] BTCUSDT 1h: 当前价格=109329.50, EMA25=108693.08, EMA60=107420.77, EMA120=106417.15, 趋势=上涨趋势
[2025-06-10 18:31:58] BTCUSDT 4h: 当前价格=109329.60, EMA25=106790.54, EMA60=106020.19, EMA120=105486.35, 趋势=上涨趋势
[2025-06-10 18:31:58] BTCUSDT 1d: 当前价格=109329.60, EMA25=105295.12, EMA60=100783.87, EMA120=96397.41, 趋势=上涨趋势
[2025-06-10 18:31:58] ETHUSDT 15m: 当前价格=2687.30, EMA25=2680.41, EMA60=2659.19, EMA120=2620.43, 趋势=上涨趋势
[2025-06-10 18:31:59] ETHUSDT 1h: 当前价格=2687.30, EMA25=2634.11, EMA60=2581.89, EMA120=2558.81, 趋势=上涨趋势
[2025-06-10 18:31:59] ETHUSDT 4h: 当前价格=2687.44, EMA25=2568.46, EMA60=2557.80, EMA120=2529.51, 趋势=上涨趋势
[2025-06-10 18:31:59] ETHUSDT 1d: 当前价格=2687.30, EMA25=2513.81, EMA60=2345.56, EMA120=2351.82, 趋势=上涨趋势
==============================

===== 趋势分析结果 (2025-06-10 18:46:59) =====
[2025-06-10 18:46:57] BTCUSDT 15m: 当前价格=109258.10, EMA25=109324.04, EMA60=109142.51, EMA120=108457.57, 趋势=震荡行情
[2025-06-10 18:46:57] BTCUSDT 1h: 当前价格=109258.00, EMA25=108687.58, EMA60=107418.42, EMA120=106415.97, 趋势=上涨趋势
[2025-06-10 18:46:57] BTCUSDT 4h: 当前价格=109258.10, EMA25=106785.04, EMA60=106017.85, EMA120=105485.17, 趋势=上涨趋势
[2025-06-10 18:46:58] BTCUSDT 1d: 当前价格=109258.00, EMA25=105289.61, EMA60=100781.52, EMA120=96396.23, 趋势=上涨趋势
[2025-06-10 18:46:58] ETHUSDT 15m: 当前价格=2684.52, EMA25=2680.44, EMA60=2659.89, EMA120=2621.42, 趋势=上涨趋势
[2025-06-10 18:46:58] ETHUSDT 1h: 当前价格=2684.51, EMA25=2633.89, EMA60=2581.80, EMA120=2558.77, 趋势=上涨趋势
[2025-06-10 18:46:59] ETHUSDT 4h: 当前价格=2684.52, EMA25=2568.23, EMA60=2557.70, EMA120=2529.46, 趋势=上涨趋势
[2025-06-10 18:46:59] ETHUSDT 1d: 当前价格=2684.63, EMA25=2513.61, EMA60=2345.47, EMA120=2351.77, 趋势=上涨趋势
==============================

===== 趋势分析结果 (2025-06-10 19:02:01) =====
[2025-06-10 19:01:57] BTCUSDT 15m: 当前价格=109246.10, EMA25=109318.33, EMA60=109146.03, EMA120=108470.64, 趋势=震荡行情
[2025-06-10 19:01:57] BTCUSDT 1h: 当前价格=109246.10, EMA25=108730.83, EMA60=107478.47, EMA120=106462.89, 趋势=上涨趋势
[2025-06-10 19:01:58] BTCUSDT 4h: 当前价格=109246.10, EMA25=106784.12, EMA60=106017.46, EMA120=105484.97, 趋势=上涨趋势
[2025-06-10 19:01:58] BTCUSDT 1d: 当前价格=109246.10, EMA25=105288.69, EMA60=100781.13, EMA120=96396.03, 趋势=上涨趋势
[2025-06-10 19:01:59] ETHUSDT 15m: 当前价格=2693.43, EMA25=2682.15, EMA60=2661.31, EMA120=2622.77, 趋势=上涨趋势
[2025-06-10 19:02:01] ETHUSDT 1h: 当前价格=2693.43, EMA25=2639.19, EMA60=2585.78, EMA120=2561.16, 趋势=上涨趋势
[2025-06-10 19:02:01] ETHUSDT 4h: 当前价格=2693.43, EMA25=2568.92, EMA60=2557.99, EMA120=2529.61, 趋势=上涨趋势
[2025-06-10 19:02:01] ETHUSDT 1d: 当前价格=2693.01, EMA25=2514.25, EMA60=2345.75, EMA120=2351.91, 趋势=上涨趋势
==============================

===== 趋势分析结果 (2025-06-10 19:16:59) =====
[2025-06-10 19:16:57] BTCUSDT 15m: 当前价格=109603.60, EMA25=109351.20, EMA60=109165.91, EMA120=108491.84, 趋势=上涨趋势
[2025-06-10 19:16:57] BTCUSDT 1h: 当前价格=109602.10, EMA25=108758.21, EMA60=107490.15, EMA120=106468.78, 趋势=上涨趋势
[2025-06-10 19:16:58] BTCUSDT 4h: 当前价格=109602.10, EMA25=106811.51, EMA60=106029.13, EMA120=105490.85, 趋势=上涨趋势
[2025-06-10 19:16:58] BTCUSDT 1d: 当前价格=109603.70, EMA25=105316.20, EMA60=100792.86, EMA120=96401.94, 趋势=上涨趋势
[2025-06-10 19:16:59] ETHUSDT 15m: 当前价格=2729.27, EMA25=2686.65, EMA60=2663.93, EMA120=2624.73, 趋势=上涨趋势
[2025-06-10 19:16:59] ETHUSDT 1h: 当前价格=2729.26, EMA25=2641.94, EMA60=2586.95, EMA120=2561.75, 趋势=上涨趋势
[2025-06-10 19:16:59] ETHUSDT 4h: 当前价格=2729.31, EMA25=2571.68, EMA60=2559.17, EMA120=2530.20, 趋势=上涨趋势
[2025-06-10 19:16:59] ETHUSDT 1d: 当前价格=2729.27, EMA25=2517.04, EMA60=2346.94, EMA120=2352.51, 趋势=上涨趋势
==============================

===== 趋势分析结果 (2025-06-10 19:32:00) =====
[2025-06-10 19:31:57] BTCUSDT 15m: 当前价格=109675.80, EMA25=109382.73, EMA60=109185.56, EMA120=108512.89, 趋势=上涨趋势
[2025-06-10 19:31:58] BTCUSDT 1h: 当前价格=109675.80, EMA25=108763.88, EMA60=107492.56, EMA120=106469.99, 趋势=上涨趋势
[2025-06-10 19:31:58] BTCUSDT 4h: 当前价格=109675.80, EMA25=106817.18, EMA60=106031.54, EMA120=105492.07, 趋势=上涨趋势
[2025-06-10 19:31:58] BTCUSDT 1d: 当前价格=109675.80, EMA25=105321.75, EMA60=100795.22, EMA120=96403.13, 趋势=上涨趋势
[2025-06-10 19:31:59] ETHUSDT 15m: 当前价格=2767.42, EMA25=2695.01, EMA60=2668.28, EMA120=2627.58, 趋势=上涨趋势
[2025-06-10 19:32:00] ETHUSDT 1h: 当前价格=2768.53, EMA25=2644.97, EMA60=2588.24, EMA120=2562.40, 趋势=上涨趋势
[2025-06-10 19:32:00] ETHUSDT 4h: 当前价格=2768.53, EMA25=2574.70, EMA60=2560.46, EMA120=2530.85, 趋势=上涨趋势
[2025-06-10 19:32:00] ETHUSDT 1d: 当前价格=2768.53, EMA25=2520.06, EMA60=2348.22, EMA120=2353.16, 趋势=上涨趋势
==============================

===== 趋势分析结果 (2025-06-10 19:46:59) =====
[2025-06-10 19:46:57] BTCUSDT 15m: 当前价格=109643.60, EMA25=109403.26, EMA60=109200.79, EMA120=108531.66, 趋势=上涨趋势
[2025-06-10 19:46:57] BTCUSDT 1h: 当前价格=109647.90, EMA25=108761.73, EMA60=107491.65, EMA120=106469.53, 趋势=上涨趋势
[2025-06-10 19:46:58] BTCUSDT 4h: 当前价格=109643.60, EMA25=106814.70, EMA60=106030.49, EMA120=105491.54, 趋势=上涨趋势
[2025-06-10 19:46:58] BTCUSDT 1d: 当前价格=109650.00, EMA25=105319.76, EMA60=100794.38, EMA120=96402.71, 趋势=上涨趋势
[2025-06-10 19:46:58] ETHUSDT 15m: 当前价格=2785.37, EMA25=2703.48, EMA60=2672.80, EMA120=2630.54, 趋势=上涨趋势
[2025-06-10 19:46:58] ETHUSDT 1h: 当前价格=2785.31, EMA25=2646.26, EMA60=2588.79, EMA120=2562.68, 趋势=上涨趋势
[2025-06-10 19:46:59] ETHUSDT 4h: 当前价格=2785.31, EMA25=2575.99, EMA60=2561.01, EMA120=2531.12, 趋势=上涨趋势
[2025-06-10 19:46:59] ETHUSDT 1d: 当前价格=2785.28, EMA25=2521.35, EMA60=2348.77, EMA120=2353.44, 趋势=上涨趋势
==============================

===== 趋势分析结果 (2025-06-10 20:02:00) =====
[2025-06-10 20:01:57] BTCUSDT 15m: 当前价格=109539.90, EMA25=109403.44, EMA60=109207.29, EMA120=108545.93, 趋势=上涨趋势
[2025-06-10 20:01:58] BTCUSDT 1h: 当前价格=109548.40, EMA25=108811.61, EMA60=107554.33, EMA120=106518.05, 趋势=上涨趋势
[2025-06-10 20:01:58] BTCUSDT 4h: 当前价格=109549.00, EMA25=107014.70, EMA60=106141.24, EMA120=105556.30, 趋势=上涨趋势
[2025-06-10 20:01:58] BTCUSDT 1d: 当前价格=109544.80, EMA25=105311.67, EMA60=100790.93, EMA120=96400.97, 趋势=上涨趋势
[2025-06-10 20:01:59] ETHUSDT 15m: 当前价格=2773.22, EMA25=2707.97, EMA60=2675.70, EMA120=2632.69, 趋势=上涨趋势
[2025-06-10 20:01:59] ETHUSDT 1h: 当前价格=2774.25, EMA25=2655.23, EMA60=2594.48, EMA120=2565.98, 趋势=上涨趋势
[2025-06-10 20:01:59] ETHUSDT 4h: 当前价格=2774.25, EMA25=2590.36, EMA60=2567.61, EMA120=2534.95, 趋势=上涨趋势
[2025-06-10 20:02:00] ETHUSDT 1d: 当前价格=2773.62, EMA25=2520.45, EMA60=2348.39, EMA120=2353.25, 趋势=上涨趋势
==============================

===== 趋势分析结果 (2025-06-10 20:16:59) =====
[2025-06-10 20:16:57] BTCUSDT 15m: 当前价格=109506.10, EMA25=109402.46, EMA60=109213.12, EMA120=108559.73, 趋势=上涨趋势
[2025-06-10 20:16:57] BTCUSDT 1h: 当前价格=109501.40, EMA25=108808.00, EMA60=107552.79, EMA120=106517.27, 趋势=上涨趋势
[2025-06-10 20:16:57] BTCUSDT 4h: 当前价格=109506.10, EMA25=107011.40, EMA60=106139.83, EMA120=105555.59, 趋势=上涨趋势
[2025-06-10 20:16:58] BTCUSDT 1d: 当前价格=109506.10, EMA25=105308.69, EMA60=100789.66, EMA120=96400.33, 趋势=上涨趋势
[2025-06-10 20:16:58] ETHUSDT 15m: 当前价格=2760.56, EMA25=2710.63, EMA60=2677.86, EMA120=2634.49, 趋势=上涨趋势
[2025-06-10 20:16:58] ETHUSDT 1h: 当前价格=2760.99, EMA25=2654.21, EMA60=2594.05, EMA120=2565.76, 趋势=上涨趋势
[2025-06-10 20:16:59] ETHUSDT 4h: 当前价格=2760.99, EMA25=2589.34, EMA60=2567.17, EMA120=2534.73, 趋势=上涨趋势
[2025-06-10 20:16:59] ETHUSDT 1d: 当前价格=2760.99, EMA25=2519.48, EMA60=2347.98, EMA120=2353.04, 趋势=上涨趋势
==============================

===== 趋势分析结果 (2025-06-10 20:32:01) =====
[2025-06-10 20:31:57] BTCUSDT 15m: 当前价格=109444.30, EMA25=109400.02, EMA60=109218.18, EMA120=108573.03, 趋势=上涨趋势
[2025-06-10 20:31:57] BTCUSDT 1h: 当前价格=109444.40, EMA25=108803.61, EMA60=107550.92, EMA120=106516.33, 趋势=上涨趋势
[2025-06-10 20:31:57] BTCUSDT 4h: 当前价格=109444.30, EMA25=107006.64, EMA60=106137.80, EMA120=105554.57, 趋势=上涨趋势
[2025-06-10 20:31:58] BTCUSDT 1d: 当前价格=109444.30, EMA25=105303.94, EMA60=100787.63, EMA120=96399.31, 趋势=上涨趋势
[2025-06-10 20:31:58] ETHUSDT 15m: 当前价格=2759.00, EMA25=2713.89, EMA60=2680.32, EMA120=2636.44, 趋势=上涨趋势
[2025-06-10 20:32:00] ETHUSDT 1h: 当前价格=2759.01, EMA25=2654.05, EMA60=2593.98, EMA120=2565.73, 趋势=上涨趋势
[2025-06-10 20:32:01] ETHUSDT 4h: 当前价格=2759.00, EMA25=2589.19, EMA60=2567.11, EMA120=2534.69, 趋势=上涨趋势
[2025-06-10 20:32:01] ETHUSDT 1d: 当前价格=2759.00, EMA25=2519.33, EMA60=2347.91, EMA120=2353.00, 趋势=上涨趋势
==============================

===== 趋势分析结果 (2025-06-10 20:47:22) =====
[2025-06-10 20:47:01] BTCUSDT 15m: 当前价格=109492.30, EMA25=109413.12, EMA60=109229.85, EMA120=108589.56, 趋势=上涨趋势
[2025-06-10 20:47:10] BTCUSDT 4h: 当前价格=109520.10, EMA25=107012.47, EMA60=106140.29, EMA120=105555.82, 趋势=上涨趋势
[2025-06-10 20:47:15] ETHUSDT 15m: 当前价格=2768.45, EMA25=2718.73, EMA60=2683.49, EMA120=2638.77, 趋势=上涨趋势
[2025-06-10 20:47:20] ETHUSDT 1h: 当前价格=2769.28, EMA25=2654.84, EMA60=2594.32, EMA120=2565.90, 趋势=上涨趋势
[2025-06-10 20:47:20] ETHUSDT 4h: 当前价格=2768.98, EMA25=2589.96, EMA60=2567.43, EMA120=2534.86, 趋势=上涨趋势
[2025-06-10 20:47:22] ETHUSDT 1d: 当前价格=2768.98, EMA25=2520.09, EMA60=2348.24, EMA120=2353.17, 趋势=上涨趋势
==============================

===== 趋势分析结果 (2025-06-10 21:02:17) =====
[2025-06-10 21:02:01] BTCUSDT 15m: 当前价格=109602.30, EMA25=109438.49, EMA60=109246.89, EMA120=108608.74, 趋势=上涨趋势
[2025-06-10 21:02:06] BTCUSDT 4h: 当前价格=109590.60, EMA25=107017.90, EMA60=106142.60, EMA120=105556.99, 趋势=上涨趋势
[2025-06-10 21:02:06] BTCUSDT 1d: 当前价格=109590.60, EMA25=105315.19, EMA60=100792.43, EMA120=96401.73, 趋势=上涨趋势
[2025-06-10 21:02:08] ETHUSDT 15m: 当前价格=2765.63, EMA25=2722.04, EMA60=2686.05, EMA120=2640.79, 趋势=上涨趋势
[2025-06-10 21:02:12] ETHUSDT 1h: 当前价格=2765.64, EMA25=2663.01, EMA60=2599.77, EMA120=2569.12, 趋势=上涨趋势
[2025-06-10 21:02:17] ETHUSDT 4h: 当前价格=2765.53, EMA25=2589.69, EMA60=2567.32, EMA120=2534.80, 趋势=上涨趋势
[2025-06-10 21:02:17] ETHUSDT 1d: 当前价格=2765.86, EMA25=2519.85, EMA60=2348.14, EMA120=2353.12, 趋势=上涨趋势
==============================

===== 趋势分析结果 (2025-06-10 21:17:13) =====
[2025-06-10 21:17:01] BTCUSDT 1h: 当前价格=109755.20, EMA25=108891.03, EMA60=107629.54, EMA120=106573.19, 趋势=上涨趋势
[2025-06-10 21:17:04] BTCUSDT 4h: 当前价格=109772.90, EMA25=107031.92, EMA60=106148.58, EMA120=105560.00, 趋势=上涨趋势
[2025-06-10 21:17:08] BTCUSDT 1d: 当前价格=109770.10, EMA25=105329.00, EMA60=100798.31, EMA120=96404.69, 趋势=上涨趋势
[2025-06-10 21:17:11] ETHUSDT 15m: 当前价格=2770.30, EMA25=2726.25, EMA60=2689.04, EMA120=2643.05, 趋势=上涨趋势
[2025-06-10 21:17:12] ETHUSDT 1h: 当前价格=2770.30, EMA25=2663.37, EMA60=2599.93, EMA120=2569.20, 趋势=上涨趋势
[2025-06-10 21:17:12] ETHUSDT 4h: 当前价格=2770.24, EMA25=2590.05, EMA60=2567.47, EMA120=2534.88, 趋势=上涨趋势
[2025-06-10 21:17:13] ETHUSDT 1d: 当前价格=2770.30, EMA25=2520.20, EMA60=2348.28, EMA120=2353.19, 趋势=上涨趋势
==============================

===== 趋势分析结果 (2025-06-10 21:31:59) =====
[2025-06-10 21:31:57] BTCUSDT 15m: 当前价格=109531.00, EMA25=109470.52, EMA60=109273.58, EMA120=108643.21, 趋势=上涨趋势
[2025-06-10 21:31:57] BTCUSDT 1h: 当前价格=109516.30, EMA25=108872.65, EMA60=107621.71, EMA120=106569.24, 趋势=上涨趋势
[2025-06-10 21:31:58] BTCUSDT 4h: 当前价格=109516.30, EMA25=107012.18, EMA60=106140.16, EMA120=105555.76, 趋势=上涨趋势
[2025-06-10 21:31:58] BTCUSDT 1d: 当前价格=109531.00, EMA25=105310.61, EMA60=100790.47, EMA120=96400.74, 趋势=上涨趋势
[2025-06-10 21:31:58] ETHUSDT 15m: 当前价格=2752.04, EMA25=2727.17, EMA60=2690.63, EMA120=2644.60, 趋势=上涨趋势
[2025-06-10 21:31:58] ETHUSDT 1h: 当前价格=2752.04, EMA25=2661.96, EMA60=2599.33, EMA120=2568.89, 趋势=上涨趋势
[2025-06-10 21:31:59] ETHUSDT 4h: 当前价格=2750.80, EMA25=2588.56, EMA60=2566.84, EMA120=2534.56, 趋势=上涨趋势
[2025-06-10 21:31:59] ETHUSDT 1d: 当前价格=2752.04, EMA25=2518.79, EMA60=2347.68, EMA120=2352.89, 趋势=上涨趋势
==============================

===== 趋势分析结果 (2025-06-10 21:46:59) =====
[2025-06-10 21:46:57] BTCUSDT 15m: 当前价格=108885.90, EMA25=109385.43, EMA60=109242.95, EMA120=108637.99, 趋势=震荡行情
[2025-06-10 21:46:57] BTCUSDT 1h: 当前价格=108881.10, EMA25=108823.79, EMA60=107600.88, EMA120=106558.74, 趋势=上涨趋势
[2025-06-10 21:46:57] BTCUSDT 4h: 当前价格=108885.90, EMA25=106963.69, EMA60=106119.49, EMA120=105545.34, 趋势=上涨趋势
[2025-06-10 21:46:58] BTCUSDT 1d: 当前价格=108885.90, EMA25=105260.98, EMA60=100769.32, EMA120=96390.08, 趋势=上涨趋势
[2025-06-10 21:46:58] ETHUSDT 15m: 当前价格=2724.15, EMA25=2724.66, EMA60=2690.71, EMA120=2645.39, 趋势=震荡行情
[2025-06-10 21:46:58] ETHUSDT 1h: 当前价格=2724.07, EMA25=2659.81, EMA60=2598.41, EMA120=2568.43, 趋势=上涨趋势
[2025-06-10 21:46:59] ETHUSDT 4h: 当前价格=2723.74, EMA25=2586.48, EMA60=2565.95, EMA120=2534.11, 趋势=上涨趋势
[2025-06-10 21:46:59] ETHUSDT 1d: 当前价格=2723.25, EMA25=2516.58, EMA60=2346.74, EMA120=2352.41, 趋势=上涨趋势
==============================

===== 趋势分析结果 (2025-06-10 22:01:59) =====
[2025-06-10 22:01:57] BTCUSDT 15m: 当前价格=109290.20, EMA25=109405.16, EMA60=109256.58, EMA120=108654.92, 趋势=震荡行情
[2025-06-10 22:01:57] BTCUSDT 1h: 当前价格=109290.20, EMA25=108887.06, EMA60=107668.50, EMA120=106610.21, 趋势=上涨趋势
[2025-06-10 22:01:57] BTCUSDT 4h: 当前价格=109290.20, EMA25=106994.79, EMA60=106132.75, EMA120=105552.02, 趋势=上涨趋势
[2025-06-10 22:01:58] BTCUSDT 1d: 当前价格=109290.20, EMA25=105292.08, EMA60=100782.58, EMA120=96396.76, 趋势=上涨趋势
[2025-06-10 22:01:58] ETHUSDT 15m: 当前价格=2742.72, EMA25=2727.36, EMA60=2693.00, EMA120=2647.30, 趋势=上涨趋势
[2025-06-10 22:01:58] ETHUSDT 1h: 当前价格=2742.68, EMA25=2667.50, EMA60=2603.73, EMA120=2571.61, 趋势=上涨趋势
[2025-06-10 22:01:59] ETHUSDT 4h: 当前价格=2741.98, EMA25=2587.88, EMA60=2566.55, EMA120=2534.41, 趋势=上涨趋势
[2025-06-10 22:01:59] ETHUSDT 1d: 当前价格=2742.72, EMA25=2518.07, EMA60=2347.38, EMA120=2352.73, 趋势=上涨趋势
==============================

===== 趋势分析结果 (2025-06-10 22:16:59) =====
[2025-06-10 22:16:57] BTCUSDT 15m: 当前价格=108954.30, EMA25=109352.86, EMA60=109238.80, EMA120=108655.79, 趋势=震荡行情
[2025-06-10 22:16:57] BTCUSDT 1h: 当前价格=108947.70, EMA25=108860.71, EMA60=107657.28, EMA120=106604.55, 趋势=上涨趋势
[2025-06-10 22:16:57] BTCUSDT 4h: 当前价格=108947.60, EMA25=106968.44, EMA60=106121.52, EMA120=105546.36, 趋势=上涨趋势
[2025-06-10 22:16:58] BTCUSDT 1d: 当前价格=108947.60, EMA25=105265.73, EMA60=100771.35, EMA120=96391.10, 趋势=上涨趋势
[2025-06-10 22:16:58] ETHUSDT 15m: 当前价格=2740.51, EMA25=2728.56, EMA60=2694.65, EMA120=2648.88, 趋势=上涨趋势
[2025-06-10 22:16:58] ETHUSDT 1h: 当前价格=2741.35, EMA25=2667.40, EMA60=2603.69, EMA120=2571.59, 趋势=上涨趋势
[2025-06-10 22:16:59] ETHUSDT 4h: 当前价格=2740.65, EMA25=2587.78, EMA60=2566.50, EMA120=2534.39, 趋势=上涨趋势
[2025-06-10 22:16:59] ETHUSDT 1d: 当前价格=2740.51, EMA25=2517.90, EMA60=2347.30, EMA120=2352.70, 趋势=上涨趋势
==============================

===== 趋势分析结果 (2025-06-10 22:31:59) =====
[2025-06-10 22:31:57] BTCUSDT 15m: 当前价格=108817.20, EMA25=109299.83, EMA60=109219.70, EMA120=108655.70, 趋势=震荡行情
[2025-06-10 22:31:57] BTCUSDT 1h: 当前价格=108811.30, EMA25=108850.22, EMA60=107652.80, EMA120=106602.29, 趋势=震荡行情
[2025-06-10 22:31:57] BTCUSDT 4h: 当前价格=108811.30, EMA25=106957.95, EMA60=106117.05, EMA120=105544.11, 趋势=上涨趋势
[2025-06-10 22:31:58] BTCUSDT 1d: 当前价格=108811.30, EMA25=105255.25, EMA60=100766.88, EMA120=96388.84, 趋势=上涨趋势
[2025-06-10 22:31:58] ETHUSDT 15m: 当前价格=2738.63, EMA25=2729.37, EMA60=2696.10, EMA120=2650.37, 趋势=上涨趋势
[2025-06-10 22:31:58] ETHUSDT 1h: 当前价格=2739.22, EMA25=2667.24, EMA60=2603.62, EMA120=2571.56, 趋势=上涨趋势
[2025-06-10 22:31:59] ETHUSDT 4h: 当前价格=2739.22, EMA25=2587.67, EMA60=2566.46, EMA120=2534.37, 趋势=上涨趋势
[2025-06-10 22:31:59] ETHUSDT 1d: 当前价格=2739.22, EMA25=2517.81, EMA60=2347.26, EMA120=2352.68, 趋势=上涨趋势
==============================

===== 趋势分析结果 (2025-06-10 22:46:59) =====
[2025-06-10 22:46:57] BTCUSDT 15m: 当前价格=108530.40, EMA25=109223.29, EMA60=109189.35, EMA120=108649.60, 趋势=震荡行情
[2025-06-10 22:46:57] BTCUSDT 1h: 当前价格=108543.20, EMA25=108829.60, EMA60=107644.01, EMA120=106597.86, 趋势=震荡行情
[2025-06-10 22:46:57] BTCUSDT 4h: 当前价格=108543.20, EMA25=106937.33, EMA60=106108.26, EMA120=105539.68, 趋势=上涨趋势
[2025-06-10 22:46:58] BTCUSDT 1d: 当前价格=108530.40, EMA25=105233.64, EMA60=100757.67, EMA120=96384.20, 趋势=上涨趋势
[2025-06-10 22:46:58] ETHUSDT 15m: 当前价格=2736.25, EMA25=2729.60, EMA60=2697.29, EMA120=2651.72, 趋势=上涨趋势
[2025-06-10 22:46:58] ETHUSDT 1h: 当前价格=2734.48, EMA25=2666.87, EMA60=2603.46, EMA120=2571.48, 趋势=上涨趋势
[2025-06-10 22:46:59] ETHUSDT 4h: 当前价格=2735.46, EMA25=2587.38, EMA60=2566.33, EMA120=2534.30, 趋势=上涨趋势
[2025-06-10 22:46:59] ETHUSDT 1d: 当前价格=2735.46, EMA25=2517.52, EMA60=2347.14, EMA120=2352.61, 趋势=上涨趋势
==============================

===== 趋势分析结果 (2025-06-10 23:01:59) =====
[2025-06-10 23:01:57] BTCUSDT 15m: 当前价格=108458.30, EMA25=109167.90, EMA60=109166.92, EMA120=108647.19, 趋势=震荡行情
[2025-06-10 23:01:57] BTCUSDT 1h: 当前价格=108464.70, EMA25=108804.08, EMA60=107672.06, EMA120=106629.35, 趋势=震荡行情
[2025-06-10 23:01:57] BTCUSDT 4h: 当前价格=108458.30, EMA25=106930.80, EMA60=106105.47, EMA120=105538.27, 趋势=上涨趋势
[2025-06-10 23:01:58] BTCUSDT 1d: 当前价格=108464.70, EMA25=105228.58, EMA60=100755.51, EMA120=96383.12, 趋势=上涨趋势
[2025-06-10 23:01:58] ETHUSDT 15m: 当前价格=2731.99, EMA25=2729.71, EMA60=2698.39, EMA120=2653.03, 趋势=上涨趋势
[2025-06-10 23:01:58] ETHUSDT 1h: 当前价格=2731.99, EMA25=2671.93, EMA60=2607.70, EMA120=2574.14, 趋势=上涨趋势
[2025-06-10 23:01:59] ETHUSDT 4h: 当前价格=2731.88, EMA25=2587.10, EMA60=2566.22, EMA120=2534.25, 趋势=上涨趋势
[2025-06-10 23:01:59] ETHUSDT 1d: 当前价格=2732.04, EMA25=2517.25, EMA60=2347.03, EMA120=2352.56, 趋势=上涨趋势
==============================

===== 趋势分析结果 (2025-06-10 23:16:59) =====
[2025-06-10 23:16:57] BTCUSDT 15m: 当前价格=109140.60, EMA25=109209.35, EMA60=109185.51, EMA120=108665.27, 趋势=震荡行情
[2025-06-10 23:16:57] BTCUSDT 1h: 当前价格=109140.60, EMA25=108856.07, EMA60=107694.22, EMA120=106640.52, 趋势=上涨趋势
[2025-06-10 23:16:57] BTCUSDT 4h: 当前价格=109152.30, EMA25=106984.18, EMA60=106128.23, EMA120=105549.74, 趋势=上涨趋势
[2025-06-10 23:16:58] BTCUSDT 1d: 当前价格=109152.30, EMA25=105281.48, EMA60=100778.06, EMA120=96394.48, 趋势=上涨趋势
[2025-06-10 23:16:58] ETHUSDT 15m: 当前价格=2751.72, EMA25=2732.43, EMA60=2700.60, EMA120=2654.90, 趋势=上涨趋势
[2025-06-10 23:16:58] ETHUSDT 1h: 当前价格=2751.92, EMA25=2673.46, EMA60=2608.35, EMA120=2574.47, 趋势=上涨趋势
[2025-06-10 23:16:59] ETHUSDT 4h: 当前价格=2751.71, EMA25=2588.63, EMA60=2566.87, EMA120=2534.57, 趋势=上涨趋势
[2025-06-10 23:16:59] ETHUSDT 1d: 当前价格=2751.72, EMA25=2518.77, EMA60=2347.67, EMA120=2352.88, 趋势=上涨趋势
==============================

===== 趋势分析结果 (2025-06-10 23:31:59) =====
[2025-06-10 23:31:57] BTCUSDT 15m: 当前价格=108751.30, EMA25=109165.73, EMA60=109167.53, EMA120=108664.73, 趋势=震荡行情
[2025-06-10 23:31:57] BTCUSDT 1h: 当前价格=108751.30, EMA25=108826.12, EMA60=107681.46, EMA120=106634.08, 趋势=震荡行情
[2025-06-10 23:31:58] BTCUSDT 4h: 当前价格=108751.30, EMA25=106953.34, EMA60=106115.08, EMA120=105543.12, 趋势=上涨趋势
[2025-06-10 23:31:58] BTCUSDT 1d: 当前价格=108756.40, EMA25=105251.02, EMA60=100765.08, EMA120=96387.94, 趋势=上涨趋势
[2025-06-10 23:31:58] ETHUSDT 15m: 当前价格=2719.68, EMA25=2730.06, EMA60=2700.60, EMA120=2655.65, 趋势=震荡行情
[2025-06-10 23:31:58] ETHUSDT 1h: 当前价格=2719.68, EMA25=2670.98, EMA60=2607.29, EMA120=2573.94, 趋势=上涨趋势
[2025-06-10 23:31:59] ETHUSDT 4h: 当前价格=2719.40, EMA25=2586.14, EMA60=2565.81, EMA120=2534.04, 趋势=上涨趋势
[2025-06-10 23:31:59] ETHUSDT 1d: 当前价格=2719.68, EMA25=2516.30, EMA60=2346.62, EMA120=2352.35, 趋势=上涨趋势
==============================

===== 趋势分析结果 (2025-06-10 23:46:59) =====
[2025-06-10 23:46:57] BTCUSDT 15m: 当前价格=108698.80, EMA25=109128.58, EMA60=109151.61, EMA120=108664.97, 趋势=震荡行情
[2025-06-10 23:46:57] BTCUSDT 1h: 当前价格=108698.90, EMA25=108822.09, EMA60=107679.74, EMA120=106633.22, 趋势=震荡行情
[2025-06-10 23:46:57] BTCUSDT 4h: 当前价格=108698.80, EMA25=106949.30, EMA60=106113.36, EMA120=105542.25, 趋势=上涨趋势
[2025-06-10 23:46:58] BTCUSDT 1d: 当前价格=108698.90, EMA25=105246.60, EMA60=100763.19, EMA120=96386.99, 趋势=上涨趋势
[2025-06-10 23:46:58] ETHUSDT 15m: 当前价格=2718.52, EMA25=2728.95, EMA60=2701.09, EMA120=2656.63, 趋势=震荡行情
[2025-06-10 23:46:58] ETHUSDT 1h: 当前价格=2718.39, EMA25=2670.88, EMA60=2607.25, EMA120=2573.92, 趋势=上涨趋势
[2025-06-10 23:46:59] ETHUSDT 4h: 当前价格=2718.52, EMA25=2586.08, EMA60=2565.78, EMA120=2534.02, 趋势=上涨趋势
[2025-06-10 23:46:59] ETHUSDT 1d: 当前价格=2718.39, EMA25=2516.20, EMA60=2346.58, EMA120=2352.33, 趋势=上涨趋势
==============================

