===== 趋势分析结果 (2025-06-02 00:34:07) =====
[2025-06-02 00:34:06] BTCUSDT 1h: 当前价格=105064.30, EMA25=104349.60, EMA144=105927.50, EMA169=106117.59, 趋势=震荡行情
[2025-06-02 00:34:06] BTCUSDT 4h: 当前价格=105064.30, EMA25=105389.02, EMA144=104477.68, EMA169=103660.98, 趋势=震荡行情
[2025-06-02 00:34:06] BTCUSDT 1d: 当前价格=105064.30, EMA25=104364.78, EMA144=93629.48, EMA169=92390.10, 趋势=上涨趋势
[2025-06-02 00:34:07] ETHUSDT 1h: 当前价格=2534.11, EMA25=2515.58, EMA144=2570.51, EMA169=2572.79, 趋势=震荡行情
[2025-06-02 00:34:07] ETHUSDT 4h: 当前价格=2534.11, EMA25=2560.95, EMA144=2457.42, EMA169=2419.00, 趋势=震荡行情
[2025-06-02 00:34:07] ETHUSDT 1d: 当前价格=2534.11, EMA25=2452.75, EMA144=2362.11, EMA169=2408.04, 趋势=上涨趋势
==============================

===== 趋势分析结果 (2025-06-02 01:34:07) =====
[2025-06-02 01:34:06] BTCUSDT 1h: 当前价格=105104.00, EMA25=104401.96, EMA144=105915.05, EMA169=106104.35, 趋势=震荡行情
[2025-06-02 01:34:06] BTCUSDT 4h: 当前价格=105103.90, EMA25=105392.06, EMA144=104478.23, EMA169=103661.44, 趋势=震荡行情
[2025-06-02 01:34:07] BTCUSDT 1d: 当前价格=105104.00, EMA25=104367.84, EMA144=93630.02, EMA169=92390.56, 趋势=上涨趋势
[2025-06-02 01:34:07] ETHUSDT 1h: 当前价格=2542.91, EMA25=2517.93, EMA144=2570.18, EMA169=2572.49, 趋势=震荡行情
[2025-06-02 01:34:07] ETHUSDT 4h: 当前价格=2542.91, EMA25=2561.63, EMA144=2457.54, EMA169=2419.11, 趋势=震荡行情
[2025-06-02 01:34:07] ETHUSDT 1d: 当前价格=2542.91, EMA25=2453.43, EMA144=2362.23, EMA169=2408.14, 趋势=上涨趋势
==============================

===== 趋势分析结果 (2025-06-02 02:34:07) =====
[2025-06-02 02:34:06] BTCUSDT 1h: 当前价格=104627.20, EMA25=104412.35, EMA144=105895.93, EMA169=106085.55, 趋势=震荡行情
[2025-06-02 02:34:06] BTCUSDT 4h: 当前价格=104627.20, EMA25=105355.39, EMA144=104471.65, EMA169=103655.84, 趋势=震荡行情
[2025-06-02 02:34:06] BTCUSDT 1d: 当前价格=104627.20, EMA25=104331.16, EMA144=93623.45, EMA169=92384.95, 趋势=上涨趋势
[2025-06-02 02:34:07] ETHUSDT 1h: 当前价格=2511.61, EMA25=2517.09, EMA144=2569.31, EMA169=2571.73, 趋势=下跌趋势
[2025-06-02 02:34:07] ETHUSDT 4h: 当前价格=2512.04, EMA25=2559.26, EMA144=2457.11, EMA169=2418.74, 趋势=震荡行情
[2025-06-02 02:34:07] ETHUSDT 1d: 当前价格=2511.60, EMA25=2451.02, EMA144=2361.80, EMA169=2407.78, 趋势=上涨趋势
==============================

===== 趋势分析结果 (2025-06-02 03:34:07) =====
[2025-06-02 03:34:06] BTCUSDT 1h: 当前价格=105045.80, EMA25=104476.95, EMA144=105887.19, EMA169=106075.61, 趋势=震荡行情
[2025-06-02 03:34:06] BTCUSDT 4h: 当前价格=105048.30, EMA25=105387.79, EMA144=104477.46, EMA169=103660.79, 趋势=震荡行情
[2025-06-02 03:34:06] BTCUSDT 1d: 当前价格=105048.30, EMA25=104363.55, EMA144=93629.25, EMA169=92389.91, 趋势=上涨趋势
[2025-06-02 03:34:07] ETHUSDT 1h: 当前价格=2519.78, EMA25=2517.81, EMA144=2568.73, EMA169=2571.22, 趋势=震荡行情
[2025-06-02 03:34:07] ETHUSDT 4h: 当前价格=2519.14, EMA25=2559.80, EMA144=2457.21, EMA169=2418.83, 趋势=震荡行情
[2025-06-02 03:34:07] ETHUSDT 1d: 当前价格=2519.15, EMA25=2451.60, EMA144=2361.90, EMA169=2407.87, 趋势=上涨趋势
==============================

===== 趋势分析结果 (2025-06-02 04:34:04) =====
[2025-06-02 04:34:04] BTCUSDT 1h: 当前价格=105103.00, EMA25=104527.20, EMA144=105876.75, EMA169=106064.32, 趋势=震荡行情
[2025-06-02 04:34:04] BTCUSDT 4h: 当前价格=105103.00, EMA25=105367.79, EMA144=104486.81, EMA169=103679.17, 趋势=震荡行情
[2025-06-02 04:34:04] BTCUSDT 1d: 当前价格=105103.00, EMA25=104367.76, EMA144=93630.01, EMA169=92390.55, 趋势=上涨趋势
[2025-06-02 04:34:04] ETHUSDT 1h: 当前价格=2526.94, EMA25=2518.89, EMA144=2568.23, EMA169=2570.78, 趋势=震荡行情
[2025-06-02 04:34:04] ETHUSDT 4h: 当前价格=2527.23, EMA25=2557.72, EMA144=2458.27, EMA169=2420.22, 趋势=震荡行情
[2025-06-02 04:34:04] ETHUSDT 1d: 当前价格=2526.94, EMA25=2452.20, EMA144=2362.01, EMA169=2407.96, 趋势=上涨趋势
==============================

===== 趋势分析结果 (2025-06-02 05:34:04) =====
[2025-06-02 05:34:04] BTCUSDT 1h: 当前价格=105347.00, EMA25=104575.63, EMA144=105866.61, EMA169=106053.43, 趋势=震荡行情
[2025-06-02 05:34:04] BTCUSDT 4h: 当前价格=105347.00, EMA25=105386.56, EMA144=104490.18, EMA169=103682.04, 趋势=震荡行情
[2025-06-02 05:34:04] BTCUSDT 1d: 当前价格=105347.00, EMA25=104386.53, EMA144=93633.37, EMA169=92393.42, 趋势=上涨趋势
[2025-06-02 05:34:04] ETHUSDT 1h: 当前价格=2538.70, EMA25=2520.25, EMA144=2567.80, EMA169=2570.40, 趋势=震荡行情
[2025-06-02 05:34:04] ETHUSDT 4h: 当前价格=2538.71, EMA25=2558.60, EMA144=2458.43, EMA169=2420.35, 趋势=震荡行情
[2025-06-02 05:34:04] ETHUSDT 1d: 当前价格=2538.71, EMA25=2453.10, EMA144=2362.17, EMA169=2408.10, 趋势=上涨趋势
==============================

===== 趋势分析结果 (2025-06-02 06:34:04) =====
[2025-06-02 06:34:04] BTCUSDT 1h: 当前价格=105395.40, EMA25=104645.64, EMA144=105861.41, EMA169=106046.82, 趋势=震荡行情
[2025-06-02 06:34:04] BTCUSDT 4h: 当前价格=105395.40, EMA25=105390.28, EMA144=104490.85, EMA169=103682.61, 趋势=上涨趋势
[2025-06-02 06:34:04] BTCUSDT 1d: 当前价格=105376.90, EMA25=104388.83, EMA144=93633.79, EMA169=92393.77, 趋势=上涨趋势
[2025-06-02 06:34:04] ETHUSDT 1h: 当前价格=2535.29, EMA25=2521.35, EMA144=2567.35, EMA169=2570.00, 趋势=震荡行情
[2025-06-02 06:34:04] ETHUSDT 4h: 当前价格=2535.29, EMA25=2558.34, EMA144=2458.38, EMA169=2420.31, 趋势=震荡行情
[2025-06-02 06:34:04] ETHUSDT 1d: 当前价格=2535.13, EMA25=2452.83, EMA144=2362.13, EMA169=2408.05, 趋势=上涨趋势
==============================

===== 趋势分析结果 (2025-06-02 07:34:04) =====
[2025-06-02 07:34:04] BTCUSDT 1h: 当前价格=105649.90, EMA25=104727.15, EMA144=105859.27, EMA169=106042.84, 趋势=震荡行情
[2025-06-02 07:34:04] BTCUSDT 4h: 当前价格=105649.90, EMA25=105409.86, EMA144=104494.36, EMA169=103685.60, 趋势=上涨趋势
[2025-06-02 07:34:04] BTCUSDT 1d: 当前价格=105649.90, EMA25=104409.83, EMA144=93637.55, EMA169=92396.99, 趋势=上涨趋势
[2025-06-02 07:34:04] ETHUSDT 1h: 当前价格=2537.07, EMA25=2522.47, EMA144=2566.92, EMA169=2569.62, 趋势=震荡行情
[2025-06-02 07:34:04] ETHUSDT 4h: 当前价格=2536.90, EMA25=2558.46, EMA144=2458.40, EMA169=2420.33, 趋势=震荡行情
[2025-06-02 07:34:04] ETHUSDT 1d: 当前价格=2537.07, EMA25=2452.98, EMA144=2362.15, EMA169=2408.08, 趋势=上涨趋势
==============================

===== 趋势分析结果 (2025-06-02 08:34:05) =====
[2025-06-02 08:34:04] BTCUSDT 1h: 当前价格=105484.00, EMA25=104780.64, EMA144=105853.15, EMA169=106035.59, 趋势=震荡行情
[2025-06-02 08:34:04] BTCUSDT 4h: 当前价格=105484.00, EMA25=105410.83, EMA144=104507.42, EMA169=103707.06, 趋势=上涨趋势
[2025-06-02 08:34:04] BTCUSDT 1d: 当前价格=105484.00, EMA25=104487.73, EMA144=93800.67, EMA169=92553.18, 趋势=上涨趋势
[2025-06-02 08:34:05] ETHUSDT 1h: 当前价格=2531.00, EMA25=2523.19, EMA144=2566.44, EMA169=2569.20, 趋势=震荡行情
[2025-06-02 08:34:05] ETHUSDT 4h: 当前价格=2531.01, EMA25=2556.42, EMA144=2459.43, EMA169=2421.68, 趋势=震荡行情
[2025-06-02 08:34:05] ETHUSDT 1d: 当前价格=2531.00, EMA25=2459.04, EMA144=2364.51, EMA169=2409.66, 趋势=上涨趋势
==============================

===== 趋势分析结果 (2025-06-02 09:34:05) =====
[2025-06-02 09:34:04] BTCUSDT 1h: 当前价格=105337.70, EMA25=104816.05, EMA144=105844.55, EMA169=106026.08, 趋势=震荡行情
[2025-06-02 09:34:04] BTCUSDT 4h: 当前价格=105337.70, EMA25=105399.58, EMA144=104505.41, EMA169=103705.34, 趋势=震荡行情
[2025-06-02 09:34:05] BTCUSDT 1d: 当前价格=105337.70, EMA25=104476.48, EMA144=93798.65, EMA169=92551.46, 趋势=上涨趋势
[2025-06-02 09:34:05] ETHUSDT 1h: 当前价格=2527.99, EMA25=2523.71, EMA144=2565.94, EMA169=2568.76, 趋势=震荡行情
[2025-06-02 09:34:05] ETHUSDT 4h: 当前价格=2527.65, EMA25=2556.16, EMA144=2459.38, EMA169=2421.65, 趋势=震荡行情
[2025-06-02 09:34:05] ETHUSDT 1d: 当前价格=2527.44, EMA25=2458.76, EMA144=2364.46, EMA169=2409.62, 趋势=上涨趋势
==============================

===== 趋势分析结果 (2025-06-02 10:34:04) =====
[2025-06-02 10:34:04] BTCUSDT 1h: 当前价格=105181.10, EMA25=104843.41, EMA144=105835.18, EMA169=106015.94, 趋势=震荡行情
[2025-06-02 10:34:04] BTCUSDT 4h: 当前价格=105181.10, EMA25=105387.53, EMA144=104503.25, EMA169=103703.49, 趋势=震荡行情
[2025-06-02 10:34:04] BTCUSDT 1d: 当前价格=105181.10, EMA25=104464.43, EMA144=93796.49, EMA169=92549.62, 趋势=上涨趋势
[2025-06-02 10:34:04] ETHUSDT 1h: 当前价格=2516.29, EMA25=2522.93, EMA144=2565.22, EMA169=2568.12, 趋势=下跌趋势
[2025-06-02 10:34:04] ETHUSDT 4h: 当前价格=2516.29, EMA25=2555.29, EMA144=2459.22, EMA169=2421.51, 趋势=震荡行情
[2025-06-02 10:34:04] ETHUSDT 1d: 当前价格=2515.33, EMA25=2457.83, EMA144=2364.29, EMA169=2409.47, 趋势=上涨趋势
==============================

===== 趋势分析结果 (2025-06-02 11:34:04) =====
[2025-06-02 11:34:04] BTCUSDT 1h: 当前价格=104800.50, EMA25=104826.32, EMA144=105818.17, EMA169=105999.30, 趋势=下跌趋势
[2025-06-02 11:34:04] BTCUSDT 4h: 当前价格=104800.60, EMA25=105358.26, EMA144=104498.00, EMA169=103699.02, 趋势=震荡行情
[2025-06-02 11:34:04] BTCUSDT 1d: 当前价格=104800.60, EMA25=104435.16, EMA144=93791.24, EMA169=92545.14, 趋势=上涨趋势
[2025-06-02 11:34:04] ETHUSDT 1h: 当前价格=2492.22, EMA25=2519.95, EMA144=2564.09, EMA169=2567.14, 趋势=下跌趋势
[2025-06-02 11:34:04] ETHUSDT 4h: 当前价格=2492.23, EMA25=2553.44, EMA144=2458.89, EMA169=2421.23, 趋势=震荡行情
[2025-06-02 11:34:04] ETHUSDT 1d: 当前价格=2492.23, EMA25=2456.05, EMA144=2363.98, EMA169=2409.20, 趋势=上涨趋势
==============================

===== 趋势分析结果 (2025-06-02 12:34:04) =====
[2025-06-02 12:34:04] BTCUSDT 1h: 当前价格=104929.30, EMA25=104832.91, EMA144=105805.57, EMA169=105986.44, 趋势=震荡行情
[2025-06-02 12:34:04] BTCUSDT 4h: 当前价格=104929.40, EMA25=105323.94, EMA144=104504.00, EMA169=103714.29, 趋势=震荡行情
[2025-06-02 12:34:04] BTCUSDT 1d: 当前价格=104929.40, EMA25=104445.07, EMA144=93793.02, EMA169=92546.66, 趋势=上涨趋势
[2025-06-02 12:34:04] ETHUSDT 1h: 当前价格=2498.98, EMA25=2518.55, EMA144=2563.24, EMA169=2566.38, 趋势=下跌趋势
[2025-06-02 12:34:04] ETHUSDT 4h: 当前价格=2498.98, EMA25=2549.46, EMA144=2459.49, EMA169=2422.22, 趋势=震荡行情
[2025-06-02 12:34:04] ETHUSDT 1d: 当前价格=2498.98, EMA25=2456.57, EMA144=2364.07, EMA169=2409.28, 趋势=上涨趋势
==============================

===== 趋势分析结果 (2025-06-02 13:34:04) =====
[2025-06-02 13:34:04] BTCUSDT 1h: 当前价格=104694.10, EMA25=104808.53, EMA144=105787.53, EMA169=105968.93, 趋势=下跌趋势
[2025-06-02 13:34:04] BTCUSDT 4h: 当前价格=104694.10, EMA25=105305.84, EMA144=104500.75, EMA169=103711.52, 趋势=震荡行情
[2025-06-02 13:34:04] BTCUSDT 1d: 当前价格=104694.10, EMA25=104426.97, EMA144=93789.77, EMA169=92543.89, 趋势=上涨趋势
[2025-06-02 13:34:04] ETHUSDT 1h: 当前价格=2487.69, EMA25=2515.66, EMA144=2562.10, EMA169=2565.38, 趋势=下跌趋势
[2025-06-02 13:34:04] ETHUSDT 4h: 当前价格=2488.40, EMA25=2548.64, EMA144=2459.35, EMA169=2422.10, 趋势=震荡行情
[2025-06-02 13:34:04] ETHUSDT 1d: 当前价格=2488.40, EMA25=2455.76, EMA144=2363.92, EMA169=2409.16, 趋势=上涨趋势
==============================

===== 趋势分析结果 (2025-06-02 14:34:05) =====
[2025-06-02 14:34:04] BTCUSDT 1h: 当前价格=104918.00, EMA25=104823.14, EMA144=105776.68, EMA169=105957.66, 趋势=震荡行情
[2025-06-02 14:34:04] BTCUSDT 4h: 当前价格=104918.00, EMA25=105323.06, EMA144=104503.84, EMA169=103714.15, 趋势=震荡行情
[2025-06-02 14:34:04] BTCUSDT 1d: 当前价格=104909.00, EMA25=104443.50, EMA144=93792.74, EMA169=92546.42, 趋势=上涨趋势
[2025-06-02 14:34:05] ETHUSDT 1h: 当前价格=2493.92, EMA25=2514.28, EMA144=2561.22, EMA169=2564.60, 趋势=下跌趋势
[2025-06-02 14:34:05] ETHUSDT 4h: 当前价格=2493.91, EMA25=2549.07, EMA144=2459.42, EMA169=2422.16, 趋势=震荡行情
[2025-06-02 14:34:05] ETHUSDT 1d: 当前价格=2493.91, EMA25=2456.18, EMA144=2364.00, EMA169=2409.22, 趋势=上涨趋势
==============================

===== 趋势分析结果 (2025-06-02 15:34:04) =====
[2025-06-02 15:34:04] BTCUSDT 1h: 当前价格=105175.70, EMA25=104865.56, EMA144=105771.26, EMA169=105950.93, 趋势=震荡行情
[2025-06-02 15:34:04] BTCUSDT 4h: 当前价格=105175.70, EMA25=105342.89, EMA144=104507.39, EMA169=103717.18, 趋势=震荡行情
[2025-06-02 15:34:04] BTCUSDT 1d: 当前价格=105175.80, EMA25=104464.02, EMA144=93796.42, EMA169=92549.56, 趋势=上涨趋势
[2025-06-02 15:34:04] ETHUSDT 1h: 当前价格=2503.53, EMA25=2513.44, EMA144=2560.42, EMA169=2563.89, 趋势=下跌趋势
[2025-06-02 15:34:04] ETHUSDT 4h: 当前价格=2503.53, EMA25=2549.81, EMA144=2459.56, EMA169=2422.27, 趋势=震荡行情
[2025-06-02 15:34:04] ETHUSDT 1d: 当前价格=2503.53, EMA25=2456.92, EMA144=2364.13, EMA169=2409.33, 趋势=上涨趋势
==============================

===== 趋势分析结果 (2025-06-02 16:34:04) =====
[2025-06-02 16:34:04] BTCUSDT 1h: 当前价格=105718.30, EMA25=104943.28, EMA144=105772.73, EMA169=105949.97, 趋势=震荡行情
[2025-06-02 16:34:04] BTCUSDT 4h: 当前价格=105718.30, EMA25=105383.88, EMA144=104526.62, EMA169=103743.56, 趋势=上涨趋势
[2025-06-02 16:34:04] BTCUSDT 1d: 当前价格=105718.30, EMA25=104505.75, EMA144=93803.90, EMA169=92555.94, 趋势=上涨趋势
[2025-06-02 16:34:04] ETHUSDT 1h: 当前价格=2510.78, EMA25=2513.39, EMA144=2559.77, EMA169=2563.30, 趋势=下跌趋势
[2025-06-02 16:34:04] ETHUSDT 4h: 当前价格=2510.79, EMA25=2546.96, EMA144=2460.30, EMA169=2423.38, 趋势=震荡行情
[2025-06-02 16:34:04] ETHUSDT 1d: 当前价格=2510.78, EMA25=2457.48, EMA144=2364.23, EMA169=2409.42, 趋势=上涨趋势
==============================

===== 趋势分析结果 (2025-06-02 17:34:04) =====
[2025-06-02 17:34:04] BTCUSDT 1h: 当前价格=104843.80, EMA25=104905.21, EMA144=105754.02, EMA169=105931.90, 趋势=下跌趋势
[2025-06-02 17:34:04] BTCUSDT 4h: 当前价格=104838.60, EMA25=105316.21, EMA144=104514.48, EMA169=103733.21, 趋势=震荡行情
[2025-06-02 17:34:04] BTCUSDT 1d: 当前价格=104838.60, EMA25=104438.08, EMA144=93791.77, EMA169=92545.59, 趋势=上涨趋势
[2025-06-02 17:34:04] ETHUSDT 1h: 当前价格=2488.25, EMA25=2510.22, EMA144=2558.54, EMA169=2562.22, 趋势=下跌趋势
[2025-06-02 17:34:04] ETHUSDT 4h: 当前价格=2488.26, EMA25=2545.23, EMA144=2459.99, EMA169=2423.11, 趋势=震荡行情
[2025-06-02 17:34:04] ETHUSDT 1d: 当前价格=2488.26, EMA25=2455.75, EMA144=2363.92, EMA169=2409.15, 趋势=上涨趋势
==============================

===== 趋势分析结果 (2025-06-02 18:34:04) =====
[2025-06-02 18:34:04] BTCUSDT 1h: 当前价格=104299.40, EMA25=104836.36, EMA144=105729.63, EMA169=105908.93, 趋势=下跌趋势
[2025-06-02 18:34:04] BTCUSDT 4h: 当前价格=104294.70, EMA25=105274.38, EMA144=104506.98, EMA169=103726.81, 趋势=震荡行情
[2025-06-02 18:34:04] BTCUSDT 1d: 当前价格=104294.70, EMA25=104396.24, EMA144=93784.26, EMA169=92539.19, 趋势=震荡行情
[2025-06-02 18:34:04] ETHUSDT 1h: 当前价格=2479.65, EMA25=2507.31, EMA144=2557.35, EMA169=2561.17, 趋势=下跌趋势
[2025-06-02 18:34:04] ETHUSDT 4h: 当前价格=2479.65, EMA25=2544.57, EMA144=2459.87, EMA169=2423.01, 趋势=震荡行情
[2025-06-02 18:34:04] ETHUSDT 1d: 当前价格=2479.76, EMA25=2455.09, EMA144=2363.80, EMA169=2409.05, 趋势=上涨趋势
==============================

===== 趋势分析结果 (2025-06-02 19:34:04) =====
[2025-06-02 19:34:04] BTCUSDT 1h: 当前价格=104275.00, EMA25=104794.41, EMA144=105709.71, EMA169=105889.76, 趋势=下跌趋势
[2025-06-02 19:34:04] BTCUSDT 4h: 当前价格=104274.90, EMA25=105272.85, EMA144=104506.71, EMA169=103726.58, 趋势=震荡行情
[2025-06-02 19:34:04] BTCUSDT 1d: 当前价格=104275.00, EMA25=104394.73, EMA144=93783.99, EMA169=92538.96, 趋势=震荡行情
[2025-06-02 19:34:04] ETHUSDT 1h: 当前价格=2484.47, EMA25=2505.64, EMA144=2556.36, EMA169=2560.29, 趋势=下跌趋势
[2025-06-02 19:34:04] ETHUSDT 4h: 当前价格=2484.73, EMA25=2544.96, EMA144=2459.94, EMA169=2423.07, 趋势=震荡行情
[2025-06-02 19:34:04] ETHUSDT 1d: 当前价格=2484.73, EMA25=2455.48, EMA144=2363.87, EMA169=2409.11, 趋势=上涨趋势
==============================

===== 趋势分析结果 (2025-06-02 20:34:05) =====
[2025-06-02 20:34:04] BTCUSDT 1h: 当前价格=104045.00, EMA25=104717.24, EMA144=105682.98, EMA169=105864.82, 趋势=下跌趋势
[2025-06-02 20:34:04] BTCUSDT 4h: 当前价格=104045.00, EMA25=105158.88, EMA144=104496.80, EMA169=103727.99, 趋势=震荡行情
[2025-06-02 20:34:04] BTCUSDT 1d: 当前价格=104040.20, EMA25=104376.67, EMA144=93780.75, EMA169=92536.20, 趋势=震荡行情
[2025-06-02 20:34:04] ETHUSDT 1h: 当前价格=2488.00, EMA25=2503.97, EMA144=2555.37, EMA169=2559.40, 趋势=下跌趋势
[2025-06-02 20:34:05] ETHUSDT 4h: 当前价格=2488.26, EMA25=2540.26, EMA144=2460.28, EMA169=2423.82, 趋势=震荡行情
[2025-06-02 20:34:05] ETHUSDT 1d: 当前价格=2488.26, EMA25=2455.75, EMA144=2363.92, EMA169=2409.15, 趋势=上涨趋势
==============================

===== 趋势分析结果 (2025-06-02 21:34:05) =====
[2025-06-02 21:34:04] BTCUSDT 1h: 当前价格=104225.90, EMA25=104687.32, EMA144=105664.42, EMA169=105846.82, 趋势=下跌趋势
[2025-06-02 21:34:04] BTCUSDT 4h: 当前价格=104244.30, EMA25=105174.21, EMA144=104499.55, EMA169=103730.34, 趋势=震荡行情
[2025-06-02 21:34:04] BTCUSDT 1d: 当前价格=104233.10, EMA25=104391.51, EMA144=93783.42, EMA169=92538.46, 趋势=震荡行情
[2025-06-02 21:34:04] ETHUSDT 1h: 当前价格=2505.02, EMA25=2504.69, EMA144=2554.80, EMA169=2558.87, 趋势=震荡行情
[2025-06-02 21:34:04] ETHUSDT 4h: 当前价格=2505.56, EMA25=2541.59, EMA144=2460.52, EMA169=2424.03, 趋势=震荡行情
[2025-06-02 21:34:05] ETHUSDT 1d: 当前价格=2505.56, EMA25=2457.08, EMA144=2364.16, EMA169=2409.36, 趋势=上涨趋势
==============================

===== 趋势分析结果 (2025-06-02 22:34:06) =====
[2025-06-02 22:34:04] BTCUSDT 1h: 当前价格=104500.00, EMA25=104640.14, EMA144=105642.14, EMA169=105825.58, 趋势=下跌趋势
[2025-06-02 22:34:04] BTCUSDT 4h: 当前价格=104500.00, EMA25=105193.88, EMA144=104503.08, EMA169=103733.34, 趋势=震荡行情
[2025-06-02 22:34:04] BTCUSDT 1d: 当前价格=104500.00, EMA25=104412.04, EMA144=93787.10, EMA169=92541.60, 趋势=上涨趋势
[2025-06-02 22:34:06] ETHUSDT 1h: 当前价格=2529.16, EMA25=2506.48, EMA144=2554.44, EMA169=2558.52, 趋势=震荡行情
[2025-06-02 22:34:06] ETHUSDT 4h: 当前价格=2528.46, EMA25=2543.36, EMA144=2460.83, EMA169=2424.30, 趋势=震荡行情
[2025-06-02 22:34:06] ETHUSDT 1d: 当前价格=2528.46, EMA25=2458.84, EMA144=2364.48, EMA169=2409.63, 趋势=上涨趋势
==============================

===== 趋势分析结果 (2025-06-02 23:34:05) =====
[2025-06-02 23:34:04] BTCUSDT 1h: 当前价格=104250.00, EMA25=104583.83, EMA144=105617.91, EMA169=105802.61, 趋势=下跌趋势
[2025-06-02 23:34:04] BTCUSDT 4h: 当前价格=104250.10, EMA25=105174.66, EMA144=104499.63, EMA169=103730.40, 趋势=震荡行情
[2025-06-02 23:34:04] BTCUSDT 1d: 当前价格=104238.10, EMA25=104391.89, EMA144=93783.48, EMA169=92538.52, 趋势=震荡行情
[2025-06-02 23:34:05] ETHUSDT 1h: 当前价格=2536.82, EMA25=2508.90, EMA144=2554.23, EMA169=2558.29, 趋势=震荡行情
[2025-06-02 23:34:05] ETHUSDT 4h: 当前价格=2536.83, EMA25=2544.00, EMA144=2460.95, EMA169=2424.39, 趋势=震荡行情
[2025-06-02 23:34:05] ETHUSDT 1d: 当前价格=2537.13, EMA25=2459.51, EMA144=2364.60, EMA169=2409.73, 趋势=上涨趋势
==============================

