===== 趋势分析结果 (2025-06-23 00:12:40) =====
[2025-06-23 00:12:38] BTCUSDT 15m: 当前价格=98971.70, EMA25=100676.18, EMA60=101591.23, EMA120=102237.04, 趋势=下跌趋势
[2025-06-23 00:12:39] BTCUSDT 1h: 当前价格=98981.50, EMA25=101842.47, EMA60=102836.76, EMA120=103710.85, 趋势=下跌趋势
[2025-06-23 00:12:39] BTCUSDT 4h: 当前价格=98969.00, EMA25=103058.95, EMA60=104371.21, EMA120=104988.55, 趋势=下跌趋势
[2025-06-23 00:12:39] BTCUSDT 1d: 当前价格=98981.50, EMA25=104591.53, EMA60=102010.98, EMA120=97891.96, 趋势=震荡行情
[2025-06-23 00:12:39] ETHUSDT 15m: 当前价格=2177.10, EMA25=2217.11, EMA60=2254.70, EMA120=2302.54, 趋势=下跌趋势
[2025-06-23 00:12:40] ETHUSDT 1h: 当前价格=2177.10, EMA25=2279.98, EMA60=2358.04, EMA120=2425.01, 趋势=下跌趋势
[2025-06-23 00:12:40] ETHUSDT 4h: 当前价格=2177.09, EMA25=2388.54, EMA60=2475.53, EMA120=2513.43, 趋势=下跌趋势
[2025-06-23 00:12:40] ETHUSDT 1d: 当前价格=2177.10, EMA25=2488.16, EMA60=2395.29, EMA120=2379.68, 趋势=震荡行情
==============================

===== 趋势分析结果 (2025-06-23 00:27:40) =====
[2025-06-23 00:27:38] BTCUSDT 15m: 当前价格=98703.00, EMA25=100522.42, EMA60=101495.65, EMA120=102178.17, 趋势=下跌趋势
[2025-06-23 00:27:39] BTCUSDT 1h: 当前价格=98703.00, EMA25=101821.05, EMA60=102827.63, EMA120=103706.24, 趋势=下跌趋势
[2025-06-23 00:27:39] BTCUSDT 4h: 当前价格=98690.10, EMA25=103037.49, EMA60=104362.06, EMA120=104983.94, 趋势=下跌趋势
[2025-06-23 00:27:39] BTCUSDT 1d: 当前价格=98690.00, EMA25=104569.11, EMA60=102001.43, EMA120=97887.14, 趋势=震荡行情
[2025-06-23 00:27:39] ETHUSDT 15m: 当前价格=2183.03, EMA25=2214.72, EMA60=2252.45, EMA120=2300.62, 趋势=下跌趋势
[2025-06-23 00:27:40] ETHUSDT 1h: 当前价格=2183.03, EMA25=2280.43, EMA60=2358.23, EMA120=2425.11, 趋势=下跌趋势
[2025-06-23 00:27:40] ETHUSDT 4h: 当前价格=2183.03, EMA25=2389.00, EMA60=2475.72, EMA120=2513.53, 趋势=下跌趋势
[2025-06-23 00:27:40] ETHUSDT 1d: 当前价格=2183.03, EMA25=2488.62, EMA60=2395.48, EMA120=2379.78, 趋势=震荡行情
==============================

===== 趋势分析结果 (2025-06-23 12:50:40) =====
[2025-06-23 12:50:38] BTCUSDT 15m: 当前价格=101147.30, EMA25=100849.31, EMA60=100705.88, EMA120=101148.26, 趋势=震荡行情
[2025-06-23 12:50:38] BTCUSDT 1h: 当前价格=101147.30, EMA25=101030.78, EMA60=102040.04, EMA120=103107.19, 趋势=震荡行情
[2025-06-23 12:50:38] BTCUSDT 4h: 当前价格=101147.30, EMA25=102623.49, EMA60=104051.45, EMA120=104794.33, 趋势=下跌趋势
[2025-06-23 12:50:39] BTCUSDT 1d: 当前价格=101147.30, EMA25=104463.15, EMA60=102043.65, EMA120=97977.19, 趋势=震荡行情
[2025-06-23 12:50:39] ETHUSDT 15m: 当前价格=2231.81, EMA25=2229.22, EMA60=2226.24, EMA120=2252.37, 趋势=震荡行情
[2025-06-23 12:50:39] ETHUSDT 1h: 当前价格=2231.80, EMA25=2243.31, EMA60=2311.77, EMA120=2387.26, 趋势=下跌趋势
[2025-06-23 12:50:39] ETHUSDT 4h: 当前价格=2231.80, EMA25=2355.22, EMA60=2452.41, EMA120=2499.73, 趋势=下跌趋势
[2025-06-23 12:50:40] ETHUSDT 1d: 当前价格=2231.81, EMA25=2471.94, EMA60=2391.49, EMA120=2378.04, 趋势=震荡行情
==============================

===== 趋势分析结果 (2025-06-23 13:05:42) =====
[2025-06-23 13:05:40] BTCUSDT 15m: 当前价格=101190.90, EMA25=100873.85, EMA60=100721.01, EMA120=101148.57, 趋势=震荡行情
[2025-06-23 13:05:40] BTCUSDT 1h: 当前价格=101190.90, EMA25=101041.37, EMA60=102011.42, EMA120=103075.12, 趋势=震荡行情
[2025-06-23 13:05:41] BTCUSDT 4h: 当前价格=101190.80, EMA25=102626.83, EMA60=104052.88, EMA120=104795.05, 趋势=下跌趋势
[2025-06-23 13:05:41] BTCUSDT 1d: 当前价格=101190.90, EMA25=104466.51, EMA60=102045.08, EMA120=97977.91, 趋势=震荡行情
[2025-06-23 13:05:41] ETHUSDT 15m: 当前价格=2236.64, EMA25=2229.87, EMA60=2226.62, EMA120=2252.13, 趋势=震荡行情
[2025-06-23 13:05:42] ETHUSDT 1h: 当前价格=2236.79, EMA25=2242.90, EMA60=2309.35, EMA120=2384.80, 趋势=下跌趋势
[2025-06-23 13:05:42] ETHUSDT 4h: 当前价格=2236.79, EMA25=2355.61, EMA60=2452.57, EMA120=2499.81, 趋势=下跌趋势
[2025-06-23 13:05:42] ETHUSDT 1d: 当前价格=2236.79, EMA25=2472.32, EMA60=2391.65, EMA120=2378.13, 趋势=震荡行情
==============================

===== 趋势分析结果 (2025-06-23 13:20:42) =====
[2025-06-23 13:20:40] BTCUSDT 15m: 当前价格=101435.90, EMA25=100930.35, EMA60=100750.37, EMA120=101156.36, 趋势=震荡行情
[2025-06-23 13:20:40] BTCUSDT 1h: 当前价格=101436.00, EMA25=101060.22, EMA60=102019.46, EMA120=103079.17, 趋势=震荡行情
[2025-06-23 13:20:41] BTCUSDT 4h: 当前价格=101436.00, EMA25=102645.70, EMA60=104060.92, EMA120=104799.11, 趋势=下跌趋势
[2025-06-23 13:20:41] BTCUSDT 1d: 当前价格=101436.00, EMA25=104485.36, EMA60=102053.12, EMA120=97981.97, 趋势=震荡行情
[2025-06-23 13:20:41] ETHUSDT 15m: 当前价格=2241.41, EMA25=2230.96, EMA60=2227.19, EMA120=2252.00, 趋势=震荡行情
[2025-06-23 13:20:41] ETHUSDT 1h: 当前价格=2241.41, EMA25=2243.25, EMA60=2309.50, EMA120=2384.87, 趋势=下跌趋势
[2025-06-23 13:20:42] ETHUSDT 4h: 当前价格=2241.22, EMA25=2355.95, EMA60=2452.71, EMA120=2499.88, 趋势=下跌趋势
[2025-06-23 13:20:42] ETHUSDT 1d: 当前价格=2241.22, EMA25=2472.66, EMA60=2391.80, EMA120=2378.20, 趋势=震荡行情
==============================

===== 趋势分析结果 (2025-06-23 13:35:42) =====
[2025-06-23 13:35:40] BTCUSDT 15m: 当前价格=101431.70, EMA25=100970.55, EMA60=100773.44, EMA120=101161.29, 趋势=震荡行情
[2025-06-23 13:35:40] BTCUSDT 1h: 当前价格=101431.70, EMA25=101059.89, EMA60=102019.32, EMA120=103079.10, 趋势=震荡行情
[2025-06-23 13:35:41] BTCUSDT 4h: 当前价格=101431.70, EMA25=102645.37, EMA60=104060.78, EMA120=104799.03, 趋势=下跌趋势
[2025-06-23 13:35:41] BTCUSDT 1d: 当前价格=101431.70, EMA25=104485.03, EMA60=102052.98, EMA120=97981.89, 趋势=震荡行情
[2025-06-23 13:35:41] ETHUSDT 15m: 当前价格=2238.02, EMA25=2231.43, EMA60=2227.52, EMA120=2251.75, 趋势=震荡行情
[2025-06-23 13:35:41] ETHUSDT 1h: 当前价格=2238.02, EMA25=2242.99, EMA60=2309.39, EMA120=2384.82, 趋势=下跌趋势
[2025-06-23 13:35:42] ETHUSDT 4h: 当前价格=2238.08, EMA25=2355.71, EMA60=2452.61, EMA120=2499.83, 趋势=下跌趋势
[2025-06-23 13:35:42] ETHUSDT 1d: 当前价格=2238.08, EMA25=2472.42, EMA60=2391.70, EMA120=2378.15, 趋势=震荡行情
==============================

===== 趋势分析结果 (2025-06-23 13:50:42) =====
[2025-06-23 13:50:40] BTCUSDT 15m: 当前价格=101671.90, EMA25=101023.41, EMA60=100802.41, EMA120=101169.47, 趋势=震荡行情
[2025-06-23 13:50:40] BTCUSDT 1h: 当前价格=101671.90, EMA25=101078.37, EMA60=102027.19, EMA120=103083.07, 趋势=震荡行情
[2025-06-23 13:50:41] BTCUSDT 4h: 当前价格=101671.90, EMA25=102663.84, EMA60=104068.65, EMA120=104803.00, 趋势=下跌趋势
[2025-06-23 13:50:41] BTCUSDT 1d: 当前价格=101671.90, EMA25=104503.51, EMA60=102060.85, EMA120=97985.86, 趋势=震荡行情
[2025-06-23 13:50:41] ETHUSDT 15m: 当前价格=2245.00, EMA25=2232.46, EMA60=2228.09, EMA120=2251.64, 趋势=震荡行情
[2025-06-23 13:50:41] ETHUSDT 1h: 当前价格=2245.11, EMA25=2243.54, EMA60=2309.62, EMA120=2384.93, 趋势=震荡行情
[2025-06-23 13:50:42] ETHUSDT 4h: 当前价格=2245.00, EMA25=2356.24, EMA60=2452.84, EMA120=2499.95, 趋势=下跌趋势
[2025-06-23 13:50:42] ETHUSDT 1d: 当前价格=2245.11, EMA25=2472.96, EMA60=2391.93, EMA120=2378.26, 趋势=震荡行情
==============================

===== 趋势分析结果 (2025-06-23 14:05:42) =====
[2025-06-23 14:05:40] BTCUSDT 15m: 当前价格=101864.50, EMA25=101090.88, EMA60=100838.47, EMA120=101181.60, 趋势=震荡行情
[2025-06-23 14:05:40] BTCUSDT 1h: 当前价格=101864.50, EMA25=101141.61, EMA60=102023.10, EMA120=103063.56, 趋势=震荡行情
[2025-06-23 14:05:41] BTCUSDT 4h: 当前价格=101864.60, EMA25=102678.67, EMA60=104074.97, EMA120=104806.19, 趋势=下跌趋势
[2025-06-23 14:05:41] BTCUSDT 1d: 当前价格=101864.60, EMA25=104518.33, EMA60=102067.17, EMA120=97989.05, 趋势=震荡行情
[2025-06-23 14:05:41] ETHUSDT 15m: 当前价格=2251.70, EMA25=2233.97, EMA60=2228.87, EMA120=2251.65, 趋势=震荡行情
[2025-06-23 14:05:41] ETHUSDT 1h: 当前价格=2251.70, EMA25=2244.18, EMA60=2307.73, EMA120=2382.74, 趋势=震荡行情
[2025-06-23 14:05:42] ETHUSDT 4h: 当前价格=2251.70, EMA25=2356.75, EMA60=2453.06, EMA120=2500.06, 趋势=下跌趋势
[2025-06-23 14:05:42] ETHUSDT 1d: 当前价格=2251.21, EMA25=2473.43, EMA60=2392.13, EMA120=2378.37, 趋势=震荡行情
==============================

===== 趋势分析结果 (2025-06-23 14:20:42) =====
[2025-06-23 14:20:40] BTCUSDT 15m: 当前价格=101832.30, EMA25=101151.11, EMA60=100872.48, EMA120=101193.08, 趋势=震荡行情
[2025-06-23 14:20:40] BTCUSDT 1h: 当前价格=101822.40, EMA25=101138.37, EMA60=102021.72, EMA120=103062.87, 趋势=震荡行情
[2025-06-23 14:20:41] BTCUSDT 4h: 当前价格=101832.30, EMA25=102676.18, EMA60=104073.91, EMA120=104805.66, 趋势=下跌趋势
[2025-06-23 14:20:41] BTCUSDT 1d: 当前价格=101822.40, EMA25=104515.08, EMA60=102065.79, EMA120=97988.35, 趋势=震荡行情
[2025-06-23 14:20:41] ETHUSDT 15m: 当前价格=2243.65, EMA25=2234.62, EMA60=2229.31, EMA120=2251.49, 趋势=震荡行情
[2025-06-23 14:20:41] ETHUSDT 1h: 当前价格=2243.41, EMA25=2243.54, EMA60=2307.46, EMA120=2382.60, 趋势=下跌趋势
[2025-06-23 14:20:42] ETHUSDT 4h: 当前价格=2243.41, EMA25=2356.12, EMA60=2452.79, EMA120=2499.92, 趋势=下跌趋势
[2025-06-23 14:20:42] ETHUSDT 1d: 当前价格=2243.65, EMA25=2472.85, EMA60=2391.88, EMA120=2378.24, 趋势=震荡行情
==============================

===== 趋势分析结果 (2025-06-23 14:35:42) =====
[2025-06-23 14:35:40] BTCUSDT 15m: 当前价格=101803.10, EMA25=101198.54, EMA60=100901.78, EMA120=101202.54, 趋势=震荡行情
[2025-06-23 14:35:40] BTCUSDT 1h: 当前价格=101794.00, EMA25=101136.18, EMA60=102020.79, EMA120=103062.40, 趋势=震荡行情
[2025-06-23 14:35:41] BTCUSDT 4h: 当前价格=101794.00, EMA25=102673.23, EMA60=104072.65, EMA120=104805.02, 趋势=下跌趋势
[2025-06-23 14:35:41] BTCUSDT 1d: 当前价格=101794.00, EMA25=104512.90, EMA60=102064.86, EMA120=97987.88, 趋势=震荡行情
[2025-06-23 14:35:41] ETHUSDT 15m: 当前价格=2235.90, EMA25=2234.43, EMA60=2229.40, EMA120=2251.17, 趋势=震荡行情
[2025-06-23 14:35:41] ETHUSDT 1h: 当前价格=2235.79, EMA25=2242.96, EMA60=2307.21, EMA120=2382.48, 趋势=下跌趋势
[2025-06-23 14:35:42] ETHUSDT 4h: 当前价格=2235.80, EMA25=2355.53, EMA60=2452.54, EMA120=2499.80, 趋势=下跌趋势
[2025-06-23 14:35:42] ETHUSDT 1d: 当前价格=2235.90, EMA25=2472.25, EMA60=2391.62, EMA120=2378.11, 趋势=震荡行情
==============================

===== 趋势分析结果 (2025-06-23 14:50:42) =====
[2025-06-23 14:50:40] BTCUSDT 15m: 当前价格=101646.10, EMA25=101225.12, EMA60=100922.68, EMA120=101208.07, 趋势=上涨趋势
[2025-06-23 14:50:40] BTCUSDT 1h: 当前价格=101646.00, EMA25=101124.80, EMA60=102015.93, EMA120=103059.95, 趋势=震荡行情
[2025-06-23 14:50:41] BTCUSDT 4h: 当前价格=101646.10, EMA25=102661.86, EMA60=104067.81, EMA120=104802.58, 趋势=下跌趋势
[2025-06-23 14:50:41] BTCUSDT 1d: 当前价格=101646.10, EMA25=104501.52, EMA60=102060.01, EMA120=97985.44, 趋势=震荡行情
[2025-06-23 14:50:41] ETHUSDT 15m: 当前价格=2234.49, EMA25=2234.50, EMA60=2229.59, EMA120=2250.91, 趋势=下跌趋势
[2025-06-23 14:50:41] ETHUSDT 1h: 当前价格=2234.50, EMA25=2242.86, EMA60=2307.17, EMA120=2382.45, 趋势=下跌趋势
[2025-06-23 14:50:42] ETHUSDT 4h: 当前价格=2234.49, EMA25=2355.43, EMA60=2452.49, EMA120=2499.77, 趋势=下跌趋势
[2025-06-23 14:50:42] ETHUSDT 1d: 当前价格=2234.49, EMA25=2472.14, EMA60=2391.58, EMA120=2378.09, 趋势=震荡行情
==============================

===== 趋势分析结果 (2025-06-23 15:05:42) =====
[2025-06-23 15:05:40] BTCUSDT 15m: 当前价格=101894.50, EMA25=101293.57, EMA60=100962.12, EMA120=101223.30, 趋势=上涨趋势
[2025-06-23 15:05:40] BTCUSDT 1h: 当前价格=101894.50, EMA25=101200.98, EMA60=102019.53, EMA120=103044.57, 趋势=震荡行情
[2025-06-23 15:05:41] BTCUSDT 4h: 当前价格=101894.40, EMA25=102680.96, EMA60=104075.95, EMA120=104806.68, 趋势=下跌趋势
[2025-06-23 15:05:41] BTCUSDT 1d: 当前价格=101894.40, EMA25=104520.62, EMA60=102068.15, EMA120=97989.54, 趋势=震荡行情
[2025-06-23 15:05:41] ETHUSDT 15m: 当前价格=2261.90, EMA25=2237.70, EMA60=2231.15, EMA120=2251.34, 趋势=震荡行情
[2025-06-23 15:05:41] ETHUSDT 1h: 当前价格=2261.90, EMA25=2245.42, EMA60=2306.18, EMA120=2380.72, 趋势=震荡行情
[2025-06-23 15:05:42] ETHUSDT 4h: 当前价格=2262.74, EMA25=2357.60, EMA60=2453.42, EMA120=2500.24, 趋势=下跌趋势
[2025-06-23 15:05:42] ETHUSDT 1d: 当前价格=2262.74, EMA25=2474.32, EMA60=2392.50, EMA120=2378.56, 趋势=震荡行情
==============================

===== 趋势分析结果 (2025-06-23 15:20:42) =====
[2025-06-23 15:20:40] BTCUSDT 15m: 当前价格=101834.90, EMA25=101331.90, EMA60=100989.25, EMA120=101232.64, 趋势=上涨趋势
[2025-06-23 15:20:40] BTCUSDT 1h: 当前价格=101834.90, EMA25=101196.39, EMA60=102017.58, EMA120=103043.58, 趋势=震荡行情
[2025-06-23 15:20:41] BTCUSDT 4h: 当前价格=101834.90, EMA25=102676.38, EMA60=104074.00, EMA120=104805.70, 趋势=下跌趋势
[2025-06-23 15:20:41] BTCUSDT 1d: 当前价格=101834.90, EMA25=104516.04, EMA60=102066.20, EMA120=97988.56, 趋势=震荡行情
[2025-06-23 15:20:41] ETHUSDT 15m: 当前价格=2257.08, EMA25=2239.10, EMA60=2231.95, EMA120=2251.41, 趋势=震荡行情
[2025-06-23 15:20:41] ETHUSDT 1h: 当前价格=2256.81, EMA25=2245.03, EMA60=2306.01, EMA120=2380.63, 趋势=震荡行情
[2025-06-23 15:20:42] ETHUSDT 4h: 当前价格=2256.81, EMA25=2357.15, EMA60=2453.23, EMA120=2500.14, 趋势=下跌趋势
[2025-06-23 15:20:42] ETHUSDT 1d: 当前价格=2256.73, EMA25=2473.85, EMA60=2392.31, EMA120=2378.46, 趋势=震荡行情
==============================

===== 趋势分析结果 (2025-06-23 15:35:42) =====
[2025-06-23 15:35:40] BTCUSDT 15m: 当前价格=101748.20, EMA25=101361.44, EMA60=101013.03, EMA120=101240.60, 趋势=上涨趋势
[2025-06-23 15:35:40] BTCUSDT 1h: 当前价格=101748.20, EMA25=101189.72, EMA60=102014.73, EMA120=103042.15, 趋势=震荡行情
[2025-06-23 15:35:41] BTCUSDT 4h: 当前价格=101748.30, EMA25=102669.72, EMA60=104071.16, EMA120=104804.27, 趋势=下跌趋势
[2025-06-23 15:35:41] BTCUSDT 1d: 当前价格=101748.20, EMA25=104509.38, EMA60=102063.36, EMA120=97987.13, 趋势=震荡行情
[2025-06-23 15:35:41] ETHUSDT 15m: 当前价格=2255.71, EMA25=2240.25, EMA60=2232.67, EMA120=2251.45, 趋势=震荡行情
[2025-06-23 15:35:41] ETHUSDT 1h: 当前价格=2255.71, EMA25=2244.95, EMA60=2305.97, EMA120=2380.61, 趋势=震荡行情
[2025-06-23 15:35:42] ETHUSDT 4h: 当前价格=2255.72, EMA25=2357.06, EMA60=2453.19, EMA120=2500.12, 趋势=下跌趋势
[2025-06-23 15:35:42] ETHUSDT 1d: 当前价格=2255.71, EMA25=2473.78, EMA60=2392.27, EMA120=2378.44, 趋势=震荡行情
==============================

===== 趋势分析结果 (2025-06-23 15:50:42) =====
[2025-06-23 15:50:40] BTCUSDT 15m: 当前价格=101899.80, EMA25=101407.37, EMA60=101044.12, EMA120=101252.52, 趋势=上涨趋势
[2025-06-23 15:50:40] BTCUSDT 1h: 当前价格=101899.80, EMA25=101201.39, EMA60=102019.70, EMA120=103044.65, 趋势=震荡行情
[2025-06-23 15:50:41] BTCUSDT 4h: 当前价格=101899.70, EMA25=102681.37, EMA60=104076.12, EMA120=104806.77, 趋势=下跌趋势
[2025-06-23 15:50:41] BTCUSDT 1d: 当前价格=101899.80, EMA25=104521.04, EMA60=102068.33, EMA120=97989.63, 趋势=震荡行情
[2025-06-23 15:50:41] ETHUSDT 15m: 当前价格=2257.16, EMA25=2241.54, EMA60=2233.47, EMA120=2251.55, 趋势=震荡行情
[2025-06-23 15:50:41] ETHUSDT 1h: 当前价格=2256.45, EMA25=2245.00, EMA60=2306.00, EMA120=2380.62, 趋势=震荡行情
[2025-06-23 15:50:42] ETHUSDT 4h: 当前价格=2256.45, EMA25=2357.12, EMA60=2453.21, EMA120=2500.14, 趋势=下跌趋势
[2025-06-23 15:50:42] ETHUSDT 1d: 当前价格=2257.16, EMA25=2473.89, EMA60=2392.32, EMA120=2378.46, 趋势=震荡行情
==============================

===== 趋势分析结果 (2025-06-23 16:05:42) =====
[2025-06-23 16:05:40] BTCUSDT 15m: 当前价格=101803.50, EMA25=101436.04, EMA60=101068.21, EMA120=101261.21, 趋势=上涨趋势
[2025-06-23 16:05:40] BTCUSDT 1h: 当前价格=101803.50, EMA25=101245.91, EMA60=102011.81, EMA120=103023.73, 趋势=震荡行情
[2025-06-23 16:05:41] BTCUSDT 4h: 当前价格=101803.50, EMA25=102612.05, EMA60=104000.81, EMA120=104756.65, 趋势=下跌趋势
[2025-06-23 16:05:41] BTCUSDT 1d: 当前价格=101803.50, EMA25=104513.63, EMA60=102065.17, EMA120=97988.04, 趋势=震荡行情
[2025-06-23 16:05:41] ETHUSDT 15m: 当前价格=2257.87, EMA25=2242.82, EMA60=2234.29, EMA120=2251.66, 趋势=震荡行情
[2025-06-23 16:05:41] ETHUSDT 1h: 当前价格=2257.87, EMA25=2246.07, EMA60=2304.45, EMA120=2378.61, 趋势=震荡行情
[2025-06-23 16:05:42] ETHUSDT 4h: 当前价格=2257.87, EMA25=2349.56, EMA60=2446.84, EMA120=2496.15, 趋势=下跌趋势
[2025-06-23 16:05:42] ETHUSDT 1d: 当前价格=2257.88, EMA25=2473.94, EMA60=2392.35, EMA120=2378.48, 趋势=震荡行情
==============================

===== 趋势分析结果 (2025-06-23 16:20:42) =====
[2025-06-23 16:20:40] BTCUSDT 15m: 当前价格=101874.70, EMA25=101481.15, EMA60=101099.73, EMA120=101273.94, 趋势=上涨趋势
[2025-06-23 16:20:40] BTCUSDT 1h: 当前价格=101874.80, EMA25=101251.39, EMA60=102014.15, EMA120=103024.90, 趋势=震荡行情
[2025-06-23 16:20:41] BTCUSDT 4h: 当前价格=101874.70, EMA25=102617.52, EMA60=104003.14, EMA120=104757.82, 趋势=下跌趋势
[2025-06-23 16:20:41] BTCUSDT 1d: 当前价格=101874.70, EMA25=104519.11, EMA60=102067.50, EMA120=97989.22, 趋势=震荡行情
[2025-06-23 16:20:41] ETHUSDT 15m: 当前价格=2262.24, EMA25=2244.75, EMA60=2235.40, EMA120=2251.93, 趋势=震荡行情
[2025-06-23 16:20:41] ETHUSDT 1h: 当前价格=2262.24, EMA25=2246.40, EMA60=2304.60, EMA120=2378.69, 趋势=震荡行情
[2025-06-23 16:20:42] ETHUSDT 4h: 当前价格=2262.24, EMA25=2349.90, EMA60=2446.99, EMA120=2496.22, 趋势=下跌趋势
[2025-06-23 16:20:42] ETHUSDT 1d: 当前价格=2262.24, EMA25=2474.28, EMA60=2392.49, EMA120=2378.55, 趋势=震荡行情
==============================

===== 趋势分析结果 (2025-06-23 16:35:42) =====
[2025-06-23 16:35:40] BTCUSDT 15m: 当前价格=101759.90, EMA25=101503.34, EMA60=101121.71, EMA120=101282.14, 趋势=上涨趋势
[2025-06-23 16:35:40] BTCUSDT 1h: 当前价格=101759.90, EMA25=101242.55, EMA60=102010.38, EMA120=103023.01, 趋势=震荡行情
[2025-06-23 16:35:40] BTCUSDT 4h: 当前价格=101759.90, EMA25=102608.69, EMA60=103999.38, EMA120=104755.93, 趋势=下跌趋势
[2025-06-23 16:35:41] BTCUSDT 1d: 当前价格=101759.90, EMA25=104510.28, EMA60=102063.74, EMA120=97987.32, 趋势=震荡行情
[2025-06-23 16:35:41] ETHUSDT 15m: 当前价格=2257.87, EMA25=2245.71, EMA60=2236.11, EMA120=2252.02, 趋势=震荡行情
[2025-06-23 16:35:41] ETHUSDT 1h: 当前价格=2257.87, EMA25=2246.07, EMA60=2304.45, EMA120=2378.61, 趋势=震荡行情
[2025-06-23 16:35:42] ETHUSDT 4h: 当前价格=2257.88, EMA25=2349.56, EMA60=2446.84, EMA120=2496.15, 趋势=下跌趋势
[2025-06-23 16:35:42] ETHUSDT 1d: 当前价格=2257.87, EMA25=2473.94, EMA60=2392.34, EMA120=2378.48, 趋势=震荡行情
==============================

===== 趋势分析结果 (2025-06-23 16:50:42) =====
[2025-06-23 16:50:40] BTCUSDT 15m: 当前价格=101849.30, EMA25=101529.45, EMA60=101145.34, EMA120=101291.39, 趋势=上涨趋势
[2025-06-23 16:50:40] BTCUSDT 1h: 当前价格=101849.30, EMA25=101249.43, EMA60=102013.32, EMA120=103024.48, 趋势=震荡行情
[2025-06-23 16:50:41] BTCUSDT 4h: 当前价格=101833.60, EMA25=102614.36, EMA60=104001.80, EMA120=104757.14, 趋势=下跌趋势
[2025-06-23 16:50:41] BTCUSDT 1d: 当前价格=101849.30, EMA25=104517.15, EMA60=102066.67, EMA120=97988.80, 趋势=震荡行情
[2025-06-23 16:50:41] ETHUSDT 15m: 当前价格=2260.19, EMA25=2246.87, EMA60=2236.92, EMA120=2252.16, 趋势=震荡行情
[2025-06-23 16:50:41] ETHUSDT 1h: 当前价格=2260.20, EMA25=2246.25, EMA60=2304.53, EMA120=2378.65, 趋势=震荡行情
[2025-06-23 16:50:42] ETHUSDT 4h: 当前价格=2260.20, EMA25=2349.74, EMA60=2446.92, EMA120=2496.18, 趋势=下跌趋势
[2025-06-23 16:50:42] ETHUSDT 1d: 当前价格=2260.19, EMA25=2474.12, EMA60=2392.42, EMA120=2378.51, 趋势=震荡行情
==============================

===== 趋势分析结果 (2025-06-23 17:05:42) =====
[2025-06-23 17:05:40] BTCUSDT 15m: 当前价格=101700.00, EMA25=101540.53, EMA60=101162.62, EMA120=101297.66, 趋势=上涨趋势
[2025-06-23 17:05:40] BTCUSDT 1h: 当前价格=101699.90, EMA25=101282.04, EMA60=102002.13, EMA120=103002.12, 趋势=震荡行情
[2025-06-23 17:05:41] BTCUSDT 4h: 当前价格=101700.00, EMA25=102604.09, EMA60=103997.42, EMA120=104754.94, 趋势=下跌趋势
[2025-06-23 17:05:41] BTCUSDT 1d: 当前价格=101700.00, EMA25=104505.67, EMA60=102061.78, EMA120=97986.33, 趋势=震荡行情
[2025-06-23 17:05:41] ETHUSDT 15m: 当前价格=2256.29, EMA25=2247.64, EMA60=2237.58, EMA120=2252.24, 趋势=震荡行情
[2025-06-23 17:05:41] ETHUSDT 1h: 当前价格=2256.30, EMA25=2247.06, EMA60=2302.97, EMA120=2376.64, 趋势=震荡行情
[2025-06-23 17:05:42] ETHUSDT 4h: 当前价格=2256.30, EMA25=2349.44, EMA60=2446.79, EMA120=2496.12, 趋势=下跌趋势
[2025-06-23 17:05:42] ETHUSDT 1d: 当前价格=2256.30, EMA25=2473.82, EMA60=2392.29, EMA120=2378.45, 趋势=震荡行情
==============================

===== 趋势分析结果 (2025-06-23 17:20:42) =====
[2025-06-23 17:20:40] BTCUSDT 15m: 当前价格=101661.00, EMA25=101545.74, EMA60=101177.15, EMA120=101302.73, 趋势=上涨趋势
[2025-06-23 17:20:40] BTCUSDT 1h: 当前价格=101661.00, EMA25=101279.05, EMA60=102000.85, EMA120=103001.48, 趋势=震荡行情
[2025-06-23 17:20:41] BTCUSDT 4h: 当前价格=101661.00, EMA25=102601.09, EMA60=103996.14, EMA120=104754.29, 趋势=下跌趋势
[2025-06-23 17:20:41] BTCUSDT 1d: 当前价格=101661.00, EMA25=104502.67, EMA60=102060.50, EMA120=97985.68, 趋势=震荡行情
[2025-06-23 17:20:41] ETHUSDT 15m: 当前价格=2258.19, EMA25=2248.46, EMA60=2238.25, EMA120=2252.34, 趋势=震荡行情
[2025-06-23 17:20:41] ETHUSDT 1h: 当前价格=2258.19, EMA25=2247.21, EMA60=2303.03, EMA120=2376.67, 趋势=震荡行情
[2025-06-23 17:20:42] ETHUSDT 4h: 当前价格=2258.19, EMA25=2349.58, EMA60=2446.85, EMA120=2496.15, 趋势=下跌趋势
[2025-06-23 17:20:42] ETHUSDT 1d: 当前价格=2258.20, EMA25=2473.97, EMA60=2392.36, EMA120=2378.48, 趋势=震荡行情
==============================

===== 趋势分析结果 (2025-06-23 17:35:42) =====
[2025-06-23 17:35:40] BTCUSDT 15m: 当前价格=101496.90, EMA25=101528.60, EMA60=101181.65, EMA120=101302.86, 趋势=震荡行情
[2025-06-23 17:35:40] BTCUSDT 1h: 当前价格=101496.80, EMA25=101266.42, EMA60=101995.47, EMA120=102998.76, 趋势=震荡行情
[2025-06-23 17:35:41] BTCUSDT 4h: 当前价格=101496.90, EMA25=102588.46, EMA60=103990.76, EMA120=104751.58, 趋势=下跌趋势
[2025-06-23 17:35:41] BTCUSDT 1d: 当前价格=101496.80, EMA25=104490.04, EMA60=102055.11, EMA120=97982.97, 趋势=震荡行情
[2025-06-23 17:35:41] ETHUSDT 15m: 当前价格=2248.55, EMA25=2247.50, EMA60=2238.16, EMA120=2252.06, 趋势=震荡行情
[2025-06-23 17:35:41] ETHUSDT 1h: 当前价格=2248.55, EMA25=2246.47, EMA60=2302.71, EMA120=2376.51, 趋势=震荡行情
[2025-06-23 17:35:42] ETHUSDT 4h: 当前价格=2248.55, EMA25=2348.84, EMA60=2446.54, EMA120=2495.99, 趋势=下跌趋势
[2025-06-23 17:35:42] ETHUSDT 1d: 当前价格=2248.88, EMA25=2473.25, EMA60=2392.05, EMA120=2378.33, 趋势=震荡行情
==============================

===== 趋势分析结果 (2025-06-23 17:50:42) =====
[2025-06-23 17:50:40] BTCUSDT 15m: 当前价格=101496.40, EMA25=101521.68, EMA60=101189.99, EMA120=101305.03, 趋势=震荡行情
[2025-06-23 17:50:40] BTCUSDT 1h: 当前价格=101496.40, EMA25=101266.39, EMA60=101995.46, EMA120=102998.75, 趋势=震荡行情
[2025-06-23 17:50:40] BTCUSDT 4h: 当前价格=101496.40, EMA25=102588.42, EMA60=103990.74, EMA120=104751.57, 趋势=下跌趋势
[2025-06-23 17:50:41] BTCUSDT 1d: 当前价格=101496.40, EMA25=104490.01, EMA60=102055.10, EMA120=97982.96, 趋势=震荡行情
[2025-06-23 17:50:41] ETHUSDT 15m: 当前价格=2250.03, EMA25=2247.73, EMA60=2238.56, EMA120=2252.03, 趋势=震荡行情
[2025-06-23 17:50:41] ETHUSDT 1h: 当前价格=2250.50, EMA25=2246.62, EMA60=2302.78, EMA120=2376.55, 趋势=震荡行情
[2025-06-23 17:50:42] ETHUSDT 4h: 当前价格=2250.50, EMA25=2348.99, EMA60=2446.60, EMA120=2496.02, 趋势=下跌趋势
[2025-06-23 17:50:42] ETHUSDT 1d: 当前价格=2250.03, EMA25=2473.34, EMA60=2392.09, EMA120=2378.35, 趋势=震荡行情
==============================

===== 趋势分析结果 (2025-06-23 18:05:42) =====
[2025-06-23 18:05:40] BTCUSDT 15m: 当前价格=101493.30, EMA25=101521.12, EMA60=101200.66, EMA120=101308.50, 趋势=震荡行情
[2025-06-23 18:05:40] BTCUSDT 1h: 当前价格=101493.40, EMA25=101285.47, EMA60=101979.72, EMA120=102974.23, 趋势=震荡行情
[2025-06-23 18:05:41] BTCUSDT 4h: 当前价格=101493.30, EMA25=102588.19, EMA60=103990.64, EMA120=104751.52, 趋势=下跌趋势
[2025-06-23 18:05:41] BTCUSDT 1d: 当前价格=101493.40, EMA25=104489.78, EMA60=102055.00, EMA120=97982.91, 趋势=震荡行情
[2025-06-23 18:05:41] ETHUSDT 15m: 当前价格=2250.99, EMA25=2248.04, EMA60=2239.00, EMA120=2252.02, 趋势=震荡行情
[2025-06-23 18:05:41] ETHUSDT 1h: 当前价格=2250.99, EMA25=2246.98, EMA60=2301.09, EMA120=2374.48, 趋势=震荡行情
[2025-06-23 18:05:42] ETHUSDT 4h: 当前价格=2251.00, EMA25=2349.03, EMA60=2446.62, EMA120=2496.03, 趋势=下跌趋势
[2025-06-23 18:05:42] ETHUSDT 1d: 当前价格=2250.83, EMA25=2473.40, EMA60=2392.11, EMA120=2378.36, 趋势=震荡行情
==============================

===== 趋势分析结果 (2025-06-23 18:20:42) =====
[2025-06-23 18:20:40] BTCUSDT 15m: 当前价格=101431.70, EMA25=101510.74, EMA60=101206.67, EMA120=101309.72, 趋势=震荡行情
[2025-06-23 18:20:40] BTCUSDT 1h: 当前价格=101431.70, EMA25=101280.72, EMA60=101977.70, EMA120=102973.21, 趋势=震荡行情
[2025-06-23 18:20:41] BTCUSDT 4h: 当前价格=101431.70, EMA25=102583.45, EMA60=103988.62, EMA120=104750.50, 趋势=下跌趋势
[2025-06-23 18:20:41] BTCUSDT 1d: 当前价格=101431.80, EMA25=104485.04, EMA60=102052.98, EMA120=97981.90, 趋势=震荡行情
[2025-06-23 18:20:41] ETHUSDT 15m: 当前价格=2246.64, EMA25=2247.70, EMA60=2239.15, EMA120=2251.88, 趋势=下跌趋势
[2025-06-23 18:20:41] ETHUSDT 1h: 当前价格=2246.64, EMA25=2246.64, EMA60=2300.95, EMA120=2374.41, 趋势=下跌趋势
[2025-06-23 18:20:42] ETHUSDT 4h: 当前价格=2246.64, EMA25=2348.70, EMA60=2446.47, EMA120=2495.96, 趋势=下跌趋势
[2025-06-23 18:20:42] ETHUSDT 1d: 当前价格=2246.55, EMA25=2473.07, EMA60=2391.97, EMA120=2378.29, 趋势=震荡行情
==============================

===== 趋势分析结果 (2025-06-23 18:35:42) =====
[2025-06-23 18:35:40] BTCUSDT 15m: 当前价格=101400.00, EMA25=101494.65, EMA60=101209.63, EMA120=101309.47, 趋势=震荡行情
[2025-06-23 18:35:40] BTCUSDT 1h: 当前价格=101400.00, EMA25=101278.29, EMA60=101976.66, EMA120=102972.69, 趋势=震荡行情
[2025-06-23 18:35:41] BTCUSDT 4h: 当前价格=101400.00, EMA25=102581.01, EMA60=103987.58, EMA120=104749.98, 趋势=下跌趋势
[2025-06-23 18:35:41] BTCUSDT 1d: 当前价格=101399.90, EMA25=104482.58, EMA60=102051.94, EMA120=97981.37, 趋势=震荡行情
[2025-06-23 18:35:41] ETHUSDT 15m: 当前价格=2247.53, EMA25=2247.48, EMA60=2239.33, EMA120=2251.76, 趋势=震荡行情
[2025-06-23 18:35:41] ETHUSDT 1h: 当前价格=2247.53, EMA25=2246.71, EMA60=2300.98, EMA120=2374.42, 趋势=震荡行情
[2025-06-23 18:35:42] ETHUSDT 4h: 当前价格=2247.36, EMA25=2348.75, EMA60=2446.50, EMA120=2495.97, 趋势=下跌趋势
[2025-06-23 18:35:42] ETHUSDT 1d: 当前价格=2247.31, EMA25=2473.13, EMA60=2392.00, EMA120=2378.30, 趋势=震荡行情
==============================

===== 趋势分析结果 (2025-06-23 18:50:42) =====
[2025-06-23 18:50:40] BTCUSDT 15m: 当前价格=101390.60, EMA25=101469.82, EMA60=101208.05, EMA120=101306.95, 趋势=震荡行情
[2025-06-23 18:50:40] BTCUSDT 1h: 当前价格=101390.50, EMA25=101277.55, EMA60=101976.35, EMA120=102972.53, 趋势=震荡行情
[2025-06-23 18:50:41] BTCUSDT 4h: 当前价格=101394.90, EMA25=102580.62, EMA60=103987.41, EMA120=104749.89, 趋势=下跌趋势
[2025-06-23 18:50:41] BTCUSDT 1d: 当前价格=101394.90, EMA25=104482.20, EMA60=102051.77, EMA120=97981.29, 趋势=震荡行情
[2025-06-23 18:50:41] ETHUSDT 15m: 当前价格=2244.89, EMA25=2246.67, EMA60=2239.24, EMA120=2251.51, 趋势=下跌趋势
[2025-06-23 18:50:41] ETHUSDT 1h: 当前价格=2245.00, EMA25=2246.52, EMA60=2300.89, EMA120=2374.38, 趋势=下跌趋势
[2025-06-23 18:50:42] ETHUSDT 4h: 当前价格=2244.60, EMA25=2348.54, EMA60=2446.41, EMA120=2495.93, 趋势=下跌趋势
[2025-06-23 18:50:42] ETHUSDT 1d: 当前价格=2244.60, EMA25=2472.92, EMA60=2391.91, EMA120=2378.26, 趋势=震荡行情
==============================

===== 趋势分析结果 (2025-06-23 19:05:42) =====
[2025-06-23 19:05:40] BTCUSDT 15m: 当前价格=101340.10, EMA25=101462.04, EMA60=101213.36, EMA120=101307.99, 趋势=震荡行情
[2025-06-23 19:05:40] BTCUSDT 1h: 当前价格=101340.10, EMA25=101284.57, EMA60=101956.47, EMA120=102946.05, 趋势=震荡行情
[2025-06-23 19:05:41] BTCUSDT 4h: 当前价格=101339.50, EMA25=102576.36, EMA60=103985.60, EMA120=104748.98, 趋势=下跌趋势
[2025-06-23 19:05:41] BTCUSDT 1d: 当前价格=101339.40, EMA25=104477.93, EMA60=102049.95, EMA120=97980.37, 趋势=震荡行情
[2025-06-23 19:05:41] ETHUSDT 15m: 当前价格=2243.59, EMA25=2246.51, EMA60=2239.42, EMA120=2251.40, 趋势=下跌趋势
[2025-06-23 19:05:41] ETHUSDT 1h: 当前价格=2243.76, EMA25=2246.37, EMA60=2299.05, EMA120=2372.24, 趋势=下跌趋势
[2025-06-23 19:05:42] ETHUSDT 4h: 当前价格=2243.59, EMA25=2348.46, EMA60=2446.37, EMA120=2495.91, 趋势=下跌趋势
[2025-06-23 19:05:42] ETHUSDT 1d: 当前价格=2243.59, EMA25=2472.84, EMA60=2391.88, EMA120=2378.24, 趋势=震荡行情
==============================

===== 趋势分析结果 (2025-06-23 19:20:42) =====
[2025-06-23 19:20:40] BTCUSDT 15m: 当前价格=101298.00, EMA25=101448.85, EMA60=101215.87, EMA120=101307.68, 趋势=震荡行情
[2025-06-23 19:20:40] BTCUSDT 1h: 当前价格=101298.00, EMA25=101281.33, EMA60=101955.09, EMA120=102945.36, 趋势=震荡行情
[2025-06-23 19:20:41] BTCUSDT 4h: 当前价格=101298.30, EMA25=102573.19, EMA60=103984.25, EMA120=104748.30, 趋势=下跌趋势
[2025-06-23 19:20:41] BTCUSDT 1d: 当前价格=101298.30, EMA25=104474.77, EMA60=102048.61, EMA120=97979.69, 趋势=震荡行情
[2025-06-23 19:20:41] ETHUSDT 15m: 当前价格=2242.75, EMA25=2246.39, EMA60=2239.60, EMA120=2251.29, 趋势=下跌趋势
[2025-06-23 19:20:41] ETHUSDT 1h: 当前价格=2242.92, EMA25=2246.31, EMA60=2299.02, EMA120=2372.22, 趋势=下跌趋势
[2025-06-23 19:20:42] ETHUSDT 4h: 当前价格=2242.74, EMA25=2348.40, EMA60=2446.35, EMA120=2495.90, 趋势=下跌趋势
[2025-06-23 19:20:42] ETHUSDT 1d: 当前价格=2242.75, EMA25=2472.78, EMA60=2391.85, EMA120=2378.23, 趋势=震荡行情
==============================

===== 趋势分析结果 (2025-06-23 19:35:43) =====
[2025-06-23 19:35:40] BTCUSDT 15m: 当前价格=101230.40, EMA25=101423.67, EMA60=101212.61, EMA120=101304.48, 趋势=震荡行情
[2025-06-23 19:35:40] BTCUSDT 1h: 当前价格=101230.40, EMA25=101276.13, EMA60=101952.87, EMA120=102944.24, 趋势=下跌趋势
[2025-06-23 19:35:41] BTCUSDT 4h: 当前价格=101230.50, EMA25=102567.97, EMA60=103982.02, EMA120=104747.18, 趋势=下跌趋势
[2025-06-23 19:35:41] BTCUSDT 1d: 当前价格=101230.50, EMA25=104469.55, EMA60=102046.38, EMA120=97978.57, 趋势=震荡行情
[2025-06-23 19:35:42] ETHUSDT 15m: 当前价格=2246.11, EMA25=2246.47, EMA60=2239.86, EMA120=2251.23, 趋势=下跌趋势
[2025-06-23 19:35:42] ETHUSDT 1h: 当前价格=2246.11, EMA25=2246.55, EMA60=2299.13, EMA120=2372.27, 趋势=下跌趋势
[2025-06-23 19:35:42] ETHUSDT 4h: 当前价格=2246.10, EMA25=2348.65, EMA60=2446.46, EMA120=2495.95, 趋势=下跌趋势
[2025-06-23 19:35:43] ETHUSDT 1d: 当前价格=2246.10, EMA25=2473.04, EMA60=2391.96, EMA120=2378.28, 趋势=震荡行情
==============================

===== 趋势分析结果 (2025-06-23 19:50:42) =====
[2025-06-23 19:50:40] BTCUSDT 15m: 当前价格=101314.90, EMA25=101415.13, EMA60=101215.89, EMA120=101304.62, 趋势=震荡行情
[2025-06-23 19:50:40] BTCUSDT 1h: 当前价格=101317.10, EMA25=101282.80, EMA60=101955.71, EMA120=102945.67, 趋势=震荡行情
[2025-06-23 19:50:41] BTCUSDT 4h: 当前价格=101317.10, EMA25=102574.63, EMA60=103984.86, EMA120=104748.61, 趋势=下跌趋势
[2025-06-23 19:50:41] BTCUSDT 1d: 当前价格=101317.00, EMA25=104476.21, EMA60=102049.22, EMA120=97980.00, 趋势=震荡行情
[2025-06-23 19:50:41] ETHUSDT 15m: 当前价格=2253.53, EMA25=2247.13, EMA60=2240.36, EMA120=2251.29, 趋势=震荡行情
[2025-06-23 19:50:41] ETHUSDT 1h: 当前价格=2253.25, EMA25=2247.10, EMA60=2299.36, EMA120=2372.39, 趋势=震荡行情
[2025-06-23 19:50:42] ETHUSDT 4h: 当前价格=2253.53, EMA25=2349.23, EMA60=2446.70, EMA120=2496.07, 趋势=下跌趋势
[2025-06-23 19:50:42] ETHUSDT 1d: 当前价格=2253.53, EMA25=2473.61, EMA60=2392.20, EMA120=2378.40, 趋势=震荡行情
==============================

===== 趋势分析结果 (2025-06-23 20:05:43) =====
[2025-06-23 20:05:40] BTCUSDT 15m: 当前价格=101196.90, EMA25=101393.63, EMA60=101213.16, EMA120=101301.75, 趋势=震荡行情
[2025-06-23 20:05:40] BTCUSDT 1h: 当前价格=101196.90, EMA25=101271.32, EMA60=101928.66, EMA120=102915.64, 趋势=下跌趋势
[2025-06-23 20:05:41] BTCUSDT 4h: 当前价格=101196.90, EMA25=102463.78, EMA60=103891.28, EMA120=104688.71, 趋势=下跌趋势
[2025-06-23 20:05:41] BTCUSDT 1d: 当前价格=101196.90, EMA25=104466.97, EMA60=102045.28, EMA120=97978.01, 趋势=震荡行情
[2025-06-23 20:05:41] ETHUSDT 15m: 当前价格=2248.25, EMA25=2247.12, EMA60=2240.57, EMA120=2251.22, 趋势=震荡行情
[2025-06-23 20:05:41] ETHUSDT 1h: 当前价格=2248.25, EMA25=2247.11, EMA60=2297.65, EMA120=2370.32, 趋势=震荡行情
[2025-06-23 20:05:43] ETHUSDT 4h: 当前价格=2248.25, EMA25=2341.36, EMA60=2440.15, EMA120=2491.95, 趋势=下跌趋势
[2025-06-23 20:05:43] ETHUSDT 1d: 当前价格=2248.07, EMA25=2473.19, EMA60=2392.02, EMA120=2378.31, 趋势=震荡行情
==============================

===== 趋势分析结果 (2025-06-23 20:20:42) =====
[2025-06-23 20:20:40] BTCUSDT 15m: 当前价格=101112.50, EMA25=101369.06, EMA60=101208.54, EMA120=101297.95, 趋势=震荡行情
[2025-06-23 20:20:40] BTCUSDT 1h: 当前价格=101112.40, EMA25=101264.82, EMA60=101925.89, EMA120=102914.25, 趋势=下跌趋势
[2025-06-23 20:20:40] BTCUSDT 4h: 当前价格=101112.50, EMA25=102457.29, EMA60=103888.51, EMA120=104687.32, 趋势=下跌趋势
[2025-06-23 20:20:41] BTCUSDT 1d: 当前价格=101123.10, EMA25=104461.29, EMA60=102042.86, EMA120=97976.79, 趋势=震荡行情
[2025-06-23 20:20:41] ETHUSDT 15m: 当前价格=2246.35, EMA25=2246.98, EMA60=2240.73, EMA120=2251.12, 趋势=下跌趋势
[2025-06-23 20:20:41] ETHUSDT 1h: 当前价格=2246.24, EMA25=2246.96, EMA60=2297.58, EMA120=2370.29, 趋势=下跌趋势
[2025-06-23 20:20:42] ETHUSDT 4h: 当前价格=2246.35, EMA25=2341.22, EMA60=2440.09, EMA120=2491.92, 趋势=下跌趋势
[2025-06-23 20:20:42] ETHUSDT 1d: 当前价格=2246.24, EMA25=2473.05, EMA60=2391.96, EMA120=2378.28, 趋势=震荡行情
==============================

===== 趋势分析结果 (2025-06-23 20:35:42) =====
[2025-06-23 20:35:40] BTCUSDT 15m: 当前价格=101232.00, EMA25=101359.78, EMA60=101209.88, EMA120=101297.15, 趋势=震荡行情
[2025-06-23 20:35:40] BTCUSDT 1h: 当前价格=101232.00, EMA25=101274.02, EMA60=101929.81, EMA120=102916.22, 趋势=下跌趋势
[2025-06-23 20:35:41] BTCUSDT 4h: 当前价格=101232.00, EMA25=102466.48, EMA60=103892.43, EMA120=104689.29, 趋势=下跌趋势
[2025-06-23 20:35:41] BTCUSDT 1d: 当前价格=101232.00, EMA25=104469.67, EMA60=102046.43, EMA120=97978.59, 趋势=震荡行情
[2025-06-23 20:35:41] ETHUSDT 15m: 当前价格=2251.79, EMA25=2247.35, EMA60=2241.09, EMA120=2251.13, 趋势=震荡行情
[2025-06-23 20:35:42] ETHUSDT 1h: 当前价格=2251.89, EMA25=2247.39, EMA60=2297.77, EMA120=2370.38, 趋势=震荡行情
[2025-06-23 20:35:42] ETHUSDT 4h: 当前价格=2251.72, EMA25=2341.63, EMA60=2440.26, EMA120=2492.01, 趋势=下跌趋势
[2025-06-23 20:35:42] ETHUSDT 1d: 当前价格=2251.87, EMA25=2473.48, EMA60=2392.15, EMA120=2378.38, 趋势=震荡行情
==============================

===== 趋势分析结果 (2025-06-23 20:50:43) =====
[2025-06-23 20:50:40] BTCUSDT 15m: 当前价格=101454.60, EMA25=101375.26, EMA60=101221.56, EMA120=101301.62, 趋势=上涨趋势
[2025-06-23 20:50:40] BTCUSDT 1h: 当前价格=101454.60, EMA25=101291.14, EMA60=101937.11, EMA120=102919.90, 趋势=震荡行情
[2025-06-23 20:50:41] BTCUSDT 4h: 当前价格=101452.00, EMA25=102483.40, EMA60=103899.64, EMA120=104692.93, 趋势=下跌趋势
[2025-06-23 20:50:41] BTCUSDT 1d: 当前价格=101454.60, EMA25=104486.79, EMA60=102053.73, EMA120=97982.27, 趋势=震荡行情
[2025-06-23 20:50:42] ETHUSDT 15m: 当前价格=2257.18, EMA25=2248.61, EMA60=2241.84, EMA120=2251.35, 趋势=震荡行情
[2025-06-23 20:50:42] ETHUSDT 1h: 当前价格=2256.83, EMA25=2247.77, EMA60=2297.93, EMA120=2370.47, 趋势=震荡行情
[2025-06-23 20:50:43] ETHUSDT 4h: 当前价格=2256.83, EMA25=2342.02, EMA60=2440.43, EMA120=2492.09, 趋势=下跌趋势
[2025-06-23 20:50:43] ETHUSDT 1d: 当前价格=2257.18, EMA25=2473.89, EMA60=2392.32, EMA120=2378.46, 趋势=震荡行情
==============================

===== 趋势分析结果 (2025-06-23 21:05:44) =====
[2025-06-23 21:05:41] BTCUSDT 15m: 当前价格=101511.60, EMA25=101399.06, EMA60=101237.01, EMA120=101308.13, 趋势=上涨趋势
[2025-06-23 21:05:42] BTCUSDT 1h: 当前价格=101507.80, EMA25=101321.12, EMA60=101928.98, EMA120=102899.60, 趋势=震荡行情
[2025-06-23 21:05:43] BTCUSDT 4h: 当前价格=101511.60, EMA25=102487.99, EMA60=103901.60, EMA120=104693.92, 趋势=下跌趋势
[2025-06-23 21:05:43] BTCUSDT 1d: 当前价格=101507.80, EMA25=104490.88, EMA60=102055.47, EMA120=97983.15, 趋势=震荡行情
[2025-06-23 21:05:43] ETHUSDT 15m: 当前价格=2259.45, EMA25=2250.02, EMA60=2242.68, EMA120=2251.61, 趋势=震荡行情
[2025-06-23 21:05:43] ETHUSDT 1h: 当前价格=2259.30, EMA25=2249.26, EMA60=2296.93, EMA120=2368.77, 趋势=震荡行情
[2025-06-23 21:05:44] ETHUSDT 4h: 当前价格=2259.45, EMA25=2342.22, EMA60=2440.52, EMA120=2492.14, 趋势=下跌趋势
[2025-06-23 21:05:44] ETHUSDT 1d: 当前价格=2259.30, EMA25=2474.05, EMA60=2392.39, EMA120=2378.50, 趋势=震荡行情
==============================

===== 趋势分析结果 (2025-06-23 21:20:42) =====
[2025-06-23 21:20:40] BTCUSDT 15m: 当前价格=101242.80, EMA25=101369.22, EMA60=101229.24, EMA120=101302.98, 趋势=震荡行情
[2025-06-23 21:20:40] BTCUSDT 1h: 当前价格=101242.80, EMA25=101300.74, EMA60=101920.29, EMA120=102895.22, 趋势=下跌趋势
[2025-06-23 21:20:41] BTCUSDT 4h: 当前价格=101228.60, EMA25=102466.22, EMA60=103892.32, EMA120=104689.24, 趋势=下跌趋势
[2025-06-23 21:20:41] BTCUSDT 1d: 当前价格=101228.60, EMA25=104469.41, EMA60=102046.32, EMA120=97978.54, 趋势=震荡行情
[2025-06-23 21:20:41] ETHUSDT 15m: 当前价格=2253.00, EMA25=2249.69, EMA60=2242.77, EMA120=2251.51, 趋势=震荡行情
[2025-06-23 21:20:41] ETHUSDT 1h: 当前价格=2253.00, EMA25=2248.77, EMA60=2296.73, EMA120=2368.66, 趋势=震荡行情
[2025-06-23 21:20:42] ETHUSDT 4h: 当前价格=2252.86, EMA25=2341.72, EMA60=2440.30, EMA120=2492.03, 趋势=下跌趋势
[2025-06-23 21:20:42] ETHUSDT 1d: 当前价格=2253.00, EMA25=2473.57, EMA60=2392.19, EMA120=2378.40, 趋势=震荡行情
==============================

===== 趋势分析结果 (2025-06-23 21:35:42) =====
[2025-06-23 21:35:40] BTCUSDT 15m: 当前价格=101177.50, EMA25=101344.59, EMA60=101223.14, EMA120=101298.65, 趋势=震荡行情
[2025-06-23 21:35:40] BTCUSDT 1h: 当前价格=101177.50, EMA25=101295.71, EMA60=101918.15, EMA120=102894.14, 趋势=下跌趋势
[2025-06-23 21:35:41] BTCUSDT 4h: 当前价格=101166.70, EMA25=102461.46, EMA60=103890.29, EMA120=104688.21, 趋势=下跌趋势
[2025-06-23 21:35:41] BTCUSDT 1d: 当前价格=101177.50, EMA25=104465.48, EMA60=102044.64, EMA120=97977.69, 趋势=震荡行情
[2025-06-23 21:35:41] ETHUSDT 15m: 当前价格=2244.72, EMA25=2248.91, EMA60=2242.65, EMA120=2251.30, 趋势=下跌趋势
[2025-06-23 21:35:41] ETHUSDT 1h: 当前价格=2243.82, EMA25=2248.07, EMA60=2296.43, EMA120=2368.51, 趋势=下跌趋势
[2025-06-23 21:35:42] ETHUSDT 4h: 当前价格=2243.82, EMA25=2341.02, EMA60=2440.01, EMA120=2491.88, 趋势=下跌趋势
[2025-06-23 21:35:42] ETHUSDT 1d: 当前价格=2245.38, EMA25=2472.98, EMA60=2391.94, EMA120=2378.27, 趋势=震荡行情
==============================

===== 趋势分析结果 (2025-06-23 21:50:43) =====
[2025-06-23 21:50:40] BTCUSDT 15m: 当前价格=102058.70, EMA25=101454.29, EMA60=101274.99, EMA120=101323.74, 趋势=上涨趋势
[2025-06-23 21:50:41] BTCUSDT 1h: 当前价格=102065.70, EMA25=101364.04, EMA60=101947.27, EMA120=102908.82, 趋势=震荡行情
[2025-06-23 21:50:42] BTCUSDT 4h: 当前价格=102065.50, EMA25=102530.60, EMA60=103919.76, EMA120=104703.07, 趋势=下跌趋势
[2025-06-23 21:50:42] BTCUSDT 1d: 当前价格=102065.50, EMA25=104533.78, EMA60=102073.76, EMA120=97992.37, 趋势=震荡行情
[2025-06-23 21:50:42] ETHUSDT 15m: 当前价格=2285.73, EMA25=2254.80, EMA60=2245.43, EMA120=2252.57, 趋势=上涨趋势
[2025-06-23 21:50:42] ETHUSDT 1h: 当前价格=2285.84, EMA25=2251.30, EMA60=2297.80, EMA120=2369.20, 趋势=震荡行情
[2025-06-23 21:50:43] ETHUSDT 4h: 当前价格=2286.11, EMA25=2344.27, EMA60=2441.39, EMA120=2492.58, 趋势=下跌趋势
[2025-06-23 21:50:43] ETHUSDT 1d: 当前价格=2287.32, EMA25=2476.21, EMA60=2393.31, EMA120=2378.96, 趋势=震荡行情
==============================

===== 趋势分析结果 (2025-06-23 22:05:39) =====
[2025-06-23 22:05:37] BTCUSDT 15m: 当前价格=102349.60, EMA25=101540.72, EMA60=101318.07, EMA120=101344.72, 趋势=上涨趋势
[2025-06-23 22:05:37] BTCUSDT 1h: 当前价格=102386.90, EMA25=101459.79, EMA60=101969.31, EMA120=102904.09, 趋势=震荡行情
[2025-06-23 22:05:37] BTCUSDT 4h: 当前价格=102350.00, EMA25=102552.48, EMA60=103929.08, EMA120=104707.77, 趋势=下跌趋势
[2025-06-23 22:05:38] BTCUSDT 1d: 当前价格=102356.70, EMA25=104556.18, EMA60=102083.31, EMA120=97997.18, 趋势=震荡行情
[2025-06-23 22:05:38] ETHUSDT 15m: 当前价格=2302.89, EMA25=2259.09, EMA60=2247.58, EMA120=2253.54, 趋势=上涨趋势
[2025-06-23 22:05:38] ETHUSDT 1h: 当前价格=2302.89, EMA25=2255.85, EMA60=2298.23, EMA120=2368.24, 趋势=震荡行情
[2025-06-23 22:05:38] ETHUSDT 4h: 当前价格=2302.89, EMA25=2345.56, EMA60=2441.94, EMA120=2492.86, 趋势=下跌趋势
[2025-06-23 22:05:39] ETHUSDT 1d: 当前价格=2302.89, EMA25=2477.41, EMA60=2393.82, EMA120=2379.22, 趋势=震荡行情
==============================

===== 趋势分析结果 (2025-06-23 22:20:39) =====
[2025-06-23 22:20:37] BTCUSDT 15m: 当前价格=102250.00, EMA25=101584.49, EMA60=101343.80, EMA120=101357.22, 趋势=上涨趋势
[2025-06-23 22:20:37] BTCUSDT 1h: 当前价格=102246.60, EMA25=101449.00, EMA60=101964.71, EMA120=102901.78, 趋势=震荡行情
[2025-06-23 22:20:37] BTCUSDT 4h: 当前价格=102246.60, EMA25=102544.53, EMA60=103925.69, EMA120=104706.06, 趋势=下跌趋势
[2025-06-23 22:20:38] BTCUSDT 1d: 当前价格=102242.50, EMA25=104547.40, EMA60=102079.56, EMA120=97995.30, 趋势=震荡行情
[2025-06-23 22:20:38] ETHUSDT 15m: 当前价格=2300.67, EMA25=2262.05, EMA60=2249.21, EMA120=2254.27, 趋势=上涨趋势
[2025-06-23 22:20:39] ETHUSDT 1h: 当前价格=2300.67, EMA25=2255.68, EMA60=2298.16, EMA120=2368.21, 趋势=震荡行情
[2025-06-23 22:20:39] ETHUSDT 4h: 当前价格=2299.70, EMA25=2345.32, EMA60=2441.84, EMA120=2492.80, 趋势=下跌趋势
[2025-06-23 22:20:39] ETHUSDT 1d: 当前价格=2300.67, EMA25=2477.23, EMA60=2393.75, EMA120=2379.18, 趋势=震荡行情
==============================

===== 趋势分析结果 (2025-06-23 22:35:39) =====
[2025-06-23 22:35:37] BTCUSDT 15m: 当前价格=101825.40, EMA25=101568.71, EMA60=101344.27, EMA120=101357.11, 趋势=上涨趋势
[2025-06-23 22:35:37] BTCUSDT 1h: 当前价格=101807.00, EMA25=101415.18, EMA60=101950.29, EMA120=102894.51, 趋势=震荡行情
[2025-06-23 22:35:37] BTCUSDT 4h: 当前价格=101807.00, EMA25=102510.71, EMA60=103911.28, EMA120=104698.80, 趋势=下跌趋势
[2025-06-23 22:35:37] BTCUSDT 1d: 当前价格=101807.00, EMA25=104513.90, EMA60=102065.28, EMA120=97988.10, 趋势=震荡行情
[2025-06-23 22:35:38] ETHUSDT 15m: 当前价格=2284.72, EMA25=2262.28, EMA60=2249.70, EMA120=2254.42, 趋势=上涨趋势
[2025-06-23 22:35:38] ETHUSDT 1h: 当前价格=2284.48, EMA25=2254.43, EMA60=2297.63, EMA120=2367.94, 趋势=震荡行情
[2025-06-23 22:35:38] ETHUSDT 4h: 当前价格=2284.32, EMA25=2344.14, EMA60=2441.33, EMA120=2492.55, 趋势=下跌趋势
[2025-06-23 22:35:39] ETHUSDT 1d: 当前价格=2284.72, EMA25=2476.01, EMA60=2393.23, EMA120=2378.92, 趋势=震荡行情
==============================

===== 趋势分析结果 (2025-06-23 22:50:39) =====
[2025-06-23 22:50:37] BTCUSDT 15m: 当前价格=101660.20, EMA25=101569.90, EMA60=101352.01, EMA120=101360.79, 趋势=上涨趋势
[2025-06-23 22:50:37] BTCUSDT 1h: 当前价格=101660.30, EMA25=101403.90, EMA60=101945.49, EMA120=102892.08, 趋势=震荡行情
[2025-06-23 22:50:37] BTCUSDT 4h: 当前价格=101660.20, EMA25=102499.42, EMA60=103906.47, EMA120=104696.37, 趋势=下跌趋势
[2025-06-23 22:50:37] BTCUSDT 1d: 当前价格=101660.30, EMA25=104502.61, EMA60=102060.47, EMA120=97985.67, 趋势=震荡行情
[2025-06-23 22:50:38] ETHUSDT 15m: 当前价格=2278.54, EMA25=2263.46, EMA60=2250.62, EMA120=2254.80, 趋势=上涨趋势
[2025-06-23 22:50:38] ETHUSDT 1h: 当前价格=2278.54, EMA25=2253.98, EMA60=2297.43, EMA120=2367.84, 趋势=震荡行情
[2025-06-23 22:50:38] ETHUSDT 4h: 当前价格=2278.54, EMA25=2343.69, EMA60=2441.14, EMA120=2492.45, 趋势=下跌趋势
[2025-06-23 22:50:39] ETHUSDT 1d: 当前价格=2278.82, EMA25=2475.55, EMA60=2393.03, EMA120=2378.82, 趋势=震荡行情
==============================

===== 趋势分析结果 (2025-06-23 23:05:42) =====
[2025-06-23 23:05:37] BTCUSDT 15m: 当前价格=101997.60, EMA25=101597.49, EMA60=101370.81, EMA120=101370.11, 趋势=上涨趋势
[2025-06-23 23:05:37] BTCUSDT 1h: 当前价格=101942.70, EMA25=101440.02, EMA60=101943.02, EMA120=102875.16, 趋势=震荡行情
[2025-06-23 23:05:37] BTCUSDT 4h: 当前价格=101942.70, EMA25=102521.15, EMA60=103915.73, EMA120=104701.04, 趋势=下跌趋势
[2025-06-23 23:05:37] BTCUSDT 1d: 当前价格=101942.70, EMA25=104524.34, EMA60=102069.73, EMA120=97990.34, 趋势=震荡行情
[2025-06-23 23:05:38] ETHUSDT 15m: 当前价格=2282.88, EMA25=2264.58, EMA60=2251.50, EMA120=2255.18, 趋势=上涨趋势
[2025-06-23 23:05:39] ETHUSDT 1h: 当前价格=2282.25, EMA25=2255.77, EMA60=2296.76, EMA120=2366.34, 趋势=震荡行情
[2025-06-23 23:05:39] ETHUSDT 4h: 当前价格=2282.77, EMA25=2344.02, EMA60=2441.28, EMA120=2492.52, 趋势=下跌趋势
[2025-06-23 23:05:42] ETHUSDT 1d: 当前价格=2282.25, EMA25=2475.82, EMA60=2393.14, EMA120=2378.88, 趋势=震荡行情
==============================

===== 趋势分析结果 (2025-06-23 23:20:40) =====
[2025-06-23 23:20:37] BTCUSDT 15m: 当前价格=101925.20, EMA25=101620.12, EMA60=101387.83, EMA120=101378.70, 趋势=上涨趋势
[2025-06-23 23:20:37] BTCUSDT 1h: 当前价格=101929.80, EMA25=101439.03, EMA60=101942.60, EMA120=102874.94, 趋势=震荡行情
[2025-06-23 23:20:37] BTCUSDT 4h: 当前价格=101929.80, EMA25=102520.16, EMA60=103915.31, EMA120=104700.83, 趋势=下跌趋势
[2025-06-23 23:20:39] BTCUSDT 1d: 当前价格=101929.80, EMA25=104523.34, EMA60=102069.31, EMA120=97990.13, 趋势=震荡行情
[2025-06-23 23:20:39] ETHUSDT 15m: 当前价格=2286.82, EMA25=2266.50, EMA60=2252.76, EMA120=2255.75, 趋势=上涨趋势
[2025-06-23 23:20:39] ETHUSDT 1h: 当前价格=2286.43, EMA25=2256.09, EMA60=2296.90, EMA120=2366.41, 趋势=震荡行情
[2025-06-23 23:20:39] ETHUSDT 4h: 当前价格=2286.81, EMA25=2344.33, EMA60=2441.41, EMA120=2492.59, 趋势=下跌趋势
[2025-06-23 23:20:40] ETHUSDT 1d: 当前价格=2286.82, EMA25=2476.17, EMA60=2393.29, EMA120=2378.95, 趋势=震荡行情
==============================

===== 趋势分析结果 (2025-06-23 23:35:39) =====
[2025-06-23 23:35:37] BTCUSDT 15m: 当前价格=101670.80, EMA25=101592.18, EMA60=101382.90, EMA120=101376.26, 趋势=上涨趋势
[2025-06-23 23:35:37] BTCUSDT 1h: 当前价格=101670.80, EMA25=101419.11, EMA60=101934.10, EMA120=102870.66, 趋势=震荡行情
[2025-06-23 23:35:37] BTCUSDT 4h: 当前价格=101639.60, EMA25=102497.84, EMA60=103905.79, EMA120=104696.03, 趋势=下跌趋势
[2025-06-23 23:35:38] BTCUSDT 1d: 当前价格=101670.80, EMA25=104503.42, EMA60=102060.82, EMA120=97985.85, 趋势=震荡行情
[2025-06-23 23:35:38] ETHUSDT 15m: 当前价格=2269.50, EMA25=2265.16, EMA60=2252.61, EMA120=2255.62, 趋势=上涨趋势
[2025-06-23 23:35:38] ETHUSDT 1h: 当前价格=2268.76, EMA25=2254.73, EMA60=2296.32, EMA120=2366.12, 趋势=震荡行情
[2025-06-23 23:35:38] ETHUSDT 4h: 当前价格=2269.50, EMA25=2343.00, EMA60=2440.85, EMA120=2492.30, 趋势=下跌趋势
[2025-06-23 23:35:39] ETHUSDT 1d: 当前价格=2269.50, EMA25=2474.84, EMA60=2392.73, EMA120=2378.67, 趋势=震荡行情
==============================

