===== 趋势分析结果 (2025-06-20 12:47:23) =====
[2025-06-20 12:47:21] BTCUSDT 15m: 当前价格=104270.40, EMA25=104497.10, EMA60=104498.47, EMA120=104563.40, 趋势=下跌趋势
[2025-06-20 12:47:21] BTCUSDT 1h: 当前价格=104270.30, EMA25=104510.43, EMA60=104768.13, EMA120=105174.02, 趋势=下跌趋势
[2025-06-20 12:47:21] BTCUSDT 4h: 当前价格=104270.30, EMA25=104994.80, EMA60=105551.76, EMA120=105647.65, 趋势=下跌趋势
[2025-06-20 12:47:22] BTCUSDT 1d: 当前价格=104270.30, EMA25=105386.09, EMA60=102148.41, EMA120=97819.50, 趋势=震荡行情
[2025-06-20 12:47:22] ETHUSDT 15m: 当前价格=2507.19, EMA25=2516.13, EMA60=2515.62, EMA120=2516.44, 趋势=下跌趋势
[2025-06-20 12:47:22] ETHUSDT 1h: 当前价格=2507.83, EMA25=2514.69, EMA60=2522.07, EMA120=2538.97, 趋势=下跌趋势
[2025-06-20 12:47:22] ETHUSDT 4h: 当前价格=2507.61, EMA25=2531.56, EMA60=2558.27, EMA120=2558.27, 趋势=下跌趋势
[2025-06-20 12:47:23] ETHUSDT 1d: 当前价格=2507.83, EMA25=2540.25, EMA60=2409.71, EMA120=2386.25, 趋势=震荡行情
==============================

===== 趋势分析结果 (2025-06-20 13:02:25) =====
[2025-06-20 13:02:23] BTCUSDT 15m: 当前价格=104226.50, EMA25=104472.65, EMA60=104487.93, EMA120=104556.98, 趋势=下跌趋势
[2025-06-20 13:02:23] BTCUSDT 1h: 当前价格=104226.40, EMA25=104484.95, EMA60=104748.75, EMA120=105157.50, 趋势=下跌趋势
[2025-06-20 13:02:24] BTCUSDT 4h: 当前价格=104226.40, EMA25=104991.42, EMA60=105550.32, EMA120=105646.93, 趋势=下跌趋势
[2025-06-20 13:02:24] BTCUSDT 1d: 当前价格=104226.40, EMA25=105382.72, EMA60=102146.97, EMA120=97818.77, 趋势=震荡行情
[2025-06-20 13:02:24] ETHUSDT 15m: 当前价格=2504.58, EMA25=2514.95, EMA60=2515.13, EMA120=2516.18, 趋势=下跌趋势
[2025-06-20 13:02:24] ETHUSDT 1h: 当前价格=2504.25, EMA25=2513.55, EMA60=2521.33, EMA120=2538.32, 趋势=下跌趋势
[2025-06-20 13:02:25] ETHUSDT 4h: 当前价格=2504.58, EMA25=2531.32, EMA60=2558.17, EMA120=2558.22, 趋势=下跌趋势
[2025-06-20 13:02:25] ETHUSDT 1d: 当前价格=2504.25, EMA25=2539.97, EMA60=2409.59, EMA120=2386.19, 趋势=震荡行情
==============================

===== 趋势分析结果 (2025-06-20 13:17:25) =====
[2025-06-20 13:17:23] BTCUSDT 15m: 当前价格=104345.90, EMA25=104470.26, EMA60=104486.56, EMA120=104555.16, 趋势=下跌趋势
[2025-06-20 13:17:23] BTCUSDT 1h: 当前价格=104345.90, EMA25=104494.14, EMA60=104752.67, EMA120=105159.48, 趋势=下跌趋势
[2025-06-20 13:17:24] BTCUSDT 4h: 当前价格=104345.90, EMA25=105000.62, EMA60=105554.24, EMA120=105648.90, 趋势=下跌趋势
[2025-06-20 13:17:24] BTCUSDT 1d: 当前价格=104345.90, EMA25=105391.91, EMA60=102150.89, EMA120=97820.75, 趋势=震荡行情
[2025-06-20 13:17:24] ETHUSDT 15m: 当前价格=2507.00, EMA25=2514.53, EMA60=2514.95, EMA120=2516.07, 趋势=下跌趋势
[2025-06-20 13:17:25] ETHUSDT 1h: 当前价格=2507.00, EMA25=2513.76, EMA60=2521.42, EMA120=2538.36, 趋势=下跌趋势
[2025-06-20 13:17:25] ETHUSDT 4h: 当前价格=2507.00, EMA25=2531.51, EMA60=2558.25, EMA120=2558.26, 趋势=下跌趋势
[2025-06-20 13:17:25] ETHUSDT 1d: 当前价格=2507.00, EMA25=2540.18, EMA60=2409.68, EMA120=2386.24, 趋势=震荡行情
==============================

===== 趋势分析结果 (2025-06-20 13:32:25) =====
[2025-06-20 13:32:23] BTCUSDT 15m: 当前价格=104329.00, EMA25=104456.06, EMA60=104479.91, EMA120=104550.64, 趋势=下跌趋势
[2025-06-20 13:32:23] BTCUSDT 1h: 当前价格=104329.00, EMA25=104492.84, EMA60=104752.11, EMA120=105159.20, 趋势=下跌趋势
[2025-06-20 13:32:24] BTCUSDT 4h: 当前价格=104333.20, EMA25=104999.64, EMA60=105553.82, EMA120=105648.69, 趋势=下跌趋势
[2025-06-20 13:32:24] BTCUSDT 1d: 当前价格=104329.00, EMA25=105390.61, EMA60=102150.33, EMA120=97820.47, 趋势=震荡行情
[2025-06-20 13:32:24] ETHUSDT 15m: 当前价格=2506.94, EMA25=2513.90, EMA60=2514.66, EMA120=2515.91, 趋势=下跌趋势
[2025-06-20 13:32:24] ETHUSDT 1h: 当前价格=2506.93, EMA25=2513.76, EMA60=2521.42, EMA120=2538.36, 趋势=下跌趋势
[2025-06-20 13:32:25] ETHUSDT 4h: 当前价格=2506.94, EMA25=2531.51, EMA60=2558.25, EMA120=2558.26, 趋势=下跌趋势
[2025-06-20 13:32:25] ETHUSDT 1d: 当前价格=2506.89, EMA25=2540.18, EMA60=2409.68, EMA120=2386.23, 趋势=震荡行情
==============================

===== 趋势分析结果 (2025-06-20 13:47:25) =====
[2025-06-20 13:47:23] BTCUSDT 15m: 当前价格=104448.30, EMA25=104463.94, EMA60=104482.66, EMA120=104550.87, 趋势=下跌趋势
[2025-06-20 13:47:23] BTCUSDT 1h: 当前价格=104448.30, EMA25=104502.02, EMA60=104756.02, EMA120=105161.17, 趋势=下跌趋势
[2025-06-20 13:47:24] BTCUSDT 4h: 当前价格=104448.30, EMA25=105008.49, EMA60=105557.60, EMA120=105650.60, 趋势=下跌趋势
[2025-06-20 13:47:24] BTCUSDT 1d: 当前价格=104448.30, EMA25=105399.78, EMA60=102154.24, EMA120=97822.44, 趋势=震荡行情
[2025-06-20 13:47:24] ETHUSDT 15m: 当前价格=2512.19, EMA25=2514.14, EMA60=2514.75, EMA120=2515.93, 趋势=下跌趋势
[2025-06-20 13:47:24] ETHUSDT 1h: 当前价格=2512.19, EMA25=2514.16, EMA60=2521.59, EMA120=2538.45, 趋势=下跌趋势
[2025-06-20 13:47:25] ETHUSDT 4h: 当前价格=2512.19, EMA25=2531.91, EMA60=2558.42, EMA120=2558.34, 趋势=下跌趋势
[2025-06-20 13:47:25] ETHUSDT 1d: 当前价格=2512.30, EMA25=2540.59, EMA60=2409.85, EMA120=2386.32, 趋势=震荡行情
==============================

===== 趋势分析结果 (2025-06-20 14:02:25) =====
[2025-06-20 14:02:23] BTCUSDT 15m: 当前价格=104586.70, EMA25=104480.54, EMA60=104489.26, EMA120=104553.08, 趋势=震荡行情
[2025-06-20 14:02:23] BTCUSDT 1h: 当前价格=104586.70, EMA25=104515.68, EMA60=104753.67, EMA120=105153.29, 趋势=震荡行情
[2025-06-20 14:02:24] BTCUSDT 4h: 当前价格=104586.70, EMA25=105019.14, EMA60=105562.13, EMA120=105652.88, 趋势=下跌趋势
[2025-06-20 14:02:24] BTCUSDT 1d: 当前价格=104586.70, EMA25=105410.43, EMA60=102158.78, EMA120=97824.73, 趋势=震荡行情
[2025-06-20 14:02:24] ETHUSDT 15m: 当前价格=2515.75, EMA25=2514.44, EMA60=2514.86, EMA120=2515.97, 趋势=震荡行情
[2025-06-20 14:02:24] ETHUSDT 1h: 当前价格=2515.75, EMA25=2514.46, EMA60=2521.48, EMA120=2538.11, 趋势=震荡行情
[2025-06-20 14:02:25] ETHUSDT 4h: 当前价格=2515.75, EMA25=2532.18, EMA60=2558.54, EMA120=2558.40, 趋势=下跌趋势
[2025-06-20 14:02:25] ETHUSDT 1d: 当前价格=2515.75, EMA25=2540.86, EMA60=2409.97, EMA120=2386.38, 趋势=震荡行情
==============================

===== 趋势分析结果 (2025-06-20 14:17:25) =====
[2025-06-20 14:17:23] BTCUSDT 15m: 当前价格=104582.90, EMA25=104490.91, EMA60=104493.45, EMA120=104554.12, 趋势=震荡行情
[2025-06-20 14:17:23] BTCUSDT 1h: 当前价格=104582.80, EMA25=104515.38, EMA60=104753.54, EMA120=105153.23, 趋势=震荡行情
[2025-06-20 14:17:24] BTCUSDT 4h: 当前价格=104582.90, EMA25=105018.85, EMA60=105562.01, EMA120=105652.82, 趋势=下跌趋势
[2025-06-20 14:17:24] BTCUSDT 1d: 当前价格=104582.80, EMA25=105410.13, EMA60=102158.65, EMA120=97824.66, 趋势=震荡行情
[2025-06-20 14:17:24] ETHUSDT 15m: 当前价格=2518.34, EMA25=2515.01, EMA60=2515.09, EMA120=2516.07, 趋势=震荡行情
[2025-06-20 14:17:24] ETHUSDT 1h: 当前价格=2518.34, EMA25=2514.66, EMA60=2521.57, EMA120=2538.16, 趋势=震荡行情
[2025-06-20 14:17:25] ETHUSDT 4h: 当前价格=2518.66, EMA25=2532.41, EMA60=2558.64, EMA120=2558.45, 趋势=下跌趋势
[2025-06-20 14:17:25] ETHUSDT 1d: 当前价格=2518.65, EMA25=2541.08, EMA60=2410.06, EMA120=2386.43, 趋势=震荡行情
==============================

===== 趋势分析结果 (2025-06-20 14:32:25) =====
[2025-06-20 14:32:23] BTCUSDT 15m: 当前价格=104683.90, EMA25=104510.23, EMA60=104501.69, EMA120=104557.27, 趋势=震荡行情
[2025-06-20 14:32:23] BTCUSDT 1h: 当前价格=104683.90, EMA25=104523.16, EMA60=104756.85, EMA120=105154.90, 趋势=震荡行情
[2025-06-20 14:32:24] BTCUSDT 4h: 当前价格=104683.90, EMA25=105026.62, EMA60=105565.32, EMA120=105654.49, 趋势=下跌趋势
[2025-06-20 14:32:24] BTCUSDT 1d: 当前价格=104683.90, EMA25=105417.91, EMA60=102161.97, EMA120=97826.33, 趋势=震荡行情
[2025-06-20 14:32:24] ETHUSDT 15m: 当前价格=2520.03, EMA25=2515.58, EMA60=2515.34, EMA120=2516.17, 趋势=震荡行情
[2025-06-20 14:32:24] ETHUSDT 1h: 当前价格=2520.03, EMA25=2514.79, EMA60=2521.62, EMA120=2538.18, 趋势=震荡行情
[2025-06-20 14:32:25] ETHUSDT 4h: 当前价格=2520.03, EMA25=2532.51, EMA60=2558.68, EMA120=2558.47, 趋势=下跌趋势
[2025-06-20 14:32:25] ETHUSDT 1d: 当前价格=2520.03, EMA25=2541.19, EMA60=2410.11, EMA120=2386.45, 趋势=震荡行情
==============================

===== 趋势分析结果 (2025-06-20 14:47:25) =====
[2025-06-20 14:47:23] BTCUSDT 15m: 当前价格=104666.10, EMA25=104524.13, EMA60=104507.94, EMA120=104559.49, 趋势=震荡行情
[2025-06-20 14:47:23] BTCUSDT 1h: 当前价格=104666.10, EMA25=104521.79, EMA60=104756.27, EMA120=105154.60, 趋势=震荡行情
[2025-06-20 14:47:24] BTCUSDT 4h: 当前价格=104666.00, EMA25=105025.24, EMA60=105564.73, EMA120=105654.19, 趋势=下跌趋势
[2025-06-20 14:47:24] BTCUSDT 1d: 当前价格=104666.10, EMA25=105416.54, EMA60=102161.38, EMA120=97826.04, 趋势=震荡行情
[2025-06-20 14:47:24] ETHUSDT 15m: 当前价格=2518.30, EMA25=2515.85, EMA60=2515.46, EMA120=2516.22, 趋势=震荡行情
[2025-06-20 14:47:24] ETHUSDT 1h: 当前价格=2518.30, EMA25=2514.66, EMA60=2521.57, EMA120=2538.16, 趋势=震荡行情
[2025-06-20 14:47:25] ETHUSDT 4h: 当前价格=2518.30, EMA25=2532.38, EMA60=2558.62, EMA120=2558.44, 趋势=下跌趋势
[2025-06-20 14:47:25] ETHUSDT 1d: 当前价格=2518.30, EMA25=2541.05, EMA60=2410.05, EMA120=2386.42, 趋势=震荡行情
==============================

===== 趋势分析结果 (2025-06-20 15:02:25) =====
[2025-06-20 15:02:23] BTCUSDT 15m: 当前价格=104655.30, EMA25=104535.16, EMA60=104513.19, EMA120=104561.26, 趋势=震荡行情
[2025-06-20 15:02:23] BTCUSDT 1h: 当前价格=104655.40, EMA25=104533.01, EMA60=104753.38, EMA120=105146.55, 趋势=震荡行情
[2025-06-20 15:02:24] BTCUSDT 4h: 当前价格=104655.30, EMA25=105024.42, EMA60=105564.38, EMA120=105654.02, 趋势=下跌趋势
[2025-06-20 15:02:24] BTCUSDT 1d: 当前价格=104655.30, EMA25=105415.71, EMA60=102161.03, EMA120=97825.86, 趋势=震荡行情
[2025-06-20 15:02:24] ETHUSDT 15m: 当前价格=2520.32, EMA25=2516.32, EMA60=2515.68, EMA120=2516.32, 趋势=上涨趋势
[2025-06-20 15:02:24] ETHUSDT 1h: 当前价格=2520.32, EMA25=2515.22, EMA60=2521.58, EMA120=2537.89, 趋势=震荡行情
[2025-06-20 15:02:25] ETHUSDT 4h: 当前价格=2520.33, EMA25=2532.54, EMA60=2558.69, EMA120=2558.48, 趋势=下跌趋势
[2025-06-20 15:02:25] ETHUSDT 1d: 当前价格=2520.32, EMA25=2541.21, EMA60=2410.12, EMA120=2386.46, 趋势=震荡行情
==============================

===== 趋势分析结果 (2025-06-20 15:17:25) =====
[2025-06-20 15:17:23] BTCUSDT 15m: 当前价格=104784.00, EMA25=104557.72, EMA60=104523.59, EMA120=104565.71, 趋势=震荡行情
[2025-06-20 15:17:23] BTCUSDT 1h: 当前价格=104793.30, EMA25=104543.61, EMA60=104757.90, EMA120=105148.83, 趋势=震荡行情
[2025-06-20 15:17:24] BTCUSDT 4h: 当前价格=104784.00, EMA25=105034.32, EMA60=105568.60, EMA120=105656.14, 趋势=下跌趋势
[2025-06-20 15:17:24] BTCUSDT 1d: 当前价格=104793.30, EMA25=105426.32, EMA60=102165.55, EMA120=97828.14, 趋势=震荡行情
[2025-06-20 15:17:24] ETHUSDT 15m: 当前价格=2525.74, EMA25=2517.37, EMA60=2516.15, EMA120=2516.55, 趋势=上涨趋势
[2025-06-20 15:17:24] ETHUSDT 1h: 当前价格=2525.74, EMA25=2515.63, EMA60=2521.76, EMA120=2537.98, 趋势=震荡行情
[2025-06-20 15:17:25] ETHUSDT 4h: 当前价格=2525.74, EMA25=2532.95, EMA60=2558.87, EMA120=2558.57, 趋势=下跌趋势
[2025-06-20 15:17:25] ETHUSDT 1d: 当前价格=2525.74, EMA25=2541.63, EMA60=2410.29, EMA120=2386.55, 趋势=震荡行情
==============================

===== 趋势分析结果 (2025-06-20 15:39:52) =====
==============================

===== 趋势分析结果 (2025-06-20 15:47:26) =====
[2025-06-20 15:47:23] BTCUSDT 15m: 当前价格=105348.60, EMA25=104701.80, EMA60=104589.38, EMA120=104597.87, 趋势=上涨趋势
[2025-06-20 15:47:24] BTCUSDT 1h: 当前价格=105348.60, EMA25=104586.33, EMA60=104776.11, EMA120=105158.01, 趋势=震荡行情
[2025-06-20 15:47:24] BTCUSDT 4h: 当前价格=105358.40, EMA25=105078.50, EMA60=105587.44, EMA120=105665.64, 趋势=震荡行情
[2025-06-20 15:47:24] BTCUSDT 1d: 当前价格=105358.40, EMA25=105469.79, EMA60=102184.08, EMA120=97837.48, 趋势=震荡行情
[2025-06-20 15:47:25] ETHUSDT 15m: 当前价格=2535.92, EMA25=2520.83, EMA60=2517.76, EMA120=2517.35, 趋势=上涨趋势
[2025-06-20 15:47:25] ETHUSDT 1h: 当前价格=2535.92, EMA25=2516.42, EMA60=2522.09, EMA120=2538.15, 趋势=震荡行情
[2025-06-20 15:47:26] ETHUSDT 4h: 当前价格=2535.92, EMA25=2533.74, EMA60=2559.20, EMA120=2558.74, 趋势=震荡行情
[2025-06-20 15:47:26] ETHUSDT 1d: 当前价格=2535.50, EMA25=2542.38, EMA60=2410.61, EMA120=2386.71, 趋势=震荡行情
==============================

===== 趋势分析结果 (2025-06-20 16:02:26) =====
[2025-06-20 16:02:23] BTCUSDT 15m: 当前价格=105767.20, EMA25=104813.22, EMA60=104641.15, EMA120=104623.92, 趋势=上涨趋势
[2025-06-20 16:02:24] BTCUSDT 1h: 当前价格=105767.20, EMA25=104706.63, EMA60=104821.76, EMA120=105174.81, 趋势=震荡行情
[2025-06-20 16:02:24] BTCUSDT 4h: 当前价格=105767.10, EMA25=105160.24, EMA60=105606.17, EMA120=105673.85, 趋势=震荡行情
[2025-06-20 16:02:25] BTCUSDT 1d: 当前价格=105767.20, EMA25=105501.24, EMA60=102197.49, EMA120=97844.24, 趋势=上涨趋势
[2025-06-20 16:02:25] ETHUSDT 15m: 当前价格=2548.59, EMA25=2523.87, EMA60=2519.17, EMA120=2518.07, 趋势=上涨趋势
[2025-06-20 16:02:25] ETHUSDT 1h: 当前价格=2548.59, EMA25=2519.79, EMA60=2523.36, EMA120=2538.52, 趋势=震荡行情
[2025-06-20 16:02:26] ETHUSDT 4h: 当前价格=2548.59, EMA25=2535.78, EMA60=2559.26, EMA120=2558.77, 趋势=震荡行情
[2025-06-20 16:02:26] ETHUSDT 1d: 当前价格=2548.21, EMA25=2543.35, EMA60=2411.03, EMA120=2386.92, 趋势=上涨趋势
==============================

===== 趋势分析结果 (2025-06-20 16:17:26) =====
[2025-06-20 16:17:23] BTCUSDT 15m: 当前价格=106300.00, EMA25=104958.05, EMA60=104709.15, EMA120=104658.58, 趋势=上涨趋势
[2025-06-20 16:17:24] BTCUSDT 1h: 当前价格=106270.10, EMA25=104745.31, EMA60=104838.25, EMA120=105183.13, 趋势=震荡行情
[2025-06-20 16:17:24] BTCUSDT 4h: 当前价格=106268.00, EMA25=105198.77, EMA60=105622.60, EMA120=105682.13, 趋势=震荡行情
[2025-06-20 16:17:24] BTCUSDT 1d: 当前价格=106270.10, EMA25=105539.92, EMA60=102213.97, EMA120=97852.55, 趋势=上涨趋势
[2025-06-20 16:17:25] ETHUSDT 15m: 当前价格=2564.61, EMA25=2528.11, EMA60=2521.16, EMA120=2519.09, 趋势=上涨趋势
[2025-06-20 16:17:25] ETHUSDT 1h: 当前价格=2564.83, EMA25=2521.04, EMA60=2523.90, EMA120=2538.79, 趋势=震荡行情
[2025-06-20 16:17:26] ETHUSDT 4h: 当前价格=2564.83, EMA25=2537.03, EMA60=2559.79, EMA120=2559.04, 趋势=震荡行情
[2025-06-20 16:17:26] ETHUSDT 1d: 当前价格=2564.61, EMA25=2544.62, EMA60=2411.57, EMA120=2387.19, 趋势=上涨趋势
==============================

===== 趋势分析结果 (2025-06-20 16:32:26) =====
[2025-06-20 16:32:23] BTCUSDT 15m: 当前价格=106264.20, EMA25=105062.69, EMA60=104761.99, EMA120=104686.06, 趋势=上涨趋势
[2025-06-20 16:32:24] BTCUSDT 1h: 当前价格=106253.30, EMA25=104744.02, EMA60=104837.70, EMA120=105182.85, 趋势=震荡行情
[2025-06-20 16:32:24] BTCUSDT 4h: 当前价格=106269.20, EMA25=105198.86, EMA60=105622.64, EMA120=105682.15, 趋势=震荡行情
[2025-06-20 16:32:24] BTCUSDT 1d: 当前价格=106264.80, EMA25=105539.52, EMA60=102213.80, EMA120=97852.47, 趋势=上涨趋势
[2025-06-20 16:32:25] ETHUSDT 15m: 当前价格=2555.76, EMA25=2529.91, EMA60=2522.14, EMA120=2519.62, 趋势=上涨趋势
[2025-06-20 16:32:25] ETHUSDT 1h: 当前价格=2555.76, EMA25=2520.34, EMA60=2523.60, EMA120=2538.64, 趋势=震荡行情
[2025-06-20 16:32:25] ETHUSDT 4h: 当前价格=2555.46, EMA25=2536.31, EMA60=2559.48, EMA120=2558.89, 趋势=震荡行情
[2025-06-20 16:32:26] ETHUSDT 1d: 当前价格=2555.96, EMA25=2543.95, EMA60=2411.28, EMA120=2387.04, 趋势=上涨趋势
==============================

===== 趋势分析结果 (2025-06-20 16:47:26) =====
[2025-06-20 16:47:23] BTCUSDT 15m: 当前价格=105999.60, EMA25=105107.76, EMA60=104790.51, EMA120=104701.57, 趋势=上涨趋势
[2025-06-20 16:47:24] BTCUSDT 1h: 当前价格=106006.60, EMA25=104725.04, EMA60=104829.61, EMA120=105178.77, 趋势=震荡行情
[2025-06-20 16:47:24] BTCUSDT 4h: 当前价格=106003.60, EMA25=105178.43, EMA60=105613.93, EMA120=105677.76, 趋势=震荡行情
[2025-06-20 16:47:24] BTCUSDT 1d: 当前价格=106003.60, EMA25=105519.42, EMA60=102205.24, EMA120=97848.15, 趋势=上涨趋势
[2025-06-20 16:47:25] ETHUSDT 15m: 当前价格=2549.70, EMA25=2530.49, EMA60=2522.63, EMA120=2519.91, 趋势=上涨趋势
[2025-06-20 16:47:25] ETHUSDT 1h: 当前价格=2549.70, EMA25=2519.88, EMA60=2523.40, EMA120=2538.54, 趋势=震荡行情
[2025-06-20 16:47:25] ETHUSDT 4h: 当前价格=2549.70, EMA25=2535.86, EMA60=2559.29, EMA120=2558.79, 趋势=震荡行情
[2025-06-20 16:47:26] ETHUSDT 1d: 当前价格=2549.70, EMA25=2543.47, EMA60=2411.08, EMA120=2386.94, 趋势=上涨趋势
==============================

===== 趋势分析结果 (2025-06-20 17:02:26) =====
[2025-06-20 17:02:23] BTCUSDT 15m: 当前价格=105980.00, EMA25=105168.50, EMA60=104826.67, EMA120=104721.22, 趋势=上涨趋势
[2025-06-20 17:02:24] BTCUSDT 1h: 当前价格=105980.00, EMA25=104814.73, EMA60=104864.27, EMA120=105190.43, 趋势=震荡行情
[2025-06-20 17:02:24] BTCUSDT 4h: 当前价格=105980.10, EMA25=105176.62, EMA60=105613.16, EMA120=105677.38, 趋势=震荡行情
[2025-06-20 17:02:24] BTCUSDT 1d: 当前价格=105980.10, EMA25=105517.62, EMA60=102204.47, EMA120=97847.76, 趋势=上涨趋势
[2025-06-20 17:02:25] ETHUSDT 15m: 当前价格=2551.59, EMA25=2532.32, EMA60=2523.67, EMA120=2520.48, 趋势=上涨趋势
[2025-06-20 17:02:25] ETHUSDT 1h: 当前价格=2551.64, EMA25=2522.53, EMA60=2524.42, EMA120=2538.80, 趋势=震荡行情
[2025-06-20 17:02:26] ETHUSDT 4h: 当前价格=2551.89, EMA25=2536.03, EMA60=2559.36, EMA120=2558.83, 趋势=震荡行情
[2025-06-20 17:02:26] ETHUSDT 1d: 当前价格=2551.59, EMA25=2543.61, EMA60=2411.14, EMA120=2386.97, 趋势=上涨趋势
==============================

===== 趋势分析结果 (2025-06-20 17:17:26) =====
[2025-06-20 17:17:23] BTCUSDT 15m: 当前价格=105813.20, EMA25=105219.61, EMA60=104859.69, EMA120=104739.60, 趋势=上涨趋势
[2025-06-20 17:17:24] BTCUSDT 1h: 当前价格=105813.20, EMA25=104801.89, EMA60=104858.80, EMA120=105187.68, 趋势=震荡行情
[2025-06-20 17:17:24] BTCUSDT 4h: 当前价格=105813.20, EMA25=105163.78, EMA60=105607.68, EMA120=105674.62, 趋势=震荡行情
[2025-06-20 17:17:24] BTCUSDT 1d: 当前价格=105813.20, EMA25=105504.78, EMA60=102198.99, EMA120=97845.00, 趋势=上涨趋势
[2025-06-20 17:17:25] ETHUSDT 15m: 当前价格=2550.82, EMA25=2533.95, EMA60=2524.65, EMA120=2521.02, 趋势=上涨趋势
[2025-06-20 17:17:25] ETHUSDT 1h: 当前价格=2550.66, EMA25=2522.45, EMA60=2524.39, EMA120=2538.79, 趋势=震荡行情
[2025-06-20 17:17:25] ETHUSDT 4h: 当前价格=2550.66, EMA25=2535.94, EMA60=2559.32, EMA120=2558.81, 趋势=震荡行情
[2025-06-20 17:17:26] ETHUSDT 1d: 当前价格=2550.66, EMA25=2543.54, EMA60=2411.11, EMA120=2386.96, 趋势=上涨趋势
==============================

===== 趋势分析结果 (2025-06-20 17:32:26) =====
[2025-06-20 17:32:23] BTCUSDT 15m: 当前价格=105797.40, EMA25=105262.21, EMA60=104889.62, EMA120=104756.65, 趋势=上涨趋势
[2025-06-20 17:32:24] BTCUSDT 1h: 当前价格=105797.30, EMA25=104800.67, EMA60=104858.28, EMA120=105187.42, 趋势=震荡行情
[2025-06-20 17:32:24] BTCUSDT 4h: 当前价格=105797.40, EMA25=105162.57, EMA60=105607.17, EMA120=105674.36, 趋势=震荡行情
[2025-06-20 17:32:25] BTCUSDT 1d: 当前价格=105797.40, EMA25=105503.56, EMA60=102198.48, EMA120=97844.74, 趋势=上涨趋势
[2025-06-20 17:32:25] ETHUSDT 15m: 当前价格=2547.20, EMA25=2534.67, EMA60=2525.26, EMA120=2521.39, 趋势=上涨趋势
[2025-06-20 17:32:25] ETHUSDT 1h: 当前价格=2547.20, EMA25=2522.19, EMA60=2524.27, EMA120=2538.73, 趋势=震荡行情
[2025-06-20 17:32:26] ETHUSDT 4h: 当前价格=2547.20, EMA25=2535.67, EMA60=2559.21, EMA120=2558.75, 趋势=震荡行情
[2025-06-20 17:32:26] ETHUSDT 1d: 当前价格=2547.20, EMA25=2543.28, EMA60=2411.00, EMA120=2386.90, 趋势=上涨趋势
==============================

===== 趋势分析结果 (2025-06-20 17:47:26) =====
[2025-06-20 17:47:23] BTCUSDT 15m: 当前价格=105866.50, EMA25=105314.49, EMA60=104924.23, EMA120=104776.31, 趋势=上涨趋势
[2025-06-20 17:47:24] BTCUSDT 1h: 当前价格=105866.50, EMA25=104805.99, EMA60=104860.55, EMA120=105188.56, 趋势=震荡行情
[2025-06-20 17:47:24] BTCUSDT 4h: 当前价格=105866.50, EMA25=105167.88, EMA60=105609.43, EMA120=105675.50, 趋势=震荡行情
[2025-06-20 17:47:24] BTCUSDT 1d: 当前价格=105866.50, EMA25=105508.88, EMA60=102200.74, EMA120=97845.88, 趋势=上涨趋势
[2025-06-20 17:47:25] ETHUSDT 15m: 当前价格=2550.51, EMA25=2536.19, EMA60=2526.22, EMA120=2521.94, 趋势=上涨趋势
[2025-06-20 17:47:25] ETHUSDT 1h: 当前价格=2550.65, EMA25=2522.45, EMA60=2524.39, EMA120=2538.79, 趋势=震荡行情
[2025-06-20 17:47:25] ETHUSDT 4h: 当前价格=2550.64, EMA25=2535.94, EMA60=2559.32, EMA120=2558.81, 趋势=震荡行情
[2025-06-20 17:47:26] ETHUSDT 1d: 当前价格=2550.65, EMA25=2543.54, EMA60=2411.11, EMA120=2386.96, 趋势=上涨趋势
==============================

===== 趋势分析结果 (2025-06-20 18:02:26) =====
[2025-06-20 18:02:23] BTCUSDT 15m: 当前价格=105920.10, EMA25=105363.29, EMA60=104957.87, EMA120=104795.71, 趋势=上涨趋势
[2025-06-20 18:02:24] BTCUSDT 1h: 当前价格=105929.90, EMA25=104894.66, EMA60=104896.60, EMA120=105201.30, 趋势=震荡行情
[2025-06-20 18:02:24] BTCUSDT 4h: 当前价格=105928.80, EMA25=105172.67, EMA60=105611.47, EMA120=105676.53, 趋势=震荡行情
[2025-06-20 18:02:24] BTCUSDT 1d: 当前价格=105929.90, EMA25=105513.75, EMA60=102202.82, EMA120=97846.93, 趋势=上涨趋势
[2025-06-20 18:02:25] ETHUSDT 15m: 当前价格=2552.96, EMA25=2537.62, EMA60=2527.16, EMA120=2522.48, 趋势=上涨趋势
[2025-06-20 18:02:25] ETHUSDT 1h: 当前价格=2552.96, EMA25=2524.93, EMA60=2525.38, EMA120=2539.05, 趋势=震荡行情
[2025-06-20 18:02:25] ETHUSDT 4h: 当前价格=2552.96, EMA25=2536.11, EMA60=2559.40, EMA120=2558.84, 趋势=震荡行情
[2025-06-20 18:02:26] ETHUSDT 1d: 当前价格=2552.96, EMA25=2543.72, EMA60=2411.19, EMA120=2387.00, 趋势=上涨趋势
==============================

===== 趋势分析结果 (2025-06-20 18:17:26) =====
[2025-06-20 18:17:23] BTCUSDT 15m: 当前价格=105885.50, EMA25=105404.48, EMA60=104988.74, EMA120=104813.93, 趋势=上涨趋势
[2025-06-20 18:17:24] BTCUSDT 1h: 当前价格=105885.40, EMA25=104891.24, EMA60=104895.14, EMA120=105200.57, 趋势=震荡行情
[2025-06-20 18:17:24] BTCUSDT 4h: 当前价格=105889.80, EMA25=105169.67, EMA60=105610.20, EMA120=105675.88, 趋势=震荡行情
[2025-06-20 18:17:24] BTCUSDT 1d: 当前价格=105885.50, EMA25=105510.34, EMA60=102201.36, EMA120=97846.20, 趋势=上涨趋势
[2025-06-20 18:17:25] ETHUSDT 15m: 当前价格=2548.91, EMA25=2538.26, EMA60=2527.77, EMA120=2522.87, 趋势=上涨趋势
[2025-06-20 18:17:25] ETHUSDT 1h: 当前价格=2548.91, EMA25=2524.62, EMA60=2525.25, EMA120=2538.98, 趋势=震荡行情
[2025-06-20 18:17:26] ETHUSDT 4h: 当前价格=2548.91, EMA25=2535.80, EMA60=2559.27, EMA120=2558.78, 趋势=震荡行情
[2025-06-20 18:17:26] ETHUSDT 1d: 当前价格=2548.91, EMA25=2543.41, EMA60=2411.05, EMA120=2386.93, 趋势=上涨趋势
==============================

===== 趋势分析结果 (2025-06-20 18:32:26) =====
[2025-06-20 18:32:23] BTCUSDT 15m: 当前价格=105986.20, EMA25=105455.08, EMA60=105024.06, EMA120=104834.63, 趋势=上涨趋势
[2025-06-20 18:32:24] BTCUSDT 1h: 当前价格=105986.20, EMA25=104898.99, EMA60=104898.44, EMA120=105202.23, 趋势=震荡行情
[2025-06-20 18:32:24] BTCUSDT 4h: 当前价格=105981.80, EMA25=105176.75, EMA60=105613.21, EMA120=105677.40, 趋势=震荡行情
[2025-06-20 18:32:24] BTCUSDT 1d: 当前价格=105981.90, EMA25=105517.75, EMA60=102204.52, EMA120=97847.79, 趋势=上涨趋势
[2025-06-20 18:32:25] ETHUSDT 15m: 当前价格=2553.69, EMA25=2539.75, EMA60=2528.76, EMA120=2523.44, 趋势=上涨趋势
[2025-06-20 18:32:25] ETHUSDT 1h: 当前价格=2553.69, EMA25=2524.99, EMA60=2525.41, EMA120=2539.06, 趋势=震荡行情
[2025-06-20 18:32:26] ETHUSDT 4h: 当前价格=2553.69, EMA25=2536.17, EMA60=2559.42, EMA120=2558.86, 趋势=震荡行情
[2025-06-20 18:32:26] ETHUSDT 1d: 当前价格=2553.68, EMA25=2543.78, EMA60=2411.21, EMA120=2387.01, 趋势=上涨趋势
==============================

===== 趋势分析结果 (2025-06-20 18:47:28) =====
[2025-06-20 18:47:23] BTCUSDT 15m: 当前价格=106000.10, EMA25=105503.26, EMA60=105058.86, EMA120=104855.31, 趋势=上涨趋势
[2025-06-20 18:47:24] BTCUSDT 1h: 当前价格=106000.00, EMA25=104900.06, EMA60=104898.89, EMA120=105202.46, 趋势=震荡行情
[2025-06-20 18:47:26] BTCUSDT 4h: 当前价格=106000.00, EMA25=105178.15, EMA60=105613.81, EMA120=105677.70, 趋势=震荡行情
[2025-06-20 18:47:26] BTCUSDT 1d: 当前价格=106000.10, EMA25=105519.15, EMA60=102205.12, EMA120=97848.09, 趋势=上涨趋势
[2025-06-20 18:47:27] ETHUSDT 15m: 当前价格=2552.55, EMA25=2540.84, EMA60=2529.58, EMA120=2523.95, 趋势=上涨趋势
[2025-06-20 18:47:27] ETHUSDT 1h: 当前价格=2552.55, EMA25=2524.90, EMA60=2525.37, EMA120=2539.04, 趋势=震荡行情
[2025-06-20 18:47:28] ETHUSDT 4h: 当前价格=2552.55, EMA25=2536.08, EMA60=2559.39, EMA120=2558.84, 趋势=震荡行情
[2025-06-20 18:47:28] ETHUSDT 1d: 当前价格=2552.55, EMA25=2543.69, EMA60=2411.17, EMA120=2386.99, 趋势=上涨趋势
==============================

===== 趋势分析结果 (2025-06-20 19:02:26) =====
[2025-06-20 19:02:23] BTCUSDT 15m: 当前价格=105925.40, EMA25=105529.80, EMA60=105084.62, EMA120=104871.63, 趋势=上涨趋势
[2025-06-20 19:02:24] BTCUSDT 1h: 当前价格=105925.50, EMA25=104973.01, EMA60=104929.91, EMA120=105213.06, 趋势=震荡行情
[2025-06-20 19:02:24] BTCUSDT 4h: 当前价格=105925.50, EMA25=105172.42, EMA60=105611.37, EMA120=105676.47, 趋势=震荡行情
[2025-06-20 19:02:24] BTCUSDT 1d: 当前价格=105925.50, EMA25=105513.42, EMA60=102202.68, EMA120=97846.86, 趋势=上涨趋势
[2025-06-20 19:02:25] ETHUSDT 15m: 当前价格=2550.72, EMA25=2541.54, EMA60=2530.25, EMA120=2524.38, 趋势=上涨趋势
[2025-06-20 19:02:25] ETHUSDT 1h: 当前价格=2550.99, EMA25=2526.85, EMA60=2526.18, EMA120=2539.23, 趋势=震荡行情
[2025-06-20 19:02:25] ETHUSDT 4h: 当前价格=2550.35, EMA25=2535.91, EMA60=2559.31, EMA120=2558.80, 趋势=震荡行情
[2025-06-20 19:02:26] ETHUSDT 1d: 当前价格=2550.35, EMA25=2543.52, EMA60=2411.10, EMA120=2386.95, 趋势=上涨趋势
==============================

===== 趋势分析结果 (2025-06-20 19:17:26) =====
[2025-06-20 19:17:23] BTCUSDT 15m: 当前价格=105771.90, EMA25=105545.55, EMA60=105105.87, EMA120=104885.84, 趋势=上涨趋势
[2025-06-20 19:17:24] BTCUSDT 1h: 当前价格=105771.90, EMA25=104961.19, EMA60=104924.87, EMA120=105210.52, 趋势=震荡行情
[2025-06-20 19:17:24] BTCUSDT 4h: 当前价格=105771.90, EMA25=105160.60, EMA60=105606.33, EMA120=105673.93, 趋势=震荡行情
[2025-06-20 19:17:25] BTCUSDT 1d: 当前价格=105771.30, EMA25=105501.55, EMA60=102197.62, EMA120=97844.31, 趋势=上涨趋势
[2025-06-20 19:17:25] ETHUSDT 15m: 当前价格=2540.28, EMA25=2541.18, EMA60=2530.46, EMA120=2524.58, 趋势=震荡行情
[2025-06-20 19:17:25] ETHUSDT 1h: 当前价格=2540.28, EMA25=2526.02, EMA60=2525.83, EMA120=2539.05, 趋势=震荡行情
[2025-06-20 19:17:26] ETHUSDT 4h: 当前价格=2540.28, EMA25=2535.14, EMA60=2558.98, EMA120=2558.64, 趋势=震荡行情
[2025-06-20 19:17:26] ETHUSDT 1d: 当前价格=2541.43, EMA25=2542.83, EMA60=2410.81, EMA120=2386.80, 趋势=震荡行情
==============================

===== 趋势分析结果 (2025-06-20 19:32:26) =====
[2025-06-20 19:32:23] BTCUSDT 15m: 当前价格=105808.80, EMA25=105573.47, EMA60=105132.34, EMA120=104902.84, 趋势=上涨趋势
[2025-06-20 19:32:24] BTCUSDT 1h: 当前价格=105804.70, EMA25=104963.72, EMA60=104925.94, EMA120=105211.06, 趋势=震荡行情
[2025-06-20 19:32:24] BTCUSDT 4h: 当前价格=105804.70, EMA25=105163.13, EMA60=105607.41, EMA120=105674.48, 趋势=震荡行情
[2025-06-20 19:32:25] BTCUSDT 1d: 当前价格=105804.70, EMA25=105504.12, EMA60=102198.71, EMA120=97844.86, 趋势=上涨趋势
[2025-06-20 19:32:25] ETHUSDT 15m: 当前价格=2542.54, EMA25=2541.54, EMA60=2530.97, EMA120=2524.93, 趋势=上涨趋势
[2025-06-20 19:32:25] ETHUSDT 1h: 当前价格=2542.63, EMA25=2526.20, EMA60=2525.91, EMA120=2539.09, 趋势=震荡行情
[2025-06-20 19:32:26] ETHUSDT 4h: 当前价格=2542.54, EMA25=2535.31, EMA60=2559.06, EMA120=2558.67, 趋势=震荡行情
[2025-06-20 19:32:26] ETHUSDT 1d: 当前价格=2542.63, EMA25=2542.93, EMA60=2410.85, EMA120=2386.82, 趋势=震荡行情
==============================

===== 趋势分析结果 (2025-06-20 20:09:35) =====
[2025-06-20 20:09:32] BTCUSDT 15m: 当前价格=105853.90, EMA25=105628.96, EMA60=105185.32, EMA120=104937.35, 趋势=上涨趋势
[2025-06-20 20:09:33] BTCUSDT 1h: 当前价格=105853.90, EMA25=105040.99, EMA60=104960.30, EMA120=105223.71, 趋势=震荡行情
[2025-06-20 20:09:33] BTCUSDT 4h: 当前价格=105853.80, EMA25=105225.05, EMA60=105619.41, EMA120=105679.43, 趋势=震荡行情
[2025-06-20 20:09:33] BTCUSDT 1d: 当前价格=105853.90, EMA25=105507.91, EMA60=102200.33, EMA120=97845.67, 趋势=上涨趋势
[2025-06-20 20:09:34] ETHUSDT 15m: 当前价格=2548.82, EMA25=2543.11, EMA60=2532.35, EMA120=2525.84, 趋势=上涨趋势
[2025-06-20 20:09:34] ETHUSDT 1h: 当前价格=2548.82, EMA25=2528.37, EMA60=2526.85, EMA120=2539.35, 趋势=震荡行情
[2025-06-20 20:09:35] ETHUSDT 4h: 当前价格=2548.81, EMA25=2536.79, EMA60=2558.92, EMA120=2558.61, 趋势=震荡行情
[2025-06-20 20:09:35] ETHUSDT 1d: 当前价格=2548.81, EMA25=2543.40, EMA60=2411.05, EMA120=2386.93, 趋势=上涨趋势
==============================

===== 趋势分析结果 (2025-06-20 20:17:25) =====
[2025-06-20 20:17:23] BTCUSDT 15m: 当前价格=105868.30, EMA25=105651.68, EMA60=105209.64, EMA120=104953.71, 趋势=上涨趋势
[2025-06-20 20:17:23] BTCUSDT 1h: 当前价格=105868.30, EMA25=105042.10, EMA60=104960.77, EMA120=105223.95, 趋势=震荡行情
[2025-06-20 20:17:24] BTCUSDT 4h: 当前价格=105868.40, EMA25=105226.18, EMA60=105619.89, EMA120=105679.67, 趋势=震荡行情
[2025-06-20 20:17:24] BTCUSDT 1d: 当前价格=105868.30, EMA25=105509.02, EMA60=102200.80, EMA120=97845.91, 趋势=上涨趋势
[2025-06-20 20:17:24] ETHUSDT 15m: 当前价格=2548.01, EMA25=2543.53, EMA60=2532.88, EMA120=2526.21, 趋势=上涨趋势
[2025-06-20 20:17:24] ETHUSDT 1h: 当前价格=2548.01, EMA25=2528.31, EMA60=2526.82, EMA120=2539.33, 趋势=震荡行情
[2025-06-20 20:17:25] ETHUSDT 4h: 当前价格=2548.01, EMA25=2536.73, EMA60=2558.89, EMA120=2558.60, 趋势=震荡行情
[2025-06-20 20:17:25] ETHUSDT 1d: 当前价格=2548.00, EMA25=2543.34, EMA60=2411.02, EMA120=2386.91, 趋势=上涨趋势
==============================

===== 趋势分析结果 (2025-06-20 20:32:25) =====
[2025-06-20 20:32:23] BTCUSDT 15m: 当前价格=105878.80, EMA25=105671.41, EMA60=105232.59, EMA120=104969.51, 趋势=上涨趋势
[2025-06-20 20:32:23] BTCUSDT 1h: 当前价格=105878.80, EMA25=105042.90, EMA60=104961.11, EMA120=105224.12, 趋势=震荡行情
[2025-06-20 20:32:24] BTCUSDT 4h: 当前价格=105878.80, EMA25=105226.98, EMA60=105620.23, EMA120=105679.84, 趋势=震荡行情
[2025-06-20 20:32:24] BTCUSDT 1d: 当前价格=105883.40, EMA25=105510.18, EMA60=102201.30, EMA120=97846.16, 趋势=上涨趋势
[2025-06-20 20:32:24] ETHUSDT 15m: 当前价格=2548.80, EMA25=2544.09, EMA60=2533.48, EMA120=2526.62, 趋势=上涨趋势
[2025-06-20 20:32:24] ETHUSDT 1h: 当前价格=2548.81, EMA25=2528.37, EMA60=2526.85, EMA120=2539.35, 趋势=震荡行情
[2025-06-20 20:32:25] ETHUSDT 4h: 当前价格=2549.04, EMA25=2536.80, EMA60=2558.92, EMA120=2558.61, 趋势=震荡行情
[2025-06-20 20:32:25] ETHUSDT 1d: 当前价格=2549.04, EMA25=2543.42, EMA60=2411.06, EMA120=2386.93, 趋势=上涨趋势
==============================

===== 趋势分析结果 (2025-06-20 20:47:26) =====
[2025-06-20 20:47:23] BTCUSDT 15m: 当前价格=105966.80, EMA25=105698.48, EMA60=105258.60, EMA120=104986.98, 趋势=上涨趋势
[2025-06-20 20:47:24] BTCUSDT 1h: 当前价格=105966.80, EMA25=105049.67, EMA60=104964.00, EMA120=105225.57, 趋势=震荡行情
[2025-06-20 20:47:25] BTCUSDT 4h: 当前价格=105966.80, EMA25=105233.75, EMA60=105623.12, EMA120=105681.30, 趋势=震荡行情
[2025-06-20 20:47:25] BTCUSDT 1d: 当前价格=105966.70, EMA25=105516.58, EMA60=102204.03, EMA120=97847.54, 趋势=上涨趋势
[2025-06-20 20:47:25] ETHUSDT 15m: 当前价格=2552.38, EMA25=2545.00, EMA60=2534.22, EMA120=2527.11, 趋势=上涨趋势
[2025-06-20 20:47:26] ETHUSDT 1h: 当前价格=2552.39, EMA25=2528.65, EMA60=2526.97, EMA120=2539.40, 趋势=震荡行情
[2025-06-20 20:47:26] ETHUSDT 4h: 当前价格=2552.41, EMA25=2537.06, EMA60=2559.03, EMA120=2558.67, 趋势=震荡行情
[2025-06-20 20:47:26] ETHUSDT 1d: 当前价格=2552.39, EMA25=2543.68, EMA60=2411.17, EMA120=2386.99, 趋势=上涨趋势
==============================

===== 趋势分析结果 (2025-06-20 21:02:25) =====
[2025-06-20 21:02:23] BTCUSDT 15m: 当前价格=106022.60, EMA25=105720.92, EMA60=105282.54, EMA120=105003.51, 趋势=上涨趋势
[2025-06-20 21:02:23] BTCUSDT 1h: 当前价格=106022.60, EMA25=105122.02, EMA60=104997.59, EMA120=105238.17, 趋势=震荡行情
[2025-06-20 21:02:24] BTCUSDT 4h: 当前价格=106022.60, EMA25=105238.04, EMA60=105624.95, EMA120=105682.22, 趋势=震荡行情
[2025-06-20 21:02:24] BTCUSDT 1d: 当前价格=106022.70, EMA25=105520.89, EMA60=102205.86, EMA120=97848.46, 趋势=上涨趋势
[2025-06-20 21:02:24] ETHUSDT 15m: 当前价格=2553.64, EMA25=2545.55, EMA60=2534.80, EMA120=2527.52, 趋势=上涨趋势
[2025-06-20 21:02:24] ETHUSDT 1h: 当前价格=2553.64, EMA25=2530.45, EMA60=2527.79, EMA120=2539.61, 趋势=震荡行情
[2025-06-20 21:02:25] ETHUSDT 4h: 当前价格=2553.64, EMA25=2537.16, EMA60=2559.07, EMA120=2558.69, 趋势=震荡行情
[2025-06-20 21:02:25] ETHUSDT 1d: 当前价格=2553.65, EMA25=2543.77, EMA60=2411.21, EMA120=2387.01, 趋势=上涨趋势
==============================

===== 趋势分析结果 (2025-06-20 21:17:25) =====
[2025-06-20 21:17:23] BTCUSDT 15m: 当前价格=105962.00, EMA25=105737.50, EMA60=105303.94, EMA120=105018.89, 趋势=上涨趋势
[2025-06-20 21:17:23] BTCUSDT 1h: 当前价格=105962.00, EMA25=105117.36, EMA60=104995.61, EMA120=105237.17, 趋势=震荡行情
[2025-06-20 21:17:24] BTCUSDT 4h: 当前价格=105962.00, EMA25=105233.38, EMA60=105622.96, EMA120=105681.22, 趋势=震荡行情
[2025-06-20 21:17:24] BTCUSDT 1d: 当前价格=105962.00, EMA25=105516.22, EMA60=102203.87, EMA120=97847.46, 趋势=上涨趋势
[2025-06-20 21:17:24] ETHUSDT 15m: 当前价格=2555.12, EMA25=2546.36, EMA60=2535.50, EMA120=2527.99, 趋势=上涨趋势
[2025-06-20 21:17:24] ETHUSDT 1h: 当前价格=2555.12, EMA25=2530.56, EMA60=2527.84, EMA120=2539.64, 趋势=震荡行情
[2025-06-20 21:17:25] ETHUSDT 4h: 当前价格=2555.12, EMA25=2537.27, EMA60=2559.12, EMA120=2558.71, 趋势=震荡行情
[2025-06-20 21:17:25] ETHUSDT 1d: 当前价格=2555.12, EMA25=2543.89, EMA60=2411.26, EMA120=2387.03, 趋势=上涨趋势
==============================

===== 趋势分析结果 (2025-06-20 21:32:25) =====
[2025-06-20 21:32:23] BTCUSDT 15m: 当前价格=105994.90, EMA25=105760.00, EMA60=105327.80, EMA120=105035.62, 趋势=上涨趋势
[2025-06-20 21:32:23] BTCUSDT 1h: 当前价格=105994.90, EMA25=105119.89, EMA60=104996.69, EMA120=105237.72, 趋势=震荡行情
[2025-06-20 21:32:24] BTCUSDT 4h: 当前价格=105999.90, EMA25=105236.29, EMA60=105624.20, EMA120=105681.84, 趋势=震荡行情
[2025-06-20 21:32:24] BTCUSDT 1d: 当前价格=105999.90, EMA25=105519.14, EMA60=102205.11, EMA120=97848.09, 趋势=上涨趋势
[2025-06-20 21:32:24] ETHUSDT 15m: 当前价格=2554.09, EMA25=2546.86, EMA60=2536.07, EMA120=2528.40, 趋势=上涨趋势
[2025-06-20 21:32:24] ETHUSDT 1h: 当前价格=2554.80, EMA25=2530.54, EMA60=2527.83, EMA120=2539.63, 趋势=震荡行情
[2025-06-20 21:32:25] ETHUSDT 4h: 当前价格=2554.83, EMA25=2537.25, EMA60=2559.11, EMA120=2558.71, 趋势=震荡行情
[2025-06-20 21:32:25] ETHUSDT 1d: 当前价格=2554.56, EMA25=2543.84, EMA60=2411.24, EMA120=2387.02, 趋势=上涨趋势
==============================

===== 趋势分析结果 (2025-06-20 21:47:25) =====
[2025-06-20 21:47:23] BTCUSDT 15m: 当前价格=105749.70, EMA25=105747.71, EMA60=105336.49, EMA120=105044.78, 趋势=上涨趋势
[2025-06-20 21:47:23] BTCUSDT 1h: 当前价格=105746.10, EMA25=105100.75, EMA60=104988.53, EMA120=105233.60, 趋势=震荡行情
[2025-06-20 21:47:24] BTCUSDT 4h: 当前价格=105746.10, EMA25=105216.77, EMA60=105615.88, EMA120=105677.65, 趋势=震荡行情
[2025-06-20 21:47:24] BTCUSDT 1d: 当前价格=105737.80, EMA25=105498.98, EMA60=102196.52, EMA120=97843.75, 趋势=上涨趋势
[2025-06-20 21:47:24] ETHUSDT 15m: 当前价格=2542.75, EMA25=2546.11, EMA60=2536.09, EMA120=2528.54, 趋势=震荡行情
[2025-06-20 21:47:25] ETHUSDT 1h: 当前价格=2542.32, EMA25=2529.58, EMA60=2527.42, EMA120=2539.42, 趋势=震荡行情
[2025-06-20 21:47:25] ETHUSDT 4h: 当前价格=2542.60, EMA25=2536.31, EMA60=2558.71, EMA120=2558.51, 趋势=震荡行情
[2025-06-20 21:47:25] ETHUSDT 1d: 当前价格=2542.61, EMA25=2542.92, EMA60=2410.85, EMA120=2386.82, 趋势=震荡行情
==============================

===== 趋势分析结果 (2025-06-20 22:02:25) =====
[2025-06-20 22:02:23] BTCUSDT 15m: 当前价格=105613.10, EMA25=105727.27, EMA60=105341.06, EMA120=105051.86, 趋势=震荡行情
[2025-06-20 22:02:23] BTCUSDT 1h: 当前价格=105594.50, EMA25=105128.91, EMA60=105004.01, EMA120=105237.32, 趋势=震荡行情
[2025-06-20 22:02:24] BTCUSDT 4h: 当前价格=105589.30, EMA25=105204.71, EMA60=105610.74, EMA120=105675.06, 趋势=震荡行情
[2025-06-20 22:02:24] BTCUSDT 1d: 当前价格=105589.30, EMA25=105487.55, EMA60=102191.65, EMA120=97841.30, 趋势=上涨趋势
[2025-06-20 22:02:24] ETHUSDT 15m: 当前价格=2534.14, EMA25=2544.64, EMA60=2535.79, EMA120=2528.51, 趋势=震荡行情
[2025-06-20 22:02:24] ETHUSDT 1h: 当前价格=2533.54, EMA25=2529.37, EMA60=2527.39, EMA120=2539.21, 趋势=震荡行情
[2025-06-20 22:02:25] ETHUSDT 4h: 当前价格=2533.54, EMA25=2535.61, EMA60=2558.42, EMA120=2558.36, 趋势=下跌趋势
[2025-06-20 22:02:25] ETHUSDT 1d: 当前价格=2533.54, EMA25=2542.23, EMA60=2410.55, EMA120=2386.67, 趋势=震荡行情
==============================

===== 趋势分析结果 (2025-06-20 22:17:25) =====
[2025-06-20 22:17:23] BTCUSDT 15m: 当前价格=105396.40, EMA25=105690.15, EMA60=105337.66, EMA120=105054.87, 趋势=震荡行情
[2025-06-20 22:17:23] BTCUSDT 1h: 当前价格=105396.40, EMA25=105113.67, EMA60=104997.51, EMA120=105234.05, 趋势=震荡行情
[2025-06-20 22:17:24] BTCUSDT 4h: 当前价格=105396.50, EMA25=105189.88, EMA60=105604.42, EMA120=105671.87, 趋势=震荡行情
[2025-06-20 22:17:24] BTCUSDT 1d: 当前价格=105396.50, EMA25=105472.72, EMA60=102185.33, EMA120=97838.11, 趋势=震荡行情
[2025-06-20 22:17:24] ETHUSDT 15m: 当前价格=2530.22, EMA25=2543.35, EMA60=2535.52, EMA120=2528.49, 趋势=震荡行情
[2025-06-20 22:17:24] ETHUSDT 1h: 当前价格=2529.08, EMA25=2529.02, EMA60=2527.24, EMA120=2539.13, 趋势=震荡行情
[2025-06-20 22:17:25] ETHUSDT 4h: 当前价格=2530.22, EMA25=2535.36, EMA60=2558.31, EMA120=2558.30, 趋势=下跌趋势
[2025-06-20 22:17:25] ETHUSDT 1d: 当前价格=2529.78, EMA25=2541.94, EMA60=2410.43, EMA120=2386.61, 趋势=震荡行情
==============================

===== 趋势分析结果 (2025-06-20 22:32:25) =====
[2025-06-20 22:32:23] BTCUSDT 15m: 当前价格=105221.80, EMA25=105642.66, EMA60=105328.74, EMA120=105055.00, 趋势=震荡行情
[2025-06-20 22:32:23] BTCUSDT 1h: 当前价格=105189.10, EMA25=105097.72, EMA60=104990.72, EMA120=105230.62, 趋势=震荡行情
[2025-06-20 22:32:23] BTCUSDT 4h: 当前价格=105221.80, EMA25=105176.44, EMA60=105598.69, EMA120=105668.98, 趋势=震荡行情
[2025-06-20 22:32:24] BTCUSDT 1d: 当前价格=105219.90, EMA25=105459.14, EMA60=102179.54, EMA120=97835.19, 趋势=震荡行情
[2025-06-20 22:32:24] ETHUSDT 15m: 当前价格=2519.81, EMA25=2540.73, EMA60=2534.65, EMA120=2528.16, 趋势=震荡行情
[2025-06-20 22:32:24] ETHUSDT 1h: 当前价格=2518.91, EMA25=2528.24, EMA60=2526.91, EMA120=2538.97, 趋势=下跌趋势
[2025-06-20 22:32:24] ETHUSDT 4h: 当前价格=2518.91, EMA25=2534.49, EMA60=2557.94, EMA120=2558.11, 趋势=下跌趋势
[2025-06-20 22:32:25] ETHUSDT 1d: 当前价格=2519.04, EMA25=2541.11, EMA60=2410.07, EMA120=2386.43, 趋势=震荡行情
==============================

===== 趋势分析结果 (2025-06-20 22:47:25) =====
[2025-06-20 22:47:23] BTCUSDT 15m: 当前价格=104817.00, EMA25=105550.89, EMA60=105299.34, EMA120=105044.59, 趋势=震荡行情
[2025-06-20 22:47:23] BTCUSDT 1h: 当前价格=104815.00, EMA25=105068.94, EMA60=104978.45, EMA120=105224.44, 趋势=下跌趋势
[2025-06-20 22:47:23] BTCUSDT 4h: 当前价格=104815.10, EMA25=105145.15, EMA60=105585.36, EMA120=105662.26, 趋势=下跌趋势
[2025-06-20 22:47:23] BTCUSDT 1d: 当前价格=104815.10, EMA25=105428.00, EMA60=102166.27, EMA120=97828.50, 趋势=震荡行情
[2025-06-20 22:47:24] ETHUSDT 15m: 当前价格=2509.65, EMA25=2537.53, EMA60=2533.47, EMA120=2527.67, 趋势=震荡行情
[2025-06-20 22:47:24] ETHUSDT 1h: 当前价格=2509.65, EMA25=2527.53, EMA60=2526.60, EMA120=2538.81, 趋势=下跌趋势
[2025-06-20 22:47:24] ETHUSDT 4h: 当前价格=2509.65, EMA25=2533.77, EMA60=2557.63, EMA120=2557.96, 趋势=下跌趋势
[2025-06-20 22:47:25] ETHUSDT 1d: 当前价格=2509.94, EMA25=2540.41, EMA60=2409.78, EMA120=2386.28, 趋势=震荡行情
==============================

===== 趋势分析结果 (2025-06-20 23:02:24) =====
[2025-06-20 23:02:23] BTCUSDT 15m: 当前价格=103949.80, EMA25=105360.68, EMA60=105225.15, EMA120=105011.13, 趋势=震荡行情
[2025-06-20 23:02:23] BTCUSDT 1h: 当前价格=103966.50, EMA25=104917.23, EMA60=104915.39, EMA120=105188.34, 趋势=下跌趋势
[2025-06-20 23:02:23] BTCUSDT 4h: 当前价格=103949.80, EMA25=105078.59, EMA60=105556.99, EMA120=105647.96, 趋势=下跌趋势
[2025-06-20 23:02:23] BTCUSDT 1d: 当前价格=103966.50, EMA25=105362.72, EMA60=102138.45, EMA120=97814.48, 趋势=震荡行情
[2025-06-20 23:02:24] ETHUSDT 15m: 当前价格=2492.21, EMA25=2532.56, EMA60=2531.45, EMA120=2526.75, 趋势=震荡行情
[2025-06-20 23:02:24] ETHUSDT 1h: 当前价格=2491.71, EMA25=2523.29, EMA60=2524.80, EMA120=2537.69, 趋势=下跌趋势
[2025-06-20 23:02:24] ETHUSDT 4h: 当前价格=2492.21, EMA25=2532.43, EMA60=2557.06, EMA120=2557.67, 趋势=下跌趋势
[2025-06-20 23:02:24] ETHUSDT 1d: 当前价格=2491.61, EMA25=2539.00, EMA60=2409.17, EMA120=2385.98, 趋势=震荡行情
==============================

===== 趋势分析结果 (2025-06-20 23:17:24) =====
[2025-06-20 23:17:22] BTCUSDT 15m: 当前价格=104198.40, EMA25=105291.60, EMA60=105200.57, EMA120=105002.34, 趋势=震荡行情
[2025-06-20 23:17:23] BTCUSDT 1h: 当前价格=104218.00, EMA25=104936.58, EMA60=104923.64, EMA120=105192.49, 趋势=下跌趋势
[2025-06-20 23:17:23] BTCUSDT 4h: 当前价格=104218.00, EMA25=105099.22, EMA60=105565.78, EMA120=105652.39, 趋势=下跌趋势
[2025-06-20 23:17:23] BTCUSDT 1d: 当前价格=104218.00, EMA25=105382.07, EMA60=102146.69, EMA120=97818.63, 趋势=震荡行情
[2025-06-20 23:17:24] ETHUSDT 15m: 当前价格=2500.77, EMA25=2530.50, EMA60=2530.62, EMA120=2526.40, 趋势=震荡行情
[2025-06-20 23:17:24] ETHUSDT 1h: 当前价格=2500.76, EMA25=2523.99, EMA60=2525.09, EMA120=2537.84, 趋势=下跌趋势
[2025-06-20 23:17:24] ETHUSDT 4h: 当前价格=2500.77, EMA25=2533.09, EMA60=2557.34, EMA120=2557.81, 趋势=下跌趋势
[2025-06-20 23:17:24] ETHUSDT 1d: 当前价格=2500.76, EMA25=2539.70, EMA60=2409.47, EMA120=2386.13, 趋势=震荡行情
==============================

