===== 趋势分析结果 (2025-06-09 00:37:51) =====
[2025-06-09 00:37:49] BTCUSDT 1h: 当前价格=106176.90, EMA25=105484.59, EMA144=104938.24, EMA169=104998.31, 趋势=上涨趋势
[2025-06-09 00:37:50] BTCUSDT 4h: 当前价格=106176.80, EMA25=105033.90, EMA144=104650.18, EMA169=104134.88, 趋势=上涨趋势
[2025-06-09 00:37:50] BTCUSDT 1d: 当前价格=106176.90, EMA25=104558.32, EMA144=94670.91, EMA169=93397.87, 趋势=上涨趋势
[2025-06-09 00:37:50] ETHUSDT 1h: 当前价格=2525.89, EMA25=2510.62, EMA144=2531.30, EMA169=2535.58, 趋势=震荡行情
[2025-06-09 00:37:50] ETHUSDT 4h: 当前价格=2525.88, EMA25=2522.99, EMA144=2494.97, EMA169=2468.13, 趋势=上涨趋势
[2025-06-09 00:37:51] ETHUSDT 1d: 当前价格=2525.55, EMA25=2485.70, EMA144=2378.26, EMA169=2418.96, 趋势=上涨趋势
==============================

===== 趋势分析结果 (2025-06-09 01:37:51) =====
[2025-06-09 01:37:49] BTCUSDT 1h: 当前价格=106239.90, EMA25=105539.61, EMA144=104955.67, EMA169=105012.48, 趋势=上涨趋势
[2025-06-09 01:37:50] BTCUSDT 4h: 当前价格=106230.60, EMA25=105038.04, EMA144=104650.92, EMA169=104135.51, 趋势=上涨趋势
[2025-06-09 01:37:50] BTCUSDT 1d: 当前价格=106230.60, EMA25=104562.45, EMA144=94671.65, EMA169=93398.50, 趋势=上涨趋势
[2025-06-09 01:37:50] ETHUSDT 1h: 当前价格=2526.60, EMA25=2511.91, EMA144=2531.25, EMA169=2535.50, 趋势=震荡行情
[2025-06-09 01:37:50] ETHUSDT 4h: 当前价格=2526.22, EMA25=2523.02, EMA144=2494.98, EMA169=2468.13, 趋势=上涨趋势
[2025-06-09 01:37:51] ETHUSDT 1d: 当前价格=2526.74, EMA25=2485.79, EMA144=2378.27, EMA169=2418.98, 趋势=上涨趋势
==============================

===== 趋势分析结果 (2025-06-09 02:37:51) =====
[2025-06-09 02:37:49] BTCUSDT 1h: 当前价格=106190.50, EMA25=105574.78, EMA144=104969.92, EMA169=105023.84, 趋势=上涨趋势
[2025-06-09 02:37:50] BTCUSDT 4h: 当前价格=106190.60, EMA25=105034.96, EMA144=104650.37, EMA169=104135.04, 趋势=上涨趋势
[2025-06-09 02:37:50] BTCUSDT 1d: 当前价格=106190.60, EMA25=104559.37, EMA144=94671.10, EMA169=93398.03, 趋势=上涨趋势
[2025-06-09 02:37:50] ETHUSDT 1h: 当前价格=2527.00, EMA25=2512.76, EMA144=2531.14, EMA169=2535.35, 趋势=震荡行情
[2025-06-09 02:37:50] ETHUSDT 4h: 当前价格=2527.00, EMA25=2523.08, EMA144=2494.99, EMA169=2468.14, 趋势=上涨趋势
[2025-06-09 02:37:51] ETHUSDT 1d: 当前价格=2527.00, EMA25=2485.81, EMA144=2378.28, EMA169=2418.98, 趋势=上涨趋势
==============================

===== 趋势分析结果 (2025-06-09 03:37:53) =====
[2025-06-09 03:37:49] BTCUSDT 1h: 当前价格=106264.30, EMA25=105632.01, EMA144=104988.71, EMA169=105039.21, 趋势=上涨趋势
[2025-06-09 03:37:50] BTCUSDT 4h: 当前价格=106264.20, EMA25=105040.62, EMA144=104651.39, EMA169=104135.91, 趋势=上涨趋势
[2025-06-09 03:37:50] BTCUSDT 1d: 当前价格=106264.30, EMA25=104565.04, EMA144=94672.12, EMA169=93398.90, 趋势=上涨趋势
[2025-06-09 03:37:50] ETHUSDT 1h: 当前价格=2533.10, EMA25=2514.61, EMA144=2531.23, EMA169=2535.38, 趋势=上涨趋势
[2025-06-09 03:37:53] ETHUSDT 4h: 当前价格=2533.10, EMA25=2523.55, EMA144=2495.07, EMA169=2468.22, 趋势=上涨趋势
[2025-06-09 03:37:53] ETHUSDT 1d: 当前价格=2533.10, EMA25=2486.28, EMA144=2378.36, EMA169=2419.05, 趋势=上涨趋势
==============================

===== 趋势分析结果 (2025-06-09 04:37:52) =====
[2025-06-09 04:37:49] BTCUSDT 1h: 当前价格=106228.60, EMA25=105676.36, EMA144=105005.66, EMA169=105053.08, 趋势=上涨趋势
[2025-06-09 04:37:50] BTCUSDT 4h: 当前价格=106228.60, EMA25=105130.47, EMA144=104672.99, EMA169=104160.04, 趋势=上涨趋势
[2025-06-09 04:37:50] BTCUSDT 1d: 当前价格=106228.60, EMA25=104562.29, EMA144=94671.63, EMA169=93398.48, 趋势=上涨趋势
[2025-06-09 04:37:51] ETHUSDT 1h: 当前价格=2532.63, EMA25=2515.89, EMA144=2531.24, EMA169=2535.34, 趋势=上涨趋势
[2025-06-09 04:37:51] ETHUSDT 4h: 当前价格=2532.63, EMA25=2524.13, EMA144=2495.58, EMA169=2468.96, 趋势=上涨趋势
[2025-06-09 04:37:52] ETHUSDT 1d: 当前价格=2532.63, EMA25=2486.24, EMA144=2378.35, EMA169=2419.04, 趋势=上涨趋势
==============================

===== 趋势分析结果 (2025-06-09 05:37:50) =====
[2025-06-09 05:37:48] BTCUSDT 1h: 当前价格=106211.30, EMA25=105708.30, EMA144=105020.68, EMA169=105065.36, 趋势=上涨趋势
[2025-06-09 05:37:49] BTCUSDT 4h: 当前价格=106211.20, EMA25=105129.13, EMA144=104672.75, EMA169=104159.83, 趋势=上涨趋势
[2025-06-09 05:37:49] BTCUSDT 1d: 当前价格=106211.20, EMA25=104560.96, EMA144=94671.39, EMA169=93398.27, 趋势=上涨趋势
[2025-06-09 05:37:49] ETHUSDT 1h: 当前价格=2530.90, EMA25=2516.84, EMA144=2531.20, EMA169=2535.27, 趋势=震荡行情
[2025-06-09 05:37:50] ETHUSDT 4h: 当前价格=2530.91, EMA25=2524.00, EMA144=2495.56, EMA169=2468.94, 趋势=上涨趋势
[2025-06-09 05:37:50] ETHUSDT 1d: 当前价格=2530.91, EMA25=2486.11, EMA144=2378.33, EMA169=2419.02, 趋势=上涨趋势
==============================

===== 趋势分析结果 (2025-06-09 06:37:50) =====
[2025-06-09 06:37:48] BTCUSDT 1h: 当前价格=105745.80, EMA25=105715.42, EMA144=105031.69, EMA169=105074.37, 趋势=上涨趋势
[2025-06-09 06:37:49] BTCUSDT 4h: 当前价格=105745.90, EMA25=105093.34, EMA144=104666.33, EMA169=104154.36, 趋势=上涨趋势
[2025-06-09 06:37:49] BTCUSDT 1d: 当前价格=105750.00, EMA25=104525.48, EMA144=94665.02, EMA169=93392.84, 趋势=上涨趋势
[2025-06-09 06:37:49] ETHUSDT 1h: 当前价格=2505.63, EMA25=2516.42, EMA144=2530.94, EMA169=2535.01, 趋势=下跌趋势
[2025-06-09 06:37:50] ETHUSDT 4h: 当前价格=2505.40, EMA25=2522.04, EMA144=2495.21, EMA169=2468.64, 趋势=震荡行情
[2025-06-09 06:37:50] ETHUSDT 1d: 当前价格=2505.63, EMA25=2484.17, EMA144=2377.98, EMA169=2418.73, 趋势=上涨趋势
==============================

===== 趋势分析结果 (2025-06-09 07:37:50) =====
[2025-06-09 07:37:48] BTCUSDT 1h: 当前价格=105680.70, EMA25=105710.23, EMA144=105040.39, EMA169=105081.46, 趋势=震荡行情
[2025-06-09 07:37:49] BTCUSDT 4h: 当前价格=105680.70, EMA25=105088.32, EMA144=104665.43, EMA169=104153.59, 趋势=上涨趋势
[2025-06-09 07:37:49] BTCUSDT 1d: 当前价格=105680.60, EMA25=104520.14, EMA144=94664.07, EMA169=93392.03, 趋势=上涨趋势
[2025-06-09 07:37:49] ETHUSDT 1h: 当前价格=2507.84, EMA25=2515.83, EMA144=2530.65, EMA169=2534.72, 趋势=下跌趋势
[2025-06-09 07:37:50] ETHUSDT 4h: 当前价格=2507.84, EMA25=2522.23, EMA144=2495.24, EMA169=2468.67, 趋势=震荡行情
[2025-06-09 07:37:50] ETHUSDT 1d: 当前价格=2507.84, EMA25=2484.34, EMA144=2378.01, EMA169=2418.75, 趋势=上涨趋势
==============================

===== 趋势分析结果 (2025-06-09 08:37:50) =====
[2025-06-09 08:37:48] BTCUSDT 1h: 当前价格=105904.60, EMA25=105724.88, EMA144=105052.48, EMA169=105091.44, 趋势=上涨趋势
[2025-06-09 08:37:49] BTCUSDT 4h: 当前价格=105904.40, EMA25=105150.80, EMA144=104682.63, EMA169=104173.86, 趋势=上涨趋势
[2025-06-09 08:37:49] BTCUSDT 1d: 当前价格=105904.40, EMA25=104626.33, EMA144=94819.94, EMA169=93541.73, 趋势=上涨趋势
[2025-06-09 08:37:49] ETHUSDT 1h: 当前价格=2509.19, EMA25=2515.35, EMA144=2530.37, EMA169=2534.44, 趋势=下跌趋势
[2025-06-09 08:37:50] ETHUSDT 4h: 当前价格=2509.19, EMA25=2521.26, EMA144=2495.45, EMA169=2469.16, 趋势=震荡行情
[2025-06-09 08:37:50] ETHUSDT 1d: 当前价格=2509.19, EMA25=2486.28, EMA144=2379.86, EMA169=2419.94, 趋势=上涨趋势
==============================

===== 趋势分析结果 (2025-06-09 09:39:42) =====
==============================

===== 趋势分析结果 (2025-06-09 10:37:50) =====
[2025-06-09 10:37:48] BTCUSDT 1h: 当前价格=105558.90, EMA25=105677.88, EMA144=105062.37, EMA169=105099.31, 趋势=震荡行情
[2025-06-09 10:37:49] BTCUSDT 4h: 当前价格=105558.80, EMA25=105124.22, EMA144=104677.87, EMA169=104169.80, 趋势=上涨趋势
[2025-06-09 10:37:49] BTCUSDT 1d: 当前价格=105550.10, EMA25=104599.08, EMA144=94815.06, EMA169=93537.56, 趋势=上涨趋势
[2025-06-09 10:37:49] ETHUSDT 1h: 当前价格=2495.00, EMA25=2511.90, EMA144=2529.34, EMA169=2533.48, 趋势=下跌趋势
[2025-06-09 10:37:50] ETHUSDT 4h: 当前价格=2495.01, EMA25=2520.17, EMA144=2495.26, EMA169=2469.00, 趋势=震荡行情
[2025-06-09 10:37:50] ETHUSDT 1d: 当前价格=2495.00, EMA25=2485.19, EMA144=2379.67, EMA169=2419.78, 趋势=上涨趋势
==============================

===== 趋势分析结果 (2025-06-09 11:37:50) =====
[2025-06-09 11:37:48] BTCUSDT 1h: 当前价格=105573.10, EMA25=105666.54, EMA144=105069.07, EMA169=105104.73, 趋势=震荡行情
[2025-06-09 11:37:49] BTCUSDT 4h: 当前价格=105573.10, EMA25=105125.32, EMA144=104678.06, EMA169=104169.96, 趋势=上涨趋势
[2025-06-09 11:37:49] BTCUSDT 1d: 当前价格=105573.10, EMA25=104600.85, EMA144=94815.37, EMA169=93537.83, 趋势=上涨趋势
[2025-06-09 11:37:50] ETHUSDT 1h: 当前价格=2490.50, EMA25=2510.01, EMA144=2528.77, EMA169=2532.95, 趋势=下跌趋势
[2025-06-09 11:37:50] ETHUSDT 4h: 当前价格=2490.50, EMA25=2519.82, EMA144=2495.20, EMA169=2468.94, 趋势=震荡行情
[2025-06-09 11:37:50] ETHUSDT 1d: 当前价格=2490.50, EMA25=2484.85, EMA144=2379.61, EMA169=2419.72, 趋势=上涨趋势
==============================

===== 趋势分析结果 (2025-06-09 12:37:50) =====
[2025-06-09 12:37:48] BTCUSDT 1h: 当前价格=105611.90, EMA25=105665.46, EMA144=105077.45, EMA169=105111.62, 趋势=震荡行情
[2025-06-09 12:37:49] BTCUSDT 4h: 当前价格=105611.90, EMA25=105165.86, EMA144=104691.69, EMA169=104187.23, 趋势=上涨趋势
[2025-06-09 12:37:49] BTCUSDT 1d: 当前价格=105611.90, EMA25=104603.83, EMA144=94815.91, EMA169=93538.28, 趋势=上涨趋势
[2025-06-09 12:37:50] ETHUSDT 1h: 当前价格=2490.77, EMA25=2508.89, EMA144=2528.32, EMA169=2532.53, 趋势=下跌趋势
[2025-06-09 12:37:50] ETHUSDT 4h: 当前价格=2490.77, EMA25=2517.94, EMA144=2495.22, EMA169=2469.27, 趋势=震荡行情
[2025-06-09 12:37:50] ETHUSDT 1d: 当前价格=2490.76, EMA25=2484.87, EMA144=2379.61, EMA169=2419.73, 趋势=上涨趋势
==============================

===== 趋势分析结果 (2025-06-09 13:37:50) =====
[2025-06-09 13:37:48] BTCUSDT 1h: 当前价格=105303.50, EMA25=105622.24, EMA144=105077.93, EMA169=105111.78, 趋势=震荡行情
[2025-06-09 13:37:49] BTCUSDT 4h: 当前价格=105303.40, EMA25=105142.13, EMA144=104687.43, EMA169=104183.60, 趋势=上涨趋势
[2025-06-09 13:37:49] BTCUSDT 1d: 当前价格=105303.50, EMA25=104580.11, EMA144=94811.65, EMA169=93534.66, 趋势=上涨趋势
[2025-06-09 13:37:50] ETHUSDT 1h: 当前价格=2480.27, EMA25=2506.21, EMA144=2527.58, EMA169=2531.85, 趋势=下跌趋势
[2025-06-09 13:37:50] ETHUSDT 4h: 当前价格=2480.27, EMA25=2517.14, EMA144=2495.07, EMA169=2469.14, 趋势=震荡行情
[2025-06-09 13:37:50] ETHUSDT 1d: 当前价格=2480.27, EMA25=2484.06, EMA144=2379.46, EMA169=2419.60, 趋势=震荡行情
==============================

===== 趋势分析结果 (2025-06-09 14:37:50) =====
[2025-06-09 14:37:48] BTCUSDT 1h: 当前价格=105512.00, EMA25=105615.56, EMA144=105084.56, EMA169=105117.21, 趋势=震荡行情
[2025-06-09 14:37:49] BTCUSDT 4h: 当前价格=105512.00, EMA25=105158.18, EMA144=104690.31, EMA169=104186.05, 趋势=上涨趋势
[2025-06-09 14:37:49] BTCUSDT 1d: 当前价格=105512.00, EMA25=104596.15, EMA144=94814.53, EMA169=93537.11, 趋势=上涨趋势
[2025-06-09 14:37:50] ETHUSDT 1h: 当前价格=2487.99, EMA25=2504.76, EMA144=2527.03, EMA169=2531.34, 趋势=下跌趋势
[2025-06-09 14:37:50] ETHUSDT 4h: 当前价格=2487.98, EMA25=2517.73, EMA144=2495.18, EMA169=2469.24, 趋势=震荡行情
[2025-06-09 14:37:50] ETHUSDT 1d: 当前价格=2487.99, EMA25=2484.65, EMA144=2379.57, EMA169=2419.69, 趋势=上涨趋势
==============================

===== 趋势分析结果 (2025-06-09 15:37:50) =====
[2025-06-09 15:37:48] BTCUSDT 1h: 当前价格=105550.00, EMA25=105620.07, EMA144=105093.13, EMA169=105124.39, 趋势=震荡行情
[2025-06-09 15:37:49] BTCUSDT 4h: 当前价格=105550.10, EMA25=105161.11, EMA144=104690.84, EMA169=104186.50, 趋势=上涨趋势
[2025-06-09 15:37:49] BTCUSDT 1d: 当前价格=105550.00, EMA25=104599.07, EMA144=94815.05, EMA169=93537.56, 趋势=上涨趋势
[2025-06-09 15:37:49] ETHUSDT 1h: 当前价格=2488.01, EMA25=2503.76, EMA144=2526.56, EMA169=2530.90, 趋势=下跌趋势
[2025-06-09 15:37:50] ETHUSDT 4h: 当前价格=2488.00, EMA25=2517.73, EMA144=2495.18, EMA169=2469.24, 趋势=震荡行情
[2025-06-09 15:37:50] ETHUSDT 1d: 当前价格=2488.01, EMA25=2484.65, EMA144=2379.57, EMA169=2419.69, 趋势=上涨趋势
==============================

===== 趋势分析结果 (2025-06-09 16:37:50) =====
[2025-06-09 16:37:48] BTCUSDT 1h: 当前价格=105679.90, EMA25=105622.31, EMA144=105101.04, EMA169=105130.96, 趋势=上涨趋势
[2025-06-09 16:37:49] BTCUSDT 4h: 当前价格=105680.00, EMA25=105198.65, EMA144=104704.15, EMA169=104203.49, 趋势=上涨趋势
[2025-06-09 16:37:49] BTCUSDT 1d: 当前价格=105680.00, EMA25=104609.07, EMA144=94816.85, EMA169=93539.09, 趋势=上涨趋势
[2025-06-09 16:37:49] ETHUSDT 1h: 当前价格=2489.59, EMA25=2502.86, EMA144=2526.09, EMA169=2530.46, 趋势=下跌趋势
[2025-06-09 16:37:50] ETHUSDT 4h: 当前价格=2489.64, EMA25=2515.76, EMA144=2495.15, EMA169=2469.52, 趋势=震荡行情
[2025-06-09 16:37:50] ETHUSDT 1d: 当前价格=2489.59, EMA25=2484.78, EMA144=2379.59, EMA169=2419.71, 趋势=上涨趋势
==============================

===== 趋势分析结果 (2025-06-09 17:37:50) =====
[2025-06-09 17:37:48] BTCUSDT 1h: 当前价格=106150.00, EMA25=105677.81, EMA144=105118.60, EMA169=105145.66, 趋势=上涨趋势
[2025-06-09 17:37:49] BTCUSDT 4h: 当前价格=106150.00, EMA25=105234.81, EMA144=104710.63, EMA169=104209.02, 趋势=上涨趋势
[2025-06-09 17:37:49] BTCUSDT 1d: 当前价格=106150.00, EMA25=104645.22, EMA144=94823.33, EMA169=93544.62, 趋势=上涨趋势
[2025-06-09 17:37:49] ETHUSDT 1h: 当前价格=2504.89, EMA25=2503.35, EMA144=2525.87, EMA169=2530.23, 趋势=震荡行情
[2025-06-09 17:37:50] ETHUSDT 4h: 当前价格=2504.72, EMA25=2516.92, EMA144=2495.36, EMA169=2469.69, 趋势=震荡行情
[2025-06-09 17:37:50] ETHUSDT 1d: 当前价格=2504.72, EMA25=2485.94, EMA144=2379.80, EMA169=2419.89, 趋势=上涨趋势
==============================

===== 趋势分析结果 (2025-06-09 18:37:51) =====
[2025-06-09 18:37:48] BTCUSDT 1h: 当前价格=107001.20, EMA25=105808.86, EMA144=105150.40, EMA169=105172.57, 趋势=上涨趋势
[2025-06-09 18:37:49] BTCUSDT 4h: 当前价格=107001.20, EMA25=105300.28, EMA144=104722.37, EMA169=104219.03, 趋势=上涨趋势
[2025-06-09 18:37:49] BTCUSDT 1d: 当前价格=107008.90, EMA25=104711.29, EMA144=94835.18, EMA169=93554.72, 趋势=上涨趋势
[2025-06-09 18:37:50] ETHUSDT 1h: 当前价格=2532.14, EMA25=2505.81, EMA144=2526.01, EMA169=2530.30, 趋势=上涨趋势
[2025-06-09 18:37:50] ETHUSDT 4h: 当前价格=2532.14, EMA25=2519.03, EMA144=2495.74, EMA169=2470.02, 趋势=上涨趋势
[2025-06-09 18:37:51] ETHUSDT 1d: 当前价格=2532.44, EMA25=2488.07, EMA144=2380.18, EMA169=2420.22, 趋势=上涨趋势
==============================

===== 趋势分析结果 (2025-06-09 19:37:52) =====
[2025-06-09 19:37:47] BTCUSDT 1h: 当前价格=107619.90, EMA25=105957.76, EMA144=105186.50, EMA169=105203.19, 趋势=上涨趋势
[2025-06-09 19:37:47] BTCUSDT 4h: 当前价格=107611.70, EMA25=105347.24, EMA144=104730.79, EMA169=104226.21, 趋势=上涨趋势
[2025-06-09 19:37:50] BTCUSDT 1d: 当前价格=107609.70, EMA25=104757.51, EMA144=94843.46, EMA169=93561.79, 趋势=上涨趋势
[2025-06-09 19:37:51] ETHUSDT 1h: 当前价格=2543.14, EMA25=2508.82, EMA144=2526.28, EMA169=2530.49, 趋势=上涨趋势
[2025-06-09 19:37:51] ETHUSDT 4h: 当前价格=2543.12, EMA25=2519.87, EMA144=2495.89, EMA169=2470.15, 趋势=上涨趋势
[2025-06-09 19:37:52] ETHUSDT 1d: 当前价格=2543.44, EMA25=2488.92, EMA144=2380.34, EMA169=2420.35, 趋势=上涨趋势
==============================

===== 趋势分析结果 (2025-06-09 20:38:14) =====
==============================

===== 趋势分析结果 (2025-06-09 21:38:14) =====
[2025-06-09 21:37:49] BTCUSDT 1h: 当前价格=107430.10, EMA25=106200.18, EMA144=105253.15, EMA169=105259.99, 趋势=上涨趋势
[2025-06-09 21:37:52] BTCUSDT 4h: 当前价格=107409.70, EMA25=105512.73, EMA144=104769.16, EMA169=104264.74, 趋势=上涨趋势
[2025-06-09 21:37:53] BTCUSDT 1d: 当前价格=107418.40, EMA25=104742.79, EMA144=94840.83, EMA169=93559.54, 趋势=上涨趋势
[2025-06-09 21:38:08] ETHUSDT 1h: 当前价格=2532.81, EMA25=2513.02, EMA144=2526.59, EMA169=2530.66, 趋势=上涨趋势
[2025-06-09 21:38:11] ETHUSDT 4h: 当前价格=2532.81, EMA25=2520.70, EMA144=2496.38, EMA169=2470.87, 趋势=上涨趋势
[2025-06-09 21:38:14] ETHUSDT 1d: 当前价格=2533.00, EMA25=2488.11, EMA144=2380.19, EMA169=2420.22, 趋势=上涨趋势
==============================

===== 趋势分析结果 (2025-06-09 22:38:10) =====
[2025-06-09 22:38:05] BTCUSDT 1h: 当前价格=107778.40, EMA25=106288.99, EMA144=105281.90, EMA169=105284.49, 趋势=上涨趋势
[2025-06-09 22:38:06] BTCUSDT 4h: 当前价格=107778.40, EMA25=105541.09, EMA144=104774.24, EMA169=104269.08, 趋势=上涨趋势
[2025-06-09 22:38:07] BTCUSDT 1d: 当前价格=107778.40, EMA25=104770.48, EMA144=94845.79, EMA169=93563.77, 趋势=上涨趋势
[2025-06-09 22:38:08] ETHUSDT 1h: 当前价格=2535.56, EMA25=2513.55, EMA144=2526.49, EMA169=2530.53, 趋势=上涨趋势
[2025-06-09 22:38:09] ETHUSDT 4h: 当前价格=2535.81, EMA25=2520.93, EMA144=2496.42, EMA169=2470.90, 趋势=上涨趋势
[2025-06-09 22:38:10] ETHUSDT 1d: 当前价格=2535.00, EMA25=2488.27, EMA144=2380.22, EMA169=2420.25, 趋势=上涨趋势
==============================

===== 趋势分析结果 (2025-06-09 23:38:16) =====
[2025-06-09 23:37:46] BTCUSDT 1h: 当前价格=107741.50, EMA25=106385.30, EMA144=105313.05, EMA169=105311.12, 趋势=上涨趋势
[2025-06-09 23:37:46] BTCUSDT 4h: 当前价格=107741.50, EMA25=105538.25, EMA144=104773.73, EMA169=104268.65, 趋势=上涨趋势
[2025-06-09 23:37:50] BTCUSDT 1d: 当前价格=107718.10, EMA25=104765.85, EMA144=94844.96, EMA169=93563.06, 趋势=上涨趋势
[2025-06-09 23:37:57] ETHUSDT 1h: 当前价格=2535.80, EMA25=2514.85, EMA144=2526.54, EMA169=2530.53, 趋势=上涨趋势
[2025-06-09 23:38:09] ETHUSDT 4h: 当前价格=2534.58, EMA25=2520.84, EMA144=2496.40, EMA169=2470.89, 趋势=上涨趋势
[2025-06-09 23:38:16] ETHUSDT 1d: 当前价格=2535.02, EMA25=2488.27, EMA144=2380.22, EMA169=2420.25, 趋势=上涨趋势
==============================

