===== 趋势分析结果 (2025-06-06 12:18:01) =====
[2025-06-06 12:17:59] BTCUSDT 1h: 当前价格=102507.40, EMA25=103024.41, EMA144=104762.66, EMA169=104920.43, 趋势=下跌趋势
[2025-06-06 12:18:00] BTCUSDT 4h: 当前价格=102507.40, EMA25=104270.21, EMA144=104513.91, EMA169=103926.97, 趋势=下跌趋势
[2025-06-06 12:18:00] BTCUSDT 1d: 当前价格=102507.50, EMA25=104199.83, EMA144=94330.47, EMA169=93073.45, 趋势=震荡行情
[2025-06-06 12:18:00] ETHUSDT 1h: 当前价格=2450.75, EMA25=2510.93, EMA144=2569.93, EMA169=2570.68, 趋势=下跌趋势
[2025-06-06 12:18:00] ETHUSDT 4h: 当前价格=2450.64, EMA25=2558.76, EMA144=2492.60, EMA169=2460.91, 趋势=下跌趋势
[2025-06-06 12:18:01] ETHUSDT 1d: 当前价格=2450.94, EMA25=2477.08, EMA144=2373.72, EMA169=2415.88, 趋势=震荡行情
==============================

===== 趋势分析结果 (2025-06-06 13:18:02) =====
[2025-06-06 13:18:00] BTCUSDT 1h: 当前价格=102732.00, EMA25=103017.46, EMA144=104737.42, EMA169=104897.16, 趋势=下跌趋势
[2025-06-06 13:18:00] BTCUSDT 4h: 当前价格=102743.50, EMA25=104288.37, EMA144=104517.17, EMA169=103929.75, 趋势=下跌趋势
[2025-06-06 13:18:00] BTCUSDT 1d: 当前价格=102732.00, EMA25=104217.10, EMA144=94333.57, EMA169=93076.09, 趋势=震荡行情
[2025-06-06 13:18:01] ETHUSDT 1h: 当前价格=2455.88, EMA25=2507.19, EMA144=2568.44, EMA169=2569.39, 趋势=下跌趋势
[2025-06-06 13:18:01] ETHUSDT 4h: 当前价格=2455.51, EMA25=2559.14, EMA144=2492.67, EMA169=2460.96, 趋势=下跌趋势
[2025-06-06 13:18:02] ETHUSDT 1d: 当前价格=2455.99, EMA25=2477.47, EMA144=2373.79, EMA169=2415.94, 趋势=震荡行情
==============================

===== 趋势分析结果 (2025-06-06 14:18:01) =====
[2025-06-06 14:18:00] BTCUSDT 1h: 当前价格=103032.20, EMA25=103030.47, EMA144=104715.98, EMA169=104877.19, 趋势=震荡行情
[2025-06-06 14:18:00] BTCUSDT 4h: 当前价格=103032.10, EMA25=104310.57, EMA144=104521.15, EMA169=103933.15, 趋势=下跌趋势
[2025-06-06 14:18:00] BTCUSDT 1d: 当前价格=103032.10, EMA25=104240.18, EMA144=94337.71, EMA169=93079.62, 趋势=震荡行情
[2025-06-06 14:18:01] ETHUSDT 1h: 当前价格=2460.91, EMA25=2503.83, EMA144=2566.98, EMA169=2568.14, 趋势=下跌趋势
[2025-06-06 14:18:01] ETHUSDT 4h: 当前价格=2461.03, EMA25=2559.56, EMA144=2492.74, EMA169=2461.03, 趋势=震荡行情
[2025-06-06 14:18:01] ETHUSDT 1d: 当前价格=2461.03, EMA25=2477.86, EMA144=2373.86, EMA169=2416.00, 趋势=震荡行情
==============================

===== 趋势分析结果 (2025-06-06 15:18:01) =====
[2025-06-06 15:18:00] BTCUSDT 1h: 当前价格=103167.60, EMA25=103047.00, EMA144=104695.55, EMA169=104857.97, 趋势=震荡行情
[2025-06-06 15:18:00] BTCUSDT 4h: 当前价格=103167.60, EMA25=104320.99, EMA144=104523.02, EMA169=103934.74, 趋势=下跌趋势
[2025-06-06 15:18:00] BTCUSDT 1d: 当前价格=103167.60, EMA25=104250.60, EMA144=94339.58, EMA169=93081.22, 趋势=震荡行情
[2025-06-06 15:18:01] ETHUSDT 1h: 当前价格=2461.87, EMA25=2500.31, EMA144=2565.46, EMA169=2566.82, 趋势=下跌趋势
[2025-06-06 15:18:01] ETHUSDT 4h: 当前价格=2461.87, EMA25=2559.62, EMA144=2492.75, EMA169=2461.04, 趋势=震荡行情
[2025-06-06 15:18:01] ETHUSDT 1d: 当前价格=2461.77, EMA25=2477.91, EMA144=2373.87, EMA169=2416.00, 趋势=震荡行情
==============================

===== 趋势分析结果 (2025-06-06 16:18:01) =====
[2025-06-06 16:18:00] BTCUSDT 1h: 当前价格=103319.80, EMA25=103062.95, EMA144=104675.41, EMA169=104838.90, 趋势=震荡行情
[2025-06-06 16:18:00] BTCUSDT 4h: 当前价格=103319.80, EMA25=104238.95, EMA144=104505.69, EMA169=103926.63, 趋势=下跌趋势
[2025-06-06 16:18:00] BTCUSDT 1d: 当前价格=103316.20, EMA25=104262.04, EMA144=94341.63, EMA169=93082.96, 趋势=震荡行情
[2025-06-06 16:18:01] ETHUSDT 1h: 当前价格=2460.92, EMA25=2496.73, EMA144=2563.91, EMA169=2565.48, 趋势=下跌趋势
[2025-06-06 16:18:01] ETHUSDT 4h: 当前价格=2460.92, EMA25=2551.49, EMA144=2492.22, EMA169=2460.97, 趋势=下跌趋势
[2025-06-06 16:18:01] ETHUSDT 1d: 当前价格=2460.92, EMA25=2477.85, EMA144=2373.86, EMA169=2415.99, 趋势=震荡行情
==============================

===== 趋势分析结果 (2025-06-06 17:18:01) =====
[2025-06-06 17:18:00] BTCUSDT 1h: 当前价格=103534.00, EMA25=103108.13, EMA144=104661.20, EMA169=104825.02, 趋势=震荡行情
[2025-06-06 17:18:00] BTCUSDT 4h: 当前价格=103534.00, EMA25=104255.43, EMA144=104508.64, EMA169=103929.15, 趋势=下跌趋势
[2025-06-06 17:18:00] BTCUSDT 1d: 当前价格=103534.00, EMA25=104278.79, EMA144=94344.63, EMA169=93085.53, 趋势=震荡行情
[2025-06-06 17:18:01] ETHUSDT 1h: 当前价格=2462.95, EMA25=2494.06, EMA144=2562.49, EMA169=2564.25, 趋势=下跌趋势
[2025-06-06 17:18:01] ETHUSDT 4h: 当前价格=2463.43, EMA25=2551.68, EMA144=2492.26, EMA169=2461.00, 趋势=震荡行情
[2025-06-06 17:18:01] ETHUSDT 1d: 当前价格=2462.95, EMA25=2478.00, EMA144=2373.89, EMA169=2416.02, 趋势=震荡行情
==============================

===== 趋势分析结果 (2025-06-06 18:18:01) =====
[2025-06-06 18:18:00] BTCUSDT 1h: 当前价格=103654.40, EMA25=103154.39, EMA144=104647.91, EMA169=104811.86, 趋势=震荡行情
[2025-06-06 18:18:00] BTCUSDT 4h: 当前价格=103654.40, EMA25=104264.69, EMA144=104510.30, EMA169=103930.57, 趋势=下跌趋势
[2025-06-06 18:18:00] BTCUSDT 1d: 当前价格=103654.40, EMA25=104288.05, EMA144=94346.29, EMA169=93086.94, 趋势=震荡行情
[2025-06-06 18:18:01] ETHUSDT 1h: 当前价格=2475.42, EMA25=2492.95, EMA144=2561.34, EMA169=2563.24, 趋势=下跌趋势
[2025-06-06 18:18:01] ETHUSDT 4h: 当前价格=2475.41, EMA25=2552.60, EMA144=2492.42, EMA169=2461.14, 趋势=震荡行情
[2025-06-06 18:18:01] ETHUSDT 1d: 当前价格=2475.42, EMA25=2478.96, EMA144=2374.06, EMA169=2416.16, 趋势=震荡行情
==============================

===== 趋势分析结果 (2025-06-06 19:18:01) =====
[2025-06-06 19:18:00] BTCUSDT 1h: 当前价格=103784.80, EMA25=103200.92, EMA144=104635.41, EMA169=104799.35, 趋势=震荡行情
[2025-06-06 19:18:00] BTCUSDT 4h: 当前价格=103784.90, EMA25=104274.73, EMA144=104512.10, EMA169=103932.10, 趋势=下跌趋势
[2025-06-06 19:18:00] BTCUSDT 1d: 当前价格=103784.90, EMA25=104298.09, EMA144=94348.09, EMA169=93088.48, 趋势=震荡行情
[2025-06-06 19:18:01] ETHUSDT 1h: 当前价格=2485.53, EMA25=2492.73, EMA144=2560.35, EMA169=2562.38, 趋势=下跌趋势
[2025-06-06 19:18:01] ETHUSDT 4h: 当前价格=2485.53, EMA25=2553.38, EMA144=2492.56, EMA169=2461.26, 趋势=震荡行情
[2025-06-06 19:18:01] ETHUSDT 1d: 当前价格=2485.53, EMA25=2479.74, EMA144=2374.20, EMA169=2416.28, 趋势=上涨趋势
==============================

===== 趋势分析结果 (2025-06-06 20:18:01) =====
[2025-06-06 20:18:00] BTCUSDT 1h: 当前价格=103851.60, EMA25=103256.74, EMA144=104625.50, EMA169=104789.15, 趋势=震荡行情
[2025-06-06 20:18:00] BTCUSDT 4h: 当前价格=103851.50, EMA25=104247.93, EMA144=104504.29, EMA169=103931.83, 趋势=下跌趋势
[2025-06-06 20:18:00] BTCUSDT 1d: 当前价格=103851.50, EMA25=104303.21, EMA144=94349.01, EMA169=93089.26, 趋势=震荡行情
[2025-06-06 20:18:01] ETHUSDT 1h: 当前价格=2476.41, EMA25=2490.72, EMA144=2559.04, EMA169=2561.23, 趋势=下跌趋势
[2025-06-06 20:18:01] ETHUSDT 4h: 当前价格=2476.41, EMA25=2546.71, EMA144=2492.21, EMA169=2461.32, 趋势=震荡行情
[2025-06-06 20:18:01] ETHUSDT 1d: 当前价格=2476.32, EMA25=2479.03, EMA144=2374.07, EMA169=2416.18, 趋势=震荡行情
==============================

===== 趋势分析结果 (2025-06-06 21:18:06) =====
[2025-06-06 21:18:00] BTCUSDT 1h: 当前价格=103859.10, EMA25=103292.47, EMA144=104612.70, EMA169=104776.52, 趋势=震荡行情
[2025-06-06 21:18:00] BTCUSDT 4h: 当前价格=103859.00, EMA25=104248.51, EMA144=104504.39, EMA169=103931.92, 趋势=下跌趋势
[2025-06-06 21:18:03] BTCUSDT 1d: 当前价格=103854.20, EMA25=104303.42, EMA144=94349.05, EMA169=93089.29, 趋势=震荡行情
[2025-06-06 21:18:04] ETHUSDT 1h: 当前价格=2482.80, EMA25=2489.96, EMA144=2557.94, EMA169=2560.28, 趋势=下跌趋势
[2025-06-06 21:18:05] ETHUSDT 4h: 当前价格=2482.77, EMA25=2547.19, EMA144=2492.30, EMA169=2461.40, 趋势=震荡行情
[2025-06-06 21:18:06] ETHUSDT 1d: 当前价格=2482.76, EMA25=2479.53, EMA144=2374.16, EMA169=2416.25, 趋势=上涨趋势
==============================

===== 趋势分析结果 (2025-06-06 22:18:01) =====
[2025-06-06 22:18:00] BTCUSDT 1h: 当前价格=104391.30, EMA25=103389.35, EMA144=104611.82, EMA169=104774.08, 趋势=震荡行情
[2025-06-06 22:18:00] BTCUSDT 4h: 当前价格=104391.80, EMA25=104289.49, EMA144=104511.74, EMA169=103938.19, 趋势=震荡行情
[2025-06-06 22:18:00] BTCUSDT 1d: 当前价格=104391.30, EMA25=104344.74, EMA144=94356.46, EMA169=93095.61, 趋势=上涨趋势
[2025-06-06 22:18:01] ETHUSDT 1h: 当前价格=2510.23, EMA25=2492.89, EMA144=2557.54, EMA169=2559.90, 趋势=震荡行情
[2025-06-06 22:18:01] ETHUSDT 4h: 当前价格=2510.23, EMA25=2549.31, EMA144=2492.68, EMA169=2461.72, 趋势=震荡行情
[2025-06-06 22:18:01] ETHUSDT 1d: 当前价格=2510.46, EMA25=2481.66, EMA144=2374.54, EMA169=2416.58, 趋势=上涨趋势
==============================

