===== 趋势分析结果 (2025-06-26 14:47:32) =====
[2025-06-26 14:47:30] BTCUSDT 15m: 当前价格=107751.50, EMA25=107643.23, EMA60=107467.96, EMA120=107022.91, 趋势=上涨趋势
[2025-06-26 14:47:30] BTCUSDT 1h: 当前价格=107751.50, EMA25=107215.60, EMA60=106105.32, EMA120=105135.93, 趋势=上涨趋势
[2025-06-26 14:47:30] BTCUSDT 4h: 当前价格=107751.50, EMA25=105400.35, EMA60=104881.34, EMA120=105039.62, 趋势=上涨趋势
[2025-06-26 14:47:31] BTCUSDT 1d: 当前价格=107751.50, EMA25=105269.83, EMA60=102642.20, EMA120=98484.46, 趋势=上涨趋势
[2025-06-26 14:47:31] ETHUSDT 15m: 当前价格=2482.02, EMA25=2468.91, EMA60=2452.14, EMA120=2438.74, 趋势=上涨趋势
[2025-06-26 14:47:31] ETHUSDT 1h: 当前价格=2482.02, EMA25=2445.42, EMA60=2417.64, EMA120=2406.06, 趋势=上涨趋势
[2025-06-26 14:47:31] ETHUSDT 4h: 当前价格=2482.02, EMA25=2407.55, EMA60=2434.94, EMA120=2476.33, 趋势=震荡行情
[2025-06-26 14:47:32] ETHUSDT 1d: 当前价格=2482.04, EMA25=2478.04, EMA60=2402.30, EMA120=2384.35, 趋势=上涨趋势
==============================

===== 趋势分析结果 (2025-06-26 15:02:34) =====
[2025-06-26 15:02:32] BTCUSDT 15m: 当前价格=107747.20, EMA25=107647.77, EMA60=107475.57, EMA120=107034.10, 趋势=上涨趋势
[2025-06-26 15:02:32] BTCUSDT 1h: 当前价格=107747.30, EMA25=107253.04, EMA60=106157.61, EMA120=105178.24, 趋势=上涨趋势
[2025-06-26 15:02:33] BTCUSDT 4h: 当前价格=107747.30, EMA25=105400.03, EMA60=104881.20, EMA120=105039.55, 趋势=上涨趋势
[2025-06-26 15:02:33] BTCUSDT 1d: 当前价格=107747.30, EMA25=105269.51, EMA60=102642.06, EMA120=98484.39, 趋势=上涨趋势
[2025-06-26 15:02:34] ETHUSDT 15m: 当前价格=2485.03, EMA25=2470.43, EMA60=2453.34, EMA120=2439.57, 趋势=上涨趋势
[2025-06-26 15:02:34] ETHUSDT 1h: 当前价格=2485.03, EMA25=2448.75, EMA60=2419.97, EMA120=2407.42, 趋势=上涨趋势
[2025-06-26 15:02:34] ETHUSDT 4h: 当前价格=2485.05, EMA25=2407.78, EMA60=2435.04, EMA120=2476.38, 趋势=震荡行情
[2025-06-26 15:02:34] ETHUSDT 1d: 当前价格=2485.05, EMA25=2478.27, EMA60=2402.39, EMA120=2384.40, 趋势=上涨趋势
==============================

===== 趋势分析结果 (2025-06-26 15:17:34) =====
[2025-06-26 15:17:32] BTCUSDT 15m: 当前价格=107738.70, EMA25=107657.35, EMA60=107485.35, EMA120=107046.33, 趋势=上涨趋势
[2025-06-26 15:17:32] BTCUSDT 1h: 当前价格=107738.80, EMA25=107252.39, EMA60=106157.34, EMA120=105178.10, 趋势=上涨趋势
[2025-06-26 15:17:33] BTCUSDT 4h: 当前价格=107738.70, EMA25=105399.37, EMA60=104880.92, EMA120=105039.41, 趋势=上涨趋势
[2025-06-26 15:17:33] BTCUSDT 1d: 当前价格=107738.80, EMA25=105268.85, EMA60=102641.78, EMA120=98484.25, 趋势=上涨趋势
[2025-06-26 15:17:33] ETHUSDT 15m: 当前价格=2486.49, EMA25=2471.83, EMA60=2454.51, EMA120=2440.39, 趋势=上涨趋势
[2025-06-26 15:17:34] ETHUSDT 1h: 当前价格=2486.27, EMA25=2448.85, EMA60=2420.01, EMA120=2407.45, 趋势=上涨趋势
[2025-06-26 15:17:34] ETHUSDT 4h: 当前价格=2486.49, EMA25=2407.89, EMA60=2435.09, EMA120=2476.41, 趋势=震荡行情
[2025-06-26 15:17:34] ETHUSDT 1d: 当前价格=2486.50, EMA25=2478.38, EMA60=2402.44, EMA120=2384.42, 趋势=上涨趋势
==============================

===== 趋势分析结果 (2025-06-26 15:32:35) =====
[2025-06-26 15:32:32] BTCUSDT 15m: 当前价格=107904.00, EMA25=107689.79, EMA60=107505.09, EMA120=107063.59, 趋势=上涨趋势
[2025-06-26 15:32:33] BTCUSDT 1h: 当前价格=107904.00, EMA25=107265.10, EMA60=106162.75, EMA120=105180.83, 趋势=上涨趋势
[2025-06-26 15:32:33] BTCUSDT 4h: 当前价格=107904.00, EMA25=105412.08, EMA60=104886.34, EMA120=105042.14, 趋势=上涨趋势
[2025-06-26 15:32:33] BTCUSDT 1d: 当前价格=107904.00, EMA25=105281.56, EMA60=102647.20, EMA120=98486.98, 趋势=上涨趋势
[2025-06-26 15:32:33] ETHUSDT 15m: 当前价格=2489.26, EMA25=2473.60, EMA60=2455.84, EMA120=2441.29, 趋势=上涨趋势
[2025-06-26 15:32:34] ETHUSDT 1h: 当前价格=2489.26, EMA25=2449.08, EMA60=2420.11, EMA120=2407.49, 趋势=上涨趋势
[2025-06-26 15:32:34] ETHUSDT 4h: 当前价格=2489.26, EMA25=2408.11, EMA60=2435.18, EMA120=2476.45, 趋势=震荡行情
[2025-06-26 15:32:35] ETHUSDT 1d: 当前价格=2489.35, EMA25=2478.60, EMA60=2402.53, EMA120=2384.47, 趋势=上涨趋势
==============================

===== 趋势分析结果 (2025-06-26 15:47:34) =====
[2025-06-26 15:47:32] BTCUSDT 15m: 当前价格=107934.30, EMA25=107710.61, EMA60=107520.06, EMA120=107078.44, 趋势=上涨趋势
[2025-06-26 15:47:33] BTCUSDT 1h: 当前价格=107931.10, EMA25=107267.18, EMA60=106163.64, EMA120=105181.27, 趋势=上涨趋势
[2025-06-26 15:47:33] BTCUSDT 4h: 当前价格=107934.30, EMA25=105414.41, EMA60=104887.33, EMA120=105042.64, 趋势=上涨趋势
[2025-06-26 15:47:33] BTCUSDT 1d: 当前价格=107931.10, EMA25=105283.65, EMA60=102648.09, EMA120=98487.42, 趋势=上涨趋势
[2025-06-26 15:47:33] ETHUSDT 15m: 当前价格=2494.46, EMA25=2475.55, EMA60=2457.25, EMA120=2442.25, 趋势=上涨趋势
[2025-06-26 15:47:34] ETHUSDT 1h: 当前价格=2494.46, EMA25=2449.48, EMA60=2420.28, EMA120=2407.58, 趋势=上涨趋势
[2025-06-26 15:47:34] ETHUSDT 4h: 当前价格=2495.18, EMA25=2408.56, EMA60=2435.38, EMA120=2476.55, 趋势=震荡行情
[2025-06-26 15:47:34] ETHUSDT 1d: 当前价格=2494.46, EMA25=2479.00, EMA60=2402.70, EMA120=2384.55, 趋势=上涨趋势
==============================

===== 趋势分析结果 (2025-06-26 16:02:34) =====
[2025-06-26 16:02:32] BTCUSDT 15m: 当前价格=107831.30, EMA25=107708.12, EMA60=107525.01, EMA120=107088.19, 趋势=上涨趋势
[2025-06-26 16:02:33] BTCUSDT 1h: 当前价格=107831.30, EMA25=107299.03, EMA60=106213.16, EMA120=105222.40, 趋势=上涨趋势
[2025-06-26 16:02:33] BTCUSDT 4h: 当前价格=107831.30, EMA25=105588.56, EMA60=104978.60, EMA120=105085.92, 趋势=上涨趋势
[2025-06-26 16:02:33] BTCUSDT 1d: 当前价格=107831.30, EMA25=105275.97, EMA60=102644.81, EMA120=98485.77, 趋势=上涨趋势
[2025-06-26 16:02:34] ETHUSDT 15m: 当前价格=2492.21, EMA25=2476.44, EMA60=2458.23, EMA120=2442.99, 趋势=上涨趋势
[2025-06-26 16:02:34] ETHUSDT 1h: 当前价格=2492.21, EMA25=2452.38, EMA60=2422.47, EMA120=2408.89, 趋势=上涨趋势
[2025-06-26 16:02:34] ETHUSDT 4h: 当前价格=2492.21, EMA25=2414.56, EMA60=2437.04, EMA120=2476.70, 趋势=震荡行情
[2025-06-26 16:02:34] ETHUSDT 1d: 当前价格=2492.21, EMA25=2478.82, EMA60=2402.63, EMA120=2384.51, 趋势=上涨趋势
==============================

===== 趋势分析结果 (2025-06-26 16:17:39) =====
[2025-06-26 16:17:33] BTCUSDT 15m: 当前价格=108058.90, EMA25=107749.11, EMA60=107548.77, EMA120=107107.44, 趋势=上涨趋势
[2025-06-26 16:17:33] BTCUSDT 1h: 当前价格=108058.90, EMA25=107316.54, EMA60=106220.62, EMA120=105226.16, 趋势=上涨趋势
[2025-06-26 16:17:34] BTCUSDT 4h: 当前价格=108058.90, EMA25=105606.06, EMA60=104986.06, EMA120=105089.68, 趋势=上涨趋势
[2025-06-26 16:17:35] BTCUSDT 1d: 当前价格=108058.80, EMA25=105293.47, EMA60=102652.27, EMA120=98489.53, 趋势=上涨趋势
[2025-06-26 16:17:36] ETHUSDT 15m: 当前价格=2495.60, EMA25=2478.29, EMA60=2459.62, EMA120=2443.94, 趋势=上涨趋势
[2025-06-26 16:17:37] ETHUSDT 1h: 当前价格=2495.60, EMA25=2452.64, EMA60=2422.58, EMA120=2408.94, 趋势=上涨趋势
[2025-06-26 16:17:37] ETHUSDT 4h: 当前价格=2495.43, EMA25=2414.80, EMA60=2437.15, EMA120=2476.76, 趋势=震荡行情
[2025-06-26 16:17:39] ETHUSDT 1d: 当前价格=2495.60, EMA25=2479.08, EMA60=2402.74, EMA120=2384.57, 趋势=上涨趋势
==============================

===== 趋势分析结果 (2025-06-26 16:32:34) =====
[2025-06-26 16:32:32] BTCUSDT 15m: 当前价格=107707.20, EMA25=107727.93, EMA60=107545.94, EMA120=107113.25, 趋势=震荡行情
[2025-06-26 16:32:33] BTCUSDT 1h: 当前价格=107707.20, EMA25=107289.48, EMA60=106209.09, EMA120=105220.35, 趋势=上涨趋势
[2025-06-26 16:32:33] BTCUSDT 4h: 当前价格=107708.00, EMA25=105579.07, EMA60=104974.56, EMA120=105083.88, 趋势=上涨趋势
[2025-06-26 16:32:33] BTCUSDT 1d: 当前价格=107707.10, EMA25=105266.41, EMA60=102640.74, EMA120=98483.72, 趋势=上涨趋势
[2025-06-26 16:32:34] ETHUSDT 15m: 当前价格=2486.21, EMA25=2478.44, EMA60=2460.29, EMA120=2444.54, 趋势=上涨趋势
[2025-06-26 16:32:34] ETHUSDT 1h: 当前价格=2486.22, EMA25=2451.91, EMA60=2422.27, EMA120=2408.79, 趋势=上涨趋势
[2025-06-26 16:32:34] ETHUSDT 4h: 当前价格=2486.21, EMA25=2414.09, EMA60=2436.85, EMA120=2476.60, 趋势=震荡行情
[2025-06-26 16:32:34] ETHUSDT 1d: 当前价格=2486.21, EMA25=2478.36, EMA60=2402.43, EMA120=2384.41, 趋势=上涨趋势
==============================

===== 趋势分析结果 (2025-06-26 16:47:34) =====
[2025-06-26 16:47:33] BTCUSDT 15m: 当前价格=107727.90, EMA25=107731.89, EMA60=107553.68, EMA120=107124.31, 趋势=震荡行情
[2025-06-26 16:47:33] BTCUSDT 1h: 当前价格=107727.90, EMA25=107291.07, EMA60=106209.77, EMA120=105220.69, 趋势=上涨趋势
[2025-06-26 16:47:33] BTCUSDT 4h: 当前价格=107727.90, EMA25=105580.60, EMA60=104975.21, EMA120=105084.21, 趋势=上涨趋势
[2025-06-26 16:47:33] BTCUSDT 1d: 当前价格=107727.80, EMA25=105268.01, EMA60=102641.42, EMA120=98484.06, 趋势=上涨趋势
[2025-06-26 16:47:34] ETHUSDT 15m: 当前价格=2485.34, EMA25=2479.05, EMA60=2461.14, EMA120=2445.23, 趋势=上涨趋势
[2025-06-26 16:47:34] ETHUSDT 1h: 当前价格=2485.33, EMA25=2451.85, EMA60=2422.24, EMA120=2408.77, 趋势=上涨趋势
[2025-06-26 16:47:34] ETHUSDT 4h: 当前价格=2485.33, EMA25=2414.03, EMA60=2436.82, EMA120=2476.59, 趋势=震荡行情
[2025-06-26 16:47:34] ETHUSDT 1d: 当前价格=2485.33, EMA25=2478.29, EMA60=2402.40, EMA120=2384.40, 趋势=上涨趋势
==============================

===== 趋势分析结果 (2025-06-26 17:02:34) =====
[2025-06-26 17:02:33] BTCUSDT 15m: 当前价格=107719.20, EMA25=107728.92, EMA60=107558.22, EMA120=107133.69, 趋势=震荡行情
[2025-06-26 17:02:33] BTCUSDT 1h: 当前价格=107719.20, EMA25=107322.02, EMA60=106258.37, EMA120=105261.50, 趋势=上涨趋势
[2025-06-26 17:02:33] BTCUSDT 4h: 当前价格=107719.20, EMA25=105579.93, EMA60=104974.92, EMA120=105084.07, 趋势=上涨趋势
[2025-06-26 17:02:33] BTCUSDT 1d: 当前价格=107719.20, EMA25=105267.35, EMA60=102641.14, EMA120=98483.92, 趋势=上涨趋势
[2025-06-26 17:02:34] ETHUSDT 15m: 当前价格=2486.09, EMA25=2479.63, EMA60=2461.98, EMA120=2445.92, 趋势=上涨趋势
[2025-06-26 17:02:34] ETHUSDT 1h: 当前价格=2485.59, EMA25=2454.49, EMA60=2424.34, EMA120=2410.05, 趋势=上涨趋势
[2025-06-26 17:02:34] ETHUSDT 4h: 当前价格=2486.09, EMA25=2414.09, EMA60=2436.84, EMA120=2476.60, 趋势=震荡行情
[2025-06-26 17:02:34] ETHUSDT 1d: 当前价格=2486.09, EMA25=2478.35, EMA60=2402.43, EMA120=2384.41, 趋势=上涨趋势
==============================

===== 趋势分析结果 (2025-06-26 17:17:34) =====
[2025-06-26 17:17:33] BTCUSDT 15m: 当前价格=107380.40, EMA25=107668.50, EMA60=107537.37, EMA120=107130.08, 趋势=震荡行情
[2025-06-26 17:17:33] BTCUSDT 1h: 当前价格=107380.40, EMA25=107295.96, EMA60=106247.27, EMA120=105255.90, 趋势=上涨趋势
[2025-06-26 17:17:33] BTCUSDT 4h: 当前价格=107380.40, EMA25=105553.87, EMA60=104963.81, EMA120=105078.47, 趋势=上涨趋势
[2025-06-26 17:17:33] BTCUSDT 1d: 当前价格=107400.00, EMA25=105242.79, EMA60=102630.67, EMA120=98478.65, 趋势=上涨趋势
[2025-06-26 17:17:34] ETHUSDT 15m: 当前价格=2474.54, EMA25=2477.99, EMA60=2461.83, EMA120=2446.10, 趋势=震荡行情
[2025-06-26 17:17:34] ETHUSDT 1h: 当前价格=2474.74, EMA25=2453.65, EMA60=2423.98, EMA120=2409.87, 趋势=上涨趋势
[2025-06-26 17:17:34] ETHUSDT 4h: 当前价格=2474.53, EMA25=2413.20, EMA60=2436.46, EMA120=2476.41, 趋势=震荡行情
[2025-06-26 17:17:34] ETHUSDT 1d: 当前价格=2474.74, EMA25=2477.48, EMA60=2402.06, EMA120=2384.22, 趋势=震荡行情
==============================

===== 趋势分析结果 (2025-06-26 17:32:34) =====
[2025-06-26 17:32:33] BTCUSDT 15m: 当前价格=107300.00, EMA25=107641.20, EMA60=107530.06, EMA120=107133.12, 趋势=震荡行情
[2025-06-26 17:32:33] BTCUSDT 1h: 当前价格=107300.00, EMA25=107289.77, EMA60=106244.63, EMA120=105254.57, 趋势=上涨趋势
[2025-06-26 17:32:33] BTCUSDT 4h: 当前价格=107300.00, EMA25=105547.69, EMA60=104961.18, EMA120=105077.14, 趋势=上涨趋势
[2025-06-26 17:32:33] BTCUSDT 1d: 当前价格=107300.00, EMA25=105235.10, EMA60=102627.39, EMA120=98476.99, 趋势=上涨趋势
[2025-06-26 17:32:34] ETHUSDT 15m: 当前价格=2467.55, EMA25=2476.92, EMA60=2461.90, EMA120=2446.40, 趋势=震荡行情
[2025-06-26 17:32:34] ETHUSDT 1h: 当前价格=2467.89, EMA25=2453.12, EMA60=2423.76, EMA120=2409.76, 趋势=上涨趋势
[2025-06-26 17:32:34] ETHUSDT 4h: 当前价格=2467.89, EMA25=2412.69, EMA60=2436.25, EMA120=2476.30, 趋势=震荡行情
[2025-06-26 17:32:34] ETHUSDT 1d: 当前价格=2467.89, EMA25=2476.95, EMA60=2401.83, EMA120=2384.11, 趋势=震荡行情
==============================

===== 趋势分析结果 (2025-06-26 17:47:34) =====
[2025-06-26 17:47:33] BTCUSDT 15m: 当前价格=107247.90, EMA25=107615.85, EMA60=107523.00, EMA120=107136.14, 趋势=震荡行情
[2025-06-26 17:47:33] BTCUSDT 1h: 当前价格=107247.90, EMA25=107285.77, EMA60=106242.92, EMA120=105253.71, 趋势=震荡行情
[2025-06-26 17:47:33] BTCUSDT 4h: 当前价格=107243.40, EMA25=105543.33, EMA60=104959.32, EMA120=105076.20, 趋势=上涨趋势
[2025-06-26 17:47:33] BTCUSDT 1d: 当前价格=107247.90, EMA25=105231.09, EMA60=102625.69, EMA120=98476.13, 趋势=上涨趋势
[2025-06-26 17:47:34] ETHUSDT 15m: 当前价格=2462.78, EMA25=2475.95, EMA60=2461.98, EMA120=2446.70, 趋势=震荡行情
[2025-06-26 17:47:34] ETHUSDT 1h: 当前价格=2462.51, EMA25=2452.71, EMA60=2423.58, EMA120=2409.67, 趋势=上涨趋势
[2025-06-26 17:47:34] ETHUSDT 4h: 当前价格=2462.78, EMA25=2412.29, EMA60=2436.08, EMA120=2476.22, 趋势=震荡行情
[2025-06-26 17:47:34] ETHUSDT 1d: 当前价格=2462.51, EMA25=2476.54, EMA60=2401.65, EMA120=2384.02, 趋势=震荡行情
==============================

===== 趋势分析结果 (2025-06-26 18:02:34) =====
[2025-06-26 18:02:33] BTCUSDT 15m: 当前价格=107260.40, EMA25=107589.60, EMA60=107514.88, EMA120=107138.44, 趋势=震荡行情
[2025-06-26 18:02:33] BTCUSDT 1h: 当前价格=107260.30, EMA25=107284.90, EMA60=106276.77, EMA120=105287.10, 趋势=震荡行情
[2025-06-26 18:02:33] BTCUSDT 4h: 当前价格=107260.30, EMA25=105544.63, EMA60=104959.88, EMA120=105076.48, 趋势=上涨趋势
[2025-06-26 18:02:33] BTCUSDT 1d: 当前价格=107260.30, EMA25=105232.05, EMA60=102626.09, EMA120=98476.34, 趋势=上涨趋势
[2025-06-26 18:02:34] ETHUSDT 15m: 当前价格=2459.26, EMA25=2474.62, EMA60=2461.87, EMA120=2446.89, 趋势=震荡行情
[2025-06-26 18:02:34] ETHUSDT 1h: 当前价格=2460.04, EMA25=2453.25, EMA60=2424.76, EMA120=2410.49, 趋势=上涨趋势
[2025-06-26 18:02:34] ETHUSDT 4h: 当前价格=2460.24, EMA25=2412.10, EMA60=2435.99, EMA120=2476.18, 趋势=震荡行情
[2025-06-26 18:02:34] ETHUSDT 1d: 当前价格=2459.56, EMA25=2476.31, EMA60=2401.56, EMA120=2383.97, 趋势=震荡行情
==============================

===== 趋势分析结果 (2025-06-26 18:17:34) =====
[2025-06-26 18:17:33] BTCUSDT 15m: 当前价格=107292.80, EMA25=107571.17, EMA60=107509.56, EMA120=107142.00, 趋势=震荡行情
[2025-06-26 18:17:33] BTCUSDT 1h: 当前价格=107292.80, EMA25=107287.40, EMA60=106277.83, EMA120=105287.64, 趋势=上涨趋势
[2025-06-26 18:17:33] BTCUSDT 4h: 当前价格=107292.80, EMA25=105547.13, EMA60=104960.94, EMA120=105077.02, 趋势=上涨趋势
[2025-06-26 18:17:33] BTCUSDT 1d: 当前价格=107292.80, EMA25=105234.55, EMA60=102627.16, EMA120=98476.87, 趋势=上涨趋势
[2025-06-26 18:17:34] ETHUSDT 15m: 当前价格=2461.55, EMA25=2473.86, EMA60=2461.97, EMA120=2447.19, 趋势=震荡行情
[2025-06-26 18:17:34] ETHUSDT 1h: 当前价格=2461.56, EMA25=2453.36, EMA60=2424.81, EMA120=2410.52, 趋势=上涨趋势
[2025-06-26 18:17:34] ETHUSDT 4h: 当前价格=2461.55, EMA25=2412.20, EMA60=2436.04, EMA120=2476.20, 趋势=震荡行情
[2025-06-26 18:17:34] ETHUSDT 1d: 当前价格=2461.56, EMA25=2476.47, EMA60=2401.62, EMA120=2384.01, 趋势=震荡行情
==============================

===== 趋势分析结果 (2025-06-26 18:32:34) =====
[2025-06-26 18:32:33] BTCUSDT 15m: 当前价格=107299.10, EMA25=107549.26, EMA60=107502.22, EMA120=107144.37, 趋势=震荡行情
[2025-06-26 18:32:33] BTCUSDT 1h: 当前价格=107299.10, EMA25=107287.88, EMA60=106278.04, EMA120=105287.74, 趋势=上涨趋势
[2025-06-26 18:32:33] BTCUSDT 4h: 当前价格=107299.10, EMA25=105547.62, EMA60=104961.15, EMA120=105077.12, 趋势=上涨趋势
[2025-06-26 18:32:33] BTCUSDT 1d: 当前价格=107299.10, EMA25=105235.03, EMA60=102627.37, EMA120=98476.98, 趋势=上涨趋势
[2025-06-26 18:32:34] ETHUSDT 15m: 当前价格=2459.44, EMA25=2472.55, EMA60=2461.80, EMA120=2447.35, 趋势=震荡行情
[2025-06-26 18:32:34] ETHUSDT 1h: 当前价格=2459.62, EMA25=2453.21, EMA60=2424.75, EMA120=2410.48, 趋势=上涨趋势
[2025-06-26 18:32:34] ETHUSDT 4h: 当前价格=2459.44, EMA25=2412.04, EMA60=2435.97, EMA120=2476.16, 趋势=震荡行情
[2025-06-26 18:32:34] ETHUSDT 1d: 当前价格=2459.44, EMA25=2476.30, EMA60=2401.55, EMA120=2383.97, 趋势=震荡行情
==============================

===== 趋势分析结果 (2025-06-26 18:47:42) =====
[2025-06-26 18:47:34] BTCUSDT 15m: 当前价格=107328.90, EMA25=107531.70, EMA60=107496.27, EMA120=107147.27, 趋势=震荡行情
[2025-06-26 18:47:35] BTCUSDT 1h: 当前价格=107329.00, EMA25=107290.18, EMA60=106279.02, EMA120=105288.23, 趋势=上涨趋势
[2025-06-26 18:47:37] BTCUSDT 4h: 当前价格=107329.00, EMA25=105549.92, EMA60=104962.13, EMA120=105077.62, 趋势=上涨趋势
[2025-06-26 18:47:37] BTCUSDT 1d: 当前价格=107328.90, EMA25=105237.32, EMA60=102628.34, EMA120=98477.47, 趋势=上涨趋势
[2025-06-26 18:47:38] ETHUSDT 15m: 当前价格=2456.20, EMA25=2470.98, EMA60=2461.48, EMA120=2447.42, 趋势=震荡行情
[2025-06-26 18:47:39] ETHUSDT 1h: 当前价格=2456.07, EMA25=2452.94, EMA60=2424.63, EMA120=2410.42, 趋势=上涨趋势
[2025-06-26 18:47:41] ETHUSDT 4h: 当前价格=2456.08, EMA25=2411.78, EMA60=2435.86, EMA120=2476.11, 趋势=震荡行情
[2025-06-26 18:47:42] ETHUSDT 1d: 当前价格=2456.08, EMA25=2476.04, EMA60=2401.44, EMA120=2383.92, 趋势=震荡行情
==============================

===== 趋势分析结果 (2025-06-26 19:02:38) =====
[2025-06-26 19:02:33] BTCUSDT 15m: 当前价格=107320.50, EMA25=107515.47, EMA60=107490.51, EMA120=107150.14, 趋势=震荡行情
[2025-06-26 19:02:34] BTCUSDT 1h: 当前价格=107320.50, EMA25=107292.52, EMA60=106313.17, EMA120=105321.82, 趋势=上涨趋势
[2025-06-26 19:02:34] BTCUSDT 4h: 当前价格=107320.40, EMA25=105549.26, EMA60=104961.85, EMA120=105077.47, 趋势=上涨趋势
[2025-06-26 19:02:35] BTCUSDT 1d: 当前价格=107320.40, EMA25=105236.67, EMA60=102628.06, EMA120=98477.33, 趋势=上涨趋势
[2025-06-26 19:02:36] ETHUSDT 15m: 当前价格=2451.97, EMA25=2469.07, EMA60=2460.96, EMA120=2447.40, 趋势=震荡行情
[2025-06-26 19:02:37] ETHUSDT 1h: 当前价格=2452.16, EMA25=2452.44, EMA60=2425.34, EMA120=2411.01, 趋势=震荡行情
[2025-06-26 19:02:37] ETHUSDT 4h: 当前价格=2452.16, EMA25=2411.48, EMA60=2435.73, EMA120=2476.04, 趋势=震荡行情
[2025-06-26 19:02:38] ETHUSDT 1d: 当前价格=2452.16, EMA25=2475.74, EMA60=2401.32, EMA120=2383.85, 趋势=震荡行情
==============================

===== 趋势分析结果 (2025-06-26 19:17:36) =====
[2025-06-26 19:17:33] BTCUSDT 15m: 当前价格=107239.00, EMA25=107492.26, EMA60=107481.40, EMA120=107151.15, 趋势=震荡行情
[2025-06-26 19:17:33] BTCUSDT 1h: 当前价格=107237.40, EMA25=107286.13, EMA60=106310.44, EMA120=105320.45, 趋势=震荡行情
[2025-06-26 19:17:33] BTCUSDT 4h: 当前价格=107239.00, EMA25=105542.99, EMA60=104959.18, EMA120=105076.13, 趋势=上涨趋势
[2025-06-26 19:17:35] BTCUSDT 1d: 当前价格=107234.30, EMA25=105230.05, EMA60=102625.24, EMA120=98475.91, 趋势=上涨趋势
[2025-06-26 19:17:35] ETHUSDT 15m: 当前价格=2445.03, EMA25=2467.20, EMA60=2460.43, EMA120=2447.35, 趋势=震荡行情
[2025-06-26 19:17:35] ETHUSDT 1h: 当前价格=2445.03, EMA25=2451.89, EMA60=2425.10, EMA120=2410.89, 趋势=震荡行情
[2025-06-26 19:17:35] ETHUSDT 4h: 当前价格=2445.03, EMA25=2410.93, EMA60=2435.50, EMA120=2475.92, 趋势=震荡行情
[2025-06-26 19:17:36] ETHUSDT 1d: 当前价格=2445.02, EMA25=2475.19, EMA60=2401.08, EMA120=2383.73, 趋势=震荡行情
==============================

===== 趋势分析结果 (2025-06-26 19:32:35) =====
[2025-06-26 19:32:33] BTCUSDT 15m: 当前价格=107122.00, EMA25=107456.73, EMA60=107466.47, EMA120=107149.05, 趋势=震荡行情
[2025-06-26 19:32:33] BTCUSDT 1h: 当前价格=107122.00, EMA25=107277.25, EMA60=106306.66, EMA120=105318.54, 趋势=震荡行情
[2025-06-26 19:32:33] BTCUSDT 4h: 当前价格=107121.90, EMA25=105533.99, EMA60=104955.34, EMA120=105074.19, 趋势=上涨趋势
[2025-06-26 19:32:34] BTCUSDT 1d: 当前价格=107121.90, EMA25=105221.40, EMA60=102621.56, EMA120=98474.05, 趋势=上涨趋势
[2025-06-26 19:32:34] ETHUSDT 15m: 当前价格=2445.96, EMA25=2465.63, EMA60=2459.99, EMA120=2447.34, 趋势=震荡行情
[2025-06-26 19:32:34] ETHUSDT 1h: 当前价格=2445.67, EMA25=2451.94, EMA60=2425.13, EMA120=2410.90, 趋势=震荡行情
[2025-06-26 19:32:35] ETHUSDT 4h: 当前价格=2446.00, EMA25=2411.00, EMA60=2435.53, EMA120=2475.94, 趋势=震荡行情
[2025-06-26 19:32:35] ETHUSDT 1d: 当前价格=2446.00, EMA25=2475.27, EMA60=2401.11, EMA120=2383.75, 趋势=震荡行情
==============================

===== 趋势分析结果 (2025-06-26 19:47:35) =====
[2025-06-26 19:47:33] BTCUSDT 15m: 当前价格=107184.30, EMA25=107434.40, EMA60=107456.60, EMA120=107149.32, 趋势=震荡行情
[2025-06-26 19:47:33] BTCUSDT 1h: 当前价格=107184.30, EMA25=107282.05, EMA60=106308.70, EMA120=105319.57, 趋势=震荡行情
[2025-06-26 19:47:33] BTCUSDT 4h: 当前价格=107184.30, EMA25=105538.79, EMA60=104957.39, EMA120=105075.22, 趋势=上涨趋势
[2025-06-26 19:47:34] BTCUSDT 1d: 当前价格=107184.30, EMA25=105226.20, EMA60=102623.60, EMA120=98475.08, 趋势=上涨趋势
[2025-06-26 19:47:34] ETHUSDT 15m: 当前价格=2445.70, EMA25=2463.85, EMA60=2459.41, EMA120=2447.26, 趋势=震荡行情
[2025-06-26 19:47:34] ETHUSDT 1h: 当前价格=2445.70, EMA25=2451.94, EMA60=2425.13, EMA120=2410.90, 趋势=震荡行情
[2025-06-26 19:47:34] ETHUSDT 4h: 当前价格=2445.70, EMA25=2410.98, EMA60=2435.52, EMA120=2475.94, 趋势=震荡行情
[2025-06-26 19:47:35] ETHUSDT 1d: 当前价格=2445.54, EMA25=2475.23, EMA60=2401.10, EMA120=2383.74, 趋势=震荡行情
==============================

===== 趋势分析结果 (2025-06-26 20:02:35) =====
[2025-06-26 20:02:33] BTCUSDT 15m: 当前价格=107243.20, EMA25=107425.98, EMA60=107452.41, EMA120=107152.33, 趋势=震荡行情
[2025-06-26 20:02:33] BTCUSDT 1h: 当前价格=107243.20, EMA25=107285.34, EMA60=106342.15, EMA120=105352.80, 趋势=震荡行情
[2025-06-26 20:02:33] BTCUSDT 4h: 当前价格=107259.60, EMA25=105677.44, EMA60=105035.67, EMA120=105112.66, 趋势=上涨趋势
[2025-06-26 20:02:34] BTCUSDT 1d: 当前价格=107243.20, EMA25=105230.73, EMA60=102625.53, EMA120=98476.05, 趋势=上涨趋势
[2025-06-26 20:02:34] ETHUSDT 15m: 当前价格=2446.70, EMA25=2462.78, EMA60=2459.10, EMA120=2447.31, 趋势=震荡行情
[2025-06-26 20:02:35] ETHUSDT 1h: 当前价格=2446.71, EMA25=2451.79, EMA60=2425.95, EMA120=2411.55, 趋势=震荡行情
[2025-06-26 20:02:35] ETHUSDT 4h: 当前价格=2446.71, EMA25=2413.98, EMA60=2436.00, EMA120=2475.51, 趋势=震荡行情
[2025-06-26 20:02:35] ETHUSDT 1d: 当前价格=2446.70, EMA25=2475.32, EMA60=2401.14, EMA120=2383.76, 趋势=震荡行情
==============================

===== 趋势分析结果 (2025-06-26 20:17:35) =====
[2025-06-26 20:17:33] BTCUSDT 15m: 当前价格=107204.80, EMA25=107404.37, EMA60=107442.24, EMA120=107152.17, 趋势=震荡行情
[2025-06-26 20:17:33] BTCUSDT 1h: 当前价格=107204.80, EMA25=107282.39, EMA60=106340.89, EMA120=105352.17, 趋势=震荡行情
[2025-06-26 20:17:33] BTCUSDT 4h: 当前价格=107204.80, EMA25=105673.23, EMA60=105033.88, EMA120=105111.76, 趋势=上涨趋势
[2025-06-26 20:17:33] BTCUSDT 1d: 当前价格=107204.90, EMA25=105227.78, EMA60=102624.28, EMA120=98475.42, 趋势=上涨趋势
[2025-06-26 20:17:34] ETHUSDT 15m: 当前价格=2443.02, EMA25=2461.05, EMA60=2458.48, EMA120=2447.19, 趋势=震荡行情
[2025-06-26 20:17:34] ETHUSDT 1h: 当前价格=2443.22, EMA25=2451.52, EMA60=2425.83, EMA120=2411.49, 趋势=震荡行情
[2025-06-26 20:17:34] ETHUSDT 4h: 当前价格=2443.04, EMA25=2413.70, EMA60=2435.88, EMA120=2475.44, 趋势=震荡行情
[2025-06-26 20:17:35] ETHUSDT 1d: 当前价格=2443.02, EMA25=2475.04, EMA60=2401.02, EMA120=2383.70, 趋势=震荡行情
==============================

===== 趋势分析结果 (2025-06-26 20:32:34) =====
[2025-06-26 20:32:33] BTCUSDT 15m: 当前价格=107080.10, EMA25=107374.85, EMA60=107428.32, EMA120=107149.95, 趋势=震荡行情
[2025-06-26 20:32:33] BTCUSDT 1h: 当前价格=107080.10, EMA25=107272.80, EMA60=106336.80, EMA120=105350.10, 趋势=震荡行情
[2025-06-26 20:32:33] BTCUSDT 4h: 当前价格=107080.20, EMA25=105663.64, EMA60=105029.79, EMA120=105109.70, 趋势=上涨趋势
[2025-06-26 20:32:33] BTCUSDT 1d: 当前价格=107080.20, EMA25=105218.19, EMA60=102620.19, EMA120=98473.36, 趋势=上涨趋势
[2025-06-26 20:32:34] ETHUSDT 15m: 当前价格=2441.37, EMA25=2459.47, EMA60=2457.89, EMA120=2447.08, 趋势=震荡行情
[2025-06-26 20:32:34] ETHUSDT 1h: 当前价格=2441.37, EMA25=2451.38, EMA60=2425.77, EMA120=2411.46, 趋势=震荡行情
[2025-06-26 20:32:34] ETHUSDT 4h: 当前价格=2441.37, EMA25=2413.57, EMA60=2435.82, EMA120=2475.42, 趋势=震荡行情
[2025-06-26 20:32:34] ETHUSDT 1d: 当前价格=2441.11, EMA25=2474.89, EMA60=2400.95, EMA120=2383.67, 趋势=震荡行情
==============================

===== 趋势分析结果 (2025-06-26 20:47:34) =====
[2025-06-26 20:47:33] BTCUSDT 15m: 当前价格=107202.40, EMA25=107373.66, EMA60=107426.31, EMA120=107153.61, 趋势=震荡行情
[2025-06-26 20:47:33] BTCUSDT 1h: 当前价格=107202.40, EMA25=107282.20, EMA60=106340.81, EMA120=105352.13, 趋势=震荡行情
[2025-06-26 20:47:33] BTCUSDT 4h: 当前价格=107202.40, EMA25=105673.04, EMA60=105033.80, EMA120=105111.72, 趋势=上涨趋势
[2025-06-26 20:47:33] BTCUSDT 1d: 当前价格=107202.40, EMA25=105227.59, EMA60=102624.19, EMA120=98475.38, 趋势=上涨趋势
[2025-06-26 20:47:34] ETHUSDT 15m: 当前价格=2444.54, EMA25=2458.77, EMA60=2457.65, EMA120=2447.14, 趋势=震荡行情
[2025-06-26 20:47:34] ETHUSDT 1h: 当前价格=2444.08, EMA25=2451.59, EMA60=2425.86, EMA120=2411.51, 趋势=震荡行情
[2025-06-26 20:47:34] ETHUSDT 4h: 当前价格=2444.54, EMA25=2413.81, EMA60=2435.93, EMA120=2475.47, 趋势=震荡行情
[2025-06-26 20:47:34] ETHUSDT 1d: 当前价格=2444.54, EMA25=2475.16, EMA60=2401.07, EMA120=2383.73, 趋势=震荡行情
==============================

===== 趋势分析结果 (2025-06-26 21:02:34) =====
[2025-06-26 21:02:33] BTCUSDT 15m: 当前价格=107064.10, EMA25=107339.73, EMA60=107409.91, EMA120=107149.85, 趋势=震荡行情
[2025-06-26 21:02:33] BTCUSDT 1h: 当前价格=107068.00, EMA25=107255.61, EMA60=106360.13, EMA120=105378.16, 趋势=震荡行情
[2025-06-26 21:02:33] BTCUSDT 4h: 当前价格=107067.90, EMA25=105662.70, EMA60=105029.39, EMA120=105109.49, 趋势=上涨趋势
[2025-06-26 21:02:33] BTCUSDT 1d: 当前价格=107067.90, EMA25=105217.25, EMA60=102619.78, EMA120=98473.16, 趋势=上涨趋势
[2025-06-26 21:02:34] ETHUSDT 15m: 当前价格=2439.21, EMA25=2456.86, EMA60=2456.87, EMA120=2446.92, 趋势=震荡行情
[2025-06-26 21:02:34] ETHUSDT 1h: 当前价格=2439.59, EMA25=2450.29, EMA60=2426.14, EMA120=2411.88, 趋势=震荡行情
[2025-06-26 21:02:34] ETHUSDT 4h: 当前价格=2439.21, EMA25=2413.40, EMA60=2435.75, EMA120=2475.38, 趋势=震荡行情
[2025-06-26 21:02:34] ETHUSDT 1d: 当前价格=2439.60, EMA25=2474.78, EMA60=2400.90, EMA120=2383.64, 趋势=震荡行情
==============================

===== 趋势分析结果 (2025-06-26 21:17:34) =====
[2025-06-26 21:17:33] BTCUSDT 15m: 当前价格=107035.50, EMA25=107311.30, EMA60=107395.39, EMA120=107146.85, 趋势=震荡行情
[2025-06-26 21:17:33] BTCUSDT 1h: 当前价格=107035.50, EMA25=107253.11, EMA60=106359.07, EMA120=105377.63, 趋势=震荡行情
[2025-06-26 21:17:33] BTCUSDT 4h: 当前价格=107035.50, EMA25=105660.20, EMA60=105028.33, EMA120=105108.96, 趋势=上涨趋势
[2025-06-26 21:17:33] BTCUSDT 1d: 当前价格=107035.50, EMA25=105214.75, EMA60=102618.72, EMA120=98472.62, 趋势=上涨趋势
[2025-06-26 21:17:34] ETHUSDT 15m: 当前价格=2436.28, EMA25=2454.63, EMA60=2455.90, EMA120=2446.60, 趋势=震荡行情
[2025-06-26 21:17:34] ETHUSDT 1h: 当前价格=2436.40, EMA25=2450.04, EMA60=2426.04, EMA120=2411.83, 趋势=震荡行情
[2025-06-26 21:17:34] ETHUSDT 4h: 当前价格=2436.40, EMA25=2413.18, EMA60=2435.66, EMA120=2475.33, 趋势=震荡行情
[2025-06-26 21:17:34] ETHUSDT 1d: 当前价格=2436.13, EMA25=2474.51, EMA60=2400.79, EMA120=2383.59, 趋势=震荡行情
==============================

===== 趋势分析结果 (2025-06-26 21:32:35) =====
[2025-06-26 21:32:33] BTCUSDT 15m: 当前价格=107034.80, EMA25=107292.12, EMA60=107384.50, EMA120=107145.51, 趋势=震荡行情
[2025-06-26 21:32:33] BTCUSDT 1h: 当前价格=107034.70, EMA25=107253.05, EMA60=106359.04, EMA120=105377.61, 趋势=震荡行情
[2025-06-26 21:32:33] BTCUSDT 4h: 当前价格=107034.70, EMA25=105660.14, EMA60=105028.30, EMA120=105108.94, 趋势=上涨趋势
[2025-06-26 21:32:33] BTCUSDT 1d: 当前价格=107034.70, EMA25=105214.69, EMA60=102618.70, EMA120=98472.61, 趋势=上涨趋势
[2025-06-26 21:32:34] ETHUSDT 15m: 当前价格=2439.40, EMA25=2453.63, EMA60=2455.44, EMA120=2446.52, 趋势=震荡行情
[2025-06-26 21:32:34] ETHUSDT 1h: 当前价格=2439.40, EMA25=2450.27, EMA60=2426.14, EMA120=2411.88, 趋势=震荡行情
[2025-06-26 21:32:34] ETHUSDT 4h: 当前价格=2439.40, EMA25=2413.42, EMA60=2435.76, EMA120=2475.38, 趋势=震荡行情
[2025-06-26 21:32:35] ETHUSDT 1d: 当前价格=2439.39, EMA25=2474.76, EMA60=2400.90, EMA120=2383.64, 趋势=震荡行情
==============================

===== 趋势分析结果 (2025-06-26 21:47:34) =====
[2025-06-26 21:47:33] BTCUSDT 15m: 当前价格=107080.10, EMA25=107286.69, EMA60=107379.38, EMA120=107146.95, 趋势=震荡行情
[2025-06-26 21:47:33] BTCUSDT 1h: 当前价格=107087.20, EMA25=107257.09, EMA60=106360.76, EMA120=105378.48, 趋势=震荡行情
[2025-06-26 21:47:33] BTCUSDT 4h: 当前价格=107087.20, EMA25=105664.18, EMA60=105030.02, EMA120=105109.81, 趋势=上涨趋势
[2025-06-26 21:47:33] BTCUSDT 1d: 当前价格=107087.20, EMA25=105218.73, EMA60=102620.42, EMA120=98473.47, 趋势=上涨趋势
[2025-06-26 21:47:34] ETHUSDT 15m: 当前价格=2437.47, EMA25=2452.54, EMA60=2454.92, EMA120=2446.40, 趋势=震荡行情
[2025-06-26 21:47:34] ETHUSDT 1h: 当前价格=2437.47, EMA25=2450.13, EMA60=2426.07, EMA120=2411.84, 趋势=震荡行情
[2025-06-26 21:47:34] ETHUSDT 4h: 当前价格=2437.47, EMA25=2413.27, EMA60=2435.69, EMA120=2475.35, 趋势=震荡行情
[2025-06-26 21:47:34] ETHUSDT 1d: 当前价格=2437.30, EMA25=2474.60, EMA60=2400.83, EMA120=2383.61, 趋势=震荡行情
==============================

===== 趋势分析结果 (2025-06-26 22:02:34) =====
[2025-06-26 22:02:33] BTCUSDT 15m: 当前价格=106980.00, EMA25=107250.73, EMA60=107360.76, EMA120=107141.39, 趋势=震荡行情
[2025-06-26 22:02:33] BTCUSDT 1h: 当前价格=106980.00, EMA25=107222.90, EMA60=106375.32, EMA120=105402.01, 趋势=震荡行情
[2025-06-26 22:02:33] BTCUSDT 4h: 当前价格=106980.00, EMA25=105655.93, EMA60=105026.51, EMA120=105108.04, 趋势=上涨趋势
[2025-06-26 22:02:33] BTCUSDT 1d: 当前价格=106959.80, EMA25=105208.93, EMA60=102616.24, EMA120=98471.37, 趋势=上涨趋势
[2025-06-26 22:02:34] ETHUSDT 15m: 当前价格=2434.18, EMA25=2450.77, EMA60=2454.08, EMA120=2446.12, 趋势=震荡行情
[2025-06-26 22:02:34] ETHUSDT 1h: 当前价格=2434.18, EMA25=2448.53, EMA60=2426.17, EMA120=2412.13, 趋势=震荡行情
[2025-06-26 22:02:34] ETHUSDT 4h: 当前价格=2434.18, EMA25=2413.01, EMA60=2435.59, EMA120=2475.30, 趋势=震荡行情
[2025-06-26 22:02:34] ETHUSDT 1d: 当前价格=2434.18, EMA25=2474.36, EMA60=2400.73, EMA120=2383.55, 趋势=震荡行情
==============================

===== 趋势分析结果 (2025-06-26 22:17:39) =====
[2025-06-26 22:17:33] BTCUSDT 15m: 当前价格=107071.60, EMA25=107237.82, EMA60=107351.67, EMA120=107140.47, 趋势=震荡行情
[2025-06-26 22:17:33] BTCUSDT 1h: 当前价格=107073.80, EMA25=107230.11, EMA60=106378.39, EMA120=105403.56, 趋势=震荡行情
[2025-06-26 22:17:35] BTCUSDT 4h: 当前价格=107071.60, EMA25=105662.98, EMA60=105029.51, EMA120=105109.55, 趋势=上涨趋势
[2025-06-26 22:17:36] BTCUSDT 1d: 当前价格=107071.60, EMA25=105217.53, EMA60=102619.91, EMA120=98473.22, 趋势=上涨趋势
[2025-06-26 22:17:36] ETHUSDT 15m: 当前价格=2433.03, EMA25=2448.97, EMA60=2453.19, EMA120=2445.80, 趋势=震荡行情
[2025-06-26 22:17:36] ETHUSDT 1h: 当前价格=2432.79, EMA25=2448.43, EMA60=2426.13, EMA120=2412.10, 趋势=震荡行情
[2025-06-26 22:17:38] ETHUSDT 4h: 当前价格=2432.49, EMA25=2412.88, EMA60=2435.53, EMA120=2475.27, 趋势=震荡行情
[2025-06-26 22:17:39] ETHUSDT 1d: 当前价格=2432.79, EMA25=2474.25, EMA60=2400.68, EMA120=2383.53, 趋势=震荡行情
==============================

===== 趋势分析结果 (2025-06-26 22:32:35) =====
[2025-06-26 22:32:33] BTCUSDT 15m: 当前价格=107447.90, EMA25=107262.39, EMA60=107358.58, EMA120=107147.51, 趋势=上涨趋势
[2025-06-26 22:32:33] BTCUSDT 1h: 当前价格=107447.90, EMA25=107258.89, EMA60=106390.66, EMA120=105409.75, 趋势=上涨趋势
[2025-06-26 22:32:33] BTCUSDT 4h: 当前价格=107441.20, EMA25=105691.41, EMA60=105041.63, EMA120=105115.66, 趋势=上涨趋势
[2025-06-26 22:32:34] BTCUSDT 1d: 当前价格=107447.90, EMA25=105246.48, EMA60=102632.24, EMA120=98479.44, 趋势=上涨趋势
[2025-06-26 22:32:34] ETHUSDT 15m: 当前价格=2440.73, EMA25=2448.46, EMA60=2452.84, EMA120=2445.75, 趋势=震荡行情
[2025-06-26 22:32:34] ETHUSDT 1h: 当前价格=2441.52, EMA25=2449.10, EMA60=2426.42, EMA120=2412.25, 趋势=震荡行情
[2025-06-26 22:32:35] ETHUSDT 4h: 当前价格=2440.73, EMA25=2413.52, EMA60=2435.80, EMA120=2475.41, 趋势=震荡行情
[2025-06-26 22:32:35] ETHUSDT 1d: 当前价格=2440.73, EMA25=2474.86, EMA60=2400.94, EMA120=2383.66, 趋势=震荡行情
==============================

===== 趋势分析结果 (2025-06-26 22:47:34) =====
[2025-06-26 22:47:33] BTCUSDT 15m: 当前价格=107623.10, EMA25=107300.43, EMA60=107371.85, EMA120=107157.76, 趋势=上涨趋势
[2025-06-26 22:47:33] BTCUSDT 1h: 当前价格=107641.40, EMA25=107273.77, EMA60=106397.00, EMA120=105412.94, 趋势=上涨趋势
[2025-06-26 22:47:33] BTCUSDT 4h: 当前价格=107619.20, EMA25=105705.10, EMA60=105047.46, EMA120=105118.61, 趋势=上涨趋势
[2025-06-26 22:47:33] BTCUSDT 1d: 当前价格=107623.10, EMA25=105259.95, EMA60=102637.99, EMA120=98482.33, 趋势=上涨趋势
[2025-06-26 22:47:34] ETHUSDT 15m: 当前价格=2453.80, EMA25=2449.41, EMA60=2453.11, EMA120=2446.01, 趋势=上涨趋势
[2025-06-26 22:47:34] ETHUSDT 1h: 当前价格=2454.91, EMA25=2450.13, EMA60=2426.85, EMA120=2412.47, 趋势=上涨趋势
[2025-06-26 22:47:34] ETHUSDT 4h: 当前价格=2454.91, EMA25=2414.61, EMA60=2436.27, EMA120=2475.64, 趋势=震荡行情
[2025-06-26 22:47:34] ETHUSDT 1d: 当前价格=2454.91, EMA25=2475.95, EMA60=2401.41, EMA120=2383.90, 趋势=震荡行情
==============================

===== 趋势分析结果 (2025-06-26 23:02:34) =====
[2025-06-26 23:02:33] BTCUSDT 15m: 当前价格=107427.80, EMA25=107293.90, EMA60=107366.39, EMA120=107158.52, 趋势=上涨趋势
[2025-06-26 23:02:33] BTCUSDT 1h: 当前价格=107427.80, EMA25=107267.99, EMA60=106422.93, EMA120=105442.24, 趋势=上涨趋势
[2025-06-26 23:02:33] BTCUSDT 4h: 当前价格=107432.60, EMA25=105690.75, EMA60=105041.35, EMA120=105115.52, 趋势=上涨趋势
[2025-06-26 23:02:33] BTCUSDT 1d: 当前价格=107432.60, EMA25=105245.30, EMA60=102631.74, EMA120=98479.18, 趋势=上涨趋势
[2025-06-26 23:02:34] ETHUSDT 15m: 当前价格=2446.23, EMA25=2448.58, EMA60=2452.63, EMA120=2445.87, 趋势=震荡行情
[2025-06-26 23:02:34] ETHUSDT 1h: 当前价格=2446.23, EMA25=2449.16, EMA60=2427.19, EMA120=2412.87, 趋势=震荡行情
[2025-06-26 23:02:34] ETHUSDT 4h: 当前价格=2446.50, EMA25=2413.96, EMA60=2435.99, EMA120=2475.50, 趋势=震荡行情
[2025-06-26 23:02:34] ETHUSDT 1d: 当前价格=2446.23, EMA25=2475.29, EMA60=2401.12, EMA120=2383.75, 趋势=震荡行情
==============================

===== 趋势分析结果 (2025-06-26 23:17:37) =====
[2025-06-26 23:17:33] BTCUSDT 15m: 当前价格=107324.50, EMA25=107281.93, EMA60=107358.62, EMA120=107158.01, 趋势=上涨趋势
[2025-06-26 23:17:33] BTCUSDT 1h: 当前价格=107324.50, EMA25=107260.05, EMA60=106419.54, EMA120=105440.53, 趋势=上涨趋势
[2025-06-26 23:17:33] BTCUSDT 4h: 当前价格=107324.50, EMA25=105682.43, EMA60=105037.80, EMA120=105113.73, 趋势=上涨趋势
[2025-06-26 23:17:33] BTCUSDT 1d: 当前价格=107324.50, EMA25=105236.98, EMA60=102628.20, EMA120=98477.40, 趋势=上涨趋势
[2025-06-26 23:17:34] ETHUSDT 15m: 当前价格=2443.98, EMA25=2447.73, EMA60=2452.12, EMA120=2445.73, 趋势=震荡行情
[2025-06-26 23:17:36] ETHUSDT 1h: 当前价格=2443.53, EMA25=2448.95, EMA60=2427.10, EMA120=2412.83, 趋势=震荡行情
[2025-06-26 23:17:36] ETHUSDT 4h: 当前价格=2443.52, EMA25=2413.73, EMA60=2435.89, EMA120=2475.45, 趋势=震荡行情
[2025-06-26 23:17:37] ETHUSDT 1d: 当前价格=2443.53, EMA25=2475.08, EMA60=2401.03, EMA120=2383.71, 趋势=震荡行情
==============================

===== 趋势分析结果 (2025-06-26 23:32:34) =====
[2025-06-26 23:32:33] BTCUSDT 15m: 当前价格=106577.20, EMA25=107194.83, EMA60=107318.31, EMA120=107140.90, 趋势=震荡行情
[2025-06-26 23:32:33] BTCUSDT 1h: 当前价格=106577.20, EMA25=107202.56, EMA60=106395.04, EMA120=105428.18, 趋势=震荡行情
[2025-06-26 23:32:33] BTCUSDT 4h: 当前价格=106529.60, EMA25=105621.29, EMA60=105011.74, EMA120=105100.60, 趋势=上涨趋势
[2025-06-26 23:32:33] BTCUSDT 1d: 当前价格=106577.20, EMA25=105179.50, EMA60=102603.70, EMA120=98465.05, 趋势=上涨趋势
[2025-06-26 23:32:34] ETHUSDT 15m: 当前价格=2413.46, EMA25=2443.13, EMA60=2449.97, EMA120=2444.75, 趋势=下跌趋势
[2025-06-26 23:32:34] ETHUSDT 1h: 当前价格=2409.83, EMA25=2446.36, EMA60=2426.00, EMA120=2412.27, 趋势=震荡行情
[2025-06-26 23:32:34] ETHUSDT 4h: 当前价格=2409.83, EMA25=2411.14, EMA60=2434.79, EMA120=2474.90, 趋势=下跌趋势
[2025-06-26 23:32:34] ETHUSDT 1d: 当前价格=2409.87, EMA25=2472.49, EMA60=2399.93, EMA120=2383.15, 趋势=震荡行情
==============================

===== 趋势分析结果 (2025-06-26 23:47:37) =====
[2025-06-26 23:47:33] BTCUSDT 15m: 当前价格=107000.20, EMA25=107200.51, EMA60=107317.11, EMA120=107143.32, 趋势=震荡行情
[2025-06-26 23:47:33] BTCUSDT 1h: 当前价格=107000.30, EMA25=107235.11, EMA60=106408.91, EMA120=105435.17, 趋势=震荡行情
[2025-06-26 23:47:33] BTCUSDT 4h: 当前价格=106989.60, EMA25=105656.67, EMA60=105026.82, EMA120=105108.20, 趋势=上涨趋势
[2025-06-26 23:47:33] BTCUSDT 1d: 当前价格=107000.30, EMA25=105212.05, EMA60=102617.57, EMA120=98472.04, 趋势=上涨趋势
[2025-06-26 23:47:34] ETHUSDT 15m: 当前价格=2429.68, EMA25=2442.84, EMA60=2449.64, EMA120=2444.67, 趋势=下跌趋势
[2025-06-26 23:47:34] ETHUSDT 1h: 当前价格=2429.68, EMA25=2447.89, EMA60=2426.65, EMA120=2412.60, 趋势=震荡行情
[2025-06-26 23:47:34] ETHUSDT 4h: 当前价格=2429.68, EMA25=2412.67, EMA60=2435.44, EMA120=2475.22, 趋势=震荡行情
[2025-06-26 23:47:37] ETHUSDT 1d: 当前价格=2429.04, EMA25=2473.96, EMA60=2400.56, EMA120=2383.47, 趋势=震荡行情
==============================

