===== 趋势分析结果 (2025-08-24 01:07:15) =====
[2025-08-24 01:07:12] BTCUSDT 5m: 当前价格=114864.04, EMA25=114929.46, EMA50=%!f(utils.TrendStatus=BU), 趋势=%!s(MISSING)
[2025-08-24 01:07:12] BTCUSDT 15m: 当前价格=115024.28, EMA25=115268.91, EMA50=%!f(utils.TrendStatus=RA), 趋势=%!s(MISSING)
[2025-08-24 01:07:12] BTCUSDT 1h: 当前价格=115240.13, EMA25=114892.88, EMA50=%!f(utils.TrendStatus=BU), 趋势=%!s(MISSING)
[2025-08-24 01:07:13] BTCUSDT 4h: 当前价格=114770.33, EMA25=115359.17, EMA50=%!f(utils.TrendStatus=RA), 趋势=%!s(MISSING)
[2025-08-24 01:07:13] BTCUSDT 1d: 当前价格=116177.57, EMA25=114886.66, EMA50=%!f(utils.TrendStatus=SE), 趋势=%!s(MISSING)
[2025-08-24 01:07:13] BTCUSDT 3d: 当前价格=113308.12, EMA25=107368.77, EMA50=%!f(utils.TrendStatus=SE), 趋势=%!s(MISSING)
[2025-08-24 01:07:14] ETHUSDT 5m: 当前价格=4744.75, EMA25=4738.81, EMA50=%!f(utils.TrendStatus=BU), 趋势=%!s(MISSING)
[2025-08-24 01:07:14] ETHUSDT 15m: 当前价格=4735.00, EMA25=4729.78, EMA50=%!f(utils.TrendStatus=BU), 趋势=%!s(MISSING)
[2025-08-24 01:07:14] ETHUSDT 1h: 当前价格=4691.04, EMA25=4590.41, EMA50=%!f(utils.TrendStatus=BU), 趋势=%!s(MISSING)
[2025-08-24 01:07:14] ETHUSDT 4h: 当前价格=4498.27, EMA25=4421.03, EMA50=%!f(utils.TrendStatus=BU), 趋势=%!s(MISSING)
[2025-08-24 01:07:15] ETHUSDT 1d: 当前价格=4182.84, EMA25=3797.56, EMA50=%!f(utils.TrendStatus=BU), 趋势=%!s(MISSING)
[2025-08-24 01:07:15] ETHUSDT 3d: 当前价格=3626.20, EMA25=3171.59, EMA50=%!f(utils.TrendStatus=BU), 趋势=%!s(MISSING)
==============================

===== 趋势分析结果 (2025-08-24 01:10:10) =====
[2025-08-24 01:10:07] BTCUSDT 5m: 当前价格=114880.56, EMA25=114935.33, EMA50=%!f(utils.TrendStatus=BU), 趋势=%!s(MISSING)
[2025-08-24 01:10:07] BTCUSDT 15m: 当前价格=115027.31, EMA25=115270.45, EMA50=%!f(utils.TrendStatus=RA), 趋势=%!s(MISSING)
[2025-08-24 01:10:07] BTCUSDT 1h: 当前价格=115243.17, EMA25=114894.42, EMA50=%!f(utils.TrendStatus=BU), 趋势=%!s(MISSING)
[2025-08-24 01:10:08] BTCUSDT 4h: 当前价格=114773.37, EMA25=115360.72, EMA50=%!f(utils.TrendStatus=RA), 趋势=%!s(MISSING)
[2025-08-24 01:10:08] BTCUSDT 1d: 当前价格=116180.61, EMA25=114888.21, EMA50=%!f(utils.TrendStatus=SE), 趋势=%!s(MISSING)
[2025-08-24 01:10:08] BTCUSDT 3d: 当前价格=113311.16, EMA25=107370.32, EMA50=%!f(utils.TrendStatus=SE), 趋势=%!s(MISSING)
[2025-08-24 01:10:09] ETHUSDT 5m: 当前价格=4744.92, EMA25=4739.13, EMA50=%!f(utils.TrendStatus=BU), 趋势=%!s(MISSING)
[2025-08-24 01:10:09] ETHUSDT 15m: 当前价格=4734.93, EMA25=4729.74, EMA50=%!f(utils.TrendStatus=BU), 趋势=%!s(MISSING)
[2025-08-24 01:10:09] ETHUSDT 1h: 当前价格=4690.98, EMA25=4590.38, EMA50=%!f(utils.TrendStatus=BU), 趋势=%!s(MISSING)
[2025-08-24 01:10:10] ETHUSDT 4h: 当前价格=4498.24, EMA25=4421.02, EMA50=%!f(utils.TrendStatus=BU), 趋势=%!s(MISSING)
[2025-08-24 01:10:10] ETHUSDT 1d: 当前价格=4182.81, EMA25=3797.55, EMA50=%!f(utils.TrendStatus=BU), 趋势=%!s(MISSING)
[2025-08-24 01:10:10] ETHUSDT 3d: 当前价格=3626.17, EMA25=3171.57, EMA50=%!f(utils.TrendStatus=BU), 趋势=%!s(MISSING)
==============================

===== 趋势分析结果 (2025-08-24 01:15:21) =====
[2025-08-24 01:15:18] BTCUSDT 5m: 当前价格=114896.16, EMA25=114941.17, EMA50=%!f(utils.TrendStatus=BU), 趋势=%!s(MISSING)
[2025-08-24 01:15:18] BTCUSDT 15m: 当前价格=115031.62, EMA25=115263.14, EMA50=%!f(utils.TrendStatus=RA), 趋势=%!s(MISSING)
[2025-08-24 01:15:18] BTCUSDT 1h: 当前价格=115243.17, EMA25=114894.42, EMA50=%!f(utils.TrendStatus=BU), 趋势=%!s(MISSING)
[2025-08-24 01:15:18] BTCUSDT 4h: 当前价格=114773.36, EMA25=115360.71, EMA50=%!f(utils.TrendStatus=RA), 趋势=%!s(MISSING)
[2025-08-24 01:15:19] BTCUSDT 1d: 当前价格=116180.60, EMA25=114888.21, EMA50=%!f(utils.TrendStatus=SE), 趋势=%!s(MISSING)
[2025-08-24 01:15:19] BTCUSDT 3d: 当前价格=113310.80, EMA25=107370.13, EMA50=%!f(utils.TrendStatus=SE), 趋势=%!s(MISSING)
[2025-08-24 01:15:19] ETHUSDT 5m: 当前价格=4744.99, EMA25=4739.39, EMA50=%!f(utils.TrendStatus=BU), 趋势=%!s(MISSING)
[2025-08-24 01:15:20] ETHUSDT 15m: 当前价格=4735.76, EMA25=4730.37, EMA50=%!f(utils.TrendStatus=BU), 趋势=%!s(MISSING)
[2025-08-24 01:15:20] ETHUSDT 1h: 当前价格=4690.88, EMA25=4590.33, EMA50=%!f(utils.TrendStatus=BU), 趋势=%!s(MISSING)
[2025-08-24 01:15:20] ETHUSDT 4h: 当前价格=4498.11, EMA25=4420.95, EMA50=%!f(utils.TrendStatus=BU), 趋势=%!s(MISSING)
[2025-08-24 01:15:21] ETHUSDT 1d: 当前价格=4182.68, EMA25=3797.48, EMA50=%!f(utils.TrendStatus=BU), 趋势=%!s(MISSING)
[2025-08-24 01:15:21] ETHUSDT 3d: 当前价格=3626.04, EMA25=3171.51, EMA50=%!f(utils.TrendStatus=BU), 趋势=%!s(MISSING)
==============================

===== 趋势分析结果 (2025-08-24 01:20:21) =====
[2025-08-24 01:20:18] BTCUSDT 5m: 当前价格=114897.62, EMA25=114940.05, EMA50=%!f(utils.TrendStatus=BU), 趋势=%!s(MISSING)
[2025-08-24 01:20:18] BTCUSDT 15m: 当前价格=115024.96, EMA25=115259.75, EMA50=%!f(utils.TrendStatus=SE), 趋势=%!s(MISSING)
[2025-08-24 01:20:18] BTCUSDT 1h: 当前价格=115236.50, EMA25=114891.02, EMA50=%!f(utils.TrendStatus=BU), 趋势=%!s(MISSING)
[2025-08-24 01:20:18] BTCUSDT 4h: 当前价格=114766.70, EMA25=115357.32, EMA50=%!f(utils.TrendStatus=RA), 趋势=%!s(MISSING)
[2025-08-24 01:20:19] BTCUSDT 1d: 当前价格=116173.94, EMA25=114884.81, EMA50=%!f(utils.TrendStatus=SE), 趋势=%!s(MISSING)
[2025-08-24 01:20:19] BTCUSDT 3d: 当前价格=113304.49, EMA25=107366.92, EMA50=%!f(utils.TrendStatus=SE), 趋势=%!s(MISSING)
[2025-08-24 01:20:19] ETHUSDT 5m: 当前价格=4744.39, EMA25=4739.30, EMA50=%!f(utils.TrendStatus=RA), 趋势=%!s(MISSING)
[2025-08-24 01:20:20] ETHUSDT 15m: 当前价格=4735.29, EMA25=4730.13, EMA50=%!f(utils.TrendStatus=BU), 趋势=%!s(MISSING)
[2025-08-24 01:20:20] ETHUSDT 1h: 当前价格=4690.43, EMA25=4590.10, EMA50=%!f(utils.TrendStatus=BU), 趋势=%!s(MISSING)
[2025-08-24 01:20:20] ETHUSDT 4h: 当前价格=4497.66, EMA25=4420.72, EMA50=%!f(utils.TrendStatus=BU), 趋势=%!s(MISSING)
[2025-08-24 01:20:21] ETHUSDT 1d: 当前价格=4182.20, EMA25=3797.24, EMA50=%!f(utils.TrendStatus=BU), 趋势=%!s(MISSING)
[2025-08-24 01:20:21] ETHUSDT 3d: 当前价格=3625.59, EMA25=3171.28, EMA50=%!f(utils.TrendStatus=BU), 趋势=%!s(MISSING)
==============================

===== 趋势分析结果 (2025-08-24 01:25:21) =====
[2025-08-24 01:25:18] BTCUSDT 5m: 当前价格=114898.00, EMA25=114938.52, EMA50=%!f(utils.TrendStatus=BU), 趋势=%!s(MISSING)
[2025-08-24 01:25:18] BTCUSDT 15m: 当前价格=115021.94, EMA25=115258.21, EMA50=%!f(utils.TrendStatus=SE), 趋势=%!s(MISSING)
[2025-08-24 01:25:18] BTCUSDT 1h: 当前价格=115233.47, EMA25=114889.48, EMA50=%!f(utils.TrendStatus=BU), 趋势=%!s(MISSING)
[2025-08-24 01:25:18] BTCUSDT 4h: 当前价格=114763.68, EMA25=115355.77, EMA50=%!f(utils.TrendStatus=RA), 趋势=%!s(MISSING)
[2025-08-24 01:25:19] BTCUSDT 1d: 当前价格=116170.92, EMA25=114883.27, EMA50=%!f(utils.TrendStatus=SE), 趋势=%!s(MISSING)
[2025-08-24 01:25:19] BTCUSDT 3d: 当前价格=113301.46, EMA25=107365.37, EMA50=%!f(utils.TrendStatus=SE), 趋势=%!s(MISSING)
[2025-08-24 01:25:19] ETHUSDT 5m: 当前价格=4743.51, EMA25=4739.05, EMA50=%!f(utils.TrendStatus=RA), 趋势=%!s(MISSING)
[2025-08-24 01:25:20] ETHUSDT 15m: 当前价格=4734.98, EMA25=4729.97, EMA50=%!f(utils.TrendStatus=BU), 趋势=%!s(MISSING)
[2025-08-24 01:25:20] ETHUSDT 1h: 当前价格=4690.12, EMA25=4589.94, EMA50=%!f(utils.TrendStatus=BU), 趋势=%!s(MISSING)
[2025-08-24 01:25:20] ETHUSDT 4h: 当前价格=4497.35, EMA25=4420.56, EMA50=%!f(utils.TrendStatus=BU), 趋势=%!s(MISSING)
[2025-08-24 01:25:21] ETHUSDT 1d: 当前价格=4181.92, EMA25=3797.09, EMA50=%!f(utils.TrendStatus=BU), 趋势=%!s(MISSING)
[2025-08-24 01:25:21] ETHUSDT 3d: 当前价格=3625.25, EMA25=3171.10, EMA50=%!f(utils.TrendStatus=BU), 趋势=%!s(MISSING)
==============================

===== 趋势分析结果 (2025-08-24 01:30:21) =====
[2025-08-24 01:30:18] BTCUSDT 5m: 当前价格=114903.40, EMA25=114939.71, EMA50=%!f(utils.TrendStatus=BU), 趋势=%!s(MISSING)
[2025-08-24 01:30:18] BTCUSDT 15m: 当前价格=115017.79, EMA25=115246.86, EMA50=%!f(utils.TrendStatus=SE), 趋势=%!s(MISSING)
[2025-08-24 01:30:18] BTCUSDT 1h: 当前价格=115234.33, EMA25=114889.92, EMA50=%!f(utils.TrendStatus=BU), 趋势=%!s(MISSING)
[2025-08-24 01:30:18] BTCUSDT 4h: 当前价格=114764.54, EMA25=115356.21, EMA50=%!f(utils.TrendStatus=RA), 趋势=%!s(MISSING)
[2025-08-24 01:30:19] BTCUSDT 1d: 当前价格=116171.78, EMA25=114883.71, EMA50=%!f(utils.TrendStatus=SE), 趋势=%!s(MISSING)
[2025-08-24 01:30:19] BTCUSDT 3d: 当前价格=113302.33, EMA25=107365.81, EMA50=%!f(utils.TrendStatus=SE), 趋势=%!s(MISSING)
[2025-08-24 01:30:19] ETHUSDT 5m: 当前价格=4742.02, EMA25=4738.45, EMA50=%!f(utils.TrendStatus=SE), 趋势=%!s(MISSING)
[2025-08-24 01:30:20] ETHUSDT 15m: 当前价格=4734.17, EMA25=4729.74, EMA50=%!f(utils.TrendStatus=RA), 趋势=%!s(MISSING)
[2025-08-24 01:30:20] ETHUSDT 1h: 当前价格=4689.66, EMA25=4589.70, EMA50=%!f(utils.TrendStatus=BU), 趋势=%!s(MISSING)
[2025-08-24 01:30:20] ETHUSDT 4h: 当前价格=4496.81, EMA25=4420.29, EMA50=%!f(utils.TrendStatus=BU), 趋势=%!s(MISSING)
[2025-08-24 01:30:21] ETHUSDT 1d: 当前价格=4181.45, EMA25=3796.86, EMA50=%!f(utils.TrendStatus=BU), 趋势=%!s(MISSING)
[2025-08-24 01:30:21] ETHUSDT 3d: 当前价格=3624.74, EMA25=3170.84, EMA50=%!f(utils.TrendStatus=BU), 趋势=%!s(MISSING)
==============================

===== 趋势分析结果 (2025-08-24 01:35:21) =====
[2025-08-24 01:35:18] BTCUSDT 5m: 当前价格=114919.73, EMA25=114946.74, EMA50=%!f(utils.TrendStatus=BU), 趋势=%!s(MISSING)
[2025-08-24 01:35:18] BTCUSDT 15m: 当前价格=115024.41, EMA25=115250.23, EMA50=%!f(utils.TrendStatus=RA), 趋势=%!s(MISSING)
[2025-08-24 01:35:18] BTCUSDT 1h: 当前价格=115240.95, EMA25=114893.29, EMA50=%!f(utils.TrendStatus=BU), 趋势=%!s(MISSING)
[2025-08-24 01:35:18] BTCUSDT 4h: 当前价格=114771.16, EMA25=115359.59, EMA50=%!f(utils.TrendStatus=RA), 趋势=%!s(MISSING)
[2025-08-24 01:35:19] BTCUSDT 1d: 当前价格=116178.40, EMA25=114887.08, EMA50=%!f(utils.TrendStatus=SE), 趋势=%!s(MISSING)
[2025-08-24 01:35:19] BTCUSDT 3d: 当前价格=113308.94, EMA25=107369.19, EMA50=%!f(utils.TrendStatus=SE), 趋势=%!s(MISSING)
[2025-08-24 01:35:19] ETHUSDT 5m: 当前价格=4741.79, EMA25=4738.48, EMA50=%!f(utils.TrendStatus=RA), 趋势=%!s(MISSING)
[2025-08-24 01:35:20] ETHUSDT 15m: 当前价格=4734.50, EMA25=4729.91, EMA50=%!f(utils.TrendStatus=BU), 趋势=%!s(MISSING)
[2025-08-24 01:35:20] ETHUSDT 1h: 当前价格=4689.99, EMA25=4589.87, EMA50=%!f(utils.TrendStatus=BU), 趋势=%!s(MISSING)
[2025-08-24 01:35:20] ETHUSDT 4h: 当前价格=4497.21, EMA25=4420.49, EMA50=%!f(utils.TrendStatus=BU), 趋势=%!s(MISSING)
[2025-08-24 01:35:21] ETHUSDT 1d: 当前价格=4181.78, EMA25=3797.02, EMA50=%!f(utils.TrendStatus=BU), 趋势=%!s(MISSING)
[2025-08-24 01:35:21] ETHUSDT 3d: 当前价格=3625.14, EMA25=3171.05, EMA50=%!f(utils.TrendStatus=BU), 趋势=%!s(MISSING)
==============================

===== 趋势分析结果 (2025-08-24 01:40:21) =====
[2025-08-24 01:40:18] BTCUSDT 5m: 当前价格=114935.55, EMA25=114953.81, EMA50=%!f(utils.TrendStatus=BU), 趋势=%!s(MISSING)
[2025-08-24 01:40:18] BTCUSDT 15m: 当前价格=115027.97, EMA25=115252.04, EMA50=%!f(utils.TrendStatus=RA), 趋势=%!s(MISSING)
[2025-08-24 01:40:18] BTCUSDT 1h: 当前价格=115244.51, EMA25=114895.11, EMA50=%!f(utils.TrendStatus=BU), 趋势=%!s(MISSING)
[2025-08-24 01:40:19] BTCUSDT 4h: 当前价格=114774.72, EMA25=115361.40, EMA50=%!f(utils.TrendStatus=RA), 趋势=%!s(MISSING)
[2025-08-24 01:40:19] BTCUSDT 1d: 当前价格=116181.95, EMA25=114888.89, EMA50=%!f(utils.TrendStatus=SE), 趋势=%!s(MISSING)
[2025-08-24 01:40:19] BTCUSDT 3d: 当前价格=113312.50, EMA25=107371.00, EMA50=%!f(utils.TrendStatus=SE), 趋势=%!s(MISSING)
[2025-08-24 01:40:19] ETHUSDT 5m: 当前价格=4742.72, EMA25=4739.09, EMA50=%!f(utils.TrendStatus=BU), 趋势=%!s(MISSING)
[2025-08-24 01:40:20] ETHUSDT 15m: 当前价格=4735.25, EMA25=4730.29, EMA50=%!f(utils.TrendStatus=BU), 趋势=%!s(MISSING)
[2025-08-24 01:40:20] ETHUSDT 1h: 当前价格=4690.78, EMA25=4590.28, EMA50=%!f(utils.TrendStatus=BU), 趋势=%!s(MISSING)
[2025-08-24 01:40:20] ETHUSDT 4h: 当前价格=4497.97, EMA25=4420.88, EMA50=%!f(utils.TrendStatus=BU), 趋势=%!s(MISSING)
[2025-08-24 01:40:21] ETHUSDT 1d: 当前价格=4182.57, EMA25=3797.43, EMA50=%!f(utils.TrendStatus=BU), 趋势=%!s(MISSING)
[2025-08-24 01:40:21] ETHUSDT 3d: 当前价格=3625.94, EMA25=3171.45, EMA50=%!f(utils.TrendStatus=BU), 趋势=%!s(MISSING)
==============================

===== 趋势分析结果 (2025-08-24 01:45:21) =====
[2025-08-24 01:45:18] BTCUSDT 5m: 当前价格=114941.99, EMA25=114956.33, EMA50=%!f(utils.TrendStatus=BU), 趋势=%!s(MISSING)
[2025-08-24 01:45:18] BTCUSDT 15m: 当前价格=115027.31, EMA25=115242.87, EMA50=%!f(utils.TrendStatus=BU), 趋势=%!s(MISSING)
[2025-08-24 01:45:18] BTCUSDT 1h: 当前价格=115241.98, EMA25=114893.82, EMA50=%!f(utils.TrendStatus=BU), 趋势=%!s(MISSING)
[2025-08-24 01:45:18] BTCUSDT 4h: 当前价格=114772.19, EMA25=115360.11, EMA50=%!f(utils.TrendStatus=RA), 趋势=%!s(MISSING)
[2025-08-24 01:45:19] BTCUSDT 1d: 当前价格=116179.43, EMA25=114887.61, EMA50=%!f(utils.TrendStatus=SE), 趋势=%!s(MISSING)
[2025-08-24 01:45:19] BTCUSDT 3d: 当前价格=113309.97, EMA25=107369.71, EMA50=%!f(utils.TrendStatus=SE), 趋势=%!s(MISSING)
[2025-08-24 01:45:19] ETHUSDT 5m: 当前价格=4742.96, EMA25=4739.36, EMA50=%!f(utils.TrendStatus=BU), 趋势=%!s(MISSING)
[2025-08-24 01:45:20] ETHUSDT 15m: 当前价格=4736.07, EMA25=4730.90, EMA50=%!f(utils.TrendStatus=BU), 趋势=%!s(MISSING)
[2025-08-24 01:45:20] ETHUSDT 1h: 当前价格=4690.80, EMA25=4590.29, EMA50=%!f(utils.TrendStatus=BU), 趋势=%!s(MISSING)
[2025-08-24 01:45:20] ETHUSDT 4h: 当前价格=4498.03, EMA25=4420.91, EMA50=%!f(utils.TrendStatus=BU), 趋势=%!s(MISSING)
[2025-08-24 01:45:20] ETHUSDT 1d: 当前价格=4182.59, EMA25=3797.44, EMA50=%!f(utils.TrendStatus=BU), 趋势=%!s(MISSING)
[2025-08-24 01:45:21] ETHUSDT 3d: 当前价格=3625.96, EMA25=3171.46, EMA50=%!f(utils.TrendStatus=BU), 趋势=%!s(MISSING)
==============================

===== 趋势分析结果 (2025-08-24 01:50:21) =====
[2025-08-24 01:50:18] BTCUSDT 5m: 当前价格=114950.54, EMA25=114960.13, EMA50=%!f(utils.TrendStatus=BU), 趋势=%!s(MISSING)
[2025-08-24 01:50:18] BTCUSDT 15m: 当前价格=115027.31, EMA25=115242.87, EMA50=%!f(utils.TrendStatus=BU), 趋势=%!s(MISSING)
[2025-08-24 01:50:18] BTCUSDT 1h: 当前价格=115241.99, EMA25=114893.82, EMA50=%!f(utils.TrendStatus=BU), 趋势=%!s(MISSING)
[2025-08-24 01:50:18] BTCUSDT 4h: 当前价格=114772.19, EMA25=115360.12, EMA50=%!f(utils.TrendStatus=RA), 趋势=%!s(MISSING)
[2025-08-24 01:50:19] BTCUSDT 1d: 当前价格=116179.43, EMA25=114887.61, EMA50=%!f(utils.TrendStatus=SE), 趋势=%!s(MISSING)
[2025-08-24 01:50:19] BTCUSDT 3d: 当前价格=113309.99, EMA25=107369.72, EMA50=%!f(utils.TrendStatus=SE), 趋势=%!s(MISSING)
[2025-08-24 01:50:19] ETHUSDT 5m: 当前价格=4742.59, EMA25=4739.31, EMA50=%!f(utils.TrendStatus=RA), 趋势=%!s(MISSING)
[2025-08-24 01:50:20] ETHUSDT 15m: 当前价格=4735.81, EMA25=4730.77, EMA50=%!f(utils.TrendStatus=BU), 趋势=%!s(MISSING)
[2025-08-24 01:50:20] ETHUSDT 1h: 当前价格=4690.54, EMA25=4590.15, EMA50=%!f(utils.TrendStatus=BU), 趋势=%!s(MISSING)
[2025-08-24 01:50:20] ETHUSDT 4h: 当前价格=4497.77, EMA25=4420.78, EMA50=%!f(utils.TrendStatus=BU), 趋势=%!s(MISSING)
[2025-08-24 01:50:21] ETHUSDT 1d: 当前价格=4182.33, EMA25=3797.31, EMA50=%!f(utils.TrendStatus=BU), 趋势=%!s(MISSING)
[2025-08-24 01:50:21] ETHUSDT 3d: 当前价格=3625.70, EMA25=3171.33, EMA50=%!f(utils.TrendStatus=BU), 趋势=%!s(MISSING)
==============================

===== 趋势分析结果 (2025-08-24 01:55:21) =====
[2025-08-24 01:55:18] BTCUSDT 5m: 当前价格=114955.88, EMA25=114962.46, EMA50=%!f(utils.TrendStatus=BU), 趋势=%!s(MISSING)
[2025-08-24 01:55:18] BTCUSDT 15m: 当前价格=115026.12, EMA25=115242.27, EMA50=%!f(utils.TrendStatus=BU), 趋势=%!s(MISSING)
[2025-08-24 01:55:18] BTCUSDT 1h: 当前价格=115240.80, EMA25=114893.21, EMA50=%!f(utils.TrendStatus=BU), 趋势=%!s(MISSING)
[2025-08-24 01:55:19] BTCUSDT 4h: 当前价格=114771.00, EMA25=115359.51, EMA50=%!f(utils.TrendStatus=RA), 趋势=%!s(MISSING)
[2025-08-24 01:55:19] BTCUSDT 1d: 当前价格=116178.24, EMA25=114887.00, EMA50=%!f(utils.TrendStatus=SE), 趋势=%!s(MISSING)
[2025-08-24 01:55:19] BTCUSDT 3d: 当前价格=113308.79, EMA25=107369.11, EMA50=%!f(utils.TrendStatus=SE), 趋势=%!s(MISSING)
[2025-08-24 01:55:20] ETHUSDT 5m: 当前价格=4743.11, EMA25=4739.70, EMA50=%!f(utils.TrendStatus=BU), 趋势=%!s(MISSING)
[2025-08-24 01:55:20] ETHUSDT 15m: 当前价格=4736.11, EMA25=4730.92, EMA50=%!f(utils.TrendStatus=BU), 趋势=%!s(MISSING)
[2025-08-24 01:55:20] ETHUSDT 1h: 当前价格=4690.87, EMA25=4590.32, EMA50=%!f(utils.TrendStatus=BU), 趋势=%!s(MISSING)
[2025-08-24 01:55:20] ETHUSDT 4h: 当前价格=4498.10, EMA25=4420.94, EMA50=%!f(utils.TrendStatus=BU), 趋势=%!s(MISSING)
[2025-08-24 01:55:21] ETHUSDT 1d: 当前价格=4182.66, EMA25=3797.47, EMA50=%!f(utils.TrendStatus=BU), 趋势=%!s(MISSING)
[2025-08-24 01:55:21] ETHUSDT 3d: 当前价格=3626.03, EMA25=3171.50, EMA50=%!f(utils.TrendStatus=BU), 趋势=%!s(MISSING)
==============================

===== 趋势分析结果 (2025-08-24 02:00:21) =====
[2025-08-24 02:00:18] BTCUSDT 5m: 当前价格=114966.19, EMA25=114967.48, EMA50=%!f(utils.TrendStatus=BU), 趋势=%!s(MISSING)
[2025-08-24 02:00:18] BTCUSDT 15m: 当前价格=115031.03, EMA25=115236.32, EMA50=%!f(utils.TrendStatus=BU), 趋势=%!s(MISSING)
[2025-08-24 02:00:18] BTCUSDT 1h: 当前价格=115230.07, EMA25=114901.40, EMA50=%!f(utils.TrendStatus=BU), 趋势=%!s(MISSING)
[2025-08-24 02:00:19] BTCUSDT 4h: 当前价格=114775.06, EMA25=115361.58, EMA50=%!f(utils.TrendStatus=RA), 趋势=%!s(MISSING)
[2025-08-24 02:00:19] BTCUSDT 1d: 当前价格=116182.30, EMA25=114889.08, EMA50=%!f(utils.TrendStatus=SE), 趋势=%!s(MISSING)
[2025-08-24 02:00:19] BTCUSDT 3d: 当前价格=113312.84, EMA25=107371.17, EMA50=%!f(utils.TrendStatus=SE), 趋势=%!s(MISSING)
[2025-08-24 02:00:19] ETHUSDT 5m: 当前价格=4743.78, EMA25=4740.18, EMA50=%!f(utils.TrendStatus=BU), 趋势=%!s(MISSING)
[2025-08-24 02:00:20] ETHUSDT 15m: 当前价格=4737.34, EMA25=4731.76, EMA50=%!f(utils.TrendStatus=BU), 趋势=%!s(MISSING)
[2025-08-24 02:00:20] ETHUSDT 1h: 当前价格=4695.55, EMA25=4596.66, EMA50=%!f(utils.TrendStatus=BU), 趋势=%!s(MISSING)
[2025-08-24 02:00:20] ETHUSDT 4h: 当前价格=4498.39, EMA25=4421.10, EMA50=%!f(utils.TrendStatus=BU), 趋势=%!s(MISSING)
[2025-08-24 02:00:21] ETHUSDT 1d: 当前价格=4182.96, EMA25=3797.63, EMA50=%!f(utils.TrendStatus=BU), 趋势=%!s(MISSING)
[2025-08-24 02:00:21] ETHUSDT 3d: 当前价格=3626.22, EMA25=3171.60, EMA50=%!f(utils.TrendStatus=BU), 趋势=%!s(MISSING)
==============================

===== 趋势分析结果 (2025-08-24 02:05:21) =====
[2025-08-24 02:05:18] BTCUSDT 5m: 当前价格=114980.69, EMA25=114974.88, EMA50=%!f(utils.TrendStatus=BU), 趋势=%!s(MISSING)
[2025-08-24 02:05:18] BTCUSDT 15m: 当前价格=115034.36, EMA25=115238.01, EMA50=%!f(utils.TrendStatus=BU), 趋势=%!s(MISSING)
[2025-08-24 02:05:18] BTCUSDT 1h: 当前价格=115232.52, EMA25=114902.65, EMA50=%!f(utils.TrendStatus=BU), 趋势=%!s(MISSING)
[2025-08-24 02:05:18] BTCUSDT 4h: 当前价格=114777.50, EMA25=115362.82, EMA50=%!f(utils.TrendStatus=RA), 趋势=%!s(MISSING)
[2025-08-24 02:05:19] BTCUSDT 1d: 当前价格=116184.74, EMA25=114890.32, EMA50=%!f(utils.TrendStatus=SE), 趋势=%!s(MISSING)
[2025-08-24 02:05:19] BTCUSDT 3d: 当前价格=113315.28, EMA25=107372.42, EMA50=%!f(utils.TrendStatus=SE), 趋势=%!s(MISSING)
[2025-08-24 02:05:19] ETHUSDT 5m: 当前价格=4744.43, EMA25=4740.66, EMA50=%!f(utils.TrendStatus=BU), 趋势=%!s(MISSING)
[2025-08-24 02:05:20] ETHUSDT 15m: 当前价格=4737.37, EMA25=4731.77, EMA50=%!f(utils.TrendStatus=BU), 趋势=%!s(MISSING)
[2025-08-24 02:05:20] ETHUSDT 1h: 当前价格=4695.65, EMA25=4596.71, EMA50=%!f(utils.TrendStatus=BU), 趋势=%!s(MISSING)
[2025-08-24 02:05:20] ETHUSDT 4h: 当前价格=4498.43, EMA25=4421.11, EMA50=%!f(utils.TrendStatus=BU), 趋势=%!s(MISSING)
[2025-08-24 02:05:21] ETHUSDT 1d: 当前价格=4182.99, EMA25=3797.64, EMA50=%!f(utils.TrendStatus=BU), 趋势=%!s(MISSING)
[2025-08-24 02:05:21] ETHUSDT 3d: 当前价格=3626.43, EMA25=3171.70, EMA50=%!f(utils.TrendStatus=BU), 趋势=%!s(MISSING)
==============================

===== 趋势分析结果 (2025-08-24 02:10:29) =====
[2025-08-24 02:10:18] BTCUSDT 5m: 当前价格=114988.87, EMA25=114979.25, EMA50=%!f(utils.TrendStatus=BU), 趋势=%!s(MISSING)
[2025-08-24 02:10:20] BTCUSDT 15m: 当前价格=115033.08, EMA25=115237.36, EMA50=%!f(utils.TrendStatus=BU), 趋势=%!s(MISSING)
[2025-08-24 02:10:21] BTCUSDT 1h: 当前价格=115231.24, EMA25=114902.00, EMA50=%!f(utils.TrendStatus=BU), 趋势=%!s(MISSING)
[2025-08-24 02:10:22] BTCUSDT 4h: 当前价格=114776.22, EMA25=115362.17, EMA50=%!f(utils.TrendStatus=RA), 趋势=%!s(MISSING)
[2025-08-24 02:10:23] BTCUSDT 1d: 当前价格=116183.46, EMA25=114889.67, EMA50=%!f(utils.TrendStatus=SE), 趋势=%!s(MISSING)
[2025-08-24 02:10:23] BTCUSDT 3d: 当前价格=113314.01, EMA25=107371.77, EMA50=%!f(utils.TrendStatus=SE), 趋势=%!s(MISSING)
[2025-08-24 02:10:24] ETHUSDT 5m: 当前价格=4744.87, EMA25=4741.03, EMA50=%!f(utils.TrendStatus=BU), 趋势=%!s(MISSING)
[2025-08-24 02:10:24] ETHUSDT 15m: 当前价格=4737.32, EMA25=4731.75, EMA50=%!f(utils.TrendStatus=BU), 趋势=%!s(MISSING)
[2025-08-24 02:10:25] ETHUSDT 1h: 当前价格=4695.53, EMA25=4596.64, EMA50=%!f(utils.TrendStatus=BU), 趋势=%!s(MISSING)
[2025-08-24 02:10:27] ETHUSDT 4h: 当前价格=4498.37, EMA25=4421.08, EMA50=%!f(utils.TrendStatus=BU), 趋势=%!s(MISSING)
[2025-08-24 02:10:28] ETHUSDT 1d: 当前价格=4182.94, EMA25=3797.61, EMA50=%!f(utils.TrendStatus=BU), 趋势=%!s(MISSING)
[2025-08-24 02:10:29] ETHUSDT 3d: 当前价格=3626.30, EMA25=3171.64, EMA50=%!f(utils.TrendStatus=BU), 趋势=%!s(MISSING)
==============================

===== 趋势分析结果 (2025-08-24 02:15:22) =====
[2025-08-24 02:15:18] BTCUSDT 5m: 当前价格=114999.72, EMA25=114985.18, EMA50=%!f(utils.TrendStatus=BU), 趋势=%!s(MISSING)
[2025-08-24 02:15:18] BTCUSDT 15m: 当前价格=115040.53, EMA25=115233.17, EMA50=%!f(utils.TrendStatus=BU), 趋势=%!s(MISSING)
[2025-08-24 02:15:19] BTCUSDT 1h: 当前价格=115232.50, EMA25=114902.64, EMA50=%!f(utils.TrendStatus=BU), 趋势=%!s(MISSING)
[2025-08-24 02:15:20] BTCUSDT 4h: 当前价格=114777.47, EMA25=115362.81, EMA50=%!f(utils.TrendStatus=RA), 趋势=%!s(MISSING)
[2025-08-24 02:15:20] BTCUSDT 1d: 当前价格=116184.71, EMA25=114890.30, EMA50=%!f(utils.TrendStatus=SE), 趋势=%!s(MISSING)
[2025-08-24 02:15:20] BTCUSDT 3d: 当前价格=113315.26, EMA25=107372.41, EMA50=%!f(utils.TrendStatus=SE), 趋势=%!s(MISSING)
[2025-08-24 02:15:20] ETHUSDT 5m: 当前价格=4745.81, EMA25=4741.66, EMA50=%!f(utils.TrendStatus=BU), 趋势=%!s(MISSING)
[2025-08-24 02:15:21] ETHUSDT 15m: 当前价格=4738.84, EMA25=4732.75, EMA50=%!f(utils.TrendStatus=BU), 趋势=%!s(MISSING)
[2025-08-24 02:15:21] ETHUSDT 1h: 当前价格=4695.82, EMA25=4596.79, EMA50=%!f(utils.TrendStatus=BU), 趋势=%!s(MISSING)
[2025-08-24 02:15:21] ETHUSDT 4h: 当前价格=4498.66, EMA25=4421.23, EMA50=%!f(utils.TrendStatus=BU), 趋势=%!s(MISSING)
[2025-08-24 02:15:22] ETHUSDT 1d: 当前价格=4183.23, EMA25=3797.76, EMA50=%!f(utils.TrendStatus=BU), 趋势=%!s(MISSING)
[2025-08-24 02:15:22] ETHUSDT 3d: 当前价格=3626.59, EMA25=3171.79, EMA50=%!f(utils.TrendStatus=BU), 趋势=%!s(MISSING)
==============================

===== 趋势分析结果 (2025-08-24 02:20:21) =====
[2025-08-24 02:20:18] BTCUSDT 5m: 当前价格=115000.83, EMA25=114986.22, EMA50=%!f(utils.TrendStatus=BU), 趋势=%!s(MISSING)
[2025-08-24 02:20:18] BTCUSDT 15m: 当前价格=115037.06, EMA25=115231.40, EMA50=%!f(utils.TrendStatus=BU), 趋势=%!s(MISSING)
[2025-08-24 02:20:18] BTCUSDT 1h: 当前价格=115229.02, EMA25=114900.86, EMA50=%!f(utils.TrendStatus=BU), 趋势=%!s(MISSING)
[2025-08-24 02:20:18] BTCUSDT 4h: 当前价格=114774.00, EMA25=115361.04, EMA50=%!f(utils.TrendStatus=RA), 趋势=%!s(MISSING)
[2025-08-24 02:20:19] BTCUSDT 1d: 当前价格=116181.24, EMA25=114888.53, EMA50=%!f(utils.TrendStatus=SE), 趋势=%!s(MISSING)
[2025-08-24 02:20:19] BTCUSDT 3d: 当前价格=113311.78, EMA25=107370.63, EMA50=%!f(utils.TrendStatus=SE), 趋势=%!s(MISSING)
[2025-08-24 02:20:19] ETHUSDT 5m: 当前价格=4745.26, EMA25=4741.53, EMA50=%!f(utils.TrendStatus=BU), 趋势=%!s(MISSING)
[2025-08-24 02:20:20] ETHUSDT 15m: 当前价格=4738.20, EMA25=4732.42, EMA50=%!f(utils.TrendStatus=BU), 趋势=%!s(MISSING)
[2025-08-24 02:20:20] ETHUSDT 1h: 当前价格=4695.18, EMA25=4596.47, EMA50=%!f(utils.TrendStatus=BU), 趋势=%!s(MISSING)
[2025-08-24 02:20:20] ETHUSDT 4h: 当前价格=4498.03, EMA25=4420.91, EMA50=%!f(utils.TrendStatus=BU), 趋势=%!s(MISSING)
[2025-08-24 02:20:21] ETHUSDT 1d: 当前价格=4182.59, EMA25=3797.44, EMA50=%!f(utils.TrendStatus=BU), 趋势=%!s(MISSING)
[2025-08-24 02:20:21] ETHUSDT 3d: 当前价格=3625.96, EMA25=3171.46, EMA50=%!f(utils.TrendStatus=BU), 趋势=%!s(MISSING)
==============================

===== 趋势分析结果 (2025-08-24 12:07:11) =====
[2025-08-24 12:07:08] BTCUSDT 5m: 当前价格=115123.05, EMA25=115183.47, EMA50=%!f(utils.TrendStatus=RA), 趋势=%!s(MISSING)
[2025-08-24 12:07:08] BTCUSDT 15m: 当前价格=115182.05, EMA25=115205.02, EMA50=%!f(utils.TrendStatus=SE), 趋势=%!s(MISSING)
[2025-08-24 12:07:08] BTCUSDT 1h: 当前价格=115205.27, EMA25=114996.26, EMA50=%!f(utils.TrendStatus=SE), 趋势=%!s(MISSING)
[2025-08-24 12:07:09] BTCUSDT 4h: 当前价格=114860.41, EMA25=115340.84, EMA50=%!f(utils.TrendStatus=RA), 趋势=%!s(MISSING)
[2025-08-24 12:07:09] BTCUSDT 1d: 当前价格=116123.02, EMA25=114909.99, EMA50=%!f(utils.TrendStatus=SE), 趋势=%!s(MISSING)
[2025-08-24 12:07:09] BTCUSDT 3d: 当前价格=113317.23, EMA25=107373.41, EMA50=%!f(utils.TrendStatus=SE), 趋势=%!s(MISSING)
[2025-08-24 12:07:10] ETHUSDT 5m: 当前价格=4779.29, EMA25=4777.54, EMA50=%!f(utils.TrendStatus=BU), 趋势=%!s(MISSING)
[2025-08-24 12:07:10] ETHUSDT 15m: 当前价格=4774.61, EMA25=4764.52, EMA50=%!f(utils.TrendStatus=BU), 趋势=%!s(MISSING)
[2025-08-24 12:07:10] ETHUSDT 1h: 当前价格=4740.29, EMA25=4655.61, EMA50=%!f(utils.TrendStatus=BU), 趋势=%!s(MISSING)
[2025-08-24 12:07:10] ETHUSDT 4h: 当前价格=4560.14, EMA25=4462.55, EMA50=%!f(utils.TrendStatus=BU), 趋势=%!s(MISSING)
[2025-08-24 12:07:11] ETHUSDT 1d: 当前价格=4231.68, EMA25=3837.62, EMA50=%!f(utils.TrendStatus=BU), 趋势=%!s(MISSING)
[2025-08-24 12:07:11] ETHUSDT 3d: 当前价格=3629.49, EMA25=3173.26, EMA50=%!f(utils.TrendStatus=BU), 趋势=%!s(MISSING)
==============================

===== 趋势分析结果 (2025-08-24 12:10:12) =====
[2025-08-24 12:10:07] BTCUSDT 5m: 当前价格=115128.22, EMA25=115183.77, EMA50=%!f(utils.TrendStatus=RA), 趋势=%!s(MISSING)
[2025-08-24 12:10:07] BTCUSDT 15m: 当前价格=115183.99, EMA25=115206.01, EMA50=%!f(utils.TrendStatus=SE), 趋势=%!s(MISSING)
[2025-08-24 12:10:07] BTCUSDT 1h: 当前价格=115207.22, EMA25=114997.25, EMA50=%!f(utils.TrendStatus=SE), 趋势=%!s(MISSING)
[2025-08-24 12:10:08] BTCUSDT 4h: 当前价格=114862.36, EMA25=115341.84, EMA50=%!f(utils.TrendStatus=RA), 趋势=%!s(MISSING)
[2025-08-24 12:10:08] BTCUSDT 1d: 当前价格=116124.97, EMA25=114910.99, EMA50=%!f(utils.TrendStatus=SE), 趋势=%!s(MISSING)
[2025-08-24 12:10:08] BTCUSDT 3d: 当前价格=113319.17, EMA25=107374.40, EMA50=%!f(utils.TrendStatus=SE), 趋势=%!s(MISSING)
[2025-08-24 12:10:11] ETHUSDT 5m: 当前价格=4779.41, EMA25=4777.67, EMA50=%!f(utils.TrendStatus=BU), 趋势=%!s(MISSING)
[2025-08-24 12:10:11] ETHUSDT 15m: 当前价格=4774.14, EMA25=4764.28, EMA50=%!f(utils.TrendStatus=RA), 趋势=%!s(MISSING)
[2025-08-24 12:10:11] ETHUSDT 1h: 当前价格=4739.87, EMA25=4655.40, EMA50=%!f(utils.TrendStatus=SE), 趋势=%!s(MISSING)
[2025-08-24 12:10:12] ETHUSDT 4h: 当前价格=4559.72, EMA25=4462.33, EMA50=%!f(utils.TrendStatus=BU), 趋势=%!s(MISSING)
[2025-08-24 12:10:12] ETHUSDT 1d: 当前价格=4231.24, EMA25=3837.39, EMA50=%!f(utils.TrendStatus=BU), 趋势=%!s(MISSING)
[2025-08-24 12:10:12] ETHUSDT 3d: 当前价格=3629.05, EMA25=3173.04, EMA50=%!f(utils.TrendStatus=BU), 趋势=%!s(MISSING)
==============================

===== 趋势分析结果 (2025-08-24 12:15:23) =====
[2025-08-24 12:15:20] BTCUSDT 5m: 当前价格=115135.38, EMA25=115185.27, EMA50=%!f(utils.TrendStatus=RA), 趋势=%!s(MISSING)
[2025-08-24 12:15:20] BTCUSDT 15m: 当前价格=115186.87, EMA25=115206.64, EMA50=%!f(utils.TrendStatus=RA), 趋势=%!s(MISSING)
[2025-08-24 12:15:20] BTCUSDT 1h: 当前价格=115210.11, EMA25=114998.73, EMA50=%!f(utils.TrendStatus=SE), 趋势=%!s(MISSING)
[2025-08-24 12:15:20] BTCUSDT 4h: 当前价格=114865.25, EMA25=115343.31, EMA50=%!f(utils.TrendStatus=RA), 趋势=%!s(MISSING)
[2025-08-24 12:15:21] BTCUSDT 1d: 当前价格=116127.86, EMA25=114912.46, EMA50=%!f(utils.TrendStatus=SE), 趋势=%!s(MISSING)
[2025-08-24 12:15:21] BTCUSDT 3d: 当前价格=113322.06, EMA25=107375.88, EMA50=%!f(utils.TrendStatus=SE), 趋势=%!s(MISSING)
[2025-08-24 12:15:21] ETHUSDT 5m: 当前价格=4780.43, EMA25=4778.25, EMA50=%!f(utils.TrendStatus=BU), 趋势=%!s(MISSING)
[2025-08-24 12:15:22] ETHUSDT 15m: 当前价格=4775.36, EMA25=4765.29, EMA50=%!f(utils.TrendStatus=BU), 趋势=%!s(MISSING)
[2025-08-24 12:15:22] ETHUSDT 1h: 当前价格=4740.04, EMA25=4655.48, EMA50=%!f(utils.TrendStatus=SE), 趋势=%!s(MISSING)
[2025-08-24 12:15:22] ETHUSDT 4h: 当前价格=4560.09, EMA25=4462.52, EMA50=%!f(utils.TrendStatus=BU), 趋势=%!s(MISSING)
[2025-08-24 12:15:23] ETHUSDT 1d: 当前价格=4231.52, EMA25=3837.53, EMA50=%!f(utils.TrendStatus=BU), 趋势=%!s(MISSING)
[2025-08-24 12:15:23] ETHUSDT 3d: 当前价格=3629.42, EMA25=3173.23, EMA50=%!f(utils.TrendStatus=BU), 趋势=%!s(MISSING)
==============================

===== 趋势分析结果 (2025-08-24 12:20:23) =====
[2025-08-24 12:20:20] BTCUSDT 5m: 当前价格=115146.85, EMA25=115189.20, EMA50=%!f(utils.TrendStatus=RA), 趋势=%!s(MISSING)
[2025-08-24 12:20:20] BTCUSDT 15m: 当前价格=115190.74, EMA25=115208.61, EMA50=%!f(utils.TrendStatus=RA), 趋势=%!s(MISSING)
[2025-08-24 12:20:20] BTCUSDT 1h: 当前价格=115213.98, EMA25=115000.70, EMA50=%!f(utils.TrendStatus=BU), 趋势=%!s(MISSING)
[2025-08-24 12:20:20] BTCUSDT 4h: 当前价格=114869.12, EMA25=115345.29, EMA50=%!f(utils.TrendStatus=RA), 趋势=%!s(MISSING)
[2025-08-24 12:20:21] BTCUSDT 1d: 当前价格=116131.73, EMA25=114914.44, EMA50=%!f(utils.TrendStatus=SE), 趋势=%!s(MISSING)
[2025-08-24 12:20:21] BTCUSDT 3d: 当前价格=113325.93, EMA25=107377.85, EMA50=%!f(utils.TrendStatus=SE), 趋势=%!s(MISSING)
[2025-08-24 12:20:21] ETHUSDT 5m: 当前价格=4780.42, EMA25=4778.33, EMA50=%!f(utils.TrendStatus=BU), 趋势=%!s(MISSING)
[2025-08-24 12:20:22] ETHUSDT 15m: 当前价格=4775.24, EMA25=4765.23, EMA50=%!f(utils.TrendStatus=BU), 趋势=%!s(MISSING)
[2025-08-24 12:20:22] ETHUSDT 1h: 当前价格=4739.91, EMA25=4655.42, EMA50=%!f(utils.TrendStatus=SE), 趋势=%!s(MISSING)
[2025-08-24 12:20:22] ETHUSDT 4h: 当前价格=4559.72, EMA25=4462.33, EMA50=%!f(utils.TrendStatus=BU), 趋势=%!s(MISSING)
[2025-08-24 12:20:23] ETHUSDT 1d: 当前价格=4231.25, EMA25=3837.39, EMA50=%!f(utils.TrendStatus=BU), 趋势=%!s(MISSING)
[2025-08-24 12:20:23] ETHUSDT 3d: 当前价格=3629.06, EMA25=3173.04, EMA50=%!f(utils.TrendStatus=BU), 趋势=%!s(MISSING)
==============================

===== 趋势分析结果 (2025-08-24 12:25:25) =====
[2025-08-24 12:25:20] BTCUSDT 5m: 当前价格=115150.26, EMA25=115189.24, EMA50=%!f(utils.TrendStatus=RA), 趋势=%!s(MISSING)
[2025-08-24 12:25:22] BTCUSDT 15m: 当前价格=115187.38, EMA25=115206.90, EMA50=%!f(utils.TrendStatus=RA), 趋势=%!s(MISSING)
[2025-08-24 12:25:22] BTCUSDT 1h: 当前价格=115210.63, EMA25=114998.99, EMA50=%!f(utils.TrendStatus=BU), 趋势=%!s(MISSING)
[2025-08-24 12:25:22] BTCUSDT 4h: 当前价格=114865.77, EMA25=115343.58, EMA50=%!f(utils.TrendStatus=RA), 趋势=%!s(MISSING)
[2025-08-24 12:25:23] BTCUSDT 1d: 当前价格=116128.38, EMA25=114912.73, EMA50=%!f(utils.TrendStatus=SE), 趋势=%!s(MISSING)
[2025-08-24 12:25:23] BTCUSDT 3d: 当前价格=113322.58, EMA25=107376.14, EMA50=%!f(utils.TrendStatus=SE), 趋势=%!s(MISSING)
[2025-08-24 12:25:23] ETHUSDT 5m: 当前价格=4779.92, EMA25=4778.14, EMA50=%!f(utils.TrendStatus=SE), 趋势=%!s(MISSING)
[2025-08-24 12:25:24] ETHUSDT 15m: 当前价格=4774.68, EMA25=4764.95, EMA50=%!f(utils.TrendStatus=BU), 趋势=%!s(MISSING)
[2025-08-24 12:25:24] ETHUSDT 1h: 当前价格=4739.36, EMA25=4655.13, EMA50=%!f(utils.TrendStatus=SE), 趋势=%!s(MISSING)
[2025-08-24 12:25:24] ETHUSDT 4h: 当前价格=4559.20, EMA25=4462.07, EMA50=%!f(utils.TrendStatus=BU), 趋势=%!s(MISSING)
[2025-08-24 12:25:25] ETHUSDT 1d: 当前价格=4230.73, EMA25=3837.13, EMA50=%!f(utils.TrendStatus=BU), 趋势=%!s(MISSING)
[2025-08-24 12:25:25] ETHUSDT 3d: 当前价格=3628.54, EMA25=3172.78, EMA50=%!f(utils.TrendStatus=BU), 趋势=%!s(MISSING)
==============================

===== 趋势分析结果 (2025-08-24 12:30:23) =====
[2025-08-24 12:30:20] BTCUSDT 5m: 当前价格=115152.23, EMA25=115188.70, EMA50=%!f(utils.TrendStatus=RA), 趋势=%!s(MISSING)
[2025-08-24 12:30:20] BTCUSDT 15m: 当前价格=115186.50, EMA25=115205.67, EMA50=%!f(utils.TrendStatus=RA), 趋势=%!s(MISSING)
[2025-08-24 12:30:20] BTCUSDT 1h: 当前价格=115208.61, EMA25=114997.96, EMA50=%!f(utils.TrendStatus=SE), 趋势=%!s(MISSING)
[2025-08-24 12:30:20] BTCUSDT 4h: 当前价格=114863.75, EMA25=115342.55, EMA50=%!f(utils.TrendStatus=RA), 趋势=%!s(MISSING)
[2025-08-24 12:30:21] BTCUSDT 1d: 当前价格=116126.36, EMA25=114911.70, EMA50=%!f(utils.TrendStatus=SE), 趋势=%!s(MISSING)
[2025-08-24 12:30:21] BTCUSDT 3d: 当前价格=113320.56, EMA25=107375.11, EMA50=%!f(utils.TrendStatus=SE), 趋势=%!s(MISSING)
[2025-08-24 12:30:21] ETHUSDT 5m: 当前价格=4779.62, EMA25=4778.06, EMA50=%!f(utils.TrendStatus=SE), 趋势=%!s(MISSING)
[2025-08-24 12:30:22] ETHUSDT 15m: 当前价格=4774.79, EMA25=4765.38, EMA50=%!f(utils.TrendStatus=BU), 趋势=%!s(MISSING)
[2025-08-24 12:30:22] ETHUSDT 1h: 当前价格=4739.27, EMA25=4655.09, EMA50=%!f(utils.TrendStatus=SE), 趋势=%!s(MISSING)
[2025-08-24 12:30:22] ETHUSDT 4h: 当前价格=4559.11, EMA25=4462.02, EMA50=%!f(utils.TrendStatus=BU), 趋势=%!s(MISSING)
[2025-08-24 12:30:23] ETHUSDT 1d: 当前价格=4230.62, EMA25=3837.07, EMA50=%!f(utils.TrendStatus=BU), 趋势=%!s(MISSING)
[2025-08-24 12:30:23] ETHUSDT 3d: 当前价格=3628.45, EMA25=3172.73, EMA50=%!f(utils.TrendStatus=BU), 趋势=%!s(MISSING)
==============================

===== 趋势分析结果 (2025-08-24 12:35:23) =====
[2025-08-24 12:35:20] BTCUSDT 5m: 当前价格=115147.15, EMA25=115184.59, EMA50=%!f(utils.TrendStatus=SE), 趋势=%!s(MISSING)
[2025-08-24 12:35:20] BTCUSDT 15m: 当前价格=115182.92, EMA25=115203.84, EMA50=%!f(utils.TrendStatus=SE), 趋势=%!s(MISSING)
[2025-08-24 12:35:20] BTCUSDT 1h: 当前价格=115205.03, EMA25=114996.13, EMA50=%!f(utils.TrendStatus=SE), 趋势=%!s(MISSING)
[2025-08-24 12:35:20] BTCUSDT 4h: 当前价格=114860.17, EMA25=115340.72, EMA50=%!f(utils.TrendStatus=RA), 趋势=%!s(MISSING)
[2025-08-24 12:35:21] BTCUSDT 1d: 当前价格=116122.79, EMA25=114909.88, EMA50=%!f(utils.TrendStatus=SE), 趋势=%!s(MISSING)
[2025-08-24 12:35:21] BTCUSDT 3d: 当前价格=113316.98, EMA25=107373.28, EMA50=%!f(utils.TrendStatus=SE), 趋势=%!s(MISSING)
[2025-08-24 12:35:21] ETHUSDT 5m: 当前价格=4780.18, EMA25=4778.41, EMA50=%!f(utils.TrendStatus=BU), 趋势=%!s(MISSING)
[2025-08-24 12:35:22] ETHUSDT 15m: 当前价格=4775.16, EMA25=4765.57, EMA50=%!f(utils.TrendStatus=BU), 趋势=%!s(MISSING)
[2025-08-24 12:35:22] ETHUSDT 1h: 当前价格=4739.64, EMA25=4655.28, EMA50=%!f(utils.TrendStatus=SE), 趋势=%!s(MISSING)
[2025-08-24 12:35:22] ETHUSDT 4h: 当前价格=4559.49, EMA25=4462.21, EMA50=%!f(utils.TrendStatus=BU), 趋势=%!s(MISSING)
[2025-08-24 12:35:22] ETHUSDT 1d: 当前价格=4231.01, EMA25=3837.27, EMA50=%!f(utils.TrendStatus=BU), 趋势=%!s(MISSING)
[2025-08-24 12:35:23] ETHUSDT 3d: 当前价格=3628.82, EMA25=3172.92, EMA50=%!f(utils.TrendStatus=BU), 趋势=%!s(MISSING)
==============================

===== 趋势分析结果 (2025-08-24 12:41:03) =====
[2025-08-24 12:40:59] BTCUSDT 5m: 当前价格=115137.37, EMA25=115178.04, EMA50=%!f(utils.TrendStatus=SE), 趋势=%!s(MISSING)
[2025-08-24 12:40:59] BTCUSDT 15m: 当前价格=115177.76, EMA25=115201.21, EMA50=%!f(utils.TrendStatus=SE), 趋势=%!s(MISSING)
[2025-08-24 12:41:00] BTCUSDT 1h: 当前价格=115199.87, EMA25=114993.50, EMA50=%!f(utils.TrendStatus=SE), 趋势=%!s(MISSING)
[2025-08-24 12:41:00] BTCUSDT 4h: 当前价格=114854.71, EMA25=115337.94, EMA50=%!f(utils.TrendStatus=RA), 趋势=%!s(MISSING)
[2025-08-24 12:41:00] BTCUSDT 1d: 当前价格=116118.16, EMA25=114907.52, EMA50=%!f(utils.TrendStatus=SE), 趋势=%!s(MISSING)
[2025-08-24 12:41:01] BTCUSDT 3d: 当前价格=113311.52, EMA25=107370.50, EMA50=%!f(utils.TrendStatus=RA), 趋势=%!s(MISSING)
[2025-08-24 12:41:01] ETHUSDT 5m: 当前价格=4780.38, EMA25=4778.58, EMA50=%!f(utils.TrendStatus=BU), 趋势=%!s(MISSING)
[2025-08-24 12:41:01] ETHUSDT 15m: 当前价格=4775.25, EMA25=4765.61, EMA50=%!f(utils.TrendStatus=BU), 趋势=%!s(MISSING)
[2025-08-24 12:41:02] ETHUSDT 1h: 当前价格=4739.73, EMA25=4655.32, EMA50=%!f(utils.TrendStatus=RA), 趋势=%!s(MISSING)
[2025-08-24 12:41:02] ETHUSDT 4h: 当前价格=4559.57, EMA25=4462.25, EMA50=%!f(utils.TrendStatus=BU), 趋势=%!s(MISSING)
[2025-08-24 12:41:02] ETHUSDT 1d: 当前价格=4231.14, EMA25=3837.34, EMA50=%!f(utils.TrendStatus=BU), 趋势=%!s(MISSING)
[2025-08-24 12:41:03] ETHUSDT 3d: 当前价格=3628.94, EMA25=3172.99, EMA50=%!f(utils.TrendStatus=BU), 趋势=%!s(MISSING)
==============================

===== 趋势分析结果 (2025-08-24 12:45:10) =====
[2025-08-24 12:45:07] BTCUSDT 5m: 当前价格=115135.11, EMA25=115175.31, EMA50=%!f(utils.TrendStatus=SE), 趋势=%!s(MISSING)
[2025-08-24 12:45:07] BTCUSDT 15m: 当前价格=115173.04, EMA25=115197.92, EMA50=%!f(utils.TrendStatus=SE), 趋势=%!s(MISSING)
[2025-08-24 12:45:07] BTCUSDT 1h: 当前价格=115201.57, EMA25=114994.37, EMA50=%!f(utils.TrendStatus=SE), 趋势=%!s(MISSING)
[2025-08-24 12:45:08] BTCUSDT 4h: 当前价格=114856.71, EMA25=115338.96, EMA50=%!f(utils.TrendStatus=RA), 趋势=%!s(MISSING)
[2025-08-24 12:45:08] BTCUSDT 1d: 当前价格=116119.33, EMA25=114908.11, EMA50=%!f(utils.TrendStatus=SE), 趋势=%!s(MISSING)
[2025-08-24 12:45:08] BTCUSDT 3d: 当前价格=113313.53, EMA25=107371.52, EMA50=%!f(utils.TrendStatus=RA), 趋势=%!s(MISSING)
[2025-08-24 12:45:09] ETHUSDT 5m: 当前价格=4780.10, EMA25=4778.50, EMA50=%!f(utils.TrendStatus=SE), 趋势=%!s(MISSING)
[2025-08-24 12:45:09] ETHUSDT 15m: 当前价格=4775.39, EMA25=4766.06, EMA50=%!f(utils.TrendStatus=BU), 趋势=%!s(MISSING)
[2025-08-24 12:45:09] ETHUSDT 1h: 当前价格=4739.41, EMA25=4655.16, EMA50=%!f(utils.TrendStatus=RA), 趋势=%!s(MISSING)
[2025-08-24 12:45:09] ETHUSDT 4h: 当前价格=4559.26, EMA25=4462.09, EMA50=%!f(utils.TrendStatus=BU), 趋势=%!s(MISSING)
[2025-08-24 12:45:10] ETHUSDT 1d: 当前价格=4230.78, EMA25=3837.16, EMA50=%!f(utils.TrendStatus=BU), 趋势=%!s(MISSING)
[2025-08-24 12:45:10] ETHUSDT 3d: 当前价格=3628.59, EMA25=3172.81, EMA50=%!f(utils.TrendStatus=BU), 趋势=%!s(MISSING)
==============================

===== 趋势分析结果 (2025-08-24 12:50:21) =====
[2025-08-24 12:50:17] BTCUSDT 5m: 当前价格=115130.05, EMA25=115171.13, EMA50=%!f(utils.TrendStatus=SE), 趋势=%!s(MISSING)
[2025-08-24 12:50:18] BTCUSDT 15m: 当前价格=115171.98, EMA25=115197.38, EMA50=%!f(utils.TrendStatus=SE), 趋势=%!s(MISSING)
[2025-08-24 12:50:18] BTCUSDT 1h: 当前价格=115200.51, EMA25=114993.83, EMA50=%!f(utils.TrendStatus=SE), 趋势=%!s(MISSING)
[2025-08-24 12:50:18] BTCUSDT 4h: 当前价格=114855.65, EMA25=115338.42, EMA50=%!f(utils.TrendStatus=RA), 趋势=%!s(MISSING)
[2025-08-24 12:50:19] BTCUSDT 1d: 当前价格=116118.26, EMA25=114907.57, EMA50=%!f(utils.TrendStatus=SE), 趋势=%!s(MISSING)
[2025-08-24 12:50:19] BTCUSDT 3d: 当前价格=113312.46, EMA25=107370.98, EMA50=%!f(utils.TrendStatus=RA), 趋势=%!s(MISSING)
[2025-08-24 12:50:19] ETHUSDT 5m: 当前价格=4780.27, EMA25=4778.65, EMA50=%!f(utils.TrendStatus=BU), 趋势=%!s(MISSING)
[2025-08-24 12:50:19] ETHUSDT 15m: 当前价格=4775.58, EMA25=4766.16, EMA50=%!f(utils.TrendStatus=BU), 趋势=%!s(MISSING)
[2025-08-24 12:50:20] ETHUSDT 1h: 当前价格=4739.62, EMA25=4655.27, EMA50=%!f(utils.TrendStatus=RA), 趋势=%!s(MISSING)
[2025-08-24 12:50:20] ETHUSDT 4h: 当前价格=4559.45, EMA25=4462.19, EMA50=%!f(utils.TrendStatus=BU), 趋势=%!s(MISSING)
[2025-08-24 12:50:20] ETHUSDT 1d: 当前价格=4231.01, EMA25=3837.27, EMA50=%!f(utils.TrendStatus=BU), 趋势=%!s(MISSING)
[2025-08-24 12:50:21] ETHUSDT 3d: 当前价格=3628.82, EMA25=3172.92, EMA50=%!f(utils.TrendStatus=BU), 趋势=%!s(MISSING)
==============================

===== 趋势分析结果 (2025-08-24 12:55:21) =====
[2025-08-24 12:55:17] BTCUSDT 5m: 当前价格=115125.30, EMA25=115167.09, EMA50=%!f(utils.TrendStatus=SE), 趋势=%!s(MISSING)
[2025-08-24 12:55:18] BTCUSDT 15m: 当前价格=115171.63, EMA25=115197.20, EMA50=%!f(utils.TrendStatus=SE), 趋势=%!s(MISSING)
[2025-08-24 12:55:18] BTCUSDT 1h: 当前价格=115200.17, EMA25=114993.66, EMA50=%!f(utils.TrendStatus=SE), 趋势=%!s(MISSING)
[2025-08-24 12:55:18] BTCUSDT 4h: 当前价格=114855.31, EMA25=115338.24, EMA50=%!f(utils.TrendStatus=RA), 趋势=%!s(MISSING)
[2025-08-24 12:55:19] BTCUSDT 1d: 当前价格=116117.92, EMA25=114907.39, EMA50=%!f(utils.TrendStatus=SE), 趋势=%!s(MISSING)
[2025-08-24 12:55:19] BTCUSDT 3d: 当前价格=113312.12, EMA25=107370.81, EMA50=%!f(utils.TrendStatus=RA), 趋势=%!s(MISSING)
[2025-08-24 12:55:19] ETHUSDT 5m: 当前价格=4781.48, EMA25=4779.34, EMA50=%!f(utils.TrendStatus=BU), 趋势=%!s(MISSING)
[2025-08-24 12:55:19] ETHUSDT 15m: 当前价格=4776.15, EMA25=4766.45, EMA50=%!f(utils.TrendStatus=BU), 趋势=%!s(MISSING)
[2025-08-24 12:55:20] ETHUSDT 1h: 当前价格=4740.17, EMA25=4655.55, EMA50=%!f(utils.TrendStatus=RA), 趋势=%!s(MISSING)
[2025-08-24 12:55:20] ETHUSDT 4h: 当前价格=4560.02, EMA25=4462.48, EMA50=%!f(utils.TrendStatus=BU), 趋势=%!s(MISSING)
[2025-08-24 12:55:20] ETHUSDT 1d: 当前价格=4231.54, EMA25=3837.54, EMA50=%!f(utils.TrendStatus=BU), 趋势=%!s(MISSING)
[2025-08-24 12:55:21] ETHUSDT 3d: 当前价格=3629.35, EMA25=3173.19, EMA50=%!f(utils.TrendStatus=BU), 趋势=%!s(MISSING)
==============================

