===== 趋势分析结果 (2025-08-14 00:00:22) =====
[2025-08-14 00:00:18] BTCUSDT 5m: 当前价格=121026.05, EMA25=120904.44, EMA50=%!f(utils.TrendStatus=BU), 趋势=%!s(MISSING)
[2025-08-14 00:00:18] BTCUSDT 15m: 当前价格=120760.41, EMA25=120394.17, EMA50=%!f(utils.TrendStatus=BU), 趋势=%!s(MISSING)
[2025-08-14 00:00:19] BTCUSDT 1h: 当前价格=120089.26, EMA25=119712.96, EMA50=%!f(utils.TrendStatus=UP), 趋势=%!s(MISSING)
[2025-08-14 00:00:20] BTCUSDT 4h: 当前价格=119208.40, EMA25=118145.95, EMA50=%!f(utils.TrendStatus=BU), 趋势=%!s(MISSING)
[2025-08-14 00:00:20] BTCUSDT 1d: 当前价格=116791.72, EMA25=114418.44, EMA50=%!f(utils.TrendStatus=BU), 趋势=%!s(MISSING)
[2025-08-14 00:00:20] BTCUSDT 3d: 当前价格=112301.76, EMA25=105864.00, EMA50=%!f(utils.TrendStatus=UP), 趋势=%!s(MISSING)
[2025-08-14 00:00:20] ETHUSDT 5m: 当前价格=4662.31, EMA25=4668.75, EMA50=%!f(utils.TrendStatus=BU), 趋势=%!s(MISSING)
[2025-08-14 00:00:21] ETHUSDT 15m: 当前价格=4668.72, EMA25=4650.84, EMA50=%!f(utils.TrendStatus=BU), 趋势=%!s(MISSING)
[2025-08-14 00:00:21] ETHUSDT 1h: 当前价格=4598.28, EMA25=4500.17, EMA50=%!f(utils.TrendStatus=UP), 趋势=%!s(MISSING)
[2025-08-14 00:00:21] ETHUSDT 4h: 当前价格=4380.92, EMA25=4183.30, EMA50=%!f(utils.TrendStatus=BU), 趋势=%!s(MISSING)
[2025-08-14 00:00:22] ETHUSDT 1d: 当前价格=3842.45, EMA25=3475.03, EMA50=%!f(utils.TrendStatus=BU), 趋势=%!s(MISSING)
[2025-08-14 00:00:22] ETHUSDT 3d: 当前价格=3276.35, EMA25=2933.02, EMA50=%!f(utils.TrendStatus=UP), 趋势=%!s(MISSING)
==============================

===== 趋势分析结果 (2025-08-14 00:05:23) =====
[2025-08-14 00:05:20] BTCUSDT 5m: 当前价格=121059.10, EMA25=120926.45, EMA50=%!f(utils.TrendStatus=BU), 趋势=%!s(MISSING)
[2025-08-14 00:05:20] BTCUSDT 15m: 当前价格=120779.43, EMA25=120403.87, EMA50=%!f(utils.TrendStatus=BU), 趋势=%!s(MISSING)
[2025-08-14 00:05:21] BTCUSDT 1h: 当前价格=120108.27, EMA25=119722.65, EMA50=%!f(utils.TrendStatus=UP), 趋势=%!s(MISSING)
[2025-08-14 00:05:21] BTCUSDT 4h: 当前价格=119228.15, EMA25=118156.02, EMA50=%!f(utils.TrendStatus=BU), 趋势=%!s(MISSING)
[2025-08-14 00:05:21] BTCUSDT 1d: 当前价格=116811.47, EMA25=114428.50, EMA50=%!f(utils.TrendStatus=BU), 趋势=%!s(MISSING)
[2025-08-14 00:05:21] BTCUSDT 3d: 当前价格=112320.77, EMA25=105873.69, EMA50=%!f(utils.TrendStatus=UP), 趋势=%!s(MISSING)
[2025-08-14 00:05:22] ETHUSDT 5m: 当前价格=4664.39, EMA25=4669.58, EMA50=%!f(utils.TrendStatus=BU), 趋势=%!s(MISSING)
[2025-08-14 00:05:22] ETHUSDT 15m: 当前价格=4669.68, EMA25=4651.33, EMA50=%!f(utils.TrendStatus=BU), 趋势=%!s(MISSING)
[2025-08-14 00:05:22] ETHUSDT 1h: 当前价格=4599.25, EMA25=4500.67, EMA50=%!f(utils.TrendStatus=UP), 趋势=%!s(MISSING)
[2025-08-14 00:05:22] ETHUSDT 4h: 当前价格=4381.85, EMA25=4183.77, EMA50=%!f(utils.TrendStatus=BU), 趋势=%!s(MISSING)
[2025-08-14 00:05:22] ETHUSDT 1d: 当前价格=3843.44, EMA25=3475.53, EMA50=%!f(utils.TrendStatus=BU), 趋势=%!s(MISSING)
[2025-08-14 00:05:23] ETHUSDT 3d: 当前价格=3277.34, EMA25=2933.52, EMA50=%!f(utils.TrendStatus=UP), 趋势=%!s(MISSING)
==============================

===== 趋势分析结果 (2025-08-14 00:10:21) =====
[2025-08-14 00:10:18] BTCUSDT 5m: 当前价格=121094.11, EMA25=120949.70, EMA50=%!f(utils.TrendStatus=BU), 趋势=%!s(MISSING)
[2025-08-14 00:10:18] BTCUSDT 15m: 当前价格=120793.56, EMA25=120411.07, EMA50=%!f(utils.TrendStatus=BU), 趋势=%!s(MISSING)
[2025-08-14 00:10:19] BTCUSDT 1h: 当前价格=120122.40, EMA25=119729.85, EMA50=%!f(utils.TrendStatus=UP), 趋势=%!s(MISSING)
[2025-08-14 00:10:19] BTCUSDT 4h: 当前价格=119241.93, EMA25=118163.04, EMA50=%!f(utils.TrendStatus=BU), 趋势=%!s(MISSING)
[2025-08-14 00:10:19] BTCUSDT 1d: 当前价格=116825.60, EMA25=114435.71, EMA50=%!f(utils.TrendStatus=BU), 趋势=%!s(MISSING)
[2025-08-14 00:10:19] BTCUSDT 3d: 当前价格=112334.91, EMA25=105880.90, EMA50=%!f(utils.TrendStatus=UP), 趋势=%!s(MISSING)
[2025-08-14 00:10:20] ETHUSDT 5m: 当前价格=4666.52, EMA25=4670.47, EMA50=%!f(utils.TrendStatus=BU), 趋势=%!s(MISSING)
[2025-08-14 00:10:20] ETHUSDT 15m: 当前价格=4670.38, EMA25=4651.69, EMA50=%!f(utils.TrendStatus=BU), 趋势=%!s(MISSING)
[2025-08-14 00:10:20] ETHUSDT 1h: 当前价格=4599.94, EMA25=4501.02, EMA50=%!f(utils.TrendStatus=UP), 趋势=%!s(MISSING)
[2025-08-14 00:10:20] ETHUSDT 4h: 当前价格=4382.56, EMA25=4184.13, EMA50=%!f(utils.TrendStatus=BU), 趋势=%!s(MISSING)
[2025-08-14 00:10:21] ETHUSDT 1d: 当前价格=3844.12, EMA25=3475.88, EMA50=%!f(utils.TrendStatus=BU), 趋势=%!s(MISSING)
[2025-08-14 00:10:21] ETHUSDT 3d: 当前价格=3278.04, EMA25=2933.88, EMA50=%!f(utils.TrendStatus=UP), 趋势=%!s(MISSING)
==============================

===== 趋势分析结果 (2025-08-14 00:15:21) =====
[2025-08-14 00:15:18] BTCUSDT 5m: 当前价格=121135.83, EMA25=120976.81, EMA50=%!f(utils.TrendStatus=BU), 趋势=%!s(MISSING)
[2025-08-14 00:15:18] BTCUSDT 15m: 当前价格=120858.40, EMA25=120459.30, EMA50=%!f(utils.TrendStatus=BU), 趋势=%!s(MISSING)
[2025-08-14 00:15:18] BTCUSDT 1h: 当前价格=120133.02, EMA25=119735.27, EMA50=%!f(utils.TrendStatus=UP), 趋势=%!s(MISSING)
[2025-08-14 00:15:19] BTCUSDT 4h: 当前价格=119252.90, EMA25=118168.64, EMA50=%!f(utils.TrendStatus=BU), 趋势=%!s(MISSING)
[2025-08-14 00:15:19] BTCUSDT 1d: 当前价格=116836.23, EMA25=114441.13, EMA50=%!f(utils.TrendStatus=BU), 趋势=%!s(MISSING)
[2025-08-14 00:15:19] BTCUSDT 3d: 当前价格=112345.52, EMA25=105886.31, EMA50=%!f(utils.TrendStatus=UP), 趋势=%!s(MISSING)
[2025-08-14 00:15:19] ETHUSDT 5m: 当前价格=4668.46, EMA25=4671.31, EMA50=%!f(utils.TrendStatus=BU), 趋势=%!s(MISSING)
[2025-08-14 00:15:20] ETHUSDT 15m: 当前价格=4672.04, EMA25=4653.27, EMA50=%!f(utils.TrendStatus=BU), 趋势=%!s(MISSING)
[2025-08-14 00:15:20] ETHUSDT 1h: 当前价格=4600.28, EMA25=4501.20, EMA50=%!f(utils.TrendStatus=UP), 趋势=%!s(MISSING)
[2025-08-14 00:15:20] ETHUSDT 4h: 当前价格=4382.88, EMA25=4184.30, EMA50=%!f(utils.TrendStatus=BU), 趋势=%!s(MISSING)
[2025-08-14 00:15:21] ETHUSDT 1d: 当前价格=3844.47, EMA25=3476.06, EMA50=%!f(utils.TrendStatus=BU), 趋势=%!s(MISSING)
[2025-08-14 00:15:21] ETHUSDT 3d: 当前价格=3278.37, EMA25=2934.05, EMA50=%!f(utils.TrendStatus=UP), 趋势=%!s(MISSING)
==============================

===== 趋势分析结果 (2025-08-14 00:20:20) =====
[2025-08-14 00:20:18] BTCUSDT 5m: 当前价格=121181.32, EMA25=121006.36, EMA50=%!f(utils.TrendStatus=BU), 趋势=%!s(MISSING)
[2025-08-14 00:20:18] BTCUSDT 15m: 当前价格=120868.51, EMA25=120464.45, EMA50=%!f(utils.TrendStatus=BU), 趋势=%!s(MISSING)
[2025-08-14 00:20:18] BTCUSDT 1h: 当前价格=120142.40, EMA25=119740.05, EMA50=%!f(utils.TrendStatus=UP), 趋势=%!s(MISSING)
[2025-08-14 00:20:18] BTCUSDT 4h: 当前价格=119263.75, EMA25=118174.16, EMA50=%!f(utils.TrendStatus=BU), 趋势=%!s(MISSING)
[2025-08-14 00:20:19] BTCUSDT 1d: 当前价格=116846.34, EMA25=114446.28, EMA50=%!f(utils.TrendStatus=BU), 趋势=%!s(MISSING)
[2025-08-14 00:20:19] BTCUSDT 3d: 当前价格=112354.91, EMA25=105891.10, EMA50=%!f(utils.TrendStatus=UP), 趋势=%!s(MISSING)
[2025-08-14 00:20:19] ETHUSDT 5m: 当前价格=4671.69, EMA25=4672.86, EMA50=%!f(utils.TrendStatus=BU), 趋势=%!s(MISSING)
[2025-08-14 00:20:19] ETHUSDT 15m: 当前价格=4672.89, EMA25=4653.71, EMA50=%!f(utils.TrendStatus=BU), 趋势=%!s(MISSING)
[2025-08-14 00:20:20] ETHUSDT 1h: 当前价格=4601.17, EMA25=4501.65, EMA50=%!f(utils.TrendStatus=UP), 趋势=%!s(MISSING)
[2025-08-14 00:20:20] ETHUSDT 4h: 当前价格=4383.74, EMA25=4184.74, EMA50=%!f(utils.TrendStatus=BU), 趋势=%!s(MISSING)
[2025-08-14 00:20:20] ETHUSDT 1d: 当前价格=3845.34, EMA25=3476.50, EMA50=%!f(utils.TrendStatus=BU), 趋势=%!s(MISSING)
[2025-08-14 00:20:20] ETHUSDT 3d: 当前价格=3279.27, EMA25=2934.51, EMA50=%!f(utils.TrendStatus=UP), 趋势=%!s(MISSING)
==============================

===== 趋势分析结果 (2025-08-14 00:25:20) =====
[2025-08-14 00:25:18] BTCUSDT 5m: 当前价格=121213.49, EMA25=121029.57, EMA50=%!f(utils.TrendStatus=BU), 趋势=%!s(MISSING)
[2025-08-14 00:25:18] BTCUSDT 15m: 当前价格=120866.22, EMA25=120463.29, EMA50=%!f(utils.TrendStatus=BU), 趋势=%!s(MISSING)
[2025-08-14 00:25:18] BTCUSDT 1h: 当前价格=120140.85, EMA25=119739.26, EMA50=%!f(utils.TrendStatus=UP), 趋势=%!s(MISSING)
[2025-08-14 00:25:19] BTCUSDT 4h: 当前价格=119260.73, EMA25=118172.63, EMA50=%!f(utils.TrendStatus=BU), 趋势=%!s(MISSING)
[2025-08-14 00:25:19] BTCUSDT 1d: 当前价格=116844.05, EMA25=114445.11, EMA50=%!f(utils.TrendStatus=BU), 趋势=%!s(MISSING)
[2025-08-14 00:25:19] BTCUSDT 3d: 当前价格=112353.35, EMA25=105890.31, EMA50=%!f(utils.TrendStatus=UP), 趋势=%!s(MISSING)
[2025-08-14 00:25:19] ETHUSDT 5m: 当前价格=4676.25, EMA25=4675.16, EMA50=%!f(utils.TrendStatus=BU), 趋势=%!s(MISSING)
[2025-08-14 00:25:19] ETHUSDT 15m: 当前价格=4674.18, EMA25=4654.36, EMA50=%!f(utils.TrendStatus=BU), 趋势=%!s(MISSING)
[2025-08-14 00:25:20] ETHUSDT 1h: 当前价格=4602.44, EMA25=4502.29, EMA50=%!f(utils.TrendStatus=UP), 趋势=%!s(MISSING)
[2025-08-14 00:25:20] ETHUSDT 4h: 当前价格=4385.02, EMA25=4185.39, EMA50=%!f(utils.TrendStatus=BU), 趋势=%!s(MISSING)
[2025-08-14 00:25:20] ETHUSDT 1d: 当前价格=3846.57, EMA25=3477.13, EMA50=%!f(utils.TrendStatus=BU), 趋势=%!s(MISSING)
[2025-08-14 00:25:20] ETHUSDT 3d: 当前价格=3280.53, EMA25=2935.15, EMA50=%!f(utils.TrendStatus=UP), 趋势=%!s(MISSING)
==============================

===== 趋势分析结果 (2025-08-14 00:30:21) =====
[2025-08-14 00:30:18] BTCUSDT 5m: 当前价格=121226.23, EMA25=121043.10, EMA50=%!f(utils.TrendStatus=BU), 趋势=%!s(MISSING)
[2025-08-14 00:30:18] BTCUSDT 15m: 当前价格=120905.68, EMA25=120499.03, EMA50=%!f(utils.TrendStatus=BU), 趋势=%!s(MISSING)
[2025-08-14 00:30:18] BTCUSDT 1h: 当前价格=120130.09, EMA25=119733.77, EMA50=%!f(utils.TrendStatus=UP), 趋势=%!s(MISSING)
[2025-08-14 00:30:19] BTCUSDT 4h: 当前价格=119249.97, EMA25=118167.14, EMA50=%!f(utils.TrendStatus=BU), 趋势=%!s(MISSING)
[2025-08-14 00:30:19] BTCUSDT 1d: 当前价格=116833.29, EMA25=114439.63, EMA50=%!f(utils.TrendStatus=BU), 趋势=%!s(MISSING)
[2025-08-14 00:30:19] BTCUSDT 3d: 当前价格=112342.59, EMA25=105884.82, EMA50=%!f(utils.TrendStatus=UP), 趋势=%!s(MISSING)
[2025-08-14 00:30:19] ETHUSDT 5m: 当前价格=4679.25, EMA25=4676.73, EMA50=%!f(utils.TrendStatus=BU), 趋势=%!s(MISSING)
[2025-08-14 00:30:20] ETHUSDT 15m: 当前价格=4677.33, EMA25=4656.74, EMA50=%!f(utils.TrendStatus=BU), 趋势=%!s(MISSING)
[2025-08-14 00:30:20] ETHUSDT 1h: 当前价格=4602.27, EMA25=4502.21, EMA50=%!f(utils.TrendStatus=UP), 趋势=%!s(MISSING)
[2025-08-14 00:30:20] ETHUSDT 4h: 当前价格=4384.82, EMA25=4185.29, EMA50=%!f(utils.TrendStatus=BU), 趋势=%!s(MISSING)
[2025-08-14 00:30:20] ETHUSDT 1d: 当前价格=3846.36, EMA25=3477.02, EMA50=%!f(utils.TrendStatus=BU), 趋势=%!s(MISSING)
[2025-08-14 00:30:21] ETHUSDT 3d: 当前价格=3280.31, EMA25=2935.04, EMA50=%!f(utils.TrendStatus=UP), 趋势=%!s(MISSING)
==============================

===== 趋势分析结果 (2025-08-14 00:35:21) =====
[2025-08-14 00:35:18] BTCUSDT 5m: 当前价格=121266.19, EMA25=121070.84, EMA50=%!f(utils.TrendStatus=BU), 趋势=%!s(MISSING)
[2025-08-14 00:35:18] BTCUSDT 15m: 当前价格=120915.29, EMA25=120503.93, EMA50=%!f(utils.TrendStatus=BU), 趋势=%!s(MISSING)
[2025-08-14 00:35:18] BTCUSDT 1h: 当前价格=120140.95, EMA25=119739.31, EMA50=%!f(utils.TrendStatus=UP), 趋势=%!s(MISSING)
[2025-08-14 00:35:19] BTCUSDT 4h: 当前价格=119259.58, EMA25=118172.04, EMA50=%!f(utils.TrendStatus=BU), 趋势=%!s(MISSING)
[2025-08-14 00:35:19] BTCUSDT 1d: 当前价格=116842.08, EMA25=114444.11, EMA50=%!f(utils.TrendStatus=BU), 趋势=%!s(MISSING)
[2025-08-14 00:35:19] BTCUSDT 3d: 当前价格=112352.21, EMA25=105889.72, EMA50=%!f(utils.TrendStatus=UP), 趋势=%!s(MISSING)
[2025-08-14 00:35:19] ETHUSDT 5m: 当前价格=4683.50, EMA25=4679.01, EMA50=%!f(utils.TrendStatus=BU), 趋势=%!s(MISSING)
[2025-08-14 00:35:20] ETHUSDT 15m: 当前价格=4678.05, EMA25=4657.11, EMA50=%!f(utils.TrendStatus=BU), 趋势=%!s(MISSING)
[2025-08-14 00:35:20] ETHUSDT 1h: 当前价格=4602.93, EMA25=4502.54, EMA50=%!f(utils.TrendStatus=UP), 趋势=%!s(MISSING)
[2025-08-14 00:35:20] ETHUSDT 4h: 当前价格=4385.39, EMA25=4185.58, EMA50=%!f(utils.TrendStatus=BU), 趋势=%!s(MISSING)
[2025-08-14 00:35:20] ETHUSDT 1d: 当前价格=3846.98, EMA25=3477.34, EMA50=%!f(utils.TrendStatus=BU), 趋势=%!s(MISSING)
[2025-08-14 00:35:21] ETHUSDT 3d: 当前价格=3280.90, EMA25=2935.34, EMA50=%!f(utils.TrendStatus=UP), 趋势=%!s(MISSING)
==============================

===== 趋势分析结果 (2025-08-14 00:40:20) =====
[2025-08-14 00:40:18] BTCUSDT 5m: 当前价格=121274.83, EMA25=121082.75, EMA50=%!f(utils.TrendStatus=BU), 趋势=%!s(MISSING)
[2025-08-14 00:40:18] BTCUSDT 15m: 当前价格=120904.62, EMA25=120498.49, EMA50=%!f(utils.TrendStatus=BU), 趋势=%!s(MISSING)
[2025-08-14 00:40:18] BTCUSDT 1h: 当前价格=120128.80, EMA25=119733.12, EMA50=%!f(utils.TrendStatus=UP), 趋势=%!s(MISSING)
[2025-08-14 00:40:19] BTCUSDT 4h: 当前价格=119248.91, EMA25=118166.60, EMA50=%!f(utils.TrendStatus=BU), 趋势=%!s(MISSING)
[2025-08-14 00:40:19] BTCUSDT 1d: 当前价格=116830.31, EMA25=114438.11, EMA50=%!f(utils.TrendStatus=BU), 趋势=%!s(MISSING)
[2025-08-14 00:40:19] BTCUSDT 3d: 当前价格=112341.31, EMA25=105884.17, EMA50=%!f(utils.TrendStatus=UP), 趋势=%!s(MISSING)
[2025-08-14 00:40:19] ETHUSDT 5m: 当前价格=4684.43, EMA25=4679.65, EMA50=%!f(utils.TrendStatus=BU), 趋势=%!s(MISSING)
[2025-08-14 00:40:19] ETHUSDT 15m: 当前价格=4676.68, EMA25=4656.41, EMA50=%!f(utils.TrendStatus=BU), 趋势=%!s(MISSING)
[2025-08-14 00:40:19] ETHUSDT 1h: 当前价格=4601.56, EMA25=4501.84, EMA50=%!f(utils.TrendStatus=UP), 趋势=%!s(MISSING)
[2025-08-14 00:40:20] ETHUSDT 4h: 当前价格=4384.11, EMA25=4184.93, EMA50=%!f(utils.TrendStatus=BU), 趋势=%!s(MISSING)
[2025-08-14 00:40:20] ETHUSDT 1d: 当前价格=3845.76, EMA25=3476.72, EMA50=%!f(utils.TrendStatus=BU), 趋势=%!s(MISSING)
[2025-08-14 00:40:20] ETHUSDT 3d: 当前价格=3279.61, EMA25=2934.68, EMA50=%!f(utils.TrendStatus=UP), 趋势=%!s(MISSING)
==============================

