===== 趋势分析结果 (2025-07-04 00:12:04) =====
[2025-07-04 00:12:02] BTCUSDT 15m: 当前价格=109224.10, EMA25=109496.64, EMA60=109326.23, EMA120=108861.13, 趋势=震荡行情
[2025-07-04 00:12:02] BTCUSDT 1h: 当前价格=109224.20, EMA25=109030.74, EMA60=108278.26, EMA120=107714.07, 趋势=上涨趋势
[2025-07-04 00:12:03] BTCUSDT 4h: 当前价格=109224.20, EMA25=107941.10, EMA60=107075.53, EMA120=106393.44, 趋势=上涨趋势
[2025-07-04 00:12:03] BTCUSDT 1d: 当前价格=109224.20, EMA25=106276.20, EMA60=103662.80, EMA120=99480.82, 趋势=上涨趋势
[2025-07-04 00:12:03] ETHUSDT 15m: 当前价格=2572.63, EMA25=2590.30, EMA60=2583.81, EMA120=2558.73, 趋势=震荡行情
[2025-07-04 00:12:03] ETHUSDT 1h: 当前价格=2572.63, EMA25=2567.68, EMA60=2525.15, EMA120=2492.00, 趋势=上涨趋势
[2025-07-04 00:12:03] ETHUSDT 4h: 当前价格=2572.85, EMA25=2505.58, EMA60=2473.48, EMA120=2476.01, 趋势=上涨趋势
[2025-07-04 00:12:04] ETHUSDT 1d: 当前价格=2572.63, EMA25=2480.63, EMA60=2418.11, EMA120=2394.50, 趋势=上涨趋势
==============================

===== 趋势分析结果 (2025-07-04 10:36:10) =====
[2025-07-04 10:36:09] BTCUSDT 15m: 当前价格=109193.80, EMA25=109512.93, EMA60=109500.45, EMA120=109216.87, 趋势=震荡行情
[2025-07-04 10:36:09] BTCUSDT 1h: 当前价格=109193.90, EMA25=109317.57, EMA60=108644.40, EMA120=108000.18, 趋势=震荡行情
[2025-07-04 10:36:09] BTCUSDT 4h: 当前价格=109193.90, EMA25=108185.44, EMA60=107239.24, EMA120=106499.22, 趋势=上涨趋势
[2025-07-04 10:36:09] BTCUSDT 1d: 当前价格=109193.80, EMA25=106523.43, EMA60=103854.33, EMA120=99646.81, 趋势=上涨趋势
[2025-07-04 10:36:09] ETHUSDT 15m: 当前价格=2578.93, EMA25=2589.01, EMA60=2587.20, EMA120=2573.32, 趋势=震荡行情
[2025-07-04 10:36:09] ETHUSDT 1h: 当前价格=2578.93, EMA25=2578.57, EMA60=2542.80, EMA120=2506.64, 趋势=上涨趋势
[2025-07-04 10:36:10] ETHUSDT 4h: 当前价格=2578.93, EMA25=2518.00, EMA60=2481.00, EMA120=2479.75, 趋势=上涨趋势
[2025-07-04 10:36:10] ETHUSDT 1d: 当前价格=2579.07, EMA25=2489.45, EMA60=2423.95, EMA120=2397.84, 趋势=上涨趋势
==============================

===== 趋势分析结果 (2025-07-04 10:51:11) =====
[2025-07-04 10:51:10] BTCUSDT 15m: 当前价格=109216.50, EMA25=109481.64, EMA60=109487.35, EMA120=109214.92, 趋势=震荡行情
[2025-07-04 10:51:10] BTCUSDT 1h: 当前价格=109216.50, EMA25=109319.30, EMA60=108645.14, EMA120=108000.55, 趋势=震荡行情
[2025-07-04 10:51:10] BTCUSDT 4h: 当前价格=109216.50, EMA25=108187.17, EMA60=107239.98, EMA120=106499.60, 趋势=上涨趋势
[2025-07-04 10:51:10] BTCUSDT 1d: 当前价格=109216.40, EMA25=106525.16, EMA60=103855.07, EMA120=99647.18, 趋势=上涨趋势
[2025-07-04 10:51:11] ETHUSDT 15m: 当前价格=2576.97, EMA25=2587.66, EMA60=2586.68, EMA120=2573.28, 趋势=震荡行情
[2025-07-04 10:51:11] ETHUSDT 1h: 当前价格=2576.97, EMA25=2578.42, EMA60=2542.73, EMA120=2506.61, 趋势=震荡行情
[2025-07-04 10:51:11] ETHUSDT 4h: 当前价格=2576.97, EMA25=2517.85, EMA60=2480.94, EMA120=2479.72, 趋势=上涨趋势
[2025-07-04 10:51:11] ETHUSDT 1d: 当前价格=2576.50, EMA25=2489.25, EMA60=2423.86, EMA120=2397.80, 趋势=上涨趋势
==============================

