===== 趋势分析结果 (2025-07-07 00:07:56) =====
[2025-07-07 00:07:53] BTCUSDT 15m: 当前价格=108769.50, EMA25=108474.75, EMA60=108259.12, EMA120=108181.13, 趋势=上涨趋势
[2025-07-07 00:07:54] BTCUSDT 1h: 当前价格=108769.40, EMA25=108249.63, EMA60=108228.26, EMA120=108104.52, 趋势=上涨趋势
[2025-07-07 00:07:54] BTCUSDT 4h: 当前价格=108769.50, EMA25=108195.44, EMA60=107623.65, EMA120=106888.05, 趋势=上涨趋势
[2025-07-07 00:07:55] BTCUSDT 1d: 当前价格=108769.50, EMA25=106729.46, EMA60=104113.22, EMA120=99916.25, 趋势=上涨趋势
[2025-07-07 00:07:55] ETHUSDT 15m: 当前价格=2554.02, EMA25=2538.26, EMA60=2526.18, EMA120=2521.22, 趋势=上涨趋势
[2025-07-07 00:07:56] ETHUSDT 1h: 当前价格=2554.03, EMA25=2525.49, EMA60=2523.33, EMA120=2515.24, 趋势=上涨趋势
[2025-07-07 00:07:56] ETHUSDT 4h: 当前价格=2554.02, EMA25=2520.96, EMA60=2497.21, EMA120=2489.08, 趋势=上涨趋势
[2025-07-07 00:07:56] ETHUSDT 1d: 当前价格=2554.03, EMA25=2491.52, EMA60=2428.89, EMA120=2401.19, 趋势=上涨趋势
==============================

===== 趋势分析结果 (2025-07-07 00:22:56) =====
[2025-07-07 00:22:54] BTCUSDT 15m: 当前价格=108777.80, EMA25=108492.41, EMA60=108273.60, EMA120=108189.66, 趋势=上涨趋势
[2025-07-07 00:22:54] BTCUSDT 1h: 当前价格=108777.80, EMA25=108250.28, EMA60=108228.54, EMA120=108104.65, 趋势=上涨趋势
[2025-07-07 00:22:54] BTCUSDT 4h: 当前价格=108777.80, EMA25=108196.07, EMA60=107623.93, EMA120=106888.19, 趋势=上涨趋势
[2025-07-07 00:22:55] BTCUSDT 1d: 当前价格=108777.70, EMA25=106730.09, EMA60=104113.48, EMA120=99916.39, 趋势=上涨趋势
[2025-07-07 00:22:55] ETHUSDT 15m: 当前价格=2552.00, EMA25=2539.06, EMA60=2526.91, EMA120=2521.67, 趋势=上涨趋势
[2025-07-07 00:22:56] ETHUSDT 1h: 当前价格=2552.04, EMA25=2525.34, EMA60=2523.26, EMA120=2515.21, 趋势=上涨趋势
[2025-07-07 00:22:56] ETHUSDT 4h: 当前价格=2552.05, EMA25=2520.80, EMA60=2497.14, EMA120=2489.05, 趋势=上涨趋势
[2025-07-07 00:22:56] ETHUSDT 1d: 当前价格=2552.04, EMA25=2491.36, EMA60=2428.83, EMA120=2401.16, 趋势=上涨趋势
==============================

===== 趋势分析结果 (2025-07-07 00:37:57) =====
[2025-07-07 00:37:54] BTCUSDT 15m: 当前价格=108736.60, EMA25=108509.91, EMA60=108288.21, EMA120=108198.37, 趋势=上涨趋势
[2025-07-07 00:37:54] BTCUSDT 1h: 当前价格=108736.60, EMA25=108247.11, EMA60=108227.19, EMA120=108103.97, 趋势=上涨趋势
[2025-07-07 00:37:54] BTCUSDT 4h: 当前价格=108736.60, EMA25=108192.91, EMA60=107622.58, EMA120=106887.51, 趋势=上涨趋势
[2025-07-07 00:37:55] BTCUSDT 1d: 当前价格=108736.60, EMA25=106726.93, EMA60=104112.14, EMA120=99915.71, 趋势=上涨趋势
[2025-07-07 00:37:55] ETHUSDT 15m: 当前价格=2545.68, EMA25=2539.45, EMA60=2527.47, EMA120=2522.03, 趋势=上涨趋势
[2025-07-07 00:37:56] ETHUSDT 1h: 当前价格=2545.68, EMA25=2524.85, EMA60=2523.05, EMA120=2515.11, 趋势=上涨趋势
[2025-07-07 00:37:56] ETHUSDT 4h: 当前价格=2545.68, EMA25=2520.31, EMA60=2496.93, EMA120=2488.94, 趋势=上涨趋势
[2025-07-07 00:37:57] ETHUSDT 1d: 当前价格=2545.68, EMA25=2490.87, EMA60=2428.62, EMA120=2401.05, 趋势=上涨趋势
==============================

===== 趋势分析结果 (2025-07-07 00:52:55) =====
[2025-07-07 00:52:53] BTCUSDT 15m: 当前价格=108776.00, EMA25=108526.38, EMA60=108302.42, EMA120=108206.98, 趋势=上涨趋势
[2025-07-07 00:52:54] BTCUSDT 1h: 当前价格=108776.00, EMA25=108250.14, EMA60=108228.48, EMA120=108104.62, 趋势=上涨趋势
[2025-07-07 00:52:54] BTCUSDT 4h: 当前价格=108776.00, EMA25=108195.94, EMA60=107623.87, EMA120=106888.16, 趋势=上涨趋势
[2025-07-07 00:52:54] BTCUSDT 1d: 当前价格=108776.00, EMA25=106729.96, EMA60=104113.43, EMA120=99916.36, 趋势=上涨趋势
[2025-07-07 00:52:55] ETHUSDT 15m: 当前价格=2550.42, EMA25=2540.29, EMA60=2528.22, EMA120=2522.50, 趋势=上涨趋势
[2025-07-07 00:52:55] ETHUSDT 1h: 当前价格=2550.42, EMA25=2525.21, EMA60=2523.21, EMA120=2515.18, 趋势=上涨趋势
[2025-07-07 00:52:55] ETHUSDT 4h: 当前价格=2550.00, EMA25=2520.65, EMA60=2497.07, EMA120=2489.01, 趋势=上涨趋势
[2025-07-07 00:52:55] ETHUSDT 1d: 当前价格=2550.00, EMA25=2491.21, EMA60=2428.76, EMA120=2401.12, 趋势=上涨趋势
==============================

===== 趋势分析结果 (2025-07-07 01:07:55) =====
[2025-07-07 01:07:53] BTCUSDT 15m: 当前价格=108700.00, EMA25=108540.79, EMA60=108315.93, EMA120=108215.33, 趋势=上涨趋势
[2025-07-07 01:07:54] BTCUSDT 1h: 当前价格=108700.00, EMA25=108285.80, EMA60=108244.41, EMA120=108114.74, 趋势=上涨趋势
[2025-07-07 01:07:54] BTCUSDT 4h: 当前价格=108699.90, EMA25=108190.08, EMA60=107621.37, EMA120=106886.90, 趋势=上涨趋势
[2025-07-07 01:07:54] BTCUSDT 1d: 当前价格=108699.90, EMA25=106724.10, EMA60=104110.93, EMA120=99915.10, 趋势=上涨趋势
[2025-07-07 01:07:54] ETHUSDT 15m: 当前价格=2545.28, EMA25=2540.72, EMA60=2528.81, EMA120=2522.89, 趋势=上涨趋势
[2025-07-07 01:07:55] ETHUSDT 1h: 当前价格=2545.26, EMA25=2526.80, EMA60=2523.95, EMA120=2515.69, 趋势=上涨趋势
[2025-07-07 01:07:55] ETHUSDT 4h: 当前价格=2545.26, EMA25=2520.28, EMA60=2496.92, EMA120=2488.93, 趋势=上涨趋势
[2025-07-07 01:07:55] ETHUSDT 1d: 当前价格=2545.25, EMA25=2490.84, EMA60=2428.61, EMA120=2401.04, 趋势=上涨趋势
==============================

===== 趋势分析结果 (2025-07-07 01:22:55) =====
[2025-07-07 01:22:53] BTCUSDT 15m: 当前价格=108737.10, EMA25=108556.74, EMA60=108330.11, EMA120=108224.12, 趋势=上涨趋势
[2025-07-07 01:22:54] BTCUSDT 1h: 当前价格=108737.00, EMA25=108288.64, EMA60=108245.62, EMA120=108115.35, 趋势=上涨趋势
[2025-07-07 01:22:54] BTCUSDT 4h: 当前价格=108737.10, EMA25=108192.94, EMA60=107622.59, EMA120=106887.52, 趋势=上涨趋势
[2025-07-07 01:22:54] BTCUSDT 1d: 当前价格=108737.10, EMA25=106726.97, EMA60=104112.15, EMA120=99915.72, 趋势=上涨趋势
[2025-07-07 01:22:54] ETHUSDT 15m: 当前价格=2543.96, EMA25=2540.95, EMA60=2529.29, EMA120=2523.23, 趋势=上涨趋势
[2025-07-07 01:22:55] ETHUSDT 1h: 当前价格=2544.05, EMA25=2526.71, EMA60=2523.91, EMA120=2515.67, 趋势=上涨趋势
[2025-07-07 01:22:55] ETHUSDT 4h: 当前价格=2544.05, EMA25=2520.19, EMA60=2496.88, EMA120=2488.91, 趋势=上涨趋势
[2025-07-07 01:22:55] ETHUSDT 1d: 当前价格=2543.96, EMA25=2490.74, EMA60=2428.56, EMA120=2401.02, 趋势=上涨趋势
==============================

===== 趋势分析结果 (2025-07-07 01:37:55) =====
[2025-07-07 01:37:53] BTCUSDT 15m: 当前价格=108866.50, EMA25=108586.13, EMA60=108350.18, EMA120=108235.98, 趋势=上涨趋势
[2025-07-07 01:37:54] BTCUSDT 1h: 当前价格=108866.50, EMA25=108298.61, EMA60=108249.87, EMA120=108117.49, 趋势=上涨趋势
[2025-07-07 01:37:54] BTCUSDT 4h: 当前价格=108866.40, EMA25=108202.89, EMA60=107626.83, EMA120=106889.65, 趋势=上涨趋势
[2025-07-07 01:37:54] BTCUSDT 1d: 当前价格=108866.40, EMA25=106736.91, EMA60=104116.39, EMA120=99917.85, 趋势=上涨趋势
[2025-07-07 01:37:54] ETHUSDT 15m: 当前价格=2548.76, EMA25=2542.03, EMA60=2530.14, EMA120=2523.76, 趋势=上涨趋势
[2025-07-07 01:37:55] ETHUSDT 1h: 当前价格=2548.76, EMA25=2527.07, EMA60=2524.07, EMA120=2515.75, 趋势=上涨趋势
[2025-07-07 01:37:55] ETHUSDT 4h: 当前价格=2548.76, EMA25=2520.55, EMA60=2497.03, EMA120=2488.99, 趋势=上涨趋势
[2025-07-07 01:37:55] ETHUSDT 1d: 当前价格=2548.76, EMA25=2491.11, EMA60=2428.72, EMA120=2401.10, 趋势=上涨趋势
==============================

===== 趋势分析结果 (2025-07-07 01:52:55) =====
[2025-07-07 01:52:53] BTCUSDT 15m: 当前价格=108849.50, EMA25=108608.53, EMA60=108367.51, EMA120=108246.58, 趋势=上涨趋势
[2025-07-07 01:52:53] BTCUSDT 1h: 当前价格=108849.60, EMA25=108297.31, EMA60=108249.31, EMA120=108117.21, 趋势=上涨趋势
[2025-07-07 01:52:54] BTCUSDT 4h: 当前价格=108849.50, EMA25=108201.59, EMA60=107626.28, EMA120=106889.37, 趋势=上涨趋势
[2025-07-07 01:52:54] BTCUSDT 1d: 当前价格=108849.50, EMA25=106735.61, EMA60=104115.84, EMA120=99917.57, 趋势=上涨趋势
[2025-07-07 01:52:54] ETHUSDT 15m: 当前价格=2547.00, EMA25=2542.45, EMA60=2530.72, EMA120=2524.15, 趋势=上涨趋势
[2025-07-07 01:52:54] ETHUSDT 1h: 当前价格=2546.99, EMA25=2526.94, EMA60=2524.01, EMA120=2515.72, 趋势=上涨趋势
[2025-07-07 01:52:55] ETHUSDT 4h: 当前价格=2546.99, EMA25=2520.42, EMA60=2496.98, EMA120=2488.96, 趋势=上涨趋势
[2025-07-07 01:52:55] ETHUSDT 1d: 当前价格=2546.99, EMA25=2490.97, EMA60=2428.66, EMA120=2401.07, 趋势=上涨趋势
==============================

===== 趋势分析结果 (2025-07-07 02:07:55) =====
[2025-07-07 02:07:53] BTCUSDT 15m: 当前价格=108748.60, EMA25=108620.42, EMA60=108380.50, EMA120=108255.09, 趋势=上涨趋势
[2025-07-07 02:07:54] BTCUSDT 1h: 当前价格=108748.50, EMA25=108333.11, EMA60=108266.17, EMA120=108127.93, 趋势=上涨趋势
[2025-07-07 02:07:54] BTCUSDT 4h: 当前价格=108748.50, EMA25=108193.82, EMA60=107622.97, EMA120=106887.71, 趋势=上涨趋势
[2025-07-07 02:07:54] BTCUSDT 1d: 当前价格=108748.50, EMA25=106727.84, EMA60=104112.53, EMA120=99915.90, 趋势=上涨趋势
[2025-07-07 02:07:54] ETHUSDT 15m: 当前价格=2544.16, EMA25=2542.53, EMA60=2531.13, EMA120=2524.47, 趋势=上涨趋势
[2025-07-07 02:07:54] ETHUSDT 1h: 当前价格=2544.16, EMA25=2528.21, EMA60=2524.65, EMA120=2516.18, 趋势=上涨趋势
[2025-07-07 02:07:55] ETHUSDT 4h: 当前价格=2544.15, EMA25=2520.20, EMA60=2496.88, EMA120=2488.91, 趋势=上涨趋势
[2025-07-07 02:07:55] ETHUSDT 1d: 当前价格=2544.16, EMA25=2490.76, EMA60=2428.57, EMA120=2401.03, 趋势=上涨趋势
==============================

===== 趋势分析结果 (2025-07-07 02:22:55) =====
[2025-07-07 02:22:53] BTCUSDT 15m: 当前价格=108701.00, EMA25=108625.40, EMA60=108390.47, EMA120=108262.15, 趋势=上涨趋势
[2025-07-07 02:22:53] BTCUSDT 1h: 当前价格=108701.00, EMA25=108329.46, EMA60=108264.61, EMA120=108127.14, 趋势=上涨趋势
[2025-07-07 02:22:54] BTCUSDT 4h: 当前价格=108701.00, EMA25=108190.17, EMA60=107621.41, EMA120=106886.92, 趋势=上涨趋势
[2025-07-07 02:22:54] BTCUSDT 1d: 当前价格=108701.00, EMA25=106724.19, EMA60=104110.97, EMA120=99915.12, 趋势=上涨趋势
[2025-07-07 02:22:54] ETHUSDT 15m: 当前价格=2541.39, EMA25=2542.48, EMA60=2531.49, EMA120=2524.75, 趋势=震荡行情
[2025-07-07 02:22:54] ETHUSDT 1h: 当前价格=2541.40, EMA25=2528.00, EMA60=2524.56, EMA120=2516.14, 趋势=上涨趋势
[2025-07-07 02:22:55] ETHUSDT 4h: 当前价格=2541.40, EMA25=2519.99, EMA60=2496.79, EMA120=2488.87, 趋势=上涨趋势
[2025-07-07 02:22:55] ETHUSDT 1d: 当前价格=2541.40, EMA25=2490.54, EMA60=2428.48, EMA120=2400.98, 趋势=上涨趋势
==============================

===== 趋势分析结果 (2025-07-07 02:37:55) =====
[2025-07-07 02:37:53] BTCUSDT 15m: 当前价格=108483.80, EMA25=108600.65, EMA60=108387.34, EMA120=108262.61, 趋势=震荡行情
[2025-07-07 02:37:53] BTCUSDT 1h: 当前价格=108475.60, EMA25=108312.12, EMA60=108257.22, EMA120=108123.42, 趋势=上涨趋势
[2025-07-07 02:37:54] BTCUSDT 4h: 当前价格=108475.70, EMA25=108172.84, EMA60=107614.02, EMA120=106883.20, 趋势=上涨趋势
[2025-07-07 02:37:54] BTCUSDT 1d: 当前价格=108483.80, EMA25=106707.48, EMA60=104103.85, EMA120=99911.53, 趋势=上涨趋势
[2025-07-07 02:37:54] ETHUSDT 15m: 当前价格=2531.98, EMA25=2541.25, EMA60=2531.31, EMA120=2524.77, 趋势=震荡行情
[2025-07-07 02:37:54] ETHUSDT 1h: 当前价格=2531.98, EMA25=2527.27, EMA60=2524.25, EMA120=2515.98, 趋势=上涨趋势
[2025-07-07 02:37:55] ETHUSDT 4h: 当前价格=2531.98, EMA25=2519.26, EMA60=2496.48, EMA120=2488.71, 趋势=上涨趋势
[2025-07-07 02:37:55] ETHUSDT 1d: 当前价格=2531.98, EMA25=2489.82, EMA60=2428.17, EMA120=2400.82, 趋势=上涨趋势
==============================

===== 趋势分析结果 (2025-07-07 02:52:55) =====
[2025-07-07 02:52:53] BTCUSDT 15m: 当前价格=108318.60, EMA25=108570.27, EMA60=108381.21, EMA120=108261.50, 趋势=震荡行情
[2025-07-07 02:52:54] BTCUSDT 1h: 当前价格=108318.50, EMA25=108300.04, EMA60=108252.07, EMA120=108120.82, 趋势=上涨趋势
[2025-07-07 02:52:54] BTCUSDT 4h: 当前价格=108318.50, EMA25=108160.74, EMA60=107608.87, EMA120=106880.60, 趋势=上涨趋势
[2025-07-07 02:52:54] BTCUSDT 1d: 当前价格=108318.60, EMA25=106694.77, EMA60=104098.43, EMA120=99908.80, 趋势=上涨趋势
[2025-07-07 02:52:54] ETHUSDT 15m: 当前价格=2526.47, EMA25=2539.77, EMA60=2531.00, EMA120=2524.72, 趋势=震荡行情
[2025-07-07 02:52:54] ETHUSDT 1h: 当前价格=2526.47, EMA25=2526.85, EMA60=2524.07, EMA120=2515.89, 趋势=震荡行情
[2025-07-07 02:52:55] ETHUSDT 4h: 当前价格=2526.47, EMA25=2518.84, EMA60=2496.30, EMA120=2488.62, 趋势=上涨趋势
[2025-07-07 02:52:55] ETHUSDT 1d: 当前价格=2526.47, EMA25=2489.40, EMA60=2427.99, EMA120=2400.73, 趋势=上涨趋势
==============================

===== 趋势分析结果 (2025-07-07 03:07:55) =====
[2025-07-07 03:07:53] BTCUSDT 15m: 当前价格=108501.00, EMA25=108572.42, EMA60=108388.48, EMA120=108267.14, 趋势=震荡行情
[2025-07-07 03:07:53] BTCUSDT 1h: 当前价格=108501.00, EMA25=108322.99, EMA60=108263.58, EMA120=108128.85, 趋势=上涨趋势
[2025-07-07 03:07:54] BTCUSDT 4h: 当前价格=108501.00, EMA25=108174.78, EMA60=107614.85, EMA120=106883.61, 趋势=上涨趋势
[2025-07-07 03:07:54] BTCUSDT 1d: 当前价格=108501.00, EMA25=106708.80, EMA60=104104.41, EMA120=99911.81, 趋势=上涨趋势
[2025-07-07 03:07:54] ETHUSDT 15m: 当前价格=2534.64, EMA25=2539.70, EMA60=2531.26, EMA120=2524.96, 趋势=震荡行情
[2025-07-07 03:07:54] ETHUSDT 1h: 当前价格=2534.64, EMA25=2527.77, EMA60=2524.56, EMA120=2516.28, 趋势=上涨趋势
[2025-07-07 03:07:55] ETHUSDT 4h: 当前价格=2534.64, EMA25=2519.47, EMA60=2496.57, EMA120=2488.76, 趋势=上涨趋势
[2025-07-07 03:07:55] ETHUSDT 1d: 当前价格=2534.64, EMA25=2490.02, EMA60=2428.26, EMA120=2400.87, 趋势=上涨趋势
==============================

===== 趋势分析结果 (2025-07-07 03:22:55) =====
[2025-07-07 03:22:53] BTCUSDT 15m: 当前价格=108431.30, EMA25=108561.50, EMA60=108389.85, EMA120=108269.82, 趋势=震荡行情
[2025-07-07 03:22:53] BTCUSDT 1h: 当前价格=108431.40, EMA25=108317.63, EMA60=108261.30, EMA120=108127.70, 趋势=上涨趋势
[2025-07-07 03:22:54] BTCUSDT 4h: 当前价格=108431.40, EMA25=108169.43, EMA60=107612.57, EMA120=106882.46, 趋势=上涨趋势
[2025-07-07 03:22:54] BTCUSDT 1d: 当前价格=108431.40, EMA25=106703.45, EMA60=104102.13, EMA120=99910.66, 趋势=上涨趋势
[2025-07-07 03:22:54] ETHUSDT 15m: 当前价格=2534.36, EMA25=2539.41, EMA60=2531.42, EMA120=2525.14, 趋势=震荡行情
[2025-07-07 03:22:54] ETHUSDT 1h: 当前价格=2534.36, EMA25=2527.75, EMA60=2524.55, EMA120=2516.27, 趋势=上涨趋势
[2025-07-07 03:22:55] ETHUSDT 4h: 当前价格=2534.36, EMA25=2519.44, EMA60=2496.56, EMA120=2488.75, 趋势=上涨趋势
[2025-07-07 03:22:55] ETHUSDT 1d: 当前价格=2534.36, EMA25=2490.00, EMA60=2428.25, EMA120=2400.86, 趋势=上涨趋势
==============================

===== 趋势分析结果 (2025-07-07 03:37:55) =====
[2025-07-07 03:37:53] BTCUSDT 15m: 当前价格=108322.30, EMA25=108541.81, EMA60=108387.06, EMA120=108270.38, 趋势=震荡行情
[2025-07-07 03:37:53] BTCUSDT 1h: 当前价格=108322.20, EMA25=108309.23, EMA60=108257.72, EMA120=108125.89, 趋势=上涨趋势
[2025-07-07 03:37:54] BTCUSDT 4h: 当前价格=108322.20, EMA25=108161.03, EMA60=107608.99, EMA120=106880.66, 趋势=上涨趋势
[2025-07-07 03:37:54] BTCUSDT 1d: 当前价格=108322.30, EMA25=106695.06, EMA60=104098.55, EMA120=99908.86, 趋势=上涨趋势
[2025-07-07 03:37:54] ETHUSDT 15m: 当前价格=2533.78, EMA25=2539.09, EMA60=2531.55, EMA120=2525.31, 趋势=震荡行情
[2025-07-07 03:37:54] ETHUSDT 1h: 当前价格=2533.79, EMA25=2527.71, EMA60=2524.53, EMA120=2516.26, 趋势=上涨趋势
[2025-07-07 03:37:55] ETHUSDT 4h: 当前价格=2533.92, EMA25=2519.41, EMA60=2496.55, EMA120=2488.75, 趋势=上涨趋势
[2025-07-07 03:37:55] ETHUSDT 1d: 当前价格=2533.92, EMA25=2489.97, EMA60=2428.23, EMA120=2400.86, 趋势=上涨趋势
==============================

===== 趋势分析结果 (2025-07-07 03:52:55) =====
[2025-07-07 03:52:53] BTCUSDT 15m: 当前价格=108362.20, EMA25=108527.41, EMA60=108385.98, EMA120=108271.75, 趋势=震荡行情
[2025-07-07 03:52:53] BTCUSDT 1h: 当前价格=108362.20, EMA25=108312.31, EMA60=108259.03, EMA120=108126.55, 趋势=上涨趋势
[2025-07-07 03:52:54] BTCUSDT 4h: 当前价格=108362.20, EMA25=108164.11, EMA60=107610.30, EMA120=106881.32, 趋势=上涨趋势
[2025-07-07 03:52:54] BTCUSDT 1d: 当前价格=108362.20, EMA25=106698.13, EMA60=104099.86, EMA120=99909.52, 趋势=上涨趋势
[2025-07-07 03:52:54] ETHUSDT 15m: 当前价格=2537.00, EMA25=2538.98, EMA60=2531.75, EMA120=2525.51, 趋势=震荡行情
[2025-07-07 03:52:54] ETHUSDT 1h: 当前价格=2537.00, EMA25=2527.96, EMA60=2524.64, EMA120=2516.32, 趋势=上涨趋势
[2025-07-07 03:52:55] ETHUSDT 4h: 当前价格=2537.00, EMA25=2519.65, EMA60=2496.65, EMA120=2488.80, 趋势=上涨趋势
[2025-07-07 03:52:55] ETHUSDT 1d: 当前价格=2536.99, EMA25=2490.21, EMA60=2428.34, EMA120=2400.91, 趋势=上涨趋势
==============================

===== 趋势分析结果 (2025-07-07 04:07:55) =====
[2025-07-07 04:07:53] BTCUSDT 15m: 当前价格=108687.90, EMA25=108549.10, EMA60=108400.06, EMA120=108280.75, 趋势=上涨趋势
[2025-07-07 04:07:53] BTCUSDT 1h: 当前价格=108690.00, EMA25=108350.71, EMA60=108277.33, EMA120=108138.02, 趋势=上涨趋势
[2025-07-07 04:07:54] BTCUSDT 4h: 当前价格=108690.00, EMA25=108213.90, EMA60=107649.87, EMA120=106913.38, 趋势=上涨趋势
[2025-07-07 04:07:54] BTCUSDT 1d: 当前价格=108690.00, EMA25=106723.34, EMA60=104110.61, EMA120=99914.94, 趋势=上涨趋势
[2025-07-07 04:07:54] ETHUSDT 15m: 当前价格=2545.28, EMA25=2539.67, EMA60=2532.29, EMA120=2525.88, 趋势=上涨趋势
[2025-07-07 04:07:54] ETHUSDT 1h: 当前价格=2545.28, EMA25=2529.50, EMA60=2525.41, EMA120=2516.85, 趋势=上涨趋势
[2025-07-07 04:07:55] ETHUSDT 4h: 当前价格=2545.28, EMA25=2521.83, EMA60=2498.34, EMA120=2489.78, 趋势=上涨趋势
[2025-07-07 04:07:55] ETHUSDT 1d: 当前价格=2545.27, EMA25=2490.84, EMA60=2428.61, EMA120=2401.04, 趋势=上涨趋势
==============================

===== 趋势分析结果 (2025-07-07 04:22:56) =====
[2025-07-07 04:22:53] BTCUSDT 15m: 当前价格=108692.80, EMA25=108563.83, EMA60=108411.29, EMA120=108288.39, 趋势=上涨趋势
[2025-07-07 04:22:54] BTCUSDT 1h: 当前价格=108692.80, EMA25=108350.92, EMA60=108277.43, EMA120=108138.07, 趋势=上涨趋势
[2025-07-07 04:22:54] BTCUSDT 4h: 当前价格=108692.80, EMA25=108214.12, EMA60=107649.97, EMA120=106913.42, 趋势=上涨趋势
[2025-07-07 04:22:55] BTCUSDT 1d: 当前价格=108692.80, EMA25=106723.56, EMA60=104110.70, EMA120=99914.98, 趋势=上涨趋势
[2025-07-07 04:22:55] ETHUSDT 15m: 当前价格=2544.70, EMA25=2540.13, EMA60=2532.73, EMA120=2526.21, 趋势=上涨趋势
[2025-07-07 04:22:55] ETHUSDT 1h: 当前价格=2544.57, EMA25=2529.45, EMA60=2525.39, EMA120=2516.83, 趋势=上涨趋势
[2025-07-07 04:22:56] ETHUSDT 4h: 当前价格=2544.70, EMA25=2521.79, EMA60=2498.32, EMA120=2489.77, 趋势=上涨趋势
[2025-07-07 04:22:56] ETHUSDT 1d: 当前价格=2544.70, EMA25=2490.80, EMA60=2428.59, EMA120=2401.04, 趋势=上涨趋势
==============================

===== 趋势分析结果 (2025-07-07 04:37:56) =====
[2025-07-07 04:37:53] BTCUSDT 15m: 当前价格=108689.70, EMA25=108570.38, EMA60=108419.02, EMA120=108294.29, 趋势=上涨趋势
[2025-07-07 04:37:54] BTCUSDT 1h: 当前价格=108689.80, EMA25=108350.69, EMA60=108277.33, EMA120=108138.02, 趋势=上涨趋势
[2025-07-07 04:37:54] BTCUSDT 4h: 当前价格=108689.70, EMA25=108213.88, EMA60=107649.86, EMA120=106913.37, 趋势=上涨趋势
[2025-07-07 04:37:55] BTCUSDT 1d: 当前价格=108689.70, EMA25=106723.32, EMA60=104110.60, EMA120=99914.93, 趋势=上涨趋势
[2025-07-07 04:37:55] ETHUSDT 15m: 当前价格=2546.63, EMA25=2540.65, EMA60=2533.19, EMA120=2526.55, 趋势=上涨趋势
[2025-07-07 04:37:56] ETHUSDT 1h: 当前价格=2546.62, EMA25=2529.60, EMA60=2525.45, EMA120=2516.87, 趋势=上涨趋势
[2025-07-07 04:37:56] ETHUSDT 4h: 当前价格=2546.63, EMA25=2521.94, EMA60=2498.38, EMA120=2489.80, 趋势=上涨趋势
[2025-07-07 04:37:56] ETHUSDT 1d: 当前价格=2546.62, EMA25=2490.95, EMA60=2428.65, EMA120=2401.07, 趋势=上涨趋势
==============================

===== 趋势分析结果 (2025-07-07 04:52:56) =====
[2025-07-07 04:52:53] BTCUSDT 15m: 当前价格=108691.70, EMA25=108580.44, EMA60=108428.29, EMA120=108301.01, 趋势=上涨趋势
[2025-07-07 04:52:54] BTCUSDT 1h: 当前价格=108691.70, EMA25=108350.84, EMA60=108277.39, EMA120=108138.05, 趋势=上涨趋势
[2025-07-07 04:52:54] BTCUSDT 4h: 当前价格=108691.70, EMA25=108214.03, EMA60=107649.93, EMA120=106913.41, 趋势=上涨趋势
[2025-07-07 04:52:55] BTCUSDT 1d: 当前价格=108691.70, EMA25=106723.47, EMA60=104110.66, EMA120=99914.97, 趋势=上涨趋势
[2025-07-07 04:52:55] ETHUSDT 15m: 当前价格=2546.13, EMA25=2541.13, EMA60=2533.64, EMA120=2526.89, 趋势=上涨趋势
[2025-07-07 04:52:55] ETHUSDT 1h: 当前价格=2546.14, EMA25=2529.57, EMA60=2525.44, EMA120=2516.86, 趋势=上涨趋势
[2025-07-07 04:52:56] ETHUSDT 4h: 当前价格=2546.13, EMA25=2521.90, EMA60=2498.37, EMA120=2489.79, 趋势=上涨趋势
[2025-07-07 04:52:56] ETHUSDT 1d: 当前价格=2546.13, EMA25=2490.91, EMA60=2428.63, EMA120=2401.06, 趋势=上涨趋势
==============================

===== 趋势分析结果 (2025-07-07 05:07:56) =====
[2025-07-07 05:07:53] BTCUSDT 15m: 当前价格=108684.20, EMA25=108582.35, EMA60=108433.97, EMA120=108305.93, 趋势=上涨趋势
[2025-07-07 05:07:54] BTCUSDT 1h: 当前价格=108684.20, EMA25=108370.40, EMA60=108288.01, EMA120=108145.71, 趋势=上涨趋势
[2025-07-07 05:07:54] BTCUSDT 4h: 当前价格=108684.20, EMA25=108213.46, EMA60=107649.68, EMA120=106913.28, 趋势=上涨趋势
[2025-07-07 05:07:55] BTCUSDT 1d: 当前价格=108684.20, EMA25=106722.90, EMA60=104110.42, EMA120=99914.84, 趋势=上涨趋势
[2025-07-07 05:07:55] ETHUSDT 15m: 当前价格=2547.47, EMA25=2541.48, EMA60=2534.03, EMA120=2527.19, 趋势=上涨趋势
[2025-07-07 05:07:56] ETHUSDT 1h: 当前价格=2547.48, EMA25=2530.81, EMA60=2526.10, EMA120=2517.33, 趋势=上涨趋势
[2025-07-07 05:07:56] ETHUSDT 4h: 当前价格=2547.48, EMA25=2522.00, EMA60=2498.41, EMA120=2489.81, 趋势=上涨趋势
[2025-07-07 05:07:56] ETHUSDT 1d: 当前价格=2547.48, EMA25=2491.01, EMA60=2428.68, EMA120=2401.08, 趋势=上涨趋势
==============================

===== 趋势分析结果 (2025-07-07 05:22:56) =====
[2025-07-07 05:22:53] BTCUSDT 15m: 当前价格=108950.00, EMA25=108623.55, EMA60=108456.66, EMA120=108319.52, 趋势=上涨趋势
[2025-07-07 05:22:54] BTCUSDT 1h: 当前价格=108950.00, EMA25=108390.85, EMA60=108296.73, EMA120=108150.10, 趋势=上涨趋势
[2025-07-07 05:22:54] BTCUSDT 4h: 当前价格=108950.00, EMA25=108233.90, EMA60=107658.40, EMA120=106917.68, 趋势=上涨趋势
[2025-07-07 05:22:55] BTCUSDT 1d: 当前价格=108950.00, EMA25=106743.34, EMA60=104119.13, EMA120=99919.23, 趋势=上涨趋势
[2025-07-07 05:22:55] ETHUSDT 15m: 当前价格=2555.95, EMA25=2542.92, EMA60=2534.90, EMA120=2527.74, 趋势=上涨趋势
[2025-07-07 05:22:55] ETHUSDT 1h: 当前价格=2555.95, EMA25=2531.46, EMA60=2526.38, EMA120=2517.47, 趋势=上涨趋势
[2025-07-07 05:22:56] ETHUSDT 4h: 当前价格=2555.90, EMA25=2522.65, EMA60=2498.69, EMA120=2489.95, 趋势=上涨趋势
[2025-07-07 05:22:56] ETHUSDT 1d: 当前价格=2555.79, EMA25=2491.65, EMA60=2428.95, EMA120=2401.22, 趋势=上涨趋势
==============================

===== 趋势分析结果 (2025-07-07 05:37:56) =====
[2025-07-07 05:37:53] BTCUSDT 15m: 当前价格=109341.30, EMA25=108700.17, EMA60=108495.22, EMA120=108341.30, 趋势=上涨趋势
[2025-07-07 05:37:54] BTCUSDT 1h: 当前价格=109315.40, EMA25=108418.96, EMA60=108308.71, EMA120=108156.14, 趋势=上涨趋势
[2025-07-07 05:37:54] BTCUSDT 4h: 当前价格=109319.60, EMA25=108262.33, EMA60=107670.52, EMA120=106923.79, 趋势=上涨趋势
[2025-07-07 05:37:55] BTCUSDT 1d: 当前价格=109341.30, EMA25=106773.44, EMA60=104131.96, EMA120=99925.70, 趋势=上涨趋势
[2025-07-07 05:37:55] ETHUSDT 15m: 当前价格=2588.63, EMA25=2547.03, EMA60=2536.92, EMA120=2528.88, 趋势=上涨趋势
[2025-07-07 05:37:55] ETHUSDT 1h: 当前价格=2588.63, EMA25=2533.97, EMA60=2527.45, EMA120=2518.02, 趋势=上涨趋势
[2025-07-07 05:37:56] ETHUSDT 4h: 当前价格=2588.01, EMA25=2525.12, EMA60=2499.74, EMA120=2490.48, 趋势=上涨趋势
[2025-07-07 05:37:56] ETHUSDT 1d: 当前价格=2588.89, EMA25=2494.20, EMA60=2430.04, EMA120=2401.77, 趋势=上涨趋势
==============================

===== 趋势分析结果 (2025-07-07 05:52:56) =====
[2025-07-07 05:52:53] BTCUSDT 15m: 当前价格=108998.60, EMA25=108726.79, EMA60=108513.36, EMA120=108352.99, 趋势=上涨趋势
[2025-07-07 05:52:54] BTCUSDT 1h: 当前价格=108999.90, EMA25=108394.69, EMA60=108298.36, EMA120=108150.93, 趋势=上涨趋势
[2025-07-07 05:52:54] BTCUSDT 4h: 当前价格=108999.90, EMA25=108237.74, EMA60=107660.03, EMA120=106918.50, 趋势=上涨趋势
[2025-07-07 05:52:55] BTCUSDT 1d: 当前价格=108999.90, EMA25=106747.18, EMA60=104120.77, EMA120=99920.06, 趋势=上涨趋势
[2025-07-07 05:52:55] ETHUSDT 15m: 当前价格=2582.49, EMA25=2550.23, EMA60=2538.63, EMA120=2529.87, 趋势=上涨趋势
[2025-07-07 05:52:55] ETHUSDT 1h: 当前价格=2582.34, EMA25=2533.49, EMA60=2527.24, EMA120=2517.91, 趋势=上涨趋势
[2025-07-07 05:52:56] ETHUSDT 4h: 当前价格=2582.35, EMA25=2524.68, EMA60=2499.55, EMA120=2490.39, 趋势=上涨趋势
[2025-07-07 05:52:56] ETHUSDT 1d: 当前价格=2582.35, EMA25=2493.69, EMA60=2429.82, EMA120=2401.66, 趋势=上涨趋势
==============================

===== 趋势分析结果 (2025-07-07 06:07:55) =====
[2025-07-07 06:07:52] BTCUSDT 15m: 当前价格=109356.00, EMA25=108786.78, EMA60=108546.17, EMA120=108372.22, 趋势=上涨趋势
[2025-07-07 06:07:53] BTCUSDT 1h: 当前价格=109355.90, EMA25=108480.12, EMA60=108338.17, EMA120=108173.49, 趋势=上涨趋势
[2025-07-07 06:07:53] BTCUSDT 4h: 当前价格=109356.00, EMA25=108265.13, EMA60=107671.71, EMA120=106924.39, 趋势=上涨趋势
[2025-07-07 06:07:53] BTCUSDT 1d: 当前价格=109356.00, EMA25=106774.57, EMA60=104132.45, EMA120=99925.95, 趋势=上涨趋势
[2025-07-07 06:07:54] ETHUSDT 15m: 当前价格=2597.02, EMA25=2554.14, EMA60=2540.68, EMA120=2531.05, 趋势=上涨趋势
[2025-07-07 06:07:54] ETHUSDT 1h: 当前价格=2597.03, EMA25=2538.70, EMA60=2529.67, EMA120=2519.29, 趋势=上涨趋势
[2025-07-07 06:07:55] ETHUSDT 4h: 当前价格=2597.29, EMA25=2525.83, EMA60=2500.04, EMA120=2490.64, 趋势=上涨趋势
[2025-07-07 06:07:55] ETHUSDT 1d: 当前价格=2597.10, EMA25=2494.83, EMA60=2430.31, EMA120=2401.90, 趋势=上涨趋势
==============================

===== 趋势分析结果 (2025-07-07 06:22:55) =====
[2025-07-07 06:22:52] BTCUSDT 15m: 当前价格=109320.50, EMA25=108826.55, EMA60=108570.98, EMA120=108387.59, 趋势=上涨趋势
[2025-07-07 06:22:53] BTCUSDT 1h: 当前价格=109320.50, EMA25=108477.40, EMA60=108337.01, EMA120=108172.91, 趋势=上涨趋势
[2025-07-07 06:22:53] BTCUSDT 4h: 当前价格=109320.50, EMA25=108262.40, EMA60=107670.55, EMA120=106923.80, 趋势=上涨趋势
[2025-07-07 06:22:54] BTCUSDT 1d: 当前价格=109320.60, EMA25=106771.85, EMA60=104131.28, EMA120=99925.36, 趋势=上涨趋势
[2025-07-07 06:22:54] ETHUSDT 15m: 当前价格=2594.55, EMA25=2557.12, EMA60=2542.39, EMA120=2532.07, 趋势=上涨趋势
[2025-07-07 06:22:54] ETHUSDT 1h: 当前价格=2594.50, EMA25=2538.50, EMA60=2529.59, EMA120=2519.25, 趋势=上涨趋势
[2025-07-07 06:22:55] ETHUSDT 4h: 当前价格=2594.51, EMA25=2525.62, EMA60=2499.95, EMA120=2490.59, 趋势=上涨趋势
[2025-07-07 06:22:55] ETHUSDT 1d: 当前价格=2594.50, EMA25=2494.63, EMA60=2430.22, EMA120=2401.86, 趋势=上涨趋势
==============================

===== 趋势分析结果 (2025-07-07 06:37:55) =====
[2025-07-07 06:37:52] BTCUSDT 15m: 当前价格=109259.50, EMA25=108865.63, EMA60=108596.13, EMA120=108403.32, 趋势=上涨趋势
[2025-07-07 06:37:53] BTCUSDT 1h: 当前价格=109259.60, EMA25=108472.71, EMA60=108335.01, EMA120=108171.90, 趋势=上涨趋势
[2025-07-07 06:37:53] BTCUSDT 4h: 当前价格=109259.60, EMA25=108257.72, EMA60=107668.55, EMA120=106922.79, 趋势=上涨趋势
[2025-07-07 06:37:54] BTCUSDT 1d: 当前价格=109259.50, EMA25=106767.15, EMA60=104129.28, EMA120=99924.35, 趋势=上涨趋势
[2025-07-07 06:37:54] ETHUSDT 15m: 当前价格=2588.91, EMA25=2559.81, EMA60=2544.02, EMA120=2533.07, 趋势=上涨趋势
[2025-07-07 06:37:54] ETHUSDT 1h: 当前价格=2588.80, EMA25=2538.06, EMA60=2529.40, EMA120=2519.16, 趋势=上涨趋势
[2025-07-07 06:37:55] ETHUSDT 4h: 当前价格=2588.80, EMA25=2525.18, EMA60=2499.77, EMA120=2490.50, 趋势=上涨趋势
[2025-07-07 06:37:55] ETHUSDT 1d: 当前价格=2588.91, EMA25=2494.20, EMA60=2430.04, EMA120=2401.77, 趋势=上涨趋势
==============================

===== 趋势分析结果 (2025-07-07 06:52:55) =====
[2025-07-07 06:52:52] BTCUSDT 15m: 当前价格=109225.00, EMA25=108895.13, EMA60=108617.58, EMA120=108417.32, 趋势=上涨趋势
[2025-07-07 06:52:53] BTCUSDT 1h: 当前价格=109225.10, EMA25=108470.06, EMA60=108333.88, EMA120=108171.33, 趋势=上涨趋势
[2025-07-07 06:52:53] BTCUSDT 4h: 当前价格=109225.00, EMA25=108255.06, EMA60=107667.41, EMA120=106922.22, 趋势=上涨趋势
[2025-07-07 06:52:54] BTCUSDT 1d: 当前价格=109225.00, EMA25=106764.50, EMA60=104128.15, EMA120=99923.78, 趋势=上涨趋势
[2025-07-07 06:52:54] ETHUSDT 15m: 当前价格=2583.56, EMA25=2561.46, EMA60=2545.24, EMA120=2533.86, 趋势=上涨趋势
[2025-07-07 06:52:54] ETHUSDT 1h: 当前价格=2583.56, EMA25=2537.66, EMA60=2529.23, EMA120=2519.07, 趋势=上涨趋势
[2025-07-07 06:52:55] ETHUSDT 4h: 当前价格=2583.29, EMA25=2524.76, EMA60=2499.58, EMA120=2490.41, 趋势=上涨趋势
[2025-07-07 06:52:55] ETHUSDT 1d: 当前价格=2583.56, EMA25=2493.79, EMA60=2429.86, EMA120=2401.68, 趋势=上涨趋势
==============================

===== 趋势分析结果 (2025-07-07 07:07:55) =====
[2025-07-07 07:07:52] BTCUSDT 15m: 当前价格=109151.50, EMA25=108912.00, EMA60=108633.81, EMA120=108428.80, 趋势=上涨趋势
[2025-07-07 07:07:53] BTCUSDT 1h: 当前价格=109144.10, EMA25=108519.05, EMA60=108359.17, EMA120=108186.76, 趋势=上涨趋势
[2025-07-07 07:07:53] BTCUSDT 4h: 当前价格=109155.40, EMA25=108249.70, EMA60=107665.13, EMA120=106921.07, 趋势=上涨趋势
[2025-07-07 07:07:53] BTCUSDT 1d: 当前价格=109155.40, EMA25=106759.14, EMA60=104125.87, EMA120=99922.63, 趋势=上涨趋势
[2025-07-07 07:07:54] ETHUSDT 15m: 当前价格=2571.93, EMA25=2562.13, EMA60=2546.05, EMA120=2534.46, 趋势=上涨趋势
[2025-07-07 07:07:54] ETHUSDT 1h: 当前价格=2571.70, EMA25=2540.13, EMA60=2530.56, EMA120=2519.91, 趋势=上涨趋势
[2025-07-07 07:07:55] ETHUSDT 4h: 当前价格=2572.11, EMA25=2523.90, EMA60=2499.22, EMA120=2490.22, 趋势=上涨趋势
[2025-07-07 07:07:55] ETHUSDT 1d: 当前价格=2571.93, EMA25=2492.89, EMA60=2429.48, EMA120=2401.49, 趋势=上涨趋势
==============================

===== 趋势分析结果 (2025-07-07 07:22:55) =====
[2025-07-07 07:22:52] BTCUSDT 15m: 当前价格=109080.00, EMA25=108927.26, EMA60=108649.49, EMA120=108440.10, 趋势=上涨趋势
[2025-07-07 07:22:53] BTCUSDT 1h: 当前价格=109079.90, EMA25=108514.11, EMA60=108357.06, EMA120=108185.70, 趋势=上涨趋势
[2025-07-07 07:22:53] BTCUSDT 4h: 当前价格=109079.90, EMA25=108243.90, EMA60=107662.66, EMA120=106919.82, 趋势=上涨趋势
[2025-07-07 07:22:53] BTCUSDT 1d: 当前价格=109080.00, EMA25=106753.34, EMA60=104123.40, EMA120=99921.38, 趋势=上涨趋势
[2025-07-07 07:22:54] ETHUSDT 15m: 当前价格=2567.50, EMA25=2562.55, EMA60=2546.76, EMA120=2535.01, 趋势=上涨趋势
[2025-07-07 07:22:54] ETHUSDT 1h: 当前价格=2567.66, EMA25=2539.82, EMA60=2530.43, EMA120=2519.84, 趋势=上涨趋势
[2025-07-07 07:22:55] ETHUSDT 4h: 当前价格=2567.66, EMA25=2523.55, EMA60=2499.07, EMA120=2490.15, 趋势=上涨趋势
[2025-07-07 07:22:55] ETHUSDT 1d: 当前价格=2567.50, EMA25=2492.55, EMA60=2429.34, EMA120=2401.41, 趋势=上涨趋势
==============================

===== 趋势分析结果 (2025-07-07 07:37:55) =====
[2025-07-07 07:37:52] BTCUSDT 15m: 当前价格=108999.10, EMA25=108927.48, EMA60=108658.58, EMA120=108448.13, 趋势=上涨趋势
[2025-07-07 07:37:53] BTCUSDT 1h: 当前价格=108999.20, EMA25=108507.90, EMA60=108354.42, EMA120=108184.37, 趋势=上涨趋势
[2025-07-07 07:37:53] BTCUSDT 4h: 当前价格=108999.10, EMA25=108237.68, EMA60=107660.01, EMA120=106918.49, 趋势=上涨趋势
[2025-07-07 07:37:53] BTCUSDT 1d: 当前价格=108999.10, EMA25=106747.12, EMA60=104120.74, EMA120=99920.05, 趋势=上涨趋势
[2025-07-07 07:37:54] ETHUSDT 15m: 当前价格=2563.96, EMA25=2562.41, EMA60=2547.22, EMA120=2535.43, 趋势=上涨趋势
[2025-07-07 07:37:54] ETHUSDT 1h: 当前价格=2563.96, EMA25=2539.54, EMA60=2530.30, EMA120=2519.78, 趋势=上涨趋势
[2025-07-07 07:37:55] ETHUSDT 4h: 当前价格=2563.96, EMA25=2523.27, EMA60=2498.95, EMA120=2490.09, 趋势=上涨趋势
[2025-07-07 07:37:55] ETHUSDT 1d: 当前价格=2563.96, EMA25=2492.28, EMA60=2429.22, EMA120=2401.35, 趋势=上涨趋势
==============================

===== 趋势分析结果 (2025-07-07 07:52:56) =====
[2025-07-07 07:52:52] BTCUSDT 15m: 当前价格=109231.10, EMA25=108958.67, EMA60=108680.85, EMA120=108462.87, 趋势=上涨趋势
[2025-07-07 07:52:53] BTCUSDT 1h: 当前价格=109215.10, EMA25=108524.51, EMA60=108361.50, EMA120=108187.94, 趋势=上涨趋势
[2025-07-07 07:52:54] BTCUSDT 4h: 当前价格=109215.20, EMA25=108254.30, EMA60=107667.09, EMA120=106922.06, 趋势=上涨趋势
[2025-07-07 07:52:54] BTCUSDT 1d: 当前价格=109215.10, EMA25=106763.73, EMA60=104127.83, EMA120=99923.62, 趋势=上涨趋势
[2025-07-07 07:52:54] ETHUSDT 15m: 当前价格=2571.31, EMA25=2563.52, EMA60=2548.19, EMA120=2536.12, 趋势=上涨趋势
[2025-07-07 07:52:55] ETHUSDT 1h: 当前价格=2571.31, EMA25=2540.10, EMA60=2530.55, EMA120=2519.90, 趋势=上涨趋势
[2025-07-07 07:52:55] ETHUSDT 4h: 当前价格=2571.31, EMA25=2523.83, EMA60=2499.19, EMA120=2490.21, 趋势=上涨趋势
[2025-07-07 07:52:56] ETHUSDT 1d: 当前价格=2571.31, EMA25=2492.85, EMA60=2429.46, EMA120=2401.47, 趋势=上涨趋势
==============================

===== 趋势分析结果 (2025-07-07 08:07:55) =====
[2025-07-07 08:07:52] BTCUSDT 15m: 当前价格=109104.60, EMA25=108963.84, EMA60=108692.04, EMA120=108472.09, 趋势=上涨趋势
[2025-07-07 08:07:53] BTCUSDT 1h: 当前价格=109093.10, EMA25=108563.33, EMA60=108383.29, EMA120=108201.78, 趋势=上涨趋势
[2025-07-07 08:07:53] BTCUSDT 4h: 当前价格=109093.10, EMA25=108313.90, EMA60=107711.65, EMA120=106956.87, 趋势=上涨趋势
[2025-07-07 08:07:53] BTCUSDT 1d: 当前价格=109104.60, EMA25=106938.88, EMA60=104288.80, EMA120=100074.50, 趋势=上涨趋势
[2025-07-07 08:07:54] ETHUSDT 15m: 当前价格=2572.03, EMA25=2564.02, EMA60=2548.91, EMA120=2536.67, 趋势=上涨趋势
[2025-07-07 08:07:54] ETHUSDT 1h: 当前价格=2572.03, EMA25=2542.41, EMA60=2531.84, EMA120=2520.73, 趋势=上涨趋势
[2025-07-07 08:07:55] ETHUSDT 4h: 当前价格=2572.02, EMA25=2527.39, EMA60=2501.51, EMA120=2491.53, 趋势=上涨趋势
[2025-07-07 08:07:55] ETHUSDT 1d: 当前价格=2572.03, EMA25=2498.78, EMA60=2434.07, EMA120=2404.27, 趋势=上涨趋势
==============================

===== 趋势分析结果 (2025-07-07 08:22:55) =====
[2025-07-07 08:22:52] BTCUSDT 15m: 当前价格=108959.90, EMA25=108971.63, EMA60=108704.43, EMA120=108482.01, 趋势=震荡行情
[2025-07-07 08:22:53] BTCUSDT 1h: 当前价格=108980.00, EMA25=108554.63, EMA60=108379.58, EMA120=108199.91, 趋势=上涨趋势
[2025-07-07 08:22:53] BTCUSDT 4h: 当前价格=108980.10, EMA25=108305.21, EMA60=107707.94, EMA120=106955.00, 趋势=上涨趋势
[2025-07-07 08:22:53] BTCUSDT 1d: 当前价格=108980.00, EMA25=106929.30, EMA60=104284.72, EMA120=100072.44, 趋势=上涨趋势
[2025-07-07 08:22:54] ETHUSDT 15m: 当前价格=2565.06, EMA25=2564.12, EMA60=2549.45, EMA120=2537.15, 趋势=上涨趋势
[2025-07-07 08:22:54] ETHUSDT 1h: 当前价格=2565.07, EMA25=2541.87, EMA60=2531.61, EMA120=2520.61, 趋势=上涨趋势
[2025-07-07 08:22:55] ETHUSDT 4h: 当前价格=2565.06, EMA25=2526.85, EMA60=2501.28, EMA120=2491.41, 趋势=上涨趋势
[2025-07-07 08:22:55] ETHUSDT 1d: 当前价格=2565.01, EMA25=2498.24, EMA60=2433.84, EMA120=2404.15, 趋势=上涨趋势
==============================

===== 趋势分析结果 (2025-07-07 08:37:55) =====
[2025-07-07 08:37:52] BTCUSDT 15m: 当前价格=108910.80, EMA25=108966.48, EMA60=108710.99, EMA120=108489.01, 趋势=震荡行情
[2025-07-07 08:37:53] BTCUSDT 1h: 当前价格=108910.80, EMA25=108549.30, EMA60=108377.31, EMA120=108198.77, 趋势=上涨趋势
[2025-07-07 08:37:53] BTCUSDT 4h: 当前价格=108919.60, EMA25=108300.55, EMA60=107705.96, EMA120=106954.00, 趋势=上涨趋势
[2025-07-07 08:37:53] BTCUSDT 1d: 当前价格=108910.90, EMA25=106923.98, EMA60=104282.45, EMA120=100071.30, 趋势=上涨趋势
[2025-07-07 08:37:54] ETHUSDT 15m: 当前价格=2558.70, EMA25=2563.59, EMA60=2549.70, EMA120=2537.48, 趋势=震荡行情
[2025-07-07 08:37:54] ETHUSDT 1h: 当前价格=2558.68, EMA25=2541.38, EMA60=2531.40, EMA120=2520.51, 趋势=上涨趋势
[2025-07-07 08:37:55] ETHUSDT 4h: 当前价格=2558.42, EMA25=2526.34, EMA60=2501.06, EMA120=2491.30, 趋势=上涨趋势
[2025-07-07 08:37:55] ETHUSDT 1d: 当前价格=2558.42, EMA25=2497.74, EMA60=2433.62, EMA120=2404.04, 趋势=上涨趋势
==============================

===== 趋势分析结果 (2025-07-07 08:52:55) =====
[2025-07-07 08:52:52] BTCUSDT 15m: 当前价格=108827.30, EMA25=108947.53, EMA60=108711.12, EMA120=108492.72, 趋势=震荡行情
[2025-07-07 08:52:53] BTCUSDT 1h: 当前价格=108827.30, EMA25=108542.88, EMA60=108374.57, EMA120=108197.38, 趋势=上涨趋势
[2025-07-07 08:52:53] BTCUSDT 4h: 当前价格=108837.80, EMA25=108294.26, EMA60=107703.28, EMA120=106952.65, 趋势=上涨趋势
[2025-07-07 08:52:53] BTCUSDT 1d: 当前价格=108827.30, EMA25=106917.55, EMA60=104279.71, EMA120=100069.92, 趋势=上涨趋势
[2025-07-07 08:52:54] ETHUSDT 15m: 当前价格=2561.16, EMA25=2563.42, EMA60=2550.08, EMA120=2537.87, 趋势=震荡行情
[2025-07-07 08:52:54] ETHUSDT 1h: 当前价格=2561.16, EMA25=2541.57, EMA60=2531.48, EMA120=2520.55, 趋势=上涨趋势
[2025-07-07 08:52:55] ETHUSDT 4h: 当前价格=2561.16, EMA25=2526.55, EMA60=2501.15, EMA120=2491.35, 趋势=上涨趋势
[2025-07-07 08:52:55] ETHUSDT 1d: 当前价格=2560.95, EMA25=2497.93, EMA60=2433.70, EMA120=2404.08, 趋势=上涨趋势
==============================

===== 趋势分析结果 (2025-07-07 09:07:55) =====
[2025-07-07 09:07:52] BTCUSDT 15m: 当前价格=108630.70, EMA25=108919.70, EMA60=108706.94, EMA120=108494.23, 趋势=震荡行情
[2025-07-07 09:07:53] BTCUSDT 1h: 当前价格=108630.70, EMA25=108546.18, EMA60=108381.43, EMA120=108203.76, 趋势=上涨趋势
[2025-07-07 09:07:53] BTCUSDT 4h: 当前价格=108630.60, EMA25=108278.32, EMA60=107696.48, EMA120=106949.22, 趋势=上涨趋势
[2025-07-07 09:07:54] BTCUSDT 1d: 当前价格=108630.60, EMA25=106902.42, EMA60=104273.26, EMA120=100066.67, 趋势=上涨趋势
[2025-07-07 09:07:54] ETHUSDT 15m: 当前价格=2552.67, EMA25=2562.53, EMA60=2550.14, EMA120=2538.10, 趋势=震荡行情
[2025-07-07 09:07:54] ETHUSDT 1h: 当前价格=2552.54, EMA25=2542.36, EMA60=2532.15, EMA120=2521.07, 趋势=上涨趋势
[2025-07-07 09:07:55] ETHUSDT 4h: 当前价格=2552.54, EMA25=2525.89, EMA60=2500.87, EMA120=2491.20, 趋势=上涨趋势
[2025-07-07 09:07:55] ETHUSDT 1d: 当前价格=2552.67, EMA25=2497.29, EMA60=2433.43, EMA120=2403.95, 趋势=上涨趋势
==============================

===== 趋势分析结果 (2025-07-07 09:22:57) =====
[2025-07-07 09:22:52] BTCUSDT 15m: 当前价格=108854.90, EMA25=108920.59, EMA60=108714.42, EMA120=108501.55, 趋势=震荡行情
[2025-07-07 09:22:53] BTCUSDT 1h: 当前价格=108855.00, EMA25=108563.43, EMA60=108388.78, EMA120=108207.47, 趋势=上涨趋势
[2025-07-07 09:22:53] BTCUSDT 4h: 当前价格=108854.90, EMA25=108295.58, EMA60=107703.84, EMA120=106952.93, 趋势=上涨趋势
[2025-07-07 09:22:53] BTCUSDT 1d: 当前价格=108855.00, EMA25=106919.68, EMA60=104280.62, EMA120=100070.38, 趋势=上涨趋势
[2025-07-07 09:22:54] ETHUSDT 15m: 当前价格=2558.81, EMA25=2562.38, EMA60=2550.49, EMA120=2538.48, 趋势=震荡行情
[2025-07-07 09:22:54] ETHUSDT 1h: 当前价格=2558.81, EMA25=2542.84, EMA60=2532.35, EMA120=2521.17, 趋势=上涨趋势
[2025-07-07 09:22:57] ETHUSDT 4h: 当前价格=2558.74, EMA25=2526.37, EMA60=2501.08, EMA120=2491.31, 趋势=上涨趋势
[2025-07-07 09:22:57] ETHUSDT 1d: 当前价格=2558.74, EMA25=2497.76, EMA60=2433.63, EMA120=2404.05, 趋势=上涨趋势
==============================

===== 趋势分析结果 (2025-07-07 09:38:03) =====
[2025-07-07 09:37:52] BTCUSDT 15m: 当前价格=109000.30, EMA25=108927.55, EMA60=108724.16, EMA120=108509.99, 趋势=上涨趋势
[2025-07-07 09:37:59] BTCUSDT 1h: 当前价格=109000.30, EMA25=108574.61, EMA60=108393.54, EMA120=108209.87, 趋势=上涨趋势
[2025-07-07 09:37:59] BTCUSDT 4h: 当前价格=109000.20, EMA25=108306.75, EMA60=107708.60, EMA120=106955.33, 趋势=上涨趋势
[2025-07-07 09:38:00] BTCUSDT 1d: 当前价格=109000.30, EMA25=106930.86, EMA60=104285.38, EMA120=100072.78, 趋势=上涨趋势
[2025-07-07 09:38:02] ETHUSDT 15m: 当前价格=2562.31, EMA25=2562.45, EMA60=2550.90, EMA120=2538.89, 趋势=震荡行情
[2025-07-07 09:38:02] ETHUSDT 1h: 当前价格=2562.01, EMA25=2543.08, EMA60=2532.46, EMA120=2521.22, 趋势=上涨趋势
[2025-07-07 09:38:03] ETHUSDT 4h: 当前价格=2562.15, EMA25=2526.63, EMA60=2501.19, EMA120=2491.36, 趋势=上涨趋势
[2025-07-07 09:38:03] ETHUSDT 1d: 当前价格=2562.14, EMA25=2498.02, EMA60=2433.74, EMA120=2404.10, 趋势=上涨趋势
==============================

===== 趋势分析结果 (2025-07-07 10:27:34) =====
[2025-07-07 10:26:58] BTCUSDT 15m: 当前价格=109397.40, EMA25=108999.52, EMA60=108774.94, EMA120=108546.37, 趋势=上涨趋势
[2025-07-07 10:27:31] BTCUSDT 4h: 当前价格=109421.50, EMA25=108339.16, EMA60=107722.41, EMA120=106962.30, 趋势=上涨趋势
[2025-07-07 10:27:32] BTCUSDT 1d: 当前价格=109421.50, EMA25=106963.26, EMA60=104299.19, EMA120=100079.74, 趋势=上涨趋势
[2025-07-07 10:27:32] ETHUSDT 15m: 当前价格=2579.98, EMA25=2564.67, EMA60=2552.97, EMA120=2540.53, 趋势=上涨趋势
[2025-07-07 10:27:33] ETHUSDT 1h: 当前价格=2579.97, EMA25=2545.94, EMA60=2534.02, EMA120=2522.20, 趋势=上涨趋势
[2025-07-07 10:27:34] ETHUSDT 4h: 当前价格=2579.97, EMA25=2528.00, EMA60=2501.77, EMA120=2491.66, 趋势=上涨趋势
[2025-07-07 10:27:34] ETHUSDT 1d: 当前价格=2579.99, EMA25=2499.39, EMA60=2434.33, EMA120=2404.40, 趋势=上涨趋势
==============================

===== 趋势分析结果 (2025-07-07 10:37:56) =====
[2025-07-07 10:37:53] BTCUSDT 15m: 当前价格=109348.50, EMA25=109026.55, EMA60=108793.83, EMA120=108559.69, 趋势=上涨趋势
[2025-07-07 10:37:54] BTCUSDT 1h: 当前价格=109348.50, EMA25=108631.70, EMA60=108423.77, EMA120=108228.13, 趋势=上涨趋势
[2025-07-07 10:37:54] BTCUSDT 4h: 当前价格=109326.80, EMA25=108331.88, EMA60=107719.31, EMA120=106960.73, 趋势=上涨趋势
[2025-07-07 10:37:54] BTCUSDT 1d: 当前价格=109330.10, EMA25=106956.23, EMA60=104296.19, EMA120=100078.23, 趋势=上涨趋势
[2025-07-07 10:37:55] ETHUSDT 15m: 当前价格=2573.55, EMA25=2565.22, EMA60=2553.58, EMA120=2541.04, 趋势=上涨趋势
[2025-07-07 10:37:55] ETHUSDT 1h: 当前价格=2573.74, EMA25=2545.46, EMA60=2533.82, EMA120=2522.09, 趋势=上涨趋势
[2025-07-07 10:37:56] ETHUSDT 4h: 当前价格=2573.55, EMA25=2527.50, EMA60=2501.56, EMA120=2491.55, 趋势=上涨趋势
[2025-07-07 10:37:56] ETHUSDT 1d: 当前价格=2573.55, EMA25=2498.90, EMA60=2434.12, EMA120=2404.29, 趋势=上涨趋势
==============================

===== 趋势分析结果 (2025-07-07 10:53:24) =====
[2025-07-07 10:53:19] BTCUSDT 4h: 当前价格=109349.90, EMA25=108333.65, EMA60=107720.07, EMA120=106961.11, 趋势=上涨趋势
[2025-07-07 10:53:21] BTCUSDT 1d: 当前价格=109349.90, EMA25=106957.75, EMA60=104296.84, EMA120=100078.56, 趋势=上涨趋势
[2025-07-07 10:53:22] ETHUSDT 15m: 当前价格=2576.47, EMA25=2566.60, EMA60=2554.56, EMA120=2541.74, 趋势=上涨趋势
[2025-07-07 10:53:23] ETHUSDT 1h: 当前价格=2576.48, EMA25=2545.67, EMA60=2533.91, EMA120=2522.14, 趋势=上涨趋势
[2025-07-07 10:53:23] ETHUSDT 4h: 当前价格=2576.50, EMA25=2527.73, EMA60=2501.66, EMA120=2491.60, 趋势=上涨趋势
[2025-07-07 10:53:24] ETHUSDT 1d: 当前价格=2576.50, EMA25=2499.13, EMA60=2434.21, EMA120=2404.34, 趋势=上涨趋势
==============================

===== 趋势分析结果 (2025-07-07 11:07:56) =====
[2025-07-07 11:07:53] BTCUSDT 15m: 当前价格=109408.00, EMA25=109081.23, EMA60=108832.78, EMA120=108587.21, 趋势=上涨趋势
[2025-07-07 11:07:53] BTCUSDT 1h: 当前价格=109408.10, EMA25=108688.56, EMA60=108454.76, EMA120=108246.96, 趋势=上涨趋势
[2025-07-07 11:07:54] BTCUSDT 4h: 当前价格=109408.10, EMA25=108338.13, EMA60=107721.97, EMA120=106962.07, 趋势=上涨趋势
[2025-07-07 11:07:54] BTCUSDT 1d: 当前价格=109408.00, EMA25=106962.22, EMA60=104298.75, EMA120=100079.52, 趋势=上涨趋势
[2025-07-07 11:07:55] ETHUSDT 15m: 当前价格=2577.10, EMA25=2567.34, EMA60=2555.27, EMA120=2542.31, 趋势=上涨趋势
[2025-07-07 11:07:55] ETHUSDT 1h: 当前价格=2577.10, EMA25=2548.02, EMA60=2535.29, EMA120=2523.03, 趋势=上涨趋势
[2025-07-07 11:07:56] ETHUSDT 4h: 当前价格=2577.19, EMA25=2527.78, EMA60=2501.68, EMA120=2491.61, 趋势=上涨趋势
[2025-07-07 11:07:56] ETHUSDT 1d: 当前价格=2577.10, EMA25=2499.17, EMA60=2434.23, EMA120=2404.35, 趋势=上涨趋势
==============================

===== 趋势分析结果 (2025-07-07 11:23:05) =====
[2025-07-07 11:22:52] BTCUSDT 15m: 当前价格=109404.90, EMA25=109102.29, EMA60=108849.82, EMA120=108599.86, 趋势=上涨趋势
[2025-07-07 11:22:54] BTCUSDT 1h: 当前价格=109405.00, EMA25=108688.32, EMA60=108454.66, EMA120=108246.91, 趋势=上涨趋势
[2025-07-07 11:22:54] BTCUSDT 4h: 当前价格=109404.90, EMA25=108337.88, EMA60=107721.87, EMA120=106962.02, 趋势=上涨趋势
[2025-07-07 11:22:56] BTCUSDT 1d: 当前价格=109405.00, EMA25=106961.99, EMA60=104298.65, EMA120=100079.47, 趋势=上涨趋势
[2025-07-07 11:22:58] ETHUSDT 15m: 当前价格=2575.49, EMA25=2567.72, EMA60=2555.82, EMA120=2542.80, 趋势=上涨趋势
[2025-07-07 11:22:59] ETHUSDT 1h: 当前价格=2575.48, EMA25=2547.90, EMA60=2535.24, EMA120=2523.00, 趋势=上涨趋势
[2025-07-07 11:23:00] ETHUSDT 4h: 当前价格=2575.49, EMA25=2527.65, EMA60=2501.62, EMA120=2491.58, 趋势=上涨趋势
[2025-07-07 11:23:05] ETHUSDT 1d: 当前价格=2575.48, EMA25=2499.05, EMA60=2434.18, EMA120=2404.32, 趋势=上涨趋势
==============================

===== 趋势分析结果 (2025-07-07 11:37:56) =====
[2025-07-07 11:37:52] BTCUSDT 15m: 当前价格=109546.50, EMA25=109148.81, EMA60=108878.18, EMA120=108618.35, 趋势=上涨趋势
[2025-07-07 11:37:53] BTCUSDT 1h: 当前价格=109550.60, EMA25=108699.52, EMA60=108459.43, EMA120=108249.32, 趋势=上涨趋势
[2025-07-07 11:37:53] BTCUSDT 4h: 当前价格=109552.70, EMA25=108349.25, EMA60=107726.72, EMA120=106964.46, 趋势=上涨趋势
[2025-07-07 11:37:54] BTCUSDT 1d: 当前价格=109550.60, EMA25=106973.19, EMA60=104303.42, EMA120=100081.87, 趋势=上涨趋势
[2025-07-07 11:37:54] ETHUSDT 15m: 当前价格=2585.00, EMA25=2569.75, EMA60=2557.09, EMA120=2543.66, 趋势=上涨趋势
[2025-07-07 11:37:55] ETHUSDT 1h: 当前价格=2585.00, EMA25=2548.63, EMA60=2535.55, EMA120=2523.16, 趋势=上涨趋势
[2025-07-07 11:37:55] ETHUSDT 4h: 当前价格=2584.73, EMA25=2528.36, EMA60=2501.93, EMA120=2491.74, 趋势=上涨趋势
[2025-07-07 11:37:56] ETHUSDT 1d: 当前价格=2584.88, EMA25=2499.77, EMA60=2434.49, EMA120=2404.48, 趋势=上涨趋势
==============================

===== 趋势分析结果 (2025-07-07 11:52:55) =====
[2025-07-07 11:52:52] BTCUSDT 15m: 当前价格=109357.80, EMA25=109161.15, EMA60=108892.23, EMA120=108629.74, 趋势=上涨趋势
[2025-07-07 11:52:53] BTCUSDT 1h: 当前价格=109357.80, EMA25=108684.69, EMA60=108453.11, EMA120=108246.13, 趋势=上涨趋势
[2025-07-07 11:52:53] BTCUSDT 4h: 当前价格=109357.80, EMA25=108334.26, EMA60=107720.33, EMA120=106961.24, 趋势=上涨趋势
[2025-07-07 11:52:54] BTCUSDT 1d: 当前价格=109357.80, EMA25=106958.36, EMA60=104297.10, EMA120=100078.69, 趋势=上涨趋势
[2025-07-07 11:52:54] ETHUSDT 15m: 当前价格=2575.77, EMA25=2569.82, EMA60=2557.53, EMA120=2544.11, 趋势=上涨趋势
[2025-07-07 11:52:54] ETHUSDT 1h: 当前价格=2575.99, EMA25=2547.94, EMA60=2535.26, EMA120=2523.01, 趋势=上涨趋势
[2025-07-07 11:52:55] ETHUSDT 4h: 当前价格=2575.73, EMA25=2527.67, EMA60=2501.63, EMA120=2491.59, 趋势=上涨趋势
[2025-07-07 11:52:55] ETHUSDT 1d: 当前价格=2576.00, EMA25=2499.09, EMA60=2434.20, EMA120=2404.33, 趋势=上涨趋势
==============================

===== 趋势分析结果 (2025-07-07 12:08:08) =====
[2025-07-07 12:07:53] BTCUSDT 15m: 当前价格=109330.20, EMA25=109173.52, EMA60=108906.31, EMA120=108641.19, 趋势=上涨趋势
[2025-07-07 12:07:55] BTCUSDT 1h: 当前价格=109330.20, EMA25=108733.71, EMA60=108481.58, EMA120=108263.90, 趋势=上涨趋势
[2025-07-07 12:08:02] BTCUSDT 4h: 当前价格=109330.00, EMA25=108410.22, EMA60=107772.82, EMA120=107000.30, 趋势=上涨趋势
[2025-07-07 12:08:04] BTCUSDT 1d: 当前价格=109330.00, EMA25=106956.22, EMA60=104296.19, EMA120=100078.23, 趋势=上涨趋势
[2025-07-07 12:08:06] ETHUSDT 15m: 当前价格=2576.84, EMA25=2570.40, EMA60=2558.18, EMA120=2544.66, 趋势=上涨趋势
[2025-07-07 12:08:06] ETHUSDT 1h: 当前价格=2576.84, EMA25=2550.18, EMA60=2536.63, EMA120=2523.91, 趋势=上涨趋势
[2025-07-07 12:08:07] ETHUSDT 4h: 当前价格=2576.84, EMA25=2531.50, EMA60=2504.12, EMA120=2493.01, 趋势=上涨趋势
[2025-07-07 12:08:08] ETHUSDT 1d: 当前价格=2576.84, EMA25=2499.15, EMA60=2434.22, EMA120=2404.34, 趋势=上涨趋势
==============================

===== 趋势分析结果 (2025-07-07 12:22:55) =====
[2025-07-07 12:22:52] BTCUSDT 15m: 当前价格=109196.30, EMA25=109172.13, EMA60=108914.42, EMA120=108649.66, 趋势=上涨趋势
[2025-07-07 12:22:52] BTCUSDT 1h: 当前价格=109196.20, EMA25=108723.40, EMA60=108477.19, EMA120=108261.68, 趋势=上涨趋势
[2025-07-07 12:22:53] BTCUSDT 4h: 当前价格=109196.30, EMA25=108399.94, EMA60=107768.44, EMA120=106998.09, 趋势=上涨趋势
[2025-07-07 12:22:54] BTCUSDT 1d: 当前价格=109196.30, EMA25=106945.93, EMA60=104291.81, EMA120=100076.02, 趋势=上涨趋势
[2025-07-07 12:22:54] ETHUSDT 15m: 当前价格=2573.26, EMA25=2570.44, EMA60=2558.59, EMA120=2545.09, 趋势=上涨趋势
[2025-07-07 12:22:55] ETHUSDT 1h: 当前价格=2573.26, EMA25=2549.91, EMA60=2536.51, EMA120=2523.85, 趋势=上涨趋势
[2025-07-07 12:22:55] ETHUSDT 4h: 当前价格=2573.27, EMA25=2531.22, EMA60=2504.00, EMA120=2492.95, 趋势=上涨趋势
[2025-07-07 12:22:55] ETHUSDT 1d: 当前价格=2573.27, EMA25=2498.88, EMA60=2434.11, EMA120=2404.29, 趋势=上涨趋势
==============================

===== 趋势分析结果 (2025-07-07 12:38:13) =====
[2025-07-07 12:38:01] BTCUSDT 1h: 当前价格=109161.90, EMA25=108720.77, EMA60=108476.07, EMA120=108261.12, 趋势=上涨趋势
[2025-07-07 12:38:05] BTCUSDT 4h: 当前价格=109161.90, EMA25=108397.29, EMA60=107767.31, EMA120=106997.52, 趋势=上涨趋势
[2025-07-07 12:38:10] BTCUSDT 1d: 当前价格=109161.90, EMA25=106943.29, EMA60=104290.68, EMA120=100075.45, 趋势=上涨趋势
[2025-07-07 12:38:10] ETHUSDT 15m: 当前价格=2574.13, EMA25=2570.79, EMA60=2559.13, EMA120=2545.58, 趋势=上涨趋势
[2025-07-07 12:38:10] ETHUSDT 1h: 当前价格=2574.13, EMA25=2549.98, EMA60=2536.54, EMA120=2523.86, 趋势=上涨趋势
[2025-07-07 12:38:11] ETHUSDT 4h: 当前价格=2574.13, EMA25=2531.29, EMA60=2504.03, EMA120=2492.96, 趋势=上涨趋势
[2025-07-07 12:38:13] ETHUSDT 1d: 当前价格=2574.13, EMA25=2498.94, EMA60=2434.13, EMA120=2404.30, 趋势=上涨趋势
==============================

===== 趋势分析结果 (2025-07-07 12:52:54) =====
[2025-07-07 12:52:52] BTCUSDT 15m: 当前价格=109080.10, EMA25=109158.34, EMA60=108925.01, EMA120=108663.75, 趋势=震荡行情
[2025-07-07 12:52:52] BTCUSDT 1h: 当前价格=109080.00, EMA25=108714.47, EMA60=108473.38, EMA120=108259.76, 趋势=上涨趋势
[2025-07-07 12:52:53] BTCUSDT 4h: 当前价格=109080.00, EMA25=108390.99, EMA60=107764.62, EMA120=106996.16, 趋势=上涨趋势
[2025-07-07 12:52:53] BTCUSDT 1d: 当前价格=109080.00, EMA25=106936.99, EMA60=104287.99, EMA120=100074.09, 趋势=上涨趋势
[2025-07-07 12:52:53] ETHUSDT 15m: 当前价格=2571.62, EMA25=2570.57, EMA60=2559.42, EMA120=2545.95, 趋势=上涨趋势
[2025-07-07 12:52:54] ETHUSDT 1h: 当前价格=2571.62, EMA25=2549.78, EMA60=2536.46, EMA120=2523.82, 趋势=上涨趋势
[2025-07-07 12:52:54] ETHUSDT 4h: 当前价格=2571.62, EMA25=2531.10, EMA60=2503.95, EMA120=2492.92, 趋势=上涨趋势
[2025-07-07 12:52:54] ETHUSDT 1d: 当前价格=2571.62, EMA25=2498.75, EMA60=2434.05, EMA120=2404.26, 趋势=上涨趋势
==============================

===== 趋势分析结果 (2025-07-07 13:07:54) =====
[2025-07-07 13:07:52] BTCUSDT 15m: 当前价格=109087.20, EMA25=109151.67, EMA60=108929.79, EMA120=108670.49, 趋势=震荡行情
[2025-07-07 13:07:52] BTCUSDT 1h: 当前价格=109087.20, EMA25=108741.94, EMA60=108492.97, EMA120=108273.16, 趋势=上涨趋势
[2025-07-07 13:07:53] BTCUSDT 4h: 当前价格=109087.30, EMA25=108391.55, EMA60=107764.86, EMA120=106996.28, 趋势=上涨趋势
[2025-07-07 13:07:53] BTCUSDT 1d: 当前价格=109087.30, EMA25=106937.55, EMA60=104288.23, EMA120=100074.21, 趋势=上涨趋势
[2025-07-07 13:07:54] ETHUSDT 15m: 当前价格=2574.33, EMA25=2570.91, EMA60=2559.93, EMA120=2546.43, 趋势=上涨趋势
[2025-07-07 13:07:54] ETHUSDT 1h: 当前价格=2573.92, EMA25=2551.69, EMA60=2537.71, EMA120=2524.66, 趋势=上涨趋势
[2025-07-07 13:07:54] ETHUSDT 4h: 当前价格=2574.33, EMA25=2531.30, EMA60=2504.04, EMA120=2492.97, 趋势=上涨趋势
[2025-07-07 13:07:54] ETHUSDT 1d: 当前价格=2573.91, EMA25=2498.93, EMA60=2434.13, EMA120=2404.30, 趋势=上涨趋势
==============================

===== 趋势分析结果 (2025-07-07 13:22:54) =====
[2025-07-07 13:22:52] BTCUSDT 15m: 当前价格=109091.50, EMA25=109147.94, EMA60=108935.49, EMA120=108677.67, 趋势=震荡行情
[2025-07-07 13:22:52] BTCUSDT 1h: 当前价格=109091.50, EMA25=108742.27, EMA60=108493.11, EMA120=108273.23, 趋势=上涨趋势
[2025-07-07 13:22:53] BTCUSDT 4h: 当前价格=109091.50, EMA25=108391.88, EMA60=107765.00, EMA120=106996.35, 趋势=上涨趋势
[2025-07-07 13:22:53] BTCUSDT 1d: 当前价格=109091.50, EMA25=106937.87, EMA60=104288.37, EMA120=100074.28, 趋势=上涨趋势
[2025-07-07 13:22:53] ETHUSDT 15m: 当前价格=2572.76, EMA25=2571.08, EMA60=2560.36, EMA120=2546.87, 趋势=上涨趋势
[2025-07-07 13:22:53] ETHUSDT 1h: 当前价格=2572.77, EMA25=2551.60, EMA60=2537.67, EMA120=2524.64, 趋势=上涨趋势
[2025-07-07 13:22:54] ETHUSDT 4h: 当前价格=2572.76, EMA25=2531.18, EMA60=2503.98, EMA120=2492.94, 趋势=上涨趋势
[2025-07-07 13:22:54] ETHUSDT 1d: 当前价格=2572.76, EMA25=2498.84, EMA60=2434.09, EMA120=2404.28, 趋势=上涨趋势
==============================

===== 趋势分析结果 (2025-07-07 14:55:16) =====
[2025-07-07 14:55:14] BTCUSDT 1h: 当前价格=108750.30, EMA25=108738.37, EMA60=108499.53, EMA120=108280.07, 趋势=上涨趋势
[2025-07-07 14:55:14] BTCUSDT 4h: 当前价格=108750.30, EMA25=108365.63, EMA60=107753.81, EMA120=106990.71, 趋势=上涨趋势
[2025-07-07 14:55:14] BTCUSDT 1d: 当前价格=108750.30, EMA25=106911.63, EMA60=104277.18, EMA120=100068.64, 趋势=上涨趋势
[2025-07-07 14:55:15] ETHUSDT 15m: 当前价格=2564.50, EMA25=2569.97, EMA60=2561.81, EMA120=2548.92, 趋势=震荡行情
[2025-07-07 14:55:15] ETHUSDT 1h: 当前价格=2564.38, EMA25=2552.27, EMA60=2538.41, EMA120=2525.23, 趋势=上涨趋势
[2025-07-07 14:55:15] ETHUSDT 4h: 当前价格=2564.38, EMA25=2530.54, EMA60=2503.71, EMA120=2492.80, 趋势=上涨趋势
[2025-07-07 14:55:16] ETHUSDT 1d: 当前价格=2564.38, EMA25=2498.19, EMA60=2433.82, EMA120=2404.14, 趋势=上涨趋势
==============================

===== 趋势分析结果 (2025-07-07 15:07:56) =====
[2025-07-07 15:07:53] BTCUSDT 15m: 当前价格=108711.00, EMA25=109043.94, EMA60=108932.06, EMA120=108704.91, 趋势=震荡行情
[2025-07-07 15:07:54] BTCUSDT 1h: 当前价格=108711.10, EMA25=108735.05, EMA60=108505.92, EMA120=108286.91, 趋势=震荡行情
[2025-07-07 15:07:54] BTCUSDT 4h: 当前价格=108711.00, EMA25=108362.61, EMA60=107752.52, EMA120=106990.06, 趋势=上涨趋势
[2025-07-07 15:07:54] BTCUSDT 1d: 当前价格=108711.00, EMA25=106908.60, EMA60=104275.90, EMA120=100068.00, 趋势=上涨趋势
[2025-07-07 15:07:55] ETHUSDT 15m: 当前价格=2560.84, EMA25=2569.27, EMA60=2561.78, EMA120=2549.12, 趋势=震荡行情
[2025-07-07 15:07:55] ETHUSDT 1h: 当前价格=2560.80, EMA25=2552.93, EMA60=2539.15, EMA120=2525.82, 趋势=上涨趋势
[2025-07-07 15:07:55] ETHUSDT 4h: 当前价格=2561.16, EMA25=2530.29, EMA60=2503.60, EMA120=2492.75, 趋势=上涨趋势
[2025-07-07 15:07:56] ETHUSDT 1d: 当前价格=2560.84, EMA25=2497.92, EMA60=2433.70, EMA120=2404.08, 趋势=上涨趋势
==============================

===== 趋势分析结果 (2025-07-07 15:22:55) =====
[2025-07-07 15:22:52] BTCUSDT 15m: 当前价格=108900.00, EMA25=109041.20, EMA60=108934.73, EMA120=108710.06, 趋势=震荡行情
[2025-07-07 15:22:53] BTCUSDT 1h: 当前价格=108899.90, EMA25=108749.57, EMA60=108512.11, EMA120=108290.03, 趋势=上涨趋势
[2025-07-07 15:22:53] BTCUSDT 4h: 当前价格=108899.90, EMA25=108377.14, EMA60=107758.72, EMA120=106993.19, 趋势=上涨趋势
[2025-07-07 15:22:54] BTCUSDT 1d: 当前价格=108899.90, EMA25=106923.13, EMA60=104282.09, EMA120=100071.12, 趋势=上涨趋势
[2025-07-07 15:22:54] ETHUSDT 15m: 当前价格=2569.36, EMA25=2569.84, EMA60=2562.28, EMA120=2549.58, 趋势=震荡行情
[2025-07-07 15:22:54] ETHUSDT 1h: 当前价格=2569.36, EMA25=2553.59, EMA60=2539.43, EMA120=2525.96, 趋势=上涨趋势
[2025-07-07 15:22:55] ETHUSDT 4h: 当前价格=2569.37, EMA25=2530.92, EMA60=2503.87, EMA120=2492.88, 趋势=上涨趋势
[2025-07-07 15:22:55] ETHUSDT 1d: 当前价格=2569.36, EMA25=2498.58, EMA60=2433.98, EMA120=2404.22, 趋势=上涨趋势
==============================

===== 趋势分析结果 (2025-07-07 15:37:55) =====
[2025-07-07 15:37:52] BTCUSDT 15m: 当前价格=108898.70, EMA25=109027.89, EMA60=108932.50, EMA120=108712.66, 趋势=震荡行情
[2025-07-07 15:37:52] BTCUSDT 1h: 当前价格=108898.70, EMA25=108749.48, EMA60=108512.07, EMA120=108290.01, 趋势=上涨趋势
[2025-07-07 15:37:53] BTCUSDT 4h: 当前价格=108898.60, EMA25=108377.04, EMA60=107758.68, EMA120=106993.16, 趋势=上涨趋势
[2025-07-07 15:37:53] BTCUSDT 1d: 当前价格=108898.70, EMA25=106923.04, EMA60=104282.05, EMA120=100071.10, 趋势=上涨趋势
[2025-07-07 15:37:54] ETHUSDT 15m: 当前价格=2572.25, EMA25=2570.00, EMA60=2562.59, EMA120=2549.95, 趋势=上涨趋势
[2025-07-07 15:37:54] ETHUSDT 1h: 当前价格=2572.58, EMA25=2553.84, EMA60=2539.53, EMA120=2526.01, 趋势=上涨趋势
[2025-07-07 15:37:54] ETHUSDT 4h: 当前价格=2572.37, EMA25=2531.15, EMA60=2503.97, EMA120=2492.93, 趋势=上涨趋势
[2025-07-07 15:37:55] ETHUSDT 1d: 当前价格=2572.59, EMA25=2498.83, EMA60=2434.08, EMA120=2404.27, 趋势=上涨趋势
==============================

===== 趋势分析结果 (2025-07-07 15:52:53) =====
[2025-07-07 15:52:52] BTCUSDT 15m: 当前价格=108949.00, EMA25=109020.99, EMA60=108932.67, EMA120=108716.39, 趋势=震荡行情
[2025-07-07 15:52:52] BTCUSDT 1h: 当前价格=108959.70, EMA25=108754.17, EMA60=108514.07, EMA120=108291.02, 趋势=上涨趋势
[2025-07-07 15:52:52] BTCUSDT 4h: 当前价格=108959.70, EMA25=108381.74, EMA60=107760.68, EMA120=106994.17, 趋势=上涨趋势
[2025-07-07 15:52:52] BTCUSDT 1d: 当前价格=108949.00, EMA25=106926.91, EMA60=104283.70, EMA120=100071.93, 趋势=上涨趋势
[2025-07-07 15:52:53] ETHUSDT 15m: 当前价格=2576.74, EMA25=2570.57, EMA60=2563.08, EMA120=2550.41, 趋势=上涨趋势
[2025-07-07 15:52:53] ETHUSDT 1h: 当前价格=2576.69, EMA25=2554.16, EMA60=2539.67, EMA120=2526.08, 趋势=上涨趋势
[2025-07-07 15:52:53] ETHUSDT 4h: 当前价格=2576.69, EMA25=2531.49, EMA60=2504.11, EMA120=2493.00, 趋势=上涨趋势
[2025-07-07 15:52:53] ETHUSDT 1d: 当前价格=2576.69, EMA25=2499.14, EMA60=2434.22, EMA120=2404.34, 趋势=上涨趋势
==============================

===== 趋势分析结果 (2025-07-07 16:07:53) =====
[2025-07-07 16:07:52] BTCUSDT 15m: 当前价格=108989.80, EMA25=109023.37, EMA60=108936.68, EMA120=108722.02, 趋势=震荡行情
[2025-07-07 16:07:52] BTCUSDT 1h: 当前价格=108989.80, EMA25=108776.32, EMA60=108531.46, EMA120=108303.47, 趋势=上涨趋势
[2025-07-07 16:07:52] BTCUSDT 4h: 当前价格=108989.80, EMA25=108432.53, EMA60=107802.77, EMA120=107028.11, 趋势=上涨趋势
[2025-07-07 16:07:52] BTCUSDT 1d: 当前价格=108989.90, EMA25=106930.06, EMA60=104285.04, EMA120=100072.60, 趋势=上涨趋势
[2025-07-07 16:07:53] ETHUSDT 15m: 当前价格=2575.52, EMA25=2570.99, EMA60=2563.50, EMA120=2550.83, 趋势=上涨趋势
[2025-07-07 16:07:53] ETHUSDT 1h: 当前价格=2575.67, EMA25=2555.85, EMA60=2540.87, EMA120=2526.91, 趋势=上涨趋势
[2025-07-07 16:07:53] ETHUSDT 4h: 当前价格=2575.52, EMA25=2534.92, EMA60=2506.47, EMA120=2494.38, 趋势=上涨趋势
[2025-07-07 16:07:53] ETHUSDT 1d: 当前价格=2575.67, EMA25=2499.06, EMA60=2434.19, EMA120=2404.33, 趋势=上涨趋势
==============================

===== 趋势分析结果 (2025-07-07 16:22:53) =====
[2025-07-07 16:22:51] BTCUSDT 15m: 当前价格=108859.90, EMA25=109001.10, EMA60=108929.83, EMA120=108722.08, 趋势=震荡行情
[2025-07-07 16:22:52] BTCUSDT 1h: 当前价格=108859.80, EMA25=108766.32, EMA60=108527.20, EMA120=108301.33, 趋势=上涨趋势
[2025-07-07 16:22:52] BTCUSDT 4h: 当前价格=108859.90, EMA25=108422.54, EMA60=107798.51, EMA120=107025.96, 趋势=上涨趋势
[2025-07-07 16:22:52] BTCUSDT 1d: 当前价格=108859.80, EMA25=106920.05, EMA60=104280.77, EMA120=100070.45, 趋势=上涨趋势
[2025-07-07 16:22:53] ETHUSDT 15m: 当前价格=2573.28, EMA25=2571.03, EMA60=2563.76, EMA120=2551.17, 趋势=上涨趋势
[2025-07-07 16:22:53] ETHUSDT 1h: 当前价格=2573.29, EMA25=2555.67, EMA60=2540.79, EMA120=2526.87, 趋势=上涨趋势
[2025-07-07 16:22:53] ETHUSDT 4h: 当前价格=2573.28, EMA25=2534.74, EMA60=2506.40, EMA120=2494.34, 趋势=上涨趋势
[2025-07-07 16:22:53] ETHUSDT 1d: 当前价格=2573.29, EMA25=2498.88, EMA60=2434.11, EMA120=2404.29, 趋势=上涨趋势
==============================

===== 趋势分析结果 (2025-07-07 16:37:53) =====
[2025-07-07 16:37:51] BTCUSDT 15m: 当前价格=108880.20, EMA25=108989.47, EMA60=108927.16, EMA120=108724.18, 趋势=震荡行情
[2025-07-07 16:37:52] BTCUSDT 1h: 当前价格=108880.30, EMA25=108767.89, EMA60=108527.87, EMA120=108301.66, 趋势=上涨趋势
[2025-07-07 16:37:52] BTCUSDT 4h: 当前价格=108880.30, EMA25=108424.11, EMA60=107799.18, EMA120=107026.30, 趋势=上涨趋势
[2025-07-07 16:37:52] BTCUSDT 1d: 当前价格=108880.20, EMA25=106921.62, EMA60=104281.44, EMA120=100070.79, 趋势=上涨趋势
[2025-07-07 16:37:52] ETHUSDT 15m: 当前价格=2577.31, EMA25=2571.57, EMA60=2564.23, EMA120=2551.62, 趋势=上涨趋势
[2025-07-07 16:37:53] ETHUSDT 1h: 当前价格=2577.22, EMA25=2555.97, EMA60=2540.92, EMA120=2526.93, 趋势=上涨趋势
[2025-07-07 16:37:53] ETHUSDT 4h: 当前价格=2577.22, EMA25=2535.05, EMA60=2506.53, EMA120=2494.41, 趋势=上涨趋势
[2025-07-07 16:37:53] ETHUSDT 1d: 当前价格=2577.22, EMA25=2499.18, EMA60=2434.24, EMA120=2404.35, 趋势=上涨趋势
==============================

===== 趋势分析结果 (2025-07-07 16:52:53) =====
[2025-07-07 16:52:51] BTCUSDT 15m: 当前价格=108936.60, EMA25=108992.47, EMA60=108930.63, EMA120=108729.32, 趋势=震荡行情
[2025-07-07 16:52:52] BTCUSDT 1h: 当前价格=108936.60, EMA25=108772.23, EMA60=108529.72, EMA120=108302.60, 趋势=上涨趋势
[2025-07-07 16:52:52] BTCUSDT 4h: 当前价格=108936.70, EMA25=108428.45, EMA60=107801.03, EMA120=107027.23, 趋势=上涨趋势
[2025-07-07 16:52:52] BTCUSDT 1d: 当前价格=108936.60, EMA25=106925.96, EMA60=104283.29, EMA120=100071.72, 趋势=上涨趋势
[2025-07-07 16:52:52] ETHUSDT 15m: 当前价格=2578.93, EMA25=2572.54, EMA60=2564.90, EMA120=2552.16, 趋势=上涨趋势
[2025-07-07 16:52:53] ETHUSDT 1h: 当前价格=2578.94, EMA25=2556.10, EMA60=2540.97, EMA120=2526.96, 趋势=上涨趋势
[2025-07-07 16:52:53] ETHUSDT 4h: 当前价格=2578.93, EMA25=2535.18, EMA60=2506.58, EMA120=2494.43, 趋势=上涨趋势
[2025-07-07 16:52:53] ETHUSDT 1d: 当前价格=2578.94, EMA25=2499.31, EMA60=2434.29, EMA120=2404.38, 趋势=上涨趋势
==============================

===== 趋势分析结果 (2025-07-07 17:07:53) =====
[2025-07-07 17:07:51] BTCUSDT 15m: 当前价格=108783.70, EMA25=108978.17, EMA60=108926.60, EMA120=108730.64, 趋势=震荡行情
[2025-07-07 17:07:52] BTCUSDT 1h: 当前价格=108783.80, EMA25=108774.88, EMA60=108538.83, EMA120=108310.94, 趋势=上涨趋势
[2025-07-07 17:07:52] BTCUSDT 4h: 当前价格=108783.70, EMA25=108416.68, EMA60=107796.02, EMA120=107024.70, 趋势=上涨趋势
[2025-07-07 17:07:52] BTCUSDT 1d: 当前价格=108783.70, EMA25=106914.20, EMA60=104278.28, EMA120=100069.20, 趋势=上涨趋势
[2025-07-07 17:07:52] ETHUSDT 15m: 当前价格=2578.87, EMA25=2573.41, EMA60=2565.52, EMA120=2552.69, 趋势=上涨趋势
[2025-07-07 17:07:53] ETHUSDT 1h: 当前价格=2578.87, EMA25=2558.23, EMA60=2542.38, EMA120=2527.91, 趋势=上涨趋势
[2025-07-07 17:07:53] ETHUSDT 4h: 当前价格=2578.87, EMA25=2535.17, EMA60=2506.58, EMA120=2494.43, 趋势=上涨趋势
[2025-07-07 17:07:53] ETHUSDT 1d: 当前价格=2578.87, EMA25=2499.31, EMA60=2434.29, EMA120=2404.38, 趋势=上涨趋势
==============================

===== 趋势分析结果 (2025-07-07 17:22:53) =====
[2025-07-07 17:22:51] BTCUSDT 15m: 当前价格=108789.50, EMA25=108968.06, EMA60=108924.07, EMA120=108732.63, 趋势=震荡行情
[2025-07-07 17:22:52] BTCUSDT 1h: 当前价格=108789.50, EMA25=108775.31, EMA60=108539.02, EMA120=108311.03, 趋势=上涨趋势
[2025-07-07 17:22:52] BTCUSDT 4h: 当前价格=108789.50, EMA25=108417.12, EMA60=107796.21, EMA120=107024.80, 趋势=上涨趋势
[2025-07-07 17:22:52] BTCUSDT 1d: 当前价格=108789.50, EMA25=106914.64, EMA60=104278.47, EMA120=100069.29, 趋势=上涨趋势
[2025-07-07 17:22:53] ETHUSDT 15m: 当前价格=2575.58, EMA25=2573.56, EMA60=2565.85, EMA120=2553.07, 趋势=上涨趋势
[2025-07-07 17:22:53] ETHUSDT 1h: 当前价格=2575.59, EMA25=2557.98, EMA60=2542.28, EMA120=2527.85, 趋势=上涨趋势
[2025-07-07 17:22:53] ETHUSDT 4h: 当前价格=2575.57, EMA25=2534.92, EMA60=2506.47, EMA120=2494.38, 趋势=上涨趋势
[2025-07-07 17:22:53] ETHUSDT 1d: 当前价格=2575.58, EMA25=2499.06, EMA60=2434.18, EMA120=2404.32, 趋势=上涨趋势
==============================

===== 趋势分析结果 (2025-07-07 17:37:53) =====
[2025-07-07 17:37:51] BTCUSDT 15m: 当前价格=108838.50, EMA25=108958.92, EMA60=108921.63, EMA120=108734.59, 趋势=震荡行情
[2025-07-07 17:37:52] BTCUSDT 1h: 当前价格=108838.50, EMA25=108779.08, EMA60=108540.63, EMA120=108311.84, 趋势=上涨趋势
[2025-07-07 17:37:52] BTCUSDT 4h: 当前价格=108838.50, EMA25=108420.89, EMA60=107797.81, EMA120=107025.61, 趋势=上涨趋势
[2025-07-07 17:37:52] BTCUSDT 1d: 当前价格=108838.50, EMA25=106918.41, EMA60=104280.08, EMA120=100070.10, 趋势=上涨趋势
[2025-07-07 17:37:52] ETHUSDT 15m: 当前价格=2574.99, EMA25=2573.79, EMA60=2566.20, EMA120=2553.46, 趋势=上涨趋势
[2025-07-07 17:37:53] ETHUSDT 1h: 当前价格=2575.20, EMA25=2557.95, EMA60=2542.26, EMA120=2527.85, 趋势=上涨趋势
[2025-07-07 17:37:53] ETHUSDT 4h: 当前价格=2574.99, EMA25=2534.87, EMA60=2506.46, EMA120=2494.37, 趋势=上涨趋势
[2025-07-07 17:37:53] ETHUSDT 1d: 当前价格=2574.99, EMA25=2499.01, EMA60=2434.16, EMA120=2404.31, 趋势=上涨趋势
==============================

===== 趋势分析结果 (2025-07-07 17:52:53) =====
[2025-07-07 17:52:51] BTCUSDT 15m: 当前价格=108766.00, EMA25=108945.66, EMA60=108917.24, EMA120=108735.49, 趋势=震荡行情
[2025-07-07 17:52:52] BTCUSDT 1h: 当前价格=108766.00, EMA25=108773.51, EMA60=108538.25, EMA120=108310.64, 趋势=震荡行情
[2025-07-07 17:52:52] BTCUSDT 4h: 当前价格=108765.90, EMA25=108415.31, EMA60=107795.43, EMA120=107024.41, 趋势=上涨趋势
[2025-07-07 17:52:52] BTCUSDT 1d: 当前价格=108766.00, EMA25=106912.83, EMA60=104277.70, EMA120=100068.90, 趋势=上涨趋势
[2025-07-07 17:52:52] ETHUSDT 15m: 当前价格=2569.30, EMA25=2573.42, EMA60=2566.29, EMA120=2553.71, 趋势=震荡行情
[2025-07-07 17:52:53] ETHUSDT 1h: 当前价格=2569.31, EMA25=2557.50, EMA60=2542.07, EMA120=2527.75, 趋势=上涨趋势
[2025-07-07 17:52:53] ETHUSDT 4h: 当前价格=2569.31, EMA25=2534.44, EMA60=2506.27, EMA120=2494.27, 趋势=上涨趋势
[2025-07-07 17:52:53] ETHUSDT 1d: 当前价格=2569.30, EMA25=2498.57, EMA60=2433.98, EMA120=2404.22, 趋势=上涨趋势
==============================

