===== 趋势分析结果 (2025-07-15 12:52:36) =====
==============================

===== 趋势分析结果 (2025-07-15 12:53:38) =====
[2025-07-15 12:53:38] BTCUSDT 15m: 当前价格=117383.50, EMA25=118350.74, EMA50=119081.64, 趋势=禁多
[2025-07-15 12:53:38] BTCUSDT 1h: 当前价格=117383.50, EMA25=119523.38, EMA50=119283.23, 趋势=禁多
==============================

===== 趋势分析结果 (2025-07-15 13:08:39) =====
[2025-07-15 13:08:39] BTCUSDT 15m: 当前价格=117719.90, EMA25=118309.19, EMA50=119031.94, 趋势=禁多
[2025-07-15 13:08:39] BTCUSDT 1h: 当前价格=117719.90, EMA25=119391.63, EMA50=119225.63, 趋势=禁多
==============================

===== 趋势分析结果 (2025-07-15 13:23:39) =====
[2025-07-15 13:23:39] BTCUSDT 15m: 当前价格=117507.70, EMA25=118242.56, EMA50=118969.53, 趋势=禁多
[2025-07-15 13:23:39] BTCUSDT 1h: 当前价格=117513.90, EMA25=119375.78, EMA50=119217.55, 趋势=禁多
==============================

===== 趋势分析结果 (2025-07-15 13:38:39) =====
[2025-07-15 13:38:39] BTCUSDT 15m: 当前价格=117068.70, EMA25=118153.41, EMA50=118895.59, 趋势=禁多
[2025-07-15 13:38:39] BTCUSDT 1h: 当前价格=117060.10, EMA25=119340.88, EMA50=119199.76, 趋势=禁多
==============================

===== 趋势分析结果 (2025-07-15 13:53:39) =====
[2025-07-15 13:53:39] BTCUSDT 15m: 当前价格=117159.90, EMA25=118081.83, EMA50=118830.10, 趋势=禁多
[2025-07-15 13:53:39] BTCUSDT 1h: 当前价格=117159.70, EMA25=119348.54, EMA50=119203.66, 趋势=禁多
==============================

===== 趋势分析结果 (2025-07-15 14:08:39) =====
[2025-07-15 14:08:38] BTCUSDT 15m: 当前价格=117143.90, EMA25=118021.43, EMA50=118770.21, 趋势=禁多
[2025-07-15 14:08:39] BTCUSDT 1h: 当前价格=117133.00, EMA25=119189.87, EMA50=119128.70, 趋势=禁多
==============================

===== 趋势分析结果 (2025-07-15 14:23:39) =====
[2025-07-15 14:23:38] BTCUSDT 15m: 当前价格=117125.90, EMA25=117951.16, EMA50=118704.99, 趋势=禁多
[2025-07-15 14:23:39] BTCUSDT 1h: 当前价格=117126.00, EMA25=119189.33, EMA50=119128.42, 趋势=禁多
==============================

===== 趋势分析结果 (2025-07-15 14:38:39) =====
[2025-07-15 14:38:39] BTCUSDT 15m: 当前价格=116899.90, EMA25=117863.28, EMA50=118630.48, 趋势=禁多
[2025-07-15 14:38:39] BTCUSDT 1h: 当前价格=116899.90, EMA25=119171.94, EMA50=119119.56, 趋势=禁多
==============================

===== 趋势分析结果 (2025-07-15 14:53:39) =====
[2025-07-15 14:53:39] BTCUSDT 15m: 当前价格=116914.30, EMA25=117797.06, EMA50=118566.78, 趋势=禁多
[2025-07-15 14:53:39] BTCUSDT 1h: 当前价格=116914.30, EMA25=119173.05, EMA50=119120.12, 趋势=禁多
==============================

===== 趋势分析结果 (2025-07-15 15:08:39) =====
[2025-07-15 15:08:39] BTCUSDT 15m: 当前价格=117043.60, EMA25=117748.81, EMA50=118512.19, 趋势=禁多
[2025-07-15 15:08:39] BTCUSDT 1h: 当前价格=117043.60, EMA25=119018.95, EMA50=119043.84, 趋势=禁多
==============================

===== 趋势分析结果 (2025-07-15 15:23:39) =====
[2025-07-15 15:23:38] BTCUSDT 15m: 当前价格=117032.30, EMA25=117690.78, EMA50=118452.61, 趋势=禁多
[2025-07-15 15:23:39] BTCUSDT 1h: 当前价格=117032.30, EMA25=119018.08, EMA50=119043.40, 趋势=禁多
==============================

===== 趋势分析结果 (2025-07-15 15:38:39) =====
[2025-07-15 15:38:39] BTCUSDT 15m: 当前价格=116778.70, EMA25=117615.17, EMA50=118384.08, 趋势=禁多
[2025-07-15 15:38:39] BTCUSDT 1h: 当前价格=116773.90, EMA25=118998.20, EMA50=119033.26, 趋势=禁多
==============================

===== 趋势分析结果 (2025-07-15 15:53:39) =====
[2025-07-15 15:53:38] BTCUSDT 15m: 当前价格=116692.20, EMA25=117540.85, EMA50=118315.97, 趋势=禁多
[2025-07-15 15:53:39] BTCUSDT 1h: 当前价格=116675.90, EMA25=118990.67, EMA50=119029.42, 趋势=禁多
==============================

===== 趋势分析结果 (2025-07-15 16:08:39) =====
[2025-07-15 16:08:38] BTCUSDT 15m: 当前价格=116840.30, EMA25=117492.99, EMA50=118261.30, 趋势=禁多
[2025-07-15 16:08:39] BTCUSDT 1h: 当前价格=116840.30, EMA25=118832.44, EMA50=118947.39, 趋势=禁多
==============================

===== 趋势分析结果 (2025-07-15 16:23:39) =====
[2025-07-15 16:23:39] BTCUSDT 15m: 当前价格=116736.70, EMA25=117430.88, EMA50=118199.42, 趋势=禁多
[2025-07-15 16:23:39] BTCUSDT 1h: 当前价格=116736.70, EMA25=118824.47, EMA50=118943.32, 趋势=禁多
==============================

===== 趋势分析结果 (2025-07-15 16:38:39) =====
[2025-07-15 16:38:39] BTCUSDT 15m: 当前价格=116850.00, EMA25=117392.85, EMA50=118150.04, 趋势=禁多
[2025-07-15 16:38:39] BTCUSDT 1h: 当前价格=116835.10, EMA25=118832.04, EMA50=118947.18, 趋势=禁多
==============================

===== 趋势分析结果 (2025-07-15 16:53:39) =====
[2025-07-15 16:53:39] BTCUSDT 15m: 当前价格=116825.10, EMA25=117347.26, EMA50=118097.06, 趋势=禁多
[2025-07-15 16:53:39] BTCUSDT 1h: 当前价格=116825.00, EMA25=118831.26, EMA50=118946.79, 趋势=禁多
==============================

===== 趋势分析结果 (2025-07-15 17:08:47) =====
==============================

===== 趋势分析结果 (2025-07-15 17:23:47) =====
[2025-07-15 17:23:47] BTCUSDT 1h: 当前价格=116950.90, EMA25=118682.46, EMA50=118866.31, 趋势=禁多
==============================

===== 趋势分析结果 (2025-07-15 17:38:41) =====
[2025-07-15 17:38:39] BTCUSDT 15m: 当前价格=117035.20, EMA25=117276.58, EMA50=117974.78, 趋势=禁多
[2025-07-15 17:38:41] BTCUSDT 1h: 当前价格=117035.20, EMA25=118688.95, EMA50=118869.62, 趋势=禁多
==============================

===== 趋势分析结果 (2025-07-15 17:53:45) =====
[2025-07-15 17:53:41] BTCUSDT 15m: 当前价格=116917.00, EMA25=117234.66, EMA50=117925.73, 趋势=禁多
[2025-07-15 17:53:45] BTCUSDT 1h: 当前价格=116917.00, EMA25=118679.86, EMA50=118864.98, 趋势=禁多
==============================

===== 趋势分析结果 (2025-07-15 18:08:39) =====
[2025-07-15 18:08:39] BTCUSDT 15m: 当前价格=116816.50, EMA25=117191.69, EMA50=117876.50, 趋势=禁多
[2025-07-15 18:08:39] BTCUSDT 1h: 当前价格=116816.40, EMA25=118525.71, EMA50=118778.92, 趋势=禁多
==============================

===== 趋势分析结果 (2025-07-15 18:23:39) =====
[2025-07-15 18:23:39] BTCUSDT 15m: 当前价格=116947.90, EMA25=117166.67, EMA50=117836.75, 趋势=禁多
[2025-07-15 18:23:39] BTCUSDT 1h: 当前价格=116947.90, EMA25=118535.83, EMA50=118784.07, 趋势=禁多
==============================

===== 趋势分析结果 (2025-07-15 18:38:39) =====
[2025-07-15 18:38:39] BTCUSDT 15m: 当前价格=117024.30, EMA25=117161.05, EMA50=117807.72, 趋势=禁多
[2025-07-15 18:38:39] BTCUSDT 1h: 当前价格=117024.30, EMA25=118541.71, EMA50=118787.07, 趋势=禁多
==============================

===== 趋势分析结果 (2025-07-15 18:53:39) =====
[2025-07-15 18:53:38] BTCUSDT 15m: 当前价格=117138.60, EMA25=117169.31, EMA50=117786.78, 趋势=禁多
[2025-07-15 18:53:39] BTCUSDT 1h: 当前价格=117138.70, EMA25=118550.51, EMA50=118791.55, 趋势=禁多
==============================

===== 趋势分析结果 (2025-07-15 19:08:39) =====
[2025-07-15 19:08:39] BTCUSDT 15m: 当前价格=117074.70, EMA25=117156.10, EMA50=117755.71, 趋势=禁多
[2025-07-15 19:08:39] BTCUSDT 1h: 当前价格=117037.70, EMA25=118428.19, EMA50=118719.62, 趋势=禁多
==============================

===== 趋势分析结果 (2025-07-15 19:23:39) =====
[2025-07-15 19:23:39] BTCUSDT 15m: 当前价格=116357.70, EMA25=117075.30, EMA50=117690.60, 趋势=禁多
[2025-07-15 19:23:39] BTCUSDT 1h: 当前价格=116350.00, EMA25=118375.29, EMA50=118692.65, 趋势=禁多
==============================

===== 趋势分析结果 (2025-07-15 19:38:39) =====
[2025-07-15 19:38:38] BTCUSDT 15m: 当前价格=116637.10, EMA25=117049.86, EMA50=117653.67, 趋势=禁多
[2025-07-15 19:38:39] BTCUSDT 1h: 当前价格=116637.10, EMA25=118397.38, EMA50=118703.91, 趋势=禁多
==============================

===== 趋势分析结果 (2025-07-15 19:53:39) =====
[2025-07-15 19:53:38] BTCUSDT 15m: 当前价格=117018.10, EMA25=117050.94, EMA50=117630.62, 趋势=禁多
[2025-07-15 19:53:39] BTCUSDT 1h: 当前价格=117018.10, EMA25=118426.69, EMA50=118718.85, 趋势=禁多
==============================

===== 趋势分析结果 (2025-07-15 20:08:39) =====
[2025-07-15 20:08:38] BTCUSDT 15m: 当前价格=117046.10, EMA25=117057.12, EMA50=117611.17, 趋势=禁多
[2025-07-15 20:08:39] BTCUSDT 1h: 当前价格=117046.20, EMA25=118327.05, EMA50=118656.74, 趋势=禁多
==============================

===== 趋势分析结果 (2025-07-15 20:23:39) =====
[2025-07-15 20:23:39] BTCUSDT 15m: 当前价格=116943.90, EMA25=117050.64, EMA50=117586.19, 趋势=禁多
[2025-07-15 20:23:39] BTCUSDT 1h: 当前价格=116943.80, EMA25=118319.17, EMA50=118652.72, 趋势=禁多
==============================

===== 趋势分析结果 (2025-07-15 20:38:39) =====
[2025-07-15 20:38:39] BTCUSDT 15m: 当前价格=116932.10, EMA25=117038.39, EMA50=117558.87, 趋势=禁多
[2025-07-15 20:38:39] BTCUSDT 1h: 当前价格=116932.10, EMA25=118318.27, EMA50=118652.26, 趋势=禁多
==============================

===== 趋势分析结果 (2025-07-15 20:53:39) =====
[2025-07-15 20:53:39] BTCUSDT 15m: 当前价格=117127.70, EMA25=117015.17, EMA50=117526.00, 趋势=混沌
[2025-07-15 20:53:39] BTCUSDT 1h: 当前价格=117127.70, EMA25=118333.32, EMA50=118659.93, 趋势=禁多
==============================

===== 趋势分析结果 (2025-07-15 21:08:39) =====
[2025-07-15 21:08:39] BTCUSDT 15m: 当前价格=117800.80, EMA25=117080.24, EMA50=117539.24, 趋势=混沌
[2025-07-15 21:08:39] BTCUSDT 1h: 当前价格=117800.80, EMA25=118297.00, EMA50=118628.71, 趋势=禁多
==============================

===== 趋势分析结果 (2025-07-15 21:23:39) =====
[2025-07-15 21:23:39] BTCUSDT 15m: 当前价格=117746.60, EMA25=117147.76, EMA50=117556.00, 趋势=混沌
[2025-07-15 21:23:39] BTCUSDT 1h: 当前价格=117746.60, EMA25=118292.83, EMA50=118626.58, 趋势=禁多
==============================

===== 趋势分析结果 (2025-07-15 21:38:39) =====
[2025-07-15 21:38:38] BTCUSDT 15m: 当前价格=117995.20, EMA25=117208.19, EMA50=117570.70, 趋势=混沌
[2025-07-15 21:38:39] BTCUSDT 1h: 当前价格=117977.20, EMA25=118310.57, EMA50=118635.62, 趋势=禁多
==============================

===== 趋势分析结果 (2025-07-15 21:53:39) =====
[2025-07-15 21:53:39] BTCUSDT 15m: 当前价格=118001.40, EMA25=117288.57, EMA50=117597.86, 趋势=混沌
[2025-07-15 21:53:39] BTCUSDT 1h: 当前价格=118001.30, EMA25=118312.42, EMA50=118636.57, 趋势=禁多
==============================

===== 趋势分析结果 (2025-07-15 22:08:39) =====
[2025-07-15 22:08:39] BTCUSDT 15m: 当前价格=118293.00, EMA25=117370.54, EMA50=117627.62, 趋势=混沌
[2025-07-15 22:08:39] BTCUSDT 1h: 当前价格=118292.90, EMA25=118315.63, EMA50=118625.59, 趋势=禁多
==============================

===== 趋势分析结果 (2025-07-15 22:23:39) =====
[2025-07-15 22:23:39] BTCUSDT 15m: 当前价格=117799.00, EMA25=117408.52, EMA50=117637.01, 趋势=混沌
[2025-07-15 22:23:39] BTCUSDT 1h: 当前价格=117799.00, EMA25=118277.64, EMA50=118606.22, 趋势=禁多
==============================

===== 趋势分析结果 (2025-07-15 22:38:41) =====
[2025-07-15 22:38:39] BTCUSDT 15m: 当前价格=117025.20, EMA25=117360.77, EMA50=117603.32, 趋势=禁多
[2025-07-15 22:38:41] BTCUSDT 1h: 当前价格=117029.90, EMA25=118218.48, EMA50=118576.06, 趋势=禁多
==============================

===== 趋势分析结果 (2025-07-15 22:53:39) =====
[2025-07-15 22:53:39] BTCUSDT 15m: 当前价格=116210.10, EMA25=117267.64, EMA50=117546.23, 趋势=禁多
[2025-07-15 22:53:39] BTCUSDT 1h: 当前价格=116278.60, EMA25=118160.69, EMA50=118546.60, 趋势=禁多
==============================

===== 趋势分析结果 (2025-07-15 23:08:39) =====
[2025-07-15 23:08:39] BTCUSDT 15m: 当前价格=116256.80, EMA25=117173.51, EMA50=117486.98, 趋势=禁多
[2025-07-15 23:08:39] BTCUSDT 1h: 当前价格=116250.60, EMA25=117992.53, EMA50=118445.30, 趋势=禁多
==============================

===== 趋势分析结果 (2025-07-15 23:23:39) =====
[2025-07-15 23:23:39] BTCUSDT 15m: 当前价格=116106.60, EMA25=117081.62, EMA50=117427.64, 趋势=禁多
[2025-07-15 23:23:39] BTCUSDT 1h: 当前价格=116115.90, EMA25=117982.17, EMA50=118440.01, 趋势=禁多
==============================

===== 趋势分析结果 (2025-07-15 23:38:39) =====
[2025-07-15 23:38:38] BTCUSDT 15m: 当前价格=116434.10, EMA25=117041.50, EMA50=117393.82, 趋势=禁多
[2025-07-15 23:38:39] BTCUSDT 1h: 当前价格=116434.10, EMA25=118006.64, EMA50=118452.49, 趋势=禁多
==============================

===== 趋势分析结果 (2025-07-15 23:53:39) =====
[2025-07-15 23:53:39] BTCUSDT 15m: 当前价格=116568.90, EMA25=116992.97, EMA50=117355.01, 趋势=禁多
[2025-07-15 23:53:39] BTCUSDT 1h: 当前价格=116568.90, EMA25=118017.01, EMA50=118457.78, 趋势=禁多
==============================

