===== 趋势分析结果 (2025-07-03 12:12:04) =====
[2025-07-03 12:12:03] BTCUSDT 15m: 当前价格=108717.00, EMA25=108819.64, EMA60=108630.47, EMA120=108099.15, 趋势=震荡行情
[2025-07-03 12:12:03] BTCUSDT 1h: 当前价格=108717.10, EMA25=108296.51, EMA60=107682.97, EMA120=107321.25, 趋势=上涨趋势
[2025-07-03 12:12:03] BTCUSDT 4h: 当前价格=108717.00, EMA25=107537.91, EMA60=106826.18, EMA120=106236.54, 趋势=上涨趋势
[2025-07-03 12:12:04] BTCUSDT 1d: 当前价格=108717.00, EMA25=106237.19, EMA60=103646.18, EMA120=99472.44, 趋势=上涨趋势
[2025-07-03 12:12:04] ETHUSDT 15m: 当前价格=2564.04, EMA25=2570.04, EMA60=2550.40, EMA120=2517.60, 趋势=震荡行情
[2025-07-03 12:12:04] ETHUSDT 1h: 当前价格=2564.03, EMA25=2529.43, EMA60=2492.16, EMA120=2469.77, 趋势=上涨趋势
[2025-07-03 12:12:04] ETHUSDT 4h: 当前价格=2564.03, EMA25=2483.00, EMA60=2461.21, EMA120=2470.13, 趋势=上涨趋势
[2025-07-03 12:12:04] ETHUSDT 1d: 当前价格=2564.21, EMA25=2479.98, EMA60=2417.84, EMA120=2394.36, 趋势=上涨趋势
==============================

===== 趋势分析结果 (2025-07-03 12:27:06) =====
[2025-07-03 12:27:04] BTCUSDT 15m: 当前价格=108925.50, EMA25=108831.18, EMA60=108641.66, EMA120=108113.59, 趋势=上涨趋势
[2025-07-03 12:27:05] BTCUSDT 1h: 当前价格=108925.50, EMA25=108312.54, EMA60=107689.81, EMA120=107324.70, 趋势=上涨趋势
[2025-07-03 12:27:05] BTCUSDT 4h: 当前价格=108925.60, EMA25=107553.95, EMA60=106833.02, EMA120=106239.99, 趋势=上涨趋势
[2025-07-03 12:27:05] BTCUSDT 1d: 当前价格=108925.50, EMA25=106253.22, EMA60=103653.01, EMA120=99475.89, 趋势=上涨趋势
[2025-07-03 12:27:05] ETHUSDT 15m: 当前价格=2567.14, EMA25=2569.88, EMA60=2550.98, EMA120=2518.43, 趋势=震荡行情
[2025-07-03 12:27:05] ETHUSDT 1h: 当前价格=2567.15, EMA25=2529.67, EMA60=2492.26, EMA120=2469.82, 趋势=上涨趋势
[2025-07-03 12:27:05] ETHUSDT 4h: 当前价格=2567.15, EMA25=2483.24, EMA60=2461.32, EMA120=2470.18, 趋势=上涨趋势
[2025-07-03 12:27:06] ETHUSDT 1d: 当前价格=2567.15, EMA25=2480.21, EMA60=2417.94, EMA120=2394.41, 趋势=上涨趋势
==============================

===== 趋势分析结果 (2025-07-03 12:42:18) =====
[2025-07-03 12:42:07] BTCUSDT 15m: 当前价格=108855.60, EMA25=108831.00, EMA60=108647.76, EMA120=108125.39, 趋势=上涨趋势
[2025-07-03 12:42:09] BTCUSDT 1h: 当前价格=108855.60, EMA25=108307.16, EMA60=107687.51, EMA120=107323.54, 趋势=上涨趋势
[2025-07-03 12:42:10] BTCUSDT 4h: 当前价格=108855.70, EMA25=107548.58, EMA60=106830.73, EMA120=106238.83, 趋势=上涨趋势
[2025-07-03 12:42:11] BTCUSDT 1d: 当前价格=108855.60, EMA25=106247.85, EMA60=103650.72, EMA120=99474.73, 趋势=上涨趋势
[2025-07-03 12:42:11] ETHUSDT 15m: 当前价格=2566.19, EMA25=2569.60, EMA60=2551.48, EMA120=2519.22, 趋势=震荡行情
[2025-07-03 12:42:15] ETHUSDT 1h: 当前价格=2565.91, EMA25=2529.58, EMA60=2492.22, EMA120=2469.80, 趋势=上涨趋势
[2025-07-03 12:42:16] ETHUSDT 4h: 当前价格=2565.91, EMA25=2483.15, EMA60=2461.27, EMA120=2470.16, 趋势=上涨趋势
[2025-07-03 12:42:18] ETHUSDT 1d: 当前价格=2565.91, EMA25=2480.11, EMA60=2417.89, EMA120=2394.39, 趋势=上涨趋势
==============================

===== 趋势分析结果 (2025-07-03 12:57:10) =====
[2025-07-03 12:57:05] BTCUSDT 15m: 当前价格=108731.90, EMA25=108822.18, EMA60=108649.98, EMA120=108135.15, 趋势=震荡行情
[2025-07-03 12:57:05] BTCUSDT 1h: 当前价格=108731.90, EMA25=108297.64, EMA60=107683.46, EMA120=107321.50, 趋势=上涨趋势
[2025-07-03 12:57:06] BTCUSDT 4h: 当前价格=108744.70, EMA25=107540.04, EMA60=106827.09, EMA120=106237.00, 趋势=上涨趋势
[2025-07-03 12:57:06] BTCUSDT 1d: 当前价格=108731.90, EMA25=106238.33, EMA60=103646.66, EMA120=99472.69, 趋势=上涨趋势
[2025-07-03 12:57:09] ETHUSDT 15m: 当前价格=2565.37, EMA25=2569.19, EMA60=2551.89, EMA120=2519.97, 趋势=震荡行情
[2025-07-03 12:57:09] ETHUSDT 1h: 当前价格=2565.36, EMA25=2529.54, EMA60=2492.20, EMA120=2469.79, 趋势=上涨趋势
[2025-07-03 12:57:09] ETHUSDT 4h: 当前价格=2564.87, EMA25=2483.07, EMA60=2461.24, EMA120=2470.14, 趋势=上涨趋势
[2025-07-03 12:57:10] ETHUSDT 1d: 当前价格=2565.36, EMA25=2480.07, EMA60=2417.88, EMA120=2394.38, 趋势=上涨趋势
==============================

===== 趋势分析结果 (2025-07-03 13:12:25) =====
[2025-07-03 13:12:07] BTCUSDT 15m: 当前价格=109055.90, EMA25=108840.63, EMA60=108663.50, EMA120=108150.48, 趋势=上涨趋势
[2025-07-03 13:12:08] BTCUSDT 1h: 当前价格=109041.10, EMA25=108355.30, EMA60=107728.18, EMA120=107350.01, 趋势=上涨趋势
[2025-07-03 13:12:09] BTCUSDT 4h: 当前价格=109042.10, EMA25=107562.92, EMA60=106836.84, EMA120=106241.91, 趋势=上涨趋势
[2025-07-03 13:12:09] BTCUSDT 1d: 当前价格=109041.00, EMA25=106262.11, EMA60=103656.80, EMA120=99477.80, 趋势=上涨趋势
[2025-07-03 13:12:22] ETHUSDT 15m: 当前价格=2575.17, EMA25=2569.68, EMA60=2552.67, EMA120=2520.89, 趋势=上涨趋势
[2025-07-03 13:12:23] ETHUSDT 1h: 当前价格=2575.17, EMA25=2533.08, EMA60=2494.94, EMA120=2471.54, 趋势=上涨趋势
[2025-07-03 13:12:25] ETHUSDT 4h: 当前价格=2575.00, EMA25=2483.85, EMA60=2461.57, EMA120=2470.31, 趋势=上涨趋势
[2025-07-03 13:12:25] ETHUSDT 1d: 当前价格=2575.17, EMA25=2480.83, EMA60=2418.20, EMA120=2394.54, 趋势=上涨趋势
==============================

===== 趋势分析结果 (2025-07-03 13:27:05) =====
[2025-07-03 13:27:04] BTCUSDT 15m: 当前价格=109042.20, EMA25=108854.76, EMA60=108675.30, EMA120=108164.90, 趋势=上涨趋势
[2025-07-03 13:27:05] BTCUSDT 1h: 当前价格=109042.10, EMA25=108355.38, EMA60=107728.21, EMA120=107350.02, 趋势=上涨趋势
[2025-07-03 13:27:05] BTCUSDT 4h: 当前价格=109042.10, EMA25=107562.92, EMA60=106836.84, EMA120=106241.91, 趋势=上涨趋势
[2025-07-03 13:27:05] BTCUSDT 1d: 当前价格=109042.10, EMA25=106262.19, EMA60=103656.83, EMA120=99477.81, 趋势=上涨趋势
[2025-07-03 13:27:05] ETHUSDT 15m: 当前价格=2582.86, EMA25=2570.74, EMA60=2553.68, EMA120=2521.92, 趋势=上涨趋势
[2025-07-03 13:27:05] ETHUSDT 1h: 当前价格=2582.73, EMA25=2533.66, EMA60=2495.18, EMA120=2471.66, 趋势=上涨趋势
[2025-07-03 13:27:05] ETHUSDT 4h: 当前价格=2582.68, EMA25=2484.44, EMA60=2461.82, EMA120=2470.44, 趋势=上涨趋势
[2025-07-03 13:27:05] ETHUSDT 1d: 当前价格=2582.86, EMA25=2481.42, EMA60=2418.45, EMA120=2394.67, 趋势=上涨趋势
==============================

===== 趋势分析结果 (2025-07-03 13:42:06) =====
[2025-07-03 13:42:04] BTCUSDT 15m: 当前价格=109243.70, EMA25=108886.05, EMA60=108694.55, EMA120=108183.05, 趋势=上涨趋势
[2025-07-03 13:42:05] BTCUSDT 1h: 当前价格=109243.70, EMA25=108370.89, EMA60=107734.82, EMA120=107353.36, 趋势=上涨趋势
[2025-07-03 13:42:05] BTCUSDT 4h: 当前价格=109243.70, EMA25=107578.42, EMA60=106843.45, EMA120=106245.24, 趋势=上涨趋势
[2025-07-03 13:42:05] BTCUSDT 1d: 当前价格=109243.70, EMA25=106277.70, EMA60=103663.44, EMA120=99481.15, 趋势=上涨趋势
[2025-07-03 13:42:05] ETHUSDT 15m: 当前价格=2594.33, EMA25=2572.52, EMA60=2555.00, EMA120=2523.11, 趋势=上涨趋势
[2025-07-03 13:42:05] ETHUSDT 1h: 当前价格=2594.33, EMA25=2534.55, EMA60=2495.57, EMA120=2471.86, 趋势=上涨趋势
[2025-07-03 13:42:06] ETHUSDT 4h: 当前价格=2594.32, EMA25=2485.33, EMA60=2462.21, EMA120=2470.63, 趋势=上涨趋势
[2025-07-03 13:42:06] ETHUSDT 1d: 当前价格=2594.32, EMA25=2482.30, EMA60=2418.83, EMA120=2394.86, 趋势=上涨趋势
==============================

===== 趋势分析结果 (2025-07-03 13:57:05) =====
[2025-07-03 13:57:04] BTCUSDT 15m: 当前价格=109315.70, EMA25=108915.93, EMA60=108713.50, EMA120=108201.05, 趋势=上涨趋势
[2025-07-03 13:57:05] BTCUSDT 1h: 当前价格=109315.80, EMA25=108376.43, EMA60=107737.19, EMA120=107354.55, 趋势=上涨趋势
[2025-07-03 13:57:05] BTCUSDT 4h: 当前价格=109315.80, EMA25=107583.97, EMA60=106845.81, EMA120=106246.44, 趋势=上涨趋势
[2025-07-03 13:57:05] BTCUSDT 1d: 当前价格=109315.80, EMA25=106283.25, EMA60=103665.81, EMA120=99482.34, 趋势=上涨趋势
[2025-07-03 13:57:05] ETHUSDT 15m: 当前价格=2588.44, EMA25=2573.19, EMA60=2555.85, EMA120=2524.06, 趋势=上涨趋势
[2025-07-03 13:57:05] ETHUSDT 1h: 当前价格=2588.55, EMA25=2534.11, EMA60=2495.38, EMA120=2471.76, 趋势=上涨趋势
[2025-07-03 13:57:05] ETHUSDT 4h: 当前价格=2588.32, EMA25=2484.87, EMA60=2462.01, EMA120=2470.53, 趋势=上涨趋势
[2025-07-03 13:57:05] ETHUSDT 1d: 当前价格=2588.55, EMA25=2481.86, EMA60=2418.64, EMA120=2394.76, 趋势=上涨趋势
==============================

===== 趋势分析结果 (2025-07-03 14:12:06) =====
[2025-07-03 14:12:04] BTCUSDT 15m: 当前价格=109251.70, EMA25=108939.96, EMA60=108730.34, EMA120=108218.01, 趋势=上涨趋势
[2025-07-03 14:12:05] BTCUSDT 1h: 当前价格=109251.70, EMA25=108441.96, EMA60=107786.04, EMA120=107385.48, 趋势=上涨趋势
[2025-07-03 14:12:05] BTCUSDT 4h: 当前价格=109251.70, EMA25=107579.04, EMA60=106843.71, EMA120=106245.38, 趋势=上涨趋势
[2025-07-03 14:12:05] BTCUSDT 1d: 当前价格=109230.80, EMA25=106276.71, EMA60=103663.02, EMA120=99480.93, 趋势=上涨趋势
[2025-07-03 14:12:05] ETHUSDT 15m: 当前价格=2591.14, EMA25=2574.56, EMA60=2557.00, EMA120=2525.17, 趋势=上涨趋势
[2025-07-03 14:12:05] ETHUSDT 1h: 当前价格=2591.14, EMA25=2538.47, EMA60=2498.51, EMA120=2473.73, 趋势=上涨趋势
[2025-07-03 14:12:06] ETHUSDT 4h: 当前价格=2591.26, EMA25=2485.10, EMA60=2462.11, EMA120=2470.58, 趋势=上涨趋势
[2025-07-03 14:12:06] ETHUSDT 1d: 当前价格=2591.26, EMA25=2482.06, EMA60=2418.73, EMA120=2394.81, 趋势=上涨趋势
==============================

===== 趋势分析结果 (2025-07-03 14:27:06) =====
[2025-07-03 14:27:04] BTCUSDT 15m: 当前价格=109319.90, EMA25=108966.55, EMA60=108748.50, EMA120=108235.62, 趋势=上涨趋势
[2025-07-03 14:27:05] BTCUSDT 1h: 当前价格=109319.90, EMA25=108447.20, EMA60=107788.27, EMA120=107386.61, 趋势=上涨趋势
[2025-07-03 14:27:05] BTCUSDT 4h: 当前价格=109319.90, EMA25=107584.29, EMA60=106845.95, EMA120=106246.50, 趋势=上涨趋势
[2025-07-03 14:27:05] BTCUSDT 1d: 当前价格=109319.90, EMA25=106283.56, EMA60=103665.94, EMA120=99482.41, 趋势=上涨趋势
[2025-07-03 14:27:05] ETHUSDT 15m: 当前价格=2598.89, EMA25=2576.39, EMA60=2558.35, EMA120=2526.38, 趋势=上涨趋势
[2025-07-03 14:27:05] ETHUSDT 1h: 当前价格=2599.21, EMA25=2539.10, EMA60=2498.77, EMA120=2473.86, 趋势=上涨趋势
[2025-07-03 14:27:05] ETHUSDT 4h: 当前价格=2598.91, EMA25=2485.69, EMA60=2462.36, EMA120=2470.71, 趋势=上涨趋势
[2025-07-03 14:27:06] ETHUSDT 1d: 当前价格=2599.21, EMA25=2482.68, EMA60=2418.99, EMA120=2394.94, 趋势=上涨趋势
==============================

===== 趋势分析结果 (2025-07-03 14:42:06) =====
[2025-07-03 14:42:04] BTCUSDT 15m: 当前价格=109328.70, EMA25=109000.81, EMA60=108770.38, EMA120=108255.16, 趋势=上涨趋势
[2025-07-03 14:42:05] BTCUSDT 1h: 当前价格=109328.70, EMA25=108447.88, EMA60=107788.56, EMA120=107386.75, 趋势=上涨趋势
[2025-07-03 14:42:05] BTCUSDT 4h: 当前价格=109328.70, EMA25=107584.96, EMA60=106846.23, EMA120=106246.65, 趋势=上涨趋势
[2025-07-03 14:42:05] BTCUSDT 1d: 当前价格=109322.90, EMA25=106283.79, EMA60=103666.04, EMA120=99482.46, 趋势=上涨趋势
[2025-07-03 14:42:05] ETHUSDT 15m: 当前价格=2594.78, EMA25=2577.70, EMA60=2559.50, EMA120=2527.49, 趋势=上涨趋势
[2025-07-03 14:42:05] ETHUSDT 1h: 当前价格=2594.70, EMA25=2538.75, EMA60=2498.62, EMA120=2473.79, 趋势=上涨趋势
[2025-07-03 14:42:05] ETHUSDT 4h: 当前价格=2594.23, EMA25=2485.33, EMA60=2462.20, EMA120=2470.63, 趋势=上涨趋势
[2025-07-03 14:42:06] ETHUSDT 1d: 当前价格=2594.69, EMA25=2482.33, EMA60=2418.84, EMA120=2394.87, 趋势=上涨趋势
==============================

===== 趋势分析结果 (2025-07-03 14:57:06) =====
[2025-07-03 14:57:04] BTCUSDT 15m: 当前价格=109420.00, EMA25=109037.75, EMA60=108793.77, EMA120=108275.49, 趋势=上涨趋势
[2025-07-03 14:57:05] BTCUSDT 1h: 当前价格=109420.00, EMA25=108454.90, EMA60=107791.56, EMA120=107388.26, 趋势=上涨趋势
[2025-07-03 14:57:05] BTCUSDT 4h: 当前价格=109419.90, EMA25=107591.98, EMA60=106849.22, EMA120=106248.16, 趋势=上涨趋势
[2025-07-03 14:57:05] BTCUSDT 1d: 当前价格=109420.00, EMA25=106291.26, EMA60=103669.22, EMA120=99484.06, 趋势=上涨趋势
[2025-07-03 14:57:05] ETHUSDT 15m: 当前价格=2597.70, EMA25=2579.37, EMA60=2560.81, EMA120=2528.68, 趋势=上涨趋势
[2025-07-03 14:57:05] ETHUSDT 1h: 当前价格=2597.91, EMA25=2539.00, EMA60=2498.73, EMA120=2473.84, 趋势=上涨趋势
[2025-07-03 14:57:05] ETHUSDT 4h: 当前价格=2597.69, EMA25=2485.59, EMA60=2462.32, EMA120=2470.69, 趋势=上涨趋势
[2025-07-03 14:57:06] ETHUSDT 1d: 当前价格=2597.70, EMA25=2482.56, EMA60=2418.94, EMA120=2394.92, 趋势=上涨趋势
==============================

===== 趋势分析结果 (2025-07-03 15:12:08) =====
[2025-07-03 15:12:04] BTCUSDT 15m: 当前价格=109210.30, EMA25=109051.01, EMA60=108807.43, EMA120=108290.94, 趋势=上涨趋势
[2025-07-03 15:12:05] BTCUSDT 1h: 当前价格=109210.30, EMA25=108513.00, EMA60=107838.07, EMA120=107418.37, 趋势=上涨趋势
[2025-07-03 15:12:05] BTCUSDT 4h: 当前价格=109236.10, EMA25=107577.84, EMA60=106843.20, EMA120=106245.12, 趋势=上涨趋势
[2025-07-03 15:12:05] BTCUSDT 1d: 当前价格=109210.30, EMA25=106275.13, EMA60=103662.35, EMA120=99480.59, 趋势=上涨趋势
[2025-07-03 15:12:07] ETHUSDT 15m: 当前价格=2592.62, EMA25=2580.42, EMA60=2561.87, EMA120=2529.74, 趋势=上涨趋势
[2025-07-03 15:12:07] ETHUSDT 1h: 当前价格=2592.79, EMA25=2543.14, EMA60=2501.82, EMA120=2475.81, 趋势=上涨趋势
[2025-07-03 15:12:07] ETHUSDT 4h: 当前价格=2593.28, EMA25=2485.25, EMA60=2462.17, EMA120=2470.61, 趋势=上涨趋势
[2025-07-03 15:12:08] ETHUSDT 1d: 当前价格=2593.12, EMA25=2482.21, EMA60=2418.79, EMA120=2394.84, 趋势=上涨趋势
==============================

===== 趋势分析结果 (2025-07-03 15:27:06) =====
[2025-07-03 15:27:04] BTCUSDT 15m: 当前价格=109199.00, EMA25=109059.07, EMA60=108818.78, EMA120=108305.18, 趋势=上涨趋势
[2025-07-03 15:27:05] BTCUSDT 1h: 当前价格=109199.00, EMA25=108512.13, EMA60=107837.70, EMA120=107418.18, 趋势=上涨趋势
[2025-07-03 15:27:05] BTCUSDT 4h: 当前价格=109198.90, EMA25=107574.98, EMA60=106841.98, EMA120=106244.50, 趋势=上涨趋势
[2025-07-03 15:27:05] BTCUSDT 1d: 当前价格=109199.00, EMA25=106274.26, EMA60=103661.98, EMA120=99480.41, 趋势=上涨趋势
[2025-07-03 15:27:05] ETHUSDT 15m: 当前价格=2594.09, EMA25=2581.41, EMA60=2562.90, EMA120=2530.79, 趋势=上涨趋势
[2025-07-03 15:27:05] ETHUSDT 1h: 当前价格=2594.09, EMA25=2543.24, EMA60=2501.86, EMA120=2475.83, 趋势=上涨趋势
[2025-07-03 15:27:05] ETHUSDT 4h: 当前价格=2594.38, EMA25=2485.34, EMA60=2462.21, EMA120=2470.63, 趋势=上涨趋势
[2025-07-03 15:27:06] ETHUSDT 1d: 当前价格=2594.09, EMA25=2482.28, EMA60=2418.82, EMA120=2394.86, 趋势=上涨趋势
==============================

===== 趋势分析结果 (2025-07-03 15:42:06) =====
[2025-07-03 15:42:04] BTCUSDT 15m: 当前价格=109295.50, EMA25=109076.34, EMA60=108834.00, EMA120=108321.34, 趋势=上涨趋势
[2025-07-03 15:42:05] BTCUSDT 1h: 当前价格=109295.50, EMA25=108519.56, EMA60=107840.86, EMA120=107419.77, 趋势=上涨趋势
[2025-07-03 15:42:05] BTCUSDT 4h: 当前价格=109295.50, EMA25=107582.41, EMA60=106845.15, EMA120=106246.10, 趋势=上涨趋势
[2025-07-03 15:42:05] BTCUSDT 1d: 当前价格=109295.50, EMA25=106281.69, EMA60=103665.14, EMA120=99482.00, 趋势=上涨趋势
[2025-07-03 15:42:05] ETHUSDT 15m: 当前价格=2598.05, EMA25=2582.75, EMA60=2564.08, EMA120=2531.92, 趋势=上涨趋势
[2025-07-03 15:42:05] ETHUSDT 1h: 当前价格=2597.87, EMA25=2543.53, EMA60=2501.98, EMA120=2475.89, 趋势=上涨趋势
[2025-07-03 15:42:05] ETHUSDT 4h: 当前价格=2598.05, EMA25=2485.62, EMA60=2462.33, EMA120=2470.69, 趋势=上涨趋势
[2025-07-03 15:42:06] ETHUSDT 1d: 当前价格=2598.05, EMA25=2482.59, EMA60=2418.95, EMA120=2394.92, 趋势=上涨趋势
==============================

===== 趋势分析结果 (2025-07-03 15:57:06) =====
[2025-07-03 15:57:04] BTCUSDT 15m: 当前价格=109244.30, EMA25=109086.38, EMA60=108846.17, EMA120=108335.93, 趋势=上涨趋势
[2025-07-03 15:57:05] BTCUSDT 1h: 当前价格=109244.30, EMA25=108515.62, EMA60=107839.18, EMA120=107418.93, 趋势=上涨趋势
[2025-07-03 15:57:05] BTCUSDT 4h: 当前价格=109244.30, EMA25=107578.47, EMA60=106843.47, EMA120=106245.25, 趋势=上涨趋势
[2025-07-03 15:57:05] BTCUSDT 1d: 当前价格=109244.30, EMA25=106277.75, EMA60=103663.46, EMA120=99481.16, 趋势=上涨趋势
[2025-07-03 15:57:05] ETHUSDT 15m: 当前价格=2598.70, EMA25=2583.98, EMA60=2565.21, EMA120=2533.02, 趋势=上涨趋势
[2025-07-03 15:57:05] ETHUSDT 1h: 当前价格=2598.70, EMA25=2543.60, EMA60=2502.01, EMA120=2475.90, 趋势=上涨趋势
[2025-07-03 15:57:05] ETHUSDT 4h: 当前价格=2598.70, EMA25=2485.67, EMA60=2462.35, EMA120=2470.70, 趋势=上涨趋势
[2025-07-03 15:57:06] ETHUSDT 1d: 当前价格=2598.70, EMA25=2482.64, EMA60=2418.97, EMA120=2394.93, 趋势=上涨趋势
==============================

===== 趋势分析结果 (2025-07-03 16:12:06) =====
[2025-07-03 16:12:04] BTCUSDT 15m: 当前价格=109370.00, EMA25=109107.54, EMA60=108863.05, EMA120=108352.87, 趋势=上涨趋势
[2025-07-03 16:12:05] BTCUSDT 1h: 当前价格=109370.00, EMA25=108580.68, EMA60=107889.08, EMA120=107451.01, 趋势=上涨趋势
[2025-07-03 16:12:05] BTCUSDT 4h: 当前价格=109369.90, EMA25=107715.61, EMA60=106926.01, EMA120=106296.77, 趋势=上涨趋势
[2025-07-03 16:12:05] BTCUSDT 1d: 当前价格=109360.00, EMA25=106286.65, EMA60=103667.26, EMA120=99483.07, 趋势=上涨趋势
[2025-07-03 16:12:05] ETHUSDT 15m: 当前价格=2598.66, EMA25=2585.14, EMA60=2566.33, EMA120=2534.11, 趋势=上涨趋势
[2025-07-03 16:12:05] ETHUSDT 1h: 当前价格=2598.66, EMA25=2547.87, EMA60=2505.20, EMA120=2477.94, 趋势=上涨趋势
[2025-07-03 16:12:05] ETHUSDT 4h: 当前价格=2598.66, EMA25=2494.40, EMA60=2466.84, EMA120=2472.83, 趋势=上涨趋势
[2025-07-03 16:12:06] ETHUSDT 1d: 当前价格=2598.66, EMA25=2482.63, EMA60=2418.97, EMA120=2394.93, 趋势=上涨趋势
==============================

===== 趋势分析结果 (2025-07-03 16:27:06) =====
[2025-07-03 16:27:04] BTCUSDT 15m: 当前价格=109490.00, EMA25=109135.73, EMA60=108883.05, EMA120=108371.37, 趋势=上涨趋势
[2025-07-03 16:27:05] BTCUSDT 1h: 当前价格=109490.00, EMA25=108589.91, EMA60=107893.01, EMA120=107453.00, 趋势=上涨趋势
[2025-07-03 16:27:05] BTCUSDT 4h: 当前价格=109490.00, EMA25=107724.85, EMA60=106929.94, EMA120=106298.76, 趋势=上涨趋势
[2025-07-03 16:27:05] BTCUSDT 1d: 当前价格=109490.80, EMA25=106296.71, EMA60=103671.55, EMA120=99485.23, 趋势=上涨趋势
[2025-07-03 16:27:05] ETHUSDT 15m: 当前价格=2598.83, EMA25=2586.10, EMA60=2567.35, EMA120=2535.16, 趋势=上涨趋势
[2025-07-03 16:27:05] ETHUSDT 1h: 当前价格=2599.00, EMA25=2547.90, EMA60=2505.21, EMA120=2477.94, 趋势=上涨趋势
[2025-07-03 16:27:05] ETHUSDT 4h: 当前价格=2598.83, EMA25=2494.41, EMA60=2466.84, EMA120=2472.83, 趋势=上涨趋势
[2025-07-03 16:27:06] ETHUSDT 1d: 当前价格=2598.83, EMA25=2482.65, EMA60=2418.97, EMA120=2394.93, 趋势=上涨趋势
==============================

===== 趋势分析结果 (2025-07-03 16:42:06) =====
[2025-07-03 16:42:04] BTCUSDT 15m: 当前价格=109418.20, EMA25=109158.01, EMA60=108900.84, EMA120=108388.79, 趋势=上涨趋势
[2025-07-03 16:42:05] BTCUSDT 1h: 当前价格=109418.20, EMA25=108584.39, EMA60=107890.66, EMA120=107451.81, 趋势=上涨趋势
[2025-07-03 16:42:05] BTCUSDT 4h: 当前价格=109418.20, EMA25=107719.33, EMA60=106927.59, EMA120=106297.57, 趋势=上涨趋势
[2025-07-03 16:42:05] BTCUSDT 1d: 当前价格=109418.20, EMA25=106291.12, EMA60=103669.17, EMA120=99484.03, 趋势=上涨趋势
[2025-07-03 16:42:05] ETHUSDT 15m: 当前价格=2593.75, EMA25=2586.63, EMA60=2568.19, EMA120=2536.11, 趋势=上涨趋势
[2025-07-03 16:42:05] ETHUSDT 1h: 当前价格=2593.75, EMA25=2547.49, EMA60=2505.04, EMA120=2477.86, 趋势=上涨趋势
[2025-07-03 16:42:05] ETHUSDT 4h: 当前价格=2593.75, EMA25=2494.02, EMA60=2466.67, EMA120=2472.74, 趋势=上涨趋势
[2025-07-03 16:42:06] ETHUSDT 1d: 当前价格=2593.75, EMA25=2482.26, EMA60=2418.81, EMA120=2394.85, 趋势=上涨趋势
==============================

===== 趋势分析结果 (2025-07-03 16:57:06) =====
[2025-07-03 16:57:04] BTCUSDT 15m: 当前价格=109379.30, EMA25=109179.12, EMA60=108918.36, EMA120=108406.09, 趋势=上涨趋势
[2025-07-03 16:57:05] BTCUSDT 1h: 当前价格=109379.40, EMA25=108581.40, EMA60=107889.39, EMA120=107451.17, 趋势=上涨趋势
[2025-07-03 16:57:05] BTCUSDT 4h: 当前价格=109379.40, EMA25=107716.34, EMA60=106926.32, EMA120=106296.93, 趋势=上涨趋势
[2025-07-03 16:57:05] BTCUSDT 1d: 当前价格=109379.40, EMA25=106288.14, EMA60=103667.89, EMA120=99483.39, 趋势=上涨趋势
[2025-07-03 16:57:05] ETHUSDT 15m: 当前价格=2590.83, EMA25=2587.15, EMA60=2569.02, EMA120=2537.06, 趋势=上涨趋势
[2025-07-03 16:57:05] ETHUSDT 1h: 当前价格=2590.95, EMA25=2547.28, EMA60=2504.94, EMA120=2477.81, 趋势=上涨趋势
[2025-07-03 16:57:05] ETHUSDT 4h: 当前价格=2590.94, EMA25=2493.81, EMA60=2466.58, EMA120=2472.70, 趋势=上涨趋势
[2025-07-03 16:57:06] ETHUSDT 1d: 当前价格=2590.95, EMA25=2482.04, EMA60=2418.72, EMA120=2394.80, 趋势=上涨趋势
==============================

===== 趋势分析结果 (2025-07-03 17:12:06) =====
[2025-07-03 17:12:04] BTCUSDT 15m: 当前价格=109572.30, EMA25=109205.52, EMA60=108938.08, EMA120=108424.48, 趋势=上涨趋势
[2025-07-03 17:12:05] BTCUSDT 1h: 当前价格=109572.30, EMA25=108653.78, EMA60=107942.85, EMA120=107485.34, 趋势=上涨趋势
[2025-07-03 17:12:05] BTCUSDT 4h: 当前价格=109572.40, EMA25=107731.19, EMA60=106932.65, EMA120=106300.12, 趋势=上涨趋势
[2025-07-03 17:12:05] BTCUSDT 1d: 当前价格=109572.30, EMA25=106302.98, EMA60=103674.22, EMA120=99486.58, 趋势=上涨趋势
[2025-07-03 17:12:05] ETHUSDT 15m: 当前价格=2593.71, EMA25=2587.38, EMA60=2569.71, EMA120=2537.94, 趋势=上涨趋势
[2025-07-03 17:12:05] ETHUSDT 1h: 当前价格=2593.71, EMA25=2550.57, EMA60=2507.73, EMA120=2479.66, 趋势=上涨趋势
[2025-07-03 17:12:05] ETHUSDT 4h: 当前价格=2593.77, EMA25=2494.02, EMA60=2466.68, EMA120=2472.74, 趋势=上涨趋势
[2025-07-03 17:12:06] ETHUSDT 1d: 当前价格=2593.78, EMA25=2482.26, EMA60=2418.81, EMA120=2394.85, 趋势=上涨趋势
==============================

===== 趋势分析结果 (2025-07-03 17:27:06) =====
[2025-07-03 17:27:04] BTCUSDT 15m: 当前价格=109872.90, EMA25=109257.80, EMA60=108969.15, EMA120=108448.63, 趋势=上涨趋势
[2025-07-03 17:27:05] BTCUSDT 1h: 当前价格=109879.90, EMA25=108677.44, EMA60=107952.93, EMA120=107490.42, 趋势=上涨趋势
[2025-07-03 17:27:05] BTCUSDT 4h: 当前价格=109872.90, EMA25=107754.30, EMA60=106942.50, EMA120=106305.09, 趋势=上涨趋势
[2025-07-03 17:27:05] BTCUSDT 1d: 当前价格=109880.00, EMA25=106326.65, EMA60=103684.31, EMA120=99491.66, 趋势=上涨趋势
[2025-07-03 17:27:05] ETHUSDT 15m: 当前价格=2600.57, EMA25=2588.62, EMA60=2570.82, EMA120=2539.02, 趋势=上涨趋势
[2025-07-03 17:27:05] ETHUSDT 1h: 当前价格=2600.58, EMA25=2551.10, EMA60=2507.95, EMA120=2479.77, 趋势=上涨趋势
[2025-07-03 17:27:05] ETHUSDT 4h: 当前价格=2600.57, EMA25=2494.55, EMA60=2466.90, EMA120=2472.86, 趋势=上涨趋势
[2025-07-03 17:27:05] ETHUSDT 1d: 当前价格=2600.71, EMA25=2482.79, EMA60=2419.04, EMA120=2394.96, 趋势=上涨趋势
==============================

===== 趋势分析结果 (2025-07-03 17:42:06) =====
[2025-07-03 17:42:04] BTCUSDT 15m: 当前价格=110014.90, EMA25=109320.83, EMA60=109005.58, EMA120=108475.60, 趋势=上涨趋势
[2025-07-03 17:42:05] BTCUSDT 1h: 当前价格=110008.50, EMA25=108687.33, EMA60=107957.15, EMA120=107492.55, 趋势=上涨趋势
[2025-07-03 17:42:05] BTCUSDT 4h: 当前价格=110014.90, EMA25=107765.23, EMA60=106947.15, EMA120=106307.43, 趋势=上涨趋势
[2025-07-03 17:42:05] BTCUSDT 1d: 当前价格=110010.30, EMA25=106336.67, EMA60=103688.58, EMA120=99493.82, 趋势=上涨趋势
[2025-07-03 17:42:05] ETHUSDT 15m: 当前价格=2608.02, EMA25=2590.25, EMA60=2572.10, EMA120=2540.20, 趋势=上涨趋势
[2025-07-03 17:42:05] ETHUSDT 1h: 当前价格=2608.37, EMA25=2551.70, EMA60=2508.21, EMA120=2479.90, 趋势=上涨趋势
[2025-07-03 17:42:05] ETHUSDT 4h: 当前价格=2608.37, EMA25=2495.15, EMA60=2467.15, EMA120=2472.99, 趋势=上涨趋势
[2025-07-03 17:42:06] ETHUSDT 1d: 当前价格=2608.81, EMA25=2483.41, EMA60=2419.30, EMA120=2395.10, 趋势=上涨趋势
==============================

===== 趋势分析结果 (2025-07-03 17:57:06) =====
[2025-07-03 17:57:04] BTCUSDT 15m: 当前价格=109919.70, EMA25=109381.25, EMA60=109041.96, EMA120=108502.75, 趋势=上涨趋势
[2025-07-03 17:57:05] BTCUSDT 1h: 当前价格=109919.70, EMA25=108680.50, EMA60=107954.24, EMA120=107491.08, 趋势=上涨趋势
[2025-07-03 17:57:05] BTCUSDT 4h: 当前价格=109919.80, EMA25=107757.91, EMA60=106944.04, EMA120=106305.86, 趋势=上涨趋势
[2025-07-03 17:57:05] BTCUSDT 1d: 当前价格=109919.70, EMA25=106329.70, EMA60=103685.61, EMA120=99492.32, 趋势=上涨趋势
[2025-07-03 17:57:05] ETHUSDT 15m: 当前价格=2601.00, EMA25=2591.49, EMA60=2573.23, EMA120=2541.30, 趋势=上涨趋势
[2025-07-03 17:57:05] ETHUSDT 1h: 当前价格=2601.16, EMA25=2551.14, EMA60=2507.97, EMA120=2479.78, 趋势=上涨趋势
[2025-07-03 17:57:05] ETHUSDT 4h: 当前价格=2601.00, EMA25=2494.58, EMA60=2466.91, EMA120=2472.86, 趋势=上涨趋势
[2025-07-03 17:57:06] ETHUSDT 1d: 当前价格=2601.16, EMA25=2482.83, EMA60=2419.05, EMA120=2394.97, 趋势=上涨趋势
==============================

===== 趋势分析结果 (2025-07-03 18:12:06) =====
[2025-07-03 18:12:04] BTCUSDT 15m: 当前价格=109871.00, EMA25=109417.15, EMA60=109068.35, EMA120=108524.95, 趋势=上涨趋势
[2025-07-03 18:12:05] BTCUSDT 1h: 当前价格=109871.00, EMA25=108770.30, EMA60=108016.29, EMA120=107530.02, 趋势=上涨趋势
[2025-07-03 18:12:05] BTCUSDT 4h: 当前价格=109871.00, EMA25=107754.16, EMA60=106942.44, EMA120=106305.06, 趋势=上涨趋势
[2025-07-03 18:12:05] BTCUSDT 1d: 当前价格=109860.00, EMA25=106325.11, EMA60=103683.65, EMA120=99491.33, 趋势=上涨趋势
[2025-07-03 18:12:05] ETHUSDT 15m: 当前价格=2594.59, EMA25=2591.50, EMA60=2573.83, EMA120=2542.12, 趋势=上涨趋势
[2025-07-03 18:12:05] ETHUSDT 1h: 当前价格=2594.91, EMA25=2554.26, EMA60=2510.71, EMA120=2481.63, 趋势=上涨趋势
[2025-07-03 18:12:05] ETHUSDT 4h: 当前价格=2595.18, EMA25=2494.13, EMA60=2466.72, EMA120=2472.77, 趋势=上涨趋势
[2025-07-03 18:12:05] ETHUSDT 1d: 当前价格=2594.91, EMA25=2482.35, EMA60=2418.85, EMA120=2394.87, 趋势=上涨趋势
==============================

===== 趋势分析结果 (2025-07-03 18:27:05) =====
[2025-07-03 18:27:04] BTCUSDT 15m: 当前价格=109711.20, EMA25=109441.97, EMA60=109090.41, EMA120=108545.05, 趋势=上涨趋势
[2025-07-03 18:27:05] BTCUSDT 1h: 当前价格=109711.30, EMA25=108758.02, EMA60=108011.05, EMA120=107527.38, 趋势=上涨趋势
[2025-07-03 18:27:05] BTCUSDT 4h: 当前价格=109711.20, EMA25=107741.87, EMA60=106937.20, EMA120=106302.41, 趋势=上涨趋势
[2025-07-03 18:27:05] BTCUSDT 1d: 当前价格=109711.20, EMA25=106313.66, EMA60=103678.77, EMA120=99488.87, 趋势=上涨趋势
[2025-07-03 18:27:05] ETHUSDT 15m: 当前价格=2591.55, EMA25=2591.77, EMA60=2574.53, EMA120=2543.00, 趋势=震荡行情
[2025-07-03 18:27:05] ETHUSDT 1h: 当前价格=2591.55, EMA25=2554.01, EMA60=2510.60, EMA120=2481.57, 趋势=上涨趋势
[2025-07-03 18:27:05] ETHUSDT 4h: 当前价格=2591.59, EMA25=2493.86, EMA60=2466.60, EMA120=2472.71, 趋势=上涨趋势
[2025-07-03 18:27:05] ETHUSDT 1d: 当前价格=2591.54, EMA25=2482.09, EMA60=2418.73, EMA120=2394.81, 趋势=上涨趋势
==============================

===== 趋势分析结果 (2025-07-03 18:42:05) =====
[2025-07-03 18:42:04] BTCUSDT 15m: 当前价格=109768.30, EMA25=109466.09, EMA60=109112.20, EMA120=108565.03, 趋势=上涨趋势
[2025-07-03 18:42:05] BTCUSDT 1h: 当前价格=109768.50, EMA25=108762.42, EMA60=108012.93, EMA120=107528.32, 趋势=上涨趋势
[2025-07-03 18:42:05] BTCUSDT 4h: 当前价格=109768.30, EMA25=107746.26, EMA60=106939.07, EMA120=106303.36, 趋势=上涨趋势
[2025-07-03 18:42:05] BTCUSDT 1d: 当前价格=109768.30, EMA25=106318.06, EMA60=103680.64, EMA120=99489.82, 趋势=上涨趋势
[2025-07-03 18:42:05] ETHUSDT 15m: 当前价格=2592.63, EMA25=2591.77, EMA60=2575.09, EMA120=2543.81, 趋势=上涨趋势
[2025-07-03 18:42:05] ETHUSDT 1h: 当前价格=2592.63, EMA25=2554.09, EMA60=2510.64, EMA120=2481.59, 趋势=上涨趋势
[2025-07-03 18:42:05] ETHUSDT 4h: 当前价格=2592.62, EMA25=2493.94, EMA60=2466.64, EMA120=2472.73, 趋势=上涨趋势
[2025-07-03 18:42:05] ETHUSDT 1d: 当前价格=2592.63, EMA25=2482.17, EMA60=2418.77, EMA120=2394.83, 趋势=上涨趋势
==============================

===== 趋势分析结果 (2025-07-03 18:57:05) =====
[2025-07-03 18:57:04] BTCUSDT 15m: 当前价格=109784.90, EMA25=109488.27, EMA60=109133.21, EMA120=108584.64, 趋势=上涨趋势
[2025-07-03 18:57:05] BTCUSDT 1h: 当前价格=109784.90, EMA25=108763.68, EMA60=108013.47, EMA120=107528.59, 趋势=上涨趋势
[2025-07-03 18:57:05] BTCUSDT 4h: 当前价格=109784.90, EMA25=107747.54, EMA60=106939.61, EMA120=106303.63, 趋势=上涨趋势
[2025-07-03 18:57:05] BTCUSDT 1d: 当前价格=109779.90, EMA25=106318.95, EMA60=103681.02, EMA120=99490.01, 趋势=上涨趋势
[2025-07-03 18:57:05] ETHUSDT 15m: 当前价格=2596.62, EMA25=2592.08, EMA60=2575.77, EMA120=2544.67, 趋势=上涨趋势
[2025-07-03 18:57:05] ETHUSDT 1h: 当前价格=2596.62, EMA25=2554.40, EMA60=2510.77, EMA120=2481.66, 趋势=上涨趋势
[2025-07-03 18:57:05] ETHUSDT 4h: 当前价格=2596.62, EMA25=2494.24, EMA60=2466.77, EMA120=2472.79, 趋势=上涨趋势
[2025-07-03 18:57:05] ETHUSDT 1d: 当前价格=2596.62, EMA25=2482.48, EMA60=2418.90, EMA120=2394.90, 趋势=上涨趋势
==============================

===== 趋势分析结果 (2025-07-03 19:12:06) =====
[2025-07-03 19:12:04] BTCUSDT 15m: 当前价格=109659.50, EMA25=109502.14, EMA60=109150.77, EMA120=108602.56, 趋势=上涨趋势
[2025-07-03 19:12:05] BTCUSDT 1h: 当前价格=109659.40, EMA25=108833.28, EMA60=108067.74, EMA120=107563.97, 趋势=上涨趋势
[2025-07-03 19:12:05] BTCUSDT 4h: 当前价格=109659.50, EMA25=107737.89, EMA60=106935.50, EMA120=106301.56, 趋势=上涨趋势
[2025-07-03 19:12:05] BTCUSDT 1d: 当前价格=109659.40, EMA25=106309.68, EMA60=103677.07, EMA120=99488.02, 趋势=上涨趋势
[2025-07-03 19:12:05] ETHUSDT 15m: 当前价格=2591.95, EMA25=2592.10, EMA60=2576.31, EMA120=2545.45, 趋势=震荡行情
[2025-07-03 19:12:05] ETHUSDT 1h: 当前价格=2592.36, EMA25=2557.34, EMA60=2513.46, EMA120=2483.49, 趋势=上涨趋势
[2025-07-03 19:12:05] ETHUSDT 4h: 当前价格=2592.36, EMA25=2493.92, EMA60=2466.63, EMA120=2472.72, 趋势=上涨趋势
[2025-07-03 19:12:06] ETHUSDT 1d: 当前价格=2592.36, EMA25=2482.15, EMA60=2418.76, EMA120=2394.83, 趋势=上涨趋势
==============================

===== 趋势分析结果 (2025-07-03 19:27:08) =====
[2025-07-03 19:27:04] BTCUSDT 15m: 当前价格=109615.00, EMA25=109507.13, EMA60=109164.35, EMA120=108618.44, 趋势=上涨趋势
[2025-07-03 19:27:05] BTCUSDT 1h: 当前价格=109614.90, EMA25=108829.85, EMA60=108066.28, EMA120=107563.24, 趋势=上涨趋势
[2025-07-03 19:27:05] BTCUSDT 4h: 当前价格=109614.90, EMA25=107734.46, EMA60=106934.04, EMA120=106300.82, 趋势=上涨趋势
[2025-07-03 19:27:05] BTCUSDT 1d: 当前价格=109614.90, EMA25=106306.26, EMA60=103675.61, EMA120=99487.28, 趋势=上涨趋势
[2025-07-03 19:27:05] ETHUSDT 15m: 当前价格=2592.41, EMA25=2592.09, EMA60=2576.83, EMA120=2546.22, 趋势=上涨趋势
[2025-07-03 19:27:07] ETHUSDT 1h: 当前价格=2592.40, EMA25=2557.34, EMA60=2513.46, EMA120=2483.49, 趋势=上涨趋势
[2025-07-03 19:27:07] ETHUSDT 4h: 当前价格=2592.08, EMA25=2493.89, EMA60=2466.62, EMA120=2472.72, 趋势=上涨趋势
[2025-07-03 19:27:08] ETHUSDT 1d: 当前价格=2592.40, EMA25=2482.15, EMA60=2418.76, EMA120=2394.83, 趋势=上涨趋势
==============================

===== 趋势分析结果 (2025-07-03 19:42:06) =====
[2025-07-03 19:42:04] BTCUSDT 15m: 当前价格=109665.30, EMA25=109517.38, EMA60=109179.91, EMA120=108635.29, 趋势=上涨趋势
[2025-07-03 19:42:05] BTCUSDT 1h: 当前价格=109665.60, EMA25=108833.75, EMA60=108067.94, EMA120=107564.08, 趋势=上涨趋势
[2025-07-03 19:42:05] BTCUSDT 4h: 当前价格=109673.80, EMA25=107738.99, EMA60=106935.97, EMA120=106301.80, 趋势=上涨趋势
[2025-07-03 19:42:05] BTCUSDT 1d: 当前价格=109665.40, EMA25=106310.14, EMA60=103677.27, EMA120=99488.12, 趋势=上涨趋势
[2025-07-03 19:42:05] ETHUSDT 15m: 当前价格=2593.25, EMA25=2592.01, EMA60=2577.29, EMA120=2546.96, 趋势=上涨趋势
[2025-07-03 19:42:05] ETHUSDT 1h: 当前价格=2593.25, EMA25=2557.41, EMA60=2513.49, EMA120=2483.51, 趋势=上涨趋势
[2025-07-03 19:42:05] ETHUSDT 4h: 当前价格=2592.74, EMA25=2493.94, EMA60=2466.64, EMA120=2472.73, 趋势=上涨趋势
[2025-07-03 19:42:06] ETHUSDT 1d: 当前价格=2593.25, EMA25=2482.22, EMA60=2418.79, EMA120=2394.84, 趋势=上涨趋势
==============================

===== 趋势分析结果 (2025-07-03 19:57:06) =====
[2025-07-03 19:57:04] BTCUSDT 15m: 当前价格=109557.60, EMA25=109517.06, EMA60=109190.77, EMA120=108649.74, 趋势=上涨趋势
[2025-07-03 19:57:05] BTCUSDT 1h: 当前价格=109557.50, EMA25=108825.44, EMA60=108064.40, EMA120=107562.29, 趋势=上涨趋势
[2025-07-03 19:57:05] BTCUSDT 4h: 当前价格=109557.60, EMA25=107730.05, EMA60=106932.16, EMA120=106299.88, 趋势=上涨趋势
[2025-07-03 19:57:05] BTCUSDT 1d: 当前价格=109557.60, EMA25=106301.85, EMA60=103673.74, EMA120=99486.34, 趋势=上涨趋势
[2025-07-03 19:57:05] ETHUSDT 15m: 当前价格=2594.40, EMA25=2592.17, EMA60=2577.84, EMA120=2547.74, 趋势=上涨趋势
[2025-07-03 19:57:05] ETHUSDT 1h: 当前价格=2594.39, EMA25=2557.50, EMA60=2513.52, EMA120=2483.53, 趋势=上涨趋势
[2025-07-03 19:57:05] ETHUSDT 4h: 当前价格=2594.39, EMA25=2494.07, EMA60=2466.70, EMA120=2472.76, 趋势=上涨趋势
[2025-07-03 19:57:05] ETHUSDT 1d: 当前价格=2594.39, EMA25=2482.31, EMA60=2418.83, EMA120=2394.86, 趋势=上涨趋势
==============================

===== 趋势分析结果 (2025-07-03 20:12:05) =====
[2025-07-03 20:12:04] BTCUSDT 15m: 当前价格=109560.90, EMA25=109519.96, EMA60=109202.70, EMA120=108664.68, 趋势=上涨趋势
[2025-07-03 20:12:05] BTCUSDT 1h: 当前价格=109560.90, EMA25=108881.55, EMA60=108113.26, EMA120=107595.21, 趋势=上涨趋势
[2025-07-03 20:12:05] BTCUSDT 4h: 当前价格=109561.00, EMA25=107870.42, EMA60=107018.14, EMA120=106353.67, 趋势=上涨趋势
[2025-07-03 20:12:05] BTCUSDT 1d: 当前价格=109560.90, EMA25=106302.10, EMA60=103673.84, EMA120=99486.39, 趋势=上涨趋势
[2025-07-03 20:12:05] ETHUSDT 15m: 当前价格=2599.62, EMA25=2592.88, EMA60=2578.61, EMA120=2548.63, 趋势=上涨趋势
[2025-07-03 20:12:05] ETHUSDT 1h: 当前价格=2599.75, EMA25=2560.88, EMA60=2516.41, EMA120=2485.47, 趋势=上涨趋势
[2025-07-03 20:12:05] ETHUSDT 4h: 当前价格=2600.01, EMA25=2502.35, EMA60=2471.13, EMA120=2474.89, 趋势=上涨趋势
[2025-07-03 20:12:05] ETHUSDT 1d: 当前价格=2599.75, EMA25=2482.72, EMA60=2419.00, EMA120=2394.95, 趋势=上涨趋势
==============================

===== 趋势分析结果 (2025-07-03 20:27:07) =====
[2025-07-03 20:27:04] BTCUSDT 15m: 当前价格=109550.80, EMA25=109519.72, EMA60=109212.94, EMA120=108678.72, 趋势=上涨趋势
[2025-07-03 20:27:06] BTCUSDT 1h: 当前价格=109536.00, EMA25=108879.64, EMA60=108112.44, EMA120=107594.80, 趋势=上涨趋势
[2025-07-03 20:27:06] BTCUSDT 4h: 当前价格=109550.80, EMA25=107869.64, EMA60=107017.81, EMA120=106353.50, 趋势=上涨趋势
[2025-07-03 20:27:06] BTCUSDT 1d: 当前价格=109536.00, EMA25=106300.19, EMA60=103673.03, EMA120=99485.98, 趋势=上涨趋势
[2025-07-03 20:27:06] ETHUSDT 15m: 当前价格=2601.43, EMA25=2593.44, EMA60=2579.32, EMA120=2549.48, 趋势=上涨趋势
[2025-07-03 20:27:06] ETHUSDT 1h: 当前价格=2601.06, EMA25=2560.98, EMA60=2516.45, EMA120=2485.50, 趋势=上涨趋势
[2025-07-03 20:27:06] ETHUSDT 4h: 当前价格=2601.06, EMA25=2502.43, EMA60=2471.16, EMA120=2474.91, 趋势=上涨趋势
[2025-07-03 20:27:07] ETHUSDT 1d: 当前价格=2599.18, EMA25=2482.67, EMA60=2418.99, EMA120=2394.94, 趋势=上涨趋势
==============================

===== 趋势分析结果 (2025-07-03 20:42:07) =====
[2025-07-03 20:42:06] BTCUSDT 15m: 当前价格=108842.20, EMA25=109469.73, EMA60=109201.74, EMA120=108681.90, 趋势=震荡行情
[2025-07-03 20:42:06] BTCUSDT 1h: 当前价格=108842.10, EMA25=108826.26, EMA60=108089.69, EMA120=107583.33, 趋势=上涨趋势
[2025-07-03 20:42:06] BTCUSDT 4h: 当前价格=108842.10, EMA25=107815.12, EMA60=106994.57, EMA120=106341.78, 趋势=上涨趋势
[2025-07-03 20:42:06] BTCUSDT 1d: 当前价格=108842.10, EMA25=106246.81, EMA60=103650.28, EMA120=99474.51, 趋势=上涨趋势
[2025-07-03 20:42:06] ETHUSDT 15m: 当前价格=2573.67, EMA25=2591.78, EMA60=2579.07, EMA120=2549.85, 趋势=震荡行情
[2025-07-03 20:42:06] ETHUSDT 1h: 当前价格=2573.77, EMA25=2558.88, EMA60=2515.56, EMA120=2485.05, 趋势=上涨趋势
[2025-07-03 20:42:06] ETHUSDT 4h: 当前价格=2573.66, EMA25=2500.33, EMA60=2470.26, EMA120=2474.45, 趋势=上涨趋势
[2025-07-03 20:42:07] ETHUSDT 1d: 当前价格=2573.77, EMA25=2480.72, EMA60=2418.15, EMA120=2394.52, 趋势=上涨趋势
==============================

===== 趋势分析结果 (2025-07-03 20:57:06) =====
[2025-07-03 20:57:04] BTCUSDT 15m: 当前价格=109069.00, EMA25=109443.64, EMA60=109199.50, EMA120=108689.37, 趋势=震荡行情
[2025-07-03 20:57:05] BTCUSDT 1h: 当前价格=109069.00, EMA25=108843.71, EMA60=108097.13, EMA120=107587.08, 趋势=上涨趋势
[2025-07-03 20:57:05] BTCUSDT 4h: 当前价格=109069.00, EMA25=107832.58, EMA60=107002.01, EMA120=106345.53, 趋势=上涨趋势
[2025-07-03 20:57:05] BTCUSDT 1d: 当前价格=109069.00, EMA25=106264.26, EMA60=103657.72, EMA120=99478.26, 趋势=上涨趋势
[2025-07-03 20:57:05] ETHUSDT 15m: 当前价格=2584.56, EMA25=2591.54, EMA60=2579.39, EMA120=2550.49, 趋势=震荡行情
[2025-07-03 20:57:05] ETHUSDT 1h: 当前价格=2584.38, EMA25=2559.70, EMA60=2515.91, EMA120=2485.22, 趋势=上涨趋势
[2025-07-03 20:57:05] ETHUSDT 4h: 当前价格=2584.38, EMA25=2501.15, EMA60=2470.61, EMA120=2474.63, 趋势=上涨趋势
[2025-07-03 20:57:06] ETHUSDT 1d: 当前价格=2584.38, EMA25=2481.54, EMA60=2418.50, EMA120=2394.69, 趋势=上涨趋势
==============================

===== 趋势分析结果 (2025-07-03 21:12:06) =====
[2025-07-03 21:12:04] BTCUSDT 15m: 当前价格=109309.60, EMA25=109436.95, EMA60=109204.73, EMA120=108700.44, 趋势=震荡行情
[2025-07-03 21:12:05] BTCUSDT 1h: 当前价格=109309.70, EMA25=108883.17, EMA60=108138.50, EMA120=107616.37, 趋势=上涨趋势
[2025-07-03 21:12:05] BTCUSDT 4h: 当前价格=109309.60, EMA25=107851.09, EMA60=107009.90, EMA120=106349.51, 趋势=上涨趋势
[2025-07-03 21:12:05] BTCUSDT 1d: 当前价格=109309.60, EMA25=106282.77, EMA60=103665.60, EMA120=99482.24, 趋势=上涨趋势
[2025-07-03 21:12:05] ETHUSDT 15m: 当前价格=2589.78, EMA25=2591.64, EMA60=2579.84, EMA120=2551.19, 趋势=震荡行情
[2025-07-03 21:12:05] ETHUSDT 1h: 当前价格=2590.05, EMA25=2562.28, EMA60=2518.45, EMA120=2487.01, 趋势=上涨趋势
[2025-07-03 21:12:05] ETHUSDT 4h: 当前价格=2590.05, EMA25=2501.59, EMA60=2470.80, EMA120=2474.72, 趋势=上涨趋势
[2025-07-03 21:12:06] ETHUSDT 1d: 当前价格=2590.05, EMA25=2481.97, EMA60=2418.69, EMA120=2394.79, 趋势=上涨趋势
==============================

===== 趋势分析结果 (2025-07-03 21:27:04) =====
[2025-07-03 21:27:02] BTCUSDT 15m: 当前价格=109215.90, EMA25=109417.86, EMA60=109204.16, EMA120=108708.48, 趋势=震荡行情
[2025-07-03 21:27:02] BTCUSDT 1h: 当前价格=109220.00, EMA25=108876.27, EMA60=108135.56, EMA120=107614.89, 趋势=上涨趋势
[2025-07-03 21:27:03] BTCUSDT 4h: 当前价格=109215.90, EMA25=107843.88, EMA60=107006.83, EMA120=106347.96, 趋势=上涨趋势
[2025-07-03 21:27:03] BTCUSDT 1d: 当前价格=109220.00, EMA25=106275.88, EMA60=103662.67, EMA120=99480.76, 趋势=上涨趋势
[2025-07-03 21:27:03] ETHUSDT 15m: 当前价格=2590.45, EMA25=2591.52, EMA60=2580.17, EMA120=2551.84, 趋势=震荡行情
[2025-07-03 21:27:03] ETHUSDT 1h: 当前价格=2590.28, EMA25=2562.30, EMA60=2518.45, EMA120=2487.01, 趋势=上涨趋势
[2025-07-03 21:27:03] ETHUSDT 4h: 当前价格=2590.28, EMA25=2501.60, EMA60=2470.81, EMA120=2474.73, 趋势=上涨趋势
[2025-07-03 21:27:04] ETHUSDT 1d: 当前价格=2590.44, EMA25=2482.00, EMA60=2418.70, EMA120=2394.80, 趋势=上涨趋势
==============================

===== 趋势分析结果 (2025-07-03 21:42:03) =====
[2025-07-03 21:42:02] BTCUSDT 15m: 当前价格=109845.80, EMA25=109454.09, EMA60=109226.68, EMA120=108728.03, 趋势=上涨趋势
[2025-07-03 21:42:02] BTCUSDT 1h: 当前价格=109860.30, EMA25=108925.53, EMA60=108156.55, EMA120=107625.47, 趋势=上涨趋势
[2025-07-03 21:42:03] BTCUSDT 4h: 当前价格=109857.40, EMA25=107893.22, EMA60=107027.86, EMA120=106358.57, 趋势=上涨趋势
[2025-07-03 21:42:03] BTCUSDT 1d: 当前价格=109857.50, EMA25=106324.92, EMA60=103683.57, EMA120=99491.29, 趋势=上涨趋势
[2025-07-03 21:42:03] ETHUSDT 15m: 当前价格=2618.27, EMA25=2593.55, EMA60=2581.41, EMA120=2552.93, 趋势=上涨趋势
[2025-07-03 21:42:03] ETHUSDT 1h: 当前价格=2618.27, EMA25=2564.45, EMA60=2519.37, EMA120=2487.47, 趋势=上涨趋势
[2025-07-03 21:42:03] ETHUSDT 4h: 当前价格=2617.90, EMA25=2503.73, EMA60=2471.71, EMA120=2475.18, 趋势=上涨趋势
[2025-07-03 21:42:03] ETHUSDT 1d: 当前价格=2617.90, EMA25=2484.11, EMA60=2419.60, EMA120=2395.25, 趋势=上涨趋势
==============================

===== 趋势分析结果 (2025-07-03 21:57:03) =====
[2025-07-03 21:57:02] BTCUSDT 15m: 当前价格=110319.40, EMA25=109534.09, EMA60=109268.51, EMA120=108757.40, 趋势=上涨趋势
[2025-07-03 21:57:02] BTCUSDT 1h: 当前价格=110319.50, EMA25=108960.85, EMA60=108171.61, EMA120=107633.06, 趋势=上涨趋势
[2025-07-03 21:57:03] BTCUSDT 4h: 当前价格=110330.50, EMA25=107929.62, EMA60=107043.37, EMA120=106366.39, 趋势=上涨趋势
[2025-07-03 21:57:03] BTCUSDT 1d: 当前价格=110319.50, EMA25=106360.46, EMA60=103698.72, EMA120=99498.93, 趋势=上涨趋势
[2025-07-03 21:57:03] ETHUSDT 15m: 当前价格=2626.41, EMA25=2596.28, EMA60=2582.98, EMA120=2554.19, 趋势=上涨趋势
[2025-07-03 21:57:03] ETHUSDT 1h: 当前价格=2626.41, EMA25=2565.08, EMA60=2519.64, EMA120=2487.61, 趋势=上涨趋势
[2025-07-03 21:57:03] ETHUSDT 4h: 当前价格=2626.41, EMA25=2504.38, EMA60=2471.99, EMA120=2475.32, 趋势=上涨趋势
[2025-07-03 21:57:03] ETHUSDT 1d: 当前价格=2627.02, EMA25=2484.82, EMA60=2419.90, EMA120=2395.40, 趋势=上涨趋势
==============================

===== 趋势分析结果 (2025-07-03 22:12:03) =====
[2025-07-03 22:12:02] BTCUSDT 15m: 当前价格=110111.60, EMA25=109571.47, EMA60=109293.01, EMA120=108778.17, 趋势=上涨趋势
[2025-07-03 22:12:02] BTCUSDT 1h: 当前价格=110111.60, EMA25=109042.32, EMA60=108232.07, EMA120=107672.42, 趋势=上涨趋势
[2025-07-03 22:12:03] BTCUSDT 4h: 当前价格=110111.60, EMA25=107912.78, EMA60=107036.19, EMA120=106362.77, 趋势=上涨趋势
[2025-07-03 22:12:03] BTCUSDT 1d: 当前价格=110111.60, EMA25=106344.46, EMA60=103691.90, EMA120=99495.49, 趋势=上涨趋势
[2025-07-03 22:12:03] ETHUSDT 15m: 当前价格=2623.04, EMA25=2598.15, EMA60=2584.21, EMA120=2555.29, 趋势=上涨趋势
[2025-07-03 22:12:03] ETHUSDT 1h: 当前价格=2622.34, EMA25=2569.29, EMA60=2522.92, EMA120=2489.79, 趋势=上涨趋势
[2025-07-03 22:12:03] ETHUSDT 4h: 当前价格=2623.33, EMA25=2504.15, EMA60=2471.89, EMA120=2475.27, 趋势=上涨趋势
[2025-07-03 22:12:03] ETHUSDT 1d: 当前价格=2623.04, EMA25=2484.51, EMA60=2419.77, EMA120=2395.33, 趋势=上涨趋势
==============================

===== 趋势分析结果 (2025-07-03 22:27:03) =====
[2025-07-03 22:27:02] BTCUSDT 15m: 当前价格=109973.50, EMA25=109587.65, EMA60=109308.73, EMA120=108794.55, 趋势=上涨趋势
[2025-07-03 22:27:02] BTCUSDT 1h: 当前价格=109961.10, EMA25=109030.75, EMA60=108227.14, EMA120=107669.93, 趋势=上涨趋势
[2025-07-03 22:27:03] BTCUSDT 4h: 当前价格=109973.50, EMA25=107902.16, EMA60=107031.67, EMA120=106360.49, 趋势=上涨趋势
[2025-07-03 22:27:03] BTCUSDT 1d: 当前价格=109973.40, EMA25=106333.83, EMA60=103687.37, EMA120=99493.21, 趋势=上涨趋势
[2025-07-03 22:27:03] ETHUSDT 15m: 当前价格=2608.24, EMA25=2598.25, EMA60=2584.69, EMA120=2556.01, 趋势=上涨趋势
[2025-07-03 22:27:03] ETHUSDT 1h: 当前价格=2608.65, EMA25=2568.24, EMA60=2522.47, EMA120=2489.57, 趋势=上涨趋势
[2025-07-03 22:27:03] ETHUSDT 4h: 当前价格=2608.46, EMA25=2503.00, EMA60=2471.40, EMA120=2475.03, 趋势=上涨趋势
[2025-07-03 22:27:03] ETHUSDT 1d: 当前价格=2608.89, EMA25=2483.42, EMA60=2419.30, EMA120=2395.10, 趋势=上涨趋势
==============================

===== 趋势分析结果 (2025-07-03 22:42:04) =====
[2025-07-03 22:42:02] BTCUSDT 15m: 当前价格=109823.80, EMA25=109597.05, EMA60=109321.70, EMA120=108809.55, 趋势=上涨趋势
[2025-07-03 22:42:02] BTCUSDT 1h: 当前价格=109834.70, EMA25=109021.02, EMA60=108222.99, EMA120=107667.84, 趋势=上涨趋势
[2025-07-03 22:42:03] BTCUSDT 4h: 当前价格=109834.70, EMA25=107891.48, EMA60=107027.12, EMA120=106358.19, 趋势=上涨趋势
[2025-07-03 22:42:03] BTCUSDT 1d: 当前价格=109842.20, EMA25=106323.74, EMA60=103683.07, EMA120=99491.04, 趋势=上涨趋势
[2025-07-03 22:42:03] ETHUSDT 15m: 当前价格=2595.43, EMA25=2597.65, EMA60=2584.87, EMA120=2556.57, 趋势=震荡行情
[2025-07-03 22:42:03] ETHUSDT 1h: 当前价格=2595.68, EMA25=2567.24, EMA60=2522.05, EMA120=2489.35, 趋势=上涨趋势
[2025-07-03 22:42:03] ETHUSDT 4h: 当前价格=2595.68, EMA25=2502.02, EMA60=2470.98, EMA120=2474.82, 趋势=上涨趋势
[2025-07-03 22:42:04] ETHUSDT 1d: 当前价格=2595.43, EMA25=2482.39, EMA60=2418.86, EMA120=2394.88, 趋势=上涨趋势
==============================

===== 趋势分析结果 (2025-07-03 22:57:03) =====
[2025-07-03 22:57:02] BTCUSDT 15m: 当前价格=109609.60, EMA25=109597.25, EMA60=109330.80, EMA120=108822.60, 趋势=上涨趋势
[2025-07-03 22:57:02] BTCUSDT 1h: 当前价格=109609.60, EMA25=109003.71, EMA60=108215.61, EMA120=107664.12, 趋势=上涨趋势
[2025-07-03 22:57:03] BTCUSDT 4h: 当前价格=109609.60, EMA25=107874.16, EMA60=107019.74, EMA120=106354.47, 趋势=上涨趋势
[2025-07-03 22:57:03] BTCUSDT 1d: 当前价格=109609.60, EMA25=106305.85, EMA60=103675.44, EMA120=99487.19, 趋势=上涨趋势
[2025-07-03 22:57:03] ETHUSDT 15m: 当前价格=2593.42, EMA25=2597.43, EMA60=2585.20, EMA120=2557.20, 趋势=震荡行情
[2025-07-03 22:57:03] ETHUSDT 1h: 当前价格=2593.42, EMA25=2567.07, EMA60=2521.97, EMA120=2489.31, 趋势=上涨趋势
[2025-07-03 22:57:03] ETHUSDT 4h: 当前价格=2593.63, EMA25=2501.86, EMA60=2470.92, EMA120=2474.78, 趋势=上涨趋势
[2025-07-03 22:57:03] ETHUSDT 1d: 当前价格=2593.42, EMA25=2482.23, EMA60=2418.80, EMA120=2394.84, 趋势=上涨趋势
==============================

===== 趋势分析结果 (2025-07-03 23:12:04) =====
[2025-07-03 23:12:02] BTCUSDT 15m: 当前价格=109445.10, EMA25=109589.83, EMA60=109336.46, EMA120=108833.88, 趋势=震荡行情
[2025-07-03 23:12:02] BTCUSDT 1h: 当前价格=109445.10, EMA25=109041.95, EMA60=108257.84, EMA120=107694.55, 趋势=上涨趋势
[2025-07-03 23:12:03] BTCUSDT 4h: 当前价格=109445.00, EMA25=107861.50, EMA60=107014.34, EMA120=106351.75, 趋势=上涨趋势
[2025-07-03 23:12:03] BTCUSDT 1d: 当前价格=109445.10, EMA25=106293.19, EMA60=103670.05, EMA120=99484.48, 趋势=上涨趋势
[2025-07-03 23:12:03] ETHUSDT 15m: 当前价格=2583.86, EMA25=2596.42, EMA60=2585.17, EMA120=2557.65, 趋势=震荡行情
[2025-07-03 23:12:03] ETHUSDT 1h: 当前价格=2583.86, EMA25=2568.40, EMA60=2524.02, EMA120=2490.88, 趋势=上涨趋势
[2025-07-03 23:12:03] ETHUSDT 4h: 当前价格=2583.86, EMA25=2501.11, EMA60=2470.60, EMA120=2474.62, 趋势=上涨趋势
[2025-07-03 23:12:03] ETHUSDT 1d: 当前价格=2583.86, EMA25=2481.50, EMA60=2418.48, EMA120=2394.69, 趋势=上涨趋势
==============================

===== 趋势分析结果 (2025-07-03 23:27:03) =====
[2025-07-03 23:27:02] BTCUSDT 15m: 当前价格=109520.70, EMA25=109582.52, EMA60=109341.61, EMA120=108844.77, 趋势=震荡行情
[2025-07-03 23:27:02] BTCUSDT 1h: 当前价格=109531.00, EMA25=109048.56, EMA60=108260.65, EMA120=107695.97, 趋势=上涨趋势
[2025-07-03 23:27:03] BTCUSDT 4h: 当前价格=109531.00, EMA25=107868.12, EMA60=107017.16, EMA120=106353.17, 趋势=上涨趋势
[2025-07-03 23:27:03] BTCUSDT 1d: 当前价格=109520.70, EMA25=106299.01, EMA60=103672.53, EMA120=99485.73, 趋势=上涨趋势
[2025-07-03 23:27:03] ETHUSDT 15m: 当前价格=2583.17, EMA25=2595.30, EMA60=2585.06, EMA120=2558.05, 趋势=震荡行情
[2025-07-03 23:27:03] ETHUSDT 1h: 当前价格=2583.40, EMA25=2568.36, EMA60=2524.01, EMA120=2490.88, 趋势=上涨趋势
[2025-07-03 23:27:03] ETHUSDT 4h: 当前价格=2582.92, EMA25=2501.04, EMA60=2470.57, EMA120=2474.61, 趋势=上涨趋势
[2025-07-03 23:27:03] ETHUSDT 1d: 当前价格=2583.40, EMA25=2481.46, EMA60=2418.47, EMA120=2394.68, 趋势=上涨趋势
==============================

===== 趋势分析结果 (2025-07-03 23:42:04) =====
[2025-07-03 23:42:02] BTCUSDT 15m: 当前价格=109356.50, EMA25=109564.29, EMA60=109341.73, EMA120=108853.04, 趋势=震荡行情
[2025-07-03 23:42:02] BTCUSDT 1h: 当前价格=109356.40, EMA25=109035.13, EMA60=108254.93, EMA120=107693.09, 趋势=上涨趋势
[2025-07-03 23:42:03] BTCUSDT 4h: 当前价格=109356.50, EMA25=107854.69, EMA60=107011.44, EMA120=106350.29, 趋势=上涨趋势
[2025-07-03 23:42:03] BTCUSDT 1d: 当前价格=109356.50, EMA25=106286.38, EMA60=103667.14, EMA120=99483.01, 趋势=上涨趋势
[2025-07-03 23:42:03] ETHUSDT 15m: 当前价格=2577.31, EMA25=2593.90, EMA60=2584.80, EMA120=2558.37, 趋势=震荡行情
[2025-07-03 23:42:03] ETHUSDT 1h: 当前价格=2577.31, EMA25=2567.89, EMA60=2523.81, EMA120=2490.78, 趋势=上涨趋势
[2025-07-03 23:42:03] ETHUSDT 4h: 当前价格=2577.31, EMA25=2500.61, EMA60=2470.38, EMA120=2474.51, 趋势=上涨趋势
[2025-07-03 23:42:03] ETHUSDT 1d: 当前价格=2577.31, EMA25=2480.99, EMA60=2418.27, EMA120=2394.58, 趋势=上涨趋势
==============================

===== 趋势分析结果 (2025-07-03 23:57:03) =====
[2025-07-03 23:57:02] BTCUSDT 15m: 当前价格=109060.00, EMA25=109517.06, EMA60=109328.72, EMA120=108854.53, 趋势=震荡行情
[2025-07-03 23:57:02] BTCUSDT 1h: 当前价格=109060.00, EMA25=109012.33, EMA60=108245.21, EMA120=107688.19, 趋势=上涨趋势
[2025-07-03 23:57:03] BTCUSDT 4h: 当前价格=109060.00, EMA25=107831.89, EMA60=107001.72, EMA120=106345.39, 趋势=上涨趋势
[2025-07-03 23:57:03] BTCUSDT 1d: 当前价格=109059.90, EMA25=106263.56, EMA60=103657.42, EMA120=99478.11, 趋势=上涨趋势
[2025-07-03 23:57:03] ETHUSDT 15m: 当前价格=2568.48, EMA25=2591.72, EMA60=2584.17, EMA120=2558.48, 趋势=震荡行情
[2025-07-03 23:57:03] ETHUSDT 1h: 当前价格=2568.53, EMA25=2567.22, EMA60=2523.52, EMA120=2490.63, 趋势=上涨趋势
[2025-07-03 23:57:03] ETHUSDT 4h: 当前价格=2568.13, EMA25=2499.90, EMA60=2470.08, EMA120=2474.36, 趋势=上涨趋势
[2025-07-03 23:57:03] ETHUSDT 1d: 当前价格=2568.14, EMA25=2480.29, EMA60=2417.97, EMA120=2394.43, 趋势=上涨趋势
==============================

