===== 趋势分析结果 (2025-08-16 00:00:20) =====
[2025-08-16 00:00:17] BTCUSDT 5m: 当前价格=117440.87, EMA25=117815.45, EMA50=%!f(utils.TrendStatus=RA), 趋势=%!s(MISSING)
[2025-08-16 00:00:17] BTCUSDT 15m: 当前价格=117960.30, EMA25=118296.98, EMA50=%!f(utils.TrendStatus=DO), 趋势=%!s(MISSING)
[2025-08-16 00:00:18] BTCUSDT 1h: 当前价格=118582.31, EMA25=119176.94, EMA50=%!f(utils.TrendStatus=DO), 趋势=%!s(MISSING)
[2025-08-16 00:00:18] BTCUSDT 4h: 当前价格=119204.38, EMA25=118645.32, EMA50=%!f(utils.TrendStatus=SE), 趋势=%!s(MISSING)
[2025-08-16 00:00:18] BTCUSDT 1d: 当前价格=117088.69, EMA25=114761.08, EMA50=%!f(utils.TrendStatus=UP), 趋势=%!s(MISSING)
[2025-08-16 00:00:19] BTCUSDT 3d: 当前价格=112854.22, EMA25=106401.61, EMA50=%!f(utils.TrendStatus=UP), 趋势=%!s(MISSING)
[2025-08-16 00:00:19] ETHUSDT 5m: 当前价格=4483.31, EMA25=4527.73, EMA50=%!f(utils.TrendStatus=RA), 趋势=%!s(MISSING)
[2025-08-16 00:00:19] ETHUSDT 15m: 当前价格=4540.28, EMA25=4572.88, EMA50=%!f(utils.TrendStatus=DO), 趋势=%!s(MISSING)
[2025-08-16 00:00:19] ETHUSDT 1h: 当前价格=4579.08, EMA25=4589.13, EMA50=%!f(utils.TrendStatus=DO), 趋势=%!s(MISSING)
[2025-08-16 00:00:20] ETHUSDT 4h: 当前价格=4515.63, EMA25=4347.15, EMA50=%!f(utils.TrendStatus=SE), 趋势=%!s(MISSING)
[2025-08-16 00:00:20] ETHUSDT 1d: 当前价格=3943.13, EMA25=3555.89, EMA50=%!f(utils.TrendStatus=UP), 趋势=%!s(MISSING)
[2025-08-16 00:00:20] ETHUSDT 3d: 当前价格=3371.23, EMA25=2994.98, EMA50=%!f(utils.TrendStatus=UP), 趋势=%!s(MISSING)
==============================

===== 趋势分析结果 (2025-08-16 00:05:20) =====
[2025-08-16 00:05:17] BTCUSDT 5m: 当前价格=117392.49, EMA25=117775.74, EMA50=%!f(utils.TrendStatus=SE), 趋势=%!s(MISSING)
[2025-08-16 00:05:17] BTCUSDT 15m: 当前价格=117938.41, EMA25=118285.82, EMA50=%!f(utils.TrendStatus=DO), 趋势=%!s(MISSING)
[2025-08-16 00:05:18] BTCUSDT 1h: 当前价格=118561.69, EMA25=119166.43, EMA50=%!f(utils.TrendStatus=DO), 趋势=%!s(MISSING)
[2025-08-16 00:05:18] BTCUSDT 4h: 当前价格=119183.31, EMA25=118634.58, EMA50=%!f(utils.TrendStatus=SE), 趋势=%!s(MISSING)
[2025-08-16 00:05:18] BTCUSDT 1d: 当前价格=117067.62, EMA25=114750.34, EMA50=%!f(utils.TrendStatus=RA), 趋势=%!s(MISSING)
[2025-08-16 00:05:19] BTCUSDT 3d: 当前价格=112832.57, EMA25=106390.57, EMA50=%!f(utils.TrendStatus=UP), 趋势=%!s(MISSING)
[2025-08-16 00:05:19] ETHUSDT 5m: 当前价格=4475.92, EMA25=4522.19, EMA50=%!f(utils.TrendStatus=SE), 趋势=%!s(MISSING)
[2025-08-16 00:05:19] ETHUSDT 15m: 当前价格=4538.53, EMA25=4571.99, EMA50=%!f(utils.TrendStatus=DO), 趋势=%!s(MISSING)
[2025-08-16 00:05:19] ETHUSDT 1h: 当前价格=4577.17, EMA25=4588.16, EMA50=%!f(utils.TrendStatus=DO), 趋势=%!s(MISSING)
[2025-08-16 00:05:20] ETHUSDT 4h: 当前价格=4513.65, EMA25=4346.13, EMA50=%!f(utils.TrendStatus=SE), 趋势=%!s(MISSING)
[2025-08-16 00:05:20] ETHUSDT 1d: 当前价格=3941.33, EMA25=3554.97, EMA50=%!f(utils.TrendStatus=UP), 趋势=%!s(MISSING)
[2025-08-16 00:05:20] ETHUSDT 3d: 当前价格=3369.31, EMA25=2994.00, EMA50=%!f(utils.TrendStatus=UP), 趋势=%!s(MISSING)
==============================

===== 趋势分析结果 (2025-08-16 00:10:20) =====
[2025-08-16 00:10:17] BTCUSDT 5m: 当前价格=117351.39, EMA25=117739.63, EMA50=%!f(utils.TrendStatus=SE), 趋势=%!s(MISSING)
[2025-08-16 00:10:17] BTCUSDT 15m: 当前价格=117932.90, EMA25=118283.01, EMA50=%!f(utils.TrendStatus=DO), 趋势=%!s(MISSING)
[2025-08-16 00:10:18] BTCUSDT 1h: 当前价格=118555.39, EMA25=119163.22, EMA50=%!f(utils.TrendStatus=DO), 趋势=%!s(MISSING)
[2025-08-16 00:10:18] BTCUSDT 4h: 当前价格=119178.29, EMA25=118632.02, EMA50=%!f(utils.TrendStatus=SE), 趋势=%!s(MISSING)
[2025-08-16 00:10:18] BTCUSDT 1d: 当前价格=117062.59, EMA25=114747.78, EMA50=%!f(utils.TrendStatus=RA), 趋势=%!s(MISSING)
[2025-08-16 00:10:19] BTCUSDT 3d: 当前价格=112827.31, EMA25=106387.89, EMA50=%!f(utils.TrendStatus=UP), 趋势=%!s(MISSING)
[2025-08-16 00:10:19] ETHUSDT 5m: 当前价格=4468.37, EMA25=4516.50, EMA50=%!f(utils.TrendStatus=SE), 趋势=%!s(MISSING)
[2025-08-16 00:10:19] ETHUSDT 15m: 当前价格=4537.43, EMA25=4571.42, EMA50=%!f(utils.TrendStatus=DO), 趋势=%!s(MISSING)
[2025-08-16 00:10:19] ETHUSDT 1h: 当前价格=4576.23, EMA25=4587.68, EMA50=%!f(utils.TrendStatus=DO), 趋势=%!s(MISSING)
[2025-08-16 00:10:20] ETHUSDT 4h: 当前价格=4512.78, EMA25=4345.69, EMA50=%!f(utils.TrendStatus=SE), 趋势=%!s(MISSING)
[2025-08-16 00:10:20] ETHUSDT 1d: 当前价格=3940.27, EMA25=3554.43, EMA50=%!f(utils.TrendStatus=UP), 趋势=%!s(MISSING)
[2025-08-16 00:10:20] ETHUSDT 3d: 当前价格=3368.42, EMA25=2993.55, EMA50=%!f(utils.TrendStatus=UP), 趋势=%!s(MISSING)
==============================

===== 趋势分析结果 (2025-08-16 00:15:20) =====
[2025-08-16 00:15:17] BTCUSDT 5m: 当前价格=117324.30, EMA25=117710.67, EMA50=%!f(utils.TrendStatus=SE), 趋势=%!s(MISSING)
[2025-08-16 00:15:17] BTCUSDT 15m: 当前价格=117860.71, EMA25=118232.55, EMA50=%!f(utils.TrendStatus=DO), 趋势=%!s(MISSING)
[2025-08-16 00:15:18] BTCUSDT 1h: 当前价格=118553.12, EMA25=119162.05, EMA50=%!f(utils.TrendStatus=DO), 趋势=%!s(MISSING)
[2025-08-16 00:15:18] BTCUSDT 4h: 当前价格=119176.00, EMA25=118630.85, EMA50=%!f(utils.TrendStatus=SE), 趋势=%!s(MISSING)
[2025-08-16 00:15:18] BTCUSDT 1d: 当前价格=117060.32, EMA25=114746.62, EMA50=%!f(utils.TrendStatus=RA), 趋势=%!s(MISSING)
[2025-08-16 00:15:19] BTCUSDT 3d: 当前价格=112827.23, EMA25=106387.85, EMA50=%!f(utils.TrendStatus=UP), 趋势=%!s(MISSING)
[2025-08-16 00:15:19] ETHUSDT 5m: 当前价格=4461.44, EMA25=4511.07, EMA50=%!f(utils.TrendStatus=SE), 趋势=%!s(MISSING)
[2025-08-16 00:15:19] ETHUSDT 15m: 当前价格=4525.23, EMA25=4563.86, EMA50=%!f(utils.TrendStatus=DO), 趋势=%!s(MISSING)
[2025-08-16 00:15:19] ETHUSDT 1h: 当前价格=4575.42, EMA25=4587.27, EMA50=%!f(utils.TrendStatus=DO), 趋势=%!s(MISSING)
[2025-08-16 00:15:20] ETHUSDT 4h: 当前价格=4512.04, EMA25=4345.32, EMA50=%!f(utils.TrendStatus=SE), 趋势=%!s(MISSING)
[2025-08-16 00:15:20] ETHUSDT 1d: 当前价格=3939.56, EMA25=3554.07, EMA50=%!f(utils.TrendStatus=UP), 趋势=%!s(MISSING)
[2025-08-16 00:15:20] ETHUSDT 3d: 当前价格=3367.49, EMA25=2993.07, EMA50=%!f(utils.TrendStatus=UP), 趋势=%!s(MISSING)
==============================

===== 趋势分析结果 (2025-08-16 00:20:20) =====
[2025-08-16 00:20:17] BTCUSDT 5m: 当前价格=117299.44, EMA25=117682.91, EMA50=%!f(utils.TrendStatus=SE), 趋势=%!s(MISSING)
[2025-08-16 00:20:17] BTCUSDT 15m: 当前价格=117862.14, EMA25=118233.28, EMA50=%!f(utils.TrendStatus=DO), 趋势=%!s(MISSING)
[2025-08-16 00:20:18] BTCUSDT 1h: 当前价格=118556.32, EMA25=119163.69, EMA50=%!f(utils.TrendStatus=DO), 趋势=%!s(MISSING)
[2025-08-16 00:20:18] BTCUSDT 4h: 当前价格=119179.22, EMA25=118632.49, EMA50=%!f(utils.TrendStatus=SE), 趋势=%!s(MISSING)
[2025-08-16 00:20:18] BTCUSDT 1d: 当前价格=117064.29, EMA25=114748.64, EMA50=%!f(utils.TrendStatus=RA), 趋势=%!s(MISSING)
[2025-08-16 00:20:19] BTCUSDT 3d: 当前价格=112829.22, EMA25=106388.86, EMA50=%!f(utils.TrendStatus=UP), 趋势=%!s(MISSING)
[2025-08-16 00:20:19] ETHUSDT 5m: 当前价格=4455.42, EMA25=4506.05, EMA50=%!f(utils.TrendStatus=RA), 趋势=%!s(MISSING)
[2025-08-16 00:20:19] ETHUSDT 15m: 当前价格=4525.22, EMA25=4563.86, EMA50=%!f(utils.TrendStatus=DO), 趋势=%!s(MISSING)
[2025-08-16 00:20:20] ETHUSDT 1h: 当前价格=4575.36, EMA25=4587.23, EMA50=%!f(utils.TrendStatus=DO), 趋势=%!s(MISSING)
[2025-08-16 00:20:20] ETHUSDT 4h: 当前价格=4511.93, EMA25=4345.26, EMA50=%!f(utils.TrendStatus=SE), 趋势=%!s(MISSING)
[2025-08-16 00:20:20] ETHUSDT 1d: 当前价格=3939.51, EMA25=3554.04, EMA50=%!f(utils.TrendStatus=UP), 趋势=%!s(MISSING)
[2025-08-16 00:20:20] ETHUSDT 3d: 当前价格=3367.60, EMA25=2993.13, EMA50=%!f(utils.TrendStatus=UP), 趋势=%!s(MISSING)
==============================

===== 趋势分析结果 (2025-08-16 00:25:23) =====
[2025-08-16 00:25:17] BTCUSDT 5m: 当前价格=117282.19, EMA25=117659.20, EMA50=%!f(utils.TrendStatus=RA), 趋势=%!s(MISSING)
[2025-08-16 00:25:17] BTCUSDT 15m: 当前价格=117864.43, EMA25=118234.44, EMA50=%!f(utils.TrendStatus=DO), 趋势=%!s(MISSING)
[2025-08-16 00:25:18] BTCUSDT 1h: 当前价格=118559.03, EMA25=119165.07, EMA50=%!f(utils.TrendStatus=DO), 趋势=%!s(MISSING)
[2025-08-16 00:25:20] BTCUSDT 4h: 当前价格=119179.89, EMA25=118632.83, EMA50=%!f(utils.TrendStatus=SE), 趋势=%!s(MISSING)
[2025-08-16 00:25:21] BTCUSDT 1d: 当前价格=117065.80, EMA25=114749.41, EMA50=%!f(utils.TrendStatus=RA), 趋势=%!s(MISSING)
[2025-08-16 00:25:21] BTCUSDT 3d: 当前价格=112828.89, EMA25=106388.70, EMA50=%!f(utils.TrendStatus=UP), 趋势=%!s(MISSING)
[2025-08-16 00:25:21] ETHUSDT 5m: 当前价格=4451.83, EMA25=4502.26, EMA50=%!f(utils.TrendStatus=RA), 趋势=%!s(MISSING)
[2025-08-16 00:25:22] ETHUSDT 15m: 当前价格=4525.91, EMA25=4564.21, EMA50=%!f(utils.TrendStatus=DO), 趋势=%!s(MISSING)
[2025-08-16 00:25:22] ETHUSDT 1h: 当前价格=4576.17, EMA25=4587.65, EMA50=%!f(utils.TrendStatus=DO), 趋势=%!s(MISSING)
[2025-08-16 00:25:22] ETHUSDT 4h: 当前价格=4512.65, EMA25=4345.63, EMA50=%!f(utils.TrendStatus=SE), 趋势=%!s(MISSING)
[2025-08-16 00:25:23] ETHUSDT 1d: 当前价格=3940.28, EMA25=3554.43, EMA50=%!f(utils.TrendStatus=UP), 趋势=%!s(MISSING)
[2025-08-16 00:25:23] ETHUSDT 3d: 当前价格=3368.32, EMA25=2993.50, EMA50=%!f(utils.TrendStatus=UP), 趋势=%!s(MISSING)
==============================

===== 趋势分析结果 (2025-08-16 00:30:20) =====
[2025-08-16 00:30:17] BTCUSDT 5m: 当前价格=117267.06, EMA25=117636.71, EMA50=%!f(utils.TrendStatus=SE), 趋势=%!s(MISSING)
[2025-08-16 00:30:17] BTCUSDT 15m: 当前价格=117803.20, EMA25=118188.71, EMA50=%!f(utils.TrendStatus=DO), 趋势=%!s(MISSING)
[2025-08-16 00:30:18] BTCUSDT 1h: 当前价格=118565.67, EMA25=119168.45, EMA50=%!f(utils.TrendStatus=DO), 趋势=%!s(MISSING)
[2025-08-16 00:30:18] BTCUSDT 4h: 当前价格=119188.56, EMA25=118637.26, EMA50=%!f(utils.TrendStatus=SE), 趋势=%!s(MISSING)
[2025-08-16 00:30:18] BTCUSDT 1d: 当前价格=117072.87, EMA25=114753.02, EMA50=%!f(utils.TrendStatus=UP), 趋势=%!s(MISSING)
[2025-08-16 00:30:19] BTCUSDT 3d: 当前价格=112836.51, EMA25=106392.58, EMA50=%!f(utils.TrendStatus=UP), 趋势=%!s(MISSING)
[2025-08-16 00:30:19] ETHUSDT 5m: 当前价格=4447.87, EMA25=4498.27, EMA50=%!f(utils.TrendStatus=RA), 趋势=%!s(MISSING)
[2025-08-16 00:30:19] ETHUSDT 15m: 当前价格=4516.54, EMA25=4557.93, EMA50=%!f(utils.TrendStatus=DO), 趋势=%!s(MISSING)
[2025-08-16 00:30:19] ETHUSDT 1h: 当前价格=4576.63, EMA25=4587.88, EMA50=%!f(utils.TrendStatus=DO), 趋势=%!s(MISSING)
[2025-08-16 00:30:20] ETHUSDT 4h: 当前价格=4513.33, EMA25=4345.97, EMA50=%!f(utils.TrendStatus=SE), 趋势=%!s(MISSING)
[2025-08-16 00:30:20] ETHUSDT 1d: 当前价格=3940.90, EMA25=3554.75, EMA50=%!f(utils.TrendStatus=UP), 趋势=%!s(MISSING)
[2025-08-16 00:30:20] ETHUSDT 3d: 当前价格=3369.09, EMA25=2993.89, EMA50=%!f(utils.TrendStatus=UP), 趋势=%!s(MISSING)
==============================

===== 趋势分析结果 (2025-08-16 00:35:20) =====
[2025-08-16 00:35:17] BTCUSDT 5m: 当前价格=117259.68, EMA25=117618.54, EMA50=%!f(utils.TrendStatus=RA), 趋势=%!s(MISSING)
[2025-08-16 00:35:17] BTCUSDT 15m: 当前价格=117806.36, EMA25=118190.33, EMA50=%!f(utils.TrendStatus=DO), 趋势=%!s(MISSING)
[2025-08-16 00:35:18] BTCUSDT 1h: 当前价格=118566.05, EMA25=119168.65, EMA50=%!f(utils.TrendStatus=DO), 趋势=%!s(MISSING)
[2025-08-16 00:35:18] BTCUSDT 4h: 当前价格=119188.28, EMA25=118637.11, EMA50=%!f(utils.TrendStatus=SE), 趋势=%!s(MISSING)
[2025-08-16 00:35:18] BTCUSDT 1d: 当前价格=117072.59, EMA25=114752.87, EMA50=%!f(utils.TrendStatus=UP), 趋势=%!s(MISSING)
[2025-08-16 00:35:19] BTCUSDT 3d: 当前价格=112837.96, EMA25=106393.32, EMA50=%!f(utils.TrendStatus=UP), 趋势=%!s(MISSING)
[2025-08-16 00:35:19] ETHUSDT 5m: 当前价格=4445.83, EMA25=4495.28, EMA50=%!f(utils.TrendStatus=RA), 趋势=%!s(MISSING)
[2025-08-16 00:35:19] ETHUSDT 15m: 当前价格=4516.84, EMA25=4558.09, EMA50=%!f(utils.TrendStatus=DO), 趋势=%!s(MISSING)
[2025-08-16 00:35:19] ETHUSDT 1h: 当前价格=4577.41, EMA25=4588.28, EMA50=%!f(utils.TrendStatus=DO), 趋势=%!s(MISSING)
[2025-08-16 00:35:20] ETHUSDT 4h: 当前价格=4514.01, EMA25=4346.32, EMA50=%!f(utils.TrendStatus=SE), 趋势=%!s(MISSING)
[2025-08-16 00:35:20] ETHUSDT 1d: 当前价格=3941.60, EMA25=3555.10, EMA50=%!f(utils.TrendStatus=UP), 趋势=%!s(MISSING)
[2025-08-16 00:35:20] ETHUSDT 3d: 当前价格=3369.45, EMA25=2994.07, EMA50=%!f(utils.TrendStatus=UP), 趋势=%!s(MISSING)
==============================

===== 趋势分析结果 (2025-08-16 00:40:20) =====
[2025-08-16 00:40:17] BTCUSDT 5m: 当前价格=117248.79, EMA25=117598.94, EMA50=%!f(utils.TrendStatus=RA), 趋势=%!s(MISSING)
[2025-08-16 00:40:17] BTCUSDT 15m: 当前价格=117805.58, EMA25=118189.93, EMA50=%!f(utils.TrendStatus=DO), 趋势=%!s(MISSING)
[2025-08-16 00:40:18] BTCUSDT 1h: 当前价格=118566.97, EMA25=119169.12, EMA50=%!f(utils.TrendStatus=DO), 趋势=%!s(MISSING)
[2025-08-16 00:40:18] BTCUSDT 4h: 当前价格=119189.87, EMA25=118637.92, EMA50=%!f(utils.TrendStatus=SE), 趋势=%!s(MISSING)
[2025-08-16 00:40:18] BTCUSDT 1d: 当前价格=117074.17, EMA25=114753.68, EMA50=%!f(utils.TrendStatus=UP), 趋势=%!s(MISSING)
[2025-08-16 00:40:19] BTCUSDT 3d: 当前价格=112838.89, EMA25=106393.79, EMA50=%!f(utils.TrendStatus=UP), 趋势=%!s(MISSING)
[2025-08-16 00:40:19] ETHUSDT 5m: 当前价格=4442.65, EMA25=4491.72, EMA50=%!f(utils.TrendStatus=SE), 趋势=%!s(MISSING)
[2025-08-16 00:40:19] ETHUSDT 15m: 当前价格=4516.72, EMA25=4558.03, EMA50=%!f(utils.TrendStatus=DO), 趋势=%!s(MISSING)
[2025-08-16 00:40:19] ETHUSDT 1h: 当前价格=4577.09, EMA25=4588.12, EMA50=%!f(utils.TrendStatus=DO), 趋势=%!s(MISSING)
[2025-08-16 00:40:20] ETHUSDT 4h: 当前价格=4513.57, EMA25=4346.09, EMA50=%!f(utils.TrendStatus=SE), 趋势=%!s(MISSING)
[2025-08-16 00:40:20] ETHUSDT 1d: 当前价格=3941.16, EMA25=3554.88, EMA50=%!f(utils.TrendStatus=UP), 趋势=%!s(MISSING)
[2025-08-16 00:40:20] ETHUSDT 3d: 当前价格=3369.21, EMA25=2993.95, EMA50=%!f(utils.TrendStatus=UP), 趋势=%!s(MISSING)
==============================

===== 趋势分析结果 (2025-08-16 00:45:19) =====
[2025-08-16 00:45:17] BTCUSDT 5m: 当前价格=117245.38, EMA25=117583.53, EMA50=%!f(utils.TrendStatus=SE), 趋势=%!s(MISSING)
[2025-08-16 00:45:17] BTCUSDT 15m: 当前价格=117759.34, EMA25=118151.34, EMA50=%!f(utils.TrendStatus=DO), 趋势=%!s(MISSING)
[2025-08-16 00:45:17] BTCUSDT 1h: 当前价格=118572.32, EMA25=119171.85, EMA50=%!f(utils.TrendStatus=DO), 趋势=%!s(MISSING)
[2025-08-16 00:45:18] BTCUSDT 4h: 当前价格=119195.22, EMA25=118640.65, EMA50=%!f(utils.TrendStatus=SE), 趋势=%!s(MISSING)
[2025-08-16 00:45:18] BTCUSDT 1d: 当前价格=117079.52, EMA25=114756.40, EMA50=%!f(utils.TrendStatus=UP), 趋势=%!s(MISSING)
[2025-08-16 00:45:18] BTCUSDT 3d: 当前价格=112844.24, EMA25=106396.52, EMA50=%!f(utils.TrendStatus=UP), 趋势=%!s(MISSING)
[2025-08-16 00:45:18] ETHUSDT 5m: 当前价格=4439.51, EMA25=4488.18, EMA50=%!f(utils.TrendStatus=SE), 趋势=%!s(MISSING)
[2025-08-16 00:45:18] ETHUSDT 15m: 当前价格=4507.80, EMA25=4551.85, EMA50=%!f(utils.TrendStatus=DO), 趋势=%!s(MISSING)
[2025-08-16 00:45:19] ETHUSDT 1h: 当前价格=4577.15, EMA25=4588.15, EMA50=%!f(utils.TrendStatus=DO), 趋势=%!s(MISSING)
[2025-08-16 00:45:19] ETHUSDT 4h: 当前价格=4513.84, EMA25=4346.23, EMA50=%!f(utils.TrendStatus=SE), 趋势=%!s(MISSING)
[2025-08-16 00:45:19] ETHUSDT 1d: 当前价格=3941.43, EMA25=3555.02, EMA50=%!f(utils.TrendStatus=UP), 趋势=%!s(MISSING)
[2025-08-16 00:45:19] ETHUSDT 3d: 当前价格=3369.44, EMA25=2994.06, EMA50=%!f(utils.TrendStatus=UP), 趋势=%!s(MISSING)
==============================

===== 趋势分析结果 (2025-08-16 00:50:19) =====
[2025-08-16 00:50:17] BTCUSDT 5m: 当前价格=117252.37, EMA25=117573.97, EMA50=%!f(utils.TrendStatus=RA), 趋势=%!s(MISSING)
[2025-08-16 00:50:17] BTCUSDT 15m: 当前价格=117765.10, EMA25=118154.27, EMA50=%!f(utils.TrendStatus=DO), 趋势=%!s(MISSING)
[2025-08-16 00:50:17] BTCUSDT 1h: 当前价格=118578.09, EMA25=119174.78, EMA50=%!f(utils.TrendStatus=DO), 趋势=%!s(MISSING)
[2025-08-16 00:50:18] BTCUSDT 4h: 当前价格=119200.98, EMA25=118643.59, EMA50=%!f(utils.TrendStatus=SE), 趋势=%!s(MISSING)
[2025-08-16 00:50:18] BTCUSDT 1d: 当前价格=117085.28, EMA25=114759.34, EMA50=%!f(utils.TrendStatus=UP), 趋势=%!s(MISSING)
[2025-08-16 00:50:18] BTCUSDT 3d: 当前价格=112850.00, EMA25=106399.46, EMA50=%!f(utils.TrendStatus=UP), 趋势=%!s(MISSING)
[2025-08-16 00:50:18] ETHUSDT 5m: 当前价格=4438.69, EMA25=4485.88, EMA50=%!f(utils.TrendStatus=RA), 趋势=%!s(MISSING)
[2025-08-16 00:50:18] ETHUSDT 15m: 当前价格=4508.74, EMA25=4552.33, EMA50=%!f(utils.TrendStatus=DO), 趋势=%!s(MISSING)
[2025-08-16 00:50:19] ETHUSDT 1h: 当前价格=4578.11, EMA25=4588.64, EMA50=%!f(utils.TrendStatus=DO), 趋势=%!s(MISSING)
[2025-08-16 00:50:19] ETHUSDT 4h: 当前价格=4514.57, EMA25=4346.61, EMA50=%!f(utils.TrendStatus=SE), 趋势=%!s(MISSING)
[2025-08-16 00:50:19] ETHUSDT 1d: 当前价格=3942.25, EMA25=3555.44, EMA50=%!f(utils.TrendStatus=UP), 趋势=%!s(MISSING)
[2025-08-16 00:50:19] ETHUSDT 3d: 当前价格=3370.26, EMA25=2994.48, EMA50=%!f(utils.TrendStatus=UP), 趋势=%!s(MISSING)
==============================

===== 趋势分析结果 (2025-08-16 00:55:19) =====
[2025-08-16 00:55:17] BTCUSDT 5m: 当前价格=117257.09, EMA25=117563.86, EMA50=%!f(utils.TrendStatus=RA), 趋势=%!s(MISSING)
[2025-08-16 00:55:17] BTCUSDT 15m: 当前价格=117764.85, EMA25=118154.14, EMA50=%!f(utils.TrendStatus=DO), 趋势=%!s(MISSING)
[2025-08-16 00:55:17] BTCUSDT 1h: 当前价格=118577.91, EMA25=119174.69, EMA50=%!f(utils.TrendStatus=DO), 趋势=%!s(MISSING)
[2025-08-16 00:55:18] BTCUSDT 4h: 当前价格=119200.73, EMA25=118643.46, EMA50=%!f(utils.TrendStatus=SE), 趋势=%!s(MISSING)
[2025-08-16 00:55:18] BTCUSDT 1d: 当前价格=117085.03, EMA25=114759.22, EMA50=%!f(utils.TrendStatus=UP), 趋势=%!s(MISSING)
[2025-08-16 00:55:18] BTCUSDT 3d: 当前价格=112849.75, EMA25=106399.33, EMA50=%!f(utils.TrendStatus=UP), 趋势=%!s(MISSING)
[2025-08-16 00:55:18] ETHUSDT 5m: 当前价格=4436.67, EMA25=4483.00, EMA50=%!f(utils.TrendStatus=SE), 趋势=%!s(MISSING)
[2025-08-16 00:55:18] ETHUSDT 15m: 当前价格=4508.30, EMA25=4552.11, EMA50=%!f(utils.TrendStatus=DO), 趋势=%!s(MISSING)
[2025-08-16 00:55:18] ETHUSDT 1h: 当前价格=4577.60, EMA25=4588.38, EMA50=%!f(utils.TrendStatus=DO), 趋势=%!s(MISSING)
[2025-08-16 00:55:19] ETHUSDT 4h: 当前价格=4514.16, EMA25=4346.39, EMA50=%!f(utils.TrendStatus=SE), 趋势=%!s(MISSING)
[2025-08-16 00:55:19] ETHUSDT 1d: 当前价格=3941.74, EMA25=3555.18, EMA50=%!f(utils.TrendStatus=UP), 趋势=%!s(MISSING)
[2025-08-16 00:55:19] ETHUSDT 3d: 当前价格=3369.75, EMA25=2994.23, EMA50=%!f(utils.TrendStatus=UP), 趋势=%!s(MISSING)
==============================

===== 趋势分析结果 (2025-08-16 01:09:13) =====
[2025-08-16 01:09:11] BTCUSDT 5m: 当前价格=117247.58, EMA25=117535.37, EMA50=%!f(utils.TrendStatus=SE), 趋势=%!s(MISSING)
[2025-08-16 01:09:11] BTCUSDT 15m: 当前价格=117727.07, EMA25=118119.71, EMA50=%!f(utils.TrendStatus=DO), 趋势=%!s(MISSING)
[2025-08-16 01:09:11] BTCUSDT 1h: 当前价格=118477.35, EMA25=119100.12, EMA50=%!f(utils.TrendStatus=SE), 趋势=%!s(MISSING)
[2025-08-16 01:09:11] BTCUSDT 4h: 当前价格=119198.36, EMA25=118642.25, EMA50=%!f(utils.TrendStatus=SE), 趋势=%!s(MISSING)
[2025-08-16 01:09:11] BTCUSDT 1d: 当前价格=117082.84, EMA25=114758.10, EMA50=%!f(utils.TrendStatus=UP), 趋势=%!s(MISSING)
[2025-08-16 01:09:11] BTCUSDT 3d: 当前价格=112847.39, EMA25=106398.12, EMA50=%!f(utils.TrendStatus=UP), 趋势=%!s(MISSING)
[2025-08-16 01:09:12] ETHUSDT 5m: 当前价格=4432.27, EMA25=4477.14, EMA50=%!f(utils.TrendStatus=SE), 趋势=%!s(MISSING)
[2025-08-16 01:09:12] ETHUSDT 15m: 当前价格=4500.85, EMA25=4546.59, EMA50=%!f(utils.TrendStatus=DO), 趋势=%!s(MISSING)
[2025-08-16 01:09:12] ETHUSDT 1h: 当前价格=4564.78, EMA25=4581.42, EMA50=%!f(utils.TrendStatus=SE), 趋势=%!s(MISSING)
[2025-08-16 01:09:12] ETHUSDT 4h: 当前价格=4513.96, EMA25=4346.29, EMA50=%!f(utils.TrendStatus=RA), 趋势=%!s(MISSING)
[2025-08-16 01:09:12] ETHUSDT 1d: 当前价格=3941.55, EMA25=3555.08, EMA50=%!f(utils.TrendStatus=UP), 趋势=%!s(MISSING)
[2025-08-16 01:09:13] ETHUSDT 3d: 当前价格=3369.56, EMA25=2994.13, EMA50=%!f(utils.TrendStatus=UP), 趋势=%!s(MISSING)
==============================

===== 趋势分析结果 (2025-08-16 01:10:09) =====
[2025-08-16 01:10:07] BTCUSDT 5m: 当前价格=117245.66, EMA25=117523.10, EMA50=%!f(utils.TrendStatus=SE), 趋势=%!s(MISSING)
[2025-08-16 01:10:07] BTCUSDT 15m: 当前价格=117727.89, EMA25=118120.13, EMA50=%!f(utils.TrendStatus=DO), 趋势=%!s(MISSING)
[2025-08-16 01:10:07] BTCUSDT 1h: 当前价格=118478.33, EMA25=119100.62, EMA50=%!f(utils.TrendStatus=SE), 趋势=%!s(MISSING)
[2025-08-16 01:10:07] BTCUSDT 4h: 当前价格=119199.35, EMA25=118642.76, EMA50=%!f(utils.TrendStatus=SE), 趋势=%!s(MISSING)
[2025-08-16 01:10:07] BTCUSDT 1d: 当前价格=117083.66, EMA25=114758.52, EMA50=%!f(utils.TrendStatus=UP), 趋势=%!s(MISSING)
[2025-08-16 01:10:08] BTCUSDT 3d: 当前价格=112848.38, EMA25=106398.63, EMA50=%!f(utils.TrendStatus=UP), 趋势=%!s(MISSING)
[2025-08-16 01:10:08] ETHUSDT 5m: 当前价格=4430.43, EMA25=4474.45, EMA50=%!f(utils.TrendStatus=SE), 趋势=%!s(MISSING)
[2025-08-16 01:10:08] ETHUSDT 15m: 当前价格=4500.86, EMA25=4546.59, EMA50=%!f(utils.TrendStatus=DO), 趋势=%!s(MISSING)
[2025-08-16 01:10:08] ETHUSDT 1h: 当前价格=4564.76, EMA25=4581.41, EMA50=%!f(utils.TrendStatus=SE), 趋势=%!s(MISSING)
[2025-08-16 01:10:08] ETHUSDT 4h: 当前价格=4514.00, EMA25=4346.31, EMA50=%!f(utils.TrendStatus=RA), 趋势=%!s(MISSING)
[2025-08-16 01:10:08] ETHUSDT 1d: 当前价格=3941.58, EMA25=3555.10, EMA50=%!f(utils.TrendStatus=UP), 趋势=%!s(MISSING)
[2025-08-16 01:10:09] ETHUSDT 3d: 当前价格=3369.59, EMA25=2994.14, EMA50=%!f(utils.TrendStatus=UP), 趋势=%!s(MISSING)
==============================

===== 趋势分析结果 (2025-08-16 01:15:18) =====
[2025-08-16 01:15:16] BTCUSDT 5m: 当前价格=117229.25, EMA25=117503.69, EMA50=%!f(utils.TrendStatus=SE), 趋势=%!s(MISSING)
[2025-08-16 01:15:16] BTCUSDT 15m: 当前价格=117674.38, EMA25=118077.30, EMA50=%!f(utils.TrendStatus=DO), 趋势=%!s(MISSING)
[2025-08-16 01:15:16] BTCUSDT 1h: 当前价格=118470.63, EMA25=119096.69, EMA50=%!f(utils.TrendStatus=SE), 趋势=%!s(MISSING)
[2025-08-16 01:15:16] BTCUSDT 4h: 当前价格=119191.66, EMA25=118638.83, EMA50=%!f(utils.TrendStatus=SE), 趋势=%!s(MISSING)
[2025-08-16 01:15:17] BTCUSDT 1d: 当前价格=117076.89, EMA25=114755.06, EMA50=%!f(utils.TrendStatus=UP), 趋势=%!s(MISSING)
[2025-08-16 01:15:17] BTCUSDT 3d: 当前价格=112840.68, EMA25=106394.70, EMA50=%!f(utils.TrendStatus=UP), 趋势=%!s(MISSING)
[2025-08-16 01:15:17] ETHUSDT 5m: 当前价格=4425.71, EMA25=4470.28, EMA50=%!f(utils.TrendStatus=SE), 趋势=%!s(MISSING)
[2025-08-16 01:15:17] ETHUSDT 15m: 当前价格=4490.65, EMA25=4539.56, EMA50=%!f(utils.TrendStatus=DO), 趋势=%!s(MISSING)
[2025-08-16 01:15:17] ETHUSDT 1h: 当前价格=4563.25, EMA25=4580.64, EMA50=%!f(utils.TrendStatus=SE), 趋势=%!s(MISSING)
[2025-08-16 01:15:17] ETHUSDT 4h: 当前价格=4512.47, EMA25=4345.53, EMA50=%!f(utils.TrendStatus=RA), 趋势=%!s(MISSING)
[2025-08-16 01:15:18] ETHUSDT 1d: 当前价格=3940.04, EMA25=3554.31, EMA50=%!f(utils.TrendStatus=UP), 趋势=%!s(MISSING)
[2025-08-16 01:15:18] ETHUSDT 3d: 当前价格=3368.04, EMA25=2993.35, EMA50=%!f(utils.TrendStatus=UP), 趋势=%!s(MISSING)
==============================

===== 趋势分析结果 (2025-08-16 01:20:18) =====
[2025-08-16 01:20:16] BTCUSDT 5m: 当前价格=117207.64, EMA25=117481.79, EMA50=%!f(utils.TrendStatus=SE), 趋势=%!s(MISSING)
[2025-08-16 01:20:16] BTCUSDT 15m: 当前价格=117667.18, EMA25=118073.63, EMA50=%!f(utils.TrendStatus=DO), 趋势=%!s(MISSING)
[2025-08-16 01:20:16] BTCUSDT 1h: 当前价格=118462.77, EMA25=119092.69, EMA50=%!f(utils.TrendStatus=SE), 趋势=%!s(MISSING)
[2025-08-16 01:20:16] BTCUSDT 4h: 当前价格=119183.79, EMA25=118634.82, EMA50=%!f(utils.TrendStatus=SE), 趋势=%!s(MISSING)
[2025-08-16 01:20:17] BTCUSDT 1d: 当前价格=117068.09, EMA25=114750.58, EMA50=%!f(utils.TrendStatus=UP), 趋势=%!s(MISSING)
[2025-08-16 01:20:17] BTCUSDT 3d: 当前价格=112832.81, EMA25=106390.69, EMA50=%!f(utils.TrendStatus=UP), 趋势=%!s(MISSING)
[2025-08-16 01:20:17] ETHUSDT 5m: 当前价格=4421.82, EMA25=4466.54, EMA50=%!f(utils.TrendStatus=SE), 趋势=%!s(MISSING)
[2025-08-16 01:20:17] ETHUSDT 15m: 当前价格=4489.68, EMA25=4539.07, EMA50=%!f(utils.TrendStatus=DO), 趋势=%!s(MISSING)
[2025-08-16 01:20:17] ETHUSDT 1h: 当前价格=4562.34, EMA25=4580.18, EMA50=%!f(utils.TrendStatus=SE), 趋势=%!s(MISSING)
[2025-08-16 01:20:18] ETHUSDT 4h: 当前价格=4511.68, EMA25=4345.13, EMA50=%!f(utils.TrendStatus=RA), 趋势=%!s(MISSING)
[2025-08-16 01:20:18] ETHUSDT 1d: 当前价格=3939.13, EMA25=3553.85, EMA50=%!f(utils.TrendStatus=UP), 趋势=%!s(MISSING)
[2025-08-16 01:20:18] ETHUSDT 3d: 当前价格=3367.14, EMA25=2992.89, EMA50=%!f(utils.TrendStatus=UP), 趋势=%!s(MISSING)
==============================

===== 趋势分析结果 (2025-08-16 01:25:18) =====
[2025-08-16 01:25:16] BTCUSDT 5m: 当前价格=117212.73, EMA25=117473.79, EMA50=%!f(utils.TrendStatus=SE), 趋势=%!s(MISSING)
[2025-08-16 01:25:16] BTCUSDT 15m: 当前价格=117677.66, EMA25=118078.97, EMA50=%!f(utils.TrendStatus=DO), 趋势=%!s(MISSING)
[2025-08-16 01:25:16] BTCUSDT 1h: 当前价格=118474.84, EMA25=119098.84, EMA50=%!f(utils.TrendStatus=SE), 趋势=%!s(MISSING)
[2025-08-16 01:25:16] BTCUSDT 4h: 当前价格=119195.86, EMA25=118640.98, EMA50=%!f(utils.TrendStatus=SE), 趋势=%!s(MISSING)
[2025-08-16 01:25:17] BTCUSDT 1d: 当前价格=117079.92, EMA25=114756.61, EMA50=%!f(utils.TrendStatus=UP), 趋势=%!s(MISSING)
[2025-08-16 01:25:17] BTCUSDT 3d: 当前价格=112844.88, EMA25=106396.85, EMA50=%!f(utils.TrendStatus=UP), 趋势=%!s(MISSING)
[2025-08-16 01:25:17] ETHUSDT 5m: 当前价格=4420.14, EMA25=4463.95, EMA50=%!f(utils.TrendStatus=SE), 趋势=%!s(MISSING)
[2025-08-16 01:25:17] ETHUSDT 15m: 当前价格=4490.78, EMA25=4539.63, EMA50=%!f(utils.TrendStatus=DO), 趋势=%!s(MISSING)
[2025-08-16 01:25:17] ETHUSDT 1h: 当前价格=4563.39, EMA25=4580.71, EMA50=%!f(utils.TrendStatus=SE), 趋势=%!s(MISSING)
[2025-08-16 01:25:17] ETHUSDT 4h: 当前价格=4512.56, EMA25=4345.58, EMA50=%!f(utils.TrendStatus=RA), 趋势=%!s(MISSING)
[2025-08-16 01:25:18] ETHUSDT 1d: 当前价格=3940.13, EMA25=3554.35, EMA50=%!f(utils.TrendStatus=UP), 趋势=%!s(MISSING)
[2025-08-16 01:25:18] ETHUSDT 3d: 当前价格=3368.13, EMA25=2993.40, EMA50=%!f(utils.TrendStatus=UP), 趋势=%!s(MISSING)
==============================

===== 趋势分析结果 (2025-08-16 01:30:22) =====
[2025-08-16 01:30:18] BTCUSDT 5m: 当前价格=117258.39, EMA25=117487.29, EMA50=%!f(utils.TrendStatus=RA), 趋势=%!s(MISSING)
[2025-08-16 01:30:18] BTCUSDT 15m: 当前价格=117687.34, EMA25=118068.63, EMA50=%!f(utils.TrendStatus=DO), 趋势=%!s(MISSING)
[2025-08-16 01:30:20] BTCUSDT 1h: 当前价格=118500.57, EMA25=119111.96, EMA50=%!f(utils.TrendStatus=SE), 趋势=%!s(MISSING)
[2025-08-16 01:30:21] BTCUSDT 4h: 当前价格=119221.59, EMA25=118654.09, EMA50=%!f(utils.TrendStatus=SE), 趋势=%!s(MISSING)
[2025-08-16 01:30:21] BTCUSDT 1d: 当前价格=117105.89, EMA25=114769.85, EMA50=%!f(utils.TrendStatus=UP), 趋势=%!s(MISSING)
[2025-08-16 01:30:21] BTCUSDT 3d: 当前价格=112870.61, EMA25=106409.96, EMA50=%!f(utils.TrendStatus=UP), 趋势=%!s(MISSING)
[2025-08-16 01:30:21] ETHUSDT 5m: 当前价格=4423.67, EMA25=4464.08, EMA50=%!f(utils.TrendStatus=RA), 趋势=%!s(MISSING)
[2025-08-16 01:30:21] ETHUSDT 15m: 当前价格=4488.90, EMA25=4536.81, EMA50=%!f(utils.TrendStatus=DO), 趋势=%!s(MISSING)
[2025-08-16 01:30:21] ETHUSDT 1h: 当前价格=4566.47, EMA25=4582.28, EMA50=%!f(utils.TrendStatus=SE), 趋势=%!s(MISSING)
[2025-08-16 01:30:22] ETHUSDT 4h: 当前价格=4515.63, EMA25=4347.15, EMA50=%!f(utils.TrendStatus=RA), 趋势=%!s(MISSING)
[2025-08-16 01:30:22] ETHUSDT 1d: 当前价格=3943.13, EMA25=3555.88, EMA50=%!f(utils.TrendStatus=UP), 趋势=%!s(MISSING)
[2025-08-16 01:30:22] ETHUSDT 3d: 当前价格=3371.13, EMA25=2994.93, EMA50=%!f(utils.TrendStatus=UP), 趋势=%!s(MISSING)
==============================

===== 趋势分析结果 (2025-08-16 01:35:18) =====
[2025-08-16 01:35:16] BTCUSDT 5m: 当前价格=117273.17, EMA25=117485.80, EMA50=%!f(utils.TrendStatus=RA), 趋势=%!s(MISSING)
[2025-08-16 01:35:16] BTCUSDT 15m: 当前价格=117684.11, EMA25=118066.99, EMA50=%!f(utils.TrendStatus=DO), 趋势=%!s(MISSING)
[2025-08-16 01:35:16] BTCUSDT 1h: 当前价格=118497.34, EMA25=119110.31, EMA50=%!f(utils.TrendStatus=SE), 趋势=%!s(MISSING)
[2025-08-16 01:35:16] BTCUSDT 4h: 当前价格=119218.36, EMA25=118652.45, EMA50=%!f(utils.TrendStatus=SE), 趋势=%!s(MISSING)
[2025-08-16 01:35:17] BTCUSDT 1d: 当前价格=117102.66, EMA25=114768.20, EMA50=%!f(utils.TrendStatus=UP), 趋势=%!s(MISSING)
[2025-08-16 01:35:17] BTCUSDT 3d: 当前价格=112867.38, EMA25=106408.32, EMA50=%!f(utils.TrendStatus=UP), 趋势=%!s(MISSING)
[2025-08-16 01:35:17] ETHUSDT 5m: 当前价格=4422.73, EMA25=4462.01, EMA50=%!f(utils.TrendStatus=RA), 趋势=%!s(MISSING)
[2025-08-16 01:35:17] ETHUSDT 15m: 当前价格=4488.11, EMA25=4536.41, EMA50=%!f(utils.TrendStatus=DO), 趋势=%!s(MISSING)
[2025-08-16 01:35:17] ETHUSDT 1h: 当前价格=4565.77, EMA25=4581.92, EMA50=%!f(utils.TrendStatus=SE), 趋势=%!s(MISSING)
[2025-08-16 01:35:17] ETHUSDT 4h: 当前价格=4514.87, EMA25=4346.76, EMA50=%!f(utils.TrendStatus=RA), 趋势=%!s(MISSING)
[2025-08-16 01:35:18] ETHUSDT 1d: 当前价格=3942.54, EMA25=3555.59, EMA50=%!f(utils.TrendStatus=UP), 趋势=%!s(MISSING)
[2025-08-16 01:35:18] ETHUSDT 3d: 当前价格=3370.46, EMA25=2994.59, EMA50=%!f(utils.TrendStatus=UP), 趋势=%!s(MISSING)
==============================

===== 趋势分析结果 (2025-08-16 01:40:18) =====
[2025-08-16 01:40:16] BTCUSDT 5m: 当前价格=117308.02, EMA25=117495.38, EMA50=%!f(utils.TrendStatus=BU), 趋势=%!s(MISSING)
[2025-08-16 01:40:16] BTCUSDT 15m: 当前价格=117696.26, EMA25=118073.18, EMA50=%!f(utils.TrendStatus=DO), 趋势=%!s(MISSING)
[2025-08-16 01:40:16] BTCUSDT 1h: 当前价格=118509.50, EMA25=119116.51, EMA50=%!f(utils.TrendStatus=SE), 趋势=%!s(MISSING)
[2025-08-16 01:40:16] BTCUSDT 4h: 当前价格=119230.51, EMA25=118658.64, EMA50=%!f(utils.TrendStatus=SE), 趋势=%!s(MISSING)
[2025-08-16 01:40:17] BTCUSDT 1d: 当前价格=117114.82, EMA25=114774.40, EMA50=%!f(utils.TrendStatus=UP), 趋势=%!s(MISSING)
[2025-08-16 01:40:17] BTCUSDT 3d: 当前价格=112879.53, EMA25=106414.51, EMA50=%!f(utils.TrendStatus=UP), 趋势=%!s(MISSING)
[2025-08-16 01:40:17] ETHUSDT 5m: 当前价格=4424.03, EMA25=4461.14, EMA50=%!f(utils.TrendStatus=RA), 趋势=%!s(MISSING)
[2025-08-16 01:40:17] ETHUSDT 15m: 当前价格=4488.80, EMA25=4536.76, EMA50=%!f(utils.TrendStatus=DO), 趋势=%!s(MISSING)
[2025-08-16 01:40:17] ETHUSDT 1h: 当前价格=4566.37, EMA25=4582.23, EMA50=%!f(utils.TrendStatus=SE), 趋势=%!s(MISSING)
[2025-08-16 01:40:17] ETHUSDT 4h: 当前价格=4515.56, EMA25=4347.11, EMA50=%!f(utils.TrendStatus=RA), 趋势=%!s(MISSING)
[2025-08-16 01:40:18] ETHUSDT 1d: 当前价格=3943.15, EMA25=3555.89, EMA50=%!f(utils.TrendStatus=UP), 趋势=%!s(MISSING)
[2025-08-16 01:40:18] ETHUSDT 3d: 当前价格=3371.15, EMA25=2994.94, EMA50=%!f(utils.TrendStatus=UP), 趋势=%!s(MISSING)
==============================

===== 趋势分析结果 (2025-08-16 01:45:18) =====
[2025-08-16 01:45:16] BTCUSDT 5m: 当前价格=117340.97, EMA25=117504.92, EMA50=%!f(utils.TrendStatus=BU), 趋势=%!s(MISSING)
[2025-08-16 01:45:16] BTCUSDT 15m: 当前价格=117700.30, EMA25=118060.55, EMA50=%!f(utils.TrendStatus=DO), 趋势=%!s(MISSING)
[2025-08-16 01:45:16] BTCUSDT 1h: 当前价格=118513.30, EMA25=119118.44, EMA50=%!f(utils.TrendStatus=SE), 趋势=%!s(MISSING)
[2025-08-16 01:45:16] BTCUSDT 4h: 当前价格=119233.93, EMA25=118660.38, EMA50=%!f(utils.TrendStatus=SE), 趋势=%!s(MISSING)
[2025-08-16 01:45:17] BTCUSDT 1d: 当前价格=117118.62, EMA25=114776.34, EMA50=%!f(utils.TrendStatus=UP), 趋势=%!s(MISSING)
[2025-08-16 01:45:17] BTCUSDT 3d: 当前价格=112883.33, EMA25=106416.45, EMA50=%!f(utils.TrendStatus=UP), 趋势=%!s(MISSING)
[2025-08-16 01:45:17] ETHUSDT 5m: 当前价格=4427.28, EMA25=4461.38, EMA50=%!f(utils.TrendStatus=RA), 趋势=%!s(MISSING)
[2025-08-16 01:45:17] ETHUSDT 15m: 当前价格=4487.07, EMA25=4534.03, EMA50=%!f(utils.TrendStatus=DO), 趋势=%!s(MISSING)
[2025-08-16 01:45:17] ETHUSDT 1h: 当前价格=4567.62, EMA25=4582.87, EMA50=%!f(utils.TrendStatus=SE), 趋势=%!s(MISSING)
[2025-08-16 01:45:17] ETHUSDT 4h: 当前价格=4516.82, EMA25=4347.75, EMA50=%!f(utils.TrendStatus=RA), 趋势=%!s(MISSING)
[2025-08-16 01:45:18] ETHUSDT 1d: 当前价格=3944.40, EMA25=3556.53, EMA50=%!f(utils.TrendStatus=UP), 趋势=%!s(MISSING)
[2025-08-16 01:45:18] ETHUSDT 3d: 当前价格=3372.40, EMA25=2995.58, EMA50=%!f(utils.TrendStatus=UP), 趋势=%!s(MISSING)
==============================

===== 趋势分析结果 (2025-08-16 01:50:18) =====
[2025-08-16 01:50:16] BTCUSDT 5m: 当前价格=117353.85, EMA25=117504.94, EMA50=%!f(utils.TrendStatus=BU), 趋势=%!s(MISSING)
[2025-08-16 01:50:16] BTCUSDT 15m: 当前价格=117690.70, EMA25=118055.66, EMA50=%!f(utils.TrendStatus=RA), 趋势=%!s(MISSING)
[2025-08-16 01:50:16] BTCUSDT 1h: 当前价格=118505.21, EMA25=119114.32, EMA50=%!f(utils.TrendStatus=SE), 趋势=%!s(MISSING)
[2025-08-16 01:50:16] BTCUSDT 4h: 当前价格=119226.81, EMA25=118656.76, EMA50=%!f(utils.TrendStatus=SE), 趋势=%!s(MISSING)
[2025-08-16 01:50:17] BTCUSDT 1d: 当前价格=117109.97, EMA25=114771.93, EMA50=%!f(utils.TrendStatus=UP), 趋势=%!s(MISSING)
[2025-08-16 01:50:17] BTCUSDT 3d: 当前价格=112875.83, EMA25=106412.63, EMA50=%!f(utils.TrendStatus=UP), 趋势=%!s(MISSING)
[2025-08-16 01:50:17] ETHUSDT 5m: 当前价格=4427.68, EMA25=4460.23, EMA50=%!f(utils.TrendStatus=SE), 趋势=%!s(MISSING)
[2025-08-16 01:50:17] ETHUSDT 15m: 当前价格=4486.49, EMA25=4533.73, EMA50=%!f(utils.TrendStatus=DO), 趋势=%!s(MISSING)
[2025-08-16 01:50:17] ETHUSDT 1h: 当前价格=4567.04, EMA25=4582.57, EMA50=%!f(utils.TrendStatus=SE), 趋势=%!s(MISSING)
[2025-08-16 01:50:18] ETHUSDT 4h: 当前价格=4516.26, EMA25=4347.46, EMA50=%!f(utils.TrendStatus=RA), 趋势=%!s(MISSING)
[2025-08-16 01:50:18] ETHUSDT 1d: 当前价格=3943.82, EMA25=3556.24, EMA50=%!f(utils.TrendStatus=UP), 趋势=%!s(MISSING)
[2025-08-16 01:50:18] ETHUSDT 3d: 当前价格=3371.86, EMA25=2995.30, EMA50=%!f(utils.TrendStatus=UP), 趋势=%!s(MISSING)
==============================

===== 趋势分析结果 (2025-08-16 01:55:19) =====
[2025-08-16 01:55:16] BTCUSDT 5m: 当前价格=117362.73, EMA25=117503.43, EMA50=%!f(utils.TrendStatus=SE), 趋势=%!s(MISSING)
[2025-08-16 01:55:16] BTCUSDT 15m: 当前价格=117688.61, EMA25=118054.59, EMA50=%!f(utils.TrendStatus=RA), 趋势=%!s(MISSING)
[2025-08-16 01:55:17] BTCUSDT 1h: 当前价格=118501.73, EMA25=119112.55, EMA50=%!f(utils.TrendStatus=SE), 趋势=%!s(MISSING)
[2025-08-16 01:55:17] BTCUSDT 4h: 当前价格=119222.75, EMA25=118654.69, EMA50=%!f(utils.TrendStatus=SE), 趋势=%!s(MISSING)
[2025-08-16 01:55:17] BTCUSDT 1d: 当前价格=117106.87, EMA25=114770.35, EMA50=%!f(utils.TrendStatus=UP), 趋势=%!s(MISSING)
[2025-08-16 01:55:17] BTCUSDT 3d: 当前价格=112871.58, EMA25=106410.46, EMA50=%!f(utils.TrendStatus=UP), 趋势=%!s(MISSING)
[2025-08-16 01:55:18] ETHUSDT 5m: 当前价格=4427.77, EMA25=4458.99, EMA50=%!f(utils.TrendStatus=SE), 趋势=%!s(MISSING)
[2025-08-16 01:55:18] ETHUSDT 15m: 当前价格=4486.16, EMA25=4533.57, EMA50=%!f(utils.TrendStatus=DO), 趋势=%!s(MISSING)
[2025-08-16 01:55:18] ETHUSDT 1h: 当前价格=4566.70, EMA25=4582.40, EMA50=%!f(utils.TrendStatus=SE), 趋势=%!s(MISSING)
[2025-08-16 01:55:18] ETHUSDT 4h: 当前价格=4515.90, EMA25=4347.28, EMA50=%!f(utils.TrendStatus=RA), 趋势=%!s(MISSING)
[2025-08-16 01:55:18] ETHUSDT 1d: 当前价格=3943.49, EMA25=3556.07, EMA50=%!f(utils.TrendStatus=UP), 趋势=%!s(MISSING)
[2025-08-16 01:55:19] ETHUSDT 3d: 当前价格=3371.50, EMA25=2995.12, EMA50=%!f(utils.TrendStatus=UP), 趋势=%!s(MISSING)
==============================

