===== 趋势分析结果 (2025-07-20 00:02:39) =====
[2025-07-20 00:02:38] BTCUSDT 15m: 当前价格=117956.70, EMA25=118085.69, EMA50=118107.07, 趋势=禁多
[2025-07-20 00:02:39] BTCUSDT 1h: 当前价格=117956.80, EMA25=118167.44, EMA50=118353.03, 趋势=禁多
==============================

===== 趋势分析结果 (2025-07-20 00:17:38) =====
[2025-07-20 00:17:38] BTCUSDT 15m: 当前价格=117899.90, EMA25=118065.21, EMA50=118095.66, 趋势=禁多
[2025-07-20 00:17:38] BTCUSDT 1h: 当前价格=117899.90, EMA25=118163.06, EMA50=118350.80, 趋势=禁多
==============================

===== 趋势分析结果 (2025-07-20 00:32:39) =====
[2025-07-20 00:32:38] BTCUSDT 15m: 当前价格=118101.90, EMA25=118081.96, EMA50=118103.29, 趋势=混沌
[2025-07-20 00:32:39] BTCUSDT 1h: 当前价格=118101.90, EMA25=118178.60, EMA50=118358.72, 趋势=禁多
==============================

===== 趋势分析结果 (2025-07-20 00:47:38) =====
[2025-07-20 00:47:38] BTCUSDT 15m: 当前价格=118086.90, EMA25=118079.24, EMA50=118101.00, 趋势=混沌
[2025-07-20 00:47:38] BTCUSDT 1h: 当前价格=118086.90, EMA25=118177.45, EMA50=118358.13, 趋势=禁多
==============================

===== 趋势分析结果 (2025-07-20 01:02:38) =====
[2025-07-20 01:02:38] BTCUSDT 15m: 当前价格=117942.90, EMA25=118059.61, EMA50=118089.95, 趋势=禁多
[2025-07-20 01:02:38] BTCUSDT 1h: 当前价格=117942.90, EMA25=118150.26, EMA50=118336.99, 趋势=禁多
==============================

===== 趋势分析结果 (2025-07-20 01:17:38) =====
[2025-07-20 01:17:38] BTCUSDT 15m: 当前价格=117869.90, EMA25=118039.62, EMA50=118078.46, 趋势=禁多
[2025-07-20 01:17:38] BTCUSDT 1h: 当前价格=117869.90, EMA25=118144.64, EMA50=118334.13, 趋势=禁多
==============================

===== 趋势分析结果 (2025-07-20 01:32:38) =====
[2025-07-20 01:32:38] BTCUSDT 15m: 当前价格=117782.50, EMA25=118015.38, EMA50=118064.49, 趋势=禁多
[2025-07-20 01:32:38] BTCUSDT 1h: 当前价格=117782.60, EMA25=118137.93, EMA50=118330.71, 趋势=禁多
==============================

===== 趋势分析结果 (2025-07-20 01:47:38) =====
[2025-07-20 01:47:38] BTCUSDT 15m: 当前价格=117785.70, EMA25=117997.92, EMA50=118053.67, 趋势=禁多
[2025-07-20 01:47:38] BTCUSDT 1h: 当前价格=117785.70, EMA25=118138.17, EMA50=118330.83, 趋势=禁多
==============================

===== 趋势分析结果 (2025-07-20 02:02:38) =====
[2025-07-20 02:02:38] BTCUSDT 15m: 当前价格=117833.30, EMA25=117985.32, EMA50=118045.05, 趋势=禁多
[2025-07-20 02:02:38] BTCUSDT 1h: 当前价格=117833.20, EMA25=118114.76, EMA50=118311.35, 趋势=禁多
==============================

===== 趋势分析结果 (2025-07-20 02:17:38) =====
[2025-07-20 02:17:38] BTCUSDT 15m: 当前价格=117928.40, EMA25=117986.64, EMA50=118043.51, 趋势=禁多
[2025-07-20 02:17:38] BTCUSDT 1h: 当前价格=117928.40, EMA25=118122.09, EMA50=118315.08, 趋势=禁多
==============================

===== 趋势分析结果 (2025-07-20 02:32:38) =====
[2025-07-20 02:32:38] BTCUSDT 15m: 当前价格=117958.10, EMA25=117982.51, EMA50=118039.13, 趋势=禁多
[2025-07-20 02:32:38] BTCUSDT 1h: 当前价格=117958.10, EMA25=118124.37, EMA50=118316.24, 趋势=禁多
==============================

===== 趋势分析结果 (2025-07-20 02:47:38) =====
[2025-07-20 02:47:38] BTCUSDT 15m: 当前价格=117880.30, EMA25=117972.38, EMA50=118031.70, 趋势=禁多
[2025-07-20 02:47:38] BTCUSDT 1h: 当前价格=117880.30, EMA25=118118.39, EMA50=118313.19, 趋势=禁多
==============================

===== 趋势分析结果 (2025-07-20 03:02:38) =====
[2025-07-20 03:02:38] BTCUSDT 15m: 当前价格=117859.40, EMA25=117960.91, EMA50=118023.47, 趋势=禁多
[2025-07-20 03:02:38] BTCUSDT 1h: 当前价格=117859.40, EMA25=118095.69, EMA50=118293.92, 趋势=禁多
==============================

===== 趋势分析结果 (2025-07-20 03:17:38) =====
[2025-07-20 03:17:38] BTCUSDT 15m: 当前价格=117769.30, EMA25=117935.62, EMA50=118007.90, 趋势=禁多
[2025-07-20 03:17:38] BTCUSDT 1h: 当前价格=117769.30, EMA25=118088.76, EMA50=118290.39, 趋势=禁多
==============================

===== 趋势分析结果 (2025-07-20 03:32:38) =====
[2025-07-20 03:32:38] BTCUSDT 15m: 当前价格=117871.50, EMA25=117935.40, EMA50=118005.05, 趋势=禁多
[2025-07-20 03:32:38] BTCUSDT 1h: 当前价格=117871.50, EMA25=118096.62, EMA50=118294.40, 趋势=禁多
==============================

===== 趋势分析结果 (2025-07-20 03:47:38) =====
[2025-07-20 03:47:38] BTCUSDT 15m: 当前价格=118011.60, EMA25=117957.19, EMA50=118013.76, 趋势=混沌
[2025-07-20 03:47:38] BTCUSDT 1h: 当前价格=117994.90, EMA25=118106.11, EMA50=118299.24, 趋势=禁多
==============================

===== 趋势分析结果 (2025-07-20 04:02:38) =====
[2025-07-20 04:02:38] BTCUSDT 15m: 当前价格=117947.80, EMA25=117954.11, EMA50=118009.92, 趋势=禁多
[2025-07-20 04:02:38] BTCUSDT 1h: 当前价格=117947.80, EMA25=118092.76, EMA50=118284.83, 趋势=禁多
==============================

===== 趋势分析结果 (2025-07-20 04:17:38) =====
[2025-07-20 04:17:38] BTCUSDT 15m: 当前价格=117920.60, EMA25=117954.16, EMA50=118007.81, 趋势=禁多
[2025-07-20 04:17:38] BTCUSDT 1h: 当前价格=117920.60, EMA25=118090.66, EMA50=118283.76, 趋势=禁多
==============================

===== 趋势分析结果 (2025-07-20 04:32:38) =====
[2025-07-20 04:32:38] BTCUSDT 15m: 当前价格=117945.70, EMA25=117957.52, EMA50=118007.51, 趋势=禁多
[2025-07-20 04:32:38] BTCUSDT 1h: 当前价格=117945.80, EMA25=118092.60, EMA50=118284.75, 趋势=禁多
==============================

===== 趋势分析结果 (2025-07-20 04:47:38) =====
[2025-07-20 04:47:38] BTCUSDT 15m: 当前价格=117959.70, EMA25=117958.24, EMA50=118005.92, 趋势=混沌
[2025-07-20 04:47:38] BTCUSDT 1h: 当前价格=117959.70, EMA25=118093.67, EMA50=118285.30, 趋势=禁多
==============================

===== 趋势分析结果 (2025-07-20 05:02:38) =====
[2025-07-20 05:02:38] BTCUSDT 15m: 当前价格=117726.00, EMA25=117920.68, EMA50=117984.49, 趋势=禁多
[2025-07-20 05:02:38] BTCUSDT 1h: 当前价格=117725.90, EMA25=118045.68, EMA50=118252.91, 趋势=禁多
==============================

===== 趋势分析结果 (2025-07-20 05:17:38) =====
[2025-07-20 05:17:38] BTCUSDT 15m: 当前价格=117512.20, EMA25=117878.38, EMA50=117960.20, 趋势=禁多
[2025-07-20 05:17:38] BTCUSDT 1h: 当前价格=117512.20, EMA25=118029.25, EMA50=118244.53, 趋势=禁多
==============================

===== 趋势分析结果 (2025-07-20 05:32:34) =====
[2025-07-20 05:32:34] BTCUSDT 15m: 当前价格=117390.30, EMA25=117851.49, EMA50=117943.51, 趋势=禁多
[2025-07-20 05:32:34] BTCUSDT 1h: 当前价格=117390.30, EMA25=118019.87, EMA50=118239.75, 趋势=禁多
==============================

===== 趋势分析结果 (2025-07-20 05:47:34) =====
[2025-07-20 05:47:34] BTCUSDT 15m: 当前价格=117522.00, EMA25=117830.07, EMA50=117929.06, 趋势=禁多
[2025-07-20 05:47:34] BTCUSDT 1h: 当前价格=117522.00, EMA25=118030.00, EMA50=118244.91, 趋势=禁多
==============================

===== 趋势分析结果 (2025-07-20 06:02:34) =====
[2025-07-20 06:02:34] BTCUSDT 15m: 当前价格=117531.50, EMA25=117817.34, EMA50=117918.90, 趋势=禁多
[2025-07-20 06:02:34] BTCUSDT 1h: 当前价格=117537.10, EMA25=118002.32, EMA50=118222.58, 趋势=禁多
==============================

===== 趋势分析结果 (2025-07-20 06:17:34) =====
[2025-07-20 06:17:34] BTCUSDT 15m: 当前价格=117710.00, EMA25=117823.45, EMA50=117918.33, 趋势=禁多
[2025-07-20 06:17:34] BTCUSDT 1h: 当前价格=117710.00, EMA25=118015.62, EMA50=118229.36, 趋势=禁多
==============================

===== 趋势分析结果 (2025-07-20 06:32:34) =====
[2025-07-20 06:32:34] BTCUSDT 15m: 当前价格=117704.70, EMA25=117811.85, EMA50=117908.64, 趋势=禁多
[2025-07-20 06:32:34] BTCUSDT 1h: 当前价格=117704.80, EMA25=118015.22, EMA50=118229.16, 趋势=禁多
==============================

===== 趋势分析结果 (2025-07-20 06:47:34) =====
[2025-07-20 06:47:34] BTCUSDT 15m: 当前价格=117781.70, EMA25=117816.44, EMA50=117907.33, 趋势=禁多
[2025-07-20 06:47:34] BTCUSDT 1h: 当前价格=117781.60, EMA25=118021.12, EMA50=118232.17, 趋势=禁多
==============================

===== 趋势分析结果 (2025-07-20 07:02:34) =====
[2025-07-20 07:02:34] BTCUSDT 15m: 当前价格=117706.90, EMA25=117806.33, EMA50=117898.58, 趋势=禁多
[2025-07-20 07:02:34] BTCUSDT 1h: 当前价格=117706.90, EMA25=117995.28, EMA50=118210.69, 趋势=禁多
==============================

===== 趋势分析结果 (2025-07-20 07:17:34) =====
[2025-07-20 07:17:34] BTCUSDT 15m: 当前价格=117789.50, EMA25=117817.40, EMA50=117900.87, 趋势=禁多
[2025-07-20 07:17:34] BTCUSDT 1h: 当前价格=117789.50, EMA25=118001.64, EMA50=118213.93, 趋势=禁多
==============================

===== 趋势分析结果 (2025-07-20 07:32:34) =====
[2025-07-20 07:32:34] BTCUSDT 15m: 当前价格=117805.80, EMA25=117814.33, EMA50=117895.98, 趋势=禁多
[2025-07-20 07:32:34] BTCUSDT 1h: 当前价格=117805.80, EMA25=118002.89, EMA50=118214.57, 趋势=禁多
==============================

===== 趋势分析结果 (2025-07-20 07:47:34) =====
[2025-07-20 07:47:34] BTCUSDT 15m: 当前价格=117777.10, EMA25=117808.73, EMA50=117889.87, 趋势=禁多
[2025-07-20 07:47:34] BTCUSDT 1h: 当前价格=117777.00, EMA25=118000.68, EMA50=118213.44, 趋势=禁多
==============================

===== 趋势分析结果 (2025-07-20 08:02:34) =====
[2025-07-20 08:02:34] BTCUSDT 15m: 当前价格=117816.80, EMA25=117812.00, EMA50=117888.41, 趋势=混沌
[2025-07-20 08:02:34] BTCUSDT 1h: 当前价格=117816.80, EMA25=117989.19, EMA50=118199.29, 趋势=禁多
==============================

===== 趋势分析结果 (2025-07-20 08:17:34) =====
[2025-07-20 08:17:34] BTCUSDT 15m: 当前价格=117707.20, EMA25=117793.75, EMA50=117875.89, 趋势=禁多
[2025-07-20 08:17:34] BTCUSDT 1h: 当前价格=117707.20, EMA25=117980.76, EMA50=118194.99, 趋势=禁多
==============================

===== 趋势分析结果 (2025-07-20 08:32:34) =====
[2025-07-20 08:32:34] BTCUSDT 15m: 当前价格=117627.20, EMA25=117774.79, EMA50=117862.88, 趋势=禁多
[2025-07-20 08:32:34] BTCUSDT 1h: 当前价格=117627.20, EMA25=117974.60, EMA50=118191.86, 趋势=禁多
==============================

===== 趋势分析结果 (2025-07-20 08:47:34) =====
[2025-07-20 08:47:34] BTCUSDT 15m: 当前价格=117713.70, EMA25=117771.47, EMA50=117857.76, 趋势=禁多
[2025-07-20 08:47:34] BTCUSDT 1h: 当前价格=117713.60, EMA25=117981.25, EMA50=118195.24, 趋势=禁多
==============================

===== 趋势分析结果 (2025-07-20 09:02:34) =====
[2025-07-20 09:02:34] BTCUSDT 15m: 当前价格=117867.30, EMA25=117792.96, EMA50=117865.62, 趋势=混沌
[2025-07-20 09:02:34] BTCUSDT 1h: 当前价格=117855.60, EMA25=117985.71, EMA50=118189.42, 趋势=禁多
==============================

===== 趋势分析结果 (2025-07-20 09:17:34) =====
[2025-07-20 09:17:34] BTCUSDT 15m: 当前价格=117999.80, EMA25=117815.46, EMA50=117874.39, 趋势=混沌
[2025-07-20 09:17:34] BTCUSDT 1h: 当前价格=117999.80, EMA25=117996.80, EMA50=118195.07, 趋势=禁空
==============================

===== 趋势分析结果 (2025-07-20 09:32:34) =====
[2025-07-20 09:32:34] BTCUSDT 15m: 当前价格=117980.20, EMA25=117825.04, EMA50=117876.89, 趋势=混沌
[2025-07-20 09:32:34] BTCUSDT 1h: 当前价格=117980.20, EMA25=117995.29, EMA50=118194.31, 趋势=禁多
==============================

===== 趋势分析结果 (2025-07-20 09:47:34) =====
[2025-07-20 09:47:34] BTCUSDT 15m: 当前价格=118004.90, EMA25=117838.47, EMA50=117881.70, 趋势=混沌
[2025-07-20 09:47:34] BTCUSDT 1h: 当前价格=118004.90, EMA25=117997.19, EMA50=118195.27, 趋势=禁空
==============================

===== 趋势分析结果 (2025-07-20 10:02:34) =====
[2025-07-20 10:02:34] BTCUSDT 15m: 当前价格=117890.80, EMA25=117835.67, EMA50=117878.43, 趋势=混沌
[2025-07-20 10:02:34] BTCUSDT 1h: 当前价格=117890.90, EMA25=117982.19, EMA50=118179.72, 趋势=禁多
==============================

===== 趋势分析结果 (2025-07-20 10:17:34) =====
[2025-07-20 10:17:34] BTCUSDT 15m: 当前价格=117883.10, EMA25=117837.89, EMA50=117877.86, 趋势=混沌
[2025-07-20 10:17:34] BTCUSDT 1h: 当前价格=117883.10, EMA25=117981.59, EMA50=118179.41, 趋势=禁多
==============================

===== 趋势分析结果 (2025-07-20 10:32:34) =====
[2025-07-20 10:32:34] BTCUSDT 15m: 当前价格=117808.70, EMA25=117827.56, EMA50=117870.86, 趋势=禁多
[2025-07-20 10:32:34] BTCUSDT 1h: 当前价格=117808.70, EMA25=117975.87, EMA50=118176.49, 趋势=禁多
==============================

===== 趋势分析结果 (2025-07-20 10:47:34) =====
[2025-07-20 10:47:34] BTCUSDT 15m: 当前价格=117954.90, EMA25=117840.88, EMA50=117876.03, 趋势=混沌
[2025-07-20 10:47:34] BTCUSDT 1h: 当前价格=117955.00, EMA25=117987.12, EMA50=118182.23, 趋势=禁多
==============================

===== 趋势分析结果 (2025-07-20 11:02:34) =====
[2025-07-20 11:02:34] BTCUSDT 15m: 当前价格=118037.00, EMA25=117856.18, EMA50=117882.45, 趋势=混沌
[2025-07-20 11:02:34] BTCUSDT 1h: 当前价格=118006.80, EMA25=117988.83, EMA50=118175.46, 趋势=禁空
==============================

===== 趋势分析结果 (2025-07-20 11:17:34) =====
[2025-07-20 11:17:34] BTCUSDT 15m: 当前价格=117938.80, EMA25=117857.73, EMA50=117882.11, 趋势=混沌
[2025-07-20 11:17:34] BTCUSDT 1h: 当前价格=117938.80, EMA25=117983.60, EMA50=118172.79, 趋势=禁多
==============================

===== 趋势分析结果 (2025-07-20 11:32:34) =====
[2025-07-20 11:32:34] BTCUSDT 15m: 当前价格=117998.40, EMA25=117864.38, EMA50=117884.46, 趋势=混沌
[2025-07-20 11:32:34] BTCUSDT 1h: 当前价格=117994.60, EMA25=117987.90, EMA50=118174.98, 趋势=禁空
==============================

===== 趋势分析结果 (2025-07-20 11:47:35) =====
[2025-07-20 11:47:34] BTCUSDT 15m: 当前价格=117900.10, EMA25=117864.92, EMA50=117883.90, 趋势=混沌
[2025-07-20 11:47:35] BTCUSDT 1h: 当前价格=117900.10, EMA25=117980.63, EMA50=118171.27, 趋势=禁多
==============================

===== 趋势分析结果 (2025-07-20 12:02:34) =====
[2025-07-20 12:02:34] BTCUSDT 15m: 当前价格=117937.80, EMA25=117872.94, EMA50=117887.29, 趋势=混沌
[2025-07-20 12:02:34] BTCUSDT 1h: 当前价格=117935.80, EMA25=117979.59, EMA50=118163.32, 趋势=禁多
==============================

===== 趋势分析结果 (2025-07-20 12:17:34) =====
[2025-07-20 12:17:34] BTCUSDT 15m: 当前价格=117873.70, EMA25=117870.01, EMA50=117885.17, 趋势=混沌
[2025-07-20 12:17:34] BTCUSDT 1h: 当前价格=117873.80, EMA25=117974.82, EMA50=118160.89, 趋势=禁多
==============================

===== 趋势分析结果 (2025-07-20 12:32:34) =====
[2025-07-20 12:32:34] BTCUSDT 15m: 当前价格=118099.80, EMA25=117899.40, EMA50=117899.81, 趋势=混沌
[2025-07-20 12:32:34] BTCUSDT 1h: 当前价格=118099.80, EMA25=117992.21, EMA50=118169.75, 趋势=禁空
==============================

===== 趋势分析结果 (2025-07-20 12:47:34) =====
[2025-07-20 12:47:34] BTCUSDT 15m: 当前价格=117920.10, EMA25=117887.34, EMA50=117893.36, 趋势=混沌
[2025-07-20 12:47:34] BTCUSDT 1h: 当前价格=117920.10, EMA25=117978.39, EMA50=118162.70, 趋势=禁多
==============================

===== 趋势分析结果 (2025-07-20 13:02:34) =====
[2025-07-20 13:02:34] BTCUSDT 15m: 当前价格=117910.30, EMA25=117888.95, EMA50=117893.94, 趋势=混沌
[2025-07-20 13:02:34] BTCUSDT 1h: 当前价格=117910.30, EMA25=117972.98, EMA50=118152.72, 趋势=禁多
==============================

===== 趋势分析结果 (2025-07-20 13:17:34) =====
[2025-07-20 13:17:34] BTCUSDT 15m: 当前价格=117869.80, EMA25=117883.50, EMA50=117890.88, 趋势=禁多
[2025-07-20 13:17:34] BTCUSDT 1h: 当前价格=117869.80, EMA25=117969.87, EMA50=118151.13, 趋势=禁多
==============================

===== 趋势分析结果 (2025-07-20 13:32:34) =====
[2025-07-20 13:32:34] BTCUSDT 15m: 当前价格=117787.10, EMA25=117870.82, EMA50=117884.02, 趋势=禁多
[2025-07-20 13:32:34] BTCUSDT 1h: 当前价格=117787.10, EMA25=117963.51, EMA50=118147.89, 趋势=禁多
==============================

===== 趋势分析结果 (2025-07-20 13:47:34) =====
[2025-07-20 13:47:34] BTCUSDT 15m: 当前价格=117881.00, EMA25=117877.44, EMA50=117887.00, 趋势=混沌
[2025-07-20 13:47:34] BTCUSDT 1h: 当前价格=117881.00, EMA25=117970.73, EMA50=118151.57, 趋势=禁多
==============================

===== 趋势分析结果 (2025-07-20 14:02:34) =====
[2025-07-20 14:02:34] BTCUSDT 15m: 当前价格=117812.10, EMA25=117868.27, EMA50=117881.86, 趋势=禁多
[2025-07-20 14:02:34] BTCUSDT 1h: 当前价格=117812.10, EMA25=117954.39, EMA50=118136.06, 趋势=禁多
==============================

===== 趋势分析结果 (2025-07-20 14:17:34) =====
[2025-07-20 14:17:34] BTCUSDT 15m: 当前价格=117746.10, EMA25=117854.35, EMA50=117874.14, 趋势=禁多
[2025-07-20 14:17:34] BTCUSDT 1h: 当前价格=117746.00, EMA25=117949.30, EMA50=118133.47, 趋势=禁多
==============================

===== 趋势分析结果 (2025-07-20 14:32:35) =====
[2025-07-20 14:32:34] BTCUSDT 15m: 当前价格=117776.90, EMA25=117851.92, EMA50=117872.20, 趋势=禁多
[2025-07-20 14:32:35] BTCUSDT 1h: 当前价格=117776.90, EMA25=117951.68, EMA50=118134.68, 趋势=禁多
==============================

===== 趋势分析结果 (2025-07-20 14:47:34) =====
[2025-07-20 14:47:34] BTCUSDT 15m: 当前价格=117846.20, EMA25=117854.57, EMA50=117872.82, 趋势=禁多
[2025-07-20 14:47:34] BTCUSDT 1h: 当前价格=117846.20, EMA25=117957.01, EMA50=118137.40, 趋势=禁多
==============================

===== 趋势分析结果 (2025-07-20 15:02:34) =====
[2025-07-20 15:02:34] BTCUSDT 15m: 当前价格=117822.50, EMA25=117848.63, EMA50=117869.00, 趋势=禁多
[2025-07-20 15:02:34] BTCUSDT 1h: 当前价格=117822.40, EMA25=117943.18, EMA50=118123.20, 趋势=禁多
==============================

===== 趋势分析结果 (2025-07-20 15:17:35) =====
[2025-07-20 15:17:34] BTCUSDT 15m: 当前价格=117874.90, EMA25=117851.30, EMA50=117869.58, 趋势=混沌
[2025-07-20 15:17:35] BTCUSDT 1h: 当前价格=117874.80, EMA25=117947.21, EMA50=118125.25, 趋势=禁多
==============================

===== 趋势分析结果 (2025-07-20 15:32:35) =====
[2025-07-20 15:32:34] BTCUSDT 15m: 当前价格=118063.60, EMA25=117879.28, EMA50=117883.37, 趋势=混沌
[2025-07-20 15:32:35] BTCUSDT 1h: 当前价格=118063.50, EMA25=117961.72, EMA50=118132.65, 趋势=禁空
==============================

===== 趋势分析结果 (2025-07-20 15:47:34) =====
[2025-07-20 15:47:34] BTCUSDT 15m: 当前价格=118123.30, EMA25=117907.73, EMA50=117897.91, 趋势=禁空
[2025-07-20 15:47:34] BTCUSDT 1h: 当前价格=118123.30, EMA25=117966.32, EMA50=118135.00, 趋势=禁空
==============================

===== 趋势分析结果 (2025-07-20 16:02:34) =====
[2025-07-20 16:02:34] BTCUSDT 15m: 当前价格=118057.40, EMA25=117909.38, EMA50=117898.93, 趋势=禁空
[2025-07-20 16:02:34] BTCUSDT 1h: 当前价格=118057.40, EMA25=117963.46, EMA50=118126.72, 趋势=禁空
==============================

===== 趋势分析结果 (2025-07-20 16:17:34) =====
[2025-07-20 16:17:34] BTCUSDT 15m: 当前价格=118193.30, EMA25=117943.48, EMA50=117916.98, 趋势=禁空
[2025-07-20 16:17:34] BTCUSDT 1h: 当前价格=118192.00, EMA25=117973.81, EMA50=118132.00, 趋势=禁空
==============================

===== 趋势分析结果 (2025-07-20 16:32:34) =====
[2025-07-20 16:32:34] BTCUSDT 15m: 当前价格=118122.30, EMA25=117953.90, EMA50=117923.26, 趋势=禁空
[2025-07-20 16:32:34] BTCUSDT 1h: 当前价格=118122.40, EMA25=117968.46, EMA50=118129.27, 趋势=禁空
==============================

===== 趋势分析结果 (2025-07-20 16:47:34) =====
[2025-07-20 16:47:34] BTCUSDT 15m: 当前价格=118149.70, EMA25=117970.56, EMA50=117932.99, 趋势=禁空
[2025-07-20 16:47:34] BTCUSDT 1h: 当前价格=118149.70, EMA25=117970.56, EMA50=118130.34, 趋势=禁空
==============================

===== 趋势分析结果 (2025-07-20 17:02:35) =====
[2025-07-20 17:02:34] BTCUSDT 15m: 当前价格=118249.90, EMA25=117991.11, EMA50=117944.92, 趋势=禁空
[2025-07-20 17:02:35] BTCUSDT 1h: 当前价格=118249.90, EMA25=117991.11, EMA50=118134.53, 趋势=禁空
==============================

===== 趋势分析结果 (2025-07-20 17:17:35) =====
[2025-07-20 17:17:34] BTCUSDT 15m: 当前价格=118023.90, EMA25=117974.66, EMA50=117937.95, 趋势=禁空
[2025-07-20 17:17:35] BTCUSDT 1h: 当前价格=118023.90, EMA25=117973.73, EMA50=118125.67, 趋势=禁空
==============================

===== 趋势分析结果 (2025-07-20 17:32:34) =====
[2025-07-20 17:32:34] BTCUSDT 15m: 当前价格=118035.20, EMA25=117976.42, EMA50=117940.23, 趋势=禁空
[2025-07-20 17:32:34] BTCUSDT 1h: 当前价格=118035.20, EMA25=117974.60, EMA50=118126.11, 趋势=禁空
==============================

===== 趋势分析结果 (2025-07-20 17:47:34) =====
[2025-07-20 17:47:34] BTCUSDT 15m: 当前价格=118055.00, EMA25=117984.24, EMA50=117945.67, 趋势=禁空
[2025-07-20 17:47:34] BTCUSDT 1h: 当前价格=118055.00, EMA25=117976.12, EMA50=118126.89, 趋势=禁空
==============================

===== 趋势分析结果 (2025-07-20 18:02:34) =====
[2025-07-20 18:02:34] BTCUSDT 15m: 当前价格=117970.20, EMA25=117971.55, EMA50=117940.47, 趋势=混沌
[2025-07-20 18:02:34] BTCUSDT 1h: 当前价格=117970.20, EMA25=117964.05, EMA50=118114.58, 趋势=禁空
==============================

===== 趋势分析结果 (2025-07-20 18:17:34) =====
[2025-07-20 18:17:34] BTCUSDT 15m: 当前价格=117960.50, EMA25=117967.23, EMA50=117939.42, 趋势=混沌
[2025-07-20 18:17:34] BTCUSDT 1h: 当前价格=117960.50, EMA25=117963.31, EMA50=118114.20, 趋势=禁多
==============================

===== 趋势分析结果 (2025-07-20 18:32:34) =====
[2025-07-20 18:32:34] BTCUSDT 15m: 当前价格=117957.40, EMA25=117965.15, EMA50=117939.42, 趋势=混沌
[2025-07-20 18:32:34] BTCUSDT 1h: 当前价格=117957.40, EMA25=117963.07, EMA50=118114.08, 趋势=禁多
==============================

===== 趋势分析结果 (2025-07-20 18:47:34) =====
[2025-07-20 18:47:34] BTCUSDT 15m: 当前价格=117884.30, EMA25=117958.56, EMA50=117937.06, 趋势=混沌
[2025-07-20 18:47:34] BTCUSDT 1h: 当前价格=117884.30, EMA25=117957.45, EMA50=118111.21, 趋势=禁多
==============================

===== 趋势分析结果 (2025-07-20 19:02:34) =====
[2025-07-20 19:02:34] BTCUSDT 15m: 当前价格=117908.50, EMA25=117954.40, EMA50=117935.78, 趋势=混沌
[2025-07-20 19:02:34] BTCUSDT 1h: 当前价格=117908.50, EMA25=117953.38, EMA50=118103.10, 趋势=禁多
==============================

===== 趋势分析结果 (2025-07-20 19:17:35) =====
[2025-07-20 19:17:34] BTCUSDT 15m: 当前价格=117882.10, EMA25=117947.45, EMA50=117932.94, 趋势=混沌
[2025-07-20 19:17:35] BTCUSDT 1h: 当前价格=117882.10, EMA25=117951.34, EMA50=118102.07, 趋势=禁多
==============================

===== 趋势分析结果 (2025-07-20 19:32:34) =====
[2025-07-20 19:32:34] BTCUSDT 15m: 当前价格=117833.40, EMA25=117936.15, EMA50=117927.69, 趋势=混沌
[2025-07-20 19:32:34] BTCUSDT 1h: 当前价格=117840.60, EMA25=117948.15, EMA50=118100.44, 趋势=禁多
==============================

===== 趋势分析结果 (2025-07-20 19:47:35) =====
[2025-07-20 19:47:34] BTCUSDT 15m: 当前价格=117978.50, EMA25=117943.62, EMA50=117931.92, 趋势=禁空
[2025-07-20 19:47:35] BTCUSDT 1h: 当前价格=117978.50, EMA25=117958.76, EMA50=118105.85, 趋势=禁空
==============================

===== 趋势分析结果 (2025-07-20 20:02:34) =====
[2025-07-20 20:02:34] BTCUSDT 15m: 当前价格=117757.40, EMA25=117921.54, EMA50=117920.96, 趋势=混沌
[2025-07-20 20:02:34] BTCUSDT 1h: 当前价格=117757.40, EMA25=117935.51, EMA50=118088.06, 趋势=禁多
==============================

===== 趋势分析结果 (2025-07-20 20:17:34) =====
[2025-07-20 20:17:34] BTCUSDT 15m: 当前价格=117909.30, EMA25=117929.54, EMA50=117925.25, 趋势=混沌
[2025-07-20 20:17:34] BTCUSDT 1h: 当前价格=117899.20, EMA25=117946.42, EMA50=118093.62, 趋势=禁多
==============================

===== 趋势分析结果 (2025-07-20 20:32:34) =====
[2025-07-20 20:32:34] BTCUSDT 15m: 当前价格=117825.70, EMA25=117914.51, EMA50=117917.60, 趋势=禁多
[2025-07-20 20:32:34] BTCUSDT 1h: 当前价格=117825.70, EMA25=117940.76, EMA50=118090.74, 趋势=禁多
==============================

===== 趋势分析结果 (2025-07-20 20:47:34) =====
[2025-07-20 20:47:34] BTCUSDT 15m: 当前价格=117832.10, EMA25=117909.24, EMA50=117914.82, 趋势=禁多
[2025-07-20 20:47:34] BTCUSDT 1h: 当前价格=117832.10, EMA25=117941.26, EMA50=118090.99, 趋势=禁多
==============================

===== 趋势分析结果 (2025-07-20 21:02:35) =====
[2025-07-20 21:02:34] BTCUSDT 15m: 当前价格=118155.10, EMA25=117944.01, EMA50=117932.66, 趋势=禁空
[2025-07-20 21:02:35] BTCUSDT 1h: 当前价格=118152.50, EMA25=117973.36, EMA50=118101.82, 趋势=禁空
==============================

===== 趋势分析结果 (2025-07-20 21:17:34) =====
[2025-07-20 21:17:34] BTCUSDT 15m: 当前价格=118072.50, EMA25=117949.86, EMA50=117936.00, 趋势=禁空
[2025-07-20 21:17:34] BTCUSDT 1h: 当前价格=118072.40, EMA25=117967.20, EMA50=118098.68, 趋势=禁空
==============================

===== 趋势分析结果 (2025-07-20 21:32:35) =====
[2025-07-20 21:32:34] BTCUSDT 15m: 当前价格=118095.00, EMA25=117962.50, EMA50=117943.02, 趋势=禁空
[2025-07-20 21:32:35] BTCUSDT 1h: 当前价格=118095.00, EMA25=117968.94, EMA50=118099.56, 趋势=禁空
==============================

===== 趋势分析结果 (2025-07-20 21:47:34) =====
[2025-07-20 21:47:34] BTCUSDT 15m: 当前价格=118120.10, EMA25=117974.90, EMA50=117950.11, 趋势=禁空
[2025-07-20 21:47:34] BTCUSDT 1h: 当前价格=118120.10, EMA25=117970.87, EMA50=118100.55, 趋势=禁空
==============================

===== 趋势分析结果 (2025-07-20 22:02:34) =====
[2025-07-20 22:02:34] BTCUSDT 15m: 当前价格=118501.40, EMA25=118033.76, EMA50=117981.47, 趋势=禁空
[2025-07-20 22:02:34] BTCUSDT 1h: 当前价格=118481.60, EMA25=118028.52, EMA50=118125.23, 趋势=禁空
==============================

===== 趋势分析结果 (2025-07-20 22:17:34) =====
[2025-07-20 22:17:34] BTCUSDT 15m: 当前价格=118623.50, EMA25=118081.18, EMA50=118007.74, 趋势=禁空
[2025-07-20 22:17:34] BTCUSDT 1h: 当前价格=118615.30, EMA25=118038.80, EMA50=118130.48, 趋势=禁空
==============================

===== 趋势分析结果 (2025-07-20 22:32:34) =====
[2025-07-20 22:32:34] BTCUSDT 15m: 当前价格=118584.00, EMA25=118120.14, EMA50=118030.49, 趋势=禁空
[2025-07-20 22:32:34] BTCUSDT 1h: 当前价格=118595.70, EMA25=118037.29, EMA50=118129.71, 趋势=禁空
==============================

===== 趋势分析结果 (2025-07-20 22:47:34) =====
[2025-07-20 22:47:34] BTCUSDT 15m: 当前价格=118512.30, EMA25=118148.88, EMA50=118048.63, 趋势=禁空
[2025-07-20 22:47:34] BTCUSDT 1h: 当前价格=118512.30, EMA25=118030.88, EMA50=118126.44, 趋势=禁空
==============================

===== 趋势分析结果 (2025-07-20 23:02:35) =====
[2025-07-20 23:02:34] BTCUSDT 15m: 当前价格=118357.80, EMA25=118159.32, EMA50=118057.76, 趋势=禁空
[2025-07-20 23:02:35] BTCUSDT 1h: 当前价格=118357.80, EMA25=118050.40, EMA50=118132.52, 趋势=禁空
==============================

===== 趋势分析结果 (2025-07-20 23:17:34) =====
[2025-07-20 23:17:34] BTCUSDT 15m: 当前价格=118535.90, EMA25=118208.32, EMA50=118087.15, 趋势=禁空
[2025-07-20 23:17:34] BTCUSDT 1h: 当前价格=118535.90, EMA25=118064.10, EMA50=118139.51, 趋势=禁空
==============================

===== 趋势分析结果 (2025-07-20 23:32:34) =====
[2025-07-20 23:32:34] BTCUSDT 15m: 当前价格=118670.70, EMA25=118255.29, EMA50=118116.08, 趋势=禁空
[2025-07-20 23:32:34] BTCUSDT 1h: 当前价格=118670.80, EMA25=118074.47, EMA50=118144.80, 趋势=禁空
==============================

===== 趋势分析结果 (2025-07-20 23:47:34) =====
[2025-07-20 23:47:34] BTCUSDT 15m: 当前价格=118600.00, EMA25=118274.97, EMA50=118131.43, 趋势=禁空
[2025-07-20 23:47:34] BTCUSDT 1h: 当前价格=118600.00, EMA25=118069.03, EMA50=118142.02, 趋势=禁空
==============================

