===== 趋势分析结果 (2025-06-15 13:21:43) =====
[2025-06-15 13:21:41] BTCUSDT 15m: 当前价格=105474.40, EMA25=105401.73, EMA60=105239.84, EMA120=105210.63, 趋势=上涨趋势
[2025-06-15 13:21:41] BTCUSDT 1h: 当前价格=105474.30, EMA25=105216.22, EMA60=105556.16, EMA120=106077.23, 趋势=震荡行情
[2025-06-15 13:21:42] BTCUSDT 4h: 当前价格=105474.40, EMA25=105943.11, EMA60=106221.71, EMA120=105899.12, 趋势=下跌趋势
[2025-06-15 13:21:42] BTCUSDT 1d: 当前价格=105474.40, EMA25=105611.78, EMA60=101636.17, EMA120=97195.36, 趋势=震荡行情
[2025-06-15 13:21:42] ETHUSDT 15m: 当前价格=2536.03, EMA25=2531.71, EMA60=2528.66, EMA120=2535.34, 趋势=上涨趋势
[2025-06-15 13:21:43] ETHUSDT 1h: 当前价格=2536.03, EMA25=2532.03, EMA60=2563.39, EMA120=2593.99, 趋势=震荡行情
[2025-06-15 13:21:43] ETHUSDT 4h: 当前价格=2536.02, EMA25=2586.06, EMA60=2598.61, EMA120=2571.33, 趋势=下跌趋势
[2025-06-15 13:21:43] ETHUSDT 1d: 当前价格=2536.02, EMA25=2549.52, EMA60=2389.30, EMA120=2374.38, 趋势=震荡行情
==============================

===== 趋势分析结果 (2025-06-15 13:36:45) =====
[2025-06-15 13:36:44] BTCUSDT 15m: 当前价格=105751.00, EMA25=105439.44, EMA60=105261.44, EMA120=105222.04, 趋势=上涨趋势
[2025-06-15 13:36:44] BTCUSDT 1h: 当前价格=105751.00, EMA25=105237.50, EMA60=105565.23, EMA120=106081.81, 趋势=震荡行情
[2025-06-15 13:36:44] BTCUSDT 4h: 当前价格=105751.00, EMA25=105964.38, EMA60=106230.77, EMA120=105903.70, 趋势=下跌趋势
[2025-06-15 13:36:44] BTCUSDT 1d: 当前价格=105751.00, EMA25=105633.06, EMA60=101645.24, EMA120=97199.93, 趋势=上涨趋势
[2025-06-15 13:36:45] ETHUSDT 15m: 当前价格=2545.63, EMA25=2533.06, EMA60=2529.34, EMA120=2535.57, 趋势=上涨趋势
[2025-06-15 13:36:45] ETHUSDT 1h: 当前价格=2545.63, EMA25=2532.77, EMA60=2563.70, EMA120=2594.15, 趋势=震荡行情
[2025-06-15 13:36:45] ETHUSDT 4h: 当前价格=2545.63, EMA25=2586.80, EMA60=2598.92, EMA120=2571.49, 趋势=下跌趋势
[2025-06-15 13:36:45] ETHUSDT 1d: 当前价格=2545.64, EMA25=2550.26, EMA60=2389.62, EMA120=2374.53, 趋势=震荡行情
==============================

===== 趋势分析结果 (2025-06-15 13:51:45) =====
[2025-06-15 13:51:44] BTCUSDT 15m: 当前价格=105918.00, EMA25=105478.45, EMA60=105283.95, EMA120=105234.04, 趋势=上涨趋势
[2025-06-15 13:51:44] BTCUSDT 1h: 当前价格=105918.00, EMA25=105250.35, EMA60=105570.71, EMA120=106084.57, 趋势=震荡行情
[2025-06-15 13:51:44] BTCUSDT 4h: 当前价格=105918.00, EMA25=105977.23, EMA60=106236.25, EMA120=105906.46, 趋势=震荡行情
[2025-06-15 13:51:44] BTCUSDT 1d: 当前价格=105918.00, EMA25=105645.91, EMA60=101650.72, EMA120=97202.69, 趋势=上涨趋势
[2025-06-15 13:51:45] ETHUSDT 15m: 当前价格=2546.96, EMA25=2534.30, EMA60=2529.99, EMA120=2535.80, 趋势=上涨趋势
[2025-06-15 13:51:45] ETHUSDT 1h: 当前价格=2546.96, EMA25=2532.87, EMA60=2563.74, EMA120=2594.17, 趋势=震荡行情
[2025-06-15 13:51:45] ETHUSDT 4h: 当前价格=2546.96, EMA25=2586.90, EMA60=2598.96, EMA120=2571.51, 趋势=下跌趋势
[2025-06-15 13:51:45] ETHUSDT 1d: 当前价格=2546.68, EMA25=2550.34, EMA60=2389.65, EMA120=2374.55, 趋势=震荡行情
==============================

===== 趋势分析结果 (2025-06-15 14:06:47) =====
[2025-06-15 14:06:46] BTCUSDT 15m: 当前价格=105896.40, EMA25=105518.62, EMA60=105307.61, EMA120=105246.82, 趋势=上涨趋势
[2025-06-15 14:06:46] BTCUSDT 1h: 当前价格=105896.40, EMA25=105308.07, EMA60=105584.97, EMA120=106083.35, 趋势=震荡行情
[2025-06-15 14:06:46] BTCUSDT 4h: 当前价格=105896.40, EMA25=105975.57, EMA60=106235.54, EMA120=105906.10, 趋势=下跌趋势
[2025-06-15 14:06:46] BTCUSDT 1d: 当前价格=105896.40, EMA25=105644.25, EMA60=101650.01, EMA120=97202.34, 趋势=上涨趋势
[2025-06-15 14:06:47] ETHUSDT 15m: 当前价格=2542.95, EMA25=2535.19, EMA60=2530.52, EMA120=2535.97, 趋势=上涨趋势
[2025-06-15 14:06:47] ETHUSDT 1h: 当前价格=2542.95, EMA25=2533.88, EMA60=2563.17, EMA120=2593.38, 趋势=震荡行情
[2025-06-15 14:06:47] ETHUSDT 4h: 当前价格=2541.95, EMA25=2586.52, EMA60=2598.80, EMA120=2571.43, 趋势=下跌趋势
[2025-06-15 14:06:47] ETHUSDT 1d: 当前价格=2541.95, EMA25=2549.98, EMA60=2389.50, EMA120=2374.47, 趋势=震荡行情
==============================

===== 趋势分析结果 (2025-06-15 14:21:47) =====
[2025-06-15 14:21:46] BTCUSDT 15m: 当前价格=105576.00, EMA25=105513.14, EMA60=105311.99, EMA120=105249.99, 趋势=上涨趋势
[2025-06-15 14:21:46] BTCUSDT 1h: 当前价格=105576.10, EMA25=105283.43, EMA60=105574.47, EMA120=106078.05, 趋势=震荡行情
[2025-06-15 14:21:46] BTCUSDT 4h: 当前价格=105576.00, EMA25=105950.92, EMA60=106225.04, EMA120=105900.80, 趋势=下跌趋势
[2025-06-15 14:21:46] BTCUSDT 1d: 当前价格=105576.10, EMA25=105619.61, EMA60=101639.51, EMA120=97197.04, 趋势=震荡行情
[2025-06-15 14:21:47] ETHUSDT 15m: 当前价格=2533.57, EMA25=2534.93, EMA60=2530.56, EMA120=2535.90, 趋势=震荡行情
[2025-06-15 14:21:47] ETHUSDT 1h: 当前价格=2533.48, EMA25=2533.15, EMA60=2562.86, EMA120=2593.22, 趋势=震荡行情
[2025-06-15 14:21:47] ETHUSDT 4h: 当前价格=2533.57, EMA25=2585.87, EMA60=2598.53, EMA120=2571.29, 趋势=下跌趋势
[2025-06-15 14:21:47] ETHUSDT 1d: 当前价格=2534.62, EMA25=2549.42, EMA60=2389.26, EMA120=2374.35, 趋势=震荡行情
==============================

===== 趋势分析结果 (2025-06-15 14:36:48) =====
[2025-06-15 14:36:46] BTCUSDT 15m: 当前价格=105385.00, EMA25=105496.56, EMA60=105311.38, EMA120=105250.67, 趋势=震荡行情
[2025-06-15 14:36:46] BTCUSDT 1h: 当前价格=105385.00, EMA25=105268.73, EMA60=105568.20, EMA120=106074.89, 趋势=震荡行情
[2025-06-15 14:36:46] BTCUSDT 4h: 当前价格=105378.50, EMA25=105935.73, EMA60=106218.56, EMA120=105897.54, 趋势=下跌趋势
[2025-06-15 14:36:46] BTCUSDT 1d: 当前价格=105378.50, EMA25=105604.41, EMA60=101633.03, EMA120=97193.78, 趋势=震荡行情
[2025-06-15 14:36:47] ETHUSDT 15m: 当前价格=2534.50, EMA25=2535.03, EMA60=2530.75, EMA120=2535.91, 趋势=震荡行情
[2025-06-15 14:36:47] ETHUSDT 1h: 当前价格=2535.13, EMA25=2533.28, EMA60=2562.91, EMA120=2593.25, 趋势=震荡行情
[2025-06-15 14:36:47] ETHUSDT 4h: 当前价格=2534.50, EMA25=2585.94, EMA60=2598.56, EMA120=2571.30, 趋势=下跌趋势
[2025-06-15 14:36:47] ETHUSDT 1d: 当前价格=2534.50, EMA25=2549.41, EMA60=2389.25, EMA120=2374.35, 趋势=震荡行情
==============================

===== 趋势分析结果 (2025-06-15 14:51:48) =====
[2025-06-15 14:51:46] BTCUSDT 15m: 当前价格=105450.00, EMA25=105499.13, EMA60=105318.68, EMA120=105255.37, 趋势=震荡行情
[2025-06-15 14:51:46] BTCUSDT 1h: 当前价格=105450.00, EMA25=105273.73, EMA60=105570.33, EMA120=106075.97, 趋势=震荡行情
[2025-06-15 14:51:46] BTCUSDT 4h: 当前价格=105450.00, EMA25=105941.23, EMA60=106220.91, EMA120=105898.72, 趋势=下跌趋势
[2025-06-15 14:51:46] BTCUSDT 1d: 当前价格=105450.00, EMA25=105609.91, EMA60=101635.37, EMA120=97194.96, 趋势=震荡行情
[2025-06-15 14:51:47] ETHUSDT 15m: 当前价格=2535.35, EMA25=2535.17, EMA60=2530.95, EMA120=2535.92, 趋势=震荡行情
[2025-06-15 14:51:47] ETHUSDT 1h: 当前价格=2535.35, EMA25=2533.30, EMA60=2562.92, EMA120=2593.25, 趋势=震荡行情
[2025-06-15 14:51:47] ETHUSDT 4h: 当前价格=2535.35, EMA25=2586.01, EMA60=2598.58, EMA120=2571.32, 趋势=下跌趋势
[2025-06-15 14:51:47] ETHUSDT 1d: 当前价格=2535.35, EMA25=2549.47, EMA60=2389.28, EMA120=2374.36, 趋势=震荡行情
==============================

===== 趋势分析结果 (2025-06-15 15:06:48) =====
[2025-06-15 15:06:46] BTCUSDT 15m: 当前价格=105351.70, EMA25=105483.60, EMA60=105317.89, EMA120=105256.00, 趋势=震荡行情
[2025-06-15 15:06:46] BTCUSDT 1h: 当前价格=105352.70, EMA25=105275.61, EMA60=105561.33, EMA120=106063.10, 趋势=震荡行情
[2025-06-15 15:06:46] BTCUSDT 4h: 当前价格=105352.70, EMA25=105933.74, EMA60=106217.71, EMA120=105897.11, 趋势=下跌趋势
[2025-06-15 15:06:46] BTCUSDT 1d: 当前价格=105351.70, EMA25=105602.35, EMA60=101632.15, EMA120=97193.33, 趋势=震荡行情
[2025-06-15 15:06:47] ETHUSDT 15m: 当前价格=2530.92, EMA25=2534.78, EMA60=2530.92, EMA120=2535.83, 趋势=震荡行情
[2025-06-15 15:06:47] ETHUSDT 1h: 当前价格=2530.93, EMA25=2533.05, EMA60=2561.84, EMA120=2592.21, 趋势=下跌趋势
[2025-06-15 15:06:47] ETHUSDT 4h: 当前价格=2530.93, EMA25=2585.67, EMA60=2598.44, EMA120=2571.24, 趋势=下跌趋势
[2025-06-15 15:06:48] ETHUSDT 1d: 当前价格=2530.92, EMA25=2549.13, EMA60=2389.14, EMA120=2374.29, 趋势=震荡行情
==============================

===== 趋势分析结果 (2025-06-15 15:21:48) =====
[2025-06-15 15:21:46] BTCUSDT 15m: 当前价格=105348.20, EMA25=105475.20, EMA60=105319.78, EMA120=105257.98, 趋势=震荡行情
[2025-06-15 15:21:46] BTCUSDT 1h: 当前价格=105348.30, EMA25=105275.28, EMA60=105561.18, EMA120=106063.03, 趋势=震荡行情
[2025-06-15 15:21:46] BTCUSDT 4h: 当前价格=105348.20, EMA25=105933.40, EMA60=106217.57, EMA120=105897.04, 趋势=下跌趋势
[2025-06-15 15:21:46] BTCUSDT 1d: 当前价格=105348.30, EMA25=105602.08, EMA60=101632.04, EMA120=97193.28, 趋势=震荡行情
[2025-06-15 15:21:47] ETHUSDT 15m: 当前价格=2529.51, EMA25=2534.34, EMA60=2530.86, EMA120=2535.72, 趋势=震荡行情
[2025-06-15 15:21:47] ETHUSDT 1h: 当前价格=2529.51, EMA25=2532.95, EMA60=2561.79, EMA120=2592.19, 趋势=下跌趋势
[2025-06-15 15:21:47] ETHUSDT 4h: 当前价格=2529.51, EMA25=2585.56, EMA60=2598.39, EMA120=2571.22, 趋势=下跌趋势
[2025-06-15 15:21:48] ETHUSDT 1d: 当前价格=2529.71, EMA25=2549.04, EMA60=2389.10, EMA120=2374.27, 趋势=震荡行情
==============================

===== 趋势分析结果 (2025-06-15 15:36:48) =====
[2025-06-15 15:36:46] BTCUSDT 15m: 当前价格=105264.20, EMA25=105450.60, EMA60=105314.22, EMA120=105256.17, 趋势=震荡行情
[2025-06-15 15:36:46] BTCUSDT 1h: 当前价格=105269.00, EMA25=105269.18, EMA60=105558.58, EMA120=106061.72, 趋势=下跌趋势
[2025-06-15 15:36:46] BTCUSDT 4h: 当前价格=105264.30, EMA25=105926.94, EMA60=106214.82, EMA120=105895.65, 趋势=下跌趋势
[2025-06-15 15:36:47] BTCUSDT 1d: 当前价格=105264.30, EMA25=105595.62, EMA60=101629.29, EMA120=97191.89, 趋势=震荡行情
[2025-06-15 15:36:47] ETHUSDT 15m: 当前价格=2524.49, EMA25=2533.44, EMA60=2530.59, EMA120=2535.50, 趋势=震荡行情
[2025-06-15 15:36:47] ETHUSDT 1h: 当前价格=2524.53, EMA25=2532.56, EMA60=2561.63, EMA120=2592.10, 趋势=下跌趋势
[2025-06-15 15:36:47] ETHUSDT 4h: 当前价格=2524.48, EMA25=2585.17, EMA60=2598.23, EMA120=2571.14, 趋势=下跌趋势
[2025-06-15 15:36:48] ETHUSDT 1d: 当前价格=2524.66, EMA25=2548.65, EMA60=2388.93, EMA120=2374.19, 趋势=震荡行情
==============================

===== 趋势分析结果 (2025-06-15 15:51:48) =====
[2025-06-15 15:51:46] BTCUSDT 15m: 当前价格=105353.60, EMA25=105446.09, EMA60=105316.83, EMA120=105258.45, 趋势=震荡行情
[2025-06-15 15:51:46] BTCUSDT 1h: 当前价格=105353.50, EMA25=105275.68, EMA60=105561.35, EMA120=106063.12, 趋势=震荡行情
[2025-06-15 15:51:46] BTCUSDT 4h: 当前价格=105353.50, EMA25=105933.81, EMA60=106217.74, EMA120=105897.13, 趋势=下跌趋势
[2025-06-15 15:51:46] BTCUSDT 1d: 当前价格=105353.50, EMA25=105602.48, EMA60=101632.21, EMA120=97193.36, 趋势=震荡行情
[2025-06-15 15:51:47] ETHUSDT 15m: 当前价格=2528.07, EMA25=2533.06, EMA60=2530.52, EMA120=2535.38, 趋势=震荡行情
[2025-06-15 15:51:47] ETHUSDT 1h: 当前价格=2527.85, EMA25=2532.82, EMA60=2561.74, EMA120=2592.16, 趋势=下跌趋势
[2025-06-15 15:51:47] ETHUSDT 4h: 当前价格=2528.07, EMA25=2585.45, EMA60=2598.35, EMA120=2571.20, 趋势=下跌趋势
[2025-06-15 15:51:47] ETHUSDT 1d: 当前价格=2528.07, EMA25=2548.91, EMA60=2389.04, EMA120=2374.24, 趋势=震荡行情
==============================

===== 趋势分析结果 (2025-06-15 16:06:48) =====
[2025-06-15 16:06:46] BTCUSDT 15m: 当前价格=105305.60, EMA25=105436.74, EMA60=105317.12, EMA120=105259.57, 趋势=震荡行情
[2025-06-15 16:06:46] BTCUSDT 1h: 当前价格=105305.60, EMA25=105279.44, EMA60=105553.62, EMA120=106050.98, 趋势=震荡行情
[2025-06-15 16:06:46] BTCUSDT 4h: 当前价格=105305.70, EMA25=105886.95, EMA60=106188.49, EMA120=105887.61, 趋势=下跌趋势
[2025-06-15 16:06:46] BTCUSDT 1d: 当前价格=105305.60, EMA25=105598.80, EMA60=101630.64, EMA120=97192.57, 趋势=震荡行情
[2025-06-15 16:06:47] ETHUSDT 15m: 当前价格=2524.71, EMA25=2532.37, EMA60=2530.31, EMA120=2535.20, 趋势=震荡行情
[2025-06-15 16:06:47] ETHUSDT 1h: 当前价格=2524.33, EMA25=2532.13, EMA60=2560.50, EMA120=2591.03, 趋势=下跌趋势
[2025-06-15 16:06:47] ETHUSDT 4h: 当前价格=2524.71, EMA25=2580.72, EMA60=2595.91, EMA120=2570.41, 趋势=下跌趋势
[2025-06-15 16:06:48] ETHUSDT 1d: 当前价格=2524.71, EMA25=2548.65, EMA60=2388.93, EMA120=2374.19, 趋势=震荡行情
==============================

===== 趋势分析结果 (2025-06-15 16:21:48) =====
[2025-06-15 16:21:46] BTCUSDT 15m: 当前价格=105216.60, EMA25=105414.74, EMA60=105311.56, EMA120=105257.70, 趋势=震荡行情
[2025-06-15 16:21:46] BTCUSDT 1h: 当前价格=105216.70, EMA25=105272.60, EMA60=105550.71, EMA120=106049.51, 趋势=下跌趋势
[2025-06-15 16:21:46] BTCUSDT 4h: 当前价格=105216.60, EMA25=105880.10, EMA60=106185.57, EMA120=105886.14, 趋势=下跌趋势
[2025-06-15 16:21:47] BTCUSDT 1d: 当前价格=105216.60, EMA25=105591.95, EMA60=101627.72, EMA120=97191.10, 趋势=震荡行情
[2025-06-15 16:21:47] ETHUSDT 15m: 当前价格=2520.53, EMA25=2531.21, EMA60=2529.88, EMA120=2534.90, 趋势=震荡行情
[2025-06-15 16:21:47] ETHUSDT 1h: 当前价格=2520.53, EMA25=2531.84, EMA60=2560.37, EMA120=2590.97, 趋势=下跌趋势
[2025-06-15 16:21:47] ETHUSDT 4h: 当前价格=2520.53, EMA25=2580.40, EMA60=2595.77, EMA120=2570.34, 趋势=下跌趋势
[2025-06-15 16:21:48] ETHUSDT 1d: 当前价格=2520.53, EMA25=2548.33, EMA60=2388.80, EMA120=2374.12, 趋势=震荡行情
==============================

===== 趋势分析结果 (2025-06-15 16:36:47) =====
[2025-06-15 16:36:46] BTCUSDT 15m: 当前价格=105182.50, EMA25=105395.73, EMA60=105306.81, EMA120=105256.19, 趋势=震荡行情
[2025-06-15 16:36:46] BTCUSDT 1h: 当前价格=105182.40, EMA25=105269.96, EMA60=105549.58, EMA120=106048.95, 趋势=下跌趋势
[2025-06-15 16:36:46] BTCUSDT 4h: 当前价格=105182.40, EMA25=105877.47, EMA60=106184.45, EMA120=105885.57, 趋势=下跌趋势
[2025-06-15 16:36:46] BTCUSDT 1d: 当前价格=105182.40, EMA25=105589.32, EMA60=101626.60, EMA120=97190.54, 趋势=震荡行情
[2025-06-15 16:36:47] ETHUSDT 15m: 当前价格=2521.62, EMA25=2530.64, EMA60=2529.68, EMA120=2534.72, 趋势=震荡行情
[2025-06-15 16:36:47] ETHUSDT 1h: 当前价格=2521.79, EMA25=2531.93, EMA60=2560.41, EMA120=2590.99, 趋势=下跌趋势
[2025-06-15 16:36:47] ETHUSDT 4h: 当前价格=2521.79, EMA25=2580.50, EMA60=2595.81, EMA120=2570.37, 趋势=下跌趋势
[2025-06-15 16:36:47] ETHUSDT 1d: 当前价格=2521.79, EMA25=2548.43, EMA60=2388.84, EMA120=2374.14, 趋势=震荡行情
==============================

===== 趋势分析结果 (2025-06-15 16:51:48) =====
[2025-06-15 16:51:46] BTCUSDT 15m: 当前价格=105169.10, EMA25=105378.97, EMA60=105302.60, EMA120=105254.91, 趋势=震荡行情
[2025-06-15 16:51:46] BTCUSDT 1h: 当前价格=105169.00, EMA25=105268.93, EMA60=105549.14, EMA120=106048.72, 趋势=下跌趋势
[2025-06-15 16:51:46] BTCUSDT 4h: 当前价格=105169.00, EMA25=105876.44, EMA60=106184.01, EMA120=105885.35, 趋势=下跌趋势
[2025-06-15 16:51:46] BTCUSDT 1d: 当前价格=105169.10, EMA25=105588.30, EMA60=101626.16, EMA120=97190.32, 趋势=震荡行情
[2025-06-15 16:51:47] ETHUSDT 15m: 当前价格=2519.96, EMA25=2529.81, EMA60=2529.36, EMA120=2534.47, 趋势=震荡行情
[2025-06-15 16:51:47] ETHUSDT 1h: 当前价格=2519.96, EMA25=2531.79, EMA60=2560.35, EMA120=2590.96, 趋势=下跌趋势
[2025-06-15 16:51:47] ETHUSDT 4h: 当前价格=2519.72, EMA25=2580.34, EMA60=2595.74, EMA120=2570.33, 趋势=下跌趋势
[2025-06-15 16:51:48] ETHUSDT 1d: 当前价格=2519.97, EMA25=2548.29, EMA60=2388.78, EMA120=2374.11, 趋势=震荡行情
==============================

===== 趋势分析结果 (2025-06-15 17:06:48) =====
[2025-06-15 17:06:46] BTCUSDT 15m: 当前价格=104965.80, EMA25=105345.81, EMA60=105290.94, EMA120=105249.82, 趋势=震荡行情
[2025-06-15 17:06:46] BTCUSDT 1h: 当前价格=104965.80, EMA25=105244.24, EMA60=105529.41, EMA120=106030.57, 趋势=下跌趋势
[2025-06-15 17:06:46] BTCUSDT 4h: 当前价格=104965.80, EMA25=105860.81, EMA60=106177.35, EMA120=105881.99, 趋势=下跌趋势
[2025-06-15 17:06:47] BTCUSDT 1d: 当前价格=104965.80, EMA25=105572.66, EMA60=101619.50, EMA120=97186.96, 趋势=震荡行情
[2025-06-15 17:06:47] ETHUSDT 15m: 当前价格=2513.98, EMA25=2528.56, EMA60=2528.84, EMA120=2534.13, 趋势=下跌趋势
[2025-06-15 17:06:48] ETHUSDT 1h: 当前价格=2514.43, EMA25=2530.43, EMA60=2558.84, EMA120=2589.69, 趋势=下跌趋势
[2025-06-15 17:06:48] ETHUSDT 4h: 当前价格=2514.43, EMA25=2579.93, EMA60=2595.57, EMA120=2570.24, 趋势=下跌趋势
[2025-06-15 17:06:48] ETHUSDT 1d: 当前价格=2513.98, EMA25=2547.83, EMA60=2388.58, EMA120=2374.01, 趋势=震荡行情
==============================

===== 趋势分析结果 (2025-06-15 17:21:48) =====
[2025-06-15 17:21:46] BTCUSDT 15m: 当前价格=104864.80, EMA25=105304.15, EMA60=105274.89, EMA120=105242.39, 趋势=震荡行情
[2025-06-15 17:21:46] BTCUSDT 1h: 当前价格=104864.80, EMA25=105236.48, EMA60=105526.09, EMA120=106028.90, 趋势=下跌趋势
[2025-06-15 17:21:46] BTCUSDT 4h: 当前价格=104860.10, EMA25=105852.68, EMA60=106173.88, EMA120=105880.25, 趋势=下跌趋势
[2025-06-15 17:21:46] BTCUSDT 1d: 当前价格=104864.80, EMA25=105564.89, EMA60=101616.19, EMA120=97185.29, 趋势=震荡行情
[2025-06-15 17:21:47] ETHUSDT 15m: 当前价格=2510.25, EMA25=2527.11, EMA60=2528.21, EMA120=2533.72, 趋势=下跌趋势
[2025-06-15 17:21:47] ETHUSDT 1h: 当前价格=2510.25, EMA25=2530.11, EMA60=2558.70, EMA120=2589.62, 趋势=下跌趋势
[2025-06-15 17:21:47] ETHUSDT 4h: 当前价格=2510.00, EMA25=2579.59, EMA60=2595.43, EMA120=2570.17, 趋势=下跌趋势
[2025-06-15 17:21:48] ETHUSDT 1d: 当前价格=2510.25, EMA25=2547.54, EMA60=2388.46, EMA120=2373.95, 趋势=震荡行情
==============================

===== 趋势分析结果 (2025-06-15 17:36:48) =====
[2025-06-15 17:36:46] BTCUSDT 15m: 当前价格=104826.80, EMA25=105269.41, EMA60=105261.08, EMA120=105235.98, 趋势=震荡行情
[2025-06-15 17:36:46] BTCUSDT 1h: 当前价格=104826.80, EMA25=105233.55, EMA60=105524.85, EMA120=106028.27, 趋势=下跌趋势
[2025-06-15 17:36:46] BTCUSDT 4h: 当前价格=104834.30, EMA25=105850.69, EMA60=106173.04, EMA120=105879.82, 趋势=下跌趋势
[2025-06-15 17:36:46] BTCUSDT 1d: 当前价格=104834.30, EMA25=105562.55, EMA60=101615.19, EMA120=97184.78, 趋势=震荡行情
[2025-06-15 17:36:47] ETHUSDT 15m: 当前价格=2508.32, EMA25=2525.81, EMA60=2527.62, EMA120=2533.34, 趋势=下跌趋势
[2025-06-15 17:36:47] ETHUSDT 1h: 当前价格=2508.32, EMA25=2529.96, EMA60=2558.64, EMA120=2589.59, 趋势=下跌趋势
[2025-06-15 17:36:47] ETHUSDT 4h: 当前价格=2508.53, EMA25=2579.48, EMA60=2595.38, EMA120=2570.15, 趋势=下跌趋势
[2025-06-15 17:36:48] ETHUSDT 1d: 当前价格=2508.31, EMA25=2547.39, EMA60=2388.40, EMA120=2373.92, 趋势=震荡行情
==============================

===== 趋势分析结果 (2025-06-15 17:51:48) =====
[2025-06-15 17:51:46] BTCUSDT 15m: 当前价格=104865.60, EMA25=105245.44, EMA60=105251.28, EMA120=105231.48, 趋势=下跌趋势
[2025-06-15 17:51:46] BTCUSDT 1h: 当前价格=104865.60, EMA25=105236.54, EMA60=105526.12, EMA120=106028.91, 趋势=下跌趋势
[2025-06-15 17:51:46] BTCUSDT 4h: 当前价格=104865.60, EMA25=105853.10, EMA60=106174.06, EMA120=105880.34, 趋势=下跌趋势
[2025-06-15 17:51:46] BTCUSDT 1d: 当前价格=104865.60, EMA25=105564.95, EMA60=101616.21, EMA120=97185.30, 趋势=震荡行情
[2025-06-15 17:51:47] ETHUSDT 15m: 当前价格=2510.28, EMA25=2524.99, EMA60=2527.22, EMA120=2533.04, 趋势=下跌趋势
[2025-06-15 17:51:47] ETHUSDT 1h: 当前价格=2510.28, EMA25=2530.11, EMA60=2558.70, EMA120=2589.62, 趋势=下跌趋势
[2025-06-15 17:51:47] ETHUSDT 4h: 当前价格=2510.28, EMA25=2579.61, EMA60=2595.43, EMA120=2570.18, 趋势=下跌趋势
[2025-06-15 17:51:47] ETHUSDT 1d: 当前价格=2510.28, EMA25=2547.54, EMA60=2388.46, EMA120=2373.95, 趋势=震荡行情
==============================

===== 趋势分析结果 (2025-06-15 18:06:49) =====
[2025-06-15 18:06:46] BTCUSDT 15m: 当前价格=104982.70, EMA25=105226.39, EMA60=105243.00, EMA120=105227.64, 趋势=下跌趋势
[2025-06-15 18:06:46] BTCUSDT 1h: 当前价格=104982.70, EMA25=105218.18, EMA60=105508.82, EMA120=106011.94, 趋势=下跌趋势
[2025-06-15 18:06:47] BTCUSDT 4h: 当前价格=104982.70, EMA25=105862.11, EMA60=106177.90, EMA120=105882.27, 趋势=下跌趋势
[2025-06-15 18:06:47] BTCUSDT 1d: 当前价格=104982.70, EMA25=105573.96, EMA60=101620.05, EMA120=97187.23, 趋势=震荡行情
[2025-06-15 18:06:48] ETHUSDT 15m: 当前价格=2516.80, EMA25=2524.30, EMA60=2526.85, EMA120=2532.76, 趋势=下跌趋势
[2025-06-15 18:06:48] ETHUSDT 1h: 当前价格=2516.80, EMA25=2529.03, EMA60=2557.30, EMA120=2588.41, 趋势=下跌趋势
[2025-06-15 18:06:48] ETHUSDT 4h: 当前价格=2516.51, EMA25=2580.09, EMA60=2595.64, EMA120=2570.28, 趋势=下跌趋势
[2025-06-15 18:06:48] ETHUSDT 1d: 当前价格=2516.80, EMA25=2548.05, EMA60=2388.67, EMA120=2374.06, 趋势=震荡行情
==============================

===== 趋势分析结果 (2025-06-15 18:21:48) =====
[2025-06-15 18:21:46] BTCUSDT 15m: 当前价格=105026.20, EMA25=105218.21, EMA60=105239.11, EMA120=105225.96, 趋势=下跌趋势
[2025-06-15 18:21:46] BTCUSDT 1h: 当前价格=105026.20, EMA25=105221.52, EMA60=105510.25, EMA120=106012.66, 趋势=下跌趋势
[2025-06-15 18:21:46] BTCUSDT 4h: 当前价格=105026.20, EMA25=105865.45, EMA60=106179.33, EMA120=105882.99, 趋势=下跌趋势
[2025-06-15 18:21:46] BTCUSDT 1d: 当前价格=105026.20, EMA25=105577.31, EMA60=101621.48, EMA120=97187.95, 趋势=震荡行情
[2025-06-15 18:21:47] ETHUSDT 15m: 当前价格=2517.01, EMA25=2524.03, EMA60=2526.66, EMA120=2532.57, 趋势=下跌趋势
[2025-06-15 18:21:47] ETHUSDT 1h: 当前价格=2517.01, EMA25=2529.04, EMA60=2557.31, EMA120=2588.41, 趋势=下跌趋势
[2025-06-15 18:21:47] ETHUSDT 4h: 当前价格=2517.01, EMA25=2580.13, EMA60=2595.65, EMA120=2570.29, 趋势=下跌趋势
[2025-06-15 18:21:48] ETHUSDT 1d: 当前价格=2517.01, EMA25=2548.06, EMA60=2388.68, EMA120=2374.06, 趋势=震荡行情
==============================

===== 趋势分析结果 (2025-06-15 18:36:48) =====
[2025-06-15 18:36:46] BTCUSDT 15m: 当前价格=104940.80, EMA25=105194.86, EMA60=105228.43, EMA120=105220.80, 趋势=下跌趋势
[2025-06-15 18:36:46] BTCUSDT 1h: 当前价格=104940.80, EMA25=105214.95, EMA60=105507.45, EMA120=106011.25, 趋势=下跌趋势
[2025-06-15 18:36:46] BTCUSDT 4h: 当前价格=104940.80, EMA25=105858.88, EMA60=106176.53, EMA120=105881.58, 趋势=下跌趋势
[2025-06-15 18:36:46] BTCUSDT 1d: 当前价格=104940.90, EMA25=105570.75, EMA60=101618.68, EMA120=97186.54, 趋势=震荡行情
[2025-06-15 18:36:47] ETHUSDT 15m: 当前价格=2513.01, EMA25=2523.07, EMA60=2526.16, EMA120=2532.22, 趋势=下跌趋势
[2025-06-15 18:36:47] ETHUSDT 1h: 当前价格=2513.49, EMA25=2528.77, EMA60=2557.19, EMA120=2588.35, 趋势=下跌趋势
[2025-06-15 18:36:47] ETHUSDT 4h: 当前价格=2513.50, EMA25=2579.86, EMA60=2595.54, EMA120=2570.23, 趋势=下跌趋势
[2025-06-15 18:36:48] ETHUSDT 1d: 当前价格=2513.49, EMA25=2547.79, EMA60=2388.56, EMA120=2374.00, 趋势=震荡行情
==============================

===== 趋势分析结果 (2025-06-15 18:51:48) =====
[2025-06-15 18:51:46] BTCUSDT 15m: 当前价格=105106.40, EMA25=105195.98, EMA60=105227.97, EMA120=105220.72, 趋势=下跌趋势
[2025-06-15 18:51:46] BTCUSDT 1h: 当前价格=105106.40, EMA25=105227.69, EMA60=105512.88, EMA120=106013.99, 趋势=下跌趋势
[2025-06-15 18:51:46] BTCUSDT 4h: 当前价格=105106.40, EMA25=105871.62, EMA60=106181.96, EMA120=105884.32, 趋势=下跌趋势
[2025-06-15 18:51:46] BTCUSDT 1d: 当前价格=105106.50, EMA25=105583.48, EMA60=101624.11, EMA120=97189.28, 趋势=震荡行情
[2025-06-15 18:51:47] ETHUSDT 15m: 当前价格=2519.40, EMA25=2523.15, EMA60=2526.10, EMA120=2532.09, 趋势=下跌趋势
[2025-06-15 18:51:47] ETHUSDT 1h: 当前价格=2519.39, EMA25=2529.23, EMA60=2557.38, EMA120=2588.45, 趋势=下跌趋势
[2025-06-15 18:51:47] ETHUSDT 4h: 当前价格=2519.39, EMA25=2580.32, EMA60=2595.73, EMA120=2570.33, 趋势=下跌趋势
[2025-06-15 18:51:48] ETHUSDT 1d: 当前价格=2519.40, EMA25=2548.25, EMA60=2388.76, EMA120=2374.10, 趋势=震荡行情
==============================

===== 趋势分析结果 (2025-06-15 19:06:48) =====
[2025-06-15 19:06:46] BTCUSDT 15m: 当前价格=105068.80, EMA25=105183.98, EMA60=105221.76, EMA120=105217.71, 趋势=下跌趋势
[2025-06-15 19:06:46] BTCUSDT 1h: 当前价格=105068.80, EMA25=105213.25, EMA60=105497.33, EMA120=105997.93, 趋势=下跌趋势
[2025-06-15 19:06:46] BTCUSDT 4h: 当前价格=105068.80, EMA25=105868.73, EMA60=106180.72, EMA120=105883.70, 趋势=下跌趋势
[2025-06-15 19:06:46] BTCUSDT 1d: 当前价格=105068.80, EMA25=105580.58, EMA60=101622.88, EMA120=97188.66, 趋势=震荡行情
[2025-06-15 19:06:47] ETHUSDT 15m: 当前价格=2521.16, EMA25=2522.96, EMA60=2525.93, EMA120=2531.91, 趋势=下跌趋势
[2025-06-15 19:06:47] ETHUSDT 1h: 当前价格=2521.17, EMA25=2528.58, EMA60=2556.18, EMA120=2587.33, 趋势=下跌趋势
[2025-06-15 19:06:47] ETHUSDT 4h: 当前价格=2521.17, EMA25=2580.45, EMA60=2595.79, EMA120=2570.36, 趋势=下跌趋势
[2025-06-15 19:06:47] ETHUSDT 1d: 当前价格=2521.17, EMA25=2548.38, EMA60=2388.82, EMA120=2374.13, 趋势=震荡行情
==============================

===== 趋势分析结果 (2025-06-15 19:21:48) =====
[2025-06-15 19:21:46] BTCUSDT 15m: 当前价格=104999.90, EMA25=105168.64, EMA60=105213.96, EMA120=105213.83, 趋势=下跌趋势
[2025-06-15 19:21:46] BTCUSDT 1h: 当前价格=104999.90, EMA25=105207.95, EMA60=105495.07, EMA120=105996.80, 趋势=下跌趋势
[2025-06-15 19:21:46] BTCUSDT 4h: 当前价格=104999.90, EMA25=105863.43, EMA60=106178.47, EMA120=105882.56, 趋势=下跌趋势
[2025-06-15 19:21:46] BTCUSDT 1d: 当前价格=104999.90, EMA25=105575.28, EMA60=101620.62, EMA120=97187.52, 趋势=震荡行情
[2025-06-15 19:21:47] ETHUSDT 15m: 当前价格=2516.16, EMA25=2522.17, EMA60=2525.48, EMA120=2531.58, 趋势=下跌趋势
[2025-06-15 19:21:47] ETHUSDT 1h: 当前价格=2516.15, EMA25=2528.19, EMA60=2556.02, EMA120=2587.25, 趋势=下跌趋势
[2025-06-15 19:21:47] ETHUSDT 4h: 当前价格=2516.15, EMA25=2580.07, EMA60=2595.63, EMA120=2570.27, 趋势=下跌趋势
[2025-06-15 19:21:48] ETHUSDT 1d: 当前价格=2516.16, EMA25=2548.00, EMA60=2388.65, EMA120=2374.05, 趋势=震荡行情
==============================

===== 趋势分析结果 (2025-06-15 19:36:48) =====
[2025-06-15 19:36:46] BTCUSDT 15m: 当前价格=104948.00, EMA25=105148.13, EMA60=105203.66, EMA120=105208.62, 趋势=下跌趋势
[2025-06-15 19:36:46] BTCUSDT 1h: 当前价格=104947.90, EMA25=105203.95, EMA60=105493.37, EMA120=105995.94, 趋势=下跌趋势
[2025-06-15 19:36:46] BTCUSDT 4h: 当前价格=104948.00, EMA25=105859.44, EMA60=106176.76, EMA120=105881.70, 趋势=下跌趋势
[2025-06-15 19:36:46] BTCUSDT 1d: 当前价格=104947.90, EMA25=105571.28, EMA60=101618.91, EMA120=97186.66, 趋势=震荡行情
[2025-06-15 19:36:47] ETHUSDT 15m: 当前价格=2515.63, EMA25=2521.51, EMA60=2525.09, EMA120=2531.29, 趋势=下跌趋势
[2025-06-15 19:36:47] ETHUSDT 1h: 当前价格=2515.64, EMA25=2528.15, EMA60=2556.00, EMA120=2587.24, 趋势=下跌趋势
[2025-06-15 19:36:47] ETHUSDT 4h: 当前价格=2515.64, EMA25=2580.03, EMA60=2595.61, EMA120=2570.26, 趋势=下跌趋势
[2025-06-15 19:36:48] ETHUSDT 1d: 当前价格=2515.64, EMA25=2547.96, EMA60=2388.64, EMA120=2374.04, 趋势=震荡行情
==============================

===== 趋势分析结果 (2025-06-15 19:51:47) =====
[2025-06-15 19:51:46] BTCUSDT 15m: 当前价格=104945.60, EMA25=105129.44, EMA60=105193.81, EMA120=105203.56, 趋势=下跌趋势
[2025-06-15 19:51:46] BTCUSDT 1h: 当前价格=104945.60, EMA25=105203.78, EMA60=105493.29, EMA120=105995.90, 趋势=下跌趋势
[2025-06-15 19:51:46] BTCUSDT 4h: 当前价格=104945.60, EMA25=105859.25, EMA60=106176.68, EMA120=105881.66, 趋势=下跌趋势
[2025-06-15 19:51:46] BTCUSDT 1d: 当前价格=104945.60, EMA25=105571.11, EMA60=101618.84, EMA120=97186.62, 趋势=震荡行情
[2025-06-15 19:51:47] ETHUSDT 15m: 当前价格=2515.55, EMA25=2520.88, EMA60=2524.70, EMA120=2530.99, 趋势=下跌趋势
[2025-06-15 19:51:47] ETHUSDT 1h: 当前价格=2515.55, EMA25=2528.14, EMA60=2556.00, EMA120=2587.24, 趋势=下跌趋势
[2025-06-15 19:51:47] ETHUSDT 4h: 当前价格=2515.55, EMA25=2580.02, EMA60=2595.61, EMA120=2570.26, 趋势=下跌趋势
[2025-06-15 19:51:47] ETHUSDT 1d: 当前价格=2515.55, EMA25=2547.95, EMA60=2388.63, EMA120=2374.04, 趋势=震荡行情
==============================

===== 趋势分析结果 (2025-06-15 20:06:48) =====
[2025-06-15 20:06:46] BTCUSDT 15m: 当前价格=104900.00, EMA25=105110.30, EMA60=105183.51, EMA120=105198.20, 趋势=下跌趋势
[2025-06-15 20:06:46] BTCUSDT 1h: 当前价格=104900.10, EMA25=105178.92, EMA60=105473.17, EMA120=105977.51, 趋势=下跌趋势
[2025-06-15 20:06:46] BTCUSDT 4h: 当前价格=104900.00, EMA25=105783.97, EMA60=106134.16, EMA120=105865.00, 趋势=下跌趋势
[2025-06-15 20:06:46] BTCUSDT 1d: 当前价格=104900.00, EMA25=105567.60, EMA60=101617.34, EMA120=97185.87, 趋势=震荡行情
[2025-06-15 20:06:47] ETHUSDT 15m: 当前价格=2515.25, EMA25=2520.42, EMA60=2524.38, EMA120=2530.72, 趋势=下跌趋势
[2025-06-15 20:06:47] ETHUSDT 1h: 当前价格=2515.99, EMA25=2527.18, EMA60=2554.68, EMA120=2586.06, 趋势=下跌趋势
[2025-06-15 20:06:47] ETHUSDT 4h: 当前价格=2515.99, EMA25=2575.07, EMA60=2592.99, EMA120=2569.36, 趋势=下跌趋势
[2025-06-15 20:06:48] ETHUSDT 1d: 当前价格=2515.50, EMA25=2547.95, EMA60=2388.63, EMA120=2374.04, 趋势=震荡行情
==============================

===== 趋势分析结果 (2025-06-15 20:21:49) =====
[2025-06-15 20:21:46] BTCUSDT 15m: 当前价格=105063.80, EMA25=105119.52, EMA60=105185.30, EMA120=105198.91, 趋势=下跌趋势
[2025-06-15 20:21:46] BTCUSDT 1h: 当前价格=105063.80, EMA25=105191.51, EMA60=105478.54, EMA120=105980.22, 趋势=下跌趋势
[2025-06-15 20:21:46] BTCUSDT 4h: 当前价格=105069.60, EMA25=105797.01, EMA60=106139.72, EMA120=105867.81, 趋势=下跌趋势
[2025-06-15 20:21:46] BTCUSDT 1d: 当前价格=105063.80, EMA25=105580.20, EMA60=101622.71, EMA120=97188.57, 趋势=震荡行情
[2025-06-15 20:21:47] ETHUSDT 15m: 当前价格=2519.20, EMA25=2520.70, EMA60=2524.38, EMA120=2530.62, 趋势=下跌趋势
[2025-06-15 20:21:47] ETHUSDT 1h: 当前价格=2519.21, EMA25=2527.43, EMA60=2554.78, EMA120=2586.11, 趋势=下跌趋势
[2025-06-15 20:21:48] ETHUSDT 4h: 当前价格=2519.20, EMA25=2575.32, EMA60=2593.09, EMA120=2569.41, 趋势=下跌趋势
[2025-06-15 20:21:49] ETHUSDT 1d: 当前价格=2519.21, EMA25=2548.23, EMA60=2388.75, EMA120=2374.10, 趋势=震荡行情
==============================

===== 趋势分析结果 (2025-06-15 20:36:47) =====
[2025-06-15 20:36:46] BTCUSDT 15m: 当前价格=105073.90, EMA25=105111.48, EMA60=105179.62, EMA120=105195.80, 趋势=下跌趋势
[2025-06-15 20:36:46] BTCUSDT 1h: 当前价格=105073.90, EMA25=105192.29, EMA60=105478.87, EMA120=105980.39, 趋势=下跌趋势
[2025-06-15 20:36:46] BTCUSDT 4h: 当前价格=105073.90, EMA25=105797.34, EMA60=106139.86, EMA120=105867.88, 趋势=下跌趋势
[2025-06-15 20:36:46] BTCUSDT 1d: 当前价格=105073.90, EMA25=105580.98, EMA60=101623.04, EMA120=97188.74, 趋势=震荡行情
[2025-06-15 20:36:47] ETHUSDT 15m: 当前价格=2520.31, EMA25=2520.54, EMA60=2524.18, EMA120=2530.42, 趋势=下跌趋势
[2025-06-15 20:36:47] ETHUSDT 1h: 当前价格=2520.31, EMA25=2527.52, EMA60=2554.82, EMA120=2586.13, 趋势=下跌趋势
[2025-06-15 20:36:47] ETHUSDT 4h: 当前价格=2520.17, EMA25=2575.39, EMA60=2593.12, EMA120=2569.43, 趋势=下跌趋势
[2025-06-15 20:36:47] ETHUSDT 1d: 当前价格=2520.31, EMA25=2548.32, EMA60=2388.79, EMA120=2374.12, 趋势=震荡行情
==============================

===== 趋势分析结果 (2025-06-15 20:51:48) =====
[2025-06-15 20:51:46] BTCUSDT 15m: 当前价格=105167.60, EMA25=105115.33, EMA60=105179.02, EMA120=105195.23, 趋势=震荡行情
[2025-06-15 20:51:46] BTCUSDT 1h: 当前价格=105167.50, EMA25=105199.49, EMA60=105481.94, EMA120=105981.93, 趋势=下跌趋势
[2025-06-15 20:51:46] BTCUSDT 4h: 当前价格=105167.60, EMA25=105804.55, EMA60=106142.93, EMA120=105869.43, 趋势=下跌趋势
[2025-06-15 20:51:46] BTCUSDT 1d: 当前价格=105167.50, EMA25=105588.18, EMA60=101626.11, EMA120=97190.29, 趋势=震荡行情
[2025-06-15 20:51:47] ETHUSDT 15m: 当前价格=2522.94, EMA25=2520.63, EMA60=2524.10, EMA120=2530.27, 趋势=震荡行情
[2025-06-15 20:51:47] ETHUSDT 1h: 当前价格=2522.94, EMA25=2527.72, EMA60=2554.90, EMA120=2586.17, 趋势=下跌趋势
[2025-06-15 20:51:47] ETHUSDT 4h: 当前价格=2522.95, EMA25=2575.60, EMA60=2593.21, EMA120=2569.47, 趋势=下跌趋势
[2025-06-15 20:51:48] ETHUSDT 1d: 当前价格=2522.94, EMA25=2548.52, EMA60=2388.87, EMA120=2374.16, 趋势=震荡行情
==============================

===== 趋势分析结果 (2025-06-15 21:06:48) =====
[2025-06-15 21:06:46] BTCUSDT 15m: 当前价格=105196.30, EMA25=105127.41, EMA60=105182.20, EMA120=105196.58, 趋势=震荡行情
[2025-06-15 21:06:46] BTCUSDT 1h: 当前价格=105196.30, EMA25=105205.10, EMA60=105475.19, EMA120=105970.35, 趋势=下跌趋势
[2025-06-15 21:06:46] BTCUSDT 4h: 当前价格=105196.40, EMA25=105806.77, EMA60=106143.88, EMA120=105869.90, 趋势=下跌趋势
[2025-06-15 21:06:46] BTCUSDT 1d: 当前价格=105196.40, EMA25=105590.40, EMA60=101627.06, EMA120=97190.77, 趋势=震荡行情
[2025-06-15 21:06:47] ETHUSDT 15m: 当前价格=2522.60, EMA25=2520.90, EMA60=2524.11, EMA120=2530.17, 趋势=震荡行情
[2025-06-15 21:06:47] ETHUSDT 1h: 当前价格=2522.41, EMA25=2527.43, EMA60=2553.89, EMA120=2585.15, 趋势=下跌趋势
[2025-06-15 21:06:47] ETHUSDT 4h: 当前价格=2522.41, EMA25=2575.56, EMA60=2593.20, EMA120=2569.46, 趋势=下跌趋势
[2025-06-15 21:06:48] ETHUSDT 1d: 当前价格=2522.41, EMA25=2548.48, EMA60=2388.86, EMA120=2374.15, 趋势=震荡行情
==============================

===== 趋势分析结果 (2025-06-15 21:21:50) =====
[2025-06-15 21:21:48] BTCUSDT 15m: 当前价格=105369.60, EMA25=105158.50, EMA60=105193.91, EMA120=105202.28, 趋势=震荡行情
[2025-06-15 21:21:48] BTCUSDT 1h: 当前价格=105369.70, EMA25=105218.44, EMA60=105480.88, EMA120=105973.21, 趋势=震荡行情
[2025-06-15 21:21:49] BTCUSDT 4h: 当前价格=105369.70, EMA25=105820.10, EMA60=106149.56, EMA120=105872.77, 趋势=下跌趋势
[2025-06-15 21:21:49] BTCUSDT 1d: 当前价格=105369.70, EMA25=105603.73, EMA60=101632.74, EMA120=97193.63, 趋势=震荡行情
[2025-06-15 21:21:49] ETHUSDT 15m: 当前价格=2533.11, EMA25=2522.38, EMA60=2524.64, EMA120=2530.35, 趋势=震荡行情
[2025-06-15 21:21:49] ETHUSDT 1h: 当前价格=2533.11, EMA25=2528.25, EMA60=2554.24, EMA120=2585.33, 趋势=震荡行情
[2025-06-15 21:21:50] ETHUSDT 4h: 当前价格=2533.01, EMA25=2576.38, EMA60=2593.54, EMA120=2569.64, 趋势=下跌趋势
[2025-06-15 21:21:50] ETHUSDT 1d: 当前价格=2533.11, EMA25=2549.30, EMA60=2389.21, EMA120=2374.33, 趋势=震荡行情
==============================

===== 趋势分析结果 (2025-06-15 21:36:48) =====
[2025-06-15 21:36:46] BTCUSDT 15m: 当前价格=105381.20, EMA25=105180.82, EMA60=105202.37, EMA120=105206.43, 趋势=震荡行情
[2025-06-15 21:36:46] BTCUSDT 1h: 当前价格=105381.30, EMA25=105219.33, EMA60=105481.26, EMA120=105973.41, 趋势=震荡行情
[2025-06-15 21:36:46] BTCUSDT 4h: 当前价格=105381.20, EMA25=105820.98, EMA60=106149.93, EMA120=105872.96, 趋势=下跌趋势
[2025-06-15 21:36:46] BTCUSDT 1d: 当前价格=105381.20, EMA25=105604.62, EMA60=101633.12, EMA120=97193.82, 趋势=震荡行情
[2025-06-15 21:36:47] ETHUSDT 15m: 当前价格=2532.50, EMA25=2523.08, EMA60=2524.87, EMA120=2530.36, 趋势=震荡行情
[2025-06-15 21:36:47] ETHUSDT 1h: 当前价格=2532.05, EMA25=2528.17, EMA60=2554.21, EMA120=2585.31, 趋势=震荡行情
[2025-06-15 21:36:47] ETHUSDT 4h: 当前价格=2532.06, EMA25=2576.31, EMA60=2593.51, EMA120=2569.62, 趋势=下跌趋势
[2025-06-15 21:36:48] ETHUSDT 1d: 当前价格=2532.06, EMA25=2549.22, EMA60=2389.17, EMA120=2374.31, 趋势=震荡行情
==============================

===== 趋势分析结果 (2025-06-15 21:51:48) =====
[2025-06-15 21:51:46] BTCUSDT 15m: 当前价格=105478.00, EMA25=105209.65, EMA60=105214.07, EMA120=105212.29, 趋势=震荡行情
[2025-06-15 21:51:46] BTCUSDT 1h: 当前价格=105478.10, EMA25=105226.78, EMA60=105484.43, EMA120=105975.01, 趋势=震荡行情
[2025-06-15 21:51:46] BTCUSDT 4h: 当前价格=105478.00, EMA25=105828.43, EMA60=106153.11, EMA120=105874.56, 趋势=下跌趋势
[2025-06-15 21:51:46] BTCUSDT 1d: 当前价格=105478.00, EMA25=105612.06, EMA60=101636.29, EMA120=97195.42, 趋势=震荡行情
[2025-06-15 21:51:47] ETHUSDT 15m: 当前价格=2539.32, EMA25=2524.71, EMA60=2525.51, EMA120=2530.60, 趋势=震荡行情
[2025-06-15 21:51:47] ETHUSDT 1h: 当前价格=2539.32, EMA25=2528.73, EMA60=2554.45, EMA120=2585.43, 趋势=震荡行情
[2025-06-15 21:51:47] ETHUSDT 4h: 当前价格=2539.32, EMA25=2576.86, EMA60=2593.75, EMA120=2569.74, 趋势=下跌趋势
[2025-06-15 21:51:48] ETHUSDT 1d: 当前价格=2539.33, EMA25=2549.78, EMA60=2389.41, EMA120=2374.43, 趋势=震荡行情
==============================

===== 趋势分析结果 (2025-06-15 22:06:48) =====
[2025-06-15 22:06:46] BTCUSDT 15m: 当前价格=105340.80, EMA25=105219.72, EMA60=105218.22, EMA120=105214.41, 趋势=上涨趋势
[2025-06-15 22:06:46] BTCUSDT 1h: 当前价格=105340.80, EMA25=105235.52, EMA60=105479.71, EMA120=105964.57, 趋势=震荡行情
[2025-06-15 22:06:46] BTCUSDT 4h: 当前价格=105340.80, EMA25=105817.87, EMA60=106148.61, EMA120=105872.29, 趋势=下跌趋势
[2025-06-15 22:06:46] BTCUSDT 1d: 当前价格=105340.90, EMA25=105601.52, EMA60=101631.80, EMA120=97193.16, 趋势=震荡行情
[2025-06-15 22:06:47] ETHUSDT 15m: 当前价格=2536.91, EMA25=2525.83, EMA60=2525.97, EMA120=2530.75, 趋势=震荡行情
[2025-06-15 22:06:47] ETHUSDT 1h: 当前价格=2536.91, EMA25=2529.55, EMA60=2553.96, EMA120=2584.67, 趋势=震荡行情
[2025-06-15 22:06:47] ETHUSDT 4h: 当前价格=2536.91, EMA25=2576.68, EMA60=2593.67, EMA120=2569.70, 趋势=下跌趋势
[2025-06-15 22:06:48] ETHUSDT 1d: 当前价格=2536.91, EMA25=2549.59, EMA60=2389.33, EMA120=2374.39, 趋势=震荡行情
==============================

===== 趋势分析结果 (2025-06-15 22:21:48) =====
[2025-06-15 22:21:46] BTCUSDT 15m: 当前价格=105284.30, EMA25=105225.63, EMA60=105220.81, EMA120=105215.77, 趋势=上涨趋势
[2025-06-15 22:21:46] BTCUSDT 1h: 当前价格=105284.30, EMA25=105231.17, EMA60=105477.86, EMA120=105963.64, 趋势=震荡行情
[2025-06-15 22:21:46] BTCUSDT 4h: 当前价格=105284.30, EMA25=105813.53, EMA60=106146.76, EMA120=105871.36, 趋势=下跌趋势
[2025-06-15 22:21:46] BTCUSDT 1d: 当前价格=105284.30, EMA25=105597.16, EMA60=101629.94, EMA120=97192.22, 趋势=震荡行情
[2025-06-15 22:21:47] ETHUSDT 15m: 当前价格=2538.26, EMA25=2527.20, EMA60=2526.55, EMA120=2530.96, 趋势=上涨趋势
[2025-06-15 22:21:47] ETHUSDT 1h: 当前价格=2538.26, EMA25=2529.65, EMA60=2554.00, EMA120=2584.69, 趋势=震荡行情
[2025-06-15 22:21:47] ETHUSDT 4h: 当前价格=2538.10, EMA25=2576.77, EMA60=2593.71, EMA120=2569.72, 趋势=下跌趋势
[2025-06-15 22:21:48] ETHUSDT 1d: 当前价格=2538.26, EMA25=2549.70, EMA60=2389.38, EMA120=2374.41, 趋势=震荡行情
==============================

===== 趋势分析结果 (2025-06-15 22:36:48) =====
[2025-06-15 22:36:46] BTCUSDT 15m: 当前价格=105394.80, EMA25=105241.52, EMA60=105227.79, EMA120=105219.39, 趋势=上涨趋势
[2025-06-15 22:36:46] BTCUSDT 1h: 当前价格=105394.70, EMA25=105239.67, EMA60=105481.48, EMA120=105965.47, 趋势=震荡行情
[2025-06-15 22:36:46] BTCUSDT 4h: 当前价格=105394.70, EMA25=105822.02, EMA60=106150.38, EMA120=105873.18, 趋势=下跌趋势
[2025-06-15 22:36:46] BTCUSDT 1d: 当前价格=105394.70, EMA25=105605.65, EMA60=101633.56, EMA120=97194.04, 趋势=震荡行情
[2025-06-15 22:36:47] ETHUSDT 15m: 当前价格=2540.80, EMA25=2528.24, EMA60=2527.02, EMA120=2531.12, 趋势=上涨趋势
[2025-06-15 22:36:47] ETHUSDT 1h: 当前价格=2540.79, EMA25=2529.85, EMA60=2554.08, EMA120=2584.74, 趋势=震荡行情
[2025-06-15 22:36:47] ETHUSDT 4h: 当前价格=2540.79, EMA25=2576.98, EMA60=2593.80, EMA120=2569.77, 趋势=下跌趋势
[2025-06-15 22:36:48] ETHUSDT 1d: 当前价格=2540.79, EMA25=2549.89, EMA60=2389.46, EMA120=2374.45, 趋势=震荡行情
==============================

===== 趋势分析结果 (2025-06-15 22:51:47) =====
[2025-06-15 22:51:46] BTCUSDT 15m: 当前价格=105759.90, EMA25=105287.70, EMA60=105248.06, EMA120=105229.77, 趋势=上涨趋势
[2025-06-15 22:51:46] BTCUSDT 1h: 当前价格=105759.90, EMA25=105267.76, EMA60=105493.45, EMA120=105971.50, 趋势=震荡行情
[2025-06-15 22:51:46] BTCUSDT 4h: 当前价格=105760.00, EMA25=105850.12, EMA60=106162.35, EMA120=105879.22, 趋势=下跌趋势
[2025-06-15 22:51:46] BTCUSDT 1d: 当前价格=105759.90, EMA25=105633.75, EMA60=101645.53, EMA120=97200.08, 趋势=上涨趋势
[2025-06-15 22:51:47] ETHUSDT 15m: 当前价格=2552.18, EMA25=2530.16, EMA60=2527.88, EMA120=2531.49, 趋势=上涨趋势
[2025-06-15 22:51:47] ETHUSDT 1h: 当前价格=2552.79, EMA25=2530.77, EMA60=2554.48, EMA120=2584.93, 趋势=震荡行情
[2025-06-15 22:51:47] ETHUSDT 4h: 当前价格=2552.35, EMA25=2577.87, EMA60=2594.18, EMA120=2569.96, 趋势=下跌趋势
[2025-06-15 22:51:47] ETHUSDT 1d: 当前价格=2552.79, EMA25=2550.81, EMA60=2389.85, EMA120=2374.65, 趋势=上涨趋势
==============================

===== 趋势分析结果 (2025-06-15 23:06:48) =====
[2025-06-15 23:06:46] BTCUSDT 15m: 当前价格=105650.50, EMA25=105305.68, EMA60=105256.82, EMA120=105234.45, 趋势=上涨趋势
[2025-06-15 23:06:46] BTCUSDT 1h: 当前价格=105650.50, EMA25=105287.27, EMA60=105494.16, EMA120=105963.98, 趋势=震荡行情
[2025-06-15 23:06:46] BTCUSDT 4h: 当前价格=105650.50, EMA25=105841.70, EMA60=106158.76, EMA120=105877.41, 趋势=下跌趋势
[2025-06-15 23:06:46] BTCUSDT 1d: 当前价格=105650.50, EMA25=105625.33, EMA60=101641.95, EMA120=97198.27, 趋势=上涨趋势
[2025-06-15 23:06:47] ETHUSDT 15m: 当前价格=2548.22, EMA25=2531.23, EMA60=2528.40, EMA120=2531.69, 趋势=上涨趋势
[2025-06-15 23:06:47] ETHUSDT 1h: 当前价格=2548.00, EMA25=2531.73, EMA60=2554.10, EMA120=2584.24, 趋势=震荡行情
[2025-06-15 23:06:47] ETHUSDT 4h: 当前价格=2548.22, EMA25=2577.55, EMA60=2594.04, EMA120=2569.89, 趋势=下跌趋势
[2025-06-15 23:06:48] ETHUSDT 1d: 当前价格=2548.00, EMA25=2550.45, EMA60=2389.70, EMA120=2374.57, 趋势=震荡行情
==============================

===== 趋势分析结果 (2025-06-15 23:21:48) =====
[2025-06-15 23:21:46] BTCUSDT 15m: 当前价格=105544.10, EMA25=105318.48, EMA60=105263.76, EMA120=105238.30, 趋势=上涨趋势
[2025-06-15 23:21:46] BTCUSDT 1h: 当前价格=105544.10, EMA25=105279.08, EMA60=105490.67, EMA120=105962.22, 趋势=震荡行情
[2025-06-15 23:21:46] BTCUSDT 4h: 当前价格=105544.10, EMA25=105833.51, EMA60=106155.28, EMA120=105875.65, 趋势=下跌趋势
[2025-06-15 23:21:46] BTCUSDT 1d: 当前价格=105544.10, EMA25=105617.15, EMA60=101638.46, EMA120=97196.51, 趋势=震荡行情
[2025-06-15 23:21:47] ETHUSDT 15m: 当前价格=2544.27, EMA25=2532.02, EMA60=2528.83, EMA120=2531.86, 趋势=上涨趋势
[2025-06-15 23:21:47] ETHUSDT 1h: 当前价格=2544.26, EMA25=2531.45, EMA60=2553.98, EMA120=2584.18, 趋势=震荡行情
[2025-06-15 23:21:47] ETHUSDT 4h: 当前价格=2544.27, EMA25=2577.24, EMA60=2593.91, EMA120=2569.82, 趋势=下跌趋势
[2025-06-15 23:21:48] ETHUSDT 1d: 当前价格=2544.26, EMA25=2550.16, EMA60=2389.57, EMA120=2374.51, 趋势=震荡行情
==============================

===== 趋势分析结果 (2025-06-15 23:36:48) =====
[2025-06-15 23:36:46] BTCUSDT 15m: 当前价格=105684.60, EMA25=105357.70, EMA60=105282.50, EMA120=105248.22, 趋势=上涨趋势
[2025-06-15 23:36:46] BTCUSDT 1h: 当前价格=105684.60, EMA25=105289.89, EMA60=105495.28, EMA120=105964.54, 趋势=震荡行情
[2025-06-15 23:36:47] BTCUSDT 4h: 当前价格=105684.60, EMA25=105844.32, EMA60=106159.88, EMA120=105877.97, 趋势=下跌趋势
[2025-06-15 23:36:47] BTCUSDT 1d: 当前价格=105687.80, EMA25=105628.20, EMA60=101643.17, EMA120=97198.89, 趋势=上涨趋势
[2025-06-15 23:36:47] ETHUSDT 15m: 当前价格=2549.30, EMA25=2533.79, EMA60=2529.69, EMA120=2532.24, 趋势=上涨趋势
[2025-06-15 23:36:47] ETHUSDT 1h: 当前价格=2549.15, EMA25=2531.82, EMA60=2554.14, EMA120=2584.26, 趋势=震荡行情
[2025-06-15 23:36:48] ETHUSDT 4h: 当前价格=2549.15, EMA25=2577.62, EMA60=2594.07, EMA120=2569.91, 趋势=下跌趋势
[2025-06-15 23:36:48] ETHUSDT 1d: 当前价格=2548.75, EMA25=2550.50, EMA60=2389.72, EMA120=2374.59, 趋势=震荡行情
==============================

===== 趋势分析结果 (2025-06-15 23:51:47) =====
[2025-06-15 23:51:46] BTCUSDT 15m: 当前价格=105549.80, EMA25=105364.71, EMA60=105287.79, EMA120=105251.42, 趋势=上涨趋势
[2025-06-15 23:51:46] BTCUSDT 1h: 当前价格=105549.80, EMA25=105279.52, EMA60=105490.86, EMA120=105962.32, 趋势=震荡行情
[2025-06-15 23:51:46] BTCUSDT 4h: 当前价格=105549.90, EMA25=105833.96, EMA60=106155.47, EMA120=105875.75, 趋势=下跌趋势
[2025-06-15 23:51:46] BTCUSDT 1d: 当前价格=105549.80, EMA25=105617.58, EMA60=101638.65, EMA120=97196.61, 趋势=震荡行情
[2025-06-15 23:51:47] ETHUSDT 15m: 当前价格=2541.88, EMA25=2534.11, EMA60=2529.96, EMA120=2532.33, 趋势=上涨趋势
[2025-06-15 23:51:47] ETHUSDT 1h: 当前价格=2541.88, EMA25=2531.26, EMA60=2553.90, EMA120=2584.14, 趋势=震荡行情
[2025-06-15 23:51:47] ETHUSDT 4h: 当前价格=2541.59, EMA25=2577.04, EMA60=2593.82, EMA120=2569.78, 趋势=下跌趋势
[2025-06-15 23:51:47] ETHUSDT 1d: 当前价格=2541.88, EMA25=2549.98, EMA60=2389.50, EMA120=2374.47, 趋势=震荡行情
==============================

