===== 趋势分析结果 (2025-07-10 00:01:14) =====
[2025-07-10 00:01:14] BTCUSDT 15m: 当前价格=109063.50, EMA25=108988.76, EMA50=108906.57, 趋势=禁空
[2025-07-10 00:01:14] BTCUSDT 1h: 当前价格=109063.60, EMA25=108795.57, EMA50=108661.85, 趋势=禁空
==============================

===== 趋势分析结果 (2025-07-10 00:16:14) =====
[2025-07-10 00:16:14] BTCUSDT 15m: 当前价格=109074.70, EMA25=108996.69, EMA50=108913.87, 趋势=禁空
[2025-07-10 00:16:14] BTCUSDT 1h: 当前价格=109074.80, EMA25=108796.44, EMA50=108662.29, 趋势=禁空
==============================

===== 趋势分析结果 (2025-07-10 00:31:14) =====
[2025-07-10 00:31:14] BTCUSDT 15m: 当前价格=109238.00, EMA25=109020.60, EMA50=108929.42, 趋势=禁空
[2025-07-10 00:31:14] BTCUSDT 1h: 当前价格=109233.00, EMA25=108808.60, EMA50=108668.49, 趋势=禁空
==============================

===== 趋势分析结果 (2025-07-10 00:46:14) =====
[2025-07-10 00:46:14] BTCUSDT 15m: 当前价格=109238.00, EMA25=109038.09, EMA50=108941.93, 趋势=禁空
[2025-07-10 00:46:14] BTCUSDT 1h: 当前价格=109238.00, EMA25=108808.99, EMA50=108668.69, 趋势=禁空
==============================

===== 趋势分析结果 (2025-07-10 01:01:17) =====
[2025-07-10 01:01:16] BTCUSDT 15m: 当前价格=109324.70, EMA25=109068.09, EMA50=108961.16, 趋势=禁空
[2025-07-10 01:01:17] BTCUSDT 1h: 当前价格=109324.70, EMA25=108856.61, EMA50=108698.63, 趋势=禁空
==============================

===== 趋势分析结果 (2025-07-10 01:16:14) =====
[2025-07-10 01:16:14] BTCUSDT 15m: 当前价格=109192.50, EMA25=109069.28, EMA50=108965.78, 趋势=禁空
[2025-07-10 01:16:14] BTCUSDT 1h: 当前价格=109201.40, EMA25=108847.13, EMA50=108693.80, 趋势=禁空
==============================

===== 趋势分析结果 (2025-07-10 01:31:14) =====
[2025-07-10 01:31:14] BTCUSDT 15m: 当前价格=109087.90, EMA25=109062.32, EMA50=108966.12, 趋势=禁空
[2025-07-10 01:31:14] BTCUSDT 1h: 当前价格=109087.90, EMA25=108838.40, EMA50=108689.35, 趋势=禁空
==============================

===== 趋势分析结果 (2025-07-10 01:46:14) =====
[2025-07-10 01:46:14] BTCUSDT 15m: 当前价格=109086.20, EMA25=109065.81, EMA50=108971.70, 趋势=禁空
[2025-07-10 01:46:14] BTCUSDT 1h: 当前价格=109086.20, EMA25=108838.27, EMA50=108689.28, 趋势=禁空
==============================

===== 趋势分析结果 (2025-07-10 02:01:14) =====
[2025-07-10 02:01:14] BTCUSDT 15m: 当前价格=109108.30, EMA25=109070.65, EMA50=108977.89, 趋势=禁空
[2025-07-10 02:01:14] BTCUSDT 1h: 当前价格=109101.80, EMA25=108860.11, EMA50=108706.29, 趋势=禁空
==============================

===== 趋势分析结果 (2025-07-10 02:16:14) =====
[2025-07-10 02:16:14] BTCUSDT 15m: 当前价格=109370.00, EMA25=109115.80, EMA50=109005.01, 趋势=禁空
[2025-07-10 02:16:14] BTCUSDT 1h: 当前价格=109370.00, EMA25=108880.75, EMA50=108716.81, 趋势=禁空
==============================

===== 趋势分析结果 (2025-07-10 02:31:15) =====
[2025-07-10 02:31:14] BTCUSDT 15m: 当前价格=109470.60, EMA25=109152.01, EMA50=109028.00, 趋势=禁空
[2025-07-10 02:31:15] BTCUSDT 1h: 当前价格=109461.60, EMA25=108887.79, EMA50=108720.40, 趋势=禁空
==============================

===== 趋势分析结果 (2025-07-10 02:46:14) =====
[2025-07-10 02:46:14] BTCUSDT 15m: 当前价格=109349.90, EMA25=109158.44, EMA50=109035.96, 趋势=禁空
[2025-07-10 02:46:14] BTCUSDT 1h: 当前价格=109349.90, EMA25=108879.20, EMA50=108716.02, 趋势=禁空
==============================

===== 趋势分析结果 (2025-07-10 03:01:14) =====
[2025-07-10 03:01:14] BTCUSDT 15m: 当前价格=109516.10, EMA25=109195.59, EMA50=109059.90, 趋势=禁空
[2025-07-10 03:01:14] BTCUSDT 1h: 当前价格=109516.00, EMA25=108937.82, EMA50=108752.51, 趋势=禁空
==============================

===== 趋势分析结果 (2025-07-10 03:16:14) =====
[2025-07-10 03:16:14] BTCUSDT 15m: 当前价格=109659.30, EMA25=109238.88, EMA50=109087.45, 趋势=禁空
[2025-07-10 03:16:14] BTCUSDT 1h: 当前价格=109659.30, EMA25=108948.84, EMA50=108758.13, 趋势=禁空
==============================

===== 趋势分析结果 (2025-07-10 03:31:14) =====
[2025-07-10 03:31:14] BTCUSDT 15m: 当前价格=110349.90, EMA25=109370.94, EMA50=109161.68, 趋势=禁空
[2025-07-10 03:31:14] BTCUSDT 1h: 当前价格=110349.90, EMA25=109001.97, EMA50=108785.21, 趋势=禁空
==============================

===== 趋势分析结果 (2025-07-10 03:46:14) =====
[2025-07-10 03:46:14] BTCUSDT 15m: 当前价格=111361.30, EMA25=109595.39, EMA50=109285.80, 趋势=禁空
[2025-07-10 03:46:14] BTCUSDT 1h: 当前价格=111339.30, EMA25=109078.07, EMA50=108824.01, 趋势=禁空
==============================

===== 趋势分析结果 (2025-07-10 04:01:14) =====
[2025-07-10 04:01:14] BTCUSDT 15m: 当前价格=111738.50, EMA25=109785.63, EMA50=109395.46, 趋势=禁空
[2025-07-10 04:01:14] BTCUSDT 1h: 当前价格=111754.80, EMA25=109310.92, EMA50=108953.24, 趋势=禁空
==============================

===== 趋势分析结果 (2025-07-10 06:53:01) =====
[2025-07-10 06:53:01] BTCUSDT 15m: 当前价格=111299.90, EMA25=110524.70, EMA50=109975.78, 趋势=禁空
[2025-07-10 06:53:01] BTCUSDT 1h: 当前价格=111299.90, EMA25=109497.92, EMA50=109075.25, 趋势=禁空
==============================

===== 趋势分析结果 (2025-07-10 07:08:02) =====
[2025-07-10 07:08:02] BTCUSDT 15m: 当前价格=111349.90, EMA25=110590.16, EMA50=110030.72, 趋势=禁空
[2025-07-10 07:08:02] BTCUSDT 1h: 当前价格=111343.80, EMA25=109641.90, EMA50=109165.27, 趋势=禁空
==============================

===== 趋势分析结果 (2025-07-10 07:23:02) =====
[2025-07-10 07:23:02] BTCUSDT 15m: 当前价格=111441.90, EMA25=110651.32, EMA50=110083.75, 趋势=禁空
[2025-07-10 07:23:02] BTCUSDT 1h: 当前价格=111441.90, EMA25=109649.45, EMA50=109169.12, 趋势=禁空
==============================

===== 趋势分析结果 (2025-07-10 07:38:02) =====
[2025-07-10 07:38:02] BTCUSDT 15m: 当前价格=111350.40, EMA25=110699.30, EMA50=110130.34, 趋势=禁空
[2025-07-10 07:38:02] BTCUSDT 1h: 当前价格=111350.40, EMA25=109642.41, EMA50=109165.53, 趋势=禁空
==============================

===== 趋势分析结果 (2025-07-10 07:53:02) =====
[2025-07-10 07:53:02] BTCUSDT 15m: 当前价格=111245.60, EMA25=110738.93, EMA50=110172.81, 趋势=禁空
[2025-07-10 07:53:02] BTCUSDT 1h: 当前价格=111245.50, EMA25=109634.34, EMA50=109161.42, 趋势=禁空
==============================

===== 趋势分析结果 (2025-07-10 08:08:02) =====
[2025-07-10 08:08:02] BTCUSDT 15m: 当前价格=111216.50, EMA25=110772.42, EMA50=110212.02, 趋势=禁空
[2025-07-10 08:08:02] BTCUSDT 1h: 当前价格=111216.60, EMA25=109752.81, EMA50=109240.29, 趋势=禁空
==============================

===== 趋势分析结果 (2025-07-10 08:23:02) =====
[2025-07-10 08:23:02] BTCUSDT 15m: 当前价格=111176.90, EMA25=110804.33, EMA50=110250.28, 趋势=禁空
[2025-07-10 08:23:02] BTCUSDT 1h: 当前价格=111168.80, EMA25=109749.14, EMA50=109238.42, 趋势=禁空
==============================

===== 趋势分析结果 (2025-07-10 08:38:02) =====
[2025-07-10 08:38:02] BTCUSDT 15m: 当前价格=111015.90, EMA25=110815.15, EMA50=110277.41, 趋势=禁空
[2025-07-10 08:38:02] BTCUSDT 1h: 当前价格=111015.80, EMA25=109737.37, EMA50=109232.42, 趋势=禁空
==============================

===== 趋势分析结果 (2025-07-10 08:53:02) =====
[2025-07-10 08:53:02] BTCUSDT 15m: 当前价格=110990.60, EMA25=110826.93, EMA50=110304.47, 趋势=禁空
[2025-07-10 08:53:02] BTCUSDT 1h: 当前价格=110990.60, EMA25=109735.43, EMA50=109231.43, 趋势=禁空
==============================

===== 趋势分析结果 (2025-07-10 09:08:02) =====
[2025-07-10 09:08:02] BTCUSDT 15m: 当前价格=110906.70, EMA25=110824.41, EMA50=110323.49, 趋势=禁空
[2025-07-10 09:08:02] BTCUSDT 1h: 当前价格=110906.70, EMA25=109816.87, EMA50=109292.53, 趋势=禁空
==============================

===== 趋势分析结果 (2025-07-10 09:23:02) =====
[2025-07-10 09:23:02] BTCUSDT 15m: 当前价格=111062.70, EMA25=110846.66, EMA50=110354.56, 趋势=禁空
[2025-07-10 09:23:02] BTCUSDT 1h: 当前价格=111036.10, EMA25=109826.82, EMA50=109297.61, 趋势=禁空
==============================

===== 趋势分析结果 (2025-07-10 09:38:02) =====
[2025-07-10 09:38:02] BTCUSDT 15m: 当前价格=111137.00, EMA25=110869.28, EMA50=110385.39, 趋势=禁空
[2025-07-10 09:38:02] BTCUSDT 1h: 当前价格=111137.00, EMA25=109834.58, EMA50=109301.56, 趋势=禁空
==============================

===== 趋势分析结果 (2025-07-10 09:53:02) =====
[2025-07-10 09:53:02] BTCUSDT 15m: 当前价格=111208.00, EMA25=110896.25, EMA50=110418.14, 趋势=禁空
[2025-07-10 09:53:02] BTCUSDT 1h: 当前价格=111208.00, EMA25=109840.04, EMA50=109304.35, 趋势=禁空
==============================

===== 趋势分析结果 (2025-07-10 10:08:02) =====
[2025-07-10 10:08:02] BTCUSDT 15m: 当前价格=111225.80, EMA25=110917.36, EMA50=110447.56, 趋势=禁空
[2025-07-10 10:08:02] BTCUSDT 1h: 当前价格=111225.80, EMA25=109942.40, EMA50=109377.45, 趋势=禁空
==============================

===== 趋势分析结果 (2025-07-10 10:23:02) =====
[2025-07-10 10:23:02] BTCUSDT 15m: 当前价格=111336.10, EMA25=110956.03, EMA50=110485.83, 趋势=禁空
[2025-07-10 10:23:02] BTCUSDT 1h: 当前价格=111336.10, EMA25=109950.88, EMA50=109381.77, 趋势=禁空
==============================

===== 趋势分析结果 (2025-07-10 10:38:02) =====
[2025-07-10 10:38:02] BTCUSDT 15m: 当前价格=111155.00, EMA25=110965.18, EMA50=110508.81, 趋势=禁空
[2025-07-10 10:38:02] BTCUSDT 1h: 当前价格=111155.00, EMA25=109936.95, EMA50=109374.67, 趋势=禁空
==============================

===== 趋势分析结果 (2025-07-10 10:53:02) =====
[2025-07-10 10:53:02] BTCUSDT 15m: 当前价格=111157.60, EMA25=110978.72, EMA50=110533.58, 趋势=禁空
[2025-07-10 10:53:02] BTCUSDT 1h: 当前价格=111157.60, EMA25=109937.15, EMA50=109374.77, 趋势=禁空
==============================

===== 趋势分析结果 (2025-07-10 11:08:02) =====
[2025-07-10 11:08:02] BTCUSDT 15m: 当前价格=111139.30, EMA25=110992.55, EMA50=110558.12, 趋势=禁空
[2025-07-10 11:08:02] BTCUSDT 1h: 当前价格=111139.30, EMA25=110031.10, EMA50=109444.76, 趋势=禁空
==============================

===== 趋势分析结果 (2025-07-10 11:23:02) =====
[2025-07-10 11:23:02] BTCUSDT 15m: 当前价格=111062.30, EMA25=110994.18, EMA50=110575.91, 趋势=禁空
[2025-07-10 11:23:02] BTCUSDT 1h: 当前价格=111062.30, EMA25=110025.18, EMA50=109441.74, 趋势=禁空
==============================

===== 趋势分析结果 (2025-07-10 11:38:02) =====
[2025-07-10 11:38:02] BTCUSDT 15m: 当前价格=110999.40, EMA25=110990.78, EMA50=110590.50, 趋势=禁空
[2025-07-10 11:38:02] BTCUSDT 1h: 当前价格=110999.40, EMA25=110020.34, EMA50=109439.27, 趋势=禁空
==============================

===== 趋势分析结果 (2025-07-10 11:53:02) =====
[2025-07-10 11:53:02] BTCUSDT 15m: 当前价格=111011.60, EMA25=110990.92, EMA50=110606.24, 趋势=禁空
[2025-07-10 11:53:02] BTCUSDT 1h: 当前价格=111011.70, EMA25=110021.29, EMA50=109439.75, 趋势=禁空
==============================

===== 趋势分析结果 (2025-07-10 12:08:02) =====
[2025-07-10 12:08:02] BTCUSDT 15m: 当前价格=110948.50, EMA25=110988.84, EMA50=110620.29, 趋势=混沌
[2025-07-10 12:08:02] BTCUSDT 1h: 当前价格=110948.50, EMA25=110093.78, EMA50=109499.54, 趋势=禁空
==============================

===== 趋势分析结果 (2025-07-10 12:23:03) =====
[2025-07-10 12:23:02] BTCUSDT 15m: 当前价格=110974.90, EMA25=110984.70, EMA50=110632.57, 趋势=混沌
[2025-07-10 12:23:03] BTCUSDT 1h: 当前价格=110974.90, EMA25=110095.81, EMA50=109500.58, 趋势=禁空
==============================

===== 趋势分析结果 (2025-07-10 12:38:04) =====
[2025-07-10 12:38:02] BTCUSDT 15m: 当前价格=111054.30, EMA25=110992.35, EMA50=110650.32, 趋势=禁空
[2025-07-10 12:38:04] BTCUSDT 1h: 当前价格=111054.30, EMA25=110101.92, EMA50=109503.69, 趋势=禁空
==============================

===== 趋势分析结果 (2025-07-10 12:53:02) =====
[2025-07-10 12:53:02] BTCUSDT 15m: 当前价格=111135.70, EMA25=111007.26, EMA50=110671.42, 趋势=禁空
[2025-07-10 12:53:02] BTCUSDT 1h: 当前价格=111135.70, EMA25=110108.18, EMA50=109506.88, 趋势=禁空
==============================

===== 趋势分析结果 (2025-07-10 13:08:02) =====
[2025-07-10 13:08:02] BTCUSDT 15m: 当前价格=110959.70, EMA25=111001.55, EMA50=110681.64, 趋势=混沌
[2025-07-10 13:08:02] BTCUSDT 1h: 当前价格=110959.70, EMA25=110171.64, EMA50=109562.77, 趋势=禁空
==============================

===== 趋势分析结果 (2025-07-10 13:23:02) =====
[2025-07-10 13:23:02] BTCUSDT 15m: 当前价格=110915.90, EMA25=110993.65, EMA50=110690.13, 趋势=混沌
[2025-07-10 13:23:02] BTCUSDT 1h: 当前价格=110915.90, EMA25=110168.27, EMA50=109561.05, 趋势=禁空
==============================

===== 趋势分析结果 (2025-07-10 13:38:02) =====
[2025-07-10 13:38:02] BTCUSDT 15m: 当前价格=110909.00, EMA25=110989.87, EMA50=110700.16, 趋势=混沌
[2025-07-10 13:38:02] BTCUSDT 1h: 当前价格=110909.10, EMA25=110167.75, EMA50=109560.78, 趋势=禁空
==============================

===== 趋势分析结果 (2025-07-10 13:53:02) =====
[2025-07-10 13:53:02] BTCUSDT 15m: 当前价格=111001.10, EMA25=110990.58, EMA50=110711.88, 趋势=禁空
[2025-07-10 13:53:02] BTCUSDT 1h: 当前价格=111001.10, EMA25=110174.82, EMA50=109564.39, 趋势=禁空
==============================

===== 趋势分析结果 (2025-07-10 14:08:02) =====
[2025-07-10 14:08:02] BTCUSDT 15m: 当前价格=111050.50, EMA25=110999.26, EMA50=110727.32, 趋势=禁空
[2025-07-10 14:08:02] BTCUSDT 1h: 当前价格=111050.40, EMA25=110246.25, EMA50=109624.83, 趋势=禁空
==============================

===== 趋势分析结果 (2025-07-10 14:23:02) =====
[2025-07-10 14:23:01] BTCUSDT 15m: 当前价格=111229.90, EMA25=111021.47, EMA50=110749.40, 趋势=禁空
[2025-07-10 14:23:02] BTCUSDT 1h: 当前价格=111219.90, EMA25=110259.28, EMA50=109631.47, 趋势=禁空
==============================

===== 趋势分析结果 (2025-07-10 14:38:02) =====
[2025-07-10 14:38:01] BTCUSDT 15m: 当前价格=111180.80, EMA25=111033.40, EMA50=110766.14, 趋势=禁空
[2025-07-10 14:38:02] BTCUSDT 1h: 当前价格=111180.90, EMA25=110256.28, EMA50=109629.94, 趋势=禁空
==============================

===== 趋势分析结果 (2025-07-10 14:53:04) =====
[2025-07-10 14:53:01] BTCUSDT 15m: 当前价格=111205.00, EMA25=111040.42, EMA50=110780.07, 趋势=禁空
[2025-07-10 14:53:04] BTCUSDT 1h: 当前价格=111205.00, EMA25=110258.14, EMA50=109630.89, 趋势=禁空
==============================

===== 趋势分析结果 (2025-07-10 15:08:02) =====
[2025-07-10 15:08:02] BTCUSDT 15m: 当前价格=111221.80, EMA25=111052.93, EMA50=110796.63, 趋势=禁空
[2025-07-10 15:08:02] BTCUSDT 1h: 当前价格=111221.80, EMA25=110330.82, EMA50=109692.51, 趋势=禁空
==============================

===== 趋势分析结果 (2025-07-10 15:23:02) =====
[2025-07-10 15:23:01] BTCUSDT 15m: 当前价格=111305.30, EMA25=111081.16, EMA50=110821.26, 趋势=禁空
[2025-07-10 15:23:02] BTCUSDT 1h: 当前价格=111305.30, EMA25=110337.25, EMA50=109695.79, 趋势=禁空
==============================

===== 趋势分析结果 (2025-07-10 15:38:02) =====
[2025-07-10 15:38:01] BTCUSDT 15m: 当前价格=111240.70, EMA25=111094.68, EMA50=110838.37, 趋势=禁空
[2025-07-10 15:38:02] BTCUSDT 1h: 当前价格=111240.70, EMA25=110332.28, EMA50=109693.25, 趋势=禁空
==============================

===== 趋势分析结果 (2025-07-10 15:53:02) =====
[2025-07-10 15:53:01] BTCUSDT 15m: 当前价格=111170.60, EMA25=111098.76, EMA50=110850.46, 趋势=禁空
[2025-07-10 15:53:02] BTCUSDT 1h: 当前价格=111170.60, EMA25=110326.89, EMA50=109690.51, 趋势=禁空
==============================

===== 趋势分析结果 (2025-07-10 16:08:02) =====
[2025-07-10 16:08:01] BTCUSDT 15m: 当前价格=111097.90, EMA25=111099.80, EMA50=110860.75, 趋势=混沌
[2025-07-10 16:08:02] BTCUSDT 1h: 当前价格=111097.90, EMA25=110387.29, EMA50=109746.28, 趋势=禁空
==============================

===== 趋势分析结果 (2025-07-10 16:23:02) =====
[2025-07-10 16:23:01] BTCUSDT 15m: 当前价格=111217.20, EMA25=111107.80, EMA50=110874.18, 趋势=禁空
[2025-07-10 16:23:02] BTCUSDT 1h: 当前价格=111217.20, EMA25=110396.47, EMA50=109750.96, 趋势=禁空
==============================

===== 趋势分析结果 (2025-07-10 16:38:02) =====
[2025-07-10 16:38:01] BTCUSDT 15m: 当前价格=111299.70, EMA25=111122.89, EMA50=110891.04, 趋势=禁空
[2025-07-10 16:38:02] BTCUSDT 1h: 当前价格=111299.70, EMA25=110402.82, EMA50=109754.19, 趋势=禁空
==============================

===== 趋势分析结果 (2025-07-10 16:53:02) =====
[2025-07-10 16:53:01] BTCUSDT 15m: 当前价格=111256.60, EMA25=111137.42, EMA50=110907.63, 趋势=禁空
[2025-07-10 16:53:02] BTCUSDT 1h: 当前价格=111256.60, EMA25=110399.50, EMA50=109752.50, 趋势=禁空
==============================

===== 趋势分析结果 (2025-07-10 17:08:02) =====
[2025-07-10 17:08:01] BTCUSDT 15m: 当前价格=111170.00, EMA25=111134.85, EMA50=110915.23, 趋势=禁空
[2025-07-10 17:08:02] BTCUSDT 1h: 当前价格=111170.10, EMA25=110453.71, EMA50=109805.41, 趋势=禁空
==============================

===== 趋势分析结果 (2025-07-10 17:23:02) =====
[2025-07-10 17:23:01] BTCUSDT 15m: 当前价格=111100.70, EMA25=111128.99, EMA50=110920.79, 趋势=混沌
[2025-07-10 17:23:02] BTCUSDT 1h: 当前价格=111100.60, EMA25=110448.36, EMA50=109802.68, 趋势=禁空
==============================

===== 趋势分析结果 (2025-07-10 17:38:02) =====
[2025-07-10 17:38:01] BTCUSDT 15m: 当前价格=111088.80, EMA25=111125.00, EMA50=110926.90, 趋势=混沌
[2025-07-10 17:38:02] BTCUSDT 1h: 当前价格=111088.80, EMA25=110447.46, EMA50=109802.22, 趋势=禁空
==============================

===== 趋势分析结果 (2025-07-10 17:53:02) =====
[2025-07-10 17:53:01] BTCUSDT 15m: 当前价格=111050.10, EMA25=111115.83, EMA50=110929.92, 趋势=混沌
[2025-07-10 17:53:02] BTCUSDT 1h: 当前价格=111050.10, EMA25=110444.48, EMA50=109800.70, 趋势=禁空
==============================

===== 趋势分析结果 (2025-07-10 18:08:02) =====
[2025-07-10 18:08:01] BTCUSDT 15m: 当前价格=110965.50, EMA25=111100.56, EMA50=110929.35, 趋势=混沌
[2025-07-10 18:08:02] BTCUSDT 1h: 当前价格=110965.50, EMA25=110480.84, EMA50=109844.41, 趋势=禁空
==============================

===== 趋势分析结果 (2025-07-10 18:23:02) =====
[2025-07-10 18:23:01] BTCUSDT 15m: 当前价格=110988.60, EMA25=111090.85, EMA50=110931.09, 趋势=混沌
[2025-07-10 18:23:02] BTCUSDT 1h: 当前价格=110988.50, EMA25=110482.61, EMA50=109845.31, 趋势=禁空
==============================

===== 趋势分析结果 (2025-07-10 18:38:02) =====
[2025-07-10 18:38:01] BTCUSDT 15m: 当前价格=110985.60, EMA25=111081.26, EMA50=110932.43, 趋势=混沌
[2025-07-10 18:38:02] BTCUSDT 1h: 当前价格=110985.60, EMA25=110482.39, EMA50=109845.20, 趋势=禁空
==============================

===== 趋势分析结果 (2025-07-10 18:53:02) =====
[2025-07-10 18:53:01] BTCUSDT 15m: 当前价格=110941.90, EMA25=111064.51, EMA50=110929.61, 趋势=混沌
[2025-07-10 18:53:02] BTCUSDT 1h: 当前价格=110941.90, EMA25=110479.03, EMA50=109843.48, 趋势=禁空
==============================

===== 趋势分析结果 (2025-07-10 19:08:02) =====
[2025-07-10 19:08:01] BTCUSDT 15m: 当前价格=111112.70, EMA25=111074.95, EMA50=110940.36, 趋势=禁空
[2025-07-10 19:08:02] BTCUSDT 1h: 当前价格=111112.70, EMA25=110534.51, EMA50=109896.83, 趋势=禁空
==============================

===== 趋势分析结果 (2025-07-10 19:23:02) =====
[2025-07-10 19:23:01] BTCUSDT 15m: 当前价格=111085.10, EMA25=111070.28, EMA50=110943.14, 趋势=禁空
[2025-07-10 19:23:02] BTCUSDT 1h: 当前价格=111085.10, EMA25=110532.39, EMA50=109895.75, 趋势=禁空
==============================

===== 趋势分析结果 (2025-07-10 19:38:02) =====
[2025-07-10 19:38:01] BTCUSDT 15m: 当前价格=111040.10, EMA25=111069.81, EMA50=110947.93, 趋势=混沌
[2025-07-10 19:38:02] BTCUSDT 1h: 当前价格=111040.10, EMA25=110528.93, EMA50=109893.98, 趋势=禁空
==============================

===== 趋势分析结果 (2025-07-10 19:53:02) =====
[2025-07-10 19:53:01] BTCUSDT 15m: 当前价格=110982.80, EMA25=111062.93, EMA50=110949.20, 趋势=混沌
[2025-07-10 19:53:02] BTCUSDT 1h: 当前价格=110982.80, EMA25=110524.52, EMA50=109891.74, 趋势=禁空
==============================

===== 趋势分析结果 (2025-07-10 20:08:02) =====
[2025-07-10 20:08:01] BTCUSDT 15m: 当前价格=110810.60, EMA25=111042.77, EMA50=110943.36, 趋势=混沌
[2025-07-10 20:08:02] BTCUSDT 1h: 当前价格=110810.60, EMA25=110545.77, EMA50=109927.37, 趋势=禁空
==============================

===== 趋势分析结果 (2025-07-10 20:22:57) =====
[2025-07-10 20:22:57] BTCUSDT 15m: 当前价格=110753.10, EMA25=111016.90, EMA50=110934.00, 趋势=混沌
[2025-07-10 20:22:57] BTCUSDT 1h: 当前价格=110753.20, EMA25=110541.36, EMA50=109925.12, 趋势=禁空
==============================

===== 趋势分析结果 (2025-07-10 20:37:57) =====
[2025-07-10 20:37:57] BTCUSDT 15m: 当前价格=110782.40, EMA25=111006.84, EMA50=110932.29, 趋势=混沌
[2025-07-10 20:37:57] BTCUSDT 1h: 当前价格=110782.40, EMA25=110543.60, EMA50=109926.27, 趋势=禁空
==============================

===== 趋势分析结果 (2025-07-10 20:52:57) =====
[2025-07-10 20:52:57] BTCUSDT 15m: 当前价格=110766.60, EMA25=110988.38, EMA50=110925.80, 趋势=混沌
[2025-07-10 20:52:57] BTCUSDT 1h: 当前价格=110766.60, EMA25=110542.39, EMA50=109925.65, 趋势=禁空
==============================

===== 趋势分析结果 (2025-07-10 21:07:57) =====
[2025-07-10 21:07:57] BTCUSDT 15m: 当前价格=110866.30, EMA25=110982.00, EMA50=110925.06, 趋势=混沌
[2025-07-10 21:07:57] BTCUSDT 1h: 当前价格=110866.30, EMA25=110570.31, EMA50=109964.13, 趋势=禁空
==============================

===== 趋势分析结果 (2025-07-10 21:22:57) =====
[2025-07-10 21:22:57] BTCUSDT 15m: 当前价格=110933.10, EMA25=110976.24, EMA50=110924.32, 趋势=混沌
[2025-07-10 21:22:57] BTCUSDT 1h: 当前价格=110944.30, EMA25=110576.31, EMA50=109967.19, 趋势=禁空
==============================

===== 趋势分析结果 (2025-07-10 21:37:57) =====
[2025-07-10 21:37:57] BTCUSDT 15m: 当前价格=110748.20, EMA25=110962.52, EMA50=110919.44, 趋势=混沌
[2025-07-10 21:37:57] BTCUSDT 1h: 当前价格=110755.20, EMA25=110561.77, EMA50=109959.78, 趋势=禁空
==============================

===== 趋势分析结果 (2025-07-10 21:52:57) =====
[2025-07-10 21:52:57] BTCUSDT 15m: 当前价格=110693.90, EMA25=110942.66, EMA50=110911.02, 趋势=混沌
[2025-07-10 21:52:57] BTCUSDT 1h: 当前价格=110689.00, EMA25=110556.68, EMA50=109957.18, 趋势=禁空
==============================

===== 趋势分析结果 (2025-07-10 22:07:57) =====
[2025-07-10 22:07:57] BTCUSDT 15m: 当前价格=110863.80, EMA25=110940.58, EMA50=110911.28, 趋势=混沌
[2025-07-10 22:07:57] BTCUSDT 1h: 当前价格=110863.90, EMA25=110584.64, EMA50=109995.04, 趋势=禁空
==============================

===== 趋势分析结果 (2025-07-10 22:22:57) =====
[2025-07-10 22:22:57] BTCUSDT 15m: 当前价格=111026.50, EMA25=110960.46, EMA50=110922.84, 趋势=禁空
[2025-07-10 22:22:57] BTCUSDT 1h: 当前价格=111031.60, EMA25=110597.54, EMA50=110001.61, 趋势=禁空
==============================

===== 趋势分析结果 (2025-07-10 22:37:57) =====
[2025-07-10 22:37:57] BTCUSDT 15m: 当前价格=111104.50, EMA25=110956.68, EMA50=110922.08, 趋势=禁空
[2025-07-10 22:37:57] BTCUSDT 1h: 当前价格=111104.50, EMA25=110603.15, EMA50=110004.47, 趋势=禁空
==============================

===== 趋势分析结果 (2025-07-10 22:52:57) =====
[2025-07-10 22:52:57] BTCUSDT 15m: 当前价格=111150.80, EMA25=110965.21, EMA50=110927.65, 趋势=禁空
[2025-07-10 22:52:57] BTCUSDT 1h: 当前价格=111150.90, EMA25=110606.72, EMA50=110006.29, 趋势=禁空
==============================

===== 趋势分析结果 (2025-07-10 23:07:57) =====
[2025-07-10 23:07:57] BTCUSDT 15m: 当前价格=111158.80, EMA25=110983.24, EMA50=110938.38, 趋势=禁空
[2025-07-10 23:07:57] BTCUSDT 1h: 当前价格=111158.70, EMA25=110652.31, EMA50=110053.14, 趋势=禁空
==============================

===== 趋势分析结果 (2025-07-10 23:22:57) =====
[2025-07-10 23:22:57] BTCUSDT 15m: 当前价格=111247.20, EMA25=110988.37, EMA50=110942.45, 趋势=禁空
[2025-07-10 23:22:57] BTCUSDT 1h: 当前价格=111247.20, EMA25=110659.12, EMA50=110056.62, 趋势=禁空
==============================

===== 趋势分析结果 (2025-07-10 23:37:57) =====
[2025-07-10 23:37:57] BTCUSDT 15m: 当前价格=111220.20, EMA25=111008.35, EMA50=110954.48, 趋势=禁空
[2025-07-10 23:37:57] BTCUSDT 1h: 当前价格=111220.20, EMA25=110657.04, EMA50=110055.56, 趋势=禁空
==============================

===== 趋势分析结果 (2025-07-10 23:52:57) =====
[2025-07-10 23:52:57] BTCUSDT 15m: 当前价格=111233.80, EMA25=111019.81, EMA50=110962.31, 趋势=禁空
[2025-07-10 23:52:57] BTCUSDT 1h: 当前价格=111233.80, EMA25=110658.09, EMA50=110056.09, 趋势=禁空
==============================

