===== 趋势分析结果 (2025-06-16 00:06:48) =====
[2025-06-16 00:06:46] BTCUSDT 15m: 当前价格=105578.00, EMA25=105379.42, EMA60=105296.55, EMA120=105256.43, 趋势=上涨趋势
[2025-06-16 00:06:46] BTCUSDT 1h: 当前价格=105578.00, EMA25=105300.79, EMA60=105492.96, EMA120=105955.64, 趋势=震荡行情
[2025-06-16 00:06:46] BTCUSDT 4h: 当前价格=105587.90, EMA25=105813.33, EMA60=106136.10, EMA120=105870.51, 趋势=下跌趋势
[2025-06-16 00:06:46] BTCUSDT 1d: 当前价格=105587.90, EMA25=105620.52, EMA60=101639.90, EMA120=97197.24, 趋势=震荡行情
[2025-06-16 00:06:47] ETHUSDT 15m: 当前价格=2543.26, EMA25=2534.74, EMA60=2530.36, EMA120=2532.50, 趋势=上涨趋势
[2025-06-16 00:06:47] ETHUSDT 1h: 当前价格=2543.19, EMA25=2532.10, EMA60=2553.52, EMA120=2583.45, 趋势=震荡行情
[2025-06-16 00:06:47] ETHUSDT 4h: 当前价格=2543.19, EMA25=2574.38, EMA60=2592.14, EMA120=2569.33, 趋势=下跌趋势
[2025-06-16 00:06:47] ETHUSDT 1d: 当前价格=2543.19, EMA25=2550.08, EMA60=2389.54, EMA120=2374.49, 趋势=震荡行情
==============================

===== 趋势分析结果 (2025-06-16 00:21:48) =====
[2025-06-16 00:21:46] BTCUSDT 15m: 当前价格=105359.30, EMA25=105372.76, EMA60=105296.32, EMA120=105256.96, 趋势=震荡行情
[2025-06-16 00:21:46] BTCUSDT 1h: 当前价格=105350.80, EMA25=105283.31, EMA60=105485.51, EMA120=105951.88, 趋势=震荡行情
[2025-06-16 00:21:46] BTCUSDT 4h: 当前价格=105359.30, EMA25=105795.75, EMA60=106128.60, EMA120=105866.73, 趋势=下跌趋势
[2025-06-16 00:21:46] BTCUSDT 1d: 当前价格=105359.20, EMA25=105602.92, EMA60=101632.40, EMA120=97193.46, 趋势=震荡行情
[2025-06-16 00:21:47] ETHUSDT 15m: 当前价格=2537.04, EMA25=2534.73, EMA60=2530.50, EMA120=2532.53, 趋势=上涨趋势
[2025-06-16 00:21:47] ETHUSDT 1h: 当前价格=2537.03, EMA25=2531.63, EMA60=2553.31, EMA120=2583.35, 趋势=震荡行情
[2025-06-16 00:21:47] ETHUSDT 4h: 当前价格=2537.04, EMA25=2573.90, EMA60=2591.94, EMA120=2569.22, 趋势=下跌趋势
[2025-06-16 00:21:48] ETHUSDT 1d: 当前价格=2537.03, EMA25=2549.60, EMA60=2389.34, EMA120=2374.39, 趋势=震荡行情
==============================

===== 趋势分析结果 (2025-06-16 00:36:48) =====
[2025-06-16 00:36:46] BTCUSDT 15m: 当前价格=105364.10, EMA25=105373.46, EMA60=105299.16, EMA120=105259.05, 趋势=震荡行情
[2025-06-16 00:36:46] BTCUSDT 1h: 当前价格=105364.10, EMA25=105284.34, EMA60=105485.95, EMA120=105952.10, 趋势=震荡行情
[2025-06-16 00:36:46] BTCUSDT 4h: 当前价格=105351.60, EMA25=105795.16, EMA60=106128.35, EMA120=105866.61, 趋势=下跌趋势
[2025-06-16 00:36:46] BTCUSDT 1d: 当前价格=105351.60, EMA25=105602.34, EMA60=101632.15, EMA120=97193.33, 趋势=震荡行情
[2025-06-16 00:36:47] ETHUSDT 15m: 当前价格=2543.36, EMA25=2535.79, EMA60=2531.10, EMA120=2532.80, 趋势=上涨趋势
[2025-06-16 00:36:47] ETHUSDT 1h: 当前价格=2543.36, EMA25=2532.12, EMA60=2553.52, EMA120=2583.45, 趋势=震荡行情
[2025-06-16 00:36:47] ETHUSDT 4h: 当前价格=2543.00, EMA25=2574.36, EMA60=2592.13, EMA120=2569.32, 趋势=下跌趋势
[2025-06-16 00:36:47] ETHUSDT 1d: 当前价格=2543.41, EMA25=2550.09, EMA60=2389.55, EMA120=2374.50, 趋势=震荡行情
==============================

===== 趋势分析结果 (2025-06-16 00:51:48) =====
[2025-06-16 00:51:46] BTCUSDT 15m: 当前价格=105466.90, EMA25=105388.38, EMA60=105308.11, EMA120=105264.26, 趋势=上涨趋势
[2025-06-16 00:51:46] BTCUSDT 1h: 当前价格=105466.90, EMA25=105292.24, EMA60=105489.32, EMA120=105953.80, 趋势=震荡行情
[2025-06-16 00:51:46] BTCUSDT 4h: 当前价格=105466.90, EMA25=105804.03, EMA60=106132.13, EMA120=105868.51, 趋势=下跌趋势
[2025-06-16 00:51:46] BTCUSDT 1d: 当前价格=105466.90, EMA25=105611.21, EMA60=101635.93, EMA120=97195.24, 趋势=震荡行情
[2025-06-16 00:51:47] ETHUSDT 15m: 当前价格=2546.99, EMA25=2537.14, EMA60=2531.84, EMA120=2533.14, 趋势=上涨趋势
[2025-06-16 00:51:47] ETHUSDT 1h: 当前价格=2546.99, EMA25=2532.40, EMA60=2553.64, EMA120=2583.51, 趋势=震荡行情
[2025-06-16 00:51:47] ETHUSDT 4h: 当前价格=2547.03, EMA25=2574.67, EMA60=2592.26, EMA120=2569.39, 趋势=下跌趋势
[2025-06-16 00:51:48] ETHUSDT 1d: 当前价格=2547.03, EMA25=2550.37, EMA60=2389.66, EMA120=2374.56, 趋势=震荡行情
==============================

===== 趋势分析结果 (2025-06-16 01:06:47) =====
[2025-06-16 01:06:46] BTCUSDT 15m: 当前价格=105458.50, EMA25=105397.96, EMA60=105314.91, EMA120=105268.45, 趋势=上涨趋势
[2025-06-16 01:06:46] BTCUSDT 1h: 当前价格=105458.50, EMA25=105309.22, EMA60=105490.18, EMA120=105946.62, 趋势=震荡行情
[2025-06-16 01:06:46] BTCUSDT 4h: 当前价格=105458.50, EMA25=105803.38, EMA60=106131.86, EMA120=105868.37, 趋势=下跌趋势
[2025-06-16 01:06:46] BTCUSDT 1d: 当前价格=105458.50, EMA25=105610.56, EMA60=101635.65, EMA120=97195.10, 趋势=震荡行情
[2025-06-16 01:06:47] ETHUSDT 15m: 当前价格=2546.00, EMA25=2538.07, EMA60=2532.41, EMA120=2533.41, 趋势=上涨趋势
[2025-06-16 01:06:47] ETHUSDT 1h: 当前价格=2546.00, EMA25=2533.69, EMA60=2553.50, EMA120=2582.95, 趋势=震荡行情
[2025-06-16 01:06:47] ETHUSDT 4h: 当前价格=2546.00, EMA25=2574.59, EMA60=2592.23, EMA120=2569.37, 趋势=下跌趋势
[2025-06-16 01:06:47] ETHUSDT 1d: 当前价格=2546.00, EMA25=2550.29, EMA60=2389.63, EMA120=2374.54, 趋势=震荡行情
==============================

===== 趋势分析结果 (2025-06-16 01:21:47) =====
[2025-06-16 01:21:46] BTCUSDT 15m: 当前价格=105488.10, EMA25=105403.43, EMA60=105319.94, EMA120=105271.75, 趋势=上涨趋势
[2025-06-16 01:21:46] BTCUSDT 1h: 当前价格=105488.00, EMA25=105311.49, EMA60=105491.15, EMA120=105947.10, 趋势=震荡行情
[2025-06-16 01:21:46] BTCUSDT 4h: 当前价格=105488.10, EMA25=105805.66, EMA60=106132.83, EMA120=105868.86, 趋势=下跌趋势
[2025-06-16 01:21:46] BTCUSDT 1d: 当前价格=105488.10, EMA25=105612.84, EMA60=101636.62, EMA120=97195.59, 趋势=震荡行情
[2025-06-16 01:21:47] ETHUSDT 15m: 当前价格=2547.44, EMA25=2538.68, EMA60=2532.85, EMA120=2533.62, 趋势=上涨趋势
[2025-06-16 01:21:47] ETHUSDT 1h: 当前价格=2547.45, EMA25=2533.80, EMA60=2553.55, EMA120=2582.98, 趋势=震荡行情
[2025-06-16 01:21:47] ETHUSDT 4h: 当前价格=2547.44, EMA25=2574.70, EMA60=2592.28, EMA120=2569.40, 趋势=下跌趋势
[2025-06-16 01:21:47] ETHUSDT 1d: 当前价格=2547.44, EMA25=2550.40, EMA60=2389.68, EMA120=2374.56, 趋势=震荡行情
==============================

===== 趋势分析结果 (2025-06-16 01:36:47) =====
[2025-06-16 01:36:46] BTCUSDT 15m: 当前价格=105630.90, EMA25=105421.72, EMA60=105330.49, EMA120=105277.88, 趋势=上涨趋势
[2025-06-16 01:36:46] BTCUSDT 1h: 当前价格=105628.60, EMA25=105322.31, EMA60=105495.76, EMA120=105949.43, 趋势=震荡行情
[2025-06-16 01:36:46] BTCUSDT 4h: 当前价格=105628.50, EMA25=105816.46, EMA60=106137.43, EMA120=105871.18, 趋势=下跌趋势
[2025-06-16 01:36:46] BTCUSDT 1d: 当前价格=105628.60, EMA25=105623.65, EMA60=101641.23, EMA120=97197.91, 趋势=上涨趋势
[2025-06-16 01:36:47] ETHUSDT 15m: 当前价格=2547.48, EMA25=2539.37, EMA60=2533.34, EMA120=2533.85, 趋势=上涨趋势
[2025-06-16 01:36:47] ETHUSDT 1h: 当前价格=2547.49, EMA25=2533.81, EMA60=2553.55, EMA120=2582.98, 趋势=震荡行情
[2025-06-16 01:36:47] ETHUSDT 4h: 当前价格=2547.49, EMA25=2574.71, EMA60=2592.28, EMA120=2569.40, 趋势=下跌趋势
[2025-06-16 01:36:47] ETHUSDT 1d: 当前价格=2547.49, EMA25=2550.41, EMA60=2389.68, EMA120=2374.56, 趋势=震荡行情
==============================

===== 趋势分析结果 (2025-06-16 01:51:48) =====
[2025-06-16 01:51:46] BTCUSDT 15m: 当前价格=105725.90, EMA25=105448.21, EMA60=105344.83, EMA120=105286.00, 趋势=上涨趋势
[2025-06-16 01:51:46] BTCUSDT 1h: 当前价格=105725.90, EMA25=105329.79, EMA60=105498.95, EMA120=105951.04, 趋势=震荡行情
[2025-06-16 01:51:46] BTCUSDT 4h: 当前价格=105726.00, EMA25=105823.96, EMA60=106140.63, EMA120=105872.79, 趋势=下跌趋势
[2025-06-16 01:51:46] BTCUSDT 1d: 当前价格=105725.90, EMA25=105631.13, EMA60=101644.42, EMA120=97199.52, 趋势=上涨趋势
[2025-06-16 01:51:47] ETHUSDT 15m: 当前价格=2554.36, EMA25=2540.65, EMA60=2534.09, EMA120=2534.22, 趋势=上涨趋势
[2025-06-16 01:51:47] ETHUSDT 1h: 当前价格=2554.61, EMA25=2534.35, EMA60=2553.78, EMA120=2583.09, 趋势=震荡行情
[2025-06-16 01:51:47] ETHUSDT 4h: 当前价格=2554.48, EMA25=2575.25, EMA60=2592.51, EMA120=2569.51, 趋势=下跌趋势
[2025-06-16 01:51:48] ETHUSDT 1d: 当前价格=2554.48, EMA25=2550.94, EMA60=2389.91, EMA120=2374.68, 趋势=上涨趋势
==============================

===== 趋势分析结果 (2025-06-16 02:06:48) =====
[2025-06-16 02:06:46] BTCUSDT 15m: 当前价格=105558.90, EMA25=105450.68, EMA60=105349.15, EMA120=105289.13, 趋势=上涨趋势
[2025-06-16 02:06:46] BTCUSDT 1h: 当前价格=105559.00, EMA25=105341.38, EMA60=105498.22, EMA120=105943.22, 趋势=震荡行情
[2025-06-16 02:06:46] BTCUSDT 4h: 当前价格=105558.90, EMA25=105811.10, EMA60=106135.15, EMA120=105870.03, 趋势=下跌趋势
[2025-06-16 02:06:46] BTCUSDT 1d: 当前价格=105558.90, EMA25=105618.28, EMA60=101638.94, EMA120=97196.76, 趋势=震荡行情
[2025-06-16 02:06:47] ETHUSDT 15m: 当前价格=2547.02, EMA25=2541.01, EMA60=2534.45, EMA120=2534.40, 趋势=上涨趋势
[2025-06-16 02:06:47] ETHUSDT 1h: 当前价格=2547.02, EMA25=2535.18, EMA60=2553.50, EMA120=2582.47, 趋势=震荡行情
[2025-06-16 02:06:47] ETHUSDT 4h: 当前价格=2547.03, EMA25=2574.67, EMA60=2592.26, EMA120=2569.39, 趋势=下跌趋势
[2025-06-16 02:06:47] ETHUSDT 1d: 当前价格=2547.03, EMA25=2550.37, EMA60=2389.66, EMA120=2374.56, 趋势=震荡行情
==============================

===== 趋势分析结果 (2025-06-16 02:21:47) =====
[2025-06-16 02:21:46] BTCUSDT 15m: 当前价格=105442.20, EMA25=105446.93, EMA60=105350.82, EMA120=105290.97, 趋势=震荡行情
[2025-06-16 02:21:46] BTCUSDT 1h: 当前价格=105442.20, EMA25=105332.40, EMA60=105494.39, EMA120=105941.29, 趋势=震荡行情
[2025-06-16 02:21:46] BTCUSDT 4h: 当前价格=105442.10, EMA25=105802.12, EMA60=106131.32, EMA120=105868.10, 趋势=下跌趋势
[2025-06-16 02:21:46] BTCUSDT 1d: 当前价格=105442.20, EMA25=105609.31, EMA60=101635.12, EMA120=97194.83, 趋势=震荡行情
[2025-06-16 02:21:47] ETHUSDT 15m: 当前价格=2541.48, EMA25=2540.97, EMA60=2534.65, EMA120=2534.50, 趋势=上涨趋势
[2025-06-16 02:21:47] ETHUSDT 1h: 当前价格=2541.49, EMA25=2534.75, EMA60=2553.31, EMA120=2582.38, 趋势=震荡行情
[2025-06-16 02:21:47] ETHUSDT 4h: 当前价格=2541.48, EMA25=2574.25, EMA60=2592.08, EMA120=2569.30, 趋势=下跌趋势
[2025-06-16 02:21:47] ETHUSDT 1d: 当前价格=2541.48, EMA25=2549.94, EMA60=2389.48, EMA120=2374.47, 趋势=震荡行情
==============================

===== 趋势分析结果 (2025-06-16 02:36:48) =====
[2025-06-16 02:36:46] BTCUSDT 15m: 当前价格=105490.10, EMA25=105453.70, EMA60=105356.92, EMA120=105295.06, 趋势=上涨趋势
[2025-06-16 02:36:46] BTCUSDT 1h: 当前价格=105468.90, EMA25=105334.45, EMA60=105495.26, EMA120=105941.73, 趋势=震荡行情
[2025-06-16 02:36:46] BTCUSDT 4h: 当前价格=105477.80, EMA25=105804.86, EMA60=106132.49, EMA120=105868.69, 趋势=下跌趋势
[2025-06-16 02:36:46] BTCUSDT 1d: 当前价格=105469.00, EMA25=105611.37, EMA60=101636.00, EMA120=97195.27, 趋势=震荡行情
[2025-06-16 02:36:47] ETHUSDT 15m: 当前价格=2545.47, EMA25=2541.52, EMA60=2535.10, EMA120=2534.73, 趋势=上涨趋势
[2025-06-16 02:36:47] ETHUSDT 1h: 当前价格=2545.47, EMA25=2535.06, EMA60=2553.44, EMA120=2582.44, 趋势=震荡行情
[2025-06-16 02:36:47] ETHUSDT 4h: 当前价格=2545.46, EMA25=2574.55, EMA60=2592.21, EMA120=2569.36, 趋势=下跌趋势
[2025-06-16 02:36:47] ETHUSDT 1d: 当前价格=2545.47, EMA25=2550.25, EMA60=2389.61, EMA120=2374.53, 趋势=震荡行情
==============================

===== 趋势分析结果 (2025-06-16 02:51:48) =====
[2025-06-16 02:51:46] BTCUSDT 15m: 当前价格=105464.30, EMA25=105452.55, EMA60=105359.56, EMA120=105297.42, 趋势=上涨趋势
[2025-06-16 02:51:46] BTCUSDT 1h: 当前价格=105464.30, EMA25=105334.10, EMA60=105495.11, EMA120=105941.65, 趋势=震荡行情
[2025-06-16 02:51:46] BTCUSDT 4h: 当前价格=105464.40, EMA25=105803.83, EMA60=106132.05, EMA120=105868.47, 趋势=下跌趋势
[2025-06-16 02:51:46] BTCUSDT 1d: 当前价格=105464.30, EMA25=105611.01, EMA60=101635.84, EMA120=97195.19, 趋势=震荡行情
[2025-06-16 02:51:47] ETHUSDT 15m: 当前价格=2546.67, EMA25=2541.91, EMA60=2535.47, EMA120=2534.92, 趋势=上涨趋势
[2025-06-16 02:51:47] ETHUSDT 1h: 当前价格=2546.67, EMA25=2535.15, EMA60=2553.48, EMA120=2582.46, 趋势=震荡行情
[2025-06-16 02:51:47] ETHUSDT 4h: 当前价格=2546.67, EMA25=2574.65, EMA60=2592.25, EMA120=2569.38, 趋势=下跌趋势
[2025-06-16 02:51:47] ETHUSDT 1d: 当前价格=2546.68, EMA25=2550.34, EMA60=2389.65, EMA120=2374.55, 趋势=震荡行情
==============================

===== 趋势分析结果 (2025-06-16 03:06:48) =====
[2025-06-16 03:06:46] BTCUSDT 15m: 当前价格=105458.80, EMA25=105451.11, EMA60=105361.96, EMA120=105299.67, 趋势=上涨趋势
[2025-06-16 03:06:46] BTCUSDT 1h: 当前价格=105458.80, EMA25=105341.77, EMA60=105493.07, EMA120=105933.27, 趋势=震荡行情
[2025-06-16 03:06:46] BTCUSDT 4h: 当前价格=105458.80, EMA25=105803.40, EMA60=106131.87, EMA120=105868.38, 趋势=下跌趋势
[2025-06-16 03:06:47] BTCUSDT 1d: 当前价格=105458.80, EMA25=105610.58, EMA60=101635.66, EMA120=97195.10, 趋势=震荡行情
[2025-06-16 03:06:47] ETHUSDT 15m: 当前价格=2548.53, EMA25=2542.48, EMA60=2535.93, EMA120=2535.17, 趋势=上涨趋势
[2025-06-16 03:06:47] ETHUSDT 1h: 当前价格=2548.53, EMA25=2536.25, EMA60=2553.35, EMA120=2581.92, 趋势=震荡行情
[2025-06-16 03:06:47] ETHUSDT 4h: 当前价格=2548.54, EMA25=2574.79, EMA60=2592.31, EMA120=2569.41, 趋势=下跌趋势
[2025-06-16 03:06:48] ETHUSDT 1d: 当前价格=2548.53, EMA25=2550.49, EMA60=2389.71, EMA120=2374.58, 趋势=震荡行情
==============================

===== 趋势分析结果 (2025-06-16 03:21:48) =====
[2025-06-16 03:21:46] BTCUSDT 15m: 当前价格=105476.00, EMA25=105455.52, EMA60=105366.81, EMA120=105303.18, 趋势=上涨趋势
[2025-06-16 03:21:46] BTCUSDT 1h: 当前价格=105468.00, EMA25=105342.48, EMA60=105493.37, EMA120=105933.42, 趋势=震荡行情
[2025-06-16 03:21:46] BTCUSDT 4h: 当前价格=105476.00, EMA25=105804.73, EMA60=106132.43, EMA120=105868.66, 趋势=下跌趋势
[2025-06-16 03:21:46] BTCUSDT 1d: 当前价格=105468.00, EMA25=105611.29, EMA60=101635.96, EMA120=97195.26, 趋势=震荡行情
[2025-06-16 03:21:47] ETHUSDT 15m: 当前价格=2547.45, EMA25=2543.03, EMA60=2536.38, EMA120=2535.41, 趋势=上涨趋势
[2025-06-16 03:21:47] ETHUSDT 1h: 当前价格=2547.45, EMA25=2536.17, EMA60=2553.32, EMA120=2581.90, 趋势=震荡行情
[2025-06-16 03:21:47] ETHUSDT 4h: 当前价格=2547.45, EMA25=2574.71, EMA60=2592.28, EMA120=2569.40, 趋势=下跌趋势
[2025-06-16 03:21:48] ETHUSDT 1d: 当前价格=2547.45, EMA25=2550.40, EMA60=2389.68, EMA120=2374.56, 趋势=震荡行情
==============================

===== 趋势分析结果 (2025-06-16 03:36:48) =====
[2025-06-16 03:36:46] BTCUSDT 15m: 当前价格=105378.50, EMA25=105447.03, EMA60=105366.05, EMA120=105303.85, 趋势=震荡行情
[2025-06-16 03:36:46] BTCUSDT 1h: 当前价格=105378.50, EMA25=105335.59, EMA60=105490.43, EMA120=105931.94, 趋势=震荡行情
[2025-06-16 03:36:46] BTCUSDT 4h: 当前价格=105391.30, EMA25=105798.21, EMA60=106129.65, EMA120=105867.26, 趋势=下跌趋势
[2025-06-16 03:36:46] BTCUSDT 1d: 当前价格=105378.50, EMA25=105604.41, EMA60=101633.03, EMA120=97193.78, 趋势=震荡行情
[2025-06-16 03:36:47] ETHUSDT 15m: 当前价格=2545.77, EMA25=2543.15, EMA60=2536.65, EMA120=2535.56, 趋势=上涨趋势
[2025-06-16 03:36:47] ETHUSDT 1h: 当前价格=2545.78, EMA25=2536.04, EMA60=2553.26, EMA120=2581.87, 趋势=震荡行情
[2025-06-16 03:36:47] ETHUSDT 4h: 当前价格=2545.77, EMA25=2574.58, EMA60=2592.22, EMA120=2569.37, 趋势=下跌趋势
[2025-06-16 03:36:48] ETHUSDT 1d: 当前价格=2545.78, EMA25=2550.28, EMA60=2389.62, EMA120=2374.54, 趋势=震荡行情
==============================

===== 趋势分析结果 (2025-06-16 03:51:48) =====
[2025-06-16 03:51:46] BTCUSDT 15m: 当前价格=105206.90, EMA25=105408.49, EMA60=105351.87, EMA120=105297.67, 趋势=震荡行情
[2025-06-16 03:51:46] BTCUSDT 1h: 当前价格=105206.80, EMA25=105322.39, EMA60=105484.80, EMA120=105929.10, 趋势=下跌趋势
[2025-06-16 03:51:46] BTCUSDT 4h: 当前价格=105206.90, EMA25=105784.03, EMA60=106123.61, EMA120=105864.21, 趋势=下跌趋势
[2025-06-16 03:51:46] BTCUSDT 1d: 当前价格=105206.80, EMA25=105591.20, EMA60=101627.40, EMA120=97190.94, 趋势=震荡行情
[2025-06-16 03:51:47] ETHUSDT 15m: 当前价格=2534.40, EMA25=2541.55, EMA60=2536.16, EMA120=2535.33, 趋势=震荡行情
[2025-06-16 03:51:47] ETHUSDT 1h: 当前价格=2534.39, EMA25=2535.16, EMA60=2552.89, EMA120=2581.68, 趋势=下跌趋势
[2025-06-16 03:51:47] ETHUSDT 4h: 当前价格=2534.40, EMA25=2573.70, EMA60=2591.85, EMA120=2569.18, 趋势=下跌趋势
[2025-06-16 03:51:47] ETHUSDT 1d: 当前价格=2534.39, EMA25=2549.40, EMA60=2389.25, EMA120=2374.35, 趋势=震荡行情
==============================

===== 趋势分析结果 (2025-06-16 04:06:47) =====
[2025-06-16 04:06:46] BTCUSDT 15m: 当前价格=105101.50, EMA25=105388.08, EMA60=105345.09, EMA120=105295.17, 趋势=震荡行情
[2025-06-16 04:06:46] BTCUSDT 1h: 当前价格=105106.50, EMA25=105308.99, EMA60=105473.83, EMA120=105916.28, 趋势=下跌趋势
[2025-06-16 04:06:46] BTCUSDT 4h: 当前价格=105101.50, EMA25=105734.73, EMA60=106091.53, EMA120=105852.25, 趋势=下跌趋势
[2025-06-16 04:06:46] BTCUSDT 1d: 当前价格=105106.50, EMA25=105583.48, EMA60=101624.11, EMA120=97189.28, 趋势=震荡行情
[2025-06-16 04:06:47] ETHUSDT 15m: 当前价格=2530.80, EMA25=2540.83, EMA60=2536.03, EMA120=2535.28, 趋势=震荡行情
[2025-06-16 04:06:47] ETHUSDT 1h: 当前价格=2531.34, EMA25=2534.98, EMA60=2552.23, EMA120=2580.88, 趋势=下跌趋势
[2025-06-16 04:06:47] ETHUSDT 4h: 当前价格=2531.34, EMA25=2570.55, EMA60=2589.92, EMA120=2568.58, 趋势=下跌趋势
[2025-06-16 04:06:47] ETHUSDT 1d: 当前价格=2530.80, EMA25=2549.12, EMA60=2389.13, EMA120=2374.29, 趋势=震荡行情
==============================

===== 趋势分析结果 (2025-06-16 04:21:48) =====
[2025-06-16 04:21:46] BTCUSDT 15m: 当前价格=104985.40, EMA25=105351.91, EMA60=105330.98, EMA120=105288.88, 趋势=震荡行情
[2025-06-16 04:21:46] BTCUSDT 1h: 当前价格=104985.40, EMA25=105299.67, EMA60=105469.86, EMA120=105914.28, 趋势=下跌趋势
[2025-06-16 04:21:46] BTCUSDT 4h: 当前价格=104985.40, EMA25=105725.80, EMA60=106087.72, EMA120=105850.33, 趋势=下跌趋势
[2025-06-16 04:21:46] BTCUSDT 1d: 当前价格=104985.40, EMA25=105574.17, EMA60=101620.14, EMA120=97187.28, 趋势=震荡行情
[2025-06-16 04:21:47] ETHUSDT 15m: 当前价格=2517.66, EMA25=2538.46, EMA60=2535.17, EMA120=2534.85, 趋势=震荡行情
[2025-06-16 04:21:47] ETHUSDT 1h: 当前价格=2517.65, EMA25=2533.92, EMA60=2551.78, EMA120=2580.65, 趋势=下跌趋势
[2025-06-16 04:21:47] ETHUSDT 4h: 当前价格=2517.66, EMA25=2569.50, EMA60=2589.47, EMA120=2568.35, 趋势=下跌趋势
[2025-06-16 04:21:48] ETHUSDT 1d: 当前价格=2517.16, EMA25=2548.07, EMA60=2388.69, EMA120=2374.06, 趋势=震荡行情
==============================

===== 趋势分析结果 (2025-06-16 04:36:46) =====
[2025-06-16 04:36:44] BTCUSDT 15m: 当前价格=104906.50, EMA25=105314.57, EMA60=105315.69, EMA120=105281.88, 趋势=下跌趋势
[2025-06-16 04:36:44] BTCUSDT 1h: 当前价格=104906.50, EMA25=105293.60, EMA60=105467.28, EMA120=105912.97, 趋势=下跌趋势
[2025-06-16 04:36:44] BTCUSDT 4h: 当前价格=104906.50, EMA25=105719.73, EMA60=106085.13, EMA120=105849.03, 趋势=下跌趋势
[2025-06-16 04:36:45] BTCUSDT 1d: 当前价格=104906.50, EMA25=105568.10, EMA60=101617.55, EMA120=97185.97, 趋势=震荡行情
[2025-06-16 04:36:45] ETHUSDT 15m: 当前价格=2508.85, EMA25=2535.78, EMA60=2534.13, EMA120=2534.33, 趋势=震荡行情
[2025-06-16 04:36:45] ETHUSDT 1h: 当前价格=2509.37, EMA25=2533.29, EMA60=2551.51, EMA120=2580.52, 趋势=下跌趋势
[2025-06-16 04:36:45] ETHUSDT 4h: 当前价格=2509.37, EMA25=2568.86, EMA60=2589.20, EMA120=2568.22, 趋势=下跌趋势
[2025-06-16 04:36:46] ETHUSDT 1d: 当前价格=2509.37, EMA25=2547.47, EMA60=2388.43, EMA120=2373.93, 趋势=震荡行情
==============================

===== 趋势分析结果 (2025-06-16 04:51:46) =====
[2025-06-16 04:51:44] BTCUSDT 15m: 当前价格=104676.10, EMA25=105247.30, EMA60=105286.61, EMA120=105267.73, 趋势=下跌趋势
[2025-06-16 04:51:44] BTCUSDT 1h: 当前价格=104681.80, EMA25=105276.32, EMA60=105459.91, EMA120=105909.26, 趋势=下跌趋势
[2025-06-16 04:51:44] BTCUSDT 4h: 当前价格=104680.40, EMA25=105702.33, EMA60=106077.72, EMA120=105845.29, 趋势=下跌趋势
[2025-06-16 04:51:45] BTCUSDT 1d: 当前价格=104681.80, EMA25=105550.82, EMA60=101610.19, EMA120=97182.26, 趋势=震荡行情
[2025-06-16 04:51:45] ETHUSDT 15m: 当前价格=2499.37, EMA25=2531.83, EMA60=2532.47, EMA120=2533.49, 趋势=下跌趋势
[2025-06-16 04:51:45] ETHUSDT 1h: 当前价格=2499.24, EMA25=2532.51, EMA60=2551.18, EMA120=2580.35, 趋势=下跌趋势
[2025-06-16 04:51:45] ETHUSDT 4h: 当前价格=2499.47, EMA25=2568.10, EMA60=2588.87, EMA120=2568.05, 趋势=下跌趋势
[2025-06-16 04:51:46] ETHUSDT 1d: 当前价格=2499.14, EMA25=2546.69, EMA60=2388.09, EMA120=2373.77, 趋势=震荡行情
==============================

===== 趋势分析结果 (2025-06-16 05:06:46) =====
[2025-06-16 05:06:44] BTCUSDT 15m: 当前价格=104657.50, EMA25=105202.83, EMA60=105266.39, EMA120=105257.87, 趋势=下跌趋势
[2025-06-16 05:06:44] BTCUSDT 1h: 当前价格=104657.50, EMA25=105229.22, EMA60=105433.82, EMA120=105888.73, 趋势=下跌趋势
[2025-06-16 05:06:44] BTCUSDT 4h: 当前价格=104657.40, EMA25=105700.56, EMA60=106076.96, EMA120=105844.91, 趋势=下跌趋势
[2025-06-16 05:06:45] BTCUSDT 1d: 当前价格=104657.50, EMA25=105548.95, EMA60=101609.39, EMA120=97181.86, 趋势=震荡行情
[2025-06-16 05:06:45] ETHUSDT 15m: 当前价格=2502.51, EMA25=2529.77, EMA60=2531.57, EMA120=2533.02, 趋势=下跌趋势
[2025-06-16 05:06:45] ETHUSDT 1h: 当前价格=2502.51, EMA25=2530.40, EMA60=2549.67, EMA120=2579.11, 趋势=下跌趋势
[2025-06-16 05:06:45] ETHUSDT 4h: 当前价格=2502.51, EMA25=2568.33, EMA60=2588.97, EMA120=2568.10, 趋势=下跌趋势
[2025-06-16 05:06:46] ETHUSDT 1d: 当前价格=2502.51, EMA25=2546.95, EMA60=2388.20, EMA120=2373.82, 趋势=震荡行情
==============================

===== 趋势分析结果 (2025-06-16 05:21:46) =====
[2025-06-16 05:21:44] BTCUSDT 15m: 当前价格=104586.80, EMA25=105144.26, EMA60=105239.11, EMA120=105244.25, 趋势=下跌趋势
[2025-06-16 05:21:44] BTCUSDT 1h: 当前价格=104586.70, EMA25=105223.77, EMA60=105431.50, EMA120=105887.56, 趋势=下跌趋势
[2025-06-16 05:21:44] BTCUSDT 4h: 当前价格=104586.70, EMA25=105695.13, EMA60=106074.65, EMA120=105843.74, 趋势=下跌趋势
[2025-06-16 05:21:45] BTCUSDT 1d: 当前价格=104586.70, EMA25=105543.50, EMA60=101607.07, EMA120=97180.69, 趋势=震荡行情
[2025-06-16 05:21:45] ETHUSDT 15m: 当前价格=2508.57, EMA25=2528.21, EMA60=2530.85, EMA120=2532.64, 趋势=下跌趋势
[2025-06-16 05:21:45] ETHUSDT 1h: 当前价格=2508.57, EMA25=2530.87, EMA60=2549.87, EMA120=2579.21, 趋势=下跌趋势
[2025-06-16 05:21:45] ETHUSDT 4h: 当前价格=2508.57, EMA25=2568.80, EMA60=2589.17, EMA120=2568.20, 趋势=下跌趋势
[2025-06-16 05:21:46] ETHUSDT 1d: 当前价格=2508.58, EMA25=2547.41, EMA60=2388.40, EMA120=2373.92, 趋势=震荡行情
==============================

===== 趋势分析结果 (2025-06-16 05:36:46) =====
[2025-06-16 05:36:44] BTCUSDT 15m: 当前价格=104536.90, EMA25=105110.39, EMA60=105221.82, EMA120=105235.52, 趋势=下跌趋势
[2025-06-16 05:36:44] BTCUSDT 1h: 当前价格=104537.00, EMA25=105219.95, EMA60=105429.87, EMA120=105886.74, 趋势=下跌趋势
[2025-06-16 05:36:44] BTCUSDT 4h: 当前价格=104537.00, EMA25=105691.30, EMA60=106073.02, EMA120=105842.92, 趋势=下跌趋势
[2025-06-16 05:36:45] BTCUSDT 1d: 当前价格=104537.00, EMA25=105539.68, EMA60=101605.44, EMA120=97179.87, 趋势=震荡行情
[2025-06-16 05:36:45] ETHUSDT 15m: 当前价格=2506.63, EMA25=2526.79, EMA60=2530.17, EMA120=2532.27, 趋势=下跌趋势
[2025-06-16 05:36:45] ETHUSDT 1h: 当前价格=2506.63, EMA25=2530.72, EMA60=2549.81, EMA120=2579.18, 趋势=下跌趋势
[2025-06-16 05:36:45] ETHUSDT 4h: 当前价格=2506.63, EMA25=2568.65, EMA60=2589.11, EMA120=2568.17, 趋势=下跌趋势
[2025-06-16 05:36:46] ETHUSDT 1d: 当前价格=2506.63, EMA25=2547.26, EMA60=2388.34, EMA120=2373.89, 趋势=震荡行情
==============================

===== 趋势分析结果 (2025-06-16 05:51:46) =====
[2025-06-16 05:51:44] BTCUSDT 15m: 当前价格=104686.20, EMA25=105084.08, EMA60=105207.08, EMA120=105227.91, 趋势=下跌趋势
[2025-06-16 05:51:44] BTCUSDT 1h: 当前价格=104686.20, EMA25=105231.42, EMA60=105434.76, EMA120=105889.20, 趋势=下跌趋势
[2025-06-16 05:51:44] BTCUSDT 4h: 当前价格=104686.20, EMA25=105702.78, EMA60=106077.91, EMA120=105845.39, 趋势=下跌趋势
[2025-06-16 05:51:45] BTCUSDT 1d: 当前价格=104686.20, EMA25=105551.15, EMA60=101610.33, EMA120=97182.33, 趋势=震荡行情
[2025-06-16 05:51:45] ETHUSDT 15m: 当前价格=2512.49, EMA25=2525.84, EMA60=2529.65, EMA120=2531.97, 趋势=下跌趋势
[2025-06-16 05:51:45] ETHUSDT 1h: 当前价格=2512.49, EMA25=2531.17, EMA60=2550.00, EMA120=2579.28, 趋势=下跌趋势
[2025-06-16 05:51:46] ETHUSDT 4h: 当前价格=2512.49, EMA25=2569.10, EMA60=2589.30, EMA120=2568.27, 趋势=下跌趋势
[2025-06-16 05:51:46] ETHUSDT 1d: 当前价格=2512.49, EMA25=2547.71, EMA60=2388.53, EMA120=2373.99, 趋势=震荡行情
==============================

===== 趋势分析结果 (2025-06-16 06:06:46) =====
[2025-06-16 06:06:44] BTCUSDT 15m: 当前价格=104987.20, EMA25=105080.79, EMA60=105201.73, EMA120=105224.90, 趋势=下跌趋势
[2025-06-16 06:06:44] BTCUSDT 1h: 当前价格=104987.20, EMA25=105216.80, EMA60=105421.95, EMA120=105875.28, 趋势=下跌趋势
[2025-06-16 06:06:44] BTCUSDT 4h: 当前价格=104987.20, EMA25=105725.93, EMA60=106087.78, EMA120=105850.36, 趋势=下跌趋势
[2025-06-16 06:06:45] BTCUSDT 1d: 当前价格=104987.20, EMA25=105574.31, EMA60=101620.20, EMA120=97187.31, 趋势=震荡行情
[2025-06-16 06:06:45] ETHUSDT 15m: 当前价格=2529.67, EMA25=2526.38, EMA60=2529.77, EMA120=2531.99, 趋势=震荡行情
[2025-06-16 06:06:45] ETHUSDT 1h: 当前价格=2530.94, EMA25=2531.40, EMA60=2549.49, EMA120=2578.54, 趋势=下跌趋势
[2025-06-16 06:06:45] ETHUSDT 4h: 当前价格=2530.94, EMA25=2570.52, EMA60=2589.90, EMA120=2568.57, 趋势=下跌趋势
[2025-06-16 06:06:46] ETHUSDT 1d: 当前价格=2531.25, EMA25=2549.16, EMA60=2389.15, EMA120=2374.30, 趋势=震荡行情
==============================

===== 趋势分析结果 (2025-06-16 06:21:46) =====
[2025-06-16 06:21:44] BTCUSDT 15m: 当前价格=105053.90, EMA25=105086.34, EMA60=105200.29, EMA120=105223.85, 趋势=下跌趋势
[2025-06-16 06:21:44] BTCUSDT 1h: 当前价格=105053.90, EMA25=105221.93, EMA60=105424.13, EMA120=105876.38, 趋势=下跌趋势
[2025-06-16 06:21:44] BTCUSDT 4h: 当前价格=105053.90, EMA25=105731.06, EMA60=106089.96, EMA120=105851.46, 趋势=下跌趋势
[2025-06-16 06:21:45] BTCUSDT 1d: 当前价格=105043.70, EMA25=105578.65, EMA60=101622.05, EMA120=97188.24, 趋势=震荡行情
[2025-06-16 06:21:45] ETHUSDT 15m: 当前价格=2540.66, EMA25=2528.23, EMA60=2530.46, EMA120=2532.31, 趋势=震荡行情
[2025-06-16 06:21:45] ETHUSDT 1h: 当前价格=2540.66, EMA25=2532.15, EMA60=2549.81, EMA120=2578.70, 趋势=震荡行情
[2025-06-16 06:21:45] ETHUSDT 4h: 当前价格=2540.66, EMA25=2571.27, EMA60=2590.22, EMA120=2568.73, 趋势=下跌趋势
[2025-06-16 06:21:46] ETHUSDT 1d: 当前价格=2540.66, EMA25=2549.88, EMA60=2389.46, EMA120=2374.45, 趋势=震荡行情
==============================

===== 趋势分析结果 (2025-06-16 06:36:46) =====
[2025-06-16 06:36:44] BTCUSDT 15m: 当前价格=105178.30, EMA25=105098.21, EMA60=105201.71, EMA120=105224.21, 趋势=震荡行情
[2025-06-16 06:36:44] BTCUSDT 1h: 当前价格=105178.30, EMA25=105231.50, EMA60=105428.21, EMA120=105878.44, 趋势=下跌趋势
[2025-06-16 06:36:44] BTCUSDT 4h: 当前价格=105178.30, EMA25=105740.63, EMA60=106094.04, EMA120=105853.52, 趋势=下跌趋势
[2025-06-16 06:36:45] BTCUSDT 1d: 当前价格=105175.10, EMA25=105588.76, EMA60=101626.36, EMA120=97190.41, 趋势=震荡行情
[2025-06-16 06:36:45] ETHUSDT 15m: 当前价格=2539.42, EMA25=2528.96, EMA60=2530.69, EMA120=2532.40, 趋势=震荡行情
[2025-06-16 06:36:45] ETHUSDT 1h: 当前价格=2539.66, EMA25=2532.07, EMA60=2549.77, EMA120=2578.68, 趋势=震荡行情
[2025-06-16 06:36:45] ETHUSDT 4h: 当前价格=2539.66, EMA25=2571.19, EMA60=2590.19, EMA120=2568.72, 趋势=下跌趋势
[2025-06-16 06:36:46] ETHUSDT 1d: 当前价格=2539.42, EMA25=2549.79, EMA60=2389.42, EMA120=2374.43, 趋势=震荡行情
==============================

===== 趋势分析结果 (2025-06-16 06:51:46) =====
[2025-06-16 06:51:44] BTCUSDT 15m: 当前价格=105297.00, EMA25=105112.72, EMA60=105204.49, EMA120=105225.26, 趋势=震荡行情
[2025-06-16 06:51:44] BTCUSDT 1h: 当前价格=105297.00, EMA25=105240.63, EMA60=105432.11, EMA120=105880.40, 趋势=震荡行情
[2025-06-16 06:51:44] BTCUSDT 4h: 当前价格=105297.00, EMA25=105749.76, EMA60=106097.94, EMA120=105855.48, 趋势=下跌趋势
[2025-06-16 06:51:45] BTCUSDT 1d: 当前价格=105297.00, EMA25=105598.14, EMA60=101630.36, EMA120=97192.43, 趋势=震荡行情
[2025-06-16 06:51:45] ETHUSDT 15m: 当前价格=2548.26, EMA25=2530.53, EMA60=2531.30, EMA120=2532.68, 趋势=震荡行情
[2025-06-16 06:51:45] ETHUSDT 1h: 当前价格=2548.65, EMA25=2532.76, EMA60=2550.07, EMA120=2578.83, 趋势=震荡行情
[2025-06-16 06:51:45] ETHUSDT 4h: 当前价格=2548.65, EMA25=2571.88, EMA60=2590.48, EMA120=2568.86, 趋势=下跌趋势
[2025-06-16 06:51:46] ETHUSDT 1d: 当前价格=2548.26, EMA25=2550.47, EMA60=2389.70, EMA120=2374.58, 趋势=震荡行情
==============================

===== 趋势分析结果 (2025-06-16 07:06:46) =====
[2025-06-16 07:06:44] BTCUSDT 15m: 当前价格=105339.20, EMA25=105123.97, EMA60=105206.15, EMA120=105225.75, 趋势=震荡行情
[2025-06-16 07:06:44] BTCUSDT 1h: 当前价格=105347.40, EMA25=105242.67, EMA60=105426.57, EMA120=105870.21, 趋势=震荡行情
[2025-06-16 07:06:44] BTCUSDT 4h: 当前价格=105347.40, EMA25=105753.64, EMA60=106099.59, EMA120=105856.32, 趋势=下跌趋势
[2025-06-16 07:06:45] BTCUSDT 1d: 当前价格=105339.20, EMA25=105601.38, EMA60=101631.74, EMA120=97193.13, 趋势=震荡行情
[2025-06-16 07:06:45] ETHUSDT 15m: 当前价格=2546.47, EMA25=2531.43, EMA60=2531.66, EMA120=2532.83, 趋势=震荡行情
[2025-06-16 07:06:45] ETHUSDT 1h: 当前价格=2546.46, EMA25=2533.46, EMA60=2549.79, EMA120=2578.22, 趋势=震荡行情
[2025-06-16 07:06:45] ETHUSDT 4h: 当前价格=2546.05, EMA25=2571.68, EMA60=2590.40, EMA120=2568.82, 趋势=下跌趋势
[2025-06-16 07:06:46] ETHUSDT 1d: 当前价格=2546.72, EMA25=2550.35, EMA60=2389.65, EMA120=2374.55, 趋势=震荡行情
==============================

===== 趋势分析结果 (2025-06-16 07:21:46) =====
[2025-06-16 07:21:44] BTCUSDT 15m: 当前价格=105330.00, EMA25=105129.62, EMA60=105205.66, EMA120=105225.16, 趋势=震荡行情
[2025-06-16 07:21:44] BTCUSDT 1h: 当前价格=105330.00, EMA25=105241.33, EMA60=105426.00, EMA120=105869.92, 趋势=震荡行情
[2025-06-16 07:21:44] BTCUSDT 4h: 当前价格=105330.00, EMA25=105752.30, EMA60=106099.02, EMA120=105856.03, 趋势=下跌趋势
[2025-06-16 07:21:45] BTCUSDT 1d: 当前价格=105329.90, EMA25=105600.67, EMA60=101631.44, EMA120=97192.97, 趋势=震荡行情
[2025-06-16 07:21:45] ETHUSDT 15m: 当前价格=2542.62, EMA25=2531.82, EMA60=2531.81, EMA120=2532.89, 趋势=上涨趋势
[2025-06-16 07:21:45] ETHUSDT 1h: 当前价格=2542.62, EMA25=2533.17, EMA60=2549.67, EMA120=2578.15, 趋势=震荡行情
[2025-06-16 07:21:46] ETHUSDT 4h: 当前价格=2542.62, EMA25=2571.42, EMA60=2590.29, EMA120=2568.76, 趋势=下跌趋势
[2025-06-16 07:21:46] ETHUSDT 1d: 当前价格=2542.62, EMA25=2550.03, EMA60=2389.52, EMA120=2374.48, 趋势=震荡行情
==============================

===== 趋势分析结果 (2025-06-16 07:36:46) =====
[2025-06-16 07:36:44] BTCUSDT 15m: 当前价格=105491.40, EMA25=105160.97, EMA60=105216.60, EMA120=105230.38, 趋势=震荡行情
[2025-06-16 07:36:44] BTCUSDT 1h: 当前价格=105491.40, EMA25=105253.75, EMA60=105431.29, EMA120=105872.59, 趋势=震荡行情
[2025-06-16 07:36:44] BTCUSDT 4h: 当前价格=105491.40, EMA25=105764.72, EMA60=106104.31, EMA120=105858.70, 趋势=下跌趋势
[2025-06-16 07:36:45] BTCUSDT 1d: 当前价格=105491.30, EMA25=105613.08, EMA60=101636.73, EMA120=97195.64, 趋势=震荡行情
[2025-06-16 07:36:45] ETHUSDT 15m: 当前价格=2547.13, EMA25=2533.04, EMA60=2532.33, EMA120=2533.14, 趋势=上涨趋势
[2025-06-16 07:36:45] ETHUSDT 1h: 当前价格=2547.41, EMA25=2533.54, EMA60=2549.82, EMA120=2578.23, 趋势=震荡行情
[2025-06-16 07:36:46] ETHUSDT 4h: 当前价格=2547.49, EMA25=2571.79, EMA60=2590.45, EMA120=2568.85, 趋势=下跌趋势
[2025-06-16 07:36:46] ETHUSDT 1d: 当前价格=2547.41, EMA25=2550.40, EMA60=2389.68, EMA120=2374.56, 趋势=震荡行情
==============================

===== 趋势分析结果 (2025-06-16 07:51:46) =====
[2025-06-16 07:51:44] BTCUSDT 15m: 当前价格=105525.00, EMA25=105193.52, EMA60=105228.74, EMA120=105236.30, 趋势=震荡行情
[2025-06-16 07:51:44] BTCUSDT 1h: 当前价格=105514.00, EMA25=105255.49, EMA60=105432.03, EMA120=105872.97, 趋势=震荡行情
[2025-06-16 07:51:44] BTCUSDT 4h: 当前价格=105514.10, EMA25=105766.46, EMA60=106105.05, EMA120=105859.07, 趋势=下跌趋势
[2025-06-16 07:51:45] BTCUSDT 1d: 当前价格=105514.00, EMA25=105614.83, EMA60=101637.47, EMA120=97196.02, 趋势=震荡行情
[2025-06-16 07:51:45] ETHUSDT 15m: 当前价格=2546.42, EMA25=2534.12, EMA60=2532.81, EMA120=2533.37, 趋势=上涨趋势
[2025-06-16 07:51:45] ETHUSDT 1h: 当前价格=2546.42, EMA25=2533.46, EMA60=2549.79, EMA120=2578.22, 趋势=震荡行情
[2025-06-16 07:51:45] ETHUSDT 4h: 当前价格=2546.43, EMA25=2571.71, EMA60=2590.41, EMA120=2568.83, 趋势=下跌趋势
[2025-06-16 07:51:46] ETHUSDT 1d: 当前价格=2546.42, EMA25=2550.32, EMA60=2389.64, EMA120=2374.55, 趋势=震荡行情
==============================

===== 趋势分析结果 (2025-06-16 08:06:46) =====
[2025-06-16 08:06:44] BTCUSDT 15m: 当前价格=105544.00, EMA25=105221.16, EMA60=105239.38, EMA120=105241.54, 趋势=震荡行情
[2025-06-16 08:06:44] BTCUSDT 1h: 当前价格=105557.90, EMA25=105280.21, EMA60=105436.81, EMA120=105868.13, 趋势=震荡行情
[2025-06-16 08:06:44] BTCUSDT 4h: 当前价格=105557.90, EMA25=105751.88, EMA60=106087.76, EMA120=105854.35, 趋势=下跌趋势
[2025-06-16 08:06:45] BTCUSDT 1d: 当前价格=105544.00, EMA25=105610.85, EMA60=101766.21, EMA120=97334.56, 趋势=震荡行情
[2025-06-16 08:06:45] ETHUSDT 15m: 当前价格=2545.31, EMA25=2534.97, EMA60=2533.22, EMA120=2533.57, 趋势=上涨趋势
[2025-06-16 08:06:45] ETHUSDT 1h: 当前价格=2545.57, EMA25=2534.39, EMA60=2549.65, EMA120=2577.68, 趋势=震荡行情
[2025-06-16 08:06:45] ETHUSDT 4h: 当前价格=2545.13, EMA25=2569.66, EMA60=2588.92, EMA120=2568.43, 趋势=下跌趋势
[2025-06-16 08:06:46] ETHUSDT 1d: 当前价格=2545.13, EMA25=2549.92, EMA60=2394.74, EMA120=2377.37, 趋势=震荡行情
==============================

===== 趋势分析结果 (2025-06-16 08:21:46) =====
[2025-06-16 08:21:44] BTCUSDT 15m: 当前价格=105343.60, EMA25=105224.59, EMA60=105240.12, EMA120=105241.86, 趋势=震荡行情
[2025-06-16 08:21:44] BTCUSDT 1h: 当前价格=105343.70, EMA25=105263.74, EMA60=105429.79, EMA120=105864.58, 趋势=震荡行情
[2025-06-16 08:21:44] BTCUSDT 4h: 当前价格=105343.60, EMA25=105735.39, EMA60=106080.74, EMA120=105850.81, 趋势=下跌趋势
[2025-06-16 08:21:45] BTCUSDT 1d: 当前价格=105343.60, EMA25=105595.43, EMA60=101759.64, EMA120=97331.24, 趋势=震荡行情
[2025-06-16 08:21:45] ETHUSDT 15m: 当前价格=2537.89, EMA25=2535.00, EMA60=2533.28, EMA120=2533.59, 趋势=上涨趋势
[2025-06-16 08:21:45] ETHUSDT 1h: 当前价格=2537.82, EMA25=2533.79, EMA60=2549.39, EMA120=2577.55, 趋势=震荡行情
[2025-06-16 08:21:45] ETHUSDT 4h: 当前价格=2537.85, EMA25=2569.10, EMA60=2588.68, EMA120=2568.31, 趋势=下跌趋势
[2025-06-16 08:21:46] ETHUSDT 1d: 当前价格=2537.53, EMA25=2549.33, EMA60=2394.49, EMA120=2377.25, 趋势=震荡行情
==============================

===== 趋势分析结果 (2025-06-16 08:36:46) =====
[2025-06-16 08:36:44] BTCUSDT 15m: 当前价格=105483.60, EMA25=105249.99, EMA60=105250.55, EMA120=105247.12, 趋势=震荡行情
[2025-06-16 08:36:44] BTCUSDT 1h: 当前价格=105483.60, EMA25=105274.50, EMA60=105434.38, EMA120=105866.90, 趋势=震荡行情
[2025-06-16 08:36:44] BTCUSDT 4h: 当前价格=105489.70, EMA25=105746.63, EMA60=106085.53, EMA120=105853.22, 趋势=下跌趋势
[2025-06-16 08:36:45] BTCUSDT 1d: 当前价格=105489.70, EMA25=105606.67, EMA60=101764.43, EMA120=97333.66, 趋势=震荡行情
[2025-06-16 08:36:45] ETHUSDT 15m: 当前价格=2543.21, EMA25=2535.89, EMA60=2533.73, EMA120=2533.81, 趋势=上涨趋势
[2025-06-16 08:36:45] ETHUSDT 1h: 当前价格=2543.21, EMA25=2534.20, EMA60=2549.57, EMA120=2577.64, 趋势=震荡行情
[2025-06-16 08:36:45] ETHUSDT 4h: 当前价格=2543.21, EMA25=2569.51, EMA60=2588.86, EMA120=2568.40, 趋势=下跌趋势
[2025-06-16 08:36:46] ETHUSDT 1d: 当前价格=2543.22, EMA25=2549.77, EMA60=2394.68, EMA120=2377.34, 趋势=震荡行情
==============================

===== 趋势分析结果 (2025-06-16 08:51:46) =====
[2025-06-16 08:51:44] BTCUSDT 15m: 当前价格=105335.10, EMA25=105258.21, EMA60=105254.07, EMA120=105248.97, 趋势=上涨趋势
[2025-06-16 08:51:44] BTCUSDT 1h: 当前价格=105335.10, EMA25=105263.07, EMA60=105429.51, EMA120=105864.44, 趋势=震荡行情
[2025-06-16 08:51:44] BTCUSDT 4h: 当前价格=105335.10, EMA25=105734.74, EMA60=106080.46, EMA120=105850.67, 趋势=下跌趋势
[2025-06-16 08:51:45] BTCUSDT 1d: 当前价格=105335.10, EMA25=105594.78, EMA60=101759.36, EMA120=97331.10, 趋势=震荡行情
[2025-06-16 08:51:45] ETHUSDT 15m: 当前价格=2539.99, EMA25=2536.33, EMA60=2533.99, EMA120=2533.94, 趋势=上涨趋势
[2025-06-16 08:51:45] ETHUSDT 1h: 当前价格=2540.00, EMA25=2533.96, EMA60=2549.47, EMA120=2577.59, 趋势=震荡行情
[2025-06-16 08:51:45] ETHUSDT 4h: 当前价格=2540.00, EMA25=2569.27, EMA60=2588.75, EMA120=2568.35, 趋势=下跌趋势
[2025-06-16 08:51:46] ETHUSDT 1d: 当前价格=2540.00, EMA25=2549.52, EMA60=2394.57, EMA120=2377.29, 趋势=震荡行情
==============================

===== 趋势分析结果 (2025-06-16 09:06:46) =====
[2025-06-16 09:06:44] BTCUSDT 15m: 当前价格=105312.70, EMA25=105265.50, EMA60=105257.37, EMA120=105250.74, 趋势=上涨趋势
[2025-06-16 09:06:44] BTCUSDT 1h: 当前价格=105339.10, EMA25=105272.02, EMA60=105427.93, EMA120=105856.49, 趋势=震荡行情
[2025-06-16 09:06:44] BTCUSDT 4h: 当前价格=105339.10, EMA25=105735.05, EMA60=106080.59, EMA120=105850.73, 趋势=下跌趋势
[2025-06-16 09:06:45] BTCUSDT 1d: 当前价格=105339.10, EMA25=105595.08, EMA60=101759.49, EMA120=97331.17, 趋势=震荡行情
[2025-06-16 09:06:45] ETHUSDT 15m: 当前价格=2541.52, EMA25=2536.97, EMA60=2534.34, EMA120=2534.12, 趋势=上涨趋势
[2025-06-16 09:06:45] ETHUSDT 1h: 当前价格=2541.52, EMA25=2534.78, EMA60=2549.31, EMA120=2577.05, 趋势=震荡行情
[2025-06-16 09:06:46] ETHUSDT 4h: 当前价格=2541.52, EMA25=2569.38, EMA60=2588.80, EMA120=2568.37, 趋势=下跌趋势
[2025-06-16 09:06:46] ETHUSDT 1d: 当前价格=2541.54, EMA25=2549.64, EMA60=2394.62, EMA120=2377.31, 趋势=震荡行情
==============================

===== 趋势分析结果 (2025-06-16 09:21:48) =====
[2025-06-16 09:21:44] BTCUSDT 15m: 当前价格=105047.10, EMA25=105232.39, EMA60=105243.19, EMA120=105243.65, 趋势=下跌趋势
[2025-06-16 09:21:46] BTCUSDT 1h: 当前价格=105066.00, EMA25=105251.01, EMA60=105418.97, EMA120=105851.98, 趋势=下跌趋势
[2025-06-16 09:21:46] BTCUSDT 4h: 当前价格=105066.30, EMA25=105714.06, EMA60=106071.65, EMA120=105846.22, 趋势=下跌趋势
[2025-06-16 09:21:47] BTCUSDT 1d: 当前价格=105065.10, EMA25=105574.01, EMA60=101750.51, EMA120=97326.64, 趋势=震荡行情
[2025-06-16 09:21:47] ETHUSDT 15m: 当前价格=2525.33, EMA25=2534.86, EMA60=2533.50, EMA120=2533.70, 趋势=震荡行情
[2025-06-16 09:21:47] ETHUSDT 1h: 当前价格=2525.46, EMA25=2533.55, EMA60=2548.79, EMA120=2576.78, 趋势=下跌趋势
[2025-06-16 09:21:48] ETHUSDT 4h: 当前价格=2525.65, EMA25=2568.16, EMA60=2588.28, EMA120=2568.11, 趋势=下跌趋势
[2025-06-16 09:21:48] ETHUSDT 1d: 当前价格=2525.65, EMA25=2548.42, EMA60=2394.10, EMA120=2377.05, 趋势=震荡行情
==============================

===== 趋势分析结果 (2025-06-16 09:36:46) =====
[2025-06-16 09:36:44] BTCUSDT 15m: 当前价格=105118.90, EMA25=105223.65, EMA60=105239.12, EMA120=105241.59, 趋势=下跌趋势
[2025-06-16 09:36:44] BTCUSDT 1h: 当前价格=105118.90, EMA25=105255.08, EMA60=105420.71, EMA120=105852.85, 趋势=下跌趋势
[2025-06-16 09:36:44] BTCUSDT 4h: 当前价格=105118.90, EMA25=105718.11, EMA60=106073.37, EMA120=105847.09, 趋势=下跌趋势
[2025-06-16 09:36:45] BTCUSDT 1d: 当前价格=105119.00, EMA25=105578.15, EMA60=101752.27, EMA120=97327.53, 趋势=震荡行情
[2025-06-16 09:36:45] ETHUSDT 15m: 当前价格=2523.91, EMA25=2533.75, EMA60=2533.07, EMA120=2533.48, 趋势=震荡行情
[2025-06-16 09:36:45] ETHUSDT 1h: 当前价格=2523.91, EMA25=2533.43, EMA60=2548.74, EMA120=2576.76, 趋势=下跌趋势
[2025-06-16 09:36:45] ETHUSDT 4h: 当前价格=2523.91, EMA25=2568.03, EMA60=2588.23, EMA120=2568.08, 趋势=下跌趋势
[2025-06-16 09:36:46] ETHUSDT 1d: 当前价格=2523.91, EMA25=2548.29, EMA60=2394.04, EMA120=2377.02, 趋势=震荡行情
==============================

===== 趋势分析结果 (2025-06-16 09:51:46) =====
[2025-06-16 09:51:44] BTCUSDT 15m: 当前价格=105599.90, EMA25=105283.91, EMA60=105264.93, EMA120=105254.69, 趋势=上涨趋势
[2025-06-16 09:51:44] BTCUSDT 1h: 当前价格=105599.70, EMA25=105292.06, EMA60=105436.47, EMA120=105860.80, 趋势=震荡行情
[2025-06-16 09:51:44] BTCUSDT 4h: 当前价格=105599.70, EMA25=105755.09, EMA60=106089.13, EMA120=105855.04, 趋势=下跌趋势
[2025-06-16 09:51:45] BTCUSDT 1d: 当前价格=105599.90, EMA25=105615.15, EMA60=101768.04, EMA120=97335.48, 趋势=震荡行情
[2025-06-16 09:51:45] ETHUSDT 15m: 当前价格=2540.32, EMA25=2535.21, EMA60=2533.74, EMA120=2533.81, 趋势=上涨趋势
[2025-06-16 09:51:45] ETHUSDT 1h: 当前价格=2540.10, EMA25=2534.67, EMA60=2549.27, EMA120=2577.02, 趋势=震荡行情
[2025-06-16 09:51:45] ETHUSDT 4h: 当前价格=2540.56, EMA25=2569.31, EMA60=2588.77, EMA120=2568.36, 趋势=下跌趋势
[2025-06-16 09:51:46] ETHUSDT 1d: 当前价格=2540.56, EMA25=2549.57, EMA60=2394.59, EMA120=2377.30, 趋势=震荡行情
==============================

===== 趋势分析结果 (2025-06-16 10:06:46) =====
[2025-06-16 10:06:44] BTCUSDT 15m: 当前价格=105817.60, EMA25=105336.08, EMA60=105288.02, EMA120=105266.56, 趋势=上涨趋势
[2025-06-16 10:06:44] BTCUSDT 1h: 当前价格=105817.60, EMA25=105343.62, EMA60=105453.94, EMA120=105862.65, 趋势=震荡行情
[2025-06-16 10:06:44] BTCUSDT 4h: 当前价格=105824.50, EMA25=105772.38, EMA60=106096.51, EMA120=105858.76, 趋势=震荡行情
[2025-06-16 10:06:45] BTCUSDT 1d: 当前价格=105824.50, EMA25=105632.42, EMA60=101775.41, EMA120=97339.19, 趋势=上涨趋势
[2025-06-16 10:06:45] ETHUSDT 15m: 当前价格=2571.31, EMA25=2538.92, EMA60=2535.38, EMA120=2534.65, 趋势=上涨趋势
[2025-06-16 10:06:45] ETHUSDT 1h: 当前价格=2571.72, EMA25=2538.46, EMA60=2550.42, EMA120=2577.15, 趋势=震荡行情
[2025-06-16 10:06:46] ETHUSDT 4h: 当前价格=2572.22, EMA25=2571.74, EMA60=2589.81, EMA120=2568.88, 趋势=震荡行情
[2025-06-16 10:06:46] ETHUSDT 1d: 当前价格=2571.72, EMA25=2551.96, EMA60=2395.61, EMA120=2377.81, 趋势=上涨趋势
==============================

===== 趋势分析结果 (2025-06-16 10:21:46) =====
[2025-06-16 10:21:44] BTCUSDT 15m: 当前价格=105854.50, EMA25=105379.91, EMA60=105308.36, EMA120=105277.19, 趋势=上涨趋势
[2025-06-16 10:21:44] BTCUSDT 1h: 当前价格=105854.40, EMA25=105346.45, EMA60=105455.15, EMA120=105863.26, 趋势=震荡行情
[2025-06-16 10:21:44] BTCUSDT 4h: 当前价格=105854.40, EMA25=105774.68, EMA60=106097.49, EMA120=105859.25, 趋势=震荡行情
[2025-06-16 10:21:45] BTCUSDT 1d: 当前价格=105854.40, EMA25=105634.72, EMA60=101776.39, EMA120=97339.69, 趋势=上涨趋势
[2025-06-16 10:21:45] ETHUSDT 15m: 当前价格=2574.53, EMA25=2541.74, EMA60=2536.70, EMA120=2535.33, 趋势=上涨趋势
[2025-06-16 10:21:45] ETHUSDT 1h: 当前价格=2574.53, EMA25=2538.68, EMA60=2550.52, EMA120=2577.20, 趋势=震荡行情
[2025-06-16 10:21:45] ETHUSDT 4h: 当前价格=2575.01, EMA25=2571.96, EMA60=2589.90, EMA120=2568.93, 趋势=震荡行情
[2025-06-16 10:21:46] ETHUSDT 1d: 当前价格=2575.01, EMA25=2552.22, EMA60=2395.72, EMA120=2377.87, 趋势=上涨趋势
==============================

===== 趋势分析结果 (2025-06-16 10:36:46) =====
[2025-06-16 10:36:44] BTCUSDT 15m: 当前价格=105686.40, EMA25=105394.03, EMA60=105316.53, EMA120=105281.80, 趋势=上涨趋势
[2025-06-16 10:36:44] BTCUSDT 1h: 当前价格=105686.40, EMA25=105333.53, EMA60=105449.64, EMA120=105860.48, 趋势=震荡行情
[2025-06-16 10:36:44] BTCUSDT 4h: 当前价格=105691.60, EMA25=105762.16, EMA60=106092.15, EMA120=105856.56, 趋势=下跌趋势
[2025-06-16 10:36:45] BTCUSDT 1d: 当前价格=105686.40, EMA25=105621.80, EMA60=101770.88, EMA120=97336.91, 趋势=上涨趋势
[2025-06-16 10:36:45] ETHUSDT 15m: 当前价格=2570.02, EMA25=2543.48, EMA60=2537.60, EMA120=2535.80, 趋势=上涨趋势
[2025-06-16 10:36:45] ETHUSDT 1h: 当前价格=2570.02, EMA25=2538.33, EMA60=2550.37, EMA120=2577.13, 趋势=震荡行情
[2025-06-16 10:36:45] ETHUSDT 4h: 当前价格=2570.03, EMA25=2571.58, EMA60=2589.74, EMA120=2568.84, 趋势=震荡行情
[2025-06-16 10:36:46] ETHUSDT 1d: 当前价格=2570.03, EMA25=2551.83, EMA60=2395.56, EMA120=2377.78, 趋势=上涨趋势
==============================

===== 趋势分析结果 (2025-06-16 10:51:46) =====
[2025-06-16 10:51:44] BTCUSDT 15m: 当前价格=105781.40, EMA25=105430.21, EMA60=105334.62, EMA120=105291.53, 趋势=上涨趋势
[2025-06-16 10:51:44] BTCUSDT 1h: 当前价格=105774.70, EMA25=105340.32, EMA60=105452.53, EMA120=105861.94, 趋势=震荡行情
[2025-06-16 10:51:44] BTCUSDT 4h: 当前价格=105774.70, EMA25=105768.55, EMA60=106094.87, EMA120=105857.93, 趋势=震荡行情
[2025-06-16 10:51:45] BTCUSDT 1d: 当前价格=105781.40, EMA25=105629.11, EMA60=101773.99, EMA120=97338.48, 趋势=上涨趋势
[2025-06-16 10:51:45] ETHUSDT 15m: 当前价格=2574.79, EMA25=2546.08, EMA60=2538.90, EMA120=2536.49, 趋势=上涨趋势
[2025-06-16 10:51:45] ETHUSDT 1h: 当前价格=2574.27, EMA25=2538.66, EMA60=2550.51, EMA120=2577.20, 趋势=震荡行情
[2025-06-16 10:51:45] ETHUSDT 4h: 当前价格=2574.78, EMA25=2571.94, EMA60=2589.89, EMA120=2568.92, 趋势=震荡行情
[2025-06-16 10:51:46] ETHUSDT 1d: 当前价格=2574.79, EMA25=2552.20, EMA60=2395.71, EMA120=2377.86, 趋势=上涨趋势
==============================

===== 趋势分析结果 (2025-06-16 11:06:46) =====
[2025-06-16 11:06:44] BTCUSDT 15m: 当前价格=105706.20, EMA25=105448.14, EMA60=105345.33, EMA120=105297.65, 趋势=上涨趋势
[2025-06-16 11:06:44] BTCUSDT 1h: 当前价格=105706.20, EMA25=105365.64, EMA60=105459.59, EMA120=105858.75, 趋势=震荡行情
[2025-06-16 11:06:44] BTCUSDT 4h: 当前价格=105706.20, EMA25=105763.28, EMA60=106092.63, EMA120=105856.80, 趋势=下跌趋势
[2025-06-16 11:06:45] BTCUSDT 1d: 当前价格=105706.20, EMA25=105623.32, EMA60=101771.53, EMA120=97337.24, 趋势=上涨趋势
[2025-06-16 11:06:45] ETHUSDT 15m: 当前价格=2567.50, EMA25=2547.61, EMA60=2539.79, EMA120=2536.98, 趋势=上涨趋势
[2025-06-16 11:06:45] ETHUSDT 1h: 当前价格=2567.33, EMA25=2540.79, EMA60=2551.03, EMA120=2577.02, 趋势=震荡行情
[2025-06-16 11:06:45] ETHUSDT 4h: 当前价格=2567.51, EMA25=2571.38, EMA60=2589.66, EMA120=2568.80, 趋势=下跌趋势
[2025-06-16 11:06:46] ETHUSDT 1d: 当前价格=2567.33, EMA25=2551.63, EMA60=2395.47, EMA120=2377.74, 趋势=上涨趋势
==============================

===== 趋势分析结果 (2025-06-16 11:21:46) =====
[2025-06-16 11:21:44] BTCUSDT 15m: 当前价格=105782.50, EMA25=105482.37, EMA60=105363.46, EMA120=105307.63, 趋势=上涨趋势
[2025-06-16 11:21:44] BTCUSDT 1h: 当前价格=105782.50, EMA25=105371.51, EMA60=105462.09, EMA120=105860.01, 趋势=震荡行情
[2025-06-16 11:21:44] BTCUSDT 4h: 当前价格=105782.60, EMA25=105769.16, EMA60=106095.13, EMA120=105858.06, 趋势=震荡行情
[2025-06-16 11:21:45] BTCUSDT 1d: 当前价格=105782.60, EMA25=105629.20, EMA60=101774.03, EMA120=97338.50, 趋势=上涨趋势
[2025-06-16 11:21:45] ETHUSDT 15m: 当前价格=2565.75, EMA25=2549.04, EMA60=2540.66, EMA120=2537.46, 趋势=上涨趋势
[2025-06-16 11:21:45] ETHUSDT 1h: 当前价格=2565.75, EMA25=2540.67, EMA60=2550.97, EMA120=2576.99, 趋势=震荡行情
[2025-06-16 11:21:45] ETHUSDT 4h: 当前价格=2566.18, EMA25=2571.28, EMA60=2589.61, EMA120=2568.78, 趋势=下跌趋势
[2025-06-16 11:21:46] ETHUSDT 1d: 当前价格=2566.18, EMA25=2551.54, EMA60=2395.43, EMA120=2377.72, 趋势=上涨趋势
==============================

===== 趋势分析结果 (2025-06-16 11:36:52) =====
[2025-06-16 11:36:44] BTCUSDT 15m: 当前价格=105876.60, EMA25=105519.69, EMA60=105383.41, EMA120=105318.64, 趋势=上涨趋势
[2025-06-16 11:36:46] BTCUSDT 1h: 当前价格=105876.60, EMA25=105378.75, EMA60=105465.18, EMA120=105861.56, 趋势=震荡行情
[2025-06-16 11:36:47] BTCUSDT 4h: 当前价格=105876.60, EMA25=105776.39, EMA60=106098.21, EMA120=105859.62, 趋势=震荡行情
[2025-06-16 11:36:49] BTCUSDT 1d: 当前价格=105876.60, EMA25=105636.43, EMA60=101777.11, EMA120=97340.05, 趋势=上涨趋势
[2025-06-16 11:36:50] ETHUSDT 15m: 当前价格=2570.42, EMA25=2551.09, EMA60=2541.81, EMA120=2538.10, 趋势=上涨趋势
[2025-06-16 11:36:50] ETHUSDT 1h: 当前价格=2570.41, EMA25=2541.03, EMA60=2551.13, EMA120=2577.07, 趋势=震荡行情
[2025-06-16 11:36:52] ETHUSDT 4h: 当前价格=2570.47, EMA25=2571.61, EMA60=2589.75, EMA120=2568.85, 趋势=震荡行情
[2025-06-16 11:36:52] ETHUSDT 1d: 当前价格=2570.47, EMA25=2551.87, EMA60=2395.57, EMA120=2377.79, 趋势=上涨趋势
==============================

===== 趋势分析结果 (2025-06-16 11:52:06) =====
[2025-06-16 11:51:44] BTCUSDT 15m: 当前价格=105860.50, EMA25=105543.03, EMA60=105397.77, EMA120=105326.96, 趋势=上涨趋势
[2025-06-16 11:51:57] BTCUSDT 1h: 当前价格=105838.40, EMA25=105375.81, EMA60=105463.92, EMA120=105860.93, 趋势=震荡行情
[2025-06-16 11:52:00] BTCUSDT 4h: 当前价格=105838.30, EMA25=105773.45, EMA60=106096.96, EMA120=105858.99, 趋势=震荡行情
[2025-06-16 11:52:01] BTCUSDT 1d: 当前价格=105852.40, EMA25=105634.57, EMA60=101776.32, EMA120=97339.65, 趋势=上涨趋势
[2025-06-16 11:52:05] ETHUSDT 15m: 当前价格=2567.94, EMA25=2552.36, EMA60=2542.66, EMA120=2538.58, 趋势=上涨趋势
[2025-06-16 11:52:05] ETHUSDT 1h: 当前价格=2567.94, EMA25=2540.84, EMA60=2551.05, EMA120=2577.03, 趋势=震荡行情
[2025-06-16 11:52:06] ETHUSDT 4h: 当前价格=2567.94, EMA25=2571.41, EMA60=2589.67, EMA120=2568.81, 趋势=下跌趋势
[2025-06-16 11:52:06] ETHUSDT 1d: 当前价格=2567.94, EMA25=2551.67, EMA60=2395.49, EMA120=2377.75, 趋势=上涨趋势
==============================

===== 趋势分析结果 (2025-06-16 12:06:52) =====
[2025-06-16 12:06:44] BTCUSDT 15m: 当前价格=105888.80, EMA25=105569.99, EMA60=105414.03, EMA120=105336.34, 趋势=上涨趋势
[2025-06-16 12:06:46] BTCUSDT 1h: 当前价格=105888.80, EMA25=105417.20, EMA60=105478.72, EMA120=105861.86, 趋势=震荡行情
[2025-06-16 12:06:47] BTCUSDT 4h: 当前价格=105888.80, EMA25=105784.26, EMA60=106091.00, EMA120=105859.85, 趋势=震荡行情
[2025-06-16 12:06:48] BTCUSDT 1d: 当前价格=105888.80, EMA25=105637.37, EMA60=101777.51, EMA120=97340.26, 趋势=上涨趋势
[2025-06-16 12:06:48] ETHUSDT 15m: 当前价格=2569.30, EMA25=2553.64, EMA60=2543.52, EMA120=2539.09, 趋势=上涨趋势
[2025-06-16 12:06:49] ETHUSDT 1h: 当前价格=2569.31, EMA25=2543.00, EMA60=2551.63, EMA120=2576.90, 趋势=震荡行情
[2025-06-16 12:06:51] ETHUSDT 4h: 当前价格=2569.30, EMA25=2571.23, EMA60=2588.99, EMA120=2568.81, 趋势=震荡行情
[2025-06-16 12:06:52] ETHUSDT 1d: 当前价格=2569.01, EMA25=2551.75, EMA60=2395.52, EMA120=2377.77, 趋势=上涨趋势
==============================

===== 趋势分析结果 (2025-06-16 12:21:53) =====
[2025-06-16 12:21:44] BTCUSDT 15m: 当前价格=106218.30, EMA25=105626.82, EMA60=105443.51, EMA120=105352.52, 趋势=上涨趋势
[2025-06-16 12:21:46] BTCUSDT 1h: 当前价格=106213.00, EMA25=105442.14, EMA60=105489.35, EMA120=105867.22, 趋势=震荡行情
[2025-06-16 12:21:47] BTCUSDT 4h: 当前价格=106222.80, EMA25=105809.95, EMA60=106101.95, EMA120=105865.37, 趋势=震荡行情
[2025-06-16 12:21:47] BTCUSDT 1d: 当前价格=106227.00, EMA25=105663.38, EMA60=101788.60, EMA120=97345.85, 趋势=上涨趋势
[2025-06-16 12:21:48] ETHUSDT 15m: 当前价格=2576.52, EMA25=2555.69, EMA60=2544.73, EMA120=2539.77, 趋势=上涨趋势
[2025-06-16 12:21:50] ETHUSDT 1h: 当前价格=2576.27, EMA25=2543.54, EMA60=2551.86, EMA120=2577.01, 趋势=震荡行情
[2025-06-16 12:21:52] ETHUSDT 4h: 当前价格=2576.52, EMA25=2571.78, EMA60=2589.23, EMA120=2568.93, 趋势=震荡行情
[2025-06-16 12:21:53] ETHUSDT 1d: 当前价格=2576.27, EMA25=2552.31, EMA60=2395.76, EMA120=2377.89, 趋势=上涨趋势
==============================

===== 趋势分析结果 (2025-06-16 12:36:57) =====
[2025-06-16 12:36:44] BTCUSDT 15m: 当前价格=106234.20, EMA25=105670.82, EMA60=105468.22, EMA120=105366.47, 趋势=上涨趋势
[2025-06-16 12:36:48] BTCUSDT 1h: 当前价格=106243.90, EMA25=105444.52, EMA60=105490.36, EMA120=105867.73, 趋势=震荡行情
[2025-06-16 12:36:51] BTCUSDT 4h: 当前价格=106243.90, EMA25=105811.57, EMA60=106102.64, EMA120=105865.72, 趋势=震荡行情
[2025-06-16 12:36:52] BTCUSDT 1d: 当前价格=106245.60, EMA25=105664.81, EMA60=101789.21, EMA120=97346.15, 趋势=上涨趋势
[2025-06-16 12:36:54] ETHUSDT 15m: 当前价格=2573.36, EMA25=2556.71, EMA60=2545.52, EMA120=2540.25, 趋势=上涨趋势
[2025-06-16 12:36:55] ETHUSDT 1h: 当前价格=2573.73, EMA25=2543.34, EMA60=2551.78, EMA120=2576.97, 趋势=震荡行情
[2025-06-16 12:36:56] ETHUSDT 4h: 当前价格=2573.73, EMA25=2571.57, EMA60=2589.14, EMA120=2568.88, 趋势=震荡行情
[2025-06-16 12:36:57] ETHUSDT 1d: 当前价格=2573.73, EMA25=2552.12, EMA60=2395.68, EMA120=2377.84, 趋势=上涨趋势
==============================

===== 趋势分析结果 (2025-06-16 12:51:47) =====
[2025-06-16 12:51:44] BTCUSDT 15m: 当前价格=106214.20, EMA25=105713.18, EMA60=105492.93, EMA120=105380.62, 趋势=上涨趋势
[2025-06-16 12:51:45] BTCUSDT 1h: 当前价格=106214.30, EMA25=105442.24, EMA60=105489.39, EMA120=105867.24, 趋势=震荡行情
[2025-06-16 12:51:45] BTCUSDT 4h: 当前价格=106214.30, EMA25=105809.30, EMA60=106101.67, EMA120=105865.23, 趋势=震荡行情
[2025-06-16 12:51:46] BTCUSDT 1d: 当前价格=106214.30, EMA25=105662.41, EMA60=101788.19, EMA120=97345.64, 趋势=上涨趋势
[2025-06-16 12:51:46] ETHUSDT 15m: 当前价格=2574.00, EMA25=2558.21, EMA60=2546.53, EMA120=2540.85, 趋势=上涨趋势
[2025-06-16 12:51:47] ETHUSDT 1h: 当前价格=2573.94, EMA25=2543.36, EMA60=2551.79, EMA120=2576.97, 趋势=震荡行情
[2025-06-16 12:51:47] ETHUSDT 4h: 当前价格=2573.99, EMA25=2571.59, EMA60=2589.15, EMA120=2568.89, 趋势=震荡行情
[2025-06-16 12:51:47] ETHUSDT 1d: 当前价格=2573.94, EMA25=2552.13, EMA60=2395.68, EMA120=2377.85, 趋势=上涨趋势
==============================

===== 趋势分析结果 (2025-06-16 13:06:55) =====
[2025-06-16 13:06:44] BTCUSDT 15m: 当前价格=106320.20, EMA25=105769.47, EMA60=105524.33, EMA120=105398.35, 趋势=上涨趋势
[2025-06-16 13:06:45] BTCUSDT 1h: 当前价格=106316.50, EMA25=105519.08, EMA60=105520.79, EMA120=105876.89, 趋势=震荡行情
[2025-06-16 13:06:48] BTCUSDT 4h: 当前价格=106316.40, EMA25=105817.15, EMA60=106105.02, EMA120=105866.92, 趋势=震荡行情
[2025-06-16 13:06:50] BTCUSDT 1d: 当前价格=106316.40, EMA25=105670.26, EMA60=101791.53, EMA120=97347.32, 趋势=上涨趋势
[2025-06-16 13:06:51] ETHUSDT 15m: 当前价格=2575.31, EMA25=2559.57, EMA60=2547.49, EMA120=2541.43, 趋势=上涨趋势
[2025-06-16 13:06:52] ETHUSDT 1h: 当前价格=2575.31, EMA25=2545.87, EMA60=2552.58, EMA120=2576.96, 趋势=震荡行情
[2025-06-16 13:06:54] ETHUSDT 4h: 当前价格=2575.30, EMA25=2571.69, EMA60=2589.19, EMA120=2568.91, 趋势=震荡行情
[2025-06-16 13:06:55] ETHUSDT 1d: 当前价格=2575.31, EMA25=2552.24, EMA60=2395.73, EMA120=2377.87, 趋势=上涨趋势
==============================

===== 趋势分析结果 (2025-06-16 13:21:55) =====
[2025-06-16 13:21:46] BTCUSDT 15m: 当前价格=106444.10, EMA25=105821.05, EMA60=105554.35, EMA120=105415.57, 趋势=上涨趋势
[2025-06-16 13:21:46] BTCUSDT 1h: 当前价格=106439.30, EMA25=105528.52, EMA60=105524.81, EMA120=105878.92, 趋势=上涨趋势
[2025-06-16 13:21:47] BTCUSDT 4h: 当前价格=106444.10, EMA25=105826.97, EMA60=106109.20, EMA120=105869.03, 趋势=震荡行情
[2025-06-16 13:21:48] BTCUSDT 1d: 当前价格=106439.20, EMA25=105679.71, EMA60=101795.56, EMA120=97349.35, 趋势=上涨趋势
[2025-06-16 13:21:51] ETHUSDT 15m: 当前价格=2578.05, EMA25=2560.87, EMA60=2548.44, EMA120=2542.01, 趋势=上涨趋势
[2025-06-16 13:21:54] ETHUSDT 1h: 当前价格=2578.05, EMA25=2546.08, EMA60=2552.67, EMA120=2577.00, 趋势=震荡行情
[2025-06-16 13:21:54] ETHUSDT 4h: 当前价格=2578.05, EMA25=2571.90, EMA60=2589.28, EMA120=2568.95, 趋势=震荡行情
[2025-06-16 13:21:55] ETHUSDT 1d: 当前价格=2578.16, EMA25=2552.46, EMA60=2395.82, EMA120=2377.92, 趋势=上涨趋势
==============================

===== 趋势分析结果 (2025-06-16 13:36:46) =====
[2025-06-16 13:36:44] BTCUSDT 15m: 当前价格=106526.00, EMA25=105889.49, EMA60=105592.55, EMA120=105437.18, 趋势=上涨趋势
[2025-06-16 13:36:44] BTCUSDT 1h: 当前价格=106529.90, EMA25=105535.49, EMA60=105527.78, EMA120=105880.42, 趋势=上涨趋势
[2025-06-16 13:36:44] BTCUSDT 4h: 当前价格=106534.50, EMA25=105833.93, EMA60=106112.17, EMA120=105870.52, 趋势=震荡行情
[2025-06-16 13:36:45] BTCUSDT 1d: 当前价格=106526.00, EMA25=105686.38, EMA60=101798.41, EMA120=97350.79, 趋势=上涨趋势
[2025-06-16 13:36:45] ETHUSDT 15m: 当前价格=2615.77, EMA25=2566.36, EMA60=2551.22, EMA120=2543.51, 趋势=上涨趋势
[2025-06-16 13:36:45] ETHUSDT 1h: 当前价格=2615.66, EMA25=2548.97, EMA60=2553.90, EMA120=2577.63, 趋势=震荡行情
[2025-06-16 13:36:45] ETHUSDT 4h: 当前价格=2615.66, EMA25=2574.79, EMA60=2590.51, EMA120=2569.58, 趋势=震荡行情
[2025-06-16 13:36:46] ETHUSDT 1d: 当前价格=2615.67, EMA25=2555.34, EMA60=2397.05, EMA120=2378.54, 趋势=上涨趋势
==============================

===== 趋势分析结果 (2025-06-16 13:51:46) =====
[2025-06-16 13:51:44] BTCUSDT 15m: 当前价格=106523.20, EMA25=105935.46, EMA60=105621.83, EMA120=105454.51, 趋势=上涨趋势
[2025-06-16 13:51:44] BTCUSDT 1h: 当前价格=106523.20, EMA25=105534.98, EMA60=105527.56, EMA120=105880.31, 趋势=上涨趋势
[2025-06-16 13:51:44] BTCUSDT 4h: 当前价格=106523.20, EMA25=105833.06, EMA60=106111.80, EMA120=105870.33, 趋势=震荡行情
[2025-06-16 13:51:45] BTCUSDT 1d: 当前价格=106523.20, EMA25=105686.17, EMA60=101798.31, EMA120=97350.74, 趋势=上涨趋势
[2025-06-16 13:51:45] ETHUSDT 15m: 当前价格=2606.51, EMA25=2568.69, EMA60=2552.69, EMA120=2544.38, 趋势=上涨趋势
[2025-06-16 13:51:45] ETHUSDT 1h: 当前价格=2606.50, EMA25=2548.27, EMA60=2553.60, EMA120=2577.47, 趋势=震荡行情
[2025-06-16 13:51:46] ETHUSDT 4h: 当前价格=2606.50, EMA25=2574.09, EMA60=2590.21, EMA120=2569.42, 趋势=震荡行情
[2025-06-16 13:51:46] ETHUSDT 1d: 当前价格=2606.50, EMA25=2554.64, EMA60=2396.75, EMA120=2378.39, 趋势=上涨趋势
==============================

===== 趋势分析结果 (2025-06-16 14:06:48) =====
[2025-06-16 14:06:44] BTCUSDT 15m: 当前价格=106479.90, EMA25=105977.11, EMA60=105649.86, EMA120=105471.41, 趋势=上涨趋势
[2025-06-16 14:06:44] BTCUSDT 1h: 当前价格=106479.90, EMA25=105607.43, EMA60=105558.68, EMA120=105890.18, 趋势=上涨趋势
[2025-06-16 14:06:44] BTCUSDT 4h: 当前价格=106471.00, EMA25=105829.04, EMA60=106110.09, EMA120=105869.47, 趋势=震荡行情
[2025-06-16 14:06:45] BTCUSDT 1d: 当前价格=106479.90, EMA25=105682.84, EMA60=101796.89, EMA120=97350.03, 趋势=上涨趋势
[2025-06-16 14:06:45] ETHUSDT 15m: 当前价格=2603.09, EMA25=2571.32, EMA60=2554.33, EMA120=2545.35, 趋势=上涨趋势
[2025-06-16 14:06:47] ETHUSDT 1h: 当前价格=2603.09, EMA25=2552.46, EMA60=2555.22, EMA120=2577.90, 趋势=震荡行情
[2025-06-16 14:06:48] ETHUSDT 4h: 当前价格=2603.09, EMA25=2573.83, EMA60=2590.10, EMA120=2569.37, 趋势=震荡行情
[2025-06-16 14:06:48] ETHUSDT 1d: 当前价格=2603.09, EMA25=2554.38, EMA60=2396.64, EMA120=2378.33, 趋势=上涨趋势
==============================

===== 趋势分析结果 (2025-06-16 14:21:46) =====
[2025-06-16 14:21:44] BTCUSDT 15m: 当前价格=106682.10, EMA25=106036.64, EMA60=105686.07, EMA120=105492.65, 趋势=上涨趋势
[2025-06-16 14:21:44] BTCUSDT 1h: 当前价格=106671.20, EMA25=105622.15, EMA60=105564.96, EMA120=105893.35, 趋势=上涨趋势
[2025-06-16 14:21:44] BTCUSDT 4h: 当前价格=106671.20, EMA25=105844.44, EMA60=106116.65, EMA120=105872.78, 趋势=震荡行情
[2025-06-16 14:21:45] BTCUSDT 1d: 当前价格=106671.20, EMA25=105697.55, EMA60=101803.17, EMA120=97353.19, 趋势=上涨趋势
[2025-06-16 14:21:45] ETHUSDT 15m: 当前价格=2613.61, EMA25=2575.04, EMA60=2556.48, EMA120=2546.58, 趋势=上涨趋势
[2025-06-16 14:21:45] ETHUSDT 1h: 当前价格=2613.53, EMA25=2553.27, EMA60=2555.56, EMA120=2578.07, 趋势=震荡行情
[2025-06-16 14:21:45] ETHUSDT 4h: 当前价格=2613.53, EMA25=2574.63, EMA60=2590.44, EMA120=2569.54, 趋势=震荡行情
[2025-06-16 14:21:46] ETHUSDT 1d: 当前价格=2613.61, EMA25=2555.19, EMA60=2396.98, EMA120=2378.50, 趋势=上涨趋势
==============================

===== 趋势分析结果 (2025-06-16 14:36:46) =====
[2025-06-16 14:36:44] BTCUSDT 15m: 当前价格=106694.80, EMA25=106085.59, EMA60=105718.39, EMA120=105512.15, 趋势=上涨趋势
[2025-06-16 14:36:44] BTCUSDT 1h: 当前价格=106694.80, EMA25=105623.96, EMA60=105565.73, EMA120=105893.74, 趋势=上涨趋势
[2025-06-16 14:36:44] BTCUSDT 4h: 当前价格=106694.80, EMA25=105846.26, EMA60=106117.42, EMA120=105873.17, 趋势=震荡行情
[2025-06-16 14:36:45] BTCUSDT 1d: 当前价格=106694.80, EMA25=105699.37, EMA60=101803.94, EMA120=97353.58, 趋势=上涨趋势
[2025-06-16 14:36:45] ETHUSDT 15m: 当前价格=2614.29, EMA25=2577.81, EMA60=2558.27, EMA120=2547.65, 趋势=上涨趋势
[2025-06-16 14:36:45] ETHUSDT 1h: 当前价格=2614.25, EMA25=2553.32, EMA60=2555.58, EMA120=2578.08, 趋势=震荡行情
[2025-06-16 14:36:46] ETHUSDT 4h: 当前价格=2614.29, EMA25=2574.69, EMA60=2590.47, EMA120=2569.55, 趋势=震荡行情
[2025-06-16 14:36:46] ETHUSDT 1d: 当前价格=2614.25, EMA25=2555.23, EMA60=2397.01, EMA120=2378.51, 趋势=上涨趋势
==============================

===== 趋势分析结果 (2025-06-16 14:51:48) =====
[2025-06-16 14:51:44] BTCUSDT 15m: 当前价格=106613.90, EMA25=106119.65, EMA60=105744.81, EMA120=105528.86, 趋势=上涨趋势
[2025-06-16 14:51:44] BTCUSDT 1h: 当前价格=106613.90, EMA25=105617.74, EMA60=105563.08, EMA120=105892.40, 趋势=上涨趋势
[2025-06-16 14:51:46] BTCUSDT 4h: 当前价格=106613.90, EMA25=105840.03, EMA60=106114.77, EMA120=105871.83, 趋势=震荡行情
[2025-06-16 14:51:47] BTCUSDT 1d: 当前价格=106613.90, EMA25=105693.15, EMA60=101801.29, EMA120=97352.24, 趋势=上涨趋势
[2025-06-16 14:51:47] ETHUSDT 15m: 当前价格=2617.42, EMA25=2580.79, EMA60=2560.18, EMA120=2548.79, 趋势=上涨趋势
[2025-06-16 14:51:47] ETHUSDT 1h: 当前价格=2617.43, EMA25=2553.57, EMA60=2555.69, EMA120=2578.13, 趋势=震荡行情
[2025-06-16 14:51:48] ETHUSDT 4h: 当前价格=2617.43, EMA25=2574.93, EMA60=2590.57, EMA120=2569.61, 趋势=震荡行情
[2025-06-16 14:51:48] ETHUSDT 1d: 当前价格=2617.43, EMA25=2555.48, EMA60=2397.11, EMA120=2378.57, 趋势=上涨趋势
==============================

===== 趋势分析结果 (2025-06-16 15:06:46) =====
[2025-06-16 15:06:44] BTCUSDT 15m: 当前价格=106581.80, EMA25=106149.30, EMA60=105769.62, EMA120=105544.92, 趋势=上涨趋势
[2025-06-16 15:06:44] BTCUSDT 1h: 当前价格=106581.80, EMA25=105686.00, EMA60=105593.84, EMA120=105902.46, 趋势=上涨趋势
[2025-06-16 15:06:44] BTCUSDT 4h: 当前价格=106581.80, EMA25=105837.57, EMA60=106113.72, EMA120=105871.30, 趋势=震荡行情
[2025-06-16 15:06:45] BTCUSDT 1d: 当前价格=106581.90, EMA25=105690.68, EMA60=101800.24, EMA120=97351.71, 趋势=上涨趋势
[2025-06-16 15:06:45] ETHUSDT 15m: 当前价格=2625.35, EMA25=2583.44, EMA60=2561.97, EMA120=2549.88, 趋势=上涨趋势
[2025-06-16 15:06:45] ETHUSDT 1h: 当前价格=2625.44, EMA25=2558.33, EMA60=2557.63, EMA120=2578.74, 趋势=上涨趋势
[2025-06-16 15:06:45] ETHUSDT 4h: 当前价格=2625.35, EMA25=2575.54, EMA60=2590.83, EMA120=2569.74, 趋势=震荡行情
[2025-06-16 15:06:46] ETHUSDT 1d: 当前价格=2625.35, EMA25=2556.09, EMA60=2397.37, EMA120=2378.70, 趋势=上涨趋势
==============================

===== 趋势分析结果 (2025-06-16 15:21:46) =====
[2025-06-16 15:21:44] BTCUSDT 15m: 当前价格=106606.50, EMA25=106189.65, EMA60=105799.38, EMA120=105563.66, 趋势=上涨趋势
[2025-06-16 15:21:44] BTCUSDT 1h: 当前价格=106606.40, EMA25=105687.89, EMA60=105594.65, EMA120=105902.86, 趋势=上涨趋势
[2025-06-16 15:21:44] BTCUSDT 4h: 当前价格=106606.40, EMA25=105839.46, EMA60=106114.53, EMA120=105871.71, 趋势=震荡行情
[2025-06-16 15:21:45] BTCUSDT 1d: 当前价格=106606.40, EMA25=105692.57, EMA60=101801.04, EMA120=97352.12, 趋势=上涨趋势
[2025-06-16 15:21:45] ETHUSDT 15m: 当前价格=2618.37, EMA25=2586.39, EMA60=2563.93, EMA120=2551.07, 趋势=上涨趋势
[2025-06-16 15:21:45] ETHUSDT 1h: 当前价格=2618.36, EMA25=2557.78, EMA60=2557.40, EMA120=2578.62, 趋势=上涨趋势
[2025-06-16 15:21:45] ETHUSDT 4h: 当前价格=2618.37, EMA25=2575.00, EMA60=2590.60, EMA120=2569.62, 趋势=震荡行情
[2025-06-16 15:21:46] ETHUSDT 1d: 当前价格=2618.37, EMA25=2555.55, EMA60=2397.14, EMA120=2378.58, 趋势=上涨趋势
==============================

===== 趋势分析结果 (2025-06-16 15:36:46) =====
[2025-06-16 15:36:44] BTCUSDT 15m: 当前价格=106990.80, EMA25=106266.92, EMA60=105845.42, EMA120=105590.84, 趋势=上涨趋势
[2025-06-16 15:36:44] BTCUSDT 1h: 当前价格=106999.90, EMA25=105718.16, EMA60=105607.55, EMA120=105909.37, 趋势=上涨趋势
[2025-06-16 15:36:44] BTCUSDT 4h: 当前价格=106998.60, EMA25=105869.63, EMA60=106127.39, EMA120=105878.19, 趋势=震荡行情
[2025-06-16 15:36:45] BTCUSDT 1d: 当前价格=107000.00, EMA25=105722.85, EMA60=101813.95, EMA120=97358.62, 趋势=上涨趋势
[2025-06-16 15:36:45] ETHUSDT 15m: 当前价格=2624.02, EMA25=2589.64, EMA60=2566.06, EMA120=2552.35, 趋势=上涨趋势
[2025-06-16 15:36:45] ETHUSDT 1h: 当前价格=2624.09, EMA25=2558.22, EMA60=2557.58, EMA120=2578.72, 趋势=上涨趋势
[2025-06-16 15:36:46] ETHUSDT 4h: 当前价格=2624.01, EMA25=2575.44, EMA60=2590.79, EMA120=2569.71, 趋势=震荡行情
[2025-06-16 15:36:46] ETHUSDT 1d: 当前价格=2624.09, EMA25=2555.99, EMA60=2397.33, EMA120=2378.68, 趋势=上涨趋势
==============================

===== 趋势分析结果 (2025-06-16 15:51:46) =====
[2025-06-16 15:51:44] BTCUSDT 15m: 当前价格=107031.30, EMA25=106336.72, EMA60=105889.22, EMA120=105617.17, 趋势=上涨趋势
[2025-06-16 15:51:44] BTCUSDT 1h: 当前价格=107031.30, EMA25=105720.57, EMA60=105608.58, EMA120=105909.89, 趋势=上涨趋势
[2025-06-16 15:51:44] BTCUSDT 4h: 当前价格=107031.30, EMA25=105872.14, EMA60=106128.46, EMA120=105878.73, 趋势=震荡行情
[2025-06-16 15:51:45] BTCUSDT 1d: 当前价格=107031.30, EMA25=105725.25, EMA60=101814.97, EMA120=97359.14, 趋势=上涨趋势
[2025-06-16 15:51:45] ETHUSDT 15m: 当前价格=2626.56, EMA25=2592.63, EMA60=2568.11, EMA120=2553.62, 趋势=上涨趋势
[2025-06-16 15:51:45] ETHUSDT 1h: 当前价格=2626.56, EMA25=2558.41, EMA60=2557.67, EMA120=2578.76, 趋势=上涨趋势
[2025-06-16 15:51:45] ETHUSDT 4h: 当前价格=2626.75, EMA25=2575.65, EMA60=2590.88, EMA120=2569.76, 趋势=震荡行情
[2025-06-16 15:51:46] ETHUSDT 1d: 当前价格=2626.75, EMA25=2556.20, EMA60=2397.42, EMA120=2378.72, 趋势=上涨趋势
==============================

===== 趋势分析结果 (2025-06-16 16:06:46) =====
[2025-06-16 16:06:44] BTCUSDT 15m: 当前价格=107059.00, EMA25=106391.74, EMA60=105927.33, EMA120=105640.89, 趋势=上涨趋势
[2025-06-16 16:06:44] BTCUSDT 1h: 当前价格=107059.00, EMA25=105823.00, EMA60=105655.90, EMA120=105928.77, 趋势=上涨趋势
[2025-06-16 16:06:44] BTCUSDT 4h: 当前价格=107058.90, EMA25=105962.90, EMA60=106158.73, EMA120=105898.04, 趋势=震荡行情
[2025-06-16 16:06:45] BTCUSDT 1d: 当前价格=107059.00, EMA25=105727.38, EMA60=101815.88, EMA120=97359.60, 趋势=上涨趋势
[2025-06-16 16:06:45] ETHUSDT 15m: 当前价格=2627.99, EMA25=2595.43, EMA60=2570.11, EMA120=2554.87, 趋势=上涨趋势
[2025-06-16 16:06:45] ETHUSDT 1h: 当前价格=2628.00, EMA25=2563.85, EMA60=2560.01, EMA120=2579.59, 趋势=上涨趋势
[2025-06-16 16:06:45] ETHUSDT 4h: 当前价格=2627.99, EMA25=2579.74, EMA60=2592.12, EMA120=2570.73, 趋势=震荡行情
[2025-06-16 16:06:46] ETHUSDT 1d: 当前价格=2627.99, EMA25=2556.29, EMA60=2397.46, EMA120=2378.74, 趋势=上涨趋势
==============================

===== 趋势分析结果 (2025-06-16 16:21:46) =====
[2025-06-16 16:21:44] BTCUSDT 15m: 当前价格=106926.30, EMA25=106432.48, EMA60=105959.92, EMA120=105662.05, 趋势=上涨趋势
[2025-06-16 16:21:44] BTCUSDT 1h: 当前价格=106926.30, EMA25=105812.79, EMA60=105651.55, EMA120=105926.58, 趋势=上涨趋势
[2025-06-16 16:21:44] BTCUSDT 4h: 当前价格=106926.30, EMA25=105952.70, EMA60=106154.38, EMA120=105895.85, 趋势=震荡行情
[2025-06-16 16:21:45] BTCUSDT 1d: 当前价格=106929.50, EMA25=105717.42, EMA60=101811.64, EMA120=97357.46, 趋势=上涨趋势
[2025-06-16 16:21:45] ETHUSDT 15m: 当前价格=2621.95, EMA25=2597.43, EMA60=2571.80, EMA120=2555.97, 趋势=上涨趋势
[2025-06-16 16:21:45] ETHUSDT 1h: 当前价格=2621.95, EMA25=2563.38, EMA60=2559.81, EMA120=2579.49, 趋势=上涨趋势
[2025-06-16 16:21:46] ETHUSDT 4h: 当前价格=2622.49, EMA25=2579.32, EMA60=2591.94, EMA120=2570.64, 趋势=震荡行情
[2025-06-16 16:21:46] ETHUSDT 1d: 当前价格=2621.75, EMA25=2555.81, EMA60=2397.25, EMA120=2378.64, 趋势=上涨趋势
==============================

===== 趋势分析结果 (2025-06-16 16:36:46) =====
[2025-06-16 16:36:44] BTCUSDT 15m: 当前价格=106994.40, EMA25=106474.67, EMA60=105993.37, EMA120=105683.85, 趋势=上涨趋势
[2025-06-16 16:36:44] BTCUSDT 1h: 当前价格=107007.90, EMA25=105819.07, EMA60=105654.22, EMA120=105927.93, 趋势=上涨趋势
[2025-06-16 16:36:44] BTCUSDT 4h: 当前价格=106998.10, EMA25=105958.22, EMA60=106156.73, EMA120=105897.04, 趋势=震荡行情
[2025-06-16 16:36:45] BTCUSDT 1d: 当前价格=107007.90, EMA25=105723.45, EMA60=101814.21, EMA120=97358.75, 趋势=上涨趋势
[2025-06-16 16:36:45] ETHUSDT 15m: 当前价格=2626.10, EMA25=2599.67, EMA60=2573.59, EMA120=2557.13, 趋势=上涨趋势
[2025-06-16 16:36:45] ETHUSDT 1h: 当前价格=2626.10, EMA25=2563.70, EMA60=2559.95, EMA120=2579.56, 趋势=上涨趋势
[2025-06-16 16:36:45] ETHUSDT 4h: 当前价格=2626.10, EMA25=2579.60, EMA60=2592.06, EMA120=2570.70, 趋势=震荡行情
[2025-06-16 16:36:46] ETHUSDT 1d: 当前价格=2626.10, EMA25=2556.15, EMA60=2397.39, EMA120=2378.71, 趋势=上涨趋势
==============================

===== 趋势分析结果 (2025-06-16 16:51:46) =====
[2025-06-16 16:51:44] BTCUSDT 15m: 当前价格=107116.50, EMA25=106527.49, EMA60=106031.73, EMA120=105708.33, 趋势=上涨趋势
[2025-06-16 16:51:44] BTCUSDT 1h: 当前价格=107116.50, EMA25=105827.42, EMA60=105657.78, EMA120=105929.72, 趋势=上涨趋势
[2025-06-16 16:51:44] BTCUSDT 4h: 当前价格=107116.50, EMA25=105967.33, EMA60=106160.61, EMA120=105898.99, 趋势=震荡行情
[2025-06-16 16:51:45] BTCUSDT 1d: 当前价格=107116.40, EMA25=105731.80, EMA60=101817.76, EMA120=97360.55, 趋势=上涨趋势
[2025-06-16 16:51:45] ETHUSDT 15m: 当前价格=2627.99, EMA25=2601.91, EMA60=2575.40, EMA120=2558.32, 趋势=上涨趋势
[2025-06-16 16:51:45] ETHUSDT 1h: 当前价格=2627.99, EMA25=2563.85, EMA60=2560.01, EMA120=2579.59, 趋势=上涨趋势
[2025-06-16 16:51:46] ETHUSDT 4h: 当前价格=2627.99, EMA25=2579.74, EMA60=2592.12, EMA120=2570.73, 趋势=震荡行情
[2025-06-16 16:51:46] ETHUSDT 1d: 当前价格=2627.99, EMA25=2556.29, EMA60=2397.46, EMA120=2378.74, 趋势=上涨趋势
==============================

===== 趋势分析结果 (2025-06-16 17:06:46) =====
[2025-06-16 17:06:44] BTCUSDT 15m: 当前价格=107123.20, EMA25=106574.63, EMA60=106068.11, EMA120=105732.03, 趋势=上涨趋势
[2025-06-16 17:06:44] BTCUSDT 1h: 当前价格=107123.20, EMA25=105928.42, EMA60=105706.42, EMA120=105949.75, 趋势=上涨趋势
[2025-06-16 17:06:44] BTCUSDT 4h: 当前价格=107123.10, EMA25=105967.84, EMA60=106160.83, EMA120=105899.10, 趋势=震荡行情
[2025-06-16 17:06:45] BTCUSDT 1d: 当前价格=107123.10, EMA25=105732.31, EMA60=101817.98, EMA120=97360.66, 趋势=上涨趋势
[2025-06-16 17:06:45] ETHUSDT 15m: 当前价格=2626.27, EMA25=2603.89, EMA60=2577.12, EMA120=2559.47, 趋势=上涨趋势
[2025-06-16 17:06:45] ETHUSDT 1h: 当前价格=2626.27, EMA25=2568.76, EMA60=2562.23, EMA120=2580.39, 趋势=上涨趋势
[2025-06-16 17:06:45] ETHUSDT 4h: 当前价格=2626.28, EMA25=2579.61, EMA60=2592.07, EMA120=2570.71, 趋势=震荡行情
[2025-06-16 17:06:46] ETHUSDT 1d: 当前价格=2626.27, EMA25=2556.16, EMA60=2397.40, EMA120=2378.71, 趋势=上涨趋势
==============================

===== 趋势分析结果 (2025-06-16 17:21:48) =====
[2025-06-16 17:21:44] BTCUSDT 15m: 当前价格=106922.90, EMA25=106589.68, EMA60=106090.89, EMA120=105749.03, 趋势=上涨趋势
[2025-06-16 17:21:44] BTCUSDT 1h: 当前价格=106922.90, EMA25=105913.01, EMA60=105699.85, EMA120=105946.44, 趋势=上涨趋势
[2025-06-16 17:21:47] BTCUSDT 4h: 当前价格=106922.90, EMA25=105952.44, EMA60=106154.27, EMA120=105895.79, 趋势=震荡行情
[2025-06-16 17:21:47] BTCUSDT 1d: 当前价格=106922.90, EMA25=105716.91, EMA60=101811.42, EMA120=97357.35, 趋势=上涨趋势
[2025-06-16 17:21:47] ETHUSDT 15m: 当前价格=2622.38, EMA25=2605.21, EMA60=2578.55, EMA120=2560.48, 趋势=上涨趋势
[2025-06-16 17:21:47] ETHUSDT 1h: 当前价格=2622.38, EMA25=2568.46, EMA60=2562.10, EMA120=2580.33, 趋势=上涨趋势
[2025-06-16 17:21:48] ETHUSDT 4h: 当前价格=2622.37, EMA25=2579.31, EMA60=2591.94, EMA120=2570.64, 趋势=震荡行情
[2025-06-16 17:21:48] ETHUSDT 1d: 当前价格=2622.38, EMA25=2555.86, EMA60=2397.27, EMA120=2378.65, 趋势=上涨趋势
==============================

===== 趋势分析结果 (2025-06-16 17:36:46) =====
[2025-06-16 17:36:44] BTCUSDT 15m: 当前价格=106912.50, EMA25=106613.57, EMA60=106117.41, EMA120=105768.06, 趋势=上涨趋势
[2025-06-16 17:36:44] BTCUSDT 1h: 当前价格=106912.40, EMA25=105912.20, EMA60=105699.51, EMA120=105946.27, 趋势=上涨趋势
[2025-06-16 17:36:44] BTCUSDT 4h: 当前价格=106912.40, EMA25=105951.63, EMA60=106153.92, EMA120=105895.62, 趋势=震荡行情
[2025-06-16 17:36:45] BTCUSDT 1d: 当前价格=106912.40, EMA25=105716.11, EMA60=101811.07, EMA120=97357.17, 趋势=上涨趋势
[2025-06-16 17:36:45] ETHUSDT 15m: 当前价格=2621.00, EMA25=2606.52, EMA60=2579.99, EMA120=2561.51, 趋势=上涨趋势
[2025-06-16 17:36:45] ETHUSDT 1h: 当前价格=2621.00, EMA25=2568.35, EMA60=2562.06, EMA120=2580.31, 趋势=上涨趋势
[2025-06-16 17:36:45] ETHUSDT 4h: 当前价格=2621.20, EMA25=2579.22, EMA60=2591.90, EMA120=2570.62, 趋势=震荡行情
[2025-06-16 17:36:46] ETHUSDT 1d: 当前价格=2621.00, EMA25=2555.75, EMA60=2397.23, EMA120=2378.63, 趋势=上涨趋势
==============================

===== 趋势分析结果 (2025-06-16 17:51:46) =====
[2025-06-16 17:51:44] BTCUSDT 15m: 当前价格=106911.50, EMA25=106639.50, EMA60=106144.79, EMA120=105787.66, 趋势=上涨趋势
[2025-06-16 17:51:44] BTCUSDT 1h: 当前价格=106911.60, EMA25=105912.14, EMA60=105699.48, EMA120=105946.26, 趋势=上涨趋势
[2025-06-16 17:51:44] BTCUSDT 4h: 当前价格=106911.60, EMA25=105951.57, EMA60=106153.90, EMA120=105895.61, 趋势=震荡行情
[2025-06-16 17:51:45] BTCUSDT 1d: 当前价格=106911.60, EMA25=105716.05, EMA60=101811.05, EMA120=97357.16, 趋势=上涨趋势
[2025-06-16 17:51:45] ETHUSDT 15m: 当前价格=2621.77, EMA25=2607.67, EMA60=2581.35, EMA120=2562.50, 趋势=上涨趋势
[2025-06-16 17:51:45] ETHUSDT 1h: 当前价格=2621.51, EMA25=2568.39, EMA60=2562.07, EMA120=2580.31, 趋势=上涨趋势
[2025-06-16 17:51:45] ETHUSDT 4h: 当前价格=2621.76, EMA25=2579.26, EMA60=2591.92, EMA120=2570.63, 趋势=震荡行情
[2025-06-16 17:51:46] ETHUSDT 1d: 当前价格=2621.76, EMA25=2555.81, EMA60=2397.25, EMA120=2378.64, 趋势=上涨趋势
==============================

===== 趋势分析结果 (2025-06-16 18:06:46) =====
[2025-06-16 18:06:44] BTCUSDT 15m: 当前价格=107145.50, EMA25=106678.62, EMA60=106177.69, EMA120=105810.16, 趋势=上涨趋势
[2025-06-16 18:06:44] BTCUSDT 1h: 当前价格=107145.50, EMA25=106007.20, EMA60=105746.97, EMA120=105966.12, 趋势=上涨趋势
[2025-06-16 18:06:44] BTCUSDT 4h: 当前价格=107145.60, EMA25=105969.57, EMA60=106161.57, EMA120=105899.48, 趋势=震荡行情
[2025-06-16 18:06:45] BTCUSDT 1d: 当前价格=107145.50, EMA25=105734.04, EMA60=101818.72, EMA120=97361.03, 趋势=上涨趋势
[2025-06-16 18:06:45] ETHUSDT 15m: 当前价格=2627.41, EMA25=2609.10, EMA60=2582.82, EMA120=2563.55, 趋势=上涨趋势
[2025-06-16 18:06:45] ETHUSDT 1h: 当前价格=2627.41, EMA25=2572.86, EMA60=2564.18, EMA120=2581.08, 趋势=上涨趋势
[2025-06-16 18:06:45] ETHUSDT 4h: 当前价格=2627.41, EMA25=2579.70, EMA60=2592.10, EMA120=2570.73, 趋势=震荡行情
[2025-06-16 18:06:46] ETHUSDT 1d: 当前价格=2627.41, EMA25=2556.25, EMA60=2397.44, EMA120=2378.73, 趋势=上涨趋势
==============================

===== 趋势分析结果 (2025-06-16 18:21:55) =====
[2025-06-16 18:21:46] BTCUSDT 15m: 当前价格=107073.00, EMA25=106705.40, EMA60=106205.45, EMA120=105830.23, 趋势=上涨趋势
[2025-06-16 18:21:48] BTCUSDT 1h: 当前价格=107073.00, EMA25=106001.62, EMA60=105744.60, EMA120=105964.92, 趋势=上涨趋势
[2025-06-16 18:21:48] BTCUSDT 4h: 当前价格=107073.00, EMA25=105963.98, EMA60=106159.19, EMA120=105898.28, 趋势=震荡行情
[2025-06-16 18:21:49] BTCUSDT 1d: 当前价格=107073.10, EMA25=105728.47, EMA60=101816.34, EMA120=97359.83, 趋势=上涨趋势
[2025-06-16 18:21:51] ETHUSDT 15m: 当前价格=2627.01, EMA25=2610.52, EMA60=2584.29, EMA120=2564.61, 趋势=上涨趋势
[2025-06-16 18:21:51] ETHUSDT 1h: 当前价格=2627.56, EMA25=2572.87, EMA60=2564.19, EMA120=2581.08, 趋势=上涨趋势
[2025-06-16 18:21:52] ETHUSDT 4h: 当前价格=2627.01, EMA25=2579.67, EMA60=2592.09, EMA120=2570.72, 趋势=震荡行情
[2025-06-16 18:21:55] ETHUSDT 1d: 当前价格=2627.00, EMA25=2556.22, EMA60=2397.42, EMA120=2378.73, 趋势=上涨趋势
==============================

===== 趋势分析结果 (2025-06-16 18:36:56) =====
[2025-06-16 18:36:46] BTCUSDT 15m: 当前价格=107020.20, EMA25=106726.26, EMA60=106230.67, EMA120=105849.15, 趋势=上涨趋势
[2025-06-16 18:36:47] BTCUSDT 1h: 当前价格=107020.20, EMA25=105997.56, EMA60=105742.87, EMA120=105964.05, 趋势=上涨趋势
[2025-06-16 18:36:48] BTCUSDT 4h: 当前价格=107020.20, EMA25=105959.92, EMA60=106157.46, EMA120=105897.40, 趋势=震荡行情
[2025-06-16 18:36:50] BTCUSDT 1d: 当前价格=107020.30, EMA25=105724.41, EMA60=101814.61, EMA120=97358.96, 趋势=上涨趋势
[2025-06-16 18:36:51] ETHUSDT 15m: 当前价格=2624.09, EMA25=2611.43, EMA60=2585.53, EMA120=2565.56, 趋势=上涨趋势
[2025-06-16 18:36:51] ETHUSDT 1h: 当前价格=2623.76, EMA25=2572.58, EMA60=2564.07, EMA120=2581.02, 趋势=上涨趋势
[2025-06-16 18:36:55] ETHUSDT 4h: 当前价格=2623.17, EMA25=2579.37, EMA60=2591.96, EMA120=2570.66, 趋势=震荡行情
[2025-06-16 18:36:56] ETHUSDT 1d: 当前价格=2623.17, EMA25=2555.92, EMA60=2397.30, EMA120=2378.66, 趋势=上涨趋势
==============================

===== 趋势分析结果 (2025-06-16 18:51:52) =====
[2025-06-16 18:51:44] BTCUSDT 15m: 当前价格=106793.20, EMA25=106721.61, EMA60=106244.73, EMA120=105862.52, 趋势=上涨趋势
[2025-06-16 18:51:46] BTCUSDT 1h: 当前价格=106793.20, EMA25=105980.10, EMA60=105735.42, EMA120=105960.30, 趋势=上涨趋势
[2025-06-16 18:51:46] BTCUSDT 4h: 当前价格=106793.30, EMA25=105942.47, EMA60=106150.02, EMA120=105893.65, 趋势=震荡行情
[2025-06-16 18:51:47] BTCUSDT 1d: 当前价格=106793.20, EMA25=105706.94, EMA60=101807.17, EMA120=97355.20, 趋势=上涨趋势
[2025-06-16 18:51:49] ETHUSDT 15m: 当前价格=2614.04, EMA25=2611.32, EMA60=2586.33, EMA120=2566.29, 趋势=上涨趋势
[2025-06-16 18:51:50] ETHUSDT 1h: 当前价格=2614.43, EMA25=2571.86, EMA60=2563.76, EMA120=2580.86, 趋势=上涨趋势
[2025-06-16 18:51:51] ETHUSDT 4h: 当前价格=2614.43, EMA25=2578.70, EMA60=2591.68, EMA120=2570.51, 趋势=震荡行情
[2025-06-16 18:51:52] ETHUSDT 1d: 当前价格=2614.43, EMA25=2555.25, EMA60=2397.01, EMA120=2378.52, 趋势=上涨趋势
==============================

===== 趋势分析结果 (2025-06-16 19:06:46) =====
[2025-06-16 19:06:44] BTCUSDT 15m: 当前价格=106827.60, EMA25=106730.45, EMA60=106264.15, EMA120=105878.64, 趋势=上涨趋势
[2025-06-16 19:06:44] BTCUSDT 1h: 当前价格=106827.70, EMA25=106045.99, EMA60=105771.54, EMA120=105974.80, 趋势=上涨趋势
[2025-06-16 19:06:44] BTCUSDT 4h: 当前价格=106827.70, EMA25=105945.11, EMA60=106151.15, EMA120=105894.22, 趋势=震荡行情
[2025-06-16 19:06:45] BTCUSDT 1d: 当前价格=106827.70, EMA25=105709.59, EMA60=101808.30, EMA120=97355.77, 趋势=上涨趋势
[2025-06-16 19:06:45] ETHUSDT 15m: 当前价格=2614.75, EMA25=2611.74, EMA60=2587.33, EMA120=2567.13, 趋势=上涨趋势
[2025-06-16 19:06:45] ETHUSDT 1h: 当前价格=2614.41, EMA25=2575.27, EMA60=2565.48, EMA120=2581.45, 趋势=上涨趋势
[2025-06-16 19:06:45] ETHUSDT 4h: 当前价格=2614.41, EMA25=2578.70, EMA60=2591.68, EMA120=2570.51, 趋势=震荡行情
[2025-06-16 19:06:46] ETHUSDT 1d: 当前价格=2614.31, EMA25=2555.24, EMA60=2397.01, EMA120=2378.52, 趋势=上涨趋势
==============================

===== 趋势分析结果 (2025-06-16 19:21:46) =====
[2025-06-16 19:21:44] BTCUSDT 15m: 当前价格=106673.90, EMA25=106718.06, EMA60=106274.00, EMA120=105889.96, 趋势=震荡行情
[2025-06-16 19:21:44] BTCUSDT 1h: 当前价格=106673.90, EMA25=106034.16, EMA60=105766.50, EMA120=105972.25, 趋势=上涨趋势
[2025-06-16 19:21:44] BTCUSDT 4h: 当前价格=106673.90, EMA25=105933.28, EMA60=106146.10, EMA120=105891.68, 趋势=震荡行情
[2025-06-16 19:21:45] BTCUSDT 1d: 当前价格=106673.90, EMA25=105697.76, EMA60=101803.25, EMA120=97353.23, 趋势=上涨趋势
[2025-06-16 19:21:45] ETHUSDT 15m: 当前价格=2605.50, EMA25=2610.84, EMA60=2587.74, EMA120=2567.67, 趋势=震荡行情
[2025-06-16 19:21:45] ETHUSDT 1h: 当前价格=2605.49, EMA25=2574.58, EMA60=2565.19, EMA120=2581.30, 趋势=上涨趋势
[2025-06-16 19:21:45] ETHUSDT 4h: 当前价格=2605.50, EMA25=2578.01, EMA60=2591.39, EMA120=2570.36, 趋势=震荡行情
[2025-06-16 19:21:46] ETHUSDT 1d: 当前价格=2605.50, EMA25=2554.56, EMA60=2396.72, EMA120=2378.37, 趋势=上涨趋势
==============================

===== 趋势分析结果 (2025-06-16 19:36:46) =====
[2025-06-16 19:36:44] BTCUSDT 15m: 当前价格=106814.00, EMA25=106723.54, EMA60=106290.85, EMA120=105904.80, 趋势=上涨趋势
[2025-06-16 19:36:44] BTCUSDT 1h: 当前价格=106814.00, EMA25=106044.93, EMA60=105771.09, EMA120=105974.57, 趋势=上涨趋势
[2025-06-16 19:36:45] BTCUSDT 4h: 当前价格=106814.00, EMA25=105944.06, EMA60=106150.70, EMA120=105893.99, 趋势=震荡行情
[2025-06-16 19:36:45] BTCUSDT 1d: 当前价格=106814.00, EMA25=105708.54, EMA60=101807.85, EMA120=97355.55, 趋势=上涨趋势
[2025-06-16 19:36:45] ETHUSDT 15m: 当前价格=2609.05, EMA25=2610.10, EMA60=2588.17, EMA120=2568.22, 趋势=震荡行情
[2025-06-16 19:36:46] ETHUSDT 1h: 当前价格=2609.05, EMA25=2574.86, EMA60=2565.30, EMA120=2581.36, 趋势=上涨趋势
[2025-06-16 19:36:46] ETHUSDT 4h: 当前价格=2608.35, EMA25=2578.23, EMA60=2591.48, EMA120=2570.41, 趋势=震荡行情
[2025-06-16 19:36:46] ETHUSDT 1d: 当前价格=2609.05, EMA25=2554.83, EMA60=2396.84, EMA120=2378.43, 趋势=上涨趋势
==============================

===== 趋势分析结果 (2025-06-16 19:51:47) =====
[2025-06-16 19:51:44] BTCUSDT 15m: 当前价格=106832.50, EMA25=106738.61, EMA60=106311.60, EMA120=105921.68, 趋势=上涨趋势
[2025-06-16 19:51:44] BTCUSDT 1h: 当前价格=106832.60, EMA25=106046.36, EMA60=105771.70, EMA120=105974.88, 趋势=上涨趋势
[2025-06-16 19:51:44] BTCUSDT 4h: 当前价格=106832.50, EMA25=105945.48, EMA60=106151.30, EMA120=105894.30, 趋势=震荡行情
[2025-06-16 19:51:45] BTCUSDT 1d: 当前价格=106832.50, EMA25=105709.96, EMA60=101808.45, EMA120=97355.85, 趋势=上涨趋势
[2025-06-16 19:51:45] ETHUSDT 15m: 当前价格=2616.35, EMA25=2610.84, EMA60=2589.21, EMA120=2569.07, 趋势=上涨趋势
[2025-06-16 19:51:45] ETHUSDT 1h: 当前价格=2616.38, EMA25=2575.42, EMA60=2565.54, EMA120=2581.48, 趋势=上涨趋势
[2025-06-16 19:51:45] ETHUSDT 4h: 当前价格=2616.38, EMA25=2578.85, EMA60=2591.74, EMA120=2570.54, 趋势=震荡行情
[2025-06-16 19:51:47] ETHUSDT 1d: 当前价格=2616.12, EMA25=2555.38, EMA60=2397.07, EMA120=2378.55, 趋势=上涨趋势
==============================

===== 趋势分析结果 (2025-06-16 20:06:46) =====
[2025-06-16 20:06:44] BTCUSDT 15m: 当前价格=106760.90, EMA25=106741.04, EMA60=106326.65, EMA120=105935.72, 趋势=上涨趋势
[2025-06-16 20:06:44] BTCUSDT 1h: 当前价格=106760.90, EMA25=106102.03, EMA60=105804.45, EMA120=105988.04, 趋势=上涨趋势
[2025-06-16 20:06:44] BTCUSDT 4h: 当前价格=106760.90, EMA25=106008.92, EMA60=106171.61, EMA120=105908.69, 趋势=震荡行情
[2025-06-16 20:06:45] BTCUSDT 1d: 当前价格=106763.50, EMA25=105704.65, EMA60=101806.19, EMA120=97354.71, 趋势=上涨趋势
[2025-06-16 20:06:45] ETHUSDT 15m: 当前价格=2607.69, EMA25=2610.56, EMA60=2589.80, EMA120=2569.70, 趋势=震荡行情
[2025-06-16 20:06:45] ETHUSDT 1h: 当前价格=2607.69, EMA25=2577.86, EMA60=2566.91, EMA120=2581.91, 趋势=上涨趋势
[2025-06-16 20:06:46] ETHUSDT 4h: 当前价格=2607.69, EMA25=2581.03, EMA60=2592.25, EMA120=2571.14, 趋势=震荡行情
[2025-06-16 20:06:46] ETHUSDT 1d: 当前价格=2607.69, EMA25=2554.73, EMA60=2396.79, EMA120=2378.41, 趋势=上涨趋势
==============================

===== 趋势分析结果 (2025-06-16 20:21:46) =====
[2025-06-16 20:21:44] BTCUSDT 15m: 当前价格=106698.50, EMA25=106734.25, EMA60=106337.27, EMA120=105947.53, 趋势=震荡行情
[2025-06-16 20:21:44] BTCUSDT 1h: 当前价格=106698.30, EMA25=106097.21, EMA60=105802.40, EMA120=105987.01, 趋势=上涨趋势
[2025-06-16 20:21:44] BTCUSDT 4h: 当前价格=106698.60, EMA25=106004.13, EMA60=106169.56, EMA120=105907.66, 趋势=震荡行情
[2025-06-16 20:21:45] BTCUSDT 1d: 当前价格=106698.30, EMA25=105699.64, EMA60=101804.05, EMA120=97353.64, 趋势=上涨趋势
[2025-06-16 20:21:45] ETHUSDT 15m: 当前价格=2607.99, EMA25=2610.57, EMA60=2590.49, EMA120=2570.38, 趋势=震荡行情
[2025-06-16 20:21:45] ETHUSDT 1h: 当前价格=2608.97, EMA25=2577.96, EMA60=2566.95, EMA120=2581.93, 趋势=上涨趋势
[2025-06-16 20:21:46] ETHUSDT 4h: 当前价格=2608.96, EMA25=2581.12, EMA60=2592.29, EMA120=2571.17, 趋势=震荡行情
[2025-06-16 20:21:46] ETHUSDT 1d: 当前价格=2608.70, EMA25=2554.81, EMA60=2396.82, EMA120=2378.42, 趋势=上涨趋势
==============================

===== 趋势分析结果 (2025-06-16 20:36:46) =====
[2025-06-16 20:36:44] BTCUSDT 15m: 当前价格=106711.70, EMA25=106727.31, EMA60=106347.22, EMA120=105958.98, 趋势=震荡行情
[2025-06-16 20:36:44] BTCUSDT 1h: 当前价格=106716.00, EMA25=106098.58, EMA60=105802.98, EMA120=105987.30, 趋势=上涨趋势
[2025-06-16 20:36:44] BTCUSDT 4h: 当前价格=106715.90, EMA25=106005.46, EMA60=106170.13, EMA120=105907.95, 趋势=震荡行情
[2025-06-16 20:36:45] BTCUSDT 1d: 当前价格=106711.70, EMA25=105700.67, EMA60=101804.49, EMA120=97353.86, 趋势=上涨趋势
[2025-06-16 20:36:45] ETHUSDT 15m: 当前价格=2613.82, EMA25=2610.87, EMA60=2591.27, EMA120=2571.11, 趋势=上涨趋势
[2025-06-16 20:36:45] ETHUSDT 1h: 当前价格=2613.81, EMA25=2578.33, EMA60=2567.11, EMA120=2582.01, 趋势=上涨趋势
[2025-06-16 20:36:46] ETHUSDT 4h: 当前价格=2613.85, EMA25=2581.50, EMA60=2592.45, EMA120=2571.25, 趋势=震荡行情
[2025-06-16 20:36:46] ETHUSDT 1d: 当前价格=2613.84, EMA25=2555.20, EMA60=2396.99, EMA120=2378.51, 趋势=上涨趋势
==============================

===== 趋势分析结果 (2025-06-16 20:51:46) =====
[2025-06-16 20:51:44] BTCUSDT 15m: 当前价格=106762.40, EMA25=106729.63, EMA60=106360.66, EMA120=105972.17, 趋势=上涨趋势
[2025-06-16 20:51:44] BTCUSDT 1h: 当前价格=106762.30, EMA25=106102.14, EMA60=105804.50, EMA120=105988.06, 趋势=上涨趋势
[2025-06-16 20:51:44] BTCUSDT 4h: 当前价格=106762.30, EMA25=106009.03, EMA60=106171.65, EMA120=105908.72, 趋势=震荡行情
[2025-06-16 20:51:45] BTCUSDT 1d: 当前价格=106762.40, EMA25=105704.57, EMA60=101806.16, EMA120=97354.69, 趋势=上涨趋势
[2025-06-16 20:51:45] ETHUSDT 15m: 当前价格=2616.82, EMA25=2611.36, EMA60=2592.13, EMA120=2571.88, 趋势=上涨趋势
[2025-06-16 20:51:45] ETHUSDT 1h: 当前价格=2616.83, EMA25=2578.57, EMA60=2567.21, EMA120=2582.06, 趋势=上涨趋势
[2025-06-16 20:51:46] ETHUSDT 4h: 当前价格=2616.82, EMA25=2581.73, EMA60=2592.55, EMA120=2571.30, 趋势=震荡行情
[2025-06-16 20:51:46] ETHUSDT 1d: 当前价格=2616.82, EMA25=2555.43, EMA60=2397.09, EMA120=2378.56, 趋势=上涨趋势
==============================

===== 趋势分析结果 (2025-06-16 21:06:46) =====
[2025-06-16 21:06:44] BTCUSDT 15m: 当前价格=106580.00, EMA25=106709.91, EMA60=106364.19, EMA120=105980.34, 趋势=震荡行情
[2025-06-16 21:06:44] BTCUSDT 1h: 当前价格=106580.00, EMA25=106130.70, EMA60=105826.26, EMA120=105995.98, 趋势=上涨趋势
[2025-06-16 21:06:44] BTCUSDT 4h: 当前价格=106572.40, EMA25=105994.42, EMA60=106165.43, EMA120=105905.58, 趋势=震荡行情
[2025-06-16 21:06:45] BTCUSDT 1d: 当前价格=106572.40, EMA25=105689.95, EMA60=101799.93, EMA120=97351.55, 趋势=上涨趋势
[2025-06-16 21:06:45] ETHUSDT 15m: 当前价格=2612.63, EMA25=2611.27, EMA60=2592.71, EMA120=2572.51, 趋势=上涨趋势
[2025-06-16 21:06:45] ETHUSDT 1h: 当前价格=2612.63, EMA25=2581.00, EMA60=2568.61, EMA120=2582.53, 趋势=上涨趋势
[2025-06-16 21:06:46] ETHUSDT 4h: 当前价格=2612.64, EMA25=2581.41, EMA60=2592.41, EMA120=2571.23, 趋势=震荡行情
[2025-06-16 21:06:46] ETHUSDT 1d: 当前价格=2612.63, EMA25=2555.11, EMA60=2396.95, EMA120=2378.49, 趋势=上涨趋势
==============================

===== 趋势分析结果 (2025-06-16 21:21:47) =====
[2025-06-16 21:21:44] BTCUSDT 15m: 当前价格=106560.10, EMA25=106699.91, EMA60=106371.29, EMA120=105990.27, 趋势=震荡行情
[2025-06-16 21:21:44] BTCUSDT 1h: 当前价格=106560.10, EMA25=106129.16, EMA60=105825.61, EMA120=105995.65, 趋势=上涨趋势
[2025-06-16 21:21:44] BTCUSDT 4h: 当前价格=106560.10, EMA25=105993.47, EMA60=106165.02, EMA120=105905.37, 趋势=震荡行情
[2025-06-16 21:21:45] BTCUSDT 1d: 当前价格=106560.10, EMA25=105689.01, EMA60=101799.52, EMA120=97351.35, 趋势=上涨趋势
[2025-06-16 21:21:45] ETHUSDT 15m: 当前价格=2608.39, EMA25=2611.01, EMA60=2593.21, EMA120=2573.09, 趋势=震荡行情
[2025-06-16 21:21:46] ETHUSDT 1h: 当前价格=2608.39, EMA25=2580.67, EMA60=2568.47, EMA120=2582.46, 趋势=上涨趋势
[2025-06-16 21:21:46] ETHUSDT 4h: 当前价格=2608.40, EMA25=2581.08, EMA60=2592.27, EMA120=2571.16, 趋势=震荡行情
[2025-06-16 21:21:47] ETHUSDT 1d: 当前价格=2608.39, EMA25=2554.78, EMA60=2396.81, EMA120=2378.42, 趋势=上涨趋势
==============================

===== 趋势分析结果 (2025-06-16 21:36:46) =====
[2025-06-16 21:36:44] BTCUSDT 15m: 当前价格=106534.00, EMA25=106689.93, EMA60=106377.87, EMA120=105999.89, 趋势=震荡行情
[2025-06-16 21:36:44] BTCUSDT 1h: 当前价格=106534.00, EMA25=106127.16, EMA60=105824.75, EMA120=105995.22, 趋势=上涨趋势
[2025-06-16 21:36:44] BTCUSDT 4h: 当前价格=106534.00, EMA25=105991.46, EMA60=106164.17, EMA120=105904.94, 趋势=震荡行情
[2025-06-16 21:36:45] BTCUSDT 1d: 当前价格=106534.00, EMA25=105687.00, EMA60=101798.67, EMA120=97350.92, 趋势=上涨趋势
[2025-06-16 21:36:45] ETHUSDT 15m: 当前价格=2611.15, EMA25=2611.22, EMA60=2593.89, EMA120=2573.77, 趋势=震荡行情
[2025-06-16 21:36:45] ETHUSDT 1h: 当前价格=2611.83, EMA25=2580.93, EMA60=2568.59, EMA120=2582.51, 趋势=上涨趋势
[2025-06-16 21:36:46] ETHUSDT 4h: 当前价格=2611.82, EMA25=2581.34, EMA60=2592.38, EMA120=2571.21, 趋势=震荡行情
[2025-06-16 21:36:46] ETHUSDT 1d: 当前价格=2611.83, EMA25=2555.05, EMA60=2396.93, EMA120=2378.47, 趋势=上涨趋势
==============================

===== 趋势分析结果 (2025-06-16 21:51:46) =====
[2025-06-16 21:51:44] BTCUSDT 15m: 当前价格=106568.60, EMA25=106693.27, EMA60=106389.78, EMA120=106012.19, 趋势=震荡行情
[2025-06-16 21:51:44] BTCUSDT 1h: 当前价格=106568.60, EMA25=106129.82, EMA60=105825.89, EMA120=105995.79, 趋势=上涨趋势
[2025-06-16 21:51:44] BTCUSDT 4h: 当前价格=106568.60, EMA25=105994.13, EMA60=106165.30, EMA120=105905.52, 趋势=震荡行情
[2025-06-16 21:51:45] BTCUSDT 1d: 当前价格=106568.60, EMA25=105689.66, EMA60=101799.80, EMA120=97351.49, 趋势=上涨趋势
[2025-06-16 21:51:45] ETHUSDT 15m: 当前价格=2621.81, EMA25=2612.73, EMA60=2595.11, EMA120=2574.72, 趋势=上涨趋势
[2025-06-16 21:51:45] ETHUSDT 1h: 当前价格=2622.36, EMA25=2581.74, EMA60=2568.93, EMA120=2582.69, 趋势=上涨趋势
[2025-06-16 21:51:46] ETHUSDT 4h: 当前价格=2622.36, EMA25=2582.16, EMA60=2592.73, EMA120=2571.39, 趋势=震荡行情
[2025-06-16 21:51:46] ETHUSDT 1d: 当前价格=2622.05, EMA25=2555.83, EMA60=2397.26, EMA120=2378.64, 趋势=上涨趋势
==============================

===== 趋势分析结果 (2025-06-16 22:06:46) =====
[2025-06-16 22:06:44] BTCUSDT 15m: 当前价格=106920.00, EMA25=106749.08, EMA60=106424.30, EMA120=106035.98, 趋势=上涨趋势
[2025-06-16 22:06:44] BTCUSDT 1h: 当前价格=106901.00, EMA25=106227.51, EMA60=105878.27, EMA120=106019.54, 趋势=上涨趋势
[2025-06-16 22:06:44] BTCUSDT 4h: 当前价格=106920.00, EMA25=106021.16, EMA60=106176.82, EMA120=105911.32, 趋势=震荡行情
[2025-06-16 22:06:45] BTCUSDT 1d: 当前价格=106901.00, EMA25=105715.23, EMA60=101810.70, EMA120=97356.99, 趋势=上涨趋势
[2025-06-16 22:06:45] ETHUSDT 15m: 当前价格=2633.70, EMA25=2615.52, EMA60=2596.90, EMA120=2575.97, 趋势=上涨趋势
[2025-06-16 22:06:45] ETHUSDT 1h: 当前价格=2633.70, EMA25=2586.88, EMA60=2571.56, EMA120=2583.79, 趋势=上涨趋势
[2025-06-16 22:06:46] ETHUSDT 4h: 当前价格=2633.13, EMA25=2582.98, EMA60=2593.08, EMA120=2571.56, 趋势=震荡行情
[2025-06-16 22:06:46] ETHUSDT 1d: 当前价格=2633.00, EMA25=2556.68, EMA60=2397.62, EMA120=2378.82, 趋势=上涨趋势
==============================

===== 趋势分析结果 (2025-06-16 22:21:46) =====
[2025-06-16 22:21:44] BTCUSDT 15m: 当前价格=107188.00, EMA25=106782.26, EMA60=106449.08, EMA120=106054.89, 趋势=上涨趋势
[2025-06-16 22:21:44] BTCUSDT 1h: 当前价格=107187.90, EMA25=106249.58, EMA60=105887.68, EMA120=106024.28, 趋势=上涨趋势
[2025-06-16 22:21:44] BTCUSDT 4h: 当前价格=107188.00, EMA25=106041.77, EMA60=106185.61, EMA120=105915.75, 趋势=震荡行情
[2025-06-16 22:21:45] BTCUSDT 1d: 当前价格=107187.90, EMA25=105737.30, EMA60=101820.11, EMA120=97361.73, 趋势=上涨趋势
[2025-06-16 22:21:45] ETHUSDT 15m: 当前价格=2638.66, EMA25=2617.17, EMA60=2598.22, EMA120=2576.97, 趋势=上涨趋势
[2025-06-16 22:21:45] ETHUSDT 1h: 当前价格=2638.21, EMA25=2587.22, EMA60=2571.71, EMA120=2583.87, 趋势=上涨趋势
[2025-06-16 22:21:46] ETHUSDT 4h: 当前价格=2638.22, EMA25=2583.38, EMA60=2593.25, EMA120=2571.65, 趋势=震荡行情
[2025-06-16 22:21:46] ETHUSDT 1d: 当前价格=2638.21, EMA25=2557.08, EMA60=2397.79, EMA120=2378.91, 趋势=上涨趋势
==============================

===== 趋势分析结果 (2025-06-16 22:36:46) =====
[2025-06-16 22:36:44] BTCUSDT 15m: 当前价格=107672.40, EMA25=106858.01, EMA60=106492.44, EMA120=106083.30, 趋势=上涨趋势
[2025-06-16 22:36:44] BTCUSDT 1h: 当前价格=107672.40, EMA25=106286.85, EMA60=105903.57, EMA120=106032.29, 趋势=上涨趋势
[2025-06-16 22:36:44] BTCUSDT 4h: 当前价格=107668.00, EMA25=106078.69, EMA60=106201.35, EMA120=105923.69, 趋势=震荡行情
[2025-06-16 22:36:45] BTCUSDT 1d: 当前价格=107672.40, EMA25=105774.57, EMA60=101835.99, EMA120=97369.74, 趋势=上涨趋势
[2025-06-16 22:36:45] ETHUSDT 15m: 当前价格=2649.54, EMA25=2619.65, EMA60=2599.90, EMA120=2578.17, 趋势=上涨趋势
[2025-06-16 22:36:45] ETHUSDT 1h: 当前价格=2649.54, EMA25=2588.09, EMA60=2572.08, EMA120=2584.05, 趋势=上涨趋势
[2025-06-16 22:36:46] ETHUSDT 4h: 当前价格=2649.54, EMA25=2584.25, EMA60=2593.62, EMA120=2571.84, 趋势=震荡行情
[2025-06-16 22:36:46] ETHUSDT 1d: 当前价格=2649.54, EMA25=2557.95, EMA60=2398.16, EMA120=2379.10, 趋势=上涨趋势
==============================

===== 趋势分析结果 (2025-06-16 22:51:46) =====
[2025-06-16 22:51:44] BTCUSDT 15m: 当前价格=107598.90, EMA25=106908.15, EMA60=106525.66, EMA120=106106.79, 趋势=上涨趋势
[2025-06-16 22:51:44] BTCUSDT 1h: 当前价格=107594.30, EMA25=106280.84, EMA60=105901.00, EMA120=106031.00, 趋势=上涨趋势
[2025-06-16 22:51:44] BTCUSDT 4h: 当前价格=107594.20, EMA25=106073.02, EMA60=106198.93, EMA120=105922.47, 趋势=震荡行情
[2025-06-16 22:51:45] BTCUSDT 1d: 当前价格=107600.00, EMA25=105769.00, EMA60=101833.62, EMA120=97368.54, 趋势=上涨趋势
[2025-06-16 22:51:45] ETHUSDT 15m: 当前价格=2643.17, EMA25=2621.02, EMA60=2601.11, EMA120=2579.15, 趋势=上涨趋势
[2025-06-16 22:51:45] ETHUSDT 1h: 当前价格=2643.53, EMA25=2587.63, EMA60=2571.88, EMA120=2583.95, 趋势=上涨趋势
[2025-06-16 22:51:45] ETHUSDT 4h: 当前价格=2643.17, EMA25=2583.76, EMA60=2593.41, EMA120=2571.73, 趋势=震荡行情
[2025-06-16 22:51:46] ETHUSDT 1d: 当前价格=2643.17, EMA25=2557.46, EMA60=2397.95, EMA120=2378.99, 趋势=上涨趋势
==============================

