===== 趋势分析结果 (2025-08-17 00:00:18) =====
[2025-08-17 00:00:16] BTCUSDT 5m: 当前价格=117645.67, EMA25=117612.87, EMA50=%!f(utils.TrendStatus=BU), 趋势=%!s(MISSING)
[2025-08-17 00:00:16] BTCUSDT 15m: 当前价格=117589.60, EMA25=117558.59, EMA50=%!f(utils.TrendStatus=UP), 趋势=%!s(MISSING)
[2025-08-17 00:00:16] BTCUSDT 1h: 当前价格=117674.90, EMA25=118140.14, EMA50=%!f(utils.TrendStatus=DO), 趋势=%!s(MISSING)
[2025-08-17 00:00:17] BTCUSDT 4h: 当前价格=118529.33, EMA25=118383.66, EMA50=%!f(utils.TrendStatus=BU), 趋势=%!s(MISSING)
[2025-08-17 00:00:17] BTCUSDT 1d: 当前价格=117129.31, EMA25=114873.05, EMA50=%!f(utils.TrendStatus=UP), 趋势=%!s(MISSING)
[2025-08-17 00:00:17] BTCUSDT 3d: 当前价格=112879.30, EMA25=106414.40, EMA50=%!f(utils.TrendStatus=UP), 趋势=%!s(MISSING)
[2025-08-17 00:00:17] ETHUSDT 5m: 当前价格=4401.01, EMA25=4403.48, EMA50=%!f(utils.TrendStatus=SE), 趋势=%!s(MISSING)
[2025-08-17 00:00:17] ETHUSDT 15m: 当前价格=4406.67, EMA25=4417.77, EMA50=%!f(utils.TrendStatus=DO), 趋势=%!s(MISSING)
[2025-08-17 00:00:18] ETHUSDT 1h: 当前价格=4440.29, EMA25=4484.83, EMA50=%!f(utils.TrendStatus=DO), 趋势=%!s(MISSING)
[2025-08-17 00:00:18] ETHUSDT 4h: 当前价格=4474.52, EMA25=4360.14, EMA50=%!f(utils.TrendStatus=BU), 趋势=%!s(MISSING)
[2025-08-17 00:00:18] ETHUSDT 1d: 当前价格=3978.58, EMA25=3589.15, EMA50=%!f(utils.TrendStatus=UP), 趋势=%!s(MISSING)
[2025-08-17 00:00:18] ETHUSDT 3d: 当前价格=3368.62, EMA25=2993.65, EMA50=%!f(utils.TrendStatus=UP), 趋势=%!s(MISSING)
==============================

===== 趋势分析结果 (2025-08-17 00:05:18) =====
[2025-08-17 00:05:16] BTCUSDT 5m: 当前价格=117650.91, EMA25=117616.89, EMA50=%!f(utils.TrendStatus=BU), 趋势=%!s(MISSING)
[2025-08-17 00:05:16] BTCUSDT 15m: 当前价格=117593.65, EMA25=117560.66, EMA50=%!f(utils.TrendStatus=UP), 趋势=%!s(MISSING)
[2025-08-17 00:05:16] BTCUSDT 1h: 当前价格=117678.94, EMA25=118142.20, EMA50=%!f(utils.TrendStatus=DO), 趋势=%!s(MISSING)
[2025-08-17 00:05:17] BTCUSDT 4h: 当前价格=118533.38, EMA25=118385.72, EMA50=%!f(utils.TrendStatus=BU), 趋势=%!s(MISSING)
[2025-08-17 00:05:17] BTCUSDT 1d: 当前价格=117133.35, EMA25=114875.11, EMA50=%!f(utils.TrendStatus=UP), 趋势=%!s(MISSING)
[2025-08-17 00:05:17] BTCUSDT 3d: 当前价格=112883.35, EMA25=106416.46, EMA50=%!f(utils.TrendStatus=UP), 趋势=%!s(MISSING)
[2025-08-17 00:05:17] ETHUSDT 5m: 当前价格=4401.46, EMA25=4403.62, EMA50=%!f(utils.TrendStatus=RA), 趋势=%!s(MISSING)
[2025-08-17 00:05:17] ETHUSDT 15m: 当前价格=4406.99, EMA25=4417.93, EMA50=%!f(utils.TrendStatus=DO), 趋势=%!s(MISSING)
[2025-08-17 00:05:18] ETHUSDT 1h: 当前价格=4440.60, EMA25=4484.99, EMA50=%!f(utils.TrendStatus=DO), 趋势=%!s(MISSING)
[2025-08-17 00:05:18] ETHUSDT 4h: 当前价格=4474.84, EMA25=4360.30, EMA50=%!f(utils.TrendStatus=BU), 趋势=%!s(MISSING)
[2025-08-17 00:05:18] ETHUSDT 1d: 当前价格=3978.87, EMA25=3589.30, EMA50=%!f(utils.TrendStatus=UP), 趋势=%!s(MISSING)
[2025-08-17 00:05:18] ETHUSDT 3d: 当前价格=3368.93, EMA25=2993.81, EMA50=%!f(utils.TrendStatus=UP), 趋势=%!s(MISSING)
==============================

===== 趋势分析结果 (2025-08-17 00:10:18) =====
[2025-08-17 00:10:16] BTCUSDT 5m: 当前价格=117655.20, EMA25=117620.43, EMA50=%!f(utils.TrendStatus=BU), 趋势=%!s(MISSING)
[2025-08-17 00:10:16] BTCUSDT 15m: 当前价格=117594.73, EMA25=117561.21, EMA50=%!f(utils.TrendStatus=UP), 趋势=%!s(MISSING)
[2025-08-17 00:10:16] BTCUSDT 1h: 当前价格=117680.03, EMA25=118142.75, EMA50=%!f(utils.TrendStatus=DO), 趋势=%!s(MISSING)
[2025-08-17 00:10:17] BTCUSDT 4h: 当前价格=118534.46, EMA25=118386.28, EMA50=%!f(utils.TrendStatus=BU), 趋势=%!s(MISSING)
[2025-08-17 00:10:17] BTCUSDT 1d: 当前价格=117134.44, EMA25=114875.67, EMA50=%!f(utils.TrendStatus=UP), 趋势=%!s(MISSING)
[2025-08-17 00:10:17] BTCUSDT 3d: 当前价格=112884.43, EMA25=106417.01, EMA50=%!f(utils.TrendStatus=UP), 趋势=%!s(MISSING)
[2025-08-17 00:10:17] ETHUSDT 5m: 当前价格=4402.22, EMA25=4403.93, EMA50=%!f(utils.TrendStatus=BU), 趋势=%!s(MISSING)
[2025-08-17 00:10:17] ETHUSDT 15m: 当前价格=4407.40, EMA25=4418.14, EMA50=%!f(utils.TrendStatus=DO), 趋势=%!s(MISSING)
[2025-08-17 00:10:18] ETHUSDT 1h: 当前价格=4441.02, EMA25=4485.20, EMA50=%!f(utils.TrendStatus=DO), 趋势=%!s(MISSING)
[2025-08-17 00:10:18] ETHUSDT 4h: 当前价格=4475.25, EMA25=4360.51, EMA50=%!f(utils.TrendStatus=BU), 趋势=%!s(MISSING)
[2025-08-17 00:10:18] ETHUSDT 1d: 当前价格=3979.31, EMA25=3589.53, EMA50=%!f(utils.TrendStatus=UP), 趋势=%!s(MISSING)
[2025-08-17 00:10:18] ETHUSDT 3d: 当前价格=3369.36, EMA25=2994.02, EMA50=%!f(utils.TrendStatus=UP), 趋势=%!s(MISSING)
==============================

===== 趋势分析结果 (2025-08-17 00:15:18) =====
[2025-08-17 00:15:16] BTCUSDT 5m: 当前价格=117663.96, EMA25=117626.31, EMA50=%!f(utils.TrendStatus=BU), 趋势=%!s(MISSING)
[2025-08-17 00:15:16] BTCUSDT 15m: 当前价格=117608.13, EMA25=117569.42, EMA50=%!f(utils.TrendStatus=UP), 趋势=%!s(MISSING)
[2025-08-17 00:15:16] BTCUSDT 1h: 当前价格=117683.04, EMA25=118144.29, EMA50=%!f(utils.TrendStatus=DO), 趋势=%!s(MISSING)
[2025-08-17 00:15:17] BTCUSDT 4h: 当前价格=118537.48, EMA25=118387.81, EMA50=%!f(utils.TrendStatus=BU), 趋势=%!s(MISSING)
[2025-08-17 00:15:17] BTCUSDT 1d: 当前价格=117137.45, EMA25=114877.20, EMA50=%!f(utils.TrendStatus=UP), 趋势=%!s(MISSING)
[2025-08-17 00:15:17] BTCUSDT 3d: 当前价格=112887.44, EMA25=106418.54, EMA50=%!f(utils.TrendStatus=UP), 趋势=%!s(MISSING)
[2025-08-17 00:15:17] ETHUSDT 5m: 当前价格=4402.79, EMA25=4404.16, EMA50=%!f(utils.TrendStatus=BU), 趋势=%!s(MISSING)
[2025-08-17 00:15:17] ETHUSDT 15m: 当前价格=4407.58, EMA25=4417.81, EMA50=%!f(utils.TrendStatus=RA), 趋势=%!s(MISSING)
[2025-08-17 00:15:18] ETHUSDT 1h: 当前价格=4441.03, EMA25=4485.21, EMA50=%!f(utils.TrendStatus=DO), 趋势=%!s(MISSING)
[2025-08-17 00:15:18] ETHUSDT 4h: 当前价格=4475.31, EMA25=4360.54, EMA50=%!f(utils.TrendStatus=BU), 趋势=%!s(MISSING)
[2025-08-17 00:15:18] ETHUSDT 1d: 当前价格=3979.37, EMA25=3589.55, EMA50=%!f(utils.TrendStatus=UP), 趋势=%!s(MISSING)
[2025-08-17 00:15:18] ETHUSDT 3d: 当前价格=3369.41, EMA25=2994.05, EMA50=%!f(utils.TrendStatus=UP), 趋势=%!s(MISSING)
==============================

===== 趋势分析结果 (2025-08-17 00:20:20) =====
[2025-08-17 00:20:16] BTCUSDT 5m: 当前价格=117674.00, EMA25=117632.96, EMA50=%!f(utils.TrendStatus=BU), 趋势=%!s(MISSING)
[2025-08-17 00:20:16] BTCUSDT 15m: 当前价格=117610.60, EMA25=117570.67, EMA50=%!f(utils.TrendStatus=UP), 趋势=%!s(MISSING)
[2025-08-17 00:20:16] BTCUSDT 1h: 当前价格=117685.51, EMA25=118145.54, EMA50=%!f(utils.TrendStatus=DO), 趋势=%!s(MISSING)
[2025-08-17 00:20:17] BTCUSDT 4h: 当前价格=118539.95, EMA25=118389.07, EMA50=%!f(utils.TrendStatus=BU), 趋势=%!s(MISSING)
[2025-08-17 00:20:17] BTCUSDT 1d: 当前价格=117139.92, EMA25=114878.46, EMA50=%!f(utils.TrendStatus=UP), 趋势=%!s(MISSING)
[2025-08-17 00:20:17] BTCUSDT 3d: 当前价格=112889.91, EMA25=106419.80, EMA50=%!f(utils.TrendStatus=UP), 趋势=%!s(MISSING)
[2025-08-17 00:20:17] ETHUSDT 5m: 当前价格=4403.92, EMA25=4404.69, EMA50=%!f(utils.TrendStatus=BU), 趋势=%!s(MISSING)
[2025-08-17 00:20:17] ETHUSDT 15m: 当前价格=4408.04, EMA25=4418.05, EMA50=%!f(utils.TrendStatus=RA), 趋势=%!s(MISSING)
[2025-08-17 00:20:17] ETHUSDT 1h: 当前价格=4441.53, EMA25=4485.46, EMA50=%!f(utils.TrendStatus=DO), 趋势=%!s(MISSING)
[2025-08-17 00:20:18] ETHUSDT 4h: 当前价格=4475.72, EMA25=4360.75, EMA50=%!f(utils.TrendStatus=BU), 趋势=%!s(MISSING)
[2025-08-17 00:20:20] ETHUSDT 1d: 当前价格=3979.85, EMA25=3589.80, EMA50=%!f(utils.TrendStatus=UP), 趋势=%!s(MISSING)
[2025-08-17 00:20:20] ETHUSDT 3d: 当前价格=3369.90, EMA25=2994.30, EMA50=%!f(utils.TrendStatus=UP), 趋势=%!s(MISSING)
==============================

===== 趋势分析结果 (2025-08-17 00:25:18) =====
[2025-08-17 00:25:16] BTCUSDT 5m: 当前价格=117673.39, EMA25=117634.18, EMA50=%!f(utils.TrendStatus=BU), 趋势=%!s(MISSING)
[2025-08-17 00:25:16] BTCUSDT 15m: 当前价格=117606.65, EMA25=117568.66, EMA50=%!f(utils.TrendStatus=UP), 趋势=%!s(MISSING)
[2025-08-17 00:25:16] BTCUSDT 1h: 当前价格=117681.56, EMA25=118143.53, EMA50=%!f(utils.TrendStatus=DO), 趋势=%!s(MISSING)
[2025-08-17 00:25:17] BTCUSDT 4h: 当前价格=118535.99, EMA25=118387.06, EMA50=%!f(utils.TrendStatus=BU), 趋势=%!s(MISSING)
[2025-08-17 00:25:17] BTCUSDT 1d: 当前价格=117135.96, EMA25=114876.44, EMA50=%!f(utils.TrendStatus=UP), 趋势=%!s(MISSING)
[2025-08-17 00:25:17] BTCUSDT 3d: 当前价格=112885.96, EMA25=106417.79, EMA50=%!f(utils.TrendStatus=UP), 趋势=%!s(MISSING)
[2025-08-17 00:25:17] ETHUSDT 5m: 当前价格=4403.16, EMA25=4404.25, EMA50=%!f(utils.TrendStatus=BU), 趋势=%!s(MISSING)
[2025-08-17 00:25:17] ETHUSDT 15m: 当前价格=4407.19, EMA25=4417.62, EMA50=%!f(utils.TrendStatus=RA), 趋势=%!s(MISSING)
[2025-08-17 00:25:17] ETHUSDT 1h: 当前价格=4440.69, EMA25=4485.03, EMA50=%!f(utils.TrendStatus=DO), 趋势=%!s(MISSING)
[2025-08-17 00:25:18] ETHUSDT 4h: 当前价格=4474.92, EMA25=4360.34, EMA50=%!f(utils.TrendStatus=BU), 趋势=%!s(MISSING)
[2025-08-17 00:25:18] ETHUSDT 1d: 当前价格=3978.98, EMA25=3589.36, EMA50=%!f(utils.TrendStatus=UP), 趋势=%!s(MISSING)
[2025-08-17 00:25:18] ETHUSDT 3d: 当前价格=3369.02, EMA25=2993.85, EMA50=%!f(utils.TrendStatus=UP), 趋势=%!s(MISSING)
==============================

===== 趋势分析结果 (2025-08-17 00:30:20) =====
[2025-08-17 00:30:16] BTCUSDT 5m: 当前价格=117684.45, EMA25=117641.42, EMA50=%!f(utils.TrendStatus=BU), 趋势=%!s(MISSING)
[2025-08-17 00:30:16] BTCUSDT 15m: 当前价格=117622.85, EMA25=117578.48, EMA50=%!f(utils.TrendStatus=UP), 趋势=%!s(MISSING)
[2025-08-17 00:30:19] BTCUSDT 1h: 当前价格=117686.24, EMA25=118145.92, EMA50=%!f(utils.TrendStatus=DO), 趋势=%!s(MISSING)
[2025-08-17 00:30:19] BTCUSDT 4h: 当前价格=118540.68, EMA25=118389.44, EMA50=%!f(utils.TrendStatus=BU), 趋势=%!s(MISSING)
[2025-08-17 00:30:19] BTCUSDT 1d: 当前价格=117140.65, EMA25=114878.83, EMA50=%!f(utils.TrendStatus=UP), 趋势=%!s(MISSING)
[2025-08-17 00:30:19] BTCUSDT 3d: 当前价格=112890.65, EMA25=106420.18, EMA50=%!f(utils.TrendStatus=UP), 趋势=%!s(MISSING)
[2025-08-17 00:30:19] ETHUSDT 5m: 当前价格=4403.68, EMA25=4404.48, EMA50=%!f(utils.TrendStatus=BU), 趋势=%!s(MISSING)
[2025-08-17 00:30:19] ETHUSDT 15m: 当前价格=4407.40, EMA25=4417.32, EMA50=%!f(utils.TrendStatus=DO), 趋势=%!s(MISSING)
[2025-08-17 00:30:20] ETHUSDT 1h: 当前价格=4440.95, EMA25=4485.17, EMA50=%!f(utils.TrendStatus=DO), 趋势=%!s(MISSING)
[2025-08-17 00:30:20] ETHUSDT 4h: 当前价格=4475.18, EMA25=4360.48, EMA50=%!f(utils.TrendStatus=BU), 趋势=%!s(MISSING)
[2025-08-17 00:30:20] ETHUSDT 1d: 当前价格=3979.28, EMA25=3589.51, EMA50=%!f(utils.TrendStatus=UP), 趋势=%!s(MISSING)
[2025-08-17 00:30:20] ETHUSDT 3d: 当前价格=3369.29, EMA25=2993.99, EMA50=%!f(utils.TrendStatus=UP), 趋势=%!s(MISSING)
==============================

===== 趋势分析结果 (2025-08-17 00:35:20) =====
[2025-08-17 00:35:16] BTCUSDT 5m: 当前价格=117687.46, EMA25=117644.60, EMA50=%!f(utils.TrendStatus=BU), 趋势=%!s(MISSING)
[2025-08-17 00:35:16] BTCUSDT 15m: 当前价格=117620.81, EMA25=117577.44, EMA50=%!f(utils.TrendStatus=UP), 趋势=%!s(MISSING)
[2025-08-17 00:35:16] BTCUSDT 1h: 当前价格=117683.61, EMA25=118144.58, EMA50=%!f(utils.TrendStatus=DO), 趋势=%!s(MISSING)
[2025-08-17 00:35:17] BTCUSDT 4h: 当前价格=118538.64, EMA25=118388.41, EMA50=%!f(utils.TrendStatus=BU), 趋势=%!s(MISSING)
[2025-08-17 00:35:17] BTCUSDT 1d: 当前价格=117138.61, EMA25=114877.79, EMA50=%!f(utils.TrendStatus=UP), 趋势=%!s(MISSING)
[2025-08-17 00:35:17] BTCUSDT 3d: 当前价格=112888.02, EMA25=106418.84, EMA50=%!f(utils.TrendStatus=UP), 趋势=%!s(MISSING)
[2025-08-17 00:35:17] ETHUSDT 5m: 当前价格=4403.41, EMA25=4404.31, EMA50=%!f(utils.TrendStatus=RA), 趋势=%!s(MISSING)
[2025-08-17 00:35:17] ETHUSDT 15m: 当前价格=4407.17, EMA25=4417.20, EMA50=%!f(utils.TrendStatus=DO), 趋势=%!s(MISSING)
[2025-08-17 00:35:18] ETHUSDT 1h: 当前价格=4440.76, EMA25=4485.07, EMA50=%!f(utils.TrendStatus=DO), 趋势=%!s(MISSING)
[2025-08-17 00:35:18] ETHUSDT 4h: 当前价格=4474.99, EMA25=4360.38, EMA50=%!f(utils.TrendStatus=BU), 趋势=%!s(MISSING)
[2025-08-17 00:35:18] ETHUSDT 1d: 当前价格=3979.05, EMA25=3589.40, EMA50=%!f(utils.TrendStatus=UP), 趋势=%!s(MISSING)
[2025-08-17 00:35:20] ETHUSDT 3d: 当前价格=3369.10, EMA25=2993.89, EMA50=%!f(utils.TrendStatus=UP), 趋势=%!s(MISSING)
==============================

===== 趋势分析结果 (2025-08-17 00:40:18) =====
[2025-08-17 00:40:16] BTCUSDT 5m: 当前价格=117685.53, EMA25=117645.24, EMA50=%!f(utils.TrendStatus=RA), 趋势=%!s(MISSING)
[2025-08-17 00:40:16] BTCUSDT 15m: 当前价格=117617.39, EMA25=117575.69, EMA50=%!f(utils.TrendStatus=UP), 趋势=%!s(MISSING)
[2025-08-17 00:40:16] BTCUSDT 1h: 当前价格=117680.78, EMA25=118143.14, EMA50=%!f(utils.TrendStatus=DO), 趋势=%!s(MISSING)
[2025-08-17 00:40:17] BTCUSDT 4h: 当前价格=118535.22, EMA25=118386.66, EMA50=%!f(utils.TrendStatus=BU), 趋势=%!s(MISSING)
[2025-08-17 00:40:17] BTCUSDT 1d: 当前价格=117135.19, EMA25=114876.05, EMA50=%!f(utils.TrendStatus=UP), 趋势=%!s(MISSING)
[2025-08-17 00:40:17] BTCUSDT 3d: 当前价格=112885.19, EMA25=106417.40, EMA50=%!f(utils.TrendStatus=UP), 趋势=%!s(MISSING)
[2025-08-17 00:40:17] ETHUSDT 5m: 当前价格=4402.51, EMA25=4403.80, EMA50=%!f(utils.TrendStatus=RA), 趋势=%!s(MISSING)
[2025-08-17 00:40:17] ETHUSDT 15m: 当前价格=4406.82, EMA25=4417.02, EMA50=%!f(utils.TrendStatus=DO), 趋势=%!s(MISSING)
[2025-08-17 00:40:17] ETHUSDT 1h: 当前价格=4440.37, EMA25=4484.87, EMA50=%!f(utils.TrendStatus=DO), 趋势=%!s(MISSING)
[2025-08-17 00:40:18] ETHUSDT 4h: 当前价格=4474.65, EMA25=4360.20, EMA50=%!f(utils.TrendStatus=BU), 趋势=%!s(MISSING)
[2025-08-17 00:40:18] ETHUSDT 1d: 当前价格=3978.66, EMA25=3589.19, EMA50=%!f(utils.TrendStatus=UP), 趋势=%!s(MISSING)
[2025-08-17 00:40:18] ETHUSDT 3d: 当前价格=3368.67, EMA25=2993.67, EMA50=%!f(utils.TrendStatus=UP), 趋势=%!s(MISSING)
==============================

===== 趋势分析结果 (2025-08-17 00:45:19) =====
[2025-08-17 00:45:16] BTCUSDT 5m: 当前价格=117686.60, EMA25=117647.36, EMA50=%!f(utils.TrendStatus=RA), 趋势=%!s(MISSING)
[2025-08-17 00:45:16] BTCUSDT 15m: 当前价格=117623.71, EMA25=117580.54, EMA50=%!f(utils.TrendStatus=UP), 趋势=%!s(MISSING)
[2025-08-17 00:45:17] BTCUSDT 1h: 当前价格=117680.71, EMA25=118143.10, EMA50=%!f(utils.TrendStatus=DO), 趋势=%!s(MISSING)
[2025-08-17 00:45:17] BTCUSDT 4h: 当前价格=118535.15, EMA25=118386.63, EMA50=%!f(utils.TrendStatus=BU), 趋势=%!s(MISSING)
[2025-08-17 00:45:18] BTCUSDT 1d: 当前价格=117135.12, EMA25=114876.01, EMA50=%!f(utils.TrendStatus=UP), 趋势=%!s(MISSING)
[2025-08-17 00:45:18] BTCUSDT 3d: 当前价格=112885.12, EMA25=106417.36, EMA50=%!f(utils.TrendStatus=UP), 趋势=%!s(MISSING)
[2025-08-17 00:45:18] ETHUSDT 5m: 当前价格=4402.96, EMA25=4403.99, EMA50=%!f(utils.TrendStatus=RA), 趋势=%!s(MISSING)
[2025-08-17 00:45:18] ETHUSDT 15m: 当前价格=4406.93, EMA25=4416.69, EMA50=%!f(utils.TrendStatus=DO), 趋势=%!s(MISSING)
[2025-08-17 00:45:18] ETHUSDT 1h: 当前价格=4440.79, EMA25=4485.09, EMA50=%!f(utils.TrendStatus=DO), 趋势=%!s(MISSING)
[2025-08-17 00:45:18] ETHUSDT 4h: 当前价格=4475.08, EMA25=4360.43, EMA50=%!f(utils.TrendStatus=BU), 趋势=%!s(MISSING)
[2025-08-17 00:45:19] ETHUSDT 1d: 当前价格=3979.14, EMA25=3589.44, EMA50=%!f(utils.TrendStatus=UP), 趋势=%!s(MISSING)
[2025-08-17 00:45:19] ETHUSDT 3d: 当前价格=3369.12, EMA25=2993.91, EMA50=%!f(utils.TrendStatus=UP), 趋势=%!s(MISSING)
==============================

===== 趋势分析结果 (2025-08-17 00:50:18) =====
[2025-08-17 00:50:16] BTCUSDT 5m: 当前价格=117694.42, EMA25=117652.95, EMA50=%!f(utils.TrendStatus=BU), 趋势=%!s(MISSING)
[2025-08-17 00:50:16] BTCUSDT 15m: 当前价格=117627.13, EMA25=117582.29, EMA50=%!f(utils.TrendStatus=UP), 趋势=%!s(MISSING)
[2025-08-17 00:50:16] BTCUSDT 1h: 当前价格=117684.14, EMA25=118144.85, EMA50=%!f(utils.TrendStatus=DO), 趋势=%!s(MISSING)
[2025-08-17 00:50:17] BTCUSDT 4h: 当前价格=118538.58, EMA25=118388.37, EMA50=%!f(utils.TrendStatus=BU), 趋势=%!s(MISSING)
[2025-08-17 00:50:17] BTCUSDT 1d: 当前价格=117138.55, EMA25=114877.76, EMA50=%!f(utils.TrendStatus=UP), 趋势=%!s(MISSING)
[2025-08-17 00:50:17] BTCUSDT 3d: 当前价格=112888.55, EMA25=106419.11, EMA50=%!f(utils.TrendStatus=UP), 趋势=%!s(MISSING)
[2025-08-17 00:50:17] ETHUSDT 5m: 当前价格=4403.45, EMA25=4404.20, EMA50=%!f(utils.TrendStatus=BU), 趋势=%!s(MISSING)
[2025-08-17 00:50:17] ETHUSDT 15m: 当前价格=4407.08, EMA25=4416.76, EMA50=%!f(utils.TrendStatus=DO), 趋势=%!s(MISSING)
[2025-08-17 00:50:18] ETHUSDT 1h: 当前价格=4441.00, EMA25=4485.19, EMA50=%!f(utils.TrendStatus=DO), 趋势=%!s(MISSING)
[2025-08-17 00:50:18] ETHUSDT 4h: 当前价格=4475.27, EMA25=4360.52, EMA50=%!f(utils.TrendStatus=BU), 趋势=%!s(MISSING)
[2025-08-17 00:50:18] ETHUSDT 1d: 当前价格=3979.29, EMA25=3589.52, EMA50=%!f(utils.TrendStatus=UP), 趋势=%!s(MISSING)
[2025-08-17 00:50:18] ETHUSDT 3d: 当前价格=3369.34, EMA25=2994.01, EMA50=%!f(utils.TrendStatus=UP), 趋势=%!s(MISSING)
==============================

===== 趋势分析结果 (2025-08-17 00:58:11) =====
[2025-08-17 00:58:09] BTCUSDT 5m: 当前价格=117692.67, EMA25=117653.63, EMA50=%!f(utils.TrendStatus=RA), 趋势=%!s(MISSING)
[2025-08-17 00:58:09] BTCUSDT 15m: 当前价格=117623.95, EMA25=117580.67, EMA50=%!f(utils.TrendStatus=UP), 趋势=%!s(MISSING)
[2025-08-17 00:58:09] BTCUSDT 1h: 当前价格=117680.97, EMA25=118143.23, EMA50=%!f(utils.TrendStatus=DO), 趋势=%!s(MISSING)
[2025-08-17 00:58:10] BTCUSDT 4h: 当前价格=118535.40, EMA25=118386.75, EMA50=%!f(utils.TrendStatus=BU), 趋势=%!s(MISSING)
[2025-08-17 00:58:10] BTCUSDT 1d: 当前价格=117135.38, EMA25=114876.14, EMA50=%!f(utils.TrendStatus=UP), 趋势=%!s(MISSING)
[2025-08-17 00:58:10] BTCUSDT 3d: 当前价格=112885.37, EMA25=106417.49, EMA50=%!f(utils.TrendStatus=UP), 趋势=%!s(MISSING)
[2025-08-17 00:58:10] ETHUSDT 5m: 当前价格=4403.72, EMA25=4404.31, EMA50=%!f(utils.TrendStatus=BU), 趋势=%!s(MISSING)
[2025-08-17 00:58:10] ETHUSDT 15m: 当前价格=4407.17, EMA25=4416.81, EMA50=%!f(utils.TrendStatus=DO), 趋势=%!s(MISSING)
[2025-08-17 00:58:11] ETHUSDT 1h: 当前价格=4441.10, EMA25=4485.24, EMA50=%!f(utils.TrendStatus=DO), 趋势=%!s(MISSING)
[2025-08-17 00:58:11] ETHUSDT 4h: 当前价格=4475.33, EMA25=4360.55, EMA50=%!f(utils.TrendStatus=BU), 趋势=%!s(MISSING)
[2025-08-17 00:58:11] ETHUSDT 1d: 当前价格=3979.39, EMA25=3589.57, EMA50=%!f(utils.TrendStatus=UP), 趋势=%!s(MISSING)
[2025-08-17 00:58:11] ETHUSDT 3d: 当前价格=3369.43, EMA25=2994.06, EMA50=%!f(utils.TrendStatus=UP), 趋势=%!s(MISSING)
==============================

===== 趋势分析结果 (2025-08-17 01:00:09) =====
[2025-08-17 01:00:07] BTCUSDT 5m: 当前价格=117693.70, EMA25=117655.68, EMA50=%!f(utils.TrendStatus=RA), 趋势=%!s(MISSING)
[2025-08-17 01:00:07] BTCUSDT 15m: 当前价格=117623.96, EMA25=117580.67, EMA50=%!f(utils.TrendStatus=UP), 趋势=%!s(MISSING)
[2025-08-17 01:00:07] BTCUSDT 1h: 当前价格=117682.89, EMA25=118126.08, EMA50=%!f(utils.TrendStatus=DO), 趋势=%!s(MISSING)
[2025-08-17 01:00:07] BTCUSDT 4h: 当前价格=118535.40, EMA25=118386.75, EMA50=%!f(utils.TrendStatus=BU), 趋势=%!s(MISSING)
[2025-08-17 01:00:07] BTCUSDT 1d: 当前价格=117135.38, EMA25=114876.14, EMA50=%!f(utils.TrendStatus=UP), 趋势=%!s(MISSING)
[2025-08-17 01:00:08] BTCUSDT 3d: 当前价格=112885.37, EMA25=106417.49, EMA50=%!f(utils.TrendStatus=UP), 趋势=%!s(MISSING)
[2025-08-17 01:00:08] ETHUSDT 5m: 当前价格=4403.67, EMA25=4404.26, EMA50=%!f(utils.TrendStatus=BU), 趋势=%!s(MISSING)
[2025-08-17 01:00:08] ETHUSDT 15m: 当前价格=4406.88, EMA25=4416.28, EMA50=%!f(utils.TrendStatus=DO), 趋势=%!s(MISSING)
[2025-08-17 01:00:08] ETHUSDT 1h: 当前价格=4438.17, EMA25=4482.02, EMA50=%!f(utils.TrendStatus=DO), 趋势=%!s(MISSING)
[2025-08-17 01:00:08] ETHUSDT 4h: 当前价格=4475.12, EMA25=4360.44, EMA50=%!f(utils.TrendStatus=BU), 趋势=%!s(MISSING)
[2025-08-17 01:00:09] ETHUSDT 1d: 当前价格=3979.12, EMA25=3589.43, EMA50=%!f(utils.TrendStatus=UP), 趋势=%!s(MISSING)
[2025-08-17 01:00:09] ETHUSDT 3d: 当前价格=3369.20, EMA25=2993.94, EMA50=%!f(utils.TrendStatus=UP), 趋势=%!s(MISSING)
==============================

===== 趋势分析结果 (2025-08-17 01:01:17) =====
[2025-08-17 01:01:15] BTCUSDT 5m: 当前价格=117693.70, EMA25=117655.68, EMA50=%!f(utils.TrendStatus=RA), 趋势=%!s(MISSING)
[2025-08-17 01:01:15] BTCUSDT 15m: 当前价格=117630.26, EMA25=117585.58, EMA50=%!f(utils.TrendStatus=UP), 趋势=%!s(MISSING)
[2025-08-17 01:01:15] BTCUSDT 1h: 当前价格=117682.89, EMA25=118126.08, EMA50=%!f(utils.TrendStatus=RA), 趋势=%!s(MISSING)
[2025-08-17 01:01:15] BTCUSDT 4h: 当前价格=118535.40, EMA25=118386.75, EMA50=%!f(utils.TrendStatus=BU), 趋势=%!s(MISSING)
[2025-08-17 01:01:15] BTCUSDT 1d: 当前价格=117135.38, EMA25=114876.14, EMA50=%!f(utils.TrendStatus=UP), 趋势=%!s(MISSING)
[2025-08-17 01:01:16] BTCUSDT 3d: 当前价格=112885.37, EMA25=106417.49, EMA50=%!f(utils.TrendStatus=UP), 趋势=%!s(MISSING)
[2025-08-17 01:01:16] ETHUSDT 5m: 当前价格=4403.79, EMA25=4404.32, EMA50=%!f(utils.TrendStatus=BU), 趋势=%!s(MISSING)
[2025-08-17 01:01:16] ETHUSDT 15m: 当前价格=4406.95, EMA25=4416.31, EMA50=%!f(utils.TrendStatus=DO), 趋势=%!s(MISSING)
[2025-08-17 01:01:16] ETHUSDT 1h: 当前价格=4438.26, EMA25=4482.06, EMA50=%!f(utils.TrendStatus=DO), 趋势=%!s(MISSING)
[2025-08-17 01:01:16] ETHUSDT 4h: 当前价格=4475.19, EMA25=4360.48, EMA50=%!f(utils.TrendStatus=BU), 趋势=%!s(MISSING)
[2025-08-17 01:01:16] ETHUSDT 1d: 当前价格=3979.28, EMA25=3589.51, EMA50=%!f(utils.TrendStatus=UP), 趋势=%!s(MISSING)
[2025-08-17 01:01:17] ETHUSDT 3d: 当前价格=3369.32, EMA25=2994.01, EMA50=%!f(utils.TrendStatus=UP), 趋势=%!s(MISSING)
==============================

===== 趋势分析结果 (2025-08-17 01:05:09) =====
[2025-08-17 01:05:07] BTCUSDT 5m: 当前价格=117693.24, EMA25=117655.45, EMA50=%!f(utils.TrendStatus=RA), 趋势=%!s(MISSING)
[2025-08-17 01:05:07] BTCUSDT 15m: 当前价格=117629.81, EMA25=117585.35, EMA50=%!f(utils.TrendStatus=UP), 趋势=%!s(MISSING)
[2025-08-17 01:05:07] BTCUSDT 1h: 当前价格=117682.45, EMA25=118125.86, EMA50=%!f(utils.TrendStatus=RA), 趋势=%!s(MISSING)
[2025-08-17 01:05:07] BTCUSDT 4h: 当前价格=118534.95, EMA25=118386.52, EMA50=%!f(utils.TrendStatus=BU), 趋势=%!s(MISSING)
[2025-08-17 01:05:07] BTCUSDT 1d: 当前价格=117134.92, EMA25=114875.91, EMA50=%!f(utils.TrendStatus=UP), 趋势=%!s(MISSING)
[2025-08-17 01:05:08] BTCUSDT 3d: 当前价格=112884.92, EMA25=106417.26, EMA50=%!f(utils.TrendStatus=UP), 趋势=%!s(MISSING)
[2025-08-17 01:05:08] ETHUSDT 5m: 当前价格=4403.48, EMA25=4404.14, EMA50=%!f(utils.TrendStatus=RA), 趋势=%!s(MISSING)
[2025-08-17 01:05:08] ETHUSDT 15m: 当前价格=4406.68, EMA25=4416.18, EMA50=%!f(utils.TrendStatus=DO), 趋势=%!s(MISSING)
[2025-08-17 01:05:08] ETHUSDT 1h: 当前价格=4437.99, EMA25=4481.92, EMA50=%!f(utils.TrendStatus=DO), 趋势=%!s(MISSING)
[2025-08-17 01:05:08] ETHUSDT 4h: 当前价格=4474.92, EMA25=4360.34, EMA50=%!f(utils.TrendStatus=BU), 趋势=%!s(MISSING)
[2025-08-17 01:05:09] ETHUSDT 1d: 当前价格=3978.98, EMA25=3589.36, EMA50=%!f(utils.TrendStatus=UP), 趋势=%!s(MISSING)
[2025-08-17 01:05:09] ETHUSDT 3d: 当前价格=3369.02, EMA25=2993.85, EMA50=%!f(utils.TrendStatus=UP), 趋势=%!s(MISSING)
==============================

