===== 趋势分析结果 (2025-06-19 08:45:57) =====
[2025-06-19 08:45:56] BTCUSDT 15m: 当前价格=105104.70, EMA25=104700.18, EMA60=104630.21, EMA120=104808.11, 趋势=震荡行情
[2025-06-19 08:45:56] BTCUSDT 1h: 当前价格=105104.70, EMA25=104734.88, EMA60=105170.85, EMA120=105564.44, 趋势=震荡行情
[2025-06-19 08:45:56] BTCUSDT 4h: 当前价格=105104.70, EMA25=105430.37, EMA60=105849.72, EMA120=105800.13, 趋势=下跌趋势
[2025-06-19 08:45:56] BTCUSDT 1d: 当前价格=105104.70, EMA25=105517.35, EMA60=102092.79, EMA120=97719.12, 趋势=震荡行情
[2025-06-19 08:45:57] ETHUSDT 15m: 当前价格=2536.83, EMA25=2519.24, EMA60=2514.59, EMA120=2519.92, 趋势=震荡行情
[2025-06-19 08:45:57] ETHUSDT 1h: 当前价格=2536.83, EMA25=2517.46, EMA60=2533.52, EMA120=2553.40, 趋势=震荡行情
[2025-06-19 08:45:57] ETHUSDT 4h: 当前价格=2536.83, EMA25=2547.04, EMA60=2570.74, EMA120=2564.15, 趋势=下跌趋势
[2025-06-19 08:45:57] ETHUSDT 1d: 当前价格=2536.83, EMA25=2544.23, EMA60=2406.93, EMA120=2384.48, 趋势=震荡行情
==============================

===== 趋势分析结果 (2025-06-19 09:01:00) =====
[2025-06-19 09:00:58] BTCUSDT 15m: 当前价格=104890.50, EMA25=104700.28, EMA60=104632.25, EMA120=104806.13, 趋势=震荡行情
[2025-06-19 09:00:58] BTCUSDT 1h: 当前价格=104890.50, EMA25=104732.31, EMA60=105155.16, EMA120=105549.92, 趋势=震荡行情
[2025-06-19 09:00:58] BTCUSDT 4h: 当前价格=104890.50, EMA25=105413.89, EMA60=105842.70, EMA120=105796.59, 趋势=下跌趋势
[2025-06-19 09:00:58] BTCUSDT 1d: 当前价格=104890.50, EMA25=105500.88, EMA60=102085.77, EMA120=97715.58, 趋势=震荡行情
[2025-06-19 09:00:59] ETHUSDT 15m: 当前价格=2527.13, EMA25=2519.25, EMA60=2514.73, EMA120=2519.90, 趋势=震荡行情
[2025-06-19 09:00:59] ETHUSDT 1h: 当前价格=2527.13, EMA25=2517.60, EMA60=2533.04, EMA120=2552.83, 趋势=震荡行情
[2025-06-19 09:00:59] ETHUSDT 4h: 当前价格=2527.13, EMA25=2546.29, EMA60=2570.42, EMA120=2563.99, 趋势=下跌趋势
[2025-06-19 09:01:00] ETHUSDT 1d: 当前价格=2527.13, EMA25=2543.48, EMA60=2406.61, EMA120=2384.31, 趋势=震荡行情
==============================

===== 趋势分析结果 (2025-06-19 09:16:00) =====
[2025-06-19 09:15:58] BTCUSDT 15m: 当前价格=104521.00, EMA25=104658.24, EMA60=104615.99, EMA120=104794.94, 趋势=下跌趋势
[2025-06-19 09:15:58] BTCUSDT 1h: 当前价格=104511.00, EMA25=104703.12, EMA60=105142.72, EMA120=105543.65, 趋势=下跌趋势
[2025-06-19 09:15:58] BTCUSDT 4h: 当前价格=104519.90, EMA25=105385.39, EMA60=105830.55, EMA120=105790.46, 趋势=下跌趋势
[2025-06-19 09:15:59] BTCUSDT 1d: 当前价格=104528.20, EMA25=105473.01, EMA60=102073.89, EMA120=97709.59, 趋势=震荡行情
[2025-06-19 09:15:59] ETHUSDT 15m: 当前价格=2513.27, EMA25=2517.80, EMA60=2514.24, EMA120=2519.56, 趋势=下跌趋势
[2025-06-19 09:15:59] ETHUSDT 1h: 当前价格=2513.94, EMA25=2516.59, EMA60=2532.61, EMA120=2552.61, 趋势=下跌趋势
[2025-06-19 09:15:59] ETHUSDT 4h: 当前价格=2513.94, EMA25=2545.28, EMA60=2569.99, EMA120=2563.78, 趋势=下跌趋势
[2025-06-19 09:16:00] ETHUSDT 1d: 当前价格=2513.27, EMA25=2542.42, EMA60=2406.15, EMA120=2384.09, 趋势=震荡行情
==============================

===== 趋势分析结果 (2025-06-19 09:31:02) =====
[2025-06-19 09:30:58] BTCUSDT 15m: 当前价格=104707.10, EMA25=104677.43, EMA60=104625.87, EMA120=104797.02, 趋势=震荡行情
[2025-06-19 09:30:58] BTCUSDT 1h: 当前价格=104707.10, EMA25=104718.20, EMA60=105149.15, EMA120=105546.89, 趋势=下跌趋势
[2025-06-19 09:31:00] BTCUSDT 4h: 当前价格=104719.70, EMA25=105400.76, EMA60=105837.10, EMA120=105793.76, 趋势=下跌趋势
[2025-06-19 09:31:01] BTCUSDT 1d: 当前价格=104719.70, EMA25=105487.74, EMA60=102080.17, EMA120=97712.76, 趋势=震荡行情
[2025-06-19 09:31:01] ETHUSDT 15m: 当前价格=2520.15, EMA25=2518.49, EMA60=2514.66, EMA120=2519.69, 趋势=震荡行情
[2025-06-19 09:31:01] ETHUSDT 1h: 当前价格=2520.14, EMA25=2517.06, EMA60=2532.81, EMA120=2552.71, 趋势=震荡行情
[2025-06-19 09:31:01] ETHUSDT 4h: 当前价格=2520.15, EMA25=2545.76, EMA60=2570.19, EMA120=2563.88, 趋势=下跌趋势
[2025-06-19 09:31:02] ETHUSDT 1d: 当前价格=2520.15, EMA25=2542.95, EMA60=2406.38, EMA120=2384.20, 趋势=震荡行情
==============================

===== 趋势分析结果 (2025-06-19 09:46:00) =====
[2025-06-19 09:45:58] BTCUSDT 15m: 当前价格=104565.60, EMA25=104655.09, EMA60=104617.76, EMA120=104790.04, 趋势=下跌趋势
[2025-06-19 09:45:58] BTCUSDT 1h: 当前价格=104565.70, EMA25=104707.33, EMA60=105144.51, EMA120=105544.55, 趋势=下跌趋势
[2025-06-19 09:45:58] BTCUSDT 4h: 当前价格=104565.70, EMA25=105388.91, EMA60=105832.05, EMA120=105791.22, 趋势=下跌趋势
[2025-06-19 09:45:59] BTCUSDT 1d: 当前价格=104565.60, EMA25=105475.88, EMA60=102075.12, EMA120=97710.21, 趋势=震荡行情
[2025-06-19 09:45:59] ETHUSDT 15m: 当前价格=2514.74, EMA25=2517.70, EMA60=2514.44, EMA120=2519.49, 趋势=下跌趋势
[2025-06-19 09:45:59] ETHUSDT 1h: 当前价格=2514.74, EMA25=2516.65, EMA60=2532.64, EMA120=2552.62, 趋势=下跌趋势
[2025-06-19 09:45:59] ETHUSDT 4h: 当前价格=2515.04, EMA25=2545.36, EMA60=2570.02, EMA120=2563.79, 趋势=下跌趋势
[2025-06-19 09:46:00] ETHUSDT 1d: 当前价格=2514.52, EMA25=2542.51, EMA60=2406.19, EMA120=2384.11, 趋势=震荡行情
==============================

===== 趋势分析结果 (2025-06-19 10:01:00) =====
[2025-06-19 10:00:58] BTCUSDT 15m: 当前价格=104574.50, EMA25=104648.34, EMA60=104616.09, EMA120=104786.34, 趋势=下跌趋势
[2025-06-19 10:00:58] BTCUSDT 1h: 当前价格=104574.50, EMA25=104696.55, EMA60=105125.57, EMA120=105528.35, 趋势=下跌趋势
[2025-06-19 10:00:58] BTCUSDT 4h: 当前价格=104574.50, EMA25=105389.59, EMA60=105832.34, EMA120=105791.36, 趋势=下跌趋势
[2025-06-19 10:00:58] BTCUSDT 1d: 当前价格=104574.50, EMA25=105476.57, EMA60=102075.41, EMA120=97710.36, 趋势=震荡行情
[2025-06-19 10:00:59] ETHUSDT 15m: 当前价格=2514.17, EMA25=2517.34, EMA60=2514.40, EMA120=2519.39, 趋势=下跌趋势
[2025-06-19 10:00:59] ETHUSDT 1h: 当前价格=2514.19, EMA25=2516.38, EMA60=2532.00, EMA120=2551.96, 趋势=下跌趋势
[2025-06-19 10:00:59] ETHUSDT 4h: 当前价格=2514.17, EMA25=2545.30, EMA60=2570.00, EMA120=2563.78, 趋势=下跌趋势
[2025-06-19 10:01:00] ETHUSDT 1d: 当前价格=2514.18, EMA25=2542.49, EMA60=2406.18, EMA120=2384.10, 趋势=震荡行情
==============================

===== 趋势分析结果 (2025-06-19 10:16:00) =====
[2025-06-19 10:15:58] BTCUSDT 15m: 当前价格=104468.30, EMA25=104632.04, EMA60=104610.16, EMA120=104780.51, 趋势=下跌趋势
[2025-06-19 10:15:59] BTCUSDT 1h: 当前价格=104468.30, EMA25=104688.38, EMA60=105122.09, EMA120=105526.59, 趋势=下跌趋势
[2025-06-19 10:15:59] BTCUSDT 4h: 当前价格=104468.30, EMA25=105381.42, EMA60=105828.85, EMA120=105789.61, 趋势=下跌趋势
[2025-06-19 10:15:59] BTCUSDT 1d: 当前价格=104468.30, EMA25=105468.40, EMA60=102071.93, EMA120=97708.60, 趋势=震荡行情
[2025-06-19 10:15:59] ETHUSDT 15m: 当前价格=2508.32, EMA25=2516.42, EMA60=2514.09, EMA120=2519.15, 趋势=下跌趋势
[2025-06-19 10:16:00] ETHUSDT 1h: 当前价格=2508.32, EMA25=2515.93, EMA60=2531.80, EMA120=2551.87, 趋势=下跌趋势
[2025-06-19 10:16:00] ETHUSDT 4h: 当前价格=2508.32, EMA25=2544.85, EMA60=2569.80, EMA120=2563.68, 趋势=下跌趋势
[2025-06-19 10:16:00] ETHUSDT 1d: 当前价格=2508.54, EMA25=2542.05, EMA60=2406.00, EMA120=2384.01, 趋势=震荡行情
==============================

===== 趋势分析结果 (2025-06-19 10:31:00) =====
[2025-06-19 10:30:58] BTCUSDT 15m: 当前价格=104647.20, EMA25=104645.95, EMA60=104617.06, EMA120=104781.21, 趋势=震荡行情
[2025-06-19 10:30:58] BTCUSDT 1h: 当前价格=104647.20, EMA25=104702.14, EMA60=105127.96, EMA120=105529.55, 趋势=下跌趋势
[2025-06-19 10:30:58] BTCUSDT 4h: 当前价格=104647.20, EMA25=105395.18, EMA60=105834.72, EMA120=105792.56, 趋势=下跌趋势
[2025-06-19 10:30:59] BTCUSDT 1d: 当前价格=104647.20, EMA25=105482.16, EMA60=102077.79, EMA120=97711.56, 趋势=震荡行情
[2025-06-19 10:30:59] ETHUSDT 15m: 当前价格=2512.88, EMA25=2516.48, EMA60=2514.20, EMA120=2519.12, 趋势=下跌趋势
[2025-06-19 10:30:59] ETHUSDT 1h: 当前价格=2512.89, EMA25=2516.28, EMA60=2531.95, EMA120=2551.94, 趋势=下跌趋势
[2025-06-19 10:30:59] ETHUSDT 4h: 当前价格=2512.88, EMA25=2545.20, EMA60=2569.95, EMA120=2563.76, 趋势=下跌趋势
[2025-06-19 10:31:00] ETHUSDT 1d: 当前价格=2512.89, EMA25=2542.39, EMA60=2406.14, EMA120=2384.08, 趋势=震荡行情
==============================

===== 趋势分析结果 (2025-06-19 10:46:00) =====
[2025-06-19 10:45:58] BTCUSDT 15m: 当前价格=104941.10, EMA25=104689.44, EMA60=104636.97, EMA120=104788.60, 趋势=震荡行情
[2025-06-19 10:45:58] BTCUSDT 1h: 当前价格=104941.10, EMA25=104724.75, EMA60=105137.59, EMA120=105534.41, 趋势=震荡行情
[2025-06-19 10:45:58] BTCUSDT 4h: 当前价格=104941.00, EMA25=105417.78, EMA60=105844.35, EMA120=105797.42, 趋势=下跌趋势
[2025-06-19 10:45:59] BTCUSDT 1d: 当前价格=104941.10, EMA25=105504.77, EMA60=102087.43, EMA120=97716.42, 趋势=震荡行情
[2025-06-19 10:45:59] ETHUSDT 15m: 当前价格=2524.60, EMA25=2517.93, EMA60=2514.91, EMA120=2519.40, 趋势=震荡行情
[2025-06-19 10:45:59] ETHUSDT 1h: 当前价格=2524.59, EMA25=2517.18, EMA60=2532.34, EMA120=2552.14, 趋势=震荡行情
[2025-06-19 10:46:00] ETHUSDT 4h: 当前价格=2524.82, EMA25=2546.12, EMA60=2570.35, EMA120=2563.96, 趋势=下跌趋势
[2025-06-19 10:46:00] ETHUSDT 1d: 当前价格=2524.60, EMA25=2543.29, EMA60=2406.52, EMA120=2384.27, 趋势=震荡行情
==============================

===== 趋势分析结果 (2025-06-19 11:01:00) =====
[2025-06-19 11:00:58] BTCUSDT 15m: 当前价格=104708.10, EMA25=104671.49, EMA60=104630.64, EMA120=104782.82, 趋势=震荡行情
[2025-06-19 11:00:58] BTCUSDT 1h: 当前价格=104708.10, EMA25=104704.08, EMA60=105114.85, EMA120=105516.26, 趋势=震荡行情
[2025-06-19 11:00:58] BTCUSDT 4h: 当前价格=104708.10, EMA25=105399.86, EMA60=105836.72, EMA120=105793.57, 趋势=下跌趋势
[2025-06-19 11:00:59] BTCUSDT 1d: 当前价格=104708.10, EMA25=105486.84, EMA60=102079.79, EMA120=97712.56, 趋势=震荡行情
[2025-06-19 11:00:59] ETHUSDT 15m: 当前价格=2514.37, EMA25=2516.85, EMA60=2514.53, EMA120=2519.13, 趋势=下跌趋势
[2025-06-19 11:00:59] ETHUSDT 1h: 当前价格=2514.36, EMA25=2516.16, EMA60=2531.39, EMA120=2551.32, 趋势=下跌趋势
[2025-06-19 11:00:59] ETHUSDT 4h: 当前价格=2514.36, EMA25=2545.31, EMA60=2570.00, EMA120=2563.78, 趋势=下跌趋势
[2025-06-19 11:01:00] ETHUSDT 1d: 当前价格=2514.25, EMA25=2542.49, EMA60=2406.19, EMA120=2384.10, 趋势=震荡行情
==============================

===== 趋势分析结果 (2025-06-19 11:16:00) =====
[2025-06-19 11:15:58] BTCUSDT 15m: 当前价格=104826.00, EMA25=104688.46, EMA60=104639.32, EMA120=104784.69, 趋势=震荡行情
[2025-06-19 11:15:58] BTCUSDT 1h: 当前价格=104826.10, EMA25=104713.15, EMA60=105118.72, EMA120=105518.21, 趋势=震荡行情
[2025-06-19 11:15:58] BTCUSDT 4h: 当前价格=104826.00, EMA25=105408.93, EMA60=105840.58, EMA120=105795.52, 趋势=下跌趋势
[2025-06-19 11:15:59] BTCUSDT 1d: 当前价格=104826.00, EMA25=105495.91, EMA60=102083.65, EMA120=97714.51, 趋势=震荡行情
[2025-06-19 11:15:59] ETHUSDT 15m: 当前价格=2518.48, EMA25=2517.16, EMA60=2514.74, EMA120=2519.16, 趋势=震荡行情
[2025-06-19 11:15:59] ETHUSDT 1h: 当前价格=2518.59, EMA25=2516.48, EMA60=2531.53, EMA120=2551.39, 趋势=震荡行情
[2025-06-19 11:15:59] ETHUSDT 4h: 当前价格=2518.59, EMA25=2545.64, EMA60=2570.14, EMA120=2563.85, 趋势=下跌趋势
[2025-06-19 11:16:00] ETHUSDT 1d: 当前价格=2518.58, EMA25=2542.83, EMA60=2406.33, EMA120=2384.17, 趋势=震荡行情
==============================

===== 趋势分析结果 (2025-06-19 11:31:00) =====
[2025-06-19 11:30:58] BTCUSDT 15m: 当前价格=104915.10, EMA25=104713.91, EMA60=104651.94, EMA120=104788.66, 趋势=震荡行情
[2025-06-19 11:30:58] BTCUSDT 1h: 当前价格=104915.00, EMA25=104719.99, EMA60=105121.63, EMA120=105519.68, 趋势=震荡行情
[2025-06-19 11:30:58] BTCUSDT 4h: 当前价格=104911.00, EMA25=105415.47, EMA60=105843.37, EMA120=105796.92, 趋势=下跌趋势
[2025-06-19 11:30:59] BTCUSDT 1d: 当前价格=104911.00, EMA25=105502.45, EMA60=102086.44, EMA120=97715.92, 趋势=震荡行情
[2025-06-19 11:30:59] ETHUSDT 15m: 当前价格=2521.02, EMA25=2517.73, EMA60=2515.07, EMA120=2519.26, 趋势=震荡行情
[2025-06-19 11:30:59] ETHUSDT 1h: 当前价格=2521.02, EMA25=2516.67, EMA60=2531.61, EMA120=2551.43, 趋势=震荡行情
[2025-06-19 11:30:59] ETHUSDT 4h: 当前价格=2520.56, EMA25=2545.79, EMA60=2570.21, EMA120=2563.88, 趋势=下跌趋势
[2025-06-19 11:31:00] ETHUSDT 1d: 当前价格=2521.02, EMA25=2543.01, EMA60=2406.41, EMA120=2384.21, 趋势=震荡行情
==============================

===== 趋势分析结果 (2025-06-19 11:46:00) =====
[2025-06-19 11:45:58] BTCUSDT 15m: 当前价格=104944.20, EMA25=104732.32, EMA60=104661.83, EMA120=104791.38, 趋势=震荡行情
[2025-06-19 11:45:58] BTCUSDT 1h: 当前价格=104944.30, EMA25=104722.24, EMA60=105122.59, EMA120=105520.16, 趋势=震荡行情
[2025-06-19 11:45:58] BTCUSDT 4h: 当前价格=104944.20, EMA25=105418.03, EMA60=105844.46, EMA120=105797.47, 趋势=下跌趋势
[2025-06-19 11:45:59] BTCUSDT 1d: 当前价格=104944.20, EMA25=105505.01, EMA60=102087.53, EMA120=97716.47, 趋势=震荡行情
[2025-06-19 11:45:59] ETHUSDT 15m: 当前价格=2521.22, EMA25=2518.05, EMA60=2515.30, EMA120=2519.30, 趋势=震荡行情
[2025-06-19 11:45:59] ETHUSDT 1h: 当前价格=2521.22, EMA25=2516.69, EMA60=2531.61, EMA120=2551.44, 趋势=震荡行情
[2025-06-19 11:45:59] ETHUSDT 4h: 当前价格=2521.22, EMA25=2545.84, EMA60=2570.23, EMA120=2563.90, 趋势=下跌趋势
[2025-06-19 11:46:00] ETHUSDT 1d: 当前价格=2521.22, EMA25=2543.03, EMA60=2406.41, EMA120=2384.22, 趋势=震荡行情
==============================

===== 趋势分析结果 (2025-06-19 12:01:00) =====
[2025-06-19 12:00:58] BTCUSDT 15m: 当前价格=105059.40, EMA25=104765.30, EMA60=104678.36, EMA120=104797.58, 趋势=震荡行情
[2025-06-19 12:00:58] BTCUSDT 1h: 当前价格=105059.30, EMA25=104755.99, EMA60=105124.01, EMA120=105514.28, 趋势=震荡行情
[2025-06-19 12:00:58] BTCUSDT 4h: 当前价格=105059.30, EMA25=105398.26, EMA60=105822.21, EMA120=105786.98, 趋势=下跌趋势
[2025-06-19 12:00:59] BTCUSDT 1d: 当前价格=105059.30, EMA25=105513.86, EMA60=102091.30, EMA120=97718.37, 趋势=震荡行情
[2025-06-19 12:00:59] ETHUSDT 15m: 当前价格=2524.16, EMA25=2518.74, EMA60=2515.69, EMA120=2519.43, 趋势=震荡行情
[2025-06-19 12:00:59] ETHUSDT 1h: 当前价格=2523.94, EMA25=2517.47, EMA60=2531.46, EMA120=2551.03, 趋势=震荡行情
[2025-06-19 12:00:59] ETHUSDT 4h: 当前价格=2524.13, EMA25=2544.39, EMA60=2568.82, EMA120=2563.29, 趋势=下跌趋势
[2025-06-19 12:01:00] ETHUSDT 1d: 当前价格=2524.16, EMA25=2543.26, EMA60=2406.51, EMA120=2384.27, 趋势=震荡行情
==============================

===== 趋势分析结果 (2025-06-19 12:16:00) =====
[2025-06-19 12:15:58] BTCUSDT 15m: 当前价格=104981.00, EMA25=104775.51, EMA60=104685.43, EMA120=104799.13, 趋势=震荡行情
[2025-06-19 12:15:58] BTCUSDT 1h: 当前价格=104981.00, EMA25=104749.97, EMA60=105121.44, EMA120=105512.98, 趋势=震荡行情
[2025-06-19 12:15:58] BTCUSDT 4h: 当前价格=104981.00, EMA25=105392.23, EMA60=105819.64, EMA120=105785.69, 趋势=下跌趋势
[2025-06-19 12:15:59] BTCUSDT 1d: 当前价格=104981.00, EMA25=105507.84, EMA60=102088.74, EMA120=97717.08, 趋势=震荡行情
[2025-06-19 12:15:59] ETHUSDT 15m: 当前价格=2522.55, EMA25=2518.88, EMA60=2515.84, EMA120=2519.45, 趋势=震荡行情
[2025-06-19 12:15:59] ETHUSDT 1h: 当前价格=2522.55, EMA25=2517.36, EMA60=2531.42, EMA120=2551.01, 趋势=震荡行情
[2025-06-19 12:16:00] ETHUSDT 4h: 当前价格=2522.55, EMA25=2544.27, EMA60=2568.76, EMA120=2563.26, 趋势=下跌趋势
[2025-06-19 12:16:00] ETHUSDT 1d: 当前价格=2522.55, EMA25=2543.13, EMA60=2406.46, EMA120=2384.24, 趋势=震荡行情
==============================

===== 趋势分析结果 (2025-06-19 12:31:00) =====
[2025-06-19 12:30:58] BTCUSDT 15m: 当前价格=104782.30, EMA25=104763.00, EMA60=104682.79, EMA120=104795.84, 趋势=震荡行情
[2025-06-19 12:30:58] BTCUSDT 1h: 当前价格=104782.40, EMA25=104734.69, EMA60=105114.93, EMA120=105509.70, 趋势=震荡行情
[2025-06-19 12:30:58] BTCUSDT 4h: 当前价格=104782.40, EMA25=105376.96, EMA60=105813.13, EMA120=105782.40, 趋势=下跌趋势
[2025-06-19 12:30:59] BTCUSDT 1d: 当前价格=104782.30, EMA25=105492.55, EMA60=102082.22, EMA120=97713.79, 趋势=震荡行情
[2025-06-19 12:30:59] ETHUSDT 15m: 当前价格=2514.58, EMA25=2518.05, EMA60=2515.58, EMA120=2519.25, 趋势=下跌趋势
[2025-06-19 12:30:59] ETHUSDT 1h: 当前价格=2514.58, EMA25=2516.75, EMA60=2531.15, EMA120=2550.88, 趋势=下跌趋势
[2025-06-19 12:30:59] ETHUSDT 4h: 当前价格=2514.58, EMA25=2543.66, EMA60=2568.50, EMA120=2563.13, 趋势=下跌趋势
[2025-06-19 12:31:00] ETHUSDT 1d: 当前价格=2514.58, EMA25=2542.52, EMA60=2406.20, EMA120=2384.11, 趋势=震荡行情
==============================

===== 趋势分析结果 (2025-06-19 12:46:00) =====
[2025-06-19 12:45:58] BTCUSDT 15m: 当前价格=104884.80, EMA25=104779.13, EMA60=104692.43, EMA120=104798.84, 趋势=震荡行情
[2025-06-19 12:45:58] BTCUSDT 1h: 当前价格=104880.00, EMA25=104742.20, EMA60=105118.13, EMA120=105511.31, 趋势=震荡行情
[2025-06-19 12:45:58] BTCUSDT 4h: 当前价格=104884.80, EMA25=105384.83, EMA60=105816.49, EMA120=105784.10, 趋势=下跌趋势
[2025-06-19 12:45:59] BTCUSDT 1d: 当前价格=104884.80, EMA25=105500.44, EMA60=102085.58, EMA120=97715.49, 趋势=震荡行情
[2025-06-19 12:45:59] ETHUSDT 15m: 当前价格=2519.18, EMA25=2518.40, EMA60=2515.81, EMA120=2519.31, 趋势=震荡行情
[2025-06-19 12:45:59] ETHUSDT 1h: 当前价格=2519.18, EMA25=2517.10, EMA60=2531.31, EMA120=2550.95, 趋势=震荡行情
[2025-06-19 12:45:59] ETHUSDT 4h: 当前价格=2518.87, EMA25=2543.99, EMA60=2568.64, EMA120=2563.20, 趋势=下跌趋势
[2025-06-19 12:46:00] ETHUSDT 1d: 当前价格=2519.18, EMA25=2542.87, EMA60=2406.35, EMA120=2384.18, 趋势=震荡行情
==============================

===== 趋势分析结果 (2025-06-19 13:01:00) =====
[2025-06-19 13:00:58] BTCUSDT 15m: 当前价格=105010.90, EMA25=104807.48, EMA60=104707.57, EMA120=104804.74, 趋势=上涨趋势
[2025-06-19 13:00:58] BTCUSDT 1h: 当前价格=105010.90, EMA25=104773.72, EMA60=105119.46, EMA120=105505.47, 趋势=震荡行情
[2025-06-19 13:00:58] BTCUSDT 4h: 当前价格=105010.90, EMA25=105394.53, EMA60=105820.62, EMA120=105786.18, 趋势=下跌趋势
[2025-06-19 13:00:59] BTCUSDT 1d: 当前价格=105010.90, EMA25=105510.14, EMA60=102089.72, EMA120=97717.57, 趋势=震荡行情
[2025-06-19 13:00:59] ETHUSDT 15m: 当前价格=2521.79, EMA25=2518.94, EMA60=2516.14, EMA120=2519.41, 趋势=震荡行情
[2025-06-19 13:00:59] ETHUSDT 1h: 当前价格=2521.79, EMA25=2517.74, EMA60=2531.12, EMA120=2550.53, 趋势=震荡行情
[2025-06-19 13:00:59] ETHUSDT 4h: 当前价格=2521.60, EMA25=2544.20, EMA60=2568.73, EMA120=2563.24, 趋势=下跌趋势
[2025-06-19 13:01:00] ETHUSDT 1d: 当前价格=2521.60, EMA25=2543.06, EMA60=2406.43, EMA120=2384.22, 趋势=震荡行情
==============================

===== 趋势分析结果 (2025-06-19 13:16:01) =====
[2025-06-19 13:15:58] BTCUSDT 15m: 当前价格=104958.20, EMA25=104818.44, EMA60=104715.51, EMA120=104807.12, 趋势=上涨趋势
[2025-06-19 13:15:58] BTCUSDT 1h: 当前价格=104950.90, EMA25=104769.11, EMA60=105117.50, EMA120=105504.48, 趋势=震荡行情
[2025-06-19 13:15:58] BTCUSDT 4h: 当前价格=104955.30, EMA25=105390.26, EMA60=105818.80, EMA120=105785.26, 趋势=下跌趋势
[2025-06-19 13:15:59] BTCUSDT 1d: 当前价格=104950.90, EMA25=105505.52, EMA60=102087.75, EMA120=97716.58, 趋势=震荡行情
[2025-06-19 13:16:00] ETHUSDT 15m: 当前价格=2522.27, EMA25=2519.28, EMA60=2516.38, EMA120=2519.48, 趋势=震荡行情
[2025-06-19 13:16:00] ETHUSDT 1h: 当前价格=2522.63, EMA25=2517.81, EMA60=2531.15, EMA120=2550.55, 趋势=震荡行情
[2025-06-19 13:16:01] ETHUSDT 4h: 当前价格=2522.27, EMA25=2544.25, EMA60=2568.75, EMA120=2563.26, 趋势=下跌趋势
[2025-06-19 13:16:01] ETHUSDT 1d: 当前价格=2522.27, EMA25=2543.11, EMA60=2406.45, EMA120=2384.23, 趋势=震荡行情
==============================

===== 趋势分析结果 (2025-06-19 13:31:00) =====
[2025-06-19 13:30:58] BTCUSDT 15m: 当前价格=104969.60, EMA25=104833.11, EMA60=104725.19, EMA120=104810.48, 趋势=上涨趋势
[2025-06-19 13:30:58] BTCUSDT 1h: 当前价格=104969.60, EMA25=104770.55, EMA60=105118.11, EMA120=105504.79, 趋势=震荡行情
[2025-06-19 13:30:58] BTCUSDT 4h: 当前价格=104969.60, EMA25=105391.36, EMA60=105819.27, EMA120=105785.50, 趋势=下跌趋势
[2025-06-19 13:30:59] BTCUSDT 1d: 当前价格=104969.60, EMA25=105506.96, EMA60=102088.36, EMA120=97716.89, 趋势=震荡行情
[2025-06-19 13:30:59] ETHUSDT 15m: 当前价格=2526.53, EMA25=2520.24, EMA60=2516.89, EMA120=2519.69, 趋势=上涨趋势
[2025-06-19 13:30:59] ETHUSDT 1h: 当前价格=2526.84, EMA25=2518.13, EMA60=2531.29, EMA120=2550.62, 趋势=震荡行情
[2025-06-19 13:30:59] ETHUSDT 4h: 当前价格=2526.53, EMA25=2544.58, EMA60=2568.89, EMA120=2563.33, 趋势=下跌趋势
[2025-06-19 13:31:00] ETHUSDT 1d: 当前价格=2526.84, EMA25=2543.46, EMA60=2406.60, EMA120=2384.31, 趋势=震荡行情
==============================

===== 趋势分析结果 (2025-06-19 13:46:02) =====
[2025-06-19 13:46:00] BTCUSDT 15m: 当前价格=104950.10, EMA25=104840.71, EMA60=104731.94, EMA120=104812.46, 趋势=上涨趋势
[2025-06-19 13:46:00] BTCUSDT 1h: 当前价格=104950.10, EMA25=104769.05, EMA60=105117.47, EMA120=105504.46, 趋势=震荡行情
[2025-06-19 13:46:00] BTCUSDT 4h: 当前价格=104950.00, EMA25=105389.85, EMA60=105818.63, EMA120=105785.17, 趋势=下跌趋势
[2025-06-19 13:46:01] BTCUSDT 1d: 当前价格=104950.10, EMA25=105505.46, EMA60=102087.72, EMA120=97716.56, 趋势=震荡行情
[2025-06-19 13:46:01] ETHUSDT 15m: 当前价格=2524.88, EMA25=2520.48, EMA60=2517.10, EMA120=2519.75, 趋势=上涨趋势
[2025-06-19 13:46:01] ETHUSDT 1h: 当前价格=2524.88, EMA25=2517.98, EMA60=2531.22, EMA120=2550.58, 趋势=震荡行情
[2025-06-19 13:46:02] ETHUSDT 4h: 当前价格=2524.88, EMA25=2544.45, EMA60=2568.84, EMA120=2563.30, 趋势=下跌趋势
[2025-06-19 13:46:02] ETHUSDT 1d: 当前价格=2524.88, EMA25=2543.31, EMA60=2406.53, EMA120=2384.28, 趋势=震荡行情
==============================

===== 趋势分析结果 (2025-06-19 14:01:00) =====
[2025-06-19 14:00:58] BTCUSDT 15m: 当前价格=104843.10, EMA25=104833.23, EMA60=104732.17, EMA120=104811.21, 趋势=上涨趋势
[2025-06-19 14:00:58] BTCUSDT 1h: 当前价格=104843.10, EMA25=104767.08, EMA60=105105.05, EMA120=105491.72, 趋势=震荡行情
[2025-06-19 14:00:58] BTCUSDT 4h: 当前价格=104843.10, EMA25=105381.63, EMA60=105815.12, EMA120=105783.41, 趋势=下跌趋势
[2025-06-19 14:00:59] BTCUSDT 1d: 当前价格=104843.10, EMA25=105497.23, EMA60=102084.22, EMA120=97714.80, 趋势=震荡行情
[2025-06-19 14:00:59] ETHUSDT 15m: 当前价格=2520.68, EMA25=2520.22, EMA60=2517.09, EMA120=2519.70, 趋势=上涨趋势
[2025-06-19 14:00:59] ETHUSDT 1h: 当前价格=2520.68, EMA25=2517.91, EMA60=2530.75, EMA120=2550.02, 趋势=震荡行情
[2025-06-19 14:00:59] ETHUSDT 4h: 当前价格=2520.68, EMA25=2544.13, EMA60=2568.70, EMA120=2563.23, 趋势=下跌趋势
[2025-06-19 14:01:00] ETHUSDT 1d: 当前价格=2520.68, EMA25=2542.99, EMA60=2406.40, EMA120=2384.21, 趋势=震荡行情
==============================

===== 趋势分析结果 (2025-06-19 14:16:00) =====
[2025-06-19 14:15:58] BTCUSDT 15m: 当前价格=104683.50, EMA25=104811.53, EMA60=104726.02, EMA120=104806.76, 趋势=震荡行情
[2025-06-19 14:15:58] BTCUSDT 1h: 当前价格=104689.60, EMA25=104755.27, EMA60=105100.02, EMA120=105489.18, 趋势=下跌趋势
[2025-06-19 14:15:58] BTCUSDT 4h: 当前价格=104683.60, EMA25=105369.36, EMA60=105809.89, EMA120=105780.77, 趋势=下跌趋势
[2025-06-19 14:15:59] BTCUSDT 1d: 当前价格=104683.60, EMA25=105484.96, EMA60=102078.99, EMA120=97712.16, 趋势=震荡行情
[2025-06-19 14:15:59] ETHUSDT 15m: 当前价格=2518.51, EMA25=2519.93, EMA60=2517.07, EMA120=2519.64, 趋势=震荡行情
[2025-06-19 14:15:59] ETHUSDT 1h: 当前价格=2518.63, EMA25=2517.75, EMA60=2530.68, EMA120=2549.99, 趋势=震荡行情
[2025-06-19 14:15:59] ETHUSDT 4h: 当前价格=2518.51, EMA25=2543.96, EMA60=2568.63, EMA120=2563.19, 趋势=下跌趋势
[2025-06-19 14:16:00] ETHUSDT 1d: 当前价格=2518.51, EMA25=2542.82, EMA60=2406.33, EMA120=2384.17, 趋势=震荡行情
==============================

===== 趋势分析结果 (2025-06-19 14:31:00) =====
[2025-06-19 14:30:58] BTCUSDT 15m: 当前价格=104628.30, EMA25=104790.11, EMA60=104719.55, EMA120=104802.12, 趋势=下跌趋势
[2025-06-19 14:30:58] BTCUSDT 1h: 当前价格=104628.30, EMA25=104750.56, EMA60=105098.01, EMA120=105488.17, 趋势=下跌趋势
[2025-06-19 14:30:58] BTCUSDT 4h: 当前价格=104628.20, EMA25=105365.09, EMA60=105808.08, EMA120=105779.86, 趋势=下跌趋势
[2025-06-19 14:30:58] BTCUSDT 1d: 当前价格=104628.30, EMA25=105480.71, EMA60=102077.17, EMA120=97711.25, 趋势=震荡行情
[2025-06-19 14:30:59] ETHUSDT 15m: 当前价格=2518.00, EMA25=2519.58, EMA60=2517.00, EMA120=2519.57, 趋势=震荡行情
[2025-06-19 14:30:59] ETHUSDT 1h: 当前价格=2518.01, EMA25=2517.70, EMA60=2530.66, EMA120=2549.98, 趋势=震荡行情
[2025-06-19 14:30:59] ETHUSDT 4h: 当前价格=2518.01, EMA25=2543.92, EMA60=2568.61, EMA120=2563.19, 趋势=下跌趋势
[2025-06-19 14:31:00] ETHUSDT 1d: 当前价格=2518.01, EMA25=2542.78, EMA60=2406.31, EMA120=2384.16, 趋势=震荡行情
==============================

===== 趋势分析结果 (2025-06-19 14:46:00) =====
[2025-06-19 14:45:58] BTCUSDT 15m: 当前价格=104677.80, EMA25=104785.74, EMA60=104720.09, EMA120=104801.04, 趋势=下跌趋势
[2025-06-19 14:45:58] BTCUSDT 1h: 当前价格=104677.80, EMA25=104754.37, EMA60=105099.63, EMA120=105488.98, 趋势=下跌趋势
[2025-06-19 14:45:58] BTCUSDT 4h: 当前价格=104677.80, EMA25=105368.91, EMA60=105809.70, EMA120=105780.68, 趋势=下跌趋势
[2025-06-19 14:45:59] BTCUSDT 1d: 当前价格=104677.80, EMA25=105484.51, EMA60=102078.80, EMA120=97712.06, 趋势=震荡行情
[2025-06-19 14:45:59] ETHUSDT 15m: 当前价格=2518.30, EMA25=2519.53, EMA60=2517.07, EMA120=2519.56, 趋势=下跌趋势
[2025-06-19 14:45:59] ETHUSDT 1h: 当前价格=2518.30, EMA25=2517.73, EMA60=2530.67, EMA120=2549.98, 趋势=震荡行情
[2025-06-19 14:45:59] ETHUSDT 4h: 当前价格=2518.30, EMA25=2543.94, EMA60=2568.62, EMA120=2563.19, 趋势=下跌趋势
[2025-06-19 14:46:00] ETHUSDT 1d: 当前价格=2518.30, EMA25=2542.81, EMA60=2406.32, EMA120=2384.17, 趋势=震荡行情
==============================

===== 趋势分析结果 (2025-06-19 15:01:00) =====
[2025-06-19 15:00:58] BTCUSDT 15m: 当前价格=104675.10, EMA25=104775.88, EMA60=104718.01, EMA120=104798.64, 趋势=下跌趋势
[2025-06-19 15:00:58] BTCUSDT 1h: 当前价格=104675.10, EMA25=104746.92, EMA60=105085.11, EMA120=105475.16, 趋势=下跌趋势
[2025-06-19 15:00:58] BTCUSDT 4h: 当前价格=104675.10, EMA25=105368.70, EMA60=105809.61, EMA120=105780.63, 趋势=下跌趋势
[2025-06-19 15:00:59] BTCUSDT 1d: 当前价格=104683.50, EMA25=105484.95, EMA60=102078.98, EMA120=97712.16, 趋势=震荡行情
[2025-06-19 15:00:59] ETHUSDT 15m: 当前价格=2519.46, EMA25=2519.51, EMA60=2517.14, EMA120=2519.55, 趋势=下跌趋势
[2025-06-19 15:00:59] ETHUSDT 1h: 当前价格=2519.46, EMA25=2517.85, EMA60=2530.30, EMA120=2549.47, 趋势=震荡行情
[2025-06-19 15:00:59] ETHUSDT 4h: 当前价格=2519.46, EMA25=2544.03, EMA60=2568.66, EMA120=2563.21, 趋势=下跌趋势
[2025-06-19 15:01:00] ETHUSDT 1d: 当前价格=2519.46, EMA25=2542.89, EMA60=2406.36, EMA120=2384.19, 趋势=震荡行情
==============================

===== 趋势分析结果 (2025-06-19 15:16:00) =====
[2025-06-19 15:15:58] BTCUSDT 15m: 当前价格=104783.10, EMA25=104782.21, EMA60=104722.72, EMA120=104799.71, 趋势=震荡行情
[2025-06-19 15:15:58] BTCUSDT 1h: 当前价格=104783.10, EMA25=104755.23, EMA60=105088.65, EMA120=105476.95, 趋势=震荡行情
[2025-06-19 15:15:59] BTCUSDT 4h: 当前价格=104783.00, EMA25=105377.00, EMA60=105813.15, EMA120=105782.41, 趋势=下跌趋势
[2025-06-19 15:15:59] BTCUSDT 1d: 当前价格=104783.10, EMA25=105492.61, EMA60=102082.25, EMA120=97713.80, 趋势=震荡行情
[2025-06-19 15:15:59] ETHUSDT 15m: 当前价格=2524.10, EMA25=2520.14, EMA60=2517.49, EMA120=2519.69, 趋势=上涨趋势
[2025-06-19 15:16:00] ETHUSDT 1h: 当前价格=2524.42, EMA25=2518.23, EMA60=2530.46, EMA120=2549.56, 趋势=震荡行情
[2025-06-19 15:16:00] ETHUSDT 4h: 当前价格=2523.78, EMA25=2544.36, EMA60=2568.80, EMA120=2563.28, 趋势=下跌趋势
[2025-06-19 15:16:00] ETHUSDT 1d: 当前价格=2524.10, EMA25=2543.25, EMA60=2406.51, EMA120=2384.26, 趋势=震荡行情
==============================

===== 趋势分析结果 (2025-06-19 15:31:00) =====
[2025-06-19 15:30:58] BTCUSDT 15m: 当前价格=104672.70, EMA25=104765.95, EMA60=104717.58, EMA120=104795.81, 趋势=下跌趋势
[2025-06-19 15:30:58] BTCUSDT 1h: 当前价格=104660.30, EMA25=104745.78, EMA60=105084.63, EMA120=105474.92, 趋势=下跌趋势
[2025-06-19 15:30:58] BTCUSDT 4h: 当前价格=104660.30, EMA25=105367.56, EMA60=105809.13, EMA120=105780.39, 趋势=下跌趋势
[2025-06-19 15:30:59] BTCUSDT 1d: 当前价格=104660.30, EMA25=105483.17, EMA60=102078.22, EMA120=97711.77, 趋势=震荡行情
[2025-06-19 15:30:59] ETHUSDT 15m: 当前价格=2520.10, EMA25=2519.76, EMA60=2517.41, EMA120=2519.61, 趋势=上涨趋势
[2025-06-19 15:30:59] ETHUSDT 1h: 当前价格=2520.10, EMA25=2517.90, EMA60=2530.32, EMA120=2549.48, 趋势=震荡行情
[2025-06-19 15:30:59] ETHUSDT 4h: 当前价格=2520.10, EMA25=2544.08, EMA60=2568.68, EMA120=2563.22, 趋势=下跌趋势
[2025-06-19 15:31:00] ETHUSDT 1d: 当前价格=2520.10, EMA25=2542.94, EMA60=2406.38, EMA120=2384.20, 趋势=震荡行情
==============================

===== 趋势分析结果 (2025-06-19 15:46:00) =====
[2025-06-19 15:45:58] BTCUSDT 15m: 当前价格=104696.40, EMA25=104762.28, EMA60=104717.64, EMA120=104794.55, 趋势=下跌趋势
[2025-06-19 15:45:58] BTCUSDT 1h: 当前价格=104696.40, EMA25=104748.56, EMA60=105085.81, EMA120=105475.52, 趋势=下跌趋势
[2025-06-19 15:45:58] BTCUSDT 4h: 当前价格=104696.40, EMA25=105370.34, EMA60=105810.31, EMA120=105780.98, 趋势=下跌趋势
[2025-06-19 15:45:59] BTCUSDT 1d: 当前价格=104696.40, EMA25=105485.94, EMA60=102079.41, EMA120=97712.37, 趋势=震荡行情
[2025-06-19 15:45:59] ETHUSDT 15m: 当前价格=2521.74, EMA25=2520.01, EMA60=2517.60, EMA120=2519.67, 趋势=上涨趋势
[2025-06-19 15:45:59] ETHUSDT 1h: 当前价格=2521.73, EMA25=2518.03, EMA60=2530.38, EMA120=2549.51, 趋势=震荡行情
[2025-06-19 15:45:59] ETHUSDT 4h: 当前价格=2521.73, EMA25=2544.21, EMA60=2568.74, EMA120=2563.25, 趋势=下跌趋势
[2025-06-19 15:46:00] ETHUSDT 1d: 当前价格=2521.62, EMA25=2543.06, EMA60=2406.43, EMA120=2384.22, 趋势=震荡行情
==============================

===== 趋势分析结果 (2025-06-19 16:01:00) =====
[2025-06-19 16:00:58] BTCUSDT 15m: 当前价格=104597.50, EMA25=104741.76, EMA60=104710.19, EMA120=104789.50, 趋势=下跌趋势
[2025-06-19 16:00:58] BTCUSDT 1h: 当前价格=104597.50, EMA25=104729.09, EMA60=105066.30, EMA120=105459.16, 趋势=下跌趋势
[2025-06-19 16:00:58] BTCUSDT 4h: 当前价格=104597.50, EMA25=105303.05, EMA60=105767.04, EMA120=105759.56, 趋势=下跌趋势
[2025-06-19 16:00:59] BTCUSDT 1d: 当前价格=104597.50, EMA25=105478.34, EMA60=102076.16, EMA120=97710.74, 趋势=震荡行情
[2025-06-19 16:00:59] ETHUSDT 15m: 当前价格=2518.62, EMA25=2519.60, EMA60=2517.50, EMA120=2519.58, 趋势=震荡行情
[2025-06-19 16:00:59] ETHUSDT 1h: 当前价格=2518.69, EMA25=2517.78, EMA60=2529.86, EMA120=2548.93, 趋势=震荡行情
[2025-06-19 16:00:59] ETHUSDT 4h: 当前价格=2518.69, EMA25=2541.95, EMA60=2566.96, EMA120=2562.44, 趋势=下跌趋势
[2025-06-19 16:01:00] ETHUSDT 1d: 当前价格=2519.05, EMA25=2542.86, EMA60=2406.34, EMA120=2384.18, 趋势=震荡行情
==============================

===== 趋势分析结果 (2025-06-19 16:16:00) =====
[2025-06-19 16:15:58] BTCUSDT 15m: 当前价格=104858.30, EMA25=104766.88, EMA60=104722.27, EMA120=104794.34, 趋势=震荡行情
[2025-06-19 16:15:58] BTCUSDT 1h: 当前价格=104858.30, EMA25=104749.15, EMA60=105074.85, EMA120=105463.47, 趋势=震荡行情
[2025-06-19 16:15:58] BTCUSDT 4h: 当前价格=104858.30, EMA25=105323.11, EMA60=105775.59, EMA120=105763.87, 趋势=下跌趋势
[2025-06-19 16:15:59] BTCUSDT 1d: 当前价格=104858.30, EMA25=105498.40, EMA60=102084.71, EMA120=97715.05, 趋势=震荡行情
[2025-06-19 16:15:59] ETHUSDT 15m: 当前价格=2525.40, EMA25=2520.47, EMA60=2517.95, EMA120=2519.78, 趋势=上涨趋势
[2025-06-19 16:15:59] ETHUSDT 1h: 当前价格=2525.25, EMA25=2518.29, EMA60=2530.08, EMA120=2549.04, 趋势=震荡行情
[2025-06-19 16:15:59] ETHUSDT 4h: 当前价格=2525.25, EMA25=2542.45, EMA60=2567.18, EMA120=2562.55, 趋势=下跌趋势
[2025-06-19 16:16:00] ETHUSDT 1d: 当前价格=2525.25, EMA25=2543.34, EMA60=2406.55, EMA120=2384.28, 趋势=震荡行情
==============================

===== 趋势分析结果 (2025-06-19 16:31:00) =====
[2025-06-19 16:30:58] BTCUSDT 15m: 当前价格=104792.60, EMA25=104766.54, EMA60=104723.54, EMA120=104793.78, 趋势=震荡行情
[2025-06-19 16:30:58] BTCUSDT 1h: 当前价格=104792.60, EMA25=104744.10, EMA60=105072.69, EMA120=105462.38, 趋势=震荡行情
[2025-06-19 16:30:58] BTCUSDT 4h: 当前价格=104792.60, EMA25=105318.05, EMA60=105773.44, EMA120=105762.78, 趋势=下跌趋势
[2025-06-19 16:30:59] BTCUSDT 1d: 当前价格=104794.10, EMA25=105493.46, EMA60=102082.61, EMA120=97713.99, 趋势=震荡行情
[2025-06-19 16:30:59] ETHUSDT 15m: 当前价格=2525.19, EMA25=2520.88, EMA60=2518.20, EMA120=2519.88, 趋势=上涨趋势
[2025-06-19 16:30:59] ETHUSDT 1h: 当前价格=2525.19, EMA25=2518.28, EMA60=2530.07, EMA120=2549.04, 趋势=震荡行情
[2025-06-19 16:30:59] ETHUSDT 4h: 当前价格=2525.19, EMA25=2542.45, EMA60=2567.18, EMA120=2562.55, 趋势=下跌趋势
[2025-06-19 16:31:00] ETHUSDT 1d: 当前价格=2525.18, EMA25=2543.33, EMA60=2406.54, EMA120=2384.28, 趋势=震荡行情
==============================

===== 趋势分析结果 (2025-06-19 16:46:00) =====
[2025-06-19 16:45:58] BTCUSDT 15m: 当前价格=104900.00, EMA25=104781.72, EMA60=104731.52, EMA120=104796.66, 趋势=震荡行情
[2025-06-19 16:45:58] BTCUSDT 1h: 当前价格=104900.00, EMA25=104752.36, EMA60=105076.21, EMA120=105464.16, 趋势=震荡行情
[2025-06-19 16:45:58] BTCUSDT 4h: 当前价格=104903.40, EMA25=105326.58, EMA60=105777.07, EMA120=105764.61, 趋势=下跌趋势
[2025-06-19 16:45:59] BTCUSDT 1d: 当前价格=104900.00, EMA25=105501.61, EMA60=102086.08, EMA120=97715.74, 趋势=震荡行情
[2025-06-19 16:45:59] ETHUSDT 15m: 当前价格=2528.39, EMA25=2521.49, EMA60=2518.55, EMA120=2520.02, 趋势=上涨趋势
[2025-06-19 16:45:59] ETHUSDT 1h: 当前价格=2527.19, EMA25=2518.43, EMA60=2530.14, EMA120=2549.07, 趋势=震荡行情
[2025-06-19 16:45:59] ETHUSDT 4h: 当前价格=2528.39, EMA25=2542.69, EMA60=2567.28, EMA120=2562.60, 趋势=下跌趋势
[2025-06-19 16:46:00] ETHUSDT 1d: 当前价格=2527.46, EMA25=2543.51, EMA60=2406.62, EMA120=2384.32, 趋势=震荡行情
==============================

===== 趋势分析结果 (2025-06-19 17:01:00) =====
[2025-06-19 17:00:58] BTCUSDT 15m: 当前价格=104676.40, EMA25=104758.07, EMA60=104722.76, EMA120=104791.11, 趋势=下跌趋势
[2025-06-19 17:00:58] BTCUSDT 1h: 当前价格=104676.40, EMA25=104730.97, EMA60=105056.16, EMA120=105447.51, 趋势=下跌趋势
[2025-06-19 17:00:58] BTCUSDT 4h: 当前价格=104676.50, EMA25=105309.12, EMA60=105769.63, EMA120=105760.86, 趋势=下跌趋势
[2025-06-19 17:00:59] BTCUSDT 1d: 当前价格=104676.40, EMA25=105484.41, EMA60=102078.75, EMA120=97712.04, 趋势=震荡行情
[2025-06-19 17:00:59] ETHUSDT 15m: 当前价格=2522.07, EMA25=2521.11, EMA60=2518.48, EMA120=2519.96, 趋势=上涨趋势
[2025-06-19 17:00:59] ETHUSDT 1h: 当前价格=2522.07, EMA25=2518.38, EMA60=2529.72, EMA120=2548.54, 趋势=震荡行情
[2025-06-19 17:00:59] ETHUSDT 4h: 当前价格=2522.07, EMA25=2542.21, EMA60=2567.07, EMA120=2562.50, 趋势=下跌趋势
[2025-06-19 17:01:00] ETHUSDT 1d: 当前价格=2522.07, EMA25=2543.10, EMA60=2406.44, EMA120=2384.23, 趋势=震荡行情
==============================

===== 趋势分析结果 (2025-06-19 17:16:00) =====
[2025-06-19 17:15:58] BTCUSDT 15m: 当前价格=104733.50, EMA25=104760.69, EMA60=104725.13, EMA120=104791.19, 趋势=下跌趋势
[2025-06-19 17:15:58] BTCUSDT 1h: 当前价格=104733.50, EMA25=104735.36, EMA60=105058.03, EMA120=105448.46, 趋势=下跌趋势
[2025-06-19 17:15:58] BTCUSDT 4h: 当前价格=104733.40, EMA25=105313.50, EMA60=105771.50, EMA120=105761.80, 趋势=下跌趋势
[2025-06-19 17:15:59] BTCUSDT 1d: 当前价格=104733.50, EMA25=105488.80, EMA60=102080.62, EMA120=97712.98, 趋势=震荡行情
[2025-06-19 17:15:59] ETHUSDT 15m: 当前价格=2523.59, EMA25=2521.36, EMA60=2518.67, EMA120=2520.03, 趋势=上涨趋势
[2025-06-19 17:15:59] ETHUSDT 1h: 当前价格=2523.58, EMA25=2518.49, EMA60=2529.77, EMA120=2548.57, 趋势=震荡行情
[2025-06-19 17:15:59] ETHUSDT 4h: 当前价格=2523.59, EMA25=2542.33, EMA60=2567.12, EMA120=2562.52, 趋势=下跌趋势
[2025-06-19 17:16:00] ETHUSDT 1d: 当前价格=2523.59, EMA25=2543.21, EMA60=2406.49, EMA120=2384.26, 趋势=震荡行情
==============================

===== 趋势分析结果 (2025-06-19 17:31:00) =====
[2025-06-19 17:30:58] BTCUSDT 15m: 当前价格=104916.10, EMA25=104786.08, EMA60=104737.39, EMA120=104796.32, 趋势=震荡行情
[2025-06-19 17:30:58] BTCUSDT 1h: 当前价格=104916.10, EMA25=104749.41, EMA60=105064.02, EMA120=105451.47, 趋势=震荡行情
[2025-06-19 17:30:58] BTCUSDT 4h: 当前价格=104916.10, EMA25=105327.55, EMA60=105777.49, EMA120=105764.82, 趋势=下跌趋势
[2025-06-19 17:30:59] BTCUSDT 1d: 当前价格=104916.10, EMA25=105502.84, EMA60=102086.61, EMA120=97716.00, 趋势=震荡行情
[2025-06-19 17:30:59] ETHUSDT 15m: 当前价格=2529.80, EMA25=2522.38, EMA60=2519.20, EMA120=2520.28, 趋势=上涨趋势
[2025-06-19 17:30:59] ETHUSDT 1h: 当前价格=2529.80, EMA25=2518.97, EMA60=2529.98, EMA120=2548.67, 趋势=震荡行情
[2025-06-19 17:30:59] ETHUSDT 4h: 当前价格=2529.80, EMA25=2542.80, EMA60=2567.33, EMA120=2562.62, 趋势=下跌趋势
[2025-06-19 17:31:00] ETHUSDT 1d: 当前价格=2529.79, EMA25=2543.69, EMA60=2406.69, EMA120=2384.36, 趋势=震荡行情
==============================

===== 趋势分析结果 (2025-06-19 17:46:00) =====
[2025-06-19 17:45:58] BTCUSDT 15m: 当前价格=104924.90, EMA25=104793.59, EMA60=104742.12, EMA120=104797.72, 趋势=震荡行情
[2025-06-19 17:45:58] BTCUSDT 1h: 当前价格=104938.10, EMA25=104751.10, EMA60=105064.74, EMA120=105451.84, 趋势=震荡行情
[2025-06-19 17:45:58] BTCUSDT 4h: 当前价格=104938.10, EMA25=105329.25, EMA60=105778.21, EMA120=105765.19, 趋势=下跌趋势
[2025-06-19 17:45:59] BTCUSDT 1d: 当前价格=104938.10, EMA25=105504.54, EMA60=102087.33, EMA120=97716.37, 趋势=震荡行情
[2025-06-19 17:45:59] ETHUSDT 15m: 当前价格=2535.46, EMA25=2523.29, EMA60=2519.69, EMA120=2520.51, 趋势=上涨趋势
[2025-06-19 17:45:59] ETHUSDT 1h: 当前价格=2535.46, EMA25=2519.41, EMA60=2530.16, EMA120=2548.77, 趋势=震荡行情
[2025-06-19 17:45:59] ETHUSDT 4h: 当前价格=2535.81, EMA25=2543.27, EMA60=2567.52, EMA120=2562.72, 趋势=下跌趋势
[2025-06-19 17:46:00] ETHUSDT 1d: 当前价格=2535.81, EMA25=2544.15, EMA60=2406.89, EMA120=2384.46, 趋势=震荡行情
==============================

===== 趋势分析结果 (2025-06-19 18:01:00) =====
[2025-06-19 18:00:58] BTCUSDT 15m: 当前价格=104933.10, EMA25=104805.85, EMA60=104749.07, EMA120=104800.31, 趋势=上涨趋势
[2025-06-19 18:00:58] BTCUSDT 1h: 当前价格=104933.10, EMA25=104765.69, EMA60=105060.69, EMA120=105443.34, 趋势=震荡行情
[2025-06-19 18:00:59] BTCUSDT 4h: 当前价格=104933.10, EMA25=105328.86, EMA60=105778.05, EMA120=105765.10, 趋势=下跌趋势
[2025-06-19 18:00:59] BTCUSDT 1d: 当前价格=104933.10, EMA25=105504.15, EMA60=102087.17, EMA120=97716.28, 趋势=震荡行情
[2025-06-19 18:00:59] ETHUSDT 15m: 当前价格=2538.06, EMA25=2524.56, EMA60=2520.35, EMA120=2520.83, 趋势=上涨趋势
[2025-06-19 18:00:59] ETHUSDT 1h: 当前价格=2538.05, EMA25=2520.97, EMA60=2530.48, EMA120=2548.62, 趋势=震荡行情
[2025-06-19 18:01:00] ETHUSDT 4h: 当前价格=2538.06, EMA25=2543.44, EMA60=2567.60, EMA120=2562.76, 趋势=下跌趋势
[2025-06-19 18:01:00] ETHUSDT 1d: 当前价格=2538.05, EMA25=2544.32, EMA60=2406.97, EMA120=2384.50, 趋势=震荡行情
==============================

===== 趋势分析结果 (2025-06-19 18:16:00) =====
[2025-06-19 18:15:58] BTCUSDT 15m: 当前价格=104953.40, EMA25=104818.64, EMA60=104756.41, EMA120=104803.17, 趋势=上涨趋势
[2025-06-19 18:15:58] BTCUSDT 1h: 当前价格=104953.40, EMA25=104767.25, EMA60=105061.35, EMA120=105443.68, 趋势=震荡行情
[2025-06-19 18:15:58] BTCUSDT 4h: 当前价格=104953.50, EMA25=105330.43, EMA60=105778.71, EMA120=105765.44, 趋势=下跌趋势
[2025-06-19 18:15:59] BTCUSDT 1d: 当前价格=104953.40, EMA25=105505.71, EMA60=102087.83, EMA120=97716.62, 趋势=震荡行情
[2025-06-19 18:15:59] ETHUSDT 15m: 当前价格=2535.00, EMA25=2525.14, EMA60=2520.73, EMA120=2521.01, 趋势=上涨趋势
[2025-06-19 18:15:59] ETHUSDT 1h: 当前价格=2535.00, EMA25=2520.74, EMA60=2530.38, EMA120=2548.57, 趋势=震荡行情
[2025-06-19 18:15:59] ETHUSDT 4h: 当前价格=2535.00, EMA25=2543.20, EMA60=2567.50, EMA120=2562.71, 趋势=下跌趋势
[2025-06-19 18:16:00] ETHUSDT 1d: 当前价格=2535.00, EMA25=2544.09, EMA60=2406.87, EMA120=2384.44, 趋势=震荡行情
==============================

===== 趋势分析结果 (2025-06-19 18:30:59) =====
[2025-06-19 18:30:57] BTCUSDT 15m: 当前价格=105014.70, EMA25=104836.52, EMA60=104766.13, EMA120=104807.31, 趋势=上涨趋势
[2025-06-19 18:30:58] BTCUSDT 1h: 当前价格=105014.70, EMA25=104771.96, EMA60=105063.36, EMA120=105444.69, 趋势=震荡行情
[2025-06-19 18:30:58] BTCUSDT 4h: 当前价格=105014.70, EMA25=105335.14, EMA60=105780.72, EMA120=105766.45, 趋势=下跌趋势
[2025-06-19 18:30:58] BTCUSDT 1d: 当前价格=105014.80, EMA25=105510.44, EMA60=102089.85, EMA120=97717.63, 趋势=震荡行情
[2025-06-19 18:30:59] ETHUSDT 15m: 当前价格=2542.60, EMA25=2527.01, EMA60=2521.68, EMA120=2521.49, 趋势=上涨趋势
[2025-06-19 18:30:59] ETHUSDT 1h: 当前价格=2542.60, EMA25=2521.32, EMA60=2530.63, EMA120=2548.69, 趋势=震荡行情
[2025-06-19 18:30:59] ETHUSDT 4h: 当前价格=2542.61, EMA25=2543.79, EMA60=2567.75, EMA120=2562.84, 趋势=下跌趋势
[2025-06-19 18:30:59] ETHUSDT 1d: 当前价格=2542.60, EMA25=2544.67, EMA60=2407.11, EMA120=2384.57, 趋势=震荡行情
==============================

===== 趋势分析结果 (2025-06-19 18:45:59) =====
[2025-06-19 18:45:57] BTCUSDT 15m: 当前价格=104871.20, EMA25=104832.55, EMA60=104766.61, EMA120=104806.84, 趋势=上涨趋势
[2025-06-19 18:45:58] BTCUSDT 1h: 当前价格=104871.20, EMA25=104760.93, EMA60=105058.66, EMA120=105442.32, 趋势=震荡行情
[2025-06-19 18:45:58] BTCUSDT 4h: 当前价格=104870.10, EMA25=105324.01, EMA60=105775.98, EMA120=105764.06, 趋势=下跌趋势
[2025-06-19 18:45:58] BTCUSDT 1d: 当前价格=104871.20, EMA25=105499.39, EMA60=102085.14, EMA120=97715.26, 趋势=震荡行情
[2025-06-19 18:45:58] ETHUSDT 15m: 当前价格=2538.00, EMA25=2527.58, EMA60=2522.10, EMA120=2521.70, 趋势=上涨趋势
[2025-06-19 18:45:59] ETHUSDT 1h: 当前价格=2538.00, EMA25=2520.97, EMA60=2530.48, EMA120=2548.62, 趋势=震荡行情
[2025-06-19 18:45:59] ETHUSDT 4h: 当前价格=2537.71, EMA25=2543.41, EMA60=2567.59, EMA120=2562.76, 趋势=下跌趋势
[2025-06-19 18:45:59] ETHUSDT 1d: 当前价格=2537.71, EMA25=2544.30, EMA60=2406.95, EMA120=2384.49, 趋势=震荡行情
==============================

===== 趋势分析结果 (2025-06-19 19:00:59) =====
[2025-06-19 19:00:57] BTCUSDT 15m: 当前价格=104855.20, EMA25=104833.61, EMA60=104769.21, EMA120=104807.48, 趋势=上涨趋势
[2025-06-19 19:00:58] BTCUSDT 1h: 当前价格=104855.10, EMA25=104767.49, EMA60=105051.68, EMA120=105432.42, 趋势=震荡行情
[2025-06-19 19:00:58] BTCUSDT 4h: 当前价格=104855.20, EMA25=105322.87, EMA60=105775.49, EMA120=105763.82, 趋势=下跌趋势
[2025-06-19 19:00:58] BTCUSDT 1d: 当前价格=104855.10, EMA25=105498.15, EMA60=102084.61, EMA120=97714.99, 趋势=震荡行情
[2025-06-19 19:00:58] ETHUSDT 15m: 当前价格=2536.27, EMA25=2528.21, EMA60=2522.55, EMA120=2521.93, 趋势=上涨趋势
[2025-06-19 19:00:59] ETHUSDT 1h: 当前价格=2536.27, EMA25=2522.11, EMA60=2530.65, EMA120=2548.40, 趋势=震荡行情
[2025-06-19 19:00:59] ETHUSDT 4h: 当前价格=2536.27, EMA25=2543.30, EMA60=2567.54, EMA120=2562.73, 趋势=下跌趋势
[2025-06-19 19:00:59] ETHUSDT 1d: 当前价格=2536.27, EMA25=2544.19, EMA60=2406.91, EMA120=2384.47, 趋势=震荡行情
==============================

===== 趋势分析结果 (2025-06-19 19:15:59) =====
[2025-06-19 19:15:57] BTCUSDT 15m: 当前价格=104788.40, EMA25=104826.27, EMA60=104768.12, EMA120=104806.29, 趋势=震荡行情
[2025-06-19 19:15:57] BTCUSDT 1h: 当前价格=104788.40, EMA25=104762.36, EMA60=105049.49, EMA120=105431.31, 趋势=震荡行情
[2025-06-19 19:15:58] BTCUSDT 4h: 当前价格=104788.50, EMA25=105317.74, EMA60=105773.31, EMA120=105762.71, 趋势=下跌趋势
[2025-06-19 19:15:58] BTCUSDT 1d: 当前价格=104788.40, EMA25=105493.02, EMA60=102082.42, EMA120=97713.89, 趋势=震荡行情
[2025-06-19 19:15:58] ETHUSDT 15m: 当前价格=2531.73, EMA25=2528.22, EMA60=2522.73, EMA120=2522.03, 趋势=上涨趋势
[2025-06-19 19:15:59] ETHUSDT 1h: 当前价格=2531.72, EMA25=2521.76, EMA60=2530.50, EMA120=2548.33, 趋势=震荡行情
[2025-06-19 19:15:59] ETHUSDT 4h: 当前价格=2531.72, EMA25=2542.95, EMA60=2567.39, EMA120=2562.66, 趋势=下跌趋势
[2025-06-19 19:15:59] ETHUSDT 1d: 当前价格=2531.73, EMA25=2543.84, EMA60=2406.76, EMA120=2384.39, 趋势=震荡行情
==============================

===== 趋势分析结果 (2025-06-19 19:30:59) =====
[2025-06-19 19:30:57] BTCUSDT 15m: 当前价格=104744.40, EMA25=104818.76, EMA60=104766.80, EMA120=104804.98, 趋势=震荡行情
[2025-06-19 19:30:57] BTCUSDT 1h: 当前价格=104744.40, EMA25=104758.97, EMA60=105048.05, EMA120=105430.59, 趋势=下跌趋势
[2025-06-19 19:30:58] BTCUSDT 4h: 当前价格=104744.40, EMA25=105314.35, EMA60=105771.86, EMA120=105761.98, 趋势=下跌趋势
[2025-06-19 19:30:58] BTCUSDT 1d: 当前价格=104744.40, EMA25=105489.64, EMA60=102080.98, EMA120=97713.16, 趋势=震荡行情
[2025-06-19 19:30:58] ETHUSDT 15m: 当前价格=2529.10, EMA25=2528.21, EMA60=2522.91, EMA120=2522.13, 趋势=上涨趋势
[2025-06-19 19:30:58] ETHUSDT 1h: 当前价格=2529.10, EMA25=2521.56, EMA60=2530.42, EMA120=2548.28, 趋势=震荡行情
[2025-06-19 19:30:59] ETHUSDT 4h: 当前价格=2529.10, EMA25=2542.75, EMA60=2567.30, EMA120=2562.61, 趋势=下跌趋势
[2025-06-19 19:30:59] ETHUSDT 1d: 当前价格=2529.10, EMA25=2543.64, EMA60=2406.67, EMA120=2384.35, 趋势=震荡行情
==============================

===== 趋势分析结果 (2025-06-19 19:45:59) =====
[2025-06-19 19:45:57] BTCUSDT 15m: 当前价格=104702.30, EMA25=104808.11, EMA60=104763.92, EMA120=104802.90, 趋势=震荡行情
[2025-06-19 19:45:57] BTCUSDT 1h: 当前价格=104702.30, EMA25=104755.74, EMA60=105046.67, EMA120=105429.89, 趋势=下跌趋势
[2025-06-19 19:45:58] BTCUSDT 4h: 当前价格=104702.30, EMA25=105311.11, EMA60=105770.48, EMA120=105761.29, 趋势=下跌趋势
[2025-06-19 19:45:58] BTCUSDT 1d: 当前价格=104702.30, EMA25=105486.40, EMA60=102079.60, EMA120=97712.47, 趋势=震荡行情
[2025-06-19 19:45:58] ETHUSDT 15m: 当前价格=2527.31, EMA25=2528.06, EMA60=2523.01, EMA120=2522.20, 趋势=震荡行情
[2025-06-19 19:45:58] ETHUSDT 1h: 当前价格=2527.31, EMA25=2521.42, EMA60=2530.36, EMA120=2548.25, 趋势=震荡行情
[2025-06-19 19:45:59] ETHUSDT 4h: 当前价格=2527.32, EMA25=2542.61, EMA60=2567.25, EMA120=2562.58, 趋势=下跌趋势
[2025-06-19 19:45:59] ETHUSDT 1d: 当前价格=2527.31, EMA25=2543.50, EMA60=2406.61, EMA120=2384.32, 趋势=震荡行情
==============================

===== 趋势分析结果 (2025-06-19 20:01:00) =====
[2025-06-19 20:00:57] BTCUSDT 15m: 当前价格=104741.40, EMA25=104804.07, EMA60=104763.67, EMA120=104802.13, 趋势=震荡行情
[2025-06-19 20:00:57] BTCUSDT 1h: 当前价格=104741.40, EMA25=104755.73, EMA60=105037.15, EMA120=105418.72, 趋势=下跌趋势
[2025-06-19 20:00:58] BTCUSDT 4h: 当前价格=104741.40, EMA25=105268.38, EMA60=105737.23, EMA120=105744.61, 趋势=下跌趋势
[2025-06-19 20:00:58] BTCUSDT 1d: 当前价格=104741.40, EMA25=105489.41, EMA60=102080.88, EMA120=97713.11, 趋势=震荡行情
[2025-06-19 20:00:59] ETHUSDT 15m: 当前价格=2532.34, EMA25=2528.63, EMA60=2523.42, EMA120=2522.42, 趋势=上涨趋势
[2025-06-19 20:00:59] ETHUSDT 1h: 当前价格=2532.33, EMA25=2522.49, EMA60=2530.53, EMA120=2548.04, 趋势=震荡行情
[2025-06-19 20:01:00] ETHUSDT 4h: 当前价格=2532.33, EMA25=2542.06, EMA60=2566.21, EMA120=2562.14, 趋势=下跌趋势
[2025-06-19 20:01:00] ETHUSDT 1d: 当前价格=2532.34, EMA25=2543.89, EMA60=2406.78, EMA120=2384.40, 趋势=震荡行情
==============================

===== 趋势分析结果 (2025-06-19 20:15:59) =====
[2025-06-19 20:15:57] BTCUSDT 15m: 当前价格=104835.00, EMA25=104814.94, EMA60=104769.81, EMA120=104804.61, 趋势=上涨趋势
[2025-06-19 20:15:57] BTCUSDT 1h: 当前价格=104835.00, EMA25=104762.93, EMA60=105040.22, EMA120=105420.27, 趋势=震荡行情
[2025-06-19 20:15:58] BTCUSDT 4h: 当前价格=104835.00, EMA25=105275.58, EMA60=105740.30, EMA120=105746.16, 趋势=下跌趋势
[2025-06-19 20:15:58] BTCUSDT 1d: 当前价格=104835.00, EMA25=105496.61, EMA60=102083.95, EMA120=97714.66, 趋势=震荡行情
[2025-06-19 20:15:58] ETHUSDT 15m: 当前价格=2534.82, EMA25=2529.31, EMA60=2523.89, EMA120=2522.67, 趋势=上涨趋势
[2025-06-19 20:15:58] ETHUSDT 1h: 当前价格=2534.71, EMA25=2522.68, EMA60=2530.61, EMA120=2548.08, 趋势=震荡行情
[2025-06-19 20:15:59] ETHUSDT 4h: 当前价格=2534.71, EMA25=2542.24, EMA60=2566.28, EMA120=2562.17, 趋势=下跌趋势
[2025-06-19 20:15:59] ETHUSDT 1d: 当前价格=2534.82, EMA25=2544.08, EMA60=2406.86, EMA120=2384.44, 趋势=震荡行情
==============================

===== 趋势分析结果 (2025-06-19 20:30:59) =====
[2025-06-19 20:30:57] BTCUSDT 15m: 当前价格=104816.00, EMA25=104812.19, EMA60=104770.05, EMA120=104804.14, 趋势=上涨趋势
[2025-06-19 20:30:57] BTCUSDT 1h: 当前价格=104816.10, EMA25=104761.47, EMA60=105039.60, EMA120=105419.96, 趋势=震荡行情
[2025-06-19 20:30:58] BTCUSDT 4h: 当前价格=104816.10, EMA25=105274.12, EMA60=105739.68, EMA120=105745.85, 趋势=下跌趋势
[2025-06-19 20:30:58] BTCUSDT 1d: 当前价格=104821.10, EMA25=105495.54, EMA60=102083.49, EMA120=97714.43, 趋势=震荡行情
[2025-06-19 20:30:58] ETHUSDT 15m: 当前价格=2532.68, EMA25=2529.42, EMA60=2524.11, EMA120=2522.80, 趋势=上涨趋势
[2025-06-19 20:30:58] ETHUSDT 1h: 当前价格=2532.68, EMA25=2522.52, EMA60=2530.54, EMA120=2548.05, 趋势=震荡行情
[2025-06-19 20:30:59] ETHUSDT 4h: 当前价格=2532.88, EMA25=2542.10, EMA60=2566.22, EMA120=2562.14, 趋势=下跌趋势
[2025-06-19 20:30:59] ETHUSDT 1d: 当前价格=2532.97, EMA25=2543.93, EMA60=2406.80, EMA120=2384.41, 趋势=震荡行情
==============================

===== 趋势分析结果 (2025-06-19 20:45:59) =====
[2025-06-19 20:45:57] BTCUSDT 15m: 当前价格=104618.90, EMA25=104786.12, EMA60=104760.09, EMA120=104798.52, 趋势=下跌趋势
[2025-06-19 20:45:57] BTCUSDT 1h: 当前价格=104618.80, EMA25=104746.30, EMA60=105033.13, EMA120=105416.70, 趋势=下跌趋势
[2025-06-19 20:45:58] BTCUSDT 4h: 当前价格=104618.80, EMA25=105258.95, EMA60=105733.21, EMA120=105742.59, 趋势=下跌趋势
[2025-06-19 20:45:58] BTCUSDT 1d: 当前价格=104618.90, EMA25=105479.98, EMA60=102076.86, EMA120=97711.09, 趋势=震荡行情
[2025-06-19 20:45:58] ETHUSDT 15m: 当前价格=2520.06, EMA25=2528.00, EMA60=2523.67, EMA120=2522.60, 趋势=震荡行情
[2025-06-19 20:45:58] ETHUSDT 1h: 当前价格=2520.06, EMA25=2521.55, EMA60=2530.13, EMA120=2547.84, 趋势=下跌趋势
[2025-06-19 20:45:59] ETHUSDT 4h: 当前价格=2520.00, EMA25=2541.11, EMA60=2565.80, EMA120=2561.93, 趋势=下跌趋势
[2025-06-19 20:45:59] ETHUSDT 1d: 当前价格=2520.00, EMA25=2542.94, EMA60=2406.37, EMA120=2384.20, 趋势=震荡行情
==============================

===== 趋势分析结果 (2025-06-19 21:01:00) =====
[2025-06-19 21:00:57] BTCUSDT 15m: 当前价格=104710.00, EMA25=104785.87, EMA60=104760.96, EMA120=104798.34, 趋势=下跌趋势
[2025-06-19 21:00:58] BTCUSDT 1h: 当前价格=104710.00, EMA25=104749.12, EMA60=105025.04, EMA120=105406.27, 趋势=下跌趋势
[2025-06-19 21:00:58] BTCUSDT 4h: 当前价格=104710.00, EMA25=105265.96, EMA60=105736.20, EMA120=105744.09, 趋势=下跌趋势
[2025-06-19 21:00:58] BTCUSDT 1d: 当前价格=104710.00, EMA25=105486.99, EMA60=102079.85, EMA120=97712.60, 趋势=震荡行情
[2025-06-19 21:00:59] ETHUSDT 15m: 当前价格=2524.02, EMA25=2527.99, EMA60=2523.81, EMA120=2522.69, 趋势=震荡行情
[2025-06-19 21:00:59] ETHUSDT 1h: 当前价格=2524.00, EMA25=2522.03, EMA60=2530.06, EMA120=2547.51, 趋势=震荡行情
[2025-06-19 21:00:59] ETHUSDT 4h: 当前价格=2524.02, EMA25=2541.42, EMA60=2565.93, EMA120=2562.00, 趋势=下跌趋势
[2025-06-19 21:01:00] ETHUSDT 1d: 当前价格=2524.01, EMA25=2543.24, EMA60=2406.51, EMA120=2384.26, 趋势=震荡行情
==============================

===== 趋势分析结果 (2025-06-19 21:15:59) =====
[2025-06-19 21:15:57] BTCUSDT 15m: 当前价格=104565.00, EMA25=104760.34, EMA60=104750.72, EMA120=104792.52, 趋势=下跌趋势
[2025-06-19 21:15:57] BTCUSDT 1h: 当前价格=104565.10, EMA25=104737.97, EMA60=105020.29, EMA120=105403.87, 趋势=下跌趋势
[2025-06-19 21:15:58] BTCUSDT 4h: 当前价格=104565.00, EMA25=105254.81, EMA60=105731.44, EMA120=105741.70, 趋势=下跌趋势
[2025-06-19 21:15:58] BTCUSDT 1d: 当前价格=104565.10, EMA25=105475.84, EMA60=102075.10, EMA120=97710.20, 趋势=震荡行情
[2025-06-19 21:15:58] ETHUSDT 15m: 当前价格=2517.13, EMA25=2526.80, EMA60=2523.43, EMA120=2522.51, 趋势=震荡行情
[2025-06-19 21:15:59] ETHUSDT 1h: 当前价格=2516.88, EMA25=2521.48, EMA60=2529.82, EMA120=2547.39, 趋势=下跌趋势
[2025-06-19 21:15:59] ETHUSDT 4h: 当前价格=2517.13, EMA25=2540.89, EMA60=2565.71, EMA120=2561.88, 趋势=下跌趋势
[2025-06-19 21:15:59] ETHUSDT 1d: 当前价格=2516.88, EMA25=2542.70, EMA60=2406.27, EMA120=2384.15, 趋势=震荡行情
==============================

===== 趋势分析结果 (2025-06-19 21:30:59) =====
[2025-06-19 21:30:57] BTCUSDT 15m: 当前价格=104719.30, EMA25=104769.27, EMA60=104755.08, EMA120=104794.07, 趋势=下跌趋势
[2025-06-19 21:30:57] BTCUSDT 1h: 当前价格=104719.30, EMA25=104749.84, EMA60=105025.35, EMA120=105406.42, 趋势=下跌趋势
[2025-06-19 21:30:58] BTCUSDT 4h: 当前价格=104719.30, EMA25=105266.68, EMA60=105736.50, EMA120=105744.25, 趋势=下跌趋势
[2025-06-19 21:30:58] BTCUSDT 1d: 当前价格=104719.30, EMA25=105487.71, EMA60=102080.16, EMA120=97712.75, 趋势=震荡行情
[2025-06-19 21:30:58] ETHUSDT 15m: 当前价格=2521.12, EMA25=2526.78, EMA60=2523.54, EMA120=2522.59, 趋势=震荡行情
[2025-06-19 21:30:58] ETHUSDT 1h: 当前价格=2521.00, EMA25=2521.80, EMA60=2529.96, EMA120=2547.46, 趋势=下跌趋势
[2025-06-19 21:30:59] ETHUSDT 4h: 当前价格=2521.00, EMA25=2541.18, EMA60=2565.83, EMA120=2561.95, 趋势=下跌趋势
[2025-06-19 21:30:59] ETHUSDT 1d: 当前价格=2521.00, EMA25=2543.01, EMA60=2406.41, EMA120=2384.21, 趋势=震荡行情
==============================

===== 趋势分析结果 (2025-06-19 21:45:59) =====
[2025-06-19 21:45:57] BTCUSDT 15m: 当前价格=104481.10, EMA25=104730.51, EMA60=104738.69, EMA120=104785.09, 趋势=下跌趋势
[2025-06-19 21:45:57] BTCUSDT 1h: 当前价格=104481.10, EMA25=104731.51, EMA60=105017.54, EMA120=105402.49, 趋势=下跌趋势
[2025-06-19 21:45:58] BTCUSDT 4h: 当前价格=104481.10, EMA25=105248.35, EMA60=105728.69, EMA120=105740.31, 趋势=下跌趋势
[2025-06-19 21:45:58] BTCUSDT 1d: 当前价格=104481.00, EMA25=105469.38, EMA60=102072.34, EMA120=97708.81, 趋势=震荡行情
[2025-06-19 21:45:58] ETHUSDT 15m: 当前价格=2515.81, EMA25=2525.54, EMA60=2523.11, EMA120=2522.38, 趋势=震荡行情
[2025-06-19 21:45:58] ETHUSDT 1h: 当前价格=2515.95, EMA25=2521.41, EMA60=2529.79, EMA120=2547.38, 趋势=下跌趋势
[2025-06-19 21:45:59] ETHUSDT 4h: 当前价格=2515.95, EMA25=2540.80, EMA60=2565.67, EMA120=2561.86, 趋势=下跌趋势
[2025-06-19 21:45:59] ETHUSDT 1d: 当前价格=2516.19, EMA25=2542.64, EMA60=2406.25, EMA120=2384.13, 趋势=震荡行情
==============================

===== 趋势分析结果 (2025-06-19 22:00:59) =====
[2025-06-19 22:00:57] BTCUSDT 15m: 当前价格=104273.80, EMA25=104678.25, EMA60=104715.80, EMA120=104772.71, 趋势=下跌趋势
[2025-06-19 22:00:57] BTCUSDT 1h: 当前价格=104273.80, EMA25=104679.18, EMA60=104985.51, EMA120=105379.88, 趋势=下跌趋势
[2025-06-19 22:00:58] BTCUSDT 4h: 当前价格=104273.80, EMA25=105232.41, EMA60=105721.90, EMA120=105736.88, 趋势=下跌趋势
[2025-06-19 22:00:58] BTCUSDT 1d: 当前价格=104273.80, EMA25=105453.44, EMA60=102065.55, EMA120=97705.39, 趋势=震荡行情
[2025-06-19 22:00:58] ETHUSDT 15m: 当前价格=2508.68, EMA25=2523.73, EMA60=2522.41, EMA120=2522.04, 趋势=震荡行情
[2025-06-19 22:00:58] ETHUSDT 1h: 当前价格=2508.92, EMA25=2519.93, EMA60=2528.87, EMA120=2546.62, 趋势=下跌趋势
[2025-06-19 22:00:59] ETHUSDT 4h: 当前价格=2508.42, EMA25=2540.22, EMA60=2565.42, EMA120=2561.74, 趋势=下跌趋势
[2025-06-19 22:00:59] ETHUSDT 1d: 当前价格=2508.42, EMA25=2542.05, EMA60=2405.99, EMA120=2384.01, 趋势=震荡行情
==============================

===== 趋势分析结果 (2025-06-19 22:15:59) =====
[2025-06-19 22:15:57] BTCUSDT 15m: 当前价格=104463.60, EMA25=104672.17, EMA60=104712.19, EMA120=104769.99, 趋势=下跌趋势
[2025-06-19 22:15:57] BTCUSDT 1h: 当前价格=104463.60, EMA25=104693.78, EMA60=104991.73, EMA120=105383.01, 趋势=下跌趋势
[2025-06-19 22:15:58] BTCUSDT 4h: 当前价格=104473.90, EMA25=105247.80, EMA60=105728.46, EMA120=105740.19, 趋势=下跌趋势
[2025-06-19 22:15:58] BTCUSDT 1d: 当前价格=104466.90, EMA25=105468.29, EMA60=102071.88, EMA120=97708.58, 趋势=震荡行情
[2025-06-19 22:15:58] ETHUSDT 15m: 当前价格=2514.93, EMA25=2523.33, EMA60=2522.29, EMA120=2521.98, 趋势=震荡行情
[2025-06-19 22:15:58] ETHUSDT 1h: 当前价格=2514.93, EMA25=2520.39, EMA60=2529.07, EMA120=2546.72, 趋势=下跌趋势
[2025-06-19 22:15:59] ETHUSDT 4h: 当前价格=2514.93, EMA25=2540.72, EMA60=2565.64, EMA120=2561.85, 趋势=下跌趋势
[2025-06-19 22:15:59] ETHUSDT 1d: 当前价格=2514.92, EMA25=2542.55, EMA60=2406.21, EMA120=2384.11, 趋势=震荡行情
==============================

===== 趋势分析结果 (2025-06-19 22:30:59) =====
[2025-06-19 22:30:57] BTCUSDT 15m: 当前价格=104551.20, EMA25=104670.06, EMA60=104710.13, EMA120=104768.02, 趋势=下跌趋势
[2025-06-19 22:30:57] BTCUSDT 1h: 当前价格=104542.40, EMA25=104699.84, EMA60=104994.31, EMA120=105384.32, 趋势=下跌趋势
[2025-06-19 22:30:58] BTCUSDT 4h: 当前价格=104542.40, EMA25=105253.07, EMA60=105730.70, EMA120=105741.32, 趋势=下跌趋势
[2025-06-19 22:30:58] BTCUSDT 1d: 当前价格=104538.50, EMA25=105473.80, EMA60=102074.23, EMA120=97709.76, 趋势=震荡行情
[2025-06-19 22:30:58] ETHUSDT 15m: 当前价格=2516.34, EMA25=2522.98, EMA60=2522.18, EMA120=2521.93, 趋势=震荡行情
[2025-06-19 22:30:58] ETHUSDT 1h: 当前价格=2516.33, EMA25=2520.50, EMA60=2529.12, EMA120=2546.74, 趋势=下跌趋势
[2025-06-19 22:30:59] ETHUSDT 4h: 当前价格=2516.33, EMA25=2540.82, EMA60=2565.68, EMA120=2561.87, 趋势=下跌趋势
[2025-06-19 22:30:59] ETHUSDT 1d: 当前价格=2516.34, EMA25=2542.65, EMA60=2406.25, EMA120=2384.14, 趋势=震荡行情
==============================

