===== 趋势分析结果 (2025-07-23 00:09:53) =====
[2025-07-23 00:09:53] BTCUSDT 15m: 当前价格=119144.90, EMA25=118788.30, EMA50=118469.79, 趋势=禁空
[2025-07-23 00:09:53] BTCUSDT 1h: 当前价格=119141.80, EMA25=118234.65, EMA50=118111.07, 趋势=禁空
==============================

===== 趋势分析结果 (2025-07-23 00:24:53) =====
[2025-07-23 00:24:53] BTCUSDT 15m: 当前价格=119109.50, EMA25=118817.63, EMA50=118497.33, 趋势=禁空
[2025-07-23 00:24:53] BTCUSDT 1h: 当前价格=119109.50, EMA25=118232.17, EMA50=118109.80, 趋势=禁空
==============================

===== 趋势分析结果 (2025-07-23 00:39:53) =====
[2025-07-23 00:39:53] BTCUSDT 15m: 当前价格=118953.30, EMA25=118822.53, EMA50=118512.27, 趋势=禁空
[2025-07-23 00:39:53] BTCUSDT 1h: 当前价格=118976.80, EMA25=118221.96, EMA50=118104.60, 趋势=禁空
==============================

===== 趋势分析结果 (2025-07-23 00:54:53) =====
[2025-07-23 00:54:53] BTCUSDT 15m: 当前价格=118701.00, EMA25=118808.46, EMA50=118517.17, 趋势=混沌
[2025-07-23 00:54:53] BTCUSDT 1h: 当前价格=118701.10, EMA25=118200.75, EMA50=118093.79, 趋势=禁空
==============================

===== 趋势分析结果 (2025-07-23 01:09:53) =====
[2025-07-23 01:09:53] BTCUSDT 15m: 当前价格=118690.70, EMA25=118796.76, EMA50=118522.57, 趋势=混沌
[2025-07-23 01:09:53] BTCUSDT 1h: 当前价格=118681.60, EMA25=118235.09, EMA50=118115.43, 趋势=禁空
==============================

===== 趋势分析结果 (2025-07-23 01:24:53) =====
[2025-07-23 01:24:53] BTCUSDT 15m: 当前价格=118730.00, EMA25=118778.72, EMA50=118523.86, 趋势=混沌
[2025-07-23 01:24:53] BTCUSDT 1h: 当前价格=118730.10, EMA25=118238.82, EMA50=118117.34, 趋势=禁空
==============================

===== 趋势分析结果 (2025-07-23 01:39:53) =====
[2025-07-23 01:39:53] BTCUSDT 15m: 当前价格=119182.50, EMA25=118808.08, EMA50=118548.78, 趋势=禁空
[2025-07-23 01:39:53] BTCUSDT 1h: 当前价格=119182.50, EMA25=118273.62, EMA50=118135.08, 趋势=禁空
==============================

===== 趋势分析结果 (2025-07-23 01:54:53) =====
[2025-07-23 01:54:53] BTCUSDT 15m: 当前价格=119182.20, EMA25=118831.67, EMA50=118570.87, 趋势=禁空
[2025-07-23 01:54:53] BTCUSDT 1h: 当前价格=119190.40, EMA25=118274.23, EMA50=118135.39, 趋势=禁空
==============================

===== 趋势分析结果 (2025-07-23 02:09:53) =====
[2025-07-23 02:09:53] BTCUSDT 15m: 当前价格=119354.50, EMA25=118872.86, EMA50=118602.12, 趋势=禁空
[2025-07-23 02:09:53] BTCUSDT 1h: 当前价格=119350.20, EMA25=118357.40, EMA50=118183.24, 趋势=禁空
==============================

===== 趋势分析结果 (2025-07-23 02:24:53) =====
[2025-07-23 02:24:53] BTCUSDT 15m: 当前价格=119381.50, EMA25=118907.64, EMA50=118630.37, 趋势=禁空
[2025-07-23 02:24:53] BTCUSDT 1h: 当前价格=119381.50, EMA25=118359.80, EMA50=118184.47, 趋势=禁空
==============================

===== 趋势分析结果 (2025-07-23 02:39:53) =====
[2025-07-23 02:39:53] BTCUSDT 15m: 当前价格=119271.50, EMA25=118936.92, EMA50=118656.20, 趋势=禁空
[2025-07-23 02:39:53] BTCUSDT 1h: 当前价格=119271.50, EMA25=118351.34, EMA50=118180.15, 趋势=禁空
==============================

===== 趋势分析结果 (2025-07-23 02:54:53) =====
[2025-07-23 02:54:53] BTCUSDT 15m: 当前价格=120022.10, EMA25=119013.44, EMA50=118706.07, 趋势=禁空
[2025-07-23 02:54:53] BTCUSDT 1h: 当前价格=120022.10, EMA25=118409.08, EMA50=118209.59, 趋势=禁空
==============================

===== 趋势分析结果 (2025-07-23 03:09:53) =====
[2025-07-23 03:09:53] BTCUSDT 15m: 当前价格=119799.70, EMA25=119055.88, EMA50=118739.39, 趋势=禁空
[2025-07-23 03:09:53] BTCUSDT 1h: 当前价格=119799.70, EMA25=118498.01, EMA50=118262.37, 趋势=禁空
==============================

===== 趋势分析结果 (2025-07-23 03:24:53) =====
[2025-07-23 03:24:53] BTCUSDT 15m: 当前价格=119529.60, EMA25=119096.92, EMA50=118772.82, 趋势=禁空
[2025-07-23 03:24:53] BTCUSDT 1h: 当前价格=119521.00, EMA25=118476.57, EMA50=118251.44, 趋势=禁空
==============================

===== 趋势分析结果 (2025-07-23 03:39:53) =====
[2025-07-23 03:39:53] BTCUSDT 15m: 当前价格=119387.50, EMA25=119128.61, EMA50=118801.88, 趋势=禁空
[2025-07-23 03:39:53] BTCUSDT 1h: 当前价格=119385.50, EMA25=118466.15, EMA50=118246.13, 趋势=禁空
==============================

===== 趋势分析结果 (2025-07-23 03:54:53) =====
[2025-07-23 03:54:53] BTCUSDT 15m: 当前价格=119184.90, EMA25=119129.54, EMA50=118815.10, 趋势=禁空
[2025-07-23 03:54:53] BTCUSDT 1h: 当前价格=119184.90, EMA25=118450.72, EMA50=118238.26, 趋势=禁空
==============================

===== 趋势分析结果 (2025-07-23 04:09:53) =====
[2025-07-23 04:09:53] BTCUSDT 15m: 当前价格=119649.10, EMA25=119176.72, EMA50=118851.63, 趋势=禁空
[2025-07-23 04:09:53] BTCUSDT 1h: 当前价格=119660.00, EMA25=118550.95, EMA50=118297.84, 趋势=禁空
==============================

===== 趋势分析结果 (2025-07-23 14:56:43) =====
[2025-07-23 14:56:42] BTCUSDT 15m: 当前价格=118395.90, EMA25=118891.78, EMA50=119033.63, 趋势=禁多
[2025-07-23 14:56:43] BTCUSDT 1h: 当前价格=118395.90, EMA25=118857.04, EMA50=118582.51, 趋势=禁多
==============================

===== 趋势分析结果 (2025-07-23 15:11:43) =====
[2025-07-23 15:11:43] BTCUSDT 15m: 当前价格=118400.00, EMA25=118854.25, EMA50=119008.94, 趋势=禁多
[2025-07-23 15:11:43] BTCUSDT 1h: 当前价格=118400.00, EMA25=118822.18, EMA50=118575.51, 趋势=禁多
==============================

===== 趋势分析结果 (2025-07-23 15:26:43) =====
[2025-07-23 15:26:43] BTCUSDT 15m: 当前价格=118473.20, EMA25=118829.51, EMA50=118990.35, 趋势=禁多
[2025-07-23 15:26:43] BTCUSDT 1h: 当前价格=118473.10, EMA25=118827.80, EMA50=118578.38, 趋势=禁多
==============================

===== 趋势分析结果 (2025-07-23 15:41:43) =====
[2025-07-23 15:41:43] BTCUSDT 15m: 当前价格=118424.10, EMA25=118801.25, EMA50=118969.70, 趋势=禁多
[2025-07-23 15:41:43] BTCUSDT 1h: 当前价格=118424.20, EMA25=118824.04, EMA50=118576.46, 趋势=禁多
==============================

===== 趋势分析结果 (2025-07-23 15:56:43) =====
[2025-07-23 15:56:43] BTCUSDT 15m: 当前价格=118320.10, EMA25=118764.52, EMA50=118944.38, 趋势=禁多
[2025-07-23 15:56:43] BTCUSDT 1h: 当前价格=118320.10, EMA25=118816.03, EMA50=118572.38, 趋势=禁多
==============================

===== 趋势分析结果 (2025-07-23 16:11:43) =====
[2025-07-23 16:11:43] BTCUSDT 15m: 当前价格=118448.40, EMA25=118740.69, EMA50=118925.19, 趋势=禁多
[2025-07-23 16:11:43] BTCUSDT 1h: 当前价格=118448.40, EMA25=118788.24, EMA50=118567.77, 趋势=禁多
==============================

===== 趋势分析结果 (2025-07-23 16:26:43) =====
[2025-07-23 16:26:43] BTCUSDT 15m: 当前价格=118327.90, EMA25=118714.39, EMA50=118904.66, 趋势=禁多
[2025-07-23 16:26:43] BTCUSDT 1h: 当前价格=118328.00, EMA25=118778.98, EMA50=118563.05, 趋势=禁多
==============================

===== 趋势分析结果 (2025-07-23 16:41:43) =====
[2025-07-23 16:41:43] BTCUSDT 15m: 当前价格=118233.10, EMA25=118677.97, EMA50=118878.64, 趋势=禁多
[2025-07-23 16:41:43] BTCUSDT 1h: 当前价格=118233.10, EMA25=118771.68, EMA50=118559.33, 趋势=禁多
==============================

===== 趋势分析结果 (2025-07-23 16:56:43) =====
[2025-07-23 16:56:43] BTCUSDT 15m: 当前价格=118342.20, EMA25=118654.77, EMA50=118859.00, 趋势=禁多
[2025-07-23 16:56:43] BTCUSDT 1h: 当前价格=118342.20, EMA25=118780.07, EMA50=118563.61, 趋势=禁多
==============================

===== 趋势分析结果 (2025-07-23 17:11:43) =====
[2025-07-23 17:11:43] BTCUSDT 15m: 当前价格=118254.40, EMA25=118627.36, EMA50=118837.09, 趋势=禁多
[2025-07-23 17:11:43] BTCUSDT 1h: 当前价格=118254.40, EMA25=118743.03, EMA50=118553.28, 趋势=禁多
==============================

===== 趋势分析结果 (2025-07-23 17:26:43) =====
[2025-07-23 17:26:43] BTCUSDT 15m: 当前价格=118077.10, EMA25=118583.91, EMA50=118806.68, 趋势=禁多
[2025-07-23 17:26:43] BTCUSDT 1h: 当前价格=118077.10, EMA25=118729.39, EMA50=118546.33, 趋势=禁多
==============================

===== 趋势分析结果 (2025-07-23 17:41:43) =====
[2025-07-23 17:41:43] BTCUSDT 15m: 当前价格=118063.00, EMA25=118534.68, EMA50=118772.66, 趋势=禁多
[2025-07-23 17:41:43] BTCUSDT 1h: 当前价格=118058.90, EMA25=118727.99, EMA50=118545.62, 趋势=禁多
==============================

===== 趋势分析结果 (2025-07-23 17:56:43) =====
[2025-07-23 17:56:43] BTCUSDT 15m: 当前价格=118100.10, EMA25=118499.96, EMA50=118745.60, 趋势=禁多
[2025-07-23 17:56:43] BTCUSDT 1h: 当前价格=118100.10, EMA25=118731.16, EMA50=118547.23, 趋势=禁多
==============================

===== 趋势分析结果 (2025-07-23 18:11:43) =====
[2025-07-23 18:11:43] BTCUSDT 15m: 当前价格=117851.30, EMA25=118443.09, EMA50=118706.83, 趋势=禁多
[2025-07-23 18:11:43] BTCUSDT 1h: 当前价格=117851.30, EMA25=118656.51, EMA50=118516.25, 趋势=禁多
==============================

===== 趋势分析结果 (2025-07-23 18:26:43) =====
[2025-07-23 18:26:43] BTCUSDT 15m: 当前价格=118223.90, EMA25=118422.99, EMA50=118686.18, 趋势=禁多
[2025-07-23 18:26:43] BTCUSDT 1h: 当前价格=118224.00, EMA25=118685.18, EMA50=118530.86, 趋势=禁多
==============================

===== 趋势分析结果 (2025-07-23 18:41:43) =====
[2025-07-23 18:41:43] BTCUSDT 15m: 当前价格=118272.60, EMA25=118411.79, EMA50=118670.15, 趋势=禁多
[2025-07-23 18:41:43] BTCUSDT 1h: 当前价格=118272.50, EMA25=118688.91, EMA50=118532.76, 趋势=禁多
==============================

===== 趋势分析结果 (2025-07-23 18:56:43) =====
[2025-07-23 18:56:43] BTCUSDT 15m: 当前价格=118333.40, EMA25=118403.51, EMA50=118655.75, 趋势=禁多
[2025-07-23 18:56:43] BTCUSDT 1h: 当前价格=118333.40, EMA25=118693.60, EMA50=118535.15, 趋势=禁多
==============================

===== 趋势分析结果 (2025-07-23 19:11:43) =====
[2025-07-23 19:11:43] BTCUSDT 15m: 当前价格=118281.70, EMA25=118393.98, EMA50=118641.00, 趋势=禁多
[2025-07-23 19:11:43] BTCUSDT 1h: 当前价格=118282.00, EMA25=118661.77, EMA50=118525.14, 趋势=禁多
==============================

===== 趋势分析结果 (2025-07-23 19:26:43) =====
[2025-07-23 19:26:43] BTCUSDT 15m: 当前价格=118515.50, EMA25=118391.82, EMA50=118629.97, 趋势=混沌
[2025-07-23 19:26:43] BTCUSDT 1h: 当前价格=118515.50, EMA25=118679.73, EMA50=118534.29, 趋势=禁多
==============================

===== 趋势分析结果 (2025-07-23 19:41:43) =====
[2025-07-23 19:41:43] BTCUSDT 15m: 当前价格=118548.20, EMA25=118406.62, EMA50=118628.24, 趋势=混沌
[2025-07-23 19:41:43] BTCUSDT 1h: 当前价格=118548.20, EMA25=118682.25, EMA50=118535.58, 趋势=禁多
==============================

===== 趋势分析结果 (2025-07-23 19:56:43) =====
[2025-07-23 19:56:43] BTCUSDT 15m: 当前价格=118468.20, EMA25=118409.70, EMA50=118621.08, 趋势=混沌
[2025-07-23 19:56:43] BTCUSDT 1h: 当前价格=118468.10, EMA25=118676.09, EMA50=118532.43, 趋势=禁多
==============================

===== 趋势分析结果 (2025-07-23 20:11:43) =====
[2025-07-23 20:11:43] BTCUSDT 15m: 当前价格=118413.20, EMA25=118411.15, EMA50=118613.55, 趋势=混沌
[2025-07-23 20:11:43] BTCUSDT 1h: 当前价格=118413.20, EMA25=118657.05, EMA50=118528.39, 趋势=禁多
==============================

===== 趋势分析结果 (2025-07-23 20:26:43) =====
[2025-07-23 20:26:43] BTCUSDT 15m: 当前价格=118435.10, EMA25=118427.30, EMA50=118614.14, 趋势=混沌
[2025-07-23 20:26:43] BTCUSDT 1h: 当前价格=118435.10, EMA25=118658.74, EMA50=118529.25, 趋势=禁多
==============================

===== 趋势分析结果 (2025-07-23 20:41:43) =====
[2025-07-23 20:41:43] BTCUSDT 15m: 当前价格=118214.90, EMA25=118416.08, EMA50=118601.20, 趋势=禁多
[2025-07-23 20:41:43] BTCUSDT 1h: 当前价格=118250.70, EMA25=118644.55, EMA50=118522.02, 趋势=禁多
==============================

===== 趋势分析结果 (2025-07-23 20:56:43) =====
[2025-07-23 20:56:43] BTCUSDT 15m: 当前价格=117801.00, EMA25=118368.51, EMA50=118569.69, 趋势=禁多
[2025-07-23 20:56:43] BTCUSDT 1h: 当前价格=117805.50, EMA25=118610.31, EMA50=118504.56, 趋势=禁多
==============================

===== 趋势分析结果 (2025-07-23 21:11:43) =====
[2025-07-23 21:11:43] BTCUSDT 15m: 当前价格=118046.90, EMA25=118353.11, EMA50=118554.15, 趋势=禁多
[2025-07-23 21:11:43] BTCUSDT 1h: 当前价格=118046.90, EMA25=118575.99, EMA50=118491.40, 趋势=禁多
==============================

===== 趋势分析结果 (2025-07-23 21:26:43) =====
[2025-07-23 21:26:43] BTCUSDT 15m: 当前价格=117912.50, EMA25=118321.36, EMA50=118530.12, 趋势=禁多
[2025-07-23 21:26:43] BTCUSDT 1h: 当前价格=117912.40, EMA25=118565.65, EMA50=118486.12, 趋势=禁多
==============================

===== 趋势分析结果 (2025-07-23 21:41:54) =====
[2025-07-23 21:41:53] BTCUSDT 15m: 当前价格=117675.00, EMA25=118279.98, EMA50=118501.01, 趋势=禁多
[2025-07-23 21:41:54] BTCUSDT 1h: 当前价格=117681.90, EMA25=118547.92, EMA50=118477.08, 趋势=禁多
==============================

===== 趋势分析结果 (2025-07-23 21:56:43) =====
[2025-07-23 21:56:43] BTCUSDT 15m: 当前价格=117412.80, EMA25=118205.29, EMA50=118454.10, 趋势=禁多
[2025-07-23 21:56:43] BTCUSDT 1h: 当前价格=117412.80, EMA25=118527.22, EMA50=118466.53, 趋势=禁多
==============================

===== 趋势分析结果 (2025-07-23 22:11:43) =====
[2025-07-23 22:11:43] BTCUSDT 15m: 当前价格=117711.00, EMA25=118161.86, EMA50=118422.09, 趋势=禁多
[2025-07-23 22:11:43] BTCUSDT 1h: 当前价格=117719.80, EMA25=118459.70, EMA50=118434.38, 趋势=禁多
==============================

===== 趋势分析结果 (2025-07-23 22:26:43) =====
[2025-07-23 22:26:43] BTCUSDT 15m: 当前价格=118028.10, EMA25=118147.25, EMA50=118404.35, 趋势=禁多
[2025-07-23 22:26:43] BTCUSDT 1h: 当前价格=118028.10, EMA25=118483.42, EMA50=118446.47, 趋势=禁多
==============================

===== 趋势分析结果 (2025-07-23 22:41:43) =====
[2025-07-23 22:41:43] BTCUSDT 15m: 当前价格=117896.90, EMA25=118122.73, EMA50=118381.66, 趋势=禁多
[2025-07-23 22:41:43] BTCUSDT 1h: 当前价格=117891.40, EMA25=118472.90, EMA50=118441.11, 趋势=禁多
==============================

===== 趋势分析结果 (2025-07-23 22:56:43) =====
[2025-07-23 22:56:43] BTCUSDT 15m: 当前价格=117876.00, EMA25=118101.69, EMA50=118360.73, 趋势=禁多
[2025-07-23 22:56:43] BTCUSDT 1h: 当前价格=117876.00, EMA25=118471.72, EMA50=118440.51, 趋势=禁多
==============================

===== 趋势分析结果 (2025-07-23 23:11:43) =====
[2025-07-23 23:11:43] BTCUSDT 15m: 当前价格=117937.30, EMA25=118109.92, EMA50=118355.20, 趋势=禁多
[2025-07-23 23:11:43] BTCUSDT 1h: 当前价格=117937.00, EMA25=118451.46, EMA50=118431.84, 趋势=禁多
==============================

===== 趋势分析结果 (2025-07-23 23:26:43) =====
[2025-07-23 23:26:43] BTCUSDT 15m: 当前价格=117963.50, EMA25=118087.49, EMA50=118333.91, 趋势=禁多
[2025-07-23 23:26:43] BTCUSDT 1h: 当前价格=117963.40, EMA25=118453.49, EMA50=118432.87, 趋势=禁多
==============================

===== 趋势分析结果 (2025-07-23 23:41:43) =====
[2025-07-23 23:41:43] BTCUSDT 15m: 当前价格=118131.50, EMA25=118095.62, EMA50=118328.50, 趋势=混沌
[2025-07-23 23:41:43] BTCUSDT 1h: 当前价格=118131.50, EMA25=118466.42, EMA50=118439.47, 趋势=禁多
==============================

===== 趋势分析结果 (2025-07-23 23:56:43) =====
[2025-07-23 23:56:43] BTCUSDT 15m: 当前价格=118552.90, EMA25=118137.83, EMA50=118341.03, 趋势=混沌
[2025-07-23 23:56:43] BTCUSDT 1h: 当前价格=118600.00, EMA25=118502.46, EMA50=118457.84, 趋势=禁空
==============================

