===== 趋势分析结果 (2025-07-12 00:00:42) =====
[2025-07-12 00:00:42] BTCUSDT 15m: 当前价格=116935.60, EMA25=117627.36, EMA50=117308.36, 趋势=混沌
[2025-07-12 00:00:42] BTCUSDT 1h: 当前价格=116935.60, EMA25=116180.68, EMA50=114288.78, 趋势=禁空
==============================

===== 趋势分析结果 (2025-07-12 00:15:42) =====
[2025-07-12 00:15:42] BTCUSDT 15m: 当前价格=117000.00, EMA25=117573.48, EMA50=117293.28, 趋势=混沌
[2025-07-12 00:15:42] BTCUSDT 1h: 当前价格=117000.00, EMA25=116185.64, EMA50=114291.30, 趋势=禁空
==============================

===== 趋势分析结果 (2025-07-12 00:30:42) =====
[2025-07-12 00:30:42] BTCUSDT 15m: 当前价格=117299.30, EMA25=117573.43, EMA50=117304.68, 趋势=混沌
[2025-07-12 00:30:42] BTCUSDT 1h: 当前价格=117299.30, EMA25=116208.66, EMA50=114303.04, 趋势=禁空
==============================

===== 趋势分析结果 (2025-07-12 00:45:42) =====
[2025-07-12 00:45:42] BTCUSDT 15m: 当前价格=117283.10, EMA25=117551.41, EMA50=117304.00, 趋势=混沌
[2025-07-12 00:45:42] BTCUSDT 1h: 当前价格=117270.30, EMA25=116206.43, EMA50=114301.90, 趋势=禁空
==============================

===== 趋势分析结果 (2025-07-12 01:00:42) =====
[2025-07-12 01:00:42] BTCUSDT 15m: 当前价格=117403.20, EMA25=117548.53, EMA50=117312.41, 趋势=混沌
[2025-07-12 01:00:42] BTCUSDT 1h: 当前价格=117403.20, EMA25=116307.92, EMA50=114428.53, 趋势=禁空
==============================

===== 趋势分析结果 (2025-07-12 01:15:42) =====
[2025-07-12 01:15:42] BTCUSDT 15m: 当前价格=117614.70, EMA25=117559.51, EMA50=117327.40, 趋势=禁空
[2025-07-12 01:15:42] BTCUSDT 1h: 当前价格=117614.70, EMA25=116324.19, EMA50=114436.82, 趋势=禁空
==============================

===== 趋势分析结果 (2025-07-12 01:30:42) =====
[2025-07-12 01:30:42] BTCUSDT 15m: 当前价格=117552.90, EMA25=117551.87, EMA50=117332.45, 趋势=禁空
[2025-07-12 01:30:42] BTCUSDT 1h: 当前价格=117552.90, EMA25=116319.43, EMA50=114434.40, 趋势=禁空
==============================

===== 趋势分析结果 (2025-07-12 01:45:42) =====
[2025-07-12 01:45:42] BTCUSDT 15m: 当前价格=117397.10, EMA25=117528.14, EMA50=117328.72, 趋势=混沌
[2025-07-12 01:45:42] BTCUSDT 1h: 当前价格=117379.60, EMA25=116306.10, EMA50=114427.60, 趋势=禁空
==============================

===== 趋势分析结果 (2025-07-12 02:00:42) =====
[2025-07-12 02:00:42] BTCUSDT 15m: 当前价格=117695.20, EMA25=117557.18, EMA50=117351.68, 趋势=禁空
[2025-07-12 02:00:42] BTCUSDT 1h: 当前价格=117695.20, EMA25=116430.39, EMA50=114564.99, 趋势=禁空
==============================

===== 趋势分析结果 (2025-07-12 02:15:42) =====
[2025-07-12 02:15:42] BTCUSDT 15m: 当前价格=117656.10, EMA25=117555.24, EMA50=117358.55, 趋势=禁空
[2025-07-12 02:15:42] BTCUSDT 1h: 当前价格=117656.10, EMA25=116427.38, EMA50=114563.46, 趋势=禁空
==============================

===== 趋势分析结果 (2025-07-12 02:30:42) =====
[2025-07-12 02:30:42] BTCUSDT 15m: 当前价格=117344.20, EMA25=117515.71, EMA50=117345.62, 趋势=混沌
[2025-07-12 02:30:42] BTCUSDT 1h: 当前价格=117344.20, EMA25=116403.39, EMA50=114551.23, 趋势=禁空
==============================

===== 趋势分析结果 (2025-07-12 02:45:42) =====
[2025-07-12 02:45:42] BTCUSDT 15m: 当前价格=117656.20, EMA25=117545.52, EMA50=117367.89, 趋势=禁空
[2025-07-12 02:45:42] BTCUSDT 1h: 当前价格=117656.20, EMA25=116427.39, EMA50=114563.46, 趋势=禁空
==============================

===== 趋势分析结果 (2025-07-12 03:00:42) =====
[2025-07-12 03:00:42] BTCUSDT 15m: 当前价格=117648.30, EMA25=117556.03, EMA50=117380.26, 趋势=禁空
[2025-07-12 03:00:42] BTCUSDT 1h: 当前价格=117648.30, EMA25=116523.90, EMA50=114685.82, 趋势=禁空
==============================

===== 趋势分析结果 (2025-07-12 03:15:42) =====
[2025-07-12 03:15:42] BTCUSDT 15m: 当前价格=117752.30, EMA25=117576.77, EMA50=117397.85, 趋势=禁空
[2025-07-12 03:15:42] BTCUSDT 1h: 当前价格=117752.40, EMA25=116531.91, EMA50=114689.90, 趋势=禁空
==============================

===== 趋势分析结果 (2025-07-12 03:30:42) =====
[2025-07-12 03:30:42] BTCUSDT 15m: 当前价格=117789.40, EMA25=117602.02, EMA50=117417.92, 趋势=禁空
[2025-07-12 03:30:42] BTCUSDT 1h: 当前价格=117794.20, EMA25=116535.13, EMA50=114691.54, 趋势=禁空
==============================

===== 趋势分析结果 (2025-07-12 03:45:42) =====
[2025-07-12 03:45:42] BTCUSDT 15m: 当前价格=117777.50, EMA25=117616.96, EMA50=117432.79, 趋势=禁空
[2025-07-12 03:45:42] BTCUSDT 1h: 当前价格=117777.50, EMA25=116533.84, EMA50=114690.88, 趋势=禁空
==============================

===== 趋势分析结果 (2025-07-12 04:00:42) =====
[2025-07-12 04:00:42] BTCUSDT 15m: 当前价格=117975.00, EMA25=117665.46, EMA50=117465.17, 趋势=禁空
[2025-07-12 04:00:42] BTCUSDT 1h: 当前价格=117964.80, EMA25=116664.88, EMA50=114830.39, 趋势=禁空
==============================

===== 趋势分析结果 (2025-07-12 04:15:42) =====
[2025-07-12 04:15:42] BTCUSDT 15m: 当前价格=117910.30, EMA25=117680.33, EMA50=117480.53, 趋势=禁空
[2025-07-12 04:15:42] BTCUSDT 1h: 当前价格=117910.30, EMA25=116660.68, EMA50=114828.26, 趋势=禁空
==============================

===== 趋势分析结果 (2025-07-12 04:30:42) =====
[2025-07-12 04:30:42] BTCUSDT 15m: 当前价格=117870.10, EMA25=117694.19, EMA50=117495.41, 趋势=禁空
[2025-07-12 04:30:42] BTCUSDT 1h: 当前价格=117876.40, EMA25=116658.08, EMA50=114826.93, 趋势=禁空
==============================

===== 趋势分析结果 (2025-07-12 04:45:42) =====
[2025-07-12 04:45:42] BTCUSDT 15m: 当前价格=117800.00, EMA25=117695.84, EMA50=117503.91, 趋势=禁空
[2025-07-12 04:45:42] BTCUSDT 1h: 当前价格=117799.90, EMA25=116652.19, EMA50=114823.93, 趋势=禁空
==============================

===== 趋势分析结果 (2025-07-12 05:00:42) =====
[2025-07-12 05:00:42] BTCUSDT 15m: 当前价格=117593.30, EMA25=117675.13, EMA50=117500.62, 趋势=混沌
[2025-07-12 05:00:42] BTCUSDT 1h: 当前价格=117593.30, EMA25=116711.78, EMA50=114925.73, 趋势=禁空
==============================

===== 趋势分析结果 (2025-07-12 05:15:42) =====
[2025-07-12 05:15:42] BTCUSDT 15m: 当前价格=117572.70, EMA25=117669.25, EMA50=117504.50, 趋势=混沌
[2025-07-12 05:15:42] BTCUSDT 1h: 当前价格=117572.70, EMA25=116710.19, EMA50=114924.93, 趋势=禁空
==============================

===== 趋势分析结果 (2025-07-12 05:30:42) =====
[2025-07-12 05:30:42] BTCUSDT 15m: 当前价格=117791.90, EMA25=117696.64, EMA50=117525.30, 趋势=禁空
[2025-07-12 05:30:42] BTCUSDT 1h: 当前价格=117804.00, EMA25=116727.98, EMA50=114934.00, 趋势=禁空
==============================

===== 趋势分析结果 (2025-07-12 05:45:42) =====
[2025-07-12 05:45:42] BTCUSDT 15m: 当前价格=117543.00, EMA25=117660.49, EMA50=117513.08, 趋势=混沌
[2025-07-12 05:45:42] BTCUSDT 1h: 当前价格=117543.00, EMA25=116707.91, EMA50=114923.76, 趋势=禁空
==============================

===== 趋势分析结果 (2025-07-12 06:00:42) =====
[2025-07-12 06:00:42] BTCUSDT 15m: 当前价格=117600.10, EMA25=117658.88, EMA50=117518.11, 趋势=混沌
[2025-07-12 06:00:42] BTCUSDT 1h: 当前价格=117600.10, EMA25=116779.58, EMA50=115030.33, 趋势=禁空
==============================

===== 趋势分析结果 (2025-07-12 06:15:42) =====
[2025-07-12 06:15:42] BTCUSDT 15m: 当前价格=117440.80, EMA25=117632.85, EMA50=117510.16, 趋势=混沌
[2025-07-12 06:15:42] BTCUSDT 1h: 当前价格=117438.80, EMA25=116767.17, EMA50=115024.00, 趋势=禁空
==============================

===== 趋势分析结果 (2025-07-12 06:30:42) =====
[2025-07-12 06:30:42] BTCUSDT 15m: 当前价格=117191.50, EMA25=117584.78, EMA50=117490.18, 趋势=混沌
[2025-07-12 06:30:42] BTCUSDT 1h: 当前价格=117199.70, EMA25=116748.78, EMA50=115014.63, 趋势=禁空
==============================

===== 趋势分析结果 (2025-07-12 06:45:42) =====
[2025-07-12 06:45:42] BTCUSDT 15m: 当前价格=117423.50, EMA25=117586.41, EMA50=117495.01, 趋势=混沌
[2025-07-12 06:45:42] BTCUSDT 1h: 当前价格=117423.50, EMA25=116765.99, EMA50=115023.40, 趋势=禁空
==============================

===== 趋势分析结果 (2025-07-12 07:00:42) =====
[2025-07-12 07:00:42] BTCUSDT 15m: 当前价格=117618.10, EMA25=117600.78, EMA50=117506.17, 趋势=禁空
[2025-07-12 07:00:42] BTCUSDT 1h: 当前价格=117618.20, EMA25=116843.47, EMA50=115131.49, 趋势=禁空
==============================

===== 趋势分析结果 (2025-07-12 07:15:42) =====
[2025-07-12 07:15:42] BTCUSDT 15m: 当前价格=117622.30, EMA25=117604.27, EMA50=117511.69, 趋势=禁空
[2025-07-12 07:15:42] BTCUSDT 1h: 当前价格=117622.30, EMA25=116843.79, EMA50=115131.65, 趋势=禁空
==============================

===== 趋势分析结果 (2025-07-12 07:30:42) =====
[2025-07-12 07:30:42] BTCUSDT 15m: 当前价格=117584.50, EMA25=117600.06, EMA50=117513.12, 趋势=混沌
[2025-07-12 07:30:42] BTCUSDT 1h: 当前价格=117584.50, EMA25=116840.88, EMA50=115130.17, 趋势=禁空
==============================

===== 趋势分析结果 (2025-07-12 07:45:42) =====
[2025-07-12 07:45:42] BTCUSDT 15m: 当前价格=117596.20, EMA25=117597.72, EMA50=117515.30, 趋势=混沌
[2025-07-12 07:45:42] BTCUSDT 1h: 当前价格=117596.20, EMA25=116841.78, EMA50=115130.63, 趋势=禁空
==============================

===== 趋势分析结果 (2025-07-12 08:00:42) =====
[2025-07-12 08:00:42] BTCUSDT 15m: 当前价格=117520.90, EMA25=117584.98, EMA50=117511.89, 趋势=混沌
[2025-07-12 08:00:42] BTCUSDT 1h: 当前价格=117520.80, EMA25=116887.18, EMA50=115220.73, 趋势=禁空
==============================

===== 趋势分析结果 (2025-07-12 08:15:42) =====
[2025-07-12 08:15:42] BTCUSDT 15m: 当前价格=117526.20, EMA25=117580.05, EMA50=117512.24, 趋势=混沌
[2025-07-12 08:15:42] BTCUSDT 1h: 当前价格=117506.90, EMA25=116886.11, EMA50=115220.19, 趋势=禁空
==============================

===== 趋势分析结果 (2025-07-12 08:30:42) =====
[2025-07-12 08:30:42] BTCUSDT 15m: 当前价格=117480.40, EMA25=117569.21, EMA50=117509.31, 趋势=混沌
[2025-07-12 08:30:42] BTCUSDT 1h: 当前价格=117480.50, EMA25=116884.08, EMA50=115219.15, 趋势=禁空
==============================

===== 趋势分析结果 (2025-07-12 08:45:41) =====
[2025-07-12 08:45:41] BTCUSDT 15m: 当前价格=117207.60, EMA25=117521.82, EMA50=117487.08, 趋势=混沌
[2025-07-12 08:45:41] BTCUSDT 1h: 当前价格=117207.60, EMA25=116863.09, EMA50=115208.45, 趋势=禁空
==============================

===== 趋势分析结果 (2025-07-12 09:00:41) =====
[2025-07-12 09:00:41] BTCUSDT 15m: 当前价格=117379.30, EMA25=117523.05, EMA50=117489.33, 趋势=混沌
[2025-07-12 09:00:41] BTCUSDT 1h: 当前价格=117379.30, EMA25=116915.00, EMA50=115300.06, 趋势=禁空
==============================

===== 趋势分析结果 (2025-07-12 09:15:41) =====
[2025-07-12 09:15:41] BTCUSDT 15m: 当前价格=117548.30, EMA25=117539.19, EMA50=117499.18, 趋势=禁空
[2025-07-12 09:15:41] BTCUSDT 1h: 当前价格=117548.30, EMA25=116928.00, EMA50=115306.68, 趋势=禁空
==============================

===== 趋势分析结果 (2025-07-12 09:30:41) =====
[2025-07-12 09:30:41] BTCUSDT 15m: 当前价格=117640.10, EMA25=117554.76, EMA50=117508.84, 趋势=禁空
[2025-07-12 09:30:41] BTCUSDT 1h: 当前价格=117640.10, EMA25=116935.06, EMA50=115310.28, 趋势=禁空
==============================

===== 趋势分析结果 (2025-07-12 09:45:41) =====
[2025-07-12 09:45:41] BTCUSDT 15m: 当前价格=117574.80, EMA25=117551.66, EMA50=117508.97, 趋势=禁空
[2025-07-12 09:45:41] BTCUSDT 1h: 当前价格=117574.80, EMA25=116930.04, EMA50=115307.72, 趋势=禁空
==============================

===== 趋势分析结果 (2025-07-12 10:00:41) =====
[2025-07-12 10:00:41] BTCUSDT 15m: 当前价格=117628.50, EMA25=117560.69, EMA50=117515.31, 趋势=禁空
[2025-07-12 10:00:41] BTCUSDT 1h: 当前价格=117619.00, EMA25=116986.14, EMA50=115400.01, 趋势=禁空
==============================

===== 趋势分析结果 (2025-07-12 10:15:41) =====
[2025-07-12 10:15:41] BTCUSDT 15m: 当前价格=117614.20, EMA25=117565.47, EMA50=117519.54, 趋势=禁空
[2025-07-12 10:15:41] BTCUSDT 1h: 当前价格=117614.20, EMA25=116985.78, EMA50=115399.82, 趋势=禁空
==============================

===== 趋势分析结果 (2025-07-12 10:30:41) =====
[2025-07-12 10:30:41] BTCUSDT 15m: 当前价格=117698.70, EMA25=117581.74, EMA50=117529.76, 趋势=禁空
[2025-07-12 10:30:41] BTCUSDT 1h: 当前价格=117698.70, EMA25=116992.28, EMA50=115403.14, 趋势=禁空
==============================

===== 趋势分析结果 (2025-07-12 10:45:41) =====
[2025-07-12 10:45:41] BTCUSDT 15m: 当前价格=117631.70, EMA25=117581.21, EMA50=117531.44, 趋势=禁空
[2025-07-12 10:45:41] BTCUSDT 1h: 当前价格=117642.10, EMA25=116987.92, EMA50=115400.92, 趋势=禁空
==============================

===== 趋势分析结果 (2025-07-12 11:00:41) =====
[2025-07-12 11:00:41] BTCUSDT 15m: 当前价格=117561.00, EMA25=117574.92, EMA50=117530.08, 趋势=混沌
[2025-07-12 11:00:41] BTCUSDT 1h: 当前价格=117561.10, EMA25=117026.54, EMA50=115482.73, 趋势=禁空
==============================

===== 趋势分析结果 (2025-07-12 11:15:41) =====
[2025-07-12 11:15:41] BTCUSDT 15m: 当前价格=117726.70, EMA25=117599.96, EMA50=117544.89, 趋势=禁空
[2025-07-12 11:15:41] BTCUSDT 1h: 当前价格=117726.70, EMA25=117039.28, EMA50=115489.22, 趋势=禁空
==============================

===== 趋势分析结果 (2025-07-12 11:30:41) =====
[2025-07-12 11:30:41] BTCUSDT 15m: 当前价格=117798.50, EMA25=117619.32, EMA50=117557.00, 趋势=禁空
[2025-07-12 11:30:41] BTCUSDT 1h: 当前价格=117798.50, EMA25=117044.80, EMA50=115492.04, 趋势=禁空
==============================

===== 趋势分析结果 (2025-07-12 11:45:41) =====
[2025-07-12 11:45:41] BTCUSDT 15m: 当前价格=117668.50, EMA25=117613.88, EMA50=117556.48, 趋势=禁空
[2025-07-12 11:45:41] BTCUSDT 1h: 当前价格=117668.50, EMA25=117034.80, EMA50=115486.94, 趋势=禁空
==============================

===== 趋势分析结果 (2025-07-12 12:00:41) =====
[2025-07-12 12:00:41] BTCUSDT 15m: 当前价格=117730.00, EMA25=117627.18, EMA50=117565.60, 趋势=禁空
[2025-07-12 12:00:41] BTCUSDT 1h: 当前价格=117727.00, EMA25=117092.41, EMA50=115577.10, 趋势=禁空
==============================

===== 趋势分析结果 (2025-07-12 12:15:41) =====
[2025-07-12 12:15:41] BTCUSDT 15m: 当前价格=117770.30, EMA25=117641.38, EMA50=117575.32, 趋势=禁空
[2025-07-12 12:15:41] BTCUSDT 1h: 当前价格=117770.30, EMA25=117095.74, EMA50=115578.80, 趋势=禁空
==============================

===== 趋势分析结果 (2025-07-12 12:30:41) =====
[2025-07-12 12:30:41] BTCUSDT 15m: 当前价格=117781.30, EMA25=117655.67, EMA50=117585.27, 趋势=禁空
[2025-07-12 12:30:41] BTCUSDT 1h: 当前价格=117792.00, EMA25=117097.41, EMA50=115579.65, 趋势=禁空
==============================

===== 趋势分析结果 (2025-07-12 12:45:41) =====
[2025-07-12 12:45:41] BTCUSDT 15m: 当前价格=117670.00, EMA25=117649.90, EMA50=117584.95, 趋势=禁空
[2025-07-12 12:45:41] BTCUSDT 1h: 当前价格=117669.90, EMA25=117088.02, EMA50=115574.86, 趋势=禁空
==============================

===== 趋势分析结果 (2025-07-12 13:00:41) =====
[2025-07-12 13:00:41] BTCUSDT 15m: 当前价格=117639.60, EMA25=117644.82, EMA50=117584.82, 趋势=混沌
[2025-07-12 13:00:41] BTCUSDT 1h: 当前价格=117631.50, EMA25=117125.55, EMA50=115653.24, 趋势=禁空
==============================

===== 趋势分析结果 (2025-07-12 13:15:41) =====
[2025-07-12 13:15:41] BTCUSDT 15m: 当前价格=117454.90, EMA25=117619.29, EMA50=117573.92, 趋势=混沌
[2025-07-12 13:15:41] BTCUSDT 1h: 当前价格=117472.00, EMA25=117113.28, EMA50=115646.99, 趋势=禁空
==============================

===== 趋势分析结果 (2025-07-12 13:30:41) =====
[2025-07-12 13:30:41] BTCUSDT 15m: 当前价格=117560.60, EMA25=117623.06, EMA50=117577.80, 趋势=混沌
[2025-07-12 13:30:41] BTCUSDT 1h: 当前价格=117560.60, EMA25=117120.10, EMA50=115650.46, 趋势=禁空
==============================

===== 趋势分析结果 (2025-07-12 13:45:41) =====
[2025-07-12 13:45:41] BTCUSDT 15m: 当前价格=117592.90, EMA25=117622.62, EMA50=117579.39, 趋势=混沌
[2025-07-12 13:45:41] BTCUSDT 1h: 当前价格=117593.00, EMA25=117122.59, EMA50=115651.74, 趋势=禁空
==============================

===== 趋势分析结果 (2025-07-12 14:00:41) =====
[2025-07-12 14:00:41] BTCUSDT 15m: 当前价格=117640.30, EMA25=117627.35, EMA50=117583.57, 趋势=禁空
[2025-07-12 14:00:41] BTCUSDT 1h: 当前价格=117640.40, EMA25=117165.79, EMA50=115731.51, 趋势=禁空
==============================

===== 趋势分析结果 (2025-07-12 14:15:41) =====
[2025-07-12 14:15:41] BTCUSDT 15m: 当前价格=117675.90, EMA25=117633.61, EMA50=117588.53, 趋势=禁空
[2025-07-12 14:15:41] BTCUSDT 1h: 当前价格=117675.90, EMA25=117168.52, EMA50=115732.90, 趋势=禁空
==============================

===== 趋势分析结果 (2025-07-12 14:30:41) =====
[2025-07-12 14:30:41] BTCUSDT 15m: 当前价格=117853.10, EMA25=117663.07, EMA50=117605.58, 趋势=禁空
[2025-07-12 14:30:41] BTCUSDT 1h: 当前价格=117853.10, EMA25=117182.15, EMA50=115739.85, 趋势=禁空
==============================

===== 趋势分析结果 (2025-07-12 14:45:41) =====
[2025-07-12 14:45:41] BTCUSDT 15m: 当前价格=117925.60, EMA25=117687.07, EMA50=117620.15, 趋势=禁空
[2025-07-12 14:45:41] BTCUSDT 1h: 当前价格=117925.50, EMA25=117187.72, EMA50=115742.69, 趋势=禁空
==============================

===== 趋势分析结果 (2025-07-12 15:00:41) =====
[2025-07-12 15:00:41] BTCUSDT 15m: 当前价格=117780.80, EMA25=117684.75, EMA50=117621.39, 趋势=禁空
[2025-07-12 15:00:41] BTCUSDT 1h: 当前价格=117780.80, EMA25=117223.81, EMA50=115817.56, 趋势=禁空
==============================

===== 趋势分析结果 (2025-07-12 15:15:41) =====
[2025-07-12 15:15:41] BTCUSDT 15m: 当前价格=117860.90, EMA25=117707.86, EMA50=117635.86, 趋势=禁空
[2025-07-12 15:15:41] BTCUSDT 1h: 当前价格=117855.70, EMA25=117229.57, EMA50=115820.50, 趋势=禁空
==============================

===== 趋势分析结果 (2025-07-12 15:30:41) =====
[2025-07-12 15:30:41] BTCUSDT 15m: 当前价格=117860.30, EMA25=117721.77, EMA50=117645.81, 趋势=禁空
[2025-07-12 15:30:41] BTCUSDT 1h: 当前价格=117860.30, EMA25=117229.93, EMA50=115820.68, 趋势=禁空
==============================

===== 趋势分析结果 (2025-07-12 15:45:41) =====
[2025-07-12 15:45:41] BTCUSDT 15m: 当前价格=117680.00, EMA25=117705.61, EMA50=117640.29, 趋势=混沌
[2025-07-12 15:45:41] BTCUSDT 1h: 当前价格=117680.00, EMA25=117216.06, EMA50=115813.60, 趋势=禁空
==============================

===== 趋势分析结果 (2025-07-12 16:00:41) =====
[2025-07-12 16:00:41] BTCUSDT 15m: 当前价格=117727.70, EMA25=117708.00, EMA50=117644.08, 趋势=禁空
[2025-07-12 16:00:41] BTCUSDT 1h: 当前价格=117727.70, EMA25=117256.10, EMA50=115889.03, 趋势=禁空
==============================

===== 趋势分析结果 (2025-07-12 16:15:41) =====
[2025-07-12 16:15:41] BTCUSDT 15m: 当前价格=117804.20, EMA25=117719.96, EMA50=117652.78, 趋势=禁空
[2025-07-12 16:15:41] BTCUSDT 1h: 当前价格=117804.10, EMA25=117261.98, EMA50=115892.03, 趋势=禁空
==============================

===== 趋势分析结果 (2025-07-12 16:30:41) =====
[2025-07-12 16:30:41] BTCUSDT 15m: 当前价格=117811.50, EMA25=117727.51, EMA50=117659.27, 趋势=禁空
[2025-07-12 16:30:41] BTCUSDT 1h: 当前价格=117811.40, EMA25=117262.54, EMA50=115892.32, 趋势=禁空
==============================

===== 趋势分析结果 (2025-07-12 16:45:41) =====
[2025-07-12 16:45:41] BTCUSDT 15m: 当前价格=117786.30, EMA25=117729.58, EMA50=117662.95, 趋势=禁空
[2025-07-12 16:45:41] BTCUSDT 1h: 当前价格=117786.40, EMA25=117260.62, EMA50=115891.33, 趋势=禁空
==============================

===== 趋势分析结果 (2025-07-12 17:00:41) =====
[2025-07-12 17:00:41] BTCUSDT 15m: 当前价格=117843.50, EMA25=117744.37, EMA50=117673.23, 趋势=禁空
[2025-07-12 17:00:41] BTCUSDT 1h: 当前价格=117843.60, EMA25=117311.48, EMA50=115971.09, 趋势=禁空
==============================

===== 趋势分析结果 (2025-07-12 17:15:41) =====
[2025-07-12 17:15:41] BTCUSDT 15m: 当前价格=117829.40, EMA25=117749.91, EMA50=117678.83, 趋势=禁空
[2025-07-12 17:15:41] BTCUSDT 1h: 当前价格=117829.40, EMA25=117310.39, EMA50=115970.53, 趋势=禁空
==============================

===== 趋势分析结果 (2025-07-12 17:30:41) =====
[2025-07-12 17:30:41] BTCUSDT 15m: 当前价格=117929.60, EMA25=117770.85, EMA50=117692.44, 趋势=禁空
[2025-07-12 17:30:41] BTCUSDT 1h: 当前价格=117929.60, EMA25=117318.10, EMA50=115974.46, 趋势=禁空
==============================

===== 趋势分析结果 (2025-07-12 17:45:41) =====
[2025-07-12 17:45:41] BTCUSDT 15m: 当前价格=118000.10, EMA25=117794.32, EMA50=117707.60, 趋势=禁空
[2025-07-12 17:45:41] BTCUSDT 1h: 当前价格=118000.10, EMA25=117323.52, EMA50=115977.23, 趋势=禁空
==============================

===== 趋势分析结果 (2025-07-12 18:00:40) =====
[2025-07-12 18:00:39] BTCUSDT 15m: 当前价格=118067.50, EMA25=117823.84, EMA50=117726.22, 趋势=禁空
[2025-07-12 18:00:40] BTCUSDT 1h: 当前价格=118067.50, EMA25=117389.25, EMA50=116063.71, 趋势=禁空
==============================

===== 趋势分析结果 (2025-07-12 18:15:40) =====
[2025-07-12 18:15:39] BTCUSDT 15m: 当前价格=117944.20, EMA25=117824.33, EMA50=117730.12, 趋势=禁空
[2025-07-12 18:15:40] BTCUSDT 1h: 当前价格=117944.20, EMA25=117379.77, EMA50=116058.87, 趋势=禁空
==============================

===== 趋势分析结果 (2025-07-12 18:30:40) =====
[2025-07-12 18:30:39] BTCUSDT 15m: 当前价格=118038.70, EMA25=117846.94, EMA50=117745.47, 趋势=禁空
[2025-07-12 18:30:40] BTCUSDT 1h: 当前价格=118038.70, EMA25=117387.04, EMA50=116062.58, 趋势=禁空
==============================

===== 趋势分析结果 (2025-07-12 18:45:40) =====
[2025-07-12 18:45:39] BTCUSDT 15m: 当前价格=118050.00, EMA25=117862.29, EMA50=117757.27, 趋势=禁空
[2025-07-12 18:45:40] BTCUSDT 1h: 当前价格=118050.00, EMA25=117387.90, EMA50=116063.02, 趋势=禁空
==============================

===== 趋势分析结果 (2025-07-12 19:00:40) =====
[2025-07-12 19:00:39] BTCUSDT 15m: 当前价格=118029.30, EMA25=117873.18, EMA50=117766.90, 趋势=禁空
[2025-07-12 19:00:40] BTCUSDT 1h: 当前价格=118029.20, EMA25=117435.28, EMA50=116139.09, 趋势=禁空
==============================

===== 趋势分析结果 (2025-07-12 19:15:40) =====
[2025-07-12 19:15:39] BTCUSDT 15m: 当前价格=117901.20, EMA25=117866.24, EMA50=117767.34, 趋势=禁空
[2025-07-12 19:15:40] BTCUSDT 1h: 当前价格=117901.10, EMA25=117425.42, EMA50=116134.06, 趋势=禁空
==============================

===== 趋势分析结果 (2025-07-12 19:30:40) =====
[2025-07-12 19:30:39] BTCUSDT 15m: 当前价格=117950.40, EMA25=117876.21, EMA50=117776.37, 趋势=禁空
[2025-07-12 19:30:40] BTCUSDT 1h: 当前价格=117950.50, EMA25=117429.22, EMA50=116136.00, 趋势=禁空
==============================

===== 趋势分析结果 (2025-07-12 19:45:40) =====
[2025-07-12 19:45:39] BTCUSDT 15m: 当前价格=117671.30, EMA25=117838.67, EMA50=117760.70, 趋势=混沌
[2025-07-12 19:45:40] BTCUSDT 1h: 当前价格=117671.20, EMA25=117407.74, EMA50=116125.05, 趋势=禁空
==============================

===== 趋势分析结果 (2025-07-12 20:00:40) =====
[2025-07-12 20:00:39] BTCUSDT 15m: 当前价格=117774.30, EMA25=117840.99, EMA50=117765.09, 趋势=混沌
[2025-07-12 20:00:40] BTCUSDT 1h: 当前价格=117779.90, EMA25=117443.64, EMA50=116193.80, 趋势=禁空
==============================

===== 趋势分析结果 (2025-07-12 20:15:40) =====
[2025-07-12 20:15:39] BTCUSDT 15m: 当前价格=117722.60, EMA25=117829.69, EMA50=117762.26, 趋势=混沌
[2025-07-12 20:15:40] BTCUSDT 1h: 当前价格=117722.60, EMA25=117439.23, EMA50=116191.56, 趋势=禁空
==============================

===== 趋势分析结果 (2025-07-12 20:30:40) =====
[2025-07-12 20:30:39] BTCUSDT 15m: 当前价格=117631.90, EMA25=117807.43, EMA50=117753.41, 趋势=混沌
[2025-07-12 20:30:40] BTCUSDT 1h: 当前价格=117631.90, EMA25=117432.25, EMA50=116188.00, 趋势=禁空
==============================

===== 趋势分析结果 (2025-07-12 20:45:40) =====
[2025-07-12 20:45:39] BTCUSDT 15m: 当前价格=117457.80, EMA25=117767.62, EMA50=117734.96, 趋势=混沌
[2025-07-12 20:45:40] BTCUSDT 1h: 当前价格=117457.80, EMA25=117418.86, EMA50=116181.17, 趋势=禁空
==============================

===== 趋势分析结果 (2025-07-12 21:00:40) =====
[2025-07-12 21:00:39] BTCUSDT 15m: 当前价格=117472.30, EMA25=117747.46, EMA50=117726.02, 趋势=混沌
[2025-07-12 21:00:40] BTCUSDT 1h: 当前价格=117472.30, EMA25=117425.53, EMA50=116233.16, 趋势=禁空
==============================

===== 趋势分析结果 (2025-07-12 21:16:35) =====
==============================

===== 趋势分析结果 (2025-07-12 21:19:25) =====
[2025-07-12 21:19:21] BTCUSDT 15m: 当前价格=117344.00, EMA25=117714.26, EMA50=117709.89, 趋势=混沌
[2025-07-12 21:19:25] BTCUSDT 1h: 当前价格=117343.90, EMA25=117415.66, EMA50=116228.13, 趋势=禁多
==============================

===== 趋势分析结果 (2025-07-12 21:34:26) =====
[2025-07-12 21:34:25] BTCUSDT 15m: 当前价格=117381.40, EMA25=117683.10, EMA50=117694.06, 趋势=禁多
[2025-07-12 21:34:26] BTCUSDT 1h: 当前价格=117381.30, EMA25=117418.53, EMA50=116229.59, 趋势=禁多
==============================

===== 趋势分析结果 (2025-07-12 21:49:26) =====
[2025-07-12 21:49:25] BTCUSDT 15m: 当前价格=117286.80, EMA25=117649.12, EMA50=117676.23, 趋势=禁多
[2025-07-12 21:49:26] BTCUSDT 1h: 当前价格=117286.80, EMA25=117411.26, EMA50=116225.89, 趋势=禁多
==============================

