===== 趋势分析结果 (2025-06-12 00:00:16) =====
[2025-06-12 00:00:13] BTCUSDT 15m: 当前价格=109705.80, EMA25=109639.67, EMA60=109558.73, EMA120=109376.80, 趋势=上涨趋势
[2025-06-12 00:00:14] BTCUSDT 1h: 当前价格=109705.90, EMA25=109462.18, EMA60=108735.20, EMA120=107624.07, 趋势=上涨趋势
[2025-06-12 00:00:14] BTCUSDT 4h: 当前价格=109705.90, EMA25=108104.55, EMA60=106850.11, EMA120=105995.94, 趋势=上涨趋势
[2025-06-12 00:00:14] BTCUSDT 1d: 当前价格=109715.10, EMA25=105699.43, EMA60=101105.42, EMA120=96632.44, 趋势=上涨趋势
[2025-06-12 00:00:15] ETHUSDT 15m: 当前价格=2863.22, EMA25=2818.25, EMA60=2797.00, EMA120=2766.37, 趋势=上涨趋势
[2025-06-12 00:00:16] ETHUSDT 1h: 当前价格=2863.00, EMA25=2783.44, EMA60=2712.88, EMA120=2648.12, 趋势=上涨趋势
[2025-06-12 00:00:16] ETHUSDT 4h: 当前价格=2863.34, EMA25=2684.42, EMA60=2617.27, EMA120=2564.71, 趋势=上涨趋势
[2025-06-12 00:00:16] ETHUSDT 1d: 当前价格=2863.33, EMA25=2549.82, EMA60=2366.61, EMA120=2362.37, 趋势=上涨趋势
==============================

===== 趋势分析结果 (2025-06-12 00:15:15) =====
[2025-06-12 00:15:13] BTCUSDT 15m: 当前价格=109429.70, EMA25=109602.81, EMA60=109545.25, EMA120=109372.94, 趋势=震荡行情
[2025-06-12 00:15:14] BTCUSDT 1h: 当前价格=109439.10, EMA25=109441.65, EMA60=108726.45, EMA120=107619.66, 趋势=震荡行情
[2025-06-12 00:15:14] BTCUSDT 4h: 当前价格=109429.80, EMA25=108083.31, EMA60=106841.05, EMA120=105991.38, 趋势=上涨趋势
[2025-06-12 00:15:14] BTCUSDT 1d: 当前价格=109429.70, EMA25=105677.48, EMA60=101096.07, EMA120=96627.72, 趋势=上涨趋势
[2025-06-12 00:15:15] ETHUSDT 15m: 当前价格=2859.45, EMA25=2821.03, EMA60=2798.87, EMA120=2767.82, 趋势=上涨趋势
[2025-06-12 00:15:15] ETHUSDT 1h: 当前价格=2859.45, EMA25=2783.16, EMA60=2712.77, EMA120=2648.06, 趋势=上涨趋势
[2025-06-12 00:15:15] ETHUSDT 4h: 当前价格=2859.45, EMA25=2684.12, EMA60=2617.14, EMA120=2564.65, 趋势=上涨趋势
[2025-06-12 00:15:15] ETHUSDT 1d: 当前价格=2859.77, EMA25=2549.54, EMA60=2366.49, EMA120=2362.31, 趋势=上涨趋势
==============================

===== 趋势分析结果 (2025-06-12 07:05:18) =====
[2025-06-12 07:05:16] BTCUSDT 15m: 当前价格=108412.20, EMA25=108767.59, EMA60=109071.57, EMA120=109158.87, 趋势=下跌趋势
[2025-06-12 07:05:17] BTCUSDT 1h: 当前价格=108412.20, EMA25=109084.13, EMA60=108705.11, EMA120=107730.80, 趋势=震荡行情
[2025-06-12 07:05:17] BTCUSDT 4h: 当前价格=108412.20, EMA25=108055.69, EMA60=106868.93, EMA120=106019.28, 趋势=上涨趋势
[2025-06-12 07:05:17] BTCUSDT 1d: 当前价格=108412.20, EMA25=105599.21, EMA60=101062.70, EMA120=96610.90, 趋势=上涨趋势
[2025-06-12 07:05:18] ETHUSDT 15m: 当前价格=2763.92, EMA25=2799.94, EMA60=2803.50, EMA120=2783.20, 趋势=下跌趋势
[2025-06-12 07:05:18] ETHUSDT 1h: 当前价格=2763.92, EMA25=2787.66, EMA60=2730.12, EMA120=2664.47, 趋势=震荡行情
[2025-06-12 07:05:18] ETHUSDT 4h: 当前价格=2763.84, EMA25=2686.88, EMA60=2620.45, EMA120=2567.17, 趋势=上涨趋势
[2025-06-12 07:05:18] ETHUSDT 1d: 当前价格=2763.93, EMA25=2542.17, EMA60=2363.35, EMA120=2360.72, 趋势=上涨趋势
==============================

===== 趋势分析结果 (2025-06-12 07:05:21) =====
[2025-06-12 07:05:19] BTCUSDT 15m: 当前价格=108412.20, EMA25=108767.59, EMA60=109071.57, EMA120=109158.87, 趋势=下跌趋势
[2025-06-12 07:05:19] BTCUSDT 1h: 当前价格=108412.30, EMA25=109084.13, EMA60=108705.11, EMA120=107730.80, 趋势=震荡行情
[2025-06-12 07:05:19] BTCUSDT 4h: 当前价格=108412.20, EMA25=108055.69, EMA60=106868.93, EMA120=106019.28, 趋势=上涨趋势
[2025-06-12 07:05:20] BTCUSDT 1d: 当前价格=108412.20, EMA25=105599.21, EMA60=101062.70, EMA120=96610.90, 趋势=上涨趋势
[2025-06-12 07:05:20] ETHUSDT 15m: 当前价格=2763.92, EMA25=2799.94, EMA60=2803.50, EMA120=2783.20, 趋势=下跌趋势
[2025-06-12 07:05:20] ETHUSDT 1h: 当前价格=2763.92, EMA25=2787.66, EMA60=2730.12, EMA120=2664.47, 趋势=震荡行情
[2025-06-12 07:05:21] ETHUSDT 4h: 当前价格=2763.92, EMA25=2686.88, EMA60=2620.45, EMA120=2567.17, 趋势=上涨趋势
[2025-06-12 07:05:21] ETHUSDT 1d: 当前价格=2763.93, EMA25=2542.17, EMA60=2363.35, EMA120=2360.72, 趋势=上涨趋势
==============================

===== 趋势分析结果 (2025-06-12 13:48:53) =====
[2025-06-12 13:48:51] BTCUSDT 15m: 当前价格=107663.70, EMA25=108061.77, EMA60=108490.61, EMA120=108789.73, 趋势=下跌趋势
[2025-06-12 13:48:51] BTCUSDT 1h: 当前价格=107663.70, EMA25=108704.14, EMA60=108599.44, EMA120=107769.09, 趋势=震荡行情
[2025-06-12 13:48:52] BTCUSDT 4h: 当前价格=107663.80, EMA25=108021.15, EMA60=106930.93, EMA120=106078.76, 趋势=震荡行情
[2025-06-12 13:48:52] BTCUSDT 1d: 当前价格=107663.70, EMA25=105771.35, EMA60=101285.09, EMA120=96796.85, 趋势=上涨趋势
[2025-06-12 13:48:52] ETHUSDT 15m: 当前价格=2759.32, EMA25=2766.56, EMA60=2779.88, EMA120=2776.35, 趋势=下跌趋势
[2025-06-12 13:48:53] ETHUSDT 1h: 当前价格=2759.32, EMA25=2779.12, EMA60=2736.59, EMA120=2674.12, 趋势=震荡行情
[2025-06-12 13:48:53] ETHUSDT 4h: 当前价格=2759.32, EMA25=2698.35, EMA60=2629.75, EMA120=2573.65, 趋势=上涨趋势
[2025-06-12 13:48:53] ETHUSDT 1d: 当前价格=2759.32, EMA25=2559.33, EMA60=2376.54, EMA120=2367.42, 趋势=上涨趋势
==============================

===== 趋势分析结果 (2025-06-12 14:03:55) =====
[2025-06-12 14:03:53] BTCUSDT 15m: 当前价格=107711.20, EMA25=108037.67, EMA60=108466.34, EMA120=108772.57, 趋势=下跌趋势
[2025-06-12 14:03:54] BTCUSDT 1h: 当前价格=107711.30, EMA25=108630.65, EMA60=108571.61, EMA120=107768.75, 趋势=震荡行情
[2025-06-12 14:03:54] BTCUSDT 4h: 当前价格=107711.20, EMA25=108024.80, EMA60=106932.48, EMA120=106079.55, 趋势=震荡行情
[2025-06-12 14:03:54] BTCUSDT 1d: 当前价格=107711.30, EMA25=105775.01, EMA60=101286.65, EMA120=96797.63, 趋势=上涨趋势
[2025-06-12 14:03:55] ETHUSDT 15m: 当前价格=2763.07, EMA25=2766.62, EMA60=2779.48, EMA120=2776.21, 趋势=下跌趋势
[2025-06-12 14:03:55] ETHUSDT 1h: 当前价格=2763.07, EMA25=2778.22, EMA60=2737.61, EMA120=2675.67, 趋势=震荡行情
[2025-06-12 14:03:55] ETHUSDT 4h: 当前价格=2763.07, EMA25=2698.64, EMA60=2629.87, EMA120=2573.71, 趋势=上涨趋势
[2025-06-12 14:03:55] ETHUSDT 1d: 当前价格=2763.08, EMA25=2559.62, EMA60=2376.66, EMA120=2367.48, 趋势=上涨趋势
==============================

===== 趋势分析结果 (2025-06-12 14:18:56) =====
[2025-06-12 14:18:53] BTCUSDT 15m: 当前价格=107641.70, EMA25=108006.21, EMA60=108438.85, EMA120=108753.66, 趋势=下跌趋势
[2025-06-12 14:18:54] BTCUSDT 1h: 当前价格=107659.90, EMA25=108626.69, EMA60=108569.92, EMA120=107767.90, 趋势=震荡行情
[2025-06-12 14:18:54] BTCUSDT 4h: 当前价格=107659.90, EMA25=108020.85, EMA60=106930.80, EMA120=106078.70, 趋势=震荡行情
[2025-06-12 14:18:55] BTCUSDT 1d: 当前价格=107641.70, EMA25=105769.66, EMA60=101284.37, EMA120=96796.48, 趋势=上涨趋势
[2025-06-12 14:18:55] ETHUSDT 15m: 当前价格=2756.51, EMA25=2765.59, EMA60=2778.61, EMA120=2775.82, 趋势=下跌趋势
[2025-06-12 14:18:55] ETHUSDT 1h: 当前价格=2756.51, EMA25=2777.71, EMA60=2737.39, EMA120=2675.56, 趋势=震荡行情
[2025-06-12 14:18:55] ETHUSDT 4h: 当前价格=2756.52, EMA25=2698.14, EMA60=2629.66, EMA120=2573.60, 趋势=上涨趋势
[2025-06-12 14:18:56] ETHUSDT 1d: 当前价格=2756.52, EMA25=2559.12, EMA60=2376.44, EMA120=2367.37, 趋势=上涨趋势
==============================

===== 趋势分析结果 (2025-06-12 14:33:55) =====
[2025-06-12 14:33:53] BTCUSDT 15m: 当前价格=107855.80, EMA25=108002.57, EMA60=108423.28, EMA120=108740.65, 趋势=下跌趋势
[2025-06-12 14:33:54] BTCUSDT 1h: 当前价格=107855.90, EMA25=108641.77, EMA60=108576.35, EMA120=107771.14, 趋势=震荡行情
[2025-06-12 14:33:54] BTCUSDT 4h: 当前价格=107855.90, EMA25=108035.93, EMA60=106937.23, EMA120=106081.94, 趋势=震荡行情
[2025-06-12 14:33:54] BTCUSDT 1d: 当前价格=107855.90, EMA25=105786.13, EMA60=101291.39, EMA120=96800.02, 趋势=上涨趋势
[2025-06-12 14:33:55] ETHUSDT 15m: 当前价格=2764.43, EMA25=2765.92, EMA60=2778.33, EMA120=2775.73, 趋势=下跌趋势
[2025-06-12 14:33:55] ETHUSDT 1h: 当前价格=2764.44, EMA25=2778.32, EMA60=2737.65, EMA120=2675.69, 趋势=震荡行情
[2025-06-12 14:33:55] ETHUSDT 4h: 当前价格=2764.43, EMA25=2698.74, EMA60=2629.92, EMA120=2573.73, 趋势=上涨趋势
[2025-06-12 14:33:55] ETHUSDT 1d: 当前价格=2764.43, EMA25=2559.72, EMA60=2376.70, EMA120=2367.50, 趋势=上涨趋势
==============================

===== 趋势分析结果 (2025-06-12 14:48:55) =====
[2025-06-12 14:48:53] BTCUSDT 15m: 当前价格=107875.90, EMA25=107997.41, EMA60=108407.38, EMA120=108727.42, 趋势=下跌趋势
[2025-06-12 14:48:54] BTCUSDT 1h: 当前价格=107875.90, EMA25=108643.31, EMA60=108577.01, EMA120=107771.47, 趋势=震荡行情
[2025-06-12 14:48:54] BTCUSDT 4h: 当前价格=107875.90, EMA25=108037.47, EMA60=106937.88, EMA120=106082.27, 趋势=震荡行情
[2025-06-12 14:48:54] BTCUSDT 1d: 当前价格=107875.90, EMA25=105787.67, EMA60=101292.04, EMA120=96800.36, 趋势=上涨趋势
[2025-06-12 14:48:55] ETHUSDT 15m: 当前价格=2768.07, EMA25=2766.67, EMA60=2778.26, EMA120=2775.74, 趋势=震荡行情
[2025-06-12 14:48:55] ETHUSDT 1h: 当前价格=2768.06, EMA25=2778.60, EMA60=2737.77, EMA120=2675.75, 趋势=震荡行情
[2025-06-12 14:48:55] ETHUSDT 4h: 当前价格=2768.19, EMA25=2699.03, EMA60=2630.04, EMA120=2573.80, 趋势=上涨趋势
[2025-06-12 14:48:55] ETHUSDT 1d: 当前价格=2768.19, EMA25=2560.01, EMA60=2376.83, EMA120=2367.57, 趋势=上涨趋势
==============================

===== 趋势分析结果 (2025-06-12 15:03:55) =====
[2025-06-12 15:03:53] BTCUSDT 15m: 当前价格=107899.40, EMA25=107988.40, EMA60=108390.07, EMA120=108713.41, 趋势=下跌趋势
[2025-06-12 15:03:54] BTCUSDT 1h: 当前价格=107899.40, EMA25=108584.62, EMA60=108554.13, EMA120=107773.21, 趋势=震荡行情
[2025-06-12 15:03:54] BTCUSDT 4h: 当前价格=107899.40, EMA25=108039.27, EMA60=106938.66, EMA120=106082.66, 趋势=震荡行情
[2025-06-12 15:03:54] BTCUSDT 1d: 当前价格=107899.40, EMA25=105789.48, EMA60=101292.81, EMA120=96800.74, 趋势=上涨趋势
[2025-06-12 15:03:55] ETHUSDT 15m: 当前价格=2768.58, EMA25=2766.75, EMA60=2777.91, EMA120=2775.61, 趋势=震荡行情
[2025-06-12 15:03:55] ETHUSDT 1h: 当前价格=2768.58, EMA25=2777.77, EMA60=2738.76, EMA120=2677.27, 趋势=震荡行情
[2025-06-12 15:03:55] ETHUSDT 4h: 当前价格=2768.57, EMA25=2699.06, EMA60=2630.05, EMA120=2573.80, 趋势=上涨趋势
[2025-06-12 15:03:55] ETHUSDT 1d: 当前价格=2768.57, EMA25=2560.04, EMA60=2376.84, EMA120=2367.57, 趋势=上涨趋势
==============================

===== 趋势分析结果 (2025-06-12 15:18:55) =====
[2025-06-12 15:18:53] BTCUSDT 15m: 当前价格=107819.40, EMA25=107969.49, EMA60=108368.71, EMA120=108697.29, 趋势=下跌趋势
[2025-06-12 15:18:54] BTCUSDT 1h: 当前价格=107819.40, EMA25=108578.46, EMA60=108551.51, EMA120=107771.89, 趋势=震荡行情
[2025-06-12 15:18:54] BTCUSDT 4h: 当前价格=107819.40, EMA25=108033.12, EMA60=106936.03, EMA120=106081.33, 趋势=震荡行情
[2025-06-12 15:18:54] BTCUSDT 1d: 当前价格=107819.40, EMA25=105783.33, EMA60=101290.19, EMA120=96799.42, 趋势=上涨趋势
[2025-06-12 15:18:55] ETHUSDT 15m: 当前价格=2768.30, EMA25=2766.78, EMA60=2777.55, EMA120=2775.47, 趋势=震荡行情
[2025-06-12 15:18:55] ETHUSDT 1h: 当前价格=2767.97, EMA25=2777.72, EMA60=2738.74, EMA120=2677.26, 趋势=震荡行情
[2025-06-12 15:18:55] ETHUSDT 4h: 当前价格=2767.97, EMA25=2699.02, EMA60=2630.03, EMA120=2573.79, 趋势=上涨趋势
[2025-06-12 15:18:55] ETHUSDT 1d: 当前价格=2767.97, EMA25=2560.00, EMA60=2376.82, EMA120=2367.56, 趋势=上涨趋势
==============================

===== 趋势分析结果 (2025-06-12 15:33:55) =====
[2025-06-12 15:33:53] BTCUSDT 15m: 当前价格=107588.90, EMA25=107926.12, EMA60=108336.86, EMA120=108675.76, 趋势=下跌趋势
[2025-06-12 15:33:54] BTCUSDT 1h: 当前价格=107588.90, EMA25=108560.73, EMA60=108543.95, EMA120=107768.08, 趋势=震荡行情
[2025-06-12 15:33:54] BTCUSDT 4h: 当前价格=107588.90, EMA25=108015.39, EMA60=106928.47, EMA120=106077.52, 趋势=震荡行情
[2025-06-12 15:33:54] BTCUSDT 1d: 当前价格=107588.90, EMA25=105765.60, EMA60=101282.63, EMA120=96795.61, 趋势=上涨趋势
[2025-06-12 15:33:55] ETHUSDT 15m: 当前价格=2755.31, EMA25=2765.10, EMA60=2776.47, EMA120=2774.95, 趋势=下跌趋势
[2025-06-12 15:33:55] ETHUSDT 1h: 当前价格=2755.59, EMA25=2776.77, EMA60=2738.33, EMA120=2677.05, 趋势=震荡行情
[2025-06-12 15:33:55] ETHUSDT 4h: 当前价格=2755.44, EMA25=2698.05, EMA60=2629.62, EMA120=2573.59, 趋势=上涨趋势
[2025-06-12 15:33:55] ETHUSDT 1d: 当前价格=2755.59, EMA25=2559.04, EMA60=2376.41, EMA120=2367.36, 趋势=上涨趋势
==============================

===== 趋势分析结果 (2025-06-12 15:48:55) =====
[2025-06-12 15:48:53] BTCUSDT 15m: 当前价格=107622.60, EMA25=107899.45, EMA60=108311.95, EMA120=108657.60, 趋势=下跌趋势
[2025-06-12 15:48:54] BTCUSDT 1h: 当前价格=107624.80, EMA25=108563.49, EMA60=108545.13, EMA120=107768.67, 趋势=震荡行情
[2025-06-12 15:48:54] BTCUSDT 4h: 当前价格=107622.60, EMA25=108017.98, EMA60=106929.58, EMA120=106078.08, 趋势=震荡行情
[2025-06-12 15:48:54] BTCUSDT 1d: 当前价格=107622.60, EMA25=105768.19, EMA60=101283.74, EMA120=96796.17, 趋势=上涨趋势
[2025-06-12 15:48:55] ETHUSDT 15m: 当前价格=2748.26, EMA25=2763.02, EMA60=2775.19, EMA120=2774.33, 趋势=下跌趋势
[2025-06-12 15:48:55] ETHUSDT 1h: 当前价格=2748.47, EMA25=2776.22, EMA60=2738.10, EMA120=2676.93, 趋势=震荡行情
[2025-06-12 15:48:55] ETHUSDT 4h: 当前价格=2748.47, EMA25=2697.52, EMA60=2629.40, EMA120=2573.47, 趋势=上涨趋势
[2025-06-12 15:48:55] ETHUSDT 1d: 当前价格=2748.35, EMA25=2558.49, EMA60=2376.18, EMA120=2367.24, 趋势=上涨趋势
==============================

===== 趋势分析结果 (2025-06-12 16:03:55) =====
[2025-06-12 16:03:53] BTCUSDT 15m: 当前价格=107518.70, EMA25=107866.92, EMA60=108284.50, EMA120=108638.04, 趋势=下跌趋势
[2025-06-12 16:03:54] BTCUSDT 1h: 当前价格=107518.70, EMA25=108479.73, EMA60=108509.96, EMA120=107763.72, 趋势=下跌趋势
[2025-06-12 16:03:54] BTCUSDT 4h: 当前价格=107518.80, EMA25=107976.34, EMA60=106947.45, EMA120=106101.18, 趋势=震荡行情
[2025-06-12 16:03:54] BTCUSDT 1d: 当前价格=107518.80, EMA25=105760.20, EMA60=101280.34, EMA120=96794.45, 趋势=上涨趋势
[2025-06-12 16:03:55] ETHUSDT 15m: 当前价格=2740.13, EMA25=2760.63, EMA60=2773.76, EMA120=2773.62, 趋势=下跌趋势
[2025-06-12 16:03:55] ETHUSDT 1h: 当前价格=2740.13, EMA25=2772.80, EMA60=2737.88, EMA120=2677.83, 趋势=震荡行情
[2025-06-12 16:03:55] ETHUSDT 4h: 当前价格=2739.72, EMA25=2700.12, EMA60=2632.73, EMA120=2576.07, 趋势=上涨趋势
[2025-06-12 16:03:55] ETHUSDT 1d: 当前价格=2740.13, EMA25=2557.85, EMA60=2375.91, EMA120=2367.10, 趋势=上涨趋势
==============================

===== 趋势分析结果 (2025-06-12 16:18:55) =====
[2025-06-12 16:18:53] BTCUSDT 15m: 当前价格=107635.10, EMA25=107861.32, EMA60=108268.67, EMA120=108624.28, 趋势=下跌趋势
[2025-06-12 16:18:54] BTCUSDT 1h: 当前价格=107630.00, EMA25=108488.29, EMA60=108513.61, EMA120=107765.56, 趋势=下跌趋势
[2025-06-12 16:18:54] BTCUSDT 4h: 当前价格=107630.10, EMA25=107984.91, EMA60=106951.10, EMA120=106103.02, 趋势=震荡行情
[2025-06-12 16:18:54] BTCUSDT 1d: 当前价格=107630.00, EMA25=105768.76, EMA60=101283.98, EMA120=96796.29, 趋势=上涨趋势
[2025-06-12 16:18:55] ETHUSDT 15m: 当前价格=2746.38, EMA25=2760.10, EMA60=2773.12, EMA120=2773.30, 趋势=下跌趋势
[2025-06-12 16:18:55] ETHUSDT 1h: 当前价格=2746.52, EMA25=2773.29, EMA60=2738.09, EMA120=2677.94, 趋势=震荡行情
[2025-06-12 16:18:55] ETHUSDT 4h: 当前价格=2746.56, EMA25=2700.65, EMA60=2632.95, EMA120=2576.19, 趋势=上涨趋势
[2025-06-12 16:18:55] ETHUSDT 1d: 当前价格=2746.52, EMA25=2558.35, EMA60=2376.12, EMA120=2367.21, 趋势=上涨趋势
==============================

===== 趋势分析结果 (2025-06-12 16:33:55) =====
[2025-06-12 16:33:53] BTCUSDT 15m: 当前价格=107771.60, EMA25=107863.86, EMA60=108256.59, EMA120=108612.36, 趋势=下跌趋势
[2025-06-12 16:33:54] BTCUSDT 1h: 当前价格=107762.60, EMA25=108498.49, EMA60=108517.96, EMA120=107767.75, 趋势=下跌趋势
[2025-06-12 16:33:54] BTCUSDT 4h: 当前价格=107767.30, EMA25=107995.46, EMA60=106955.60, EMA120=106105.28, 趋势=震荡行情
[2025-06-12 16:33:54] BTCUSDT 1d: 当前价格=107771.60, EMA25=105779.65, EMA60=101288.62, EMA120=96798.63, 趋势=上涨趋势
[2025-06-12 16:33:55] ETHUSDT 15m: 当前价格=2754.09, EMA25=2760.11, EMA60=2772.71, EMA120=2773.09, 趋势=下跌趋势
[2025-06-12 16:33:55] ETHUSDT 1h: 当前价格=2754.09, EMA25=2773.88, EMA60=2738.33, EMA120=2678.06, 趋势=震荡行情
[2025-06-12 16:33:55] ETHUSDT 4h: 当前价格=2754.00, EMA25=2701.22, EMA60=2633.19, EMA120=2576.31, 趋势=上涨趋势
[2025-06-12 16:33:55] ETHUSDT 1d: 当前价格=2754.09, EMA25=2558.93, EMA60=2376.36, EMA120=2367.33, 趋势=上涨趋势
==============================

===== 趋势分析结果 (2025-06-12 16:48:55) =====
[2025-06-12 16:48:53] BTCUSDT 15m: 当前价格=107695.50, EMA25=107844.12, EMA60=108235.16, EMA120=108595.66, 趋势=下跌趋势
[2025-06-12 16:48:54] BTCUSDT 1h: 当前价格=107700.00, EMA25=108493.68, EMA60=108515.90, EMA120=107766.72, 趋势=下跌趋势
[2025-06-12 16:48:54] BTCUSDT 4h: 当前价格=107700.00, EMA25=107990.28, EMA60=106953.39, EMA120=106104.17, 趋势=震荡行情
[2025-06-12 16:48:54] BTCUSDT 1d: 当前价格=107699.90, EMA25=105774.13, EMA60=101286.27, EMA120=96797.45, 趋势=上涨趋势
[2025-06-12 16:48:55] ETHUSDT 15m: 当前价格=2755.50, EMA25=2759.65, EMA60=2772.09, EMA120=2772.78, 趋势=下跌趋势
[2025-06-12 16:48:55] ETHUSDT 1h: 当前价格=2755.50, EMA25=2773.99, EMA60=2738.38, EMA120=2678.08, 趋势=震荡行情
[2025-06-12 16:48:55] ETHUSDT 4h: 当前价格=2757.18, EMA25=2701.47, EMA60=2633.30, EMA120=2576.36, 趋势=上涨趋势
[2025-06-12 16:48:55] ETHUSDT 1d: 当前价格=2756.39, EMA25=2559.11, EMA60=2376.44, EMA120=2367.37, 趋势=上涨趋势
==============================

===== 趋势分析结果 (2025-06-12 17:03:56) =====
[2025-06-12 17:03:54] BTCUSDT 15m: 当前价格=107727.20, EMA25=107834.45, EMA60=108218.20, EMA120=108581.17, 趋势=下跌趋势
[2025-06-12 17:03:54] BTCUSDT 1h: 当前价格=107727.30, EMA25=108433.72, EMA60=108489.60, EMA120=107765.81, 趋势=下跌趋势
[2025-06-12 17:03:54] BTCUSDT 4h: 当前价格=107727.30, EMA25=107992.38, EMA60=106954.29, EMA120=106104.62, 趋势=震荡行情
[2025-06-12 17:03:54] BTCUSDT 1d: 当前价格=107727.30, EMA25=105776.24, EMA60=101287.17, EMA120=96797.90, 趋势=上涨趋势
[2025-06-12 17:03:55] ETHUSDT 15m: 当前价格=2760.33, EMA25=2759.76, EMA60=2771.73, EMA120=2772.59, 趋势=震荡行情
[2025-06-12 17:03:55] ETHUSDT 1h: 当前价格=2760.43, EMA25=2773.00, EMA60=2739.13, EMA120=2679.45, 趋势=震荡行情
[2025-06-12 17:03:55] ETHUSDT 4h: 当前价格=2760.33, EMA25=2701.71, EMA60=2633.40, EMA120=2576.41, 趋势=上涨趋势
[2025-06-12 17:03:56] ETHUSDT 1d: 当前价格=2760.43, EMA25=2559.42, EMA60=2376.57, EMA120=2367.44, 趋势=上涨趋势
==============================

===== 趋势分析结果 (2025-06-12 17:18:55) =====
[2025-06-12 17:18:53] BTCUSDT 15m: 当前价格=107584.00, EMA25=107805.18, EMA60=108192.94, EMA120=108562.40, 趋势=下跌趋势
[2025-06-12 17:18:54] BTCUSDT 1h: 当前价格=107584.00, EMA25=108422.70, EMA60=108484.90, EMA120=107763.44, 趋势=下跌趋势
[2025-06-12 17:18:54] BTCUSDT 4h: 当前价格=107572.60, EMA25=107980.48, EMA60=106949.22, EMA120=106102.06, 趋势=震荡行情
[2025-06-12 17:18:54] BTCUSDT 1d: 当前价格=107572.60, EMA25=105764.34, EMA60=101282.10, EMA120=96795.34, 趋势=上涨趋势
[2025-06-12 17:18:55] ETHUSDT 15m: 当前价格=2751.59, EMA25=2758.56, EMA60=2770.82, EMA120=2772.11, 趋势=下跌趋势
[2025-06-12 17:18:55] ETHUSDT 1h: 当前价格=2751.60, EMA25=2772.32, EMA60=2738.84, EMA120=2679.31, 趋势=震荡行情
[2025-06-12 17:18:55] ETHUSDT 4h: 当前价格=2751.60, EMA25=2701.04, EMA60=2633.12, EMA120=2576.27, 趋势=上涨趋势
[2025-06-12 17:18:55] ETHUSDT 1d: 当前价格=2751.60, EMA25=2558.74, EMA60=2376.28, EMA120=2367.29, 趋势=上涨趋势
==============================

===== 趋势分析结果 (2025-06-12 17:33:58) =====
[2025-06-12 17:33:54] BTCUSDT 15m: 当前价格=107557.20, EMA25=107783.56, EMA60=108170.96, EMA120=108545.22, 趋势=下跌趋势
[2025-06-12 17:33:56] BTCUSDT 1h: 当前价格=107557.20, EMA25=108420.64, EMA60=108484.02, EMA120=107763.00, 趋势=下跌趋势
[2025-06-12 17:33:56] BTCUSDT 4h: 当前价格=107557.20, EMA25=107979.30, EMA60=106948.71, EMA120=106101.81, 趋势=震荡行情
[2025-06-12 17:33:57] BTCUSDT 1d: 当前价格=107557.20, EMA25=105763.16, EMA60=101281.59, EMA120=96795.09, 趋势=上涨趋势
[2025-06-12 17:33:57] ETHUSDT 15m: 当前价格=2754.53, EMA25=2758.42, EMA60=2770.36, EMA120=2771.86, 趋势=下跌趋势
[2025-06-12 17:33:58] ETHUSDT 1h: 当前价格=2754.41, EMA25=2772.53, EMA60=2738.93, EMA120=2679.36, 趋势=震荡行情
[2025-06-12 17:33:58] ETHUSDT 4h: 当前价格=2754.53, EMA25=2701.26, EMA60=2633.21, EMA120=2576.32, 趋势=上涨趋势
[2025-06-12 17:33:58] ETHUSDT 1d: 当前价格=2754.53, EMA25=2558.96, EMA60=2376.38, EMA120=2367.34, 趋势=上涨趋势
==============================

===== 趋势分析结果 (2025-06-12 17:48:55) =====
[2025-06-12 17:48:54] BTCUSDT 15m: 当前价格=107528.30, EMA25=107765.77, EMA60=108150.71, EMA120=108528.84, 趋势=下跌趋势
[2025-06-12 17:48:54] BTCUSDT 1h: 当前价格=107528.30, EMA25=108418.41, EMA60=108483.08, EMA120=107762.52, 趋势=下跌趋势
[2025-06-12 17:48:54] BTCUSDT 4h: 当前价格=107528.30, EMA25=107977.08, EMA60=106947.76, EMA120=106101.33, 趋势=震荡行情
[2025-06-12 17:48:54] BTCUSDT 1d: 当前价格=107528.30, EMA25=105760.93, EMA60=101280.65, EMA120=96794.61, 趋势=上涨趋势
[2025-06-12 17:48:55] ETHUSDT 15m: 当前价格=2752.28, EMA25=2757.96, EMA60=2769.77, EMA120=2771.54, 趋势=下跌趋势
[2025-06-12 17:48:55] ETHUSDT 1h: 当前价格=2752.28, EMA25=2772.37, EMA60=2738.86, EMA120=2679.32, 趋势=震荡行情
[2025-06-12 17:48:55] ETHUSDT 4h: 当前价格=2752.03, EMA25=2701.07, EMA60=2633.13, EMA120=2576.28, 趋势=上涨趋势
[2025-06-12 17:48:55] ETHUSDT 1d: 当前价格=2752.28, EMA25=2558.79, EMA60=2376.30, EMA120=2367.30, 趋势=上涨趋势
==============================

===== 趋势分析结果 (2025-06-12 18:03:55) =====
[2025-06-12 18:03:54] BTCUSDT 15m: 当前价格=107443.40, EMA25=107736.11, EMA60=108125.35, EMA120=108509.79, 趋势=下跌趋势
[2025-06-12 18:03:54] BTCUSDT 1h: 当前价格=107443.40, EMA25=108338.55, EMA60=108446.82, EMA120=107756.08, 趋势=下跌趋势
[2025-06-12 18:03:54] BTCUSDT 4h: 当前价格=107443.40, EMA25=107970.54, EMA60=106944.98, EMA120=106099.93, 趋势=震荡行情
[2025-06-12 18:03:54] BTCUSDT 1d: 当前价格=107443.40, EMA25=105754.40, EMA60=101277.86, EMA120=96793.21, 趋势=上涨趋势
[2025-06-12 18:03:55] ETHUSDT 15m: 当前价格=2749.45, EMA25=2757.25, EMA60=2769.08, EMA120=2771.16, 趋势=下跌趋势
[2025-06-12 18:03:55] ETHUSDT 1h: 当前价格=2749.45, EMA25=2770.55, EMA60=2739.18, EMA120=2680.46, 趋势=震荡行情
[2025-06-12 18:03:55] ETHUSDT 4h: 当前价格=2749.45, EMA25=2700.87, EMA60=2633.05, EMA120=2576.23, 趋势=上涨趋势
[2025-06-12 18:03:55] ETHUSDT 1d: 当前价格=2749.45, EMA25=2558.57, EMA60=2376.21, EMA120=2367.26, 趋势=上涨趋势
==============================

===== 趋势分析结果 (2025-06-12 18:18:55) =====
[2025-06-12 18:18:53] BTCUSDT 15m: 当前价格=107335.60, EMA25=107697.95, EMA60=108096.17, EMA120=108488.70, 趋势=下跌趋势
[2025-06-12 18:18:54] BTCUSDT 1h: 当前价格=107335.60, EMA25=108330.26, EMA60=108443.28, EMA120=107754.30, 趋势=下跌趋势
[2025-06-12 18:18:54] BTCUSDT 4h: 当前价格=107335.50, EMA25=107962.24, EMA60=106941.44, EMA120=106098.15, 趋势=震荡行情
[2025-06-12 18:18:54] BTCUSDT 1d: 当前价格=107335.60, EMA25=105746.11, EMA60=101274.33, EMA120=96791.42, 趋势=上涨趋势
[2025-06-12 18:18:55] ETHUSDT 15m: 当前价格=2743.02, EMA25=2755.76, EMA60=2768.05, EMA120=2770.60, 趋势=下跌趋势
[2025-06-12 18:18:55] ETHUSDT 1h: 当前价格=2743.03, EMA25=2770.06, EMA60=2738.97, EMA120=2680.36, 趋势=震荡行情
[2025-06-12 18:18:55] ETHUSDT 4h: 当前价格=2743.12, EMA25=2700.38, EMA60=2632.84, EMA120=2576.13, 趋势=上涨趋势
[2025-06-12 18:18:55] ETHUSDT 1d: 当前价格=2743.51, EMA25=2558.11, EMA60=2376.02, EMA120=2367.16, 趋势=上涨趋势
==============================

===== 趋势分析结果 (2025-06-12 18:33:58) =====
[2025-06-12 18:33:54] BTCUSDT 15m: 当前价格=107222.90, EMA25=107654.45, EMA60=108064.44, EMA120=108466.19, 趋势=下跌趋势
[2025-06-12 18:33:54] BTCUSDT 1h: 当前价格=107220.80, EMA25=108321.43, EMA60=108439.52, EMA120=107752.40, 趋势=下跌趋势
[2025-06-12 18:33:55] BTCUSDT 4h: 当前价格=107222.90, EMA25=107953.58, EMA60=106937.75, EMA120=106096.28, 趋势=震荡行情
[2025-06-12 18:33:55] BTCUSDT 1d: 当前价格=107222.90, EMA25=105737.44, EMA60=101270.63, EMA120=96789.56, 趋势=上涨趋势
[2025-06-12 18:33:56] ETHUSDT 15m: 当前价格=2736.87, EMA25=2754.03, EMA60=2766.90, EMA120=2769.98, 趋势=下跌趋势
[2025-06-12 18:33:56] ETHUSDT 1h: 当前价格=2736.00, EMA25=2769.52, EMA60=2738.74, EMA120=2680.24, 趋势=震荡行情
[2025-06-12 18:33:58] ETHUSDT 4h: 当前价格=2736.00, EMA25=2699.84, EMA60=2632.60, EMA120=2576.01, 趋势=上涨趋势
[2025-06-12 18:33:58] ETHUSDT 1d: 当前价格=2736.00, EMA25=2557.54, EMA60=2375.77, EMA120=2367.03, 趋势=上涨趋势
==============================

===== 趋势分析结果 (2025-06-12 18:48:55) =====
[2025-06-12 18:48:54] BTCUSDT 15m: 当前价格=107310.30, EMA25=107626.25, EMA60=108038.94, EMA120=108446.70, 趋势=下跌趋势
[2025-06-12 18:48:54] BTCUSDT 1h: 当前价格=107310.30, EMA25=108328.31, EMA60=108442.45, EMA120=107753.88, 趋势=下跌趋势
[2025-06-12 18:48:54] BTCUSDT 4h: 当前价格=107310.30, EMA25=107960.31, EMA60=106940.62, EMA120=106097.73, 趋势=震荡行情
[2025-06-12 18:48:54] BTCUSDT 1d: 当前价格=107310.30, EMA25=105744.17, EMA60=101273.50, EMA120=96791.01, 趋势=上涨趋势
[2025-06-12 18:48:55] ETHUSDT 15m: 当前价格=2744.34, EMA25=2753.64, EMA60=2766.32, EMA120=2769.64, 趋势=下跌趋势
[2025-06-12 18:48:55] ETHUSDT 1h: 当前价格=2744.01, EMA25=2770.13, EMA60=2739.00, EMA120=2680.37, 趋势=震荡行情
[2025-06-12 18:48:55] ETHUSDT 4h: 当前价格=2744.34, EMA25=2700.48, EMA60=2632.88, EMA120=2576.15, 趋势=上涨趋势
[2025-06-12 18:48:55] ETHUSDT 1d: 当前价格=2744.34, EMA25=2558.18, EMA60=2376.04, EMA120=2367.17, 趋势=上涨趋势
==============================

===== 趋势分析结果 (2025-06-12 19:03:55) =====
[2025-06-12 19:03:54] BTCUSDT 15m: 当前价格=107247.30, EMA25=107595.16, EMA60=108012.12, EMA120=108426.44, 趋势=下跌趋势
[2025-06-12 19:03:54] BTCUSDT 1h: 当前价格=107247.30, EMA25=108243.22, EMA60=108402.40, EMA120=107745.02, 趋势=下跌趋势
[2025-06-12 19:03:54] BTCUSDT 4h: 当前价格=107247.30, EMA25=107955.46, EMA60=106938.55, EMA120=106096.69, 趋势=震荡行情
[2025-06-12 19:03:54] BTCUSDT 1d: 当前价格=107247.30, EMA25=105739.32, EMA60=101271.43, EMA120=96789.97, 趋势=上涨趋势
[2025-06-12 19:03:55] ETHUSDT 15m: 当前价格=2749.47, EMA25=2753.67, EMA60=2765.93, EMA120=2769.39, 趋势=下跌趋势
[2025-06-12 19:03:55] ETHUSDT 1h: 当前价格=2749.47, EMA25=2768.91, EMA60=2739.51, EMA120=2681.60, 趋势=震荡行情
[2025-06-12 19:03:55] ETHUSDT 4h: 当前价格=2749.47, EMA25=2700.87, EMA60=2633.05, EMA120=2576.23, 趋势=上涨趋势
[2025-06-12 19:03:55] ETHUSDT 1d: 当前价格=2749.71, EMA25=2558.59, EMA60=2376.22, EMA120=2367.26, 趋势=上涨趋势
==============================

===== 趋势分析结果 (2025-06-12 19:19:00) =====
[2025-06-12 19:18:54] BTCUSDT 15m: 当前价格=107142.00, EMA25=107561.48, EMA60=107984.12, EMA120=108405.48, 趋势=下跌趋势
[2025-06-12 19:18:54] BTCUSDT 1h: 当前价格=107135.60, EMA25=108234.63, EMA60=108398.74, EMA120=107743.17, 趋势=下跌趋势
[2025-06-12 19:18:54] BTCUSDT 4h: 当前价格=107135.60, EMA25=107946.87, EMA60=106934.89, EMA120=106094.84, 趋势=震荡行情
[2025-06-12 19:18:55] BTCUSDT 1d: 当前价格=107135.60, EMA25=105730.73, EMA60=101267.77, EMA120=96788.12, 趋势=上涨趋势
[2025-06-12 19:18:58] ETHUSDT 15m: 当前价格=2743.05, EMA25=2752.68, EMA60=2765.10, EMA120=2768.91, 趋势=下跌趋势
[2025-06-12 19:18:58] ETHUSDT 1h: 当前价格=2743.05, EMA25=2768.42, EMA60=2739.30, EMA120=2681.49, 趋势=震荡行情
[2025-06-12 19:18:59] ETHUSDT 4h: 当前价格=2743.10, EMA25=2700.38, EMA60=2632.84, EMA120=2576.13, 趋势=上涨趋势
[2025-06-12 19:19:00] ETHUSDT 1d: 当前价格=2743.10, EMA25=2558.08, EMA60=2376.00, EMA120=2367.15, 趋势=上涨趋势
==============================

===== 趋势分析结果 (2025-06-12 19:33:57) =====
[2025-06-12 19:33:55] BTCUSDT 15m: 当前价格=107002.70, EMA25=107507.94, EMA60=107947.22, EMA120=108379.87, 趋势=下跌趋势
[2025-06-12 19:33:55] BTCUSDT 1h: 当前价格=107002.80, EMA25=108224.41, EMA60=108394.39, EMA120=107740.97, 趋势=下跌趋势
[2025-06-12 19:33:55] BTCUSDT 4h: 当前价格=107002.80, EMA25=107936.65, EMA60=106930.53, EMA120=106092.65, 趋势=震荡行情
[2025-06-12 19:33:56] BTCUSDT 1d: 当前价格=107002.80, EMA25=105720.51, EMA60=101263.42, EMA120=96785.92, 趋势=上涨趋势
[2025-06-12 19:33:56] ETHUSDT 15m: 当前价格=2727.18, EMA25=2749.56, EMA60=2763.34, EMA120=2767.96, 趋势=下跌趋势
[2025-06-12 19:33:56] ETHUSDT 1h: 当前价格=2727.18, EMA25=2767.20, EMA60=2738.78, EMA120=2681.23, 趋势=震荡行情
[2025-06-12 19:33:57] ETHUSDT 4h: 当前价格=2727.29, EMA25=2699.17, EMA60=2632.32, EMA120=2575.87, 趋势=上涨趋势
[2025-06-12 19:33:57] ETHUSDT 1d: 当前价格=2727.18, EMA25=2556.86, EMA60=2375.48, EMA120=2366.89, 趋势=上涨趋势
==============================

===== 趋势分析结果 (2025-06-12 19:37:14) =====
[2025-06-12 19:37:10] BTCUSDT 15m: 当前价格=107028.00, EMA25=107509.88, EMA60=107948.05, EMA120=108380.29, 趋势=下跌趋势
[2025-06-12 19:37:11] BTCUSDT 1h: 当前价格=107028.00, EMA25=108226.35, EMA60=108395.21, EMA120=107741.39, 趋势=下跌趋势
[2025-06-12 19:37:11] BTCUSDT 4h: 当前价格=107028.00, EMA25=107938.59, EMA60=106931.36, EMA120=106093.06, 趋势=震荡行情
[2025-06-12 19:37:11] BTCUSDT 1d: 当前价格=107028.00, EMA25=105722.45, EMA60=101264.24, EMA120=96786.34, 趋势=上涨趋势
[2025-06-12 19:37:12] ETHUSDT 15m: 当前价格=2731.95, EMA25=2749.92, EMA60=2763.49, EMA120=2768.04, 趋势=下跌趋势
[2025-06-12 19:37:13] ETHUSDT 1h: 当前价格=2732.16, EMA25=2767.58, EMA60=2738.95, EMA120=2681.31, 趋势=震荡行情
[2025-06-12 19:37:14] ETHUSDT 4h: 当前价格=2732.16, EMA25=2699.54, EMA60=2632.48, EMA120=2575.95, 趋势=上涨趋势
[2025-06-12 19:37:14] ETHUSDT 1d: 当前价格=2732.16, EMA25=2557.24, EMA60=2375.65, EMA120=2366.97, 趋势=上涨趋势
==============================

===== 趋势分析结果 (2025-06-12 19:52:17) =====
[2025-06-12 19:52:15] BTCUSDT 15m: 当前价格=106975.70, EMA25=107472.67, EMA60=107917.90, EMA120=108357.97, 趋势=下跌趋势
[2025-06-12 19:52:15] BTCUSDT 1h: 当前价格=106975.70, EMA25=108222.33, EMA60=108393.50, EMA120=107740.53, 趋势=下跌趋势
[2025-06-12 19:52:15] BTCUSDT 4h: 当前价格=106975.70, EMA25=107934.57, EMA60=106929.65, EMA120=106092.20, 趋势=震荡行情
[2025-06-12 19:52:15] BTCUSDT 1d: 当前价格=106971.10, EMA25=105718.07, EMA60=101262.38, EMA120=96785.40, 趋势=上涨趋势
[2025-06-12 19:52:16] ETHUSDT 15m: 当前价格=2730.60, EMA25=2748.59, EMA60=2762.48, EMA120=2767.45, 趋势=下跌趋势
[2025-06-12 19:52:16] ETHUSDT 1h: 当前价格=2730.60, EMA25=2767.46, EMA60=2738.89, EMA120=2681.29, 趋势=震荡行情
[2025-06-12 19:52:16] ETHUSDT 4h: 当前价格=2730.61, EMA25=2699.42, EMA60=2632.43, EMA120=2575.92, 趋势=上涨趋势
[2025-06-12 19:52:17] ETHUSDT 1d: 当前价格=2730.61, EMA25=2557.12, EMA60=2375.59, EMA120=2366.94, 趋势=上涨趋势
==============================

===== 趋势分析结果 (2025-06-12 20:07:19) =====
[2025-06-12 20:07:15] BTCUSDT 15m: 当前价格=106920.10, EMA25=107422.16, EMA60=107881.61, EMA120=108332.37, 趋势=下跌趋势
[2025-06-12 20:07:15] BTCUSDT 1h: 当前价格=106920.00, EMA25=108114.14, EMA60=108341.61, EMA120=107725.08, 趋势=下跌趋势
[2025-06-12 20:07:16] BTCUSDT 4h: 当前价格=106920.00, EMA25=107848.51, EMA60=106925.75, EMA120=106104.06, 趋势=震荡行情
[2025-06-12 20:07:16] BTCUSDT 1d: 当前价格=106920.10, EMA25=105714.15, EMA60=101260.71, EMA120=96784.56, 趋势=上涨趋势
[2025-06-12 20:07:16] ETHUSDT 15m: 当前价格=2728.81, EMA25=2746.94, EMA60=2761.32, EMA120=2766.78, 趋势=下跌趋势
[2025-06-12 20:07:17] ETHUSDT 1h: 当前价格=2728.56, EMA25=2764.34, EMA60=2738.50, EMA120=2682.03, 趋势=震荡行情
[2025-06-12 20:07:19] ETHUSDT 4h: 当前价格=2728.81, EMA25=2701.55, EMA60=2635.53, EMA120=2578.42, 趋势=上涨趋势
[2025-06-12 20:07:19] ETHUSDT 1d: 当前价格=2728.47, EMA25=2556.96, EMA60=2375.52, EMA120=2366.91, 趋势=上涨趋势
==============================

===== 趋势分析结果 (2025-06-12 20:22:17) =====
[2025-06-12 20:22:15] BTCUSDT 15m: 当前价格=106935.80, EMA25=107380.39, EMA60=107848.66, EMA120=108308.29, 趋势=下跌趋势
[2025-06-12 20:22:15] BTCUSDT 1h: 当前价格=106935.80, EMA25=108115.35, EMA60=108342.13, EMA120=107725.34, 趋势=下跌趋势
[2025-06-12 20:22:15] BTCUSDT 4h: 当前价格=106935.80, EMA25=107849.73, EMA60=106926.27, EMA120=106104.32, 趋势=震荡行情
[2025-06-12 20:22:15] BTCUSDT 1d: 当前价格=106935.80, EMA25=105715.36, EMA60=101261.22, EMA120=96784.82, 趋势=上涨趋势
[2025-06-12 20:22:16] ETHUSDT 15m: 当前价格=2722.99, EMA25=2744.26, EMA60=2759.69, EMA120=2765.87, 趋势=下跌趋势
[2025-06-12 20:22:16] ETHUSDT 1h: 当前价格=2722.86, EMA25=2763.90, EMA60=2738.31, EMA120=2681.94, 趋势=震荡行情
[2025-06-12 20:22:16] ETHUSDT 4h: 当前价格=2723.00, EMA25=2701.10, EMA60=2635.34, EMA120=2578.33, 趋势=上涨趋势
[2025-06-12 20:22:17] ETHUSDT 1d: 当前价格=2722.86, EMA25=2556.53, EMA60=2375.34, EMA120=2366.82, 趋势=上涨趋势
==============================

===== 趋势分析结果 (2025-06-12 20:37:17) =====
[2025-06-12 20:37:15] BTCUSDT 15m: 当前价格=107222.90, EMA25=107368.65, EMA60=107828.31, EMA120=108290.45, 趋势=下跌趋势
[2025-06-12 20:37:15] BTCUSDT 1h: 当前价格=107229.70, EMA25=108137.96, EMA60=108351.76, EMA120=107730.19, 趋势=下跌趋势
[2025-06-12 20:37:15] BTCUSDT 4h: 当前价格=107224.20, EMA25=107871.91, EMA60=106935.73, EMA120=106109.09, 趋势=震荡行情
[2025-06-12 20:37:15] BTCUSDT 1d: 当前价格=107224.20, EMA25=105737.54, EMA60=101270.68, EMA120=96789.58, 趋势=上涨趋势
[2025-06-12 20:37:16] ETHUSDT 15m: 当前价格=2742.16, EMA25=2744.14, EMA60=2759.14, EMA120=2765.49, 趋势=下跌趋势
[2025-06-12 20:37:16] ETHUSDT 1h: 当前价格=2743.27, EMA25=2765.47, EMA60=2738.98, EMA120=2682.28, 趋势=震荡行情
[2025-06-12 20:37:16] ETHUSDT 4h: 当前价格=2742.16, EMA25=2702.58, EMA60=2635.97, EMA120=2578.64, 趋势=上涨趋势
[2025-06-12 20:37:17] ETHUSDT 1d: 当前价格=2742.16, EMA25=2558.01, EMA60=2375.97, EMA120=2367.14, 趋势=上涨趋势
==============================

===== 趋势分析结果 (2025-06-12 20:52:17) =====
[2025-06-12 20:52:15] BTCUSDT 15m: 当前价格=107094.80, EMA25=107356.49, EMA60=107808.24, EMA120=108272.73, 趋势=下跌趋势
[2025-06-12 20:52:15] BTCUSDT 1h: 当前价格=107094.90, EMA25=108127.59, EMA60=108347.34, EMA120=107727.97, 趋势=下跌趋势
[2025-06-12 20:52:15] BTCUSDT 4h: 当前价格=107094.90, EMA25=107861.97, EMA60=106931.49, EMA120=106106.95, 趋势=震荡行情
[2025-06-12 20:52:15] BTCUSDT 1d: 当前价格=107094.90, EMA25=105727.60, EMA60=101266.44, EMA120=96787.45, 趋势=上涨趋势
[2025-06-12 20:52:16] ETHUSDT 15m: 当前价格=2733.90, EMA25=2743.39, EMA60=2758.32, EMA120=2764.97, 趋势=下跌趋势
[2025-06-12 20:52:16] ETHUSDT 1h: 当前价格=2733.90, EMA25=2764.75, EMA60=2738.67, EMA120=2682.12, 趋势=震荡行情
[2025-06-12 20:52:16] ETHUSDT 4h: 当前价格=2733.90, EMA25=2701.94, EMA60=2635.70, EMA120=2578.51, 趋势=上涨趋势
[2025-06-12 20:52:17] ETHUSDT 1d: 当前价格=2733.90, EMA25=2557.38, EMA60=2375.70, EMA120=2367.00, 趋势=上涨趋势
==============================

===== 趋势分析结果 (2025-06-12 21:07:17) =====
[2025-06-12 21:07:15] BTCUSDT 15m: 当前价格=107076.50, EMA25=107323.91, EMA60=107779.31, EMA120=108250.43, 趋势=下跌趋势
[2025-06-12 21:07:15] BTCUSDT 1h: 当前价格=107076.60, EMA25=108035.69, EMA60=108300.74, EMA120=107714.62, 趋势=下跌趋势
[2025-06-12 21:07:15] BTCUSDT 4h: 当前价格=107076.50, EMA25=107860.55, EMA60=106930.88, EMA120=106106.65, 趋势=震荡行情
[2025-06-12 21:07:15] BTCUSDT 1d: 当前价格=107076.50, EMA25=105726.18, EMA60=101265.83, EMA120=96787.14, 趋势=上涨趋势
[2025-06-12 21:07:16] ETHUSDT 15m: 当前价格=2742.56, EMA25=2743.43, EMA60=2757.86, EMA120=2764.63, 趋势=下跌趋势
[2025-06-12 21:07:16] ETHUSDT 1h: 当前价格=2742.56, EMA25=2763.15, EMA60=2738.85, EMA120=2683.14, 趋势=震荡行情
[2025-06-12 21:07:16] ETHUSDT 4h: 当前价格=2742.56, EMA25=2702.61, EMA60=2635.98, EMA120=2578.65, 趋势=上涨趋势
[2025-06-12 21:07:17] ETHUSDT 1d: 当前价格=2741.80, EMA25=2557.98, EMA60=2375.96, EMA120=2367.13, 趋势=上涨趋势
==============================

===== 趋势分析结果 (2025-06-12 21:22:19) =====
[2025-06-12 21:22:15] BTCUSDT 15m: 当前价格=106922.90, EMA25=107287.64, EMA60=107748.81, EMA120=108227.25, 趋势=下跌趋势
[2025-06-12 21:22:16] BTCUSDT 1h: 当前价格=106934.80, EMA25=108024.78, EMA60=108296.09, EMA120=107712.27, 趋势=下跌趋势
[2025-06-12 21:22:16] BTCUSDT 4h: 当前价格=106934.80, EMA25=107849.65, EMA60=106926.24, EMA120=106104.31, 趋势=震荡行情
[2025-06-12 21:22:17] BTCUSDT 1d: 当前价格=106934.80, EMA25=105715.28, EMA60=101261.19, EMA120=96784.80, 趋势=上涨趋势
[2025-06-12 21:22:18] ETHUSDT 15m: 当前价格=2741.09, EMA25=2743.17, EMA60=2757.27, EMA120=2764.22, 趋势=下跌趋势
[2025-06-12 21:22:18] ETHUSDT 1h: 当前价格=2740.40, EMA25=2762.99, EMA60=2738.78, EMA120=2683.11, 趋势=震荡行情
[2025-06-12 21:22:18] ETHUSDT 4h: 当前价格=2740.56, EMA25=2702.45, EMA60=2635.91, EMA120=2578.62, 趋势=上涨趋势
[2025-06-12 21:22:19] ETHUSDT 1d: 当前价格=2740.92, EMA25=2557.92, EMA60=2375.93, EMA120=2367.12, 趋势=上涨趋势
==============================

===== 趋势分析结果 (2025-06-12 21:37:17) =====
[2025-06-12 21:37:15] BTCUSDT 15m: 当前价格=106937.50, EMA25=107251.46, EMA60=107718.08, EMA120=108203.82, 趋势=下跌趋势
[2025-06-12 21:37:15] BTCUSDT 1h: 当前价格=106950.10, EMA25=108025.96, EMA60=108296.59, EMA120=107712.53, 趋势=下跌趋势
[2025-06-12 21:37:15] BTCUSDT 4h: 当前价格=106928.00, EMA25=107849.13, EMA60=106926.01, EMA120=106104.20, 趋势=震荡行情
[2025-06-12 21:37:15] BTCUSDT 1d: 当前价格=106950.10, EMA25=105716.46, EMA60=101261.69, EMA120=96785.05, 趋势=上涨趋势
[2025-06-12 21:37:16] ETHUSDT 15m: 当前价格=2747.71, EMA25=2743.28, EMA60=2756.85, EMA120=2763.89, 趋势=震荡行情
[2025-06-12 21:37:16] ETHUSDT 1h: 当前价格=2747.60, EMA25=2763.54, EMA60=2739.01, EMA120=2683.23, 趋势=震荡行情
[2025-06-12 21:37:16] ETHUSDT 4h: 当前价格=2747.61, EMA25=2703.00, EMA60=2636.15, EMA120=2578.73, 趋势=上涨趋势
[2025-06-12 21:37:17] ETHUSDT 1d: 当前价格=2747.59, EMA25=2558.43, EMA60=2376.15, EMA120=2367.23, 趋势=上涨趋势
==============================

===== 趋势分析结果 (2025-06-12 21:52:17) =====
[2025-06-12 21:52:15] BTCUSDT 15m: 当前价格=107083.20, EMA25=107248.46, EMA60=107701.71, EMA120=108187.58, 趋势=下跌趋势
[2025-06-12 21:52:15] BTCUSDT 1h: 当前价格=107083.20, EMA25=108036.20, EMA60=108300.96, EMA120=107714.73, 趋势=下跌趋势
[2025-06-12 21:52:15] BTCUSDT 4h: 当前价格=107083.20, EMA25=107861.07, EMA60=106931.10, EMA120=106106.76, 趋势=震荡行情
[2025-06-12 21:52:15] BTCUSDT 1d: 当前价格=107083.20, EMA25=105726.70, EMA60=101266.05, EMA120=96787.25, 趋势=上涨趋势
[2025-06-12 21:52:16] ETHUSDT 15m: 当前价格=2751.26, EMA25=2744.05, EMA60=2756.74, EMA120=2763.72, 趋势=震荡行情
[2025-06-12 21:52:16] ETHUSDT 1h: 当前价格=2751.60, EMA25=2763.85, EMA60=2739.14, EMA120=2683.29, 趋势=震荡行情
[2025-06-12 21:52:16] ETHUSDT 4h: 当前价格=2751.54, EMA25=2703.30, EMA60=2636.27, EMA120=2578.80, 趋势=上涨趋势
[2025-06-12 21:52:17] ETHUSDT 1d: 当前价格=2751.26, EMA25=2558.71, EMA60=2376.27, EMA120=2367.29, 趋势=上涨趋势
==============================

===== 趋势分析结果 (2025-06-12 22:07:19) =====
[2025-06-12 22:07:16] BTCUSDT 15m: 当前价格=107244.40, EMA25=107243.37, EMA60=107684.58, EMA120=108170.90, 趋势=震荡行情
[2025-06-12 22:07:16] BTCUSDT 1h: 当前价格=107226.10, EMA25=107969.10, EMA60=108263.58, EMA120=107705.51, 趋势=下跌趋势
[2025-06-12 22:07:17] BTCUSDT 4h: 当前价格=107244.40, EMA25=107873.47, EMA60=106936.39, EMA120=106109.42, 趋势=震荡行情
[2025-06-12 22:07:17] BTCUSDT 1d: 当前价格=107253.80, EMA25=105739.82, EMA60=101271.65, EMA120=96790.07, 趋势=上涨趋势
[2025-06-12 22:07:18] ETHUSDT 15m: 当前价格=2753.10, EMA25=2744.55, EMA60=2756.53, EMA120=2763.50, 趋势=震荡行情
[2025-06-12 22:07:18] ETHUSDT 1h: 当前价格=2753.10, EMA25=2762.79, EMA60=2739.50, EMA120=2684.39, 趋势=震荡行情
[2025-06-12 22:07:18] ETHUSDT 4h: 当前价格=2753.10, EMA25=2703.42, EMA60=2636.33, EMA120=2578.82, 趋势=上涨趋势
[2025-06-12 22:07:19] ETHUSDT 1d: 当前价格=2753.10, EMA25=2558.85, EMA60=2376.33, EMA120=2367.32, 趋势=上涨趋势
==============================

===== 趋势分析结果 (2025-06-12 22:22:17) =====
[2025-06-12 22:22:15] BTCUSDT 15m: 当前价格=107414.30, EMA25=107269.12, EMA60=107681.34, EMA120=108161.28, 趋势=震荡行情
[2025-06-12 22:22:15] BTCUSDT 1h: 当前价格=107409.80, EMA25=107983.23, EMA60=108269.61, EMA120=107708.55, 趋势=下跌趋势
[2025-06-12 22:22:15] BTCUSDT 4h: 当前价格=107409.70, EMA25=107886.18, EMA60=106941.81, EMA120=106112.16, 趋势=震荡行情
[2025-06-12 22:22:16] BTCUSDT 1d: 当前价格=107414.30, EMA25=105752.17, EMA60=101276.91, EMA120=96792.73, 趋势=上涨趋势
[2025-06-12 22:22:16] ETHUSDT 15m: 当前价格=2760.59, EMA25=2746.29, EMA60=2756.89, EMA120=2763.57, 趋势=震荡行情
[2025-06-12 22:22:16] ETHUSDT 1h: 当前价格=2760.88, EMA25=2763.39, EMA60=2739.76, EMA120=2684.52, 趋势=震荡行情
[2025-06-12 22:22:16] ETHUSDT 4h: 当前价格=2760.88, EMA25=2704.02, EMA60=2636.58, EMA120=2578.95, 趋势=上涨趋势
[2025-06-12 22:22:17] ETHUSDT 1d: 当前价格=2760.88, EMA25=2559.45, EMA60=2376.59, EMA120=2367.45, 趋势=上涨趋势
==============================

===== 趋势分析结果 (2025-06-12 22:37:17) =====
[2025-06-12 22:37:15] BTCUSDT 15m: 当前价格=107563.00, EMA25=107292.23, EMA60=107677.69, EMA120=108151.51, 趋势=震荡行情
[2025-06-12 22:37:15] BTCUSDT 1h: 当前价格=107571.40, EMA25=107995.67, EMA60=108274.90, EMA120=107711.22, 趋势=下跌趋势
[2025-06-12 22:37:15] BTCUSDT 4h: 当前价格=107571.40, EMA25=107898.62, EMA60=106947.11, EMA120=106114.83, 趋势=震荡行情
[2025-06-12 22:37:15] BTCUSDT 1d: 当前价格=107579.90, EMA25=105764.90, EMA60=101282.34, EMA120=96795.46, 趋势=上涨趋势
[2025-06-12 22:37:16] ETHUSDT 15m: 当前价格=2766.31, EMA25=2747.69, EMA60=2757.13, EMA120=2763.58, 趋势=震荡行情
[2025-06-12 22:37:16] ETHUSDT 1h: 当前价格=2766.31, EMA25=2763.81, EMA60=2739.93, EMA120=2684.61, 趋势=上涨趋势
[2025-06-12 22:37:16] ETHUSDT 4h: 当前价格=2766.99, EMA25=2704.49, EMA60=2636.78, EMA120=2579.05, 趋势=上涨趋势
[2025-06-12 22:37:17] ETHUSDT 1d: 当前价格=2766.31, EMA25=2559.87, EMA60=2376.76, EMA120=2367.54, 趋势=上涨趋势
==============================

===== 趋势分析结果 (2025-06-12 22:52:17) =====
[2025-06-12 22:52:15] BTCUSDT 15m: 当前价格=107607.50, EMA25=107312.36, EMA60=107673.55, EMA120=108141.58, 趋势=震荡行情
[2025-06-12 22:52:15] BTCUSDT 1h: 当前价格=107607.40, EMA25=107998.43, EMA60=108276.08, EMA120=107711.81, 趋势=下跌趋势
[2025-06-12 22:52:15] BTCUSDT 4h: 当前价格=107607.40, EMA25=107901.39, EMA60=106948.29, EMA120=106115.42, 趋势=震荡行情
[2025-06-12 22:52:15] BTCUSDT 1d: 当前价格=107607.50, EMA25=105767.03, EMA60=101283.24, EMA120=96795.92, 趋势=上涨趋势
[2025-06-12 22:52:16] ETHUSDT 15m: 当前价格=2764.94, EMA25=2748.82, EMA60=2757.30, EMA120=2763.56, 趋势=震荡行情
[2025-06-12 22:52:16] ETHUSDT 1h: 当前价格=2764.94, EMA25=2763.71, EMA60=2739.89, EMA120=2684.59, 趋势=上涨趋势
[2025-06-12 22:52:16] ETHUSDT 4h: 当前价格=2765.13, EMA25=2704.34, EMA60=2636.72, EMA120=2579.02, 趋势=上涨趋势
[2025-06-12 22:52:17] ETHUSDT 1d: 当前价格=2765.33, EMA25=2559.79, EMA60=2376.73, EMA120=2367.52, 趋势=上涨趋势
==============================

===== 趋势分析结果 (2025-06-12 23:07:17) =====
[2025-06-12 23:07:15] BTCUSDT 15m: 当前价格=107721.60, EMA25=107340.47, EMA60=107673.62, EMA120=108133.86, 趋势=震荡行情
[2025-06-12 23:07:15] BTCUSDT 1h: 当前价格=107721.60, EMA25=107973.77, EMA60=108256.40, EMA120=107711.17, 趋势=震荡行情
[2025-06-12 23:07:15] BTCUSDT 4h: 当前价格=107721.70, EMA25=107910.18, EMA60=106952.04, EMA120=106117.31, 趋势=震荡行情
[2025-06-12 23:07:15] BTCUSDT 1d: 当前价格=107721.70, EMA25=105775.81, EMA60=101286.99, EMA120=96797.81, 趋势=上涨趋势
[2025-06-12 23:07:16] ETHUSDT 15m: 当前价格=2769.49, EMA25=2750.30, EMA60=2757.65, EMA120=2763.63, 趋势=震荡行情
[2025-06-12 23:07:16] ETHUSDT 1h: 当前价格=2769.49, EMA25=2764.04, EMA60=2740.81, EMA120=2685.96, 趋势=上涨趋势
[2025-06-12 23:07:16] ETHUSDT 4h: 当前价格=2769.48, EMA25=2704.68, EMA60=2636.86, EMA120=2579.09, 趋势=上涨趋势
[2025-06-12 23:07:17] ETHUSDT 1d: 当前价格=2769.49, EMA25=2560.11, EMA60=2376.87, EMA120=2367.59, 趋势=上涨趋势
==============================

