===== 趋势分析结果 (2025-06-22 00:12:43) =====
[2025-06-22 00:12:41] BTCUSDT 15m: 当前价格=103537.00, EMA25=103597.16, EMA60=103628.18, EMA120=103812.40, 趋势=下跌趋势
[2025-06-22 00:12:42] BTCUSDT 1h: 当前价格=103537.00, EMA25=103725.36, EMA60=104119.71, EMA120=104612.20, 趋势=下跌趋势
[2025-06-22 00:12:42] BTCUSDT 4h: 当前价格=103537.00, EMA25=104402.64, EMA60=105128.17, EMA120=105410.59, 趋势=下跌趋势
[2025-06-22 00:12:42] BTCUSDT 1d: 当前价格=103537.00, EMA25=105171.13, EMA60=102161.45, EMA120=97897.55, 趋势=震荡行情
[2025-06-22 00:12:42] ETHUSDT 15m: 当前价格=2423.38, EMA25=2427.27, EMA60=2431.52, EMA120=2446.27, 趋势=下跌趋势
[2025-06-22 00:12:43] ETHUSDT 1h: 当前价格=2423.38, EMA25=2439.33, EMA60=2468.73, EMA120=2499.45, 趋势=下跌趋势
[2025-06-22 00:12:43] ETHUSDT 4h: 当前价格=2423.38, EMA25=2485.57, EMA60=2529.10, EMA120=2542.78, 趋势=下跌趋势
[2025-06-22 00:12:43] ETHUSDT 1d: 当前价格=2423.38, EMA25=2523.99, EMA60=2406.91, EMA120=2385.21, 趋势=震荡行情
==============================

===== 趋势分析结果 (2025-06-22 00:27:44) =====
[2025-06-22 00:27:41] BTCUSDT 15m: 当前价格=103569.70, EMA25=103594.13, EMA60=103625.85, EMA120=103808.22, 趋势=下跌趋势
[2025-06-22 00:27:43] BTCUSDT 1h: 当前价格=103569.70, EMA25=103727.87, EMA60=104120.79, EMA120=104612.74, 趋势=下跌趋势
[2025-06-22 00:27:43] BTCUSDT 4h: 当前价格=103569.80, EMA25=104405.16, EMA60=105129.25, EMA120=105411.14, 趋势=下跌趋势
[2025-06-22 00:27:43] BTCUSDT 1d: 当前价格=103569.70, EMA25=105173.65, EMA60=102162.53, EMA120=97898.09, 趋势=震荡行情
[2025-06-22 00:27:43] ETHUSDT 15m: 当前价格=2424.58, EMA25=2426.99, EMA60=2431.26, EMA120=2445.89, 趋势=下跌趋势
[2025-06-22 00:27:44] ETHUSDT 1h: 当前价格=2424.55, EMA25=2439.42, EMA60=2468.77, EMA120=2499.47, 趋势=下跌趋势
[2025-06-22 00:27:44] ETHUSDT 4h: 当前价格=2424.58, EMA25=2485.67, EMA60=2529.14, EMA120=2542.80, 趋势=下跌趋势
[2025-06-22 00:27:44] ETHUSDT 1d: 当前价格=2424.58, EMA25=2524.08, EMA60=2406.95, EMA120=2385.23, 趋势=震荡行情
==============================

===== 趋势分析结果 (2025-06-22 00:42:43) =====
[2025-06-22 00:42:41] BTCUSDT 15m: 当前价格=103478.50, EMA25=103587.38, EMA60=103621.98, EMA120=103803.30, 趋势=下跌趋势
[2025-06-22 00:42:42] BTCUSDT 1h: 当前价格=103478.50, EMA25=103720.86, EMA60=104117.80, EMA120=104611.23, 趋势=下跌趋势
[2025-06-22 00:42:42] BTCUSDT 4h: 当前价格=103478.50, EMA25=104398.14, EMA60=105126.25, EMA120=105409.63, 趋势=下跌趋势
[2025-06-22 00:42:42] BTCUSDT 1d: 当前价格=103478.50, EMA25=105166.63, EMA60=102159.54, EMA120=97896.58, 趋势=震荡行情
[2025-06-22 00:42:42] ETHUSDT 15m: 当前价格=2418.68, EMA25=2426.49, EMA60=2430.91, EMA120=2445.48, 趋势=下跌趋势
[2025-06-22 00:42:43] ETHUSDT 1h: 当前价格=2418.45, EMA25=2438.95, EMA60=2468.57, EMA120=2499.36, 趋势=下跌趋势
[2025-06-22 00:42:43] ETHUSDT 4h: 当前价格=2418.22, EMA25=2485.18, EMA60=2528.93, EMA120=2542.70, 趋势=下跌趋势
[2025-06-22 00:42:43] ETHUSDT 1d: 当前价格=2418.22, EMA25=2523.59, EMA60=2406.74, EMA120=2385.12, 趋势=震荡行情
==============================

===== 趋势分析结果 (2025-06-22 00:57:43) =====
[2025-06-22 00:57:41] BTCUSDT 15m: 当前价格=103503.70, EMA25=103577.42, EMA60=103616.53, EMA120=103797.59, 趋势=下跌趋势
[2025-06-22 00:57:42] BTCUSDT 1h: 当前价格=103503.70, EMA25=103722.79, EMA60=104118.62, EMA120=104611.65, 趋势=下跌趋势
[2025-06-22 00:57:42] BTCUSDT 4h: 当前价格=103503.70, EMA25=104400.08, EMA60=105127.08, EMA120=105410.04, 趋势=下跌趋势
[2025-06-22 00:57:42] BTCUSDT 1d: 当前价格=103503.80, EMA25=105168.58, EMA60=102160.37, EMA120=97897.00, 趋势=震荡行情
[2025-06-22 00:57:42] ETHUSDT 15m: 当前价格=2417.84, EMA25=2425.64, EMA60=2430.40, EMA120=2444.98, 趋势=下跌趋势
[2025-06-22 00:57:43] ETHUSDT 1h: 当前价格=2417.84, EMA25=2438.90, EMA60=2468.55, EMA120=2499.35, 趋势=下跌趋势
[2025-06-22 00:57:43] ETHUSDT 4h: 当前价格=2417.84, EMA25=2485.15, EMA60=2528.92, EMA120=2542.69, 趋势=下跌趋势
[2025-06-22 00:57:43] ETHUSDT 1d: 当前价格=2417.84, EMA25=2523.56, EMA60=2406.73, EMA120=2385.11, 趋势=震荡行情
==============================

===== 趋势分析结果 (2025-06-22 01:12:43) =====
[2025-06-22 01:12:41] BTCUSDT 15m: 当前价格=103468.70, EMA25=103564.75, EMA60=103609.76, EMA120=103791.21, 趋势=下跌趋势
[2025-06-22 01:12:42] BTCUSDT 1h: 当前价格=103468.70, EMA25=103698.94, EMA60=104095.39, EMA120=104591.82, 趋势=下跌趋势
[2025-06-22 01:12:42] BTCUSDT 4h: 当前价格=103468.70, EMA25=104397.39, EMA60=105125.93, EMA120=105409.47, 趋势=下跌趋势
[2025-06-22 01:12:42] BTCUSDT 1d: 当前价格=103468.70, EMA25=105165.88, EMA60=102159.22, EMA120=97896.42, 趋势=震荡行情
[2025-06-22 01:12:42] ETHUSDT 15m: 当前价格=2417.07, EMA25=2424.81, EMA60=2429.88, EMA120=2444.48, 趋势=下跌趋势
[2025-06-22 01:12:43] ETHUSDT 1h: 当前价格=2416.80, EMA25=2437.03, EMA60=2466.77, EMA120=2497.95, 趋势=下跌趋势
[2025-06-22 01:12:43] ETHUSDT 4h: 当前价格=2416.80, EMA25=2485.07, EMA60=2528.88, EMA120=2542.67, 趋势=下跌趋势
[2025-06-22 01:12:43] ETHUSDT 1d: 当前价格=2417.07, EMA25=2523.50, EMA60=2406.70, EMA120=2385.10, 趋势=震荡行情
==============================

===== 趋势分析结果 (2025-06-22 01:27:43) =====
[2025-06-22 01:27:41] BTCUSDT 15m: 当前价格=103384.90, EMA25=103553.00, EMA60=103603.32, EMA120=103785.01, 趋势=下跌趋势
[2025-06-22 01:27:42] BTCUSDT 1h: 当前价格=103384.90, EMA25=103692.49, EMA60=104092.64, EMA120=104590.44, 趋势=下跌趋势
[2025-06-22 01:27:42] BTCUSDT 4h: 当前价格=103385.00, EMA25=104390.95, EMA60=105123.19, EMA120=105408.08, 趋势=下跌趋势
[2025-06-22 01:27:42] BTCUSDT 1d: 当前价格=103385.00, EMA25=105159.44, EMA60=102156.47, EMA120=97895.04, 趋势=震荡行情
[2025-06-22 01:27:42] ETHUSDT 15m: 当前价格=2413.98, EMA25=2424.09, EMA60=2429.41, EMA120=2444.00, 趋势=下跌趋势
[2025-06-22 01:27:43] ETHUSDT 1h: 当前价格=2413.43, EMA25=2436.77, EMA60=2466.66, EMA120=2497.90, 趋势=下跌趋势
[2025-06-22 01:27:43] ETHUSDT 4h: 当前价格=2413.58, EMA25=2484.82, EMA60=2528.78, EMA120=2542.62, 趋势=下跌趋势
[2025-06-22 01:27:43] ETHUSDT 1d: 当前价格=2413.98, EMA25=2523.26, EMA60=2406.60, EMA120=2385.05, 趋势=震荡行情
==============================

===== 趋势分析结果 (2025-06-22 01:42:43) =====
[2025-06-22 01:42:41] BTCUSDT 15m: 当前价格=103187.60, EMA25=103521.21, EMA60=103588.04, EMA120=103774.33, 趋势=下跌趋势
[2025-06-22 01:42:42] BTCUSDT 1h: 当前价格=103187.60, EMA25=103677.31, EMA60=104086.17, EMA120=104587.18, 趋势=下跌趋势
[2025-06-22 01:42:42] BTCUSDT 4h: 当前价格=103187.50, EMA25=104375.76, EMA60=105116.71, EMA120=105404.82, 趋势=下跌趋势
[2025-06-22 01:42:42] BTCUSDT 1d: 当前价格=103187.60, EMA25=105144.25, EMA60=102150.00, EMA120=97891.78, 趋势=震荡行情
[2025-06-22 01:42:42] ETHUSDT 15m: 当前价格=2401.23, EMA25=2422.32, EMA60=2428.48, EMA120=2443.30, 趋势=下跌趋势
[2025-06-22 01:42:43] ETHUSDT 1h: 当前价格=2401.05, EMA25=2435.82, EMA60=2466.26, EMA120=2497.69, 趋势=下跌趋势
[2025-06-22 01:42:43] ETHUSDT 4h: 当前价格=2400.97, EMA25=2483.85, EMA60=2528.36, EMA120=2542.41, 趋势=下跌趋势
[2025-06-22 01:42:43] ETHUSDT 1d: 当前价格=2401.05, EMA25=2522.27, EMA60=2406.17, EMA120=2384.84, 趋势=震荡行情
==============================

===== 趋势分析结果 (2025-06-22 01:57:43) =====
[2025-06-22 01:57:41] BTCUSDT 15m: 当前价格=103156.00, EMA25=103497.45, EMA60=103575.81, EMA120=103765.13, 趋势=下跌趋势
[2025-06-22 01:57:42] BTCUSDT 1h: 当前价格=103156.00, EMA25=103674.88, EMA60=104085.14, EMA120=104586.66, 趋势=下跌趋势
[2025-06-22 01:57:42] BTCUSDT 4h: 当前价格=103156.00, EMA25=104373.33, EMA60=105115.68, EMA120=105404.30, 趋势=下跌趋势
[2025-06-22 01:57:42] BTCUSDT 1d: 当前价格=103156.00, EMA25=105141.82, EMA60=102148.96, EMA120=97891.25, 趋势=震荡行情
[2025-06-22 01:57:42] ETHUSDT 15m: 当前价格=2396.89, EMA25=2420.56, EMA60=2427.54, EMA120=2442.57, 趋势=下跌趋势
[2025-06-22 01:57:43] ETHUSDT 1h: 当前价格=2397.40, EMA25=2435.54, EMA60=2466.14, EMA120=2497.63, 趋势=下跌趋势
[2025-06-22 01:57:43] ETHUSDT 4h: 当前价格=2397.40, EMA25=2483.58, EMA60=2528.25, EMA120=2542.35, 趋势=下跌趋势
[2025-06-22 01:57:43] ETHUSDT 1d: 当前价格=2397.40, EMA25=2521.99, EMA60=2406.05, EMA120=2384.78, 趋势=震荡行情
==============================

===== 趋势分析结果 (2025-06-22 02:12:43) =====
[2025-06-22 02:12:41] BTCUSDT 15m: 当前价格=103340.60, EMA25=103484.53, EMA60=103567.72, EMA120=103757.94, 趋势=下跌趋势
[2025-06-22 02:12:42] BTCUSDT 1h: 当前价格=103340.50, EMA25=103648.31, EMA60=104060.34, EMA120=104565.92, 趋势=下跌趋势
[2025-06-22 02:12:42] BTCUSDT 4h: 当前价格=103340.60, EMA25=104387.53, EMA60=105121.73, EMA120=105407.35, 趋势=下跌趋势
[2025-06-22 02:12:42] BTCUSDT 1d: 当前价格=103340.50, EMA25=105156.01, EMA60=102155.01, EMA120=97894.30, 趋势=震荡行情
[2025-06-22 02:12:42] ETHUSDT 15m: 当前价格=2404.71, EMA25=2419.43, EMA60=2426.83, EMA120=2441.97, 趋势=下跌趋势
[2025-06-22 02:12:43] ETHUSDT 1h: 当前价格=2404.71, EMA25=2433.21, EMA60=2464.14, EMA120=2496.11, 趋势=下跌趋势
[2025-06-22 02:12:43] ETHUSDT 4h: 当前价格=2404.39, EMA25=2484.11, EMA60=2528.48, EMA120=2542.47, 趋势=下跌趋势
[2025-06-22 02:12:43] ETHUSDT 1d: 当前价格=2404.71, EMA25=2522.55, EMA60=2406.29, EMA120=2384.90, 趋势=震荡行情
==============================

===== 趋势分析结果 (2025-06-22 02:27:43) =====
[2025-06-22 02:27:41] BTCUSDT 15m: 当前价格=103182.70, EMA25=103459.52, EMA60=103554.29, EMA120=103748.05, 趋势=下跌趋势
[2025-06-22 02:27:42] BTCUSDT 1h: 当前价格=103182.70, EMA25=103636.17, EMA60=104055.17, EMA120=104563.31, 趋势=下跌趋势
[2025-06-22 02:27:42] BTCUSDT 4h: 当前价格=103182.70, EMA25=104375.39, EMA60=105116.56, EMA120=105404.74, 趋势=下跌趋势
[2025-06-22 02:27:42] BTCUSDT 1d: 当前价格=103182.70, EMA25=105143.88, EMA60=102149.84, EMA120=97891.69, 趋势=震荡行情
[2025-06-22 02:27:42] ETHUSDT 15m: 当前价格=2401.63, EMA25=2418.06, EMA60=2426.00, EMA120=2441.30, 趋势=下跌趋势
[2025-06-22 02:27:43] ETHUSDT 1h: 当前价格=2401.63, EMA25=2432.98, EMA60=2464.04, EMA120=2496.06, 趋势=下跌趋势
[2025-06-22 02:27:43] ETHUSDT 4h: 当前价格=2401.63, EMA25=2483.90, EMA60=2528.39, EMA120=2542.42, 趋势=下跌趋势
[2025-06-22 02:27:43] ETHUSDT 1d: 当前价格=2401.63, EMA25=2522.31, EMA60=2406.19, EMA120=2384.85, 趋势=震荡行情
==============================

===== 趋势分析结果 (2025-06-22 02:42:43) =====
[2025-06-22 02:42:41] BTCUSDT 15m: 当前价格=103188.80, EMA25=103440.48, EMA60=103543.11, EMA120=103739.23, 趋势=下跌趋势
[2025-06-22 02:42:42] BTCUSDT 1h: 当前价格=103180.10, EMA25=103635.97, EMA60=104055.08, EMA120=104563.27, 趋势=下跌趋势
[2025-06-22 02:42:42] BTCUSDT 4h: 当前价格=103180.00, EMA25=104375.18, EMA60=105116.47, EMA120=105404.69, 趋势=下跌趋势
[2025-06-22 02:42:42] BTCUSDT 1d: 当前价格=103180.10, EMA25=105143.68, EMA60=102149.75, EMA120=97891.65, 趋势=震荡行情
[2025-06-22 02:42:42] ETHUSDT 15m: 当前价格=2405.47, EMA25=2417.28, EMA60=2425.41, EMA120=2440.75, 趋势=下跌趋势
[2025-06-22 02:42:43] ETHUSDT 1h: 当前价格=2405.47, EMA25=2433.27, EMA60=2464.17, EMA120=2496.12, 趋势=下跌趋势
[2025-06-22 02:42:43] ETHUSDT 4h: 当前价格=2405.47, EMA25=2484.20, EMA60=2528.51, EMA120=2542.49, 趋势=下跌趋势
[2025-06-22 02:42:43] ETHUSDT 1d: 当前价格=2405.47, EMA25=2522.61, EMA60=2406.32, EMA120=2384.91, 趋势=震荡行情
==============================

===== 趋势分析结果 (2025-06-22 02:57:43) =====
[2025-06-22 02:57:41] BTCUSDT 15m: 当前价格=102757.70, EMA25=103381.69, EMA60=103514.56, EMA120=103721.60, 趋势=下跌趋势
[2025-06-22 02:57:42] BTCUSDT 1h: 当前价格=102757.70, EMA25=103603.48, EMA60=104041.23, EMA120=104556.28, 趋势=下跌趋势
[2025-06-22 02:57:42] BTCUSDT 4h: 当前价格=102736.90, EMA25=104341.10, EMA60=105101.94, EMA120=105397.37, 趋势=下跌趋势
[2025-06-22 02:57:42] BTCUSDT 1d: 当前价格=102750.50, EMA25=105110.63, EMA60=102135.67, EMA120=97884.55, 趋势=震荡行情
[2025-06-22 02:57:42] ETHUSDT 15m: 当前价格=2388.18, EMA25=2414.81, EMA60=2424.09, EMA120=2439.83, 趋势=下跌趋势
[2025-06-22 02:57:43] ETHUSDT 1h: 当前价格=2388.74, EMA25=2431.99, EMA60=2463.62, EMA120=2495.85, 趋势=下跌趋势
[2025-06-22 02:57:43] ETHUSDT 4h: 当前价格=2389.38, EMA25=2482.96, EMA60=2527.98, EMA120=2542.22, 趋势=下跌趋势
[2025-06-22 02:57:43] ETHUSDT 1d: 当前价格=2388.18, EMA25=2521.28, EMA60=2405.75, EMA120=2384.62, 趋势=震荡行情
==============================

===== 趋势分析结果 (2025-06-22 03:12:43) =====
[2025-06-22 03:12:41] BTCUSDT 15m: 当前价格=102532.20, EMA25=103306.62, EMA60=103478.01, EMA120=103699.73, 趋势=下跌趋势
[2025-06-22 03:12:42] BTCUSDT 1h: 当前价格=102532.30, EMA25=103511.36, EMA60=103987.42, EMA120=104520.65, 趋势=下跌趋势
[2025-06-22 03:12:42] BTCUSDT 4h: 当前价格=102532.20, EMA25=104325.35, EMA60=105095.23, EMA120=105393.99, 趋势=下跌趋势
[2025-06-22 03:12:42] BTCUSDT 1d: 当前价格=102532.20, EMA25=105093.84, EMA60=102128.51, EMA120=97880.94, 趋势=震荡行情
[2025-06-22 03:12:42] ETHUSDT 15m: 当前价格=2388.35, EMA25=2412.67, EMA60=2422.87, EMA120=2438.96, 趋势=下跌趋势
[2025-06-22 03:12:43] ETHUSDT 1h: 当前价格=2388.61, EMA25=2428.51, EMA60=2461.10, EMA120=2494.04, 趋势=下跌趋势
[2025-06-22 03:12:43] ETHUSDT 4h: 当前价格=2388.61, EMA25=2482.90, EMA60=2527.96, EMA120=2542.21, 趋势=下跌趋势
[2025-06-22 03:12:43] ETHUSDT 1d: 当前价格=2388.61, EMA25=2521.31, EMA60=2405.77, EMA120=2384.63, 趋势=震荡行情
==============================

===== 趋势分析结果 (2025-06-22 03:27:43) =====
[2025-06-22 03:27:41] BTCUSDT 15m: 当前价格=102494.90, EMA25=103247.07, EMA60=103447.06, EMA120=103680.49, 趋势=下跌趋势
[2025-06-22 03:27:42] BTCUSDT 1h: 当前价格=102494.90, EMA25=103508.48, EMA60=103986.19, EMA120=104520.03, 趋势=下跌趋势
[2025-06-22 03:27:42] BTCUSDT 4h: 当前价格=102495.00, EMA25=104322.49, EMA60=105094.01, EMA120=105393.37, 趋势=下跌趋势
[2025-06-22 03:27:42] BTCUSDT 1d: 当前价格=102494.90, EMA25=105090.97, EMA60=102127.29, EMA120=97880.33, 趋势=震荡行情
[2025-06-22 03:27:42] ETHUSDT 15m: 当前价格=2394.74, EMA25=2411.45, EMA60=2422.02, EMA120=2438.26, 趋势=下跌趋势
[2025-06-22 03:27:43] ETHUSDT 1h: 当前价格=2394.75, EMA25=2428.98, EMA60=2461.30, EMA120=2494.15, 趋势=下跌趋势
[2025-06-22 03:27:43] ETHUSDT 4h: 当前价格=2394.74, EMA25=2483.37, EMA60=2528.16, EMA120=2542.31, 趋势=下跌趋势
[2025-06-22 03:27:43] ETHUSDT 1d: 当前价格=2394.48, EMA25=2521.76, EMA60=2405.96, EMA120=2384.73, 趋势=震荡行情
==============================

===== 趋势分析结果 (2025-06-22 03:42:43) =====
[2025-06-22 03:42:41] BTCUSDT 15m: 当前价格=102462.60, EMA25=103183.17, EMA60=103413.19, EMA120=103659.57, 趋势=下跌趋势
[2025-06-22 03:42:42] BTCUSDT 1h: 当前价格=102462.60, EMA25=103506.00, EMA60=103985.13, EMA120=104519.50, 趋势=下跌趋势
[2025-06-22 03:42:42] BTCUSDT 4h: 当前价格=102462.60, EMA25=104320.00, EMA60=105092.95, EMA120=105392.84, 趋势=下跌趋势
[2025-06-22 03:42:42] BTCUSDT 1d: 当前价格=102439.80, EMA25=105086.73, EMA60=102125.48, EMA120=97879.42, 趋势=震荡行情
[2025-06-22 03:42:42] ETHUSDT 15m: 当前价格=2391.11, EMA25=2409.83, EMA60=2420.98, EMA120=2437.47, 趋势=下跌趋势
[2025-06-22 03:42:43] ETHUSDT 1h: 当前价格=2391.11, EMA25=2428.70, EMA60=2461.18, EMA120=2494.09, 趋势=下跌趋势
[2025-06-22 03:42:43] ETHUSDT 4h: 当前价格=2391.51, EMA25=2483.12, EMA60=2528.05, EMA120=2542.26, 趋势=下跌趋势
[2025-06-22 03:42:43] ETHUSDT 1d: 当前价格=2391.11, EMA25=2521.50, EMA60=2405.85, EMA120=2384.67, 趋势=震荡行情
==============================

===== 趋势分析结果 (2025-06-22 03:57:43) =====
[2025-06-22 03:57:41] BTCUSDT 15m: 当前价格=102213.80, EMA25=103102.18, EMA60=103371.00, EMA120=103634.21, 趋势=下跌趋势
[2025-06-22 03:57:42] BTCUSDT 1h: 当前价格=102213.70, EMA25=103486.85, EMA60=103976.97, EMA120=104515.39, 趋势=下跌趋势
[2025-06-22 03:57:42] BTCUSDT 4h: 当前价格=102213.80, EMA25=104300.86, EMA60=105084.79, EMA120=105388.72, 趋势=下跌趋势
[2025-06-22 03:57:42] BTCUSDT 1d: 当前价格=102213.80, EMA25=105069.35, EMA60=102118.07, EMA120=97875.68, 趋势=震荡行情
[2025-06-22 03:57:42] ETHUSDT 15m: 当前价格=2385.12, EMA25=2407.89, EMA60=2419.79, EMA120=2436.59, 趋势=下跌趋势
[2025-06-22 03:57:43] ETHUSDT 1h: 当前价格=2385.12, EMA25=2428.24, EMA60=2460.98, EMA120=2493.99, 趋势=下跌趋势
[2025-06-22 03:57:43] ETHUSDT 4h: 当前价格=2385.12, EMA25=2482.63, EMA60=2527.85, EMA120=2542.15, 趋势=下跌趋势
[2025-06-22 03:57:43] ETHUSDT 1d: 当前价格=2385.13, EMA25=2521.04, EMA60=2405.65, EMA120=2384.57, 趋势=震荡行情
==============================

===== 趋势分析结果 (2025-06-22 04:12:43) =====
[2025-06-22 04:12:41] BTCUSDT 15m: 当前价格=102379.90, EMA25=103046.17, EMA60=103338.31, EMA120=103613.40, 趋势=下跌趋势
[2025-06-22 04:12:42] BTCUSDT 1h: 当前价格=102380.00, EMA25=103401.27, EMA60=103924.42, EMA120=104480.04, 趋势=下跌趋势
[2025-06-22 04:12:42] BTCUSDT 4h: 当前价格=102379.90, EMA25=104152.64, EMA60=104995.90, EMA120=105338.86, 趋势=下跌趋势
[2025-06-22 04:12:42] BTCUSDT 1d: 当前价格=102379.90, EMA25=105082.12, EMA60=102123.52, EMA120=97878.43, 趋势=震荡行情
[2025-06-22 04:12:42] ETHUSDT 15m: 当前价格=2389.84, EMA25=2406.42, EMA60=2418.77, EMA120=2435.80, 趋势=下跌趋势
[2025-06-22 04:12:43] ETHUSDT 1h: 当前价格=2389.84, EMA25=2425.21, EMA60=2458.61, EMA120=2492.25, 趋势=下跌趋势
[2025-06-22 04:12:43] ETHUSDT 4h: 当前价格=2389.41, EMA25=2475.38, EMA60=2523.27, EMA120=2539.61, 趋势=下跌趋势
[2025-06-22 04:12:43] ETHUSDT 1d: 当前价格=2389.41, EMA25=2521.37, EMA60=2405.79, EMA120=2384.64, 趋势=震荡行情
==============================

===== 趋势分析结果 (2025-06-22 04:27:43) =====
[2025-06-22 04:27:41] BTCUSDT 15m: 当前价格=102376.00, EMA25=102996.66, EMA60=103307.67, EMA120=103593.42, 趋势=下跌趋势
[2025-06-22 04:27:42] BTCUSDT 1h: 当前价格=102361.70, EMA25=103399.86, EMA60=103923.82, EMA120=104479.74, 趋势=下跌趋势
[2025-06-22 04:27:42] BTCUSDT 4h: 当前价格=102361.70, EMA25=104151.24, EMA60=104995.31, EMA120=105338.56, 趋势=下跌趋势
[2025-06-22 04:27:42] BTCUSDT 1d: 当前价格=102376.00, EMA25=105081.82, EMA60=102123.39, EMA120=97878.36, 趋势=震荡行情
[2025-06-22 04:27:42] ETHUSDT 15m: 当前价格=2391.35, EMA25=2405.40, EMA60=2417.93, EMA120=2435.10, 趋势=下跌趋势
[2025-06-22 04:27:43] ETHUSDT 1h: 当前价格=2390.89, EMA25=2425.29, EMA60=2458.65, EMA120=2492.27, 趋势=下跌趋势
[2025-06-22 04:27:43] ETHUSDT 4h: 当前价格=2391.35, EMA25=2475.53, EMA60=2523.33, EMA120=2539.64, 趋势=下跌趋势
[2025-06-22 04:27:43] ETHUSDT 1d: 当前价格=2391.35, EMA25=2521.52, EMA60=2405.86, EMA120=2384.68, 趋势=震荡行情
==============================

===== 趋势分析结果 (2025-06-22 04:42:43) =====
[2025-06-22 04:42:41] BTCUSDT 15m: 当前价格=102549.80, EMA25=102962.73, EMA60=103283.02, EMA120=103576.28, 趋势=下跌趋势
[2025-06-22 04:42:42] BTCUSDT 1h: 当前价格=102549.90, EMA25=103414.34, EMA60=103929.99, EMA120=104482.85, 趋势=下跌趋势
[2025-06-22 04:42:42] BTCUSDT 4h: 当前价格=102549.90, EMA25=104165.72, EMA60=105001.48, EMA120=105341.67, 趋势=下跌趋势
[2025-06-22 04:42:42] BTCUSDT 1d: 当前价格=102549.80, EMA25=105095.19, EMA60=102129.09, EMA120=97881.23, 趋势=震荡行情
[2025-06-22 04:42:42] ETHUSDT 15m: 当前价格=2396.22, EMA25=2404.76, EMA60=2417.25, EMA120=2434.47, 趋势=下跌趋势
[2025-06-22 04:42:43] ETHUSDT 1h: 当前价格=2396.22, EMA25=2425.70, EMA60=2458.82, EMA120=2492.36, 趋势=下跌趋势
[2025-06-22 04:42:43] ETHUSDT 4h: 当前价格=2396.29, EMA25=2475.91, EMA60=2523.50, EMA120=2539.72, 趋势=下跌趋势
[2025-06-22 04:42:43] ETHUSDT 1d: 当前价格=2396.22, EMA25=2521.90, EMA60=2406.02, EMA120=2384.76, 趋势=震荡行情
==============================

===== 趋势分析结果 (2025-06-22 04:57:43) =====
[2025-06-22 04:57:41] BTCUSDT 15m: 当前价格=102846.10, EMA25=102961.40, EMA60=103272.11, EMA120=103565.97, 趋势=下跌趋势
[2025-06-22 04:57:42] BTCUSDT 1h: 当前价格=102846.10, EMA25=103437.12, EMA60=103939.70, EMA120=104487.75, 趋势=下跌趋势
[2025-06-22 04:57:42] BTCUSDT 4h: 当前价格=102846.10, EMA25=104188.51, EMA60=105011.19, EMA120=105346.56, 趋势=下跌趋势
[2025-06-22 04:57:42] BTCUSDT 1d: 当前价格=102846.10, EMA25=105117.98, EMA60=102138.80, EMA120=97886.13, 趋势=震荡行情
[2025-06-22 04:57:42] ETHUSDT 15m: 当前价格=2406.08, EMA25=2405.11, EMA60=2416.99, EMA120=2434.06, 趋势=震荡行情
[2025-06-22 04:57:43] ETHUSDT 1h: 当前价格=2406.08, EMA25=2426.45, EMA60=2459.15, EMA120=2492.52, 趋势=下跌趋势
[2025-06-22 04:57:43] ETHUSDT 4h: 当前价格=2406.08, EMA25=2476.67, EMA60=2523.82, EMA120=2539.88, 趋势=下跌趋势
[2025-06-22 04:57:43] ETHUSDT 1d: 当前价格=2406.08, EMA25=2522.66, EMA60=2406.34, EMA120=2384.92, 趋势=震荡行情
==============================

===== 趋势分析结果 (2025-06-22 05:12:43) =====
[2025-06-22 05:12:41] BTCUSDT 15m: 当前价格=102494.20, EMA25=102916.83, EMA60=103242.74, EMA120=103546.29, 趋势=下跌趋势
[2025-06-22 05:12:42] BTCUSDT 1h: 当前价格=102488.80, EMA25=103355.54, EMA60=103888.27, EMA120=104452.78, 趋势=下跌趋势
[2025-06-22 05:12:42] BTCUSDT 4h: 当前价格=102491.20, EMA25=104161.21, EMA60=104999.55, EMA120=105340.70, 趋势=下跌趋势
[2025-06-22 05:12:42] BTCUSDT 1d: 当前价格=102488.80, EMA25=105090.50, EMA60=102127.09, EMA120=97880.23, 趋势=震荡行情
[2025-06-22 05:12:42] ETHUSDT 15m: 当前价格=2394.54, EMA25=2404.04, EMA60=2416.14, EMA120=2433.35, 趋势=下跌趋势
[2025-06-22 05:12:43] ETHUSDT 1h: 当前价格=2394.54, EMA25=2423.75, EMA60=2456.92, EMA120=2490.84, 趋势=下跌趋势
[2025-06-22 05:12:43] ETHUSDT 4h: 当前价格=2394.53, EMA25=2475.78, EMA60=2523.44, EMA120=2539.69, 趋势=下跌趋势
[2025-06-22 05:12:43] ETHUSDT 1d: 当前价格=2394.53, EMA25=2521.77, EMA60=2405.96, EMA120=2384.73, 趋势=震荡行情
==============================

===== 趋势分析结果 (2025-06-22 05:27:43) =====
[2025-06-22 05:27:41] BTCUSDT 15m: 当前价格=101858.50, EMA25=102832.01, EMA60=103195.84, EMA120=103517.62, 趋势=下跌趋势
[2025-06-22 05:27:42] BTCUSDT 1h: 当前价格=101858.50, EMA25=103307.06, EMA60=103867.61, EMA120=104442.36, 趋势=下跌趋势
[2025-06-22 05:27:42] BTCUSDT 4h: 当前价格=101782.50, EMA25=104106.69, EMA60=104976.32, EMA120=105328.98, 趋势=下跌趋势
[2025-06-22 05:27:42] BTCUSDT 1d: 当前价格=101858.50, EMA25=105042.01, EMA60=102106.42, EMA120=97869.81, 趋势=震荡行情
[2025-06-22 05:27:42] ETHUSDT 15m: 当前价格=2327.03, EMA25=2398.10, EMA60=2413.21, EMA120=2431.59, 趋势=下跌趋势
[2025-06-22 05:27:43] ETHUSDT 1h: 当前价格=2330.62, EMA25=2418.83, EMA60=2454.82, EMA120=2489.79, 趋势=下跌趋势
[2025-06-22 05:27:43] ETHUSDT 4h: 当前价格=2330.41, EMA25=2470.84, EMA60=2521.34, EMA120=2538.63, 趋势=下跌趋势
[2025-06-22 05:27:43] ETHUSDT 1d: 当前价格=2330.62, EMA25=2516.85, EMA60=2403.87, EMA120=2383.67, 趋势=震荡行情
==============================

===== 趋势分析结果 (2025-06-22 05:42:43) =====
[2025-06-22 05:42:41] BTCUSDT 15m: 当前价格=101716.00, EMA25=102739.99, EMA60=103144.56, EMA120=103486.44, 趋势=下跌趋势
[2025-06-22 05:42:42] BTCUSDT 1h: 当前价格=101716.00, EMA25=103296.10, EMA60=103862.93, EMA120=104440.01, 趋势=下跌趋势
[2025-06-22 05:42:42] BTCUSDT 4h: 当前价格=101770.90, EMA25=104105.80, EMA60=104975.94, EMA120=105328.79, 趋势=下跌趋势
[2025-06-22 05:42:42] BTCUSDT 1d: 当前价格=101770.90, EMA25=105035.28, EMA60=102103.55, EMA120=97868.36, 趋势=震荡行情
[2025-06-22 05:42:42] ETHUSDT 15m: 当前价格=2302.97, EMA25=2391.58, EMA60=2409.96, EMA120=2429.64, 趋势=下跌趋势
[2025-06-22 05:42:43] ETHUSDT 1h: 当前价格=2302.62, EMA25=2416.68, EMA60=2453.90, EMA120=2489.33, 趋势=下跌趋势
[2025-06-22 05:42:43] ETHUSDT 4h: 当前价格=2302.97, EMA25=2468.73, EMA60=2520.44, EMA120=2538.18, 趋势=下跌趋势
[2025-06-22 05:42:43] ETHUSDT 1d: 当前价格=2302.62, EMA25=2514.70, EMA60=2402.95, EMA120=2383.21, 趋势=震荡行情
==============================

===== 趋势分析结果 (2025-06-22 05:57:43) =====
[2025-06-22 05:57:41] BTCUSDT 15m: 当前价格=101526.60, EMA25=102650.53, EMA60=103093.24, EMA120=103454.94, 趋势=下跌趋势
[2025-06-22 05:57:42] BTCUSDT 1h: 当前价格=101520.60, EMA25=103281.06, EMA60=103856.53, EMA120=104436.78, 趋势=下跌趋势
[2025-06-22 05:57:42] BTCUSDT 4h: 当前价格=101526.60, EMA25=104087.01, EMA60=104967.93, EMA120=105324.75, 趋势=下跌趋势
[2025-06-22 05:57:42] BTCUSDT 1d: 当前价格=101520.60, EMA25=105016.02, EMA60=102095.34, EMA120=97864.22, 趋势=震荡行情
[2025-06-22 05:57:42] ETHUSDT 15m: 当前价格=2281.48, EMA25=2382.72, EMA60=2405.57, EMA120=2427.11, 趋势=下跌趋势
[2025-06-22 05:57:43] ETHUSDT 1h: 当前价格=2281.52, EMA25=2415.06, EMA60=2453.21, EMA120=2488.98, 趋势=下跌趋势
[2025-06-22 05:57:43] ETHUSDT 4h: 当前价格=2281.52, EMA25=2467.08, EMA60=2519.73, EMA120=2537.82, 趋势=下跌趋势
[2025-06-22 05:57:43] ETHUSDT 1d: 当前价格=2279.94, EMA25=2512.95, EMA60=2402.20, EMA120=2382.84, 趋势=震荡行情
==============================

===== 趋势分析结果 (2025-06-22 06:12:45) =====
[2025-06-22 06:12:41] BTCUSDT 15m: 当前价格=101775.70, EMA25=102573.72, EMA60=103045.80, EMA120=103425.01, 趋势=下跌趋势
[2025-06-22 06:12:42] BTCUSDT 1h: 当前价格=101778.90, EMA25=103156.43, EMA60=103784.35, EMA120=104390.80, 趋势=下跌趋势
[2025-06-22 06:12:42] BTCUSDT 4h: 当前价格=101778.90, EMA25=104106.41, EMA60=104976.20, EMA120=105328.92, 趋势=下跌趋势
[2025-06-22 06:12:42] BTCUSDT 1d: 当前价格=101775.70, EMA25=105035.65, EMA60=102103.71, EMA120=97868.44, 趋势=震荡行情
[2025-06-22 06:12:44] ETHUSDT 15m: 当前价格=2298.24, EMA25=2376.15, EMA60=2402.02, EMA120=2424.96, 趋势=下跌趋势
[2025-06-22 06:12:45] ETHUSDT 1h: 当前价格=2298.24, EMA25=2405.99, EMA60=2448.09, EMA120=2485.81, 趋势=下跌趋势
[2025-06-22 06:12:45] ETHUSDT 4h: 当前价格=2298.24, EMA25=2468.37, EMA60=2520.28, EMA120=2538.10, 趋势=下跌趋势
[2025-06-22 06:12:45] ETHUSDT 1d: 当前价格=2298.24, EMA25=2514.36, EMA60=2402.80, EMA120=2383.14, 趋势=震荡行情
==============================

===== 趋势分析结果 (2025-06-22 06:27:43) =====
[2025-06-22 06:27:41] BTCUSDT 15m: 当前价格=101919.90, EMA25=102527.36, EMA60=103010.64, EMA120=103401.03, 趋势=下跌趋势
[2025-06-22 06:27:42] BTCUSDT 1h: 当前价格=101920.00, EMA25=103167.29, EMA60=103788.98, EMA120=104393.14, 趋势=下跌趋势
[2025-06-22 06:27:42] BTCUSDT 4h: 当前价格=101926.40, EMA25=104117.76, EMA60=104981.04, EMA120=105331.36, 趋势=下跌趋势
[2025-06-22 06:27:42] BTCUSDT 1d: 当前价格=101920.00, EMA25=105046.75, EMA60=102108.44, EMA120=97870.82, 趋势=震荡行情
[2025-06-22 06:27:42] ETHUSDT 15m: 当前价格=2304.82, EMA25=2370.71, EMA60=2398.85, EMA120=2422.98, 趋势=下跌趋势
[2025-06-22 06:27:43] ETHUSDT 1h: 当前价格=2304.99, EMA25=2406.51, EMA60=2448.31, EMA120=2485.92, 趋势=下跌趋势
[2025-06-22 06:27:43] ETHUSDT 4h: 当前价格=2304.97, EMA25=2468.89, EMA60=2520.50, EMA120=2538.21, 趋势=下跌趋势
[2025-06-22 06:27:43] ETHUSDT 1d: 当前价格=2304.97, EMA25=2514.88, EMA60=2403.02, EMA120=2383.25, 趋势=震荡行情
==============================

===== 趋势分析结果 (2025-06-22 06:42:43) =====
[2025-06-22 06:42:41] BTCUSDT 15m: 当前价格=101720.00, EMA25=102459.73, EMA60=102965.85, EMA120=103371.98, 趋势=下跌趋势
[2025-06-22 06:42:42] BTCUSDT 1h: 当前价格=101720.00, EMA25=103151.90, EMA60=103782.42, EMA120=104389.83, 趋势=下跌趋势
[2025-06-22 06:42:42] BTCUSDT 4h: 当前价格=101720.00, EMA25=104101.88, EMA60=104974.27, EMA120=105327.95, 趋势=下跌趋势
[2025-06-22 06:42:42] BTCUSDT 1d: 当前价格=101720.00, EMA25=105031.36, EMA60=102101.88, EMA120=97867.52, 趋势=震荡行情
[2025-06-22 06:42:42] ETHUSDT 15m: 当前价格=2283.87, EMA25=2363.80, EMA60=2394.98, EMA120=2420.63, 趋势=下跌趋势
[2025-06-22 06:42:43] ETHUSDT 1h: 当前价格=2283.87, EMA25=2404.88, EMA60=2447.62, EMA120=2485.57, 趋势=下跌趋势
[2025-06-22 06:42:43] ETHUSDT 4h: 当前价格=2283.87, EMA25=2467.26, EMA60=2519.81, EMA120=2537.86, 趋势=下跌趋势
[2025-06-22 06:42:43] ETHUSDT 1d: 当前价格=2283.87, EMA25=2513.26, EMA60=2402.33, EMA120=2382.90, 趋势=震荡行情
==============================

===== 趋势分析结果 (2025-06-22 06:57:43) =====
[2025-06-22 06:57:41] BTCUSDT 15m: 当前价格=101755.20, EMA25=102399.80, EMA60=102923.60, EMA120=103343.94, 趋势=下跌趋势
[2025-06-22 06:57:42] BTCUSDT 1h: 当前价格=101755.20, EMA25=103154.61, EMA60=103783.58, EMA120=104390.41, 趋势=下跌趋势
[2025-06-22 06:57:42] BTCUSDT 4h: 当前价格=101755.30, EMA25=104104.60, EMA60=104975.43, EMA120=105328.53, 趋势=下跌趋势
[2025-06-22 06:57:42] BTCUSDT 1d: 当前价格=101755.30, EMA25=105034.08, EMA60=102103.04, EMA120=97868.10, 趋势=震荡行情
[2025-06-22 06:57:42] ETHUSDT 15m: 当前价格=2286.15, EMA25=2357.58, EMA60=2391.30, EMA120=2418.35, 趋势=下跌趋势
[2025-06-22 06:57:43] ETHUSDT 1h: 当前价格=2286.16, EMA25=2405.06, EMA60=2447.70, EMA120=2485.61, 趋势=下跌趋势
[2025-06-22 06:57:43] ETHUSDT 4h: 当前价格=2286.15, EMA25=2467.44, EMA60=2519.89, EMA120=2537.90, 趋势=下跌趋势
[2025-06-22 06:57:43] ETHUSDT 1d: 当前价格=2286.16, EMA25=2513.43, EMA60=2402.41, EMA120=2382.94, 趋势=震荡行情
==============================

===== 趋势分析结果 (2025-06-22 07:12:43) =====
[2025-06-22 07:12:41] BTCUSDT 15m: 当前价格=101603.20, EMA25=102336.91, EMA60=102879.59, EMA120=103314.80, 趋势=下跌趋势
[2025-06-22 07:12:42] BTCUSDT 1h: 当前价格=101609.20, EMA25=103034.11, EMA60=103711.56, EMA120=104344.10, 趋势=下跌趋势
[2025-06-22 07:12:42] BTCUSDT 4h: 当前价格=101622.60, EMA25=104094.39, EMA60=104971.07, EMA120=105326.34, 趋势=下跌趋势
[2025-06-22 07:12:42] BTCUSDT 1d: 当前价格=101603.20, EMA25=105022.38, EMA60=102098.05, EMA120=97865.59, 趋势=震荡行情
[2025-06-22 07:12:42] ETHUSDT 15m: 当前价格=2284.66, EMA25=2351.91, EMA60=2387.78, EMA120=2416.13, 趋势=下跌趋势
[2025-06-22 07:12:43] ETHUSDT 1h: 当前价格=2284.38, EMA25=2395.71, EMA60=2442.31, EMA120=2482.27, 趋势=下跌趋势
[2025-06-22 07:12:43] ETHUSDT 4h: 当前价格=2283.96, EMA25=2467.27, EMA60=2519.81, EMA120=2537.86, 趋势=下跌趋势
[2025-06-22 07:12:43] ETHUSDT 1d: 当前价格=2284.38, EMA25=2513.29, EMA60=2402.35, EMA120=2382.91, 趋势=震荡行情
==============================

===== 趋势分析结果 (2025-06-22 07:27:43) =====
[2025-06-22 07:27:41] BTCUSDT 15m: 当前价格=101368.30, EMA25=102258.37, EMA60=102828.24, EMA120=103281.69, 趋势=下跌趋势
[2025-06-22 07:27:42] BTCUSDT 1h: 当前价格=101368.30, EMA25=103015.58, EMA60=103703.66, EMA120=104340.12, 趋势=下跌趋势
[2025-06-22 07:27:42] BTCUSDT 4h: 当前价格=101389.90, EMA25=104076.49, EMA60=104963.45, EMA120=105322.49, 趋势=下跌趋势
[2025-06-22 07:27:42] BTCUSDT 1d: 当前价格=101378.30, EMA25=105005.08, EMA60=102090.68, EMA120=97861.87, 趋势=震荡行情
[2025-06-22 07:27:42] ETHUSDT 15m: 当前价格=2265.52, EMA25=2344.84, EMA60=2383.58, EMA120=2413.54, 趋势=下跌趋势
[2025-06-22 07:27:43] ETHUSDT 1h: 当前价格=2265.52, EMA25=2394.26, EMA60=2441.70, EMA120=2481.96, 趋势=下跌趋势
[2025-06-22 07:27:43] ETHUSDT 4h: 当前价格=2265.52, EMA25=2465.85, EMA60=2519.21, EMA120=2537.56, 趋势=下跌趋势
[2025-06-22 07:27:43] ETHUSDT 1d: 当前价格=2265.52, EMA25=2511.84, EMA60=2401.73, EMA120=2382.60, 趋势=震荡行情
==============================

===== 趋势分析结果 (2025-06-22 07:42:40) =====
[2025-06-22 07:42:38] BTCUSDT 15m: 当前价格=101141.90, EMA25=102172.95, EMA60=102773.15, EMA120=103246.42, 趋势=下跌趋势
[2025-06-22 07:42:39] BTCUSDT 1h: 当前价格=101123.10, EMA25=102996.72, EMA60=103695.62, EMA120=104336.07, 趋势=下跌趋势
[2025-06-22 07:42:39] BTCUSDT 4h: 当前价格=101136.70, EMA25=104057.01, EMA60=104955.14, EMA120=105318.31, 趋势=下跌趋势
[2025-06-22 07:42:39] BTCUSDT 1d: 当前价格=101136.70, EMA25=104986.49, EMA60=102082.76, EMA120=97857.88, 趋势=震荡行情
[2025-06-22 07:42:39] ETHUSDT 15m: 当前价格=2232.37, EMA25=2335.83, EMA60=2378.46, EMA120=2410.46, 趋势=下跌趋势
[2025-06-22 07:42:40] ETHUSDT 1h: 当前价格=2233.39, EMA25=2391.79, EMA60=2440.64, EMA120=2481.43, 趋势=下跌趋势
[2025-06-22 07:42:40] ETHUSDT 4h: 当前价格=2232.37, EMA25=2463.30, EMA60=2518.12, EMA120=2537.01, 趋势=下跌趋势
[2025-06-22 07:42:40] ETHUSDT 1d: 当前价格=2232.05, EMA25=2509.27, EMA60=2400.63, EMA120=2382.04, 趋势=震荡行情
==============================

===== 趋势分析结果 (2025-06-22 07:57:40) =====
[2025-06-22 07:57:38] BTCUSDT 15m: 当前价格=102170.60, EMA25=102173.55, EMA60=102753.75, EMA120=103228.79, 趋势=下跌趋势
[2025-06-22 07:57:38] BTCUSDT 1h: 当前价格=102189.60, EMA25=103078.76, EMA60=103730.59, EMA120=104353.70, 趋势=下跌趋势
[2025-06-22 07:57:39] BTCUSDT 4h: 当前价格=102189.60, EMA25=104138.01, EMA60=104989.67, EMA120=105335.71, 趋势=下跌趋势
[2025-06-22 07:57:39] BTCUSDT 1d: 当前价格=102189.60, EMA25=105067.48, EMA60=102117.28, EMA120=97875.28, 趋势=震荡行情
[2025-06-22 07:57:39] ETHUSDT 15m: 当前价格=2295.46, EMA25=2333.18, EMA60=2375.94, EMA120=2408.67, 趋势=下跌趋势
[2025-06-22 07:57:40] ETHUSDT 1h: 当前价格=2296.96, EMA25=2396.68, EMA60=2442.73, EMA120=2482.48, 趋势=下跌趋势
[2025-06-22 07:57:40] ETHUSDT 4h: 当前价格=2296.96, EMA25=2468.27, EMA60=2520.24, EMA120=2538.08, 趋势=下跌趋势
[2025-06-22 07:57:40] ETHUSDT 1d: 当前价格=2295.46, EMA25=2514.15, EMA60=2402.71, EMA120=2383.09, 趋势=震荡行情
==============================

===== 趋势分析结果 (2025-06-22 08:12:40) =====
[2025-06-22 08:12:38] BTCUSDT 15m: 当前价格=101907.00, EMA25=102146.60, EMA60=102723.11, EMA120=103205.45, 趋势=下跌趋势
[2025-06-22 08:12:39] BTCUSDT 1h: 当前价格=101900.00, EMA25=102980.29, EMA60=103667.09, EMA120=104311.38, 趋势=下跌趋势
[2025-06-22 08:12:39] BTCUSDT 4h: 当前价格=101899.90, EMA25=103958.05, EMA60=104884.88, EMA120=105277.11, 趋势=下跌趋势
[2025-06-22 08:12:39] BTCUSDT 1d: 当前价格=101899.90, EMA25=104816.03, EMA60=102106.67, EMA120=97940.19, 趋势=震荡行情
[2025-06-22 08:12:39] ETHUSDT 15m: 当前价格=2276.54, EMA25=2328.77, EMA60=2372.66, EMA120=2406.47, 趋势=下跌趋势
[2025-06-22 08:12:40] ETHUSDT 1h: 当前价格=2275.31, EMA25=2387.18, EMA60=2437.16, EMA120=2479.02, 趋势=下跌趋势
[2025-06-22 08:12:40] ETHUSDT 4h: 当前价格=2276.83, EMA25=2453.38, EMA60=2512.19, EMA120=2533.72, 趋势=下跌趋势
[2025-06-22 08:12:40] ETHUSDT 1d: 当前价格=2276.83, EMA25=2495.83, EMA60=2398.56, EMA120=2381.33, 趋势=震荡行情
==============================

===== 趋势分析结果 (2025-06-22 08:27:42) =====
[2025-06-22 08:27:40] BTCUSDT 15m: 当前价格=102451.50, EMA25=102172.13, EMA60=102715.13, EMA120=103193.44, 趋势=震荡行情
[2025-06-22 08:27:41] BTCUSDT 1h: 当前价格=102473.10, EMA25=103024.37, EMA60=103685.88, EMA120=104320.86, 趋势=下跌趋势
[2025-06-22 08:27:41] BTCUSDT 4h: 当前价格=102473.10, EMA25=104002.14, EMA60=104903.67, EMA120=105286.58, 趋势=下跌趋势
[2025-06-22 08:27:41] BTCUSDT 1d: 当前价格=102473.10, EMA25=104860.12, EMA60=102125.46, EMA120=97949.67, 趋势=震荡行情
[2025-06-22 08:27:42] ETHUSDT 15m: 当前价格=2284.88, EMA25=2325.52, EMA60=2369.84, EMA120=2404.48, 趋势=下跌趋势
[2025-06-22 08:27:42] ETHUSDT 1h: 当前价格=2286.13, EMA25=2388.01, EMA60=2437.52, EMA120=2479.20, 趋势=下跌趋势
[2025-06-22 08:27:42] ETHUSDT 4h: 当前价格=2286.13, EMA25=2454.09, EMA60=2512.49, EMA120=2533.87, 趋势=下跌趋势
[2025-06-22 08:27:42] ETHUSDT 1d: 当前价格=2286.13, EMA25=2496.55, EMA60=2398.86, EMA120=2381.48, 趋势=震荡行情
==============================

===== 趋势分析结果 (2025-06-22 08:42:40) =====
[2025-06-22 08:42:38] BTCUSDT 15m: 当前价格=102939.40, EMA25=102230.79, EMA60=102722.32, EMA120=103189.14, 趋势=震荡行情
[2025-06-22 08:42:39] BTCUSDT 1h: 当前价格=102927.90, EMA25=103059.36, EMA60=103700.79, EMA120=104328.37, 趋势=下跌趋势
[2025-06-22 08:42:39] BTCUSDT 4h: 当前价格=102927.90, EMA25=104037.12, EMA60=104918.58, EMA120=105294.10, 趋势=下跌趋势
[2025-06-22 08:42:39] BTCUSDT 1d: 当前价格=102927.90, EMA25=104895.10, EMA60=102140.37, EMA120=97957.19, 趋势=震荡行情
[2025-06-22 08:42:39] ETHUSDT 15m: 当前价格=2297.94, EMA25=2323.26, EMA60=2367.42, EMA120=2402.69, 趋势=下跌趋势
[2025-06-22 08:42:40] ETHUSDT 1h: 当前价格=2297.68, EMA25=2388.90, EMA60=2437.90, EMA120=2479.39, 趋势=下跌趋势
[2025-06-22 08:42:40] ETHUSDT 4h: 当前价格=2297.68, EMA25=2454.98, EMA60=2512.87, EMA120=2534.07, 趋势=下跌趋势
[2025-06-22 08:42:40] ETHUSDT 1d: 当前价格=2297.33, EMA25=2497.41, EMA60=2399.23, EMA120=2381.67, 趋势=震荡行情
==============================

===== 趋势分析结果 (2025-06-22 08:57:40) =====
[2025-06-22 08:57:38] BTCUSDT 15m: 当前价格=102750.00, EMA25=102266.37, EMA60=102721.28, EMA120=103180.86, 趋势=震荡行情
[2025-06-22 08:57:39] BTCUSDT 1h: 当前价格=102749.90, EMA25=103045.67, EMA60=103694.96, EMA120=104325.43, 趋势=下跌趋势
[2025-06-22 08:57:39] BTCUSDT 4h: 当前价格=102750.00, EMA25=104023.44, EMA60=104912.75, EMA120=105291.16, 趋势=下跌趋势
[2025-06-22 08:57:39] BTCUSDT 1d: 当前价格=102750.00, EMA25=104881.42, EMA60=102134.54, EMA120=97954.24, 趋势=震荡行情
[2025-06-22 08:57:39] ETHUSDT 15m: 当前价格=2291.80, EMA25=2320.73, EMA60=2364.89, EMA120=2400.83, 趋势=下跌趋势
[2025-06-22 08:57:40] ETHUSDT 1h: 当前价格=2291.80, EMA25=2388.44, EMA60=2437.70, EMA120=2479.29, 趋势=下跌趋势
[2025-06-22 08:57:40] ETHUSDT 4h: 当前价格=2291.40, EMA25=2454.50, EMA60=2512.66, EMA120=2533.96, 趋势=下跌趋势
[2025-06-22 08:57:40] ETHUSDT 1d: 当前价格=2291.40, EMA25=2496.95, EMA60=2399.04, EMA120=2381.57, 趋势=震荡行情
==============================

===== 趋势分析结果 (2025-06-22 09:12:40) =====
[2025-06-22 09:12:38] BTCUSDT 15m: 当前价格=102800.00, EMA25=102312.05, EMA60=102725.93, EMA120=103175.60, 趋势=震荡行情
[2025-06-22 09:12:39] BTCUSDT 1h: 当前价格=102800.00, EMA25=103031.40, EMA60=103667.68, EMA120=104301.31, 趋势=下跌趋势
[2025-06-22 09:12:39] BTCUSDT 4h: 当前价格=102800.00, EMA25=104027.29, EMA60=104914.39, EMA120=105291.99, 趋势=下跌趋势
[2025-06-22 09:12:39] BTCUSDT 1d: 当前价格=102800.00, EMA25=104885.27, EMA60=102136.18, EMA120=97955.07, 趋势=震荡行情
[2025-06-22 09:12:39] ETHUSDT 15m: 当前价格=2295.77, EMA25=2318.93, EMA60=2362.68, EMA120=2399.12, 趋势=下跌趋势
[2025-06-22 09:12:40] ETHUSDT 1h: 当前价格=2295.95, EMA25=2381.45, EMA60=2433.11, EMA120=2476.29, 趋势=下跌趋势
[2025-06-22 09:12:40] ETHUSDT 4h: 当前价格=2295.70, EMA25=2454.83, EMA60=2512.80, EMA120=2534.03, 趋势=下跌趋势
[2025-06-22 09:12:40] ETHUSDT 1d: 当前价格=2295.77, EMA25=2497.29, EMA60=2399.18, EMA120=2381.64, 趋势=震荡行情
==============================

===== 趋势分析结果 (2025-06-22 09:27:40) =====
[2025-06-22 09:27:38] BTCUSDT 15m: 当前价格=102537.00, EMA25=102326.03, EMA60=102718.25, EMA120=103164.25, 趋势=震荡行情
[2025-06-22 09:27:39] BTCUSDT 1h: 当前价格=102537.00, EMA25=103011.17, EMA60=103659.06, EMA120=104296.96, 趋势=下跌趋势
[2025-06-22 09:27:39] BTCUSDT 4h: 当前价格=102537.00, EMA25=104007.05, EMA60=104905.77, EMA120=105287.64, 趋势=下跌趋势
[2025-06-22 09:27:39] BTCUSDT 1d: 当前价格=102532.80, EMA25=104864.71, EMA60=102127.42, EMA120=97950.65, 趋势=震荡行情
[2025-06-22 09:27:39] ETHUSDT 15m: 当前价格=2284.01, EMA25=2315.97, EMA60=2359.98, EMA120=2397.16, 趋势=下跌趋势
[2025-06-22 09:27:40] ETHUSDT 1h: 当前价格=2284.01, EMA25=2380.54, EMA60=2432.72, EMA120=2476.09, 趋势=下跌趋势
[2025-06-22 09:27:40] ETHUSDT 4h: 当前价格=2284.01, EMA25=2453.93, EMA60=2512.42, EMA120=2533.84, 趋势=下跌趋势
[2025-06-22 09:27:40] ETHUSDT 1d: 当前价格=2283.96, EMA25=2496.38, EMA60=2398.79, EMA120=2381.45, 趋势=震荡行情
==============================

===== 趋势分析结果 (2025-06-22 09:42:40) =====
[2025-06-22 09:42:38] BTCUSDT 15m: 当前价格=102470.90, EMA25=102337.27, EMA60=102710.18, EMA120=103152.79, 趋势=震荡行情
[2025-06-22 09:42:39] BTCUSDT 1h: 当前价格=102470.90, EMA25=103006.09, EMA60=103656.89, EMA120=104295.87, 趋势=下跌趋势
[2025-06-22 09:42:39] BTCUSDT 4h: 当前价格=102470.90, EMA25=104001.97, EMA60=104903.60, EMA120=105286.55, 趋势=下跌趋势
[2025-06-22 09:42:39] BTCUSDT 1d: 当前价格=102471.00, EMA25=104859.96, EMA60=102125.39, EMA120=97949.63, 趋势=震荡行情
[2025-06-22 09:42:39] ETHUSDT 15m: 当前价格=2273.32, EMA25=2312.81, EMA60=2357.19, EMA120=2395.14, 趋势=下跌趋势
[2025-06-22 09:42:40] ETHUSDT 1h: 当前价格=2273.65, EMA25=2379.74, EMA60=2432.38, EMA120=2475.92, 趋势=下跌趋势
[2025-06-22 09:42:40] ETHUSDT 4h: 当前价格=2273.65, EMA25=2453.13, EMA60=2512.08, EMA120=2533.67, 趋势=下跌趋势
[2025-06-22 09:42:40] ETHUSDT 1d: 当前价格=2273.65, EMA25=2495.59, EMA60=2398.45, EMA120=2381.28, 趋势=震荡行情
==============================

===== 趋势分析结果 (2025-06-22 09:57:40) =====
[2025-06-22 09:57:38] BTCUSDT 15m: 当前价格=102404.80, EMA25=102349.35, EMA60=102703.25, EMA120=103141.97, 趋势=震荡行情
[2025-06-22 09:57:39] BTCUSDT 1h: 当前价格=102404.90, EMA25=103001.01, EMA60=103654.73, EMA120=104294.78, 趋势=下跌趋势
[2025-06-22 09:57:39] BTCUSDT 4h: 当前价格=102404.90, EMA25=103996.89, EMA60=104901.44, EMA120=105285.46, 趋势=下跌趋势
[2025-06-22 09:57:39] BTCUSDT 1d: 当前价格=102404.90, EMA25=104854.87, EMA60=102123.23, EMA120=97948.54, 趋势=震荡行情
[2025-06-22 09:57:39] ETHUSDT 15m: 当前价格=2268.31, EMA25=2309.56, EMA60=2354.35, EMA120=2393.08, 趋势=下跌趋势
[2025-06-22 09:57:40] ETHUSDT 1h: 当前价格=2268.60, EMA25=2379.35, EMA60=2432.21, EMA120=2475.84, 趋势=下跌趋势
[2025-06-22 09:57:40] ETHUSDT 4h: 当前价格=2268.50, EMA25=2452.74, EMA60=2511.91, EMA120=2533.58, 趋势=下跌趋势
[2025-06-22 09:57:40] ETHUSDT 1d: 当前价格=2268.50, EMA25=2495.19, EMA60=2398.29, EMA120=2381.19, 趋势=震荡行情
==============================

===== 趋势分析结果 (2025-06-22 10:12:40) =====
[2025-06-22 10:12:38] BTCUSDT 15m: 当前价格=102247.20, EMA25=102338.32, EMA60=102686.88, EMA120=103126.42, 趋势=下跌趋势
[2025-06-22 10:12:39] BTCUSDT 1h: 当前价格=102247.20, EMA25=102939.85, EMA60=103607.16, EMA120=104260.24, 趋势=下跌趋势
[2025-06-22 10:12:39] BTCUSDT 4h: 当前价格=102284.50, EMA25=103987.63, EMA60=104897.49, EMA120=105283.47, 趋势=下跌趋势
[2025-06-22 10:12:39] BTCUSDT 1d: 当前价格=102284.50, EMA25=104845.61, EMA60=102119.28, EMA120=97946.55, 趋势=震荡行情
[2025-06-22 10:12:39] ETHUSDT 15m: 当前价格=2268.38, EMA25=2306.18, EMA60=2351.44, EMA120=2390.97, 趋势=下跌趋势
[2025-06-22 10:12:40] ETHUSDT 1h: 当前价格=2267.84, EMA25=2370.54, EMA60=2426.72, EMA120=2472.35, 趋势=下跌趋势
[2025-06-22 10:12:40] ETHUSDT 4h: 当前价格=2267.39, EMA25=2452.65, EMA60=2511.88, EMA120=2533.56, 趋势=下跌趋势
[2025-06-22 10:12:40] ETHUSDT 1d: 当前价格=2268.60, EMA25=2495.20, EMA60=2398.29, EMA120=2381.19, 趋势=震荡行情
==============================

===== 趋势分析结果 (2025-06-22 10:27:40) =====
[2025-06-22 10:27:38] BTCUSDT 15m: 当前价格=101995.50, EMA25=102321.26, EMA60=102668.37, EMA120=103109.83, 趋势=下跌趋势
[2025-06-22 10:27:39] BTCUSDT 1h: 当前价格=101999.90, EMA25=102920.82, EMA60=103599.05, EMA120=104256.15, 趋势=下跌趋势
[2025-06-22 10:27:39] BTCUSDT 4h: 当前价格=101999.90, EMA25=103965.74, EMA60=104888.16, EMA120=105278.76, 趋势=下跌趋势
[2025-06-22 10:27:39] BTCUSDT 1d: 当前价格=101995.50, EMA25=104823.38, EMA60=102109.80, EMA120=97941.77, 趋势=震荡行情
[2025-06-22 10:27:39] ETHUSDT 15m: 当前价格=2255.90, EMA25=2302.62, EMA60=2348.44, EMA120=2388.80, 趋势=下跌趋势
[2025-06-22 10:27:40] ETHUSDT 1h: 当前价格=2255.90, EMA25=2369.62, EMA60=2426.33, EMA120=2472.15, 趋势=下跌趋势
[2025-06-22 10:27:40] ETHUSDT 4h: 当前价格=2255.90, EMA25=2451.77, EMA60=2511.50, EMA120=2533.38, 趋势=下跌趋势
[2025-06-22 10:27:40] ETHUSDT 1d: 当前价格=2255.90, EMA25=2494.22, EMA60=2397.87, EMA120=2380.98, 趋势=震荡行情
==============================

===== 趋势分析结果 (2025-06-22 10:42:40) =====
[2025-06-22 10:42:38] BTCUSDT 15m: 当前价格=102125.00, EMA25=102317.76, EMA60=102655.73, EMA120=103096.18, 趋势=下跌趋势
[2025-06-22 10:42:39] BTCUSDT 1h: 当前价格=102158.90, EMA25=102933.05, EMA60=103604.27, EMA120=104258.78, 趋势=下跌趋势
[2025-06-22 10:42:39] BTCUSDT 4h: 当前价格=102151.60, EMA25=103977.41, EMA60=104893.13, EMA120=105281.27, 趋势=下跌趋势
[2025-06-22 10:42:39] BTCUSDT 1d: 当前价格=102151.60, EMA25=104835.39, EMA60=102114.92, EMA120=97944.35, 趋势=震荡行情
[2025-06-22 10:42:39] ETHUSDT 15m: 当前价格=2257.88, EMA25=2299.80, EMA60=2345.75, EMA120=2386.78, 趋势=下跌趋势
[2025-06-22 10:42:40] ETHUSDT 1h: 当前价格=2256.91, EMA25=2369.70, EMA60=2426.36, EMA120=2472.17, 趋势=下跌趋势
[2025-06-22 10:42:40] ETHUSDT 4h: 当前价格=2258.11, EMA25=2451.94, EMA60=2511.57, EMA120=2533.41, 趋势=下跌趋势
[2025-06-22 10:42:40] ETHUSDT 1d: 当前价格=2258.11, EMA25=2494.39, EMA60=2397.95, EMA120=2381.02, 趋势=震荡行情
==============================

===== 趋势分析结果 (2025-06-22 10:57:40) =====
[2025-06-22 10:57:38] BTCUSDT 15m: 当前价格=102375.50, EMA25=102337.26, EMA60=102653.27, EMA120=103087.67, 趋势=震荡行情
[2025-06-22 10:57:38] BTCUSDT 1h: 当前价格=102370.30, EMA25=102949.31, EMA60=103611.20, EMA120=104262.27, 趋势=下跌趋势
[2025-06-22 10:57:39] BTCUSDT 4h: 当前价格=102375.50, EMA25=103994.63, EMA60=104900.47, EMA120=105284.97, 趋势=下跌趋势
[2025-06-22 10:57:39] BTCUSDT 1d: 当前价格=102370.40, EMA25=104852.22, EMA60=102122.10, EMA120=97947.97, 趋势=震荡行情
[2025-06-22 10:57:39] ETHUSDT 15m: 当前价格=2266.61, EMA25=2297.34, EMA60=2343.20, EMA120=2384.81, 趋势=下跌趋势
[2025-06-22 10:57:40] ETHUSDT 1h: 当前价格=2266.18, EMA25=2370.41, EMA60=2426.67, EMA120=2472.32, 趋势=下跌趋势
[2025-06-22 10:57:40] ETHUSDT 4h: 当前价格=2266.55, EMA25=2452.59, EMA60=2511.85, EMA120=2533.55, 趋势=下跌趋势
[2025-06-22 10:57:40] ETHUSDT 1d: 当前价格=2266.61, EMA25=2495.05, EMA60=2398.22, EMA120=2381.16, 趋势=震荡行情
==============================

===== 趋势分析结果 (2025-06-22 11:12:40) =====
[2025-06-22 11:12:38] BTCUSDT 15m: 当前价格=102459.40, EMA25=102342.01, EMA60=102644.84, EMA120=103076.19, 趋势=震荡行情
[2025-06-22 11:12:39] BTCUSDT 1h: 当前价格=102454.60, EMA25=102906.99, EMA60=103571.37, EMA120=104231.44, 趋势=下跌趋势
[2025-06-22 11:12:39] BTCUSDT 4h: 当前价格=102459.40, EMA25=104001.09, EMA60=104903.22, EMA120=105286.36, 趋势=下跌趋势
[2025-06-22 11:12:39] BTCUSDT 1d: 当前价格=102454.70, EMA25=104858.70, EMA60=102124.86, EMA120=97949.36, 趋势=震荡行情
[2025-06-22 11:12:39] ETHUSDT 15m: 当前价格=2269.67, EMA25=2295.04, EMA60=2340.71, EMA120=2382.87, 趋势=下跌趋势
[2025-06-22 11:12:40] ETHUSDT 1h: 当前价格=2269.67, EMA25=2362.52, EMA60=2421.46, EMA120=2468.94, 趋势=下跌趋势
[2025-06-22 11:12:40] ETHUSDT 4h: 当前价格=2270.45, EMA25=2452.89, EMA60=2511.98, EMA120=2533.62, 趋势=下跌趋势
[2025-06-22 11:12:40] ETHUSDT 1d: 当前价格=2270.45, EMA25=2495.34, EMA60=2398.35, EMA120=2381.22, 趋势=震荡行情
==============================

===== 趋势分析结果 (2025-06-22 11:27:40) =====
[2025-06-22 11:27:38] BTCUSDT 15m: 当前价格=102119.20, EMA25=102316.20, EMA60=102623.73, EMA120=103058.36, 趋势=下跌趋势
[2025-06-22 11:27:39] BTCUSDT 1h: 当前价格=102107.70, EMA25=102880.30, EMA60=103559.99, EMA120=104225.70, 趋势=下跌趋势
[2025-06-22 11:27:39] BTCUSDT 4h: 当前价格=102101.10, EMA25=103973.52, EMA60=104891.48, EMA120=105280.44, 趋势=下跌趋势
[2025-06-22 11:27:39] BTCUSDT 1d: 当前价格=102119.20, EMA25=104832.90, EMA60=102113.86, EMA120=97943.82, 趋势=震荡行情
[2025-06-22 11:27:39] ETHUSDT 15m: 当前价格=2254.10, EMA25=2291.70, EMA60=2337.79, EMA120=2380.70, 趋势=下跌趋势
[2025-06-22 11:27:40] ETHUSDT 1h: 当前价格=2254.15, EMA25=2361.33, EMA60=2420.95, EMA120=2468.69, 趋势=下跌趋势
[2025-06-22 11:27:40] ETHUSDT 4h: 当前价格=2254.78, EMA25=2451.68, EMA60=2511.46, EMA120=2533.36, 趋势=下跌趋势
[2025-06-22 11:27:40] ETHUSDT 1d: 当前价格=2254.15, EMA25=2494.09, EMA60=2397.82, EMA120=2380.95, 趋势=震荡行情
==============================

===== 趋势分析结果 (2025-06-22 11:42:40) =====
[2025-06-22 11:42:38] BTCUSDT 15m: 当前价格=102119.60, EMA25=102301.62, EMA60=102607.45, EMA120=103042.94, 趋势=下跌趋势
[2025-06-22 11:42:39] BTCUSDT 1h: 当前价格=102119.60, EMA25=102881.22, EMA60=103560.38, EMA120=104225.90, 趋势=下跌趋势
[2025-06-22 11:42:39] BTCUSDT 4h: 当前价格=102119.60, EMA25=103974.95, EMA60=104892.08, EMA120=105280.74, 趋势=下跌趋势
[2025-06-22 11:42:39] BTCUSDT 1d: 当前价格=102122.40, EMA25=104833.14, EMA60=102113.96, EMA120=97943.87, 趋势=震荡行情
[2025-06-22 11:42:39] ETHUSDT 15m: 当前价格=2257.29, EMA25=2289.05, EMA60=2335.15, EMA120=2378.66, 趋势=下跌趋势
[2025-06-22 11:42:40] ETHUSDT 1h: 当前价格=2257.29, EMA25=2361.57, EMA60=2421.05, EMA120=2468.74, 趋势=下跌趋势
[2025-06-22 11:42:40] ETHUSDT 4h: 当前价格=2257.29, EMA25=2451.88, EMA60=2511.54, EMA120=2533.40, 趋势=下跌趋势
[2025-06-22 11:42:40] ETHUSDT 1d: 当前价格=2257.62, EMA25=2494.35, EMA60=2397.93, EMA120=2381.01, 趋势=震荡行情
==============================

===== 趋势分析结果 (2025-06-22 11:57:40) =====
[2025-06-22 11:57:38] BTCUSDT 15m: 当前价格=102229.70, EMA25=102300.63, EMA60=102597.09, EMA120=103030.51, 趋势=下跌趋势
[2025-06-22 11:57:38] BTCUSDT 1h: 当前价格=102229.80, EMA25=102889.69, EMA60=103564.00, EMA120=104227.72, 趋势=下跌趋势
[2025-06-22 11:57:39] BTCUSDT 4h: 当前价格=102243.20, EMA25=103984.45, EMA60=104896.14, EMA120=105282.78, 趋势=下跌趋势
[2025-06-22 11:57:39] BTCUSDT 1d: 当前价格=102229.80, EMA25=104841.40, EMA60=102117.49, EMA120=97945.65, 趋势=震荡行情
[2025-06-22 11:57:39] ETHUSDT 15m: 当前价格=2258.92, EMA25=2287.08, EMA60=2332.80, EMA120=2376.76, 趋势=下跌趋势
[2025-06-22 11:57:40] ETHUSDT 1h: 当前价格=2258.92, EMA25=2361.70, EMA60=2421.10, EMA120=2468.76, 趋势=下跌趋势
[2025-06-22 11:57:40] ETHUSDT 4h: 当前价格=2258.92, EMA25=2452.00, EMA60=2511.60, EMA120=2533.42, 趋势=下跌趋势
[2025-06-22 11:57:40] ETHUSDT 1d: 当前价格=2258.92, EMA25=2494.45, EMA60=2397.97, EMA120=2381.03, 趋势=震荡行情
==============================

===== 趋势分析结果 (2025-06-22 12:12:40) =====
[2025-06-22 12:12:38] BTCUSDT 15m: 当前价格=102600.60, EMA25=102331.54, EMA60=102600.70, EMA120=103025.17, 趋势=震荡行情
[2025-06-22 12:12:38] BTCUSDT 1h: 当前价格=102600.60, EMA25=102875.28, EMA60=103535.90, EMA120=104202.64, 趋势=下跌趋势
[2025-06-22 12:12:39] BTCUSDT 4h: 当前价格=102600.70, EMA25=103884.89, EMA60=104823.94, EMA120=105240.01, 趋势=下跌趋势
[2025-06-22 12:12:39] BTCUSDT 1d: 当前价格=102579.60, EMA25=104868.31, EMA60=102128.95, EMA120=97951.43, 趋势=震荡行情
[2025-06-22 12:12:39] ETHUSDT 15m: 当前价格=2278.50, EMA25=2286.74, EMA60=2331.17, EMA120=2375.21, 趋势=下跌趋势
[2025-06-22 12:12:40] ETHUSDT 1h: 当前价格=2278.60, EMA25=2355.63, EMA60=2416.58, EMA120=2465.70, 趋势=下跌趋势
[2025-06-22 12:12:40] ETHUSDT 4h: 当前价格=2278.50, EMA25=2438.98, EMA60=2504.10, EMA120=2529.28, 趋势=下跌趋势
[2025-06-22 12:12:40] ETHUSDT 1d: 当前价格=2278.60, EMA25=2495.97, EMA60=2398.62, EMA120=2381.36, 趋势=震荡行情
==============================

===== 趋势分析结果 (2025-06-22 12:27:40) =====
[2025-06-22 12:27:38] BTCUSDT 15m: 当前价格=102455.00, EMA25=102341.46, EMA60=102596.12, EMA120=103015.82, 趋势=震荡行情
[2025-06-22 12:27:39] BTCUSDT 1h: 当前价格=102455.00, EMA25=102864.08, EMA60=103531.13, EMA120=104200.24, 趋势=下跌趋势
[2025-06-22 12:27:39] BTCUSDT 4h: 当前价格=102459.90, EMA25=103874.05, EMA60=104819.33, EMA120=105237.68, 趋势=下跌趋势
[2025-06-22 12:27:39] BTCUSDT 1d: 当前价格=102459.90, EMA25=104859.10, EMA60=102125.03, EMA120=97949.45, 趋势=震荡行情
[2025-06-22 12:27:39] ETHUSDT 15m: 当前价格=2278.11, EMA25=2286.18, EMA60=2329.47, EMA120=2373.63, 趋势=下跌趋势
[2025-06-22 12:27:40] ETHUSDT 1h: 当前价格=2278.11, EMA25=2355.59, EMA60=2416.56, EMA120=2465.69, 趋势=下跌趋势
[2025-06-22 12:27:40] ETHUSDT 4h: 当前价格=2278.11, EMA25=2438.95, EMA60=2504.09, EMA120=2529.28, 趋势=下跌趋势
[2025-06-22 12:27:40] ETHUSDT 1d: 当前价格=2278.11, EMA25=2495.93, EMA60=2398.60, EMA120=2381.35, 趋势=震荡行情
==============================

===== 趋势分析结果 (2025-06-22 12:42:40) =====
[2025-06-22 12:42:38] BTCUSDT 15m: 当前价格=102395.30, EMA25=102347.18, EMA60=102590.24, EMA120=103005.91, 趋势=震荡行情
[2025-06-22 12:42:39] BTCUSDT 1h: 当前价格=102409.00, EMA25=102860.54, EMA60=103529.62, EMA120=104199.48, 趋势=下跌趋势
[2025-06-22 12:42:39] BTCUSDT 4h: 当前价格=102395.40, EMA25=103869.09, EMA60=104817.21, EMA120=105236.62, 趋势=下跌趋势
[2025-06-22 12:42:39] BTCUSDT 1d: 当前价格=102395.30, EMA25=104854.13, EMA60=102122.91, EMA120=97948.38, 趋势=震荡行情
[2025-06-22 12:42:39] ETHUSDT 15m: 当前价格=2274.38, EMA25=2285.25, EMA60=2327.65, EMA120=2371.98, 趋势=下跌趋势
[2025-06-22 12:42:40] ETHUSDT 1h: 当前价格=2274.37, EMA25=2355.30, EMA60=2416.44, EMA120=2465.63, 趋势=下跌趋势
[2025-06-22 12:42:40] ETHUSDT 4h: 当前价格=2274.38, EMA25=2438.66, EMA60=2503.97, EMA120=2529.22, 趋势=下跌趋势
[2025-06-22 12:42:40] ETHUSDT 1d: 当前价格=2274.38, EMA25=2495.64, EMA60=2398.48, EMA120=2381.29, 趋势=震荡行情
==============================

===== 趋势分析结果 (2025-06-22 12:57:41) =====
[2025-06-22 12:57:38] BTCUSDT 15m: 当前价格=102577.80, EMA25=102364.06, EMA60=102589.45, EMA120=102998.63, 趋势=震荡行情
[2025-06-22 12:57:38] BTCUSDT 1h: 当前价格=102571.50, EMA25=102873.04, EMA60=103534.95, EMA120=104202.16, 趋势=下跌趋势
[2025-06-22 12:57:39] BTCUSDT 4h: 当前价格=102577.80, EMA25=103883.12, EMA60=104823.19, EMA120=105239.63, 趋势=下跌趋势
[2025-06-22 12:57:39] BTCUSDT 1d: 当前价格=102573.70, EMA25=104867.86, EMA60=102128.76, EMA120=97951.33, 趋势=震荡行情
[2025-06-22 12:57:40] ETHUSDT 15m: 当前价格=2282.10, EMA25=2285.11, EMA60=2326.21, EMA120=2370.52, 趋势=下跌趋势
[2025-06-22 12:57:40] ETHUSDT 1h: 当前价格=2282.82, EMA25=2355.95, EMA60=2416.72, EMA120=2465.77, 趋势=下跌趋势
[2025-06-22 12:57:40] ETHUSDT 4h: 当前价格=2282.10, EMA25=2439.26, EMA60=2504.22, EMA120=2529.34, 趋势=下跌趋势
[2025-06-22 12:57:41] ETHUSDT 1d: 当前价格=2282.83, EMA25=2496.29, EMA60=2398.76, EMA120=2381.43, 趋势=震荡行情
==============================

===== 趋势分析结果 (2025-06-22 13:12:40) =====
[2025-06-22 13:12:38] BTCUSDT 15m: 当前价格=102669.50, EMA25=102382.64, EMA60=102589.87, EMA120=102992.05, 趋势=震荡行情
[2025-06-22 13:12:39] BTCUSDT 1h: 当前价格=102669.50, EMA25=102852.91, EMA60=103504.58, EMA120=104175.83, 趋势=下跌趋势
[2025-06-22 13:12:39] BTCUSDT 4h: 当前价格=102669.50, EMA25=103890.18, EMA60=104826.20, EMA120=105241.15, 趋势=下跌趋势
[2025-06-22 13:12:39] BTCUSDT 1d: 当前价格=102669.50, EMA25=104875.23, EMA60=102131.90, EMA120=97952.91, 趋势=震荡行情
[2025-06-22 13:12:39] ETHUSDT 15m: 当前价格=2285.70, EMA25=2285.05, EMA60=2324.83, EMA120=2369.09, 趋势=震荡行情
[2025-06-22 13:12:40] ETHUSDT 1h: 当前价格=2285.70, EMA25=2350.40, EMA60=2412.35, EMA120=2462.76, 趋势=下跌趋势
[2025-06-22 13:12:40] ETHUSDT 4h: 当前价格=2285.70, EMA25=2439.53, EMA60=2504.34, EMA120=2529.40, 趋势=下跌趋势
[2025-06-22 13:12:40] ETHUSDT 1d: 当前价格=2285.70, EMA25=2496.51, EMA60=2398.85, EMA120=2381.48, 趋势=震荡行情
==============================

===== 趋势分析结果 (2025-06-22 13:27:40) =====
[2025-06-22 13:27:38] BTCUSDT 15m: 当前价格=102752.30, EMA25=102412.40, EMA60=102595.79, EMA120=102988.38, 趋势=震荡行情
[2025-06-22 13:27:39] BTCUSDT 1h: 当前价格=102752.30, EMA25=102859.28, EMA60=103507.29, EMA120=104177.20, 趋势=下跌趋势
[2025-06-22 13:27:39] BTCUSDT 4h: 当前价格=102752.30, EMA25=103896.55, EMA60=104828.92, EMA120=105242.52, 趋势=下跌趋势
[2025-06-22 13:27:39] BTCUSDT 1d: 当前价格=102752.30, EMA25=104881.60, EMA60=102134.62, EMA120=97954.28, 趋势=震荡行情
[2025-06-22 13:27:39] ETHUSDT 15m: 当前价格=2285.64, EMA25=2285.17, EMA60=2323.58, EMA120=2367.73, 趋势=震荡行情
[2025-06-22 13:27:40] ETHUSDT 1h: 当前价格=2285.64, EMA25=2350.40, EMA60=2412.35, EMA120=2462.76, 趋势=下跌趋势
[2025-06-22 13:27:40] ETHUSDT 4h: 当前价格=2285.64, EMA25=2439.53, EMA60=2504.33, EMA120=2529.40, 趋势=下跌趋势
[2025-06-22 13:27:40] ETHUSDT 1d: 当前价格=2285.64, EMA25=2496.51, EMA60=2398.85, EMA120=2381.48, 趋势=震荡行情
==============================

===== 趋势分析结果 (2025-06-22 13:42:40) =====
[2025-06-22 13:42:38] BTCUSDT 15m: 当前价格=102635.80, EMA25=102432.47, EMA60=102598.39, EMA120=102983.20, 趋势=震荡行情
[2025-06-22 13:42:39] BTCUSDT 1h: 当前价格=102635.70, EMA25=102850.31, EMA60=103503.47, EMA120=104175.27, 趋势=下跌趋势
[2025-06-22 13:42:39] BTCUSDT 4h: 当前价格=102635.80, EMA25=103887.59, EMA60=104825.10, EMA120=105240.59, 趋势=下跌趋势
[2025-06-22 13:42:39] BTCUSDT 1d: 当前价格=102635.80, EMA25=104872.63, EMA60=102130.80, EMA120=97952.36, 趋势=震荡行情
[2025-06-22 13:42:39] ETHUSDT 15m: 当前价格=2279.94, EMA25=2284.88, EMA60=2322.20, EMA120=2366.30, 趋势=下跌趋势
[2025-06-22 13:42:40] ETHUSDT 1h: 当前价格=2280.39, EMA25=2349.99, EMA60=2412.18, EMA120=2462.67, 趋势=下跌趋势
[2025-06-22 13:42:40] ETHUSDT 4h: 当前价格=2280.39, EMA25=2439.13, EMA60=2504.16, EMA120=2529.32, 趋势=下跌趋势
[2025-06-22 13:42:40] ETHUSDT 1d: 当前价格=2279.94, EMA25=2496.07, EMA60=2398.66, EMA120=2381.38, 趋势=震荡行情
==============================

===== 趋势分析结果 (2025-06-22 13:57:42) =====
[2025-06-22 13:57:38] BTCUSDT 15m: 当前价格=102633.30, EMA25=102448.62, EMA60=102599.85, EMA120=102977.56, 趋势=震荡行情
[2025-06-22 13:57:39] BTCUSDT 1h: 当前价格=102633.30, EMA25=102850.13, EMA60=103503.39, EMA120=104175.23, 趋势=下跌趋势
[2025-06-22 13:57:39] BTCUSDT 4h: 当前价格=102633.30, EMA25=103887.39, EMA60=104825.01, EMA120=105240.55, 趋势=下跌趋势
[2025-06-22 13:57:39] BTCUSDT 1d: 当前价格=102633.30, EMA25=104872.44, EMA60=102130.71, EMA120=97952.32, 趋势=震荡行情
[2025-06-22 13:57:41] ETHUSDT 15m: 当前价格=2281.19, EMA25=2284.57, EMA60=2320.84, EMA120=2364.89, 趋势=下跌趋势
[2025-06-22 13:57:42] ETHUSDT 1h: 当前价格=2281.19, EMA25=2350.05, EMA60=2412.21, EMA120=2462.69, 趋势=下跌趋势
[2025-06-22 13:57:42] ETHUSDT 4h: 当前价格=2281.19, EMA25=2439.19, EMA60=2504.19, EMA120=2529.33, 趋势=下跌趋势
[2025-06-22 13:57:42] ETHUSDT 1d: 当前价格=2280.91, EMA25=2496.15, EMA60=2398.69, EMA120=2381.40, 趋势=震荡行情
==============================

===== 趋势分析结果 (2025-06-22 14:12:40) =====
[2025-06-22 14:12:38] BTCUSDT 15m: 当前价格=102880.00, EMA25=102494.55, EMA60=102614.73, EMA120=102978.85, 趋势=震荡行情
[2025-06-22 14:12:39] BTCUSDT 1h: 当前价格=102880.00, EMA25=102865.18, EMA60=103488.65, EMA120=104156.77, 趋势=震荡行情
[2025-06-22 14:12:39] BTCUSDT 4h: 当前价格=102880.00, EMA25=103906.37, EMA60=104833.10, EMA120=105244.63, 趋势=下跌趋势
[2025-06-22 14:12:39] BTCUSDT 1d: 当前价格=102880.00, EMA25=104891.42, EMA60=102138.80, EMA120=97956.39, 趋势=震荡行情
[2025-06-22 14:12:39] ETHUSDT 15m: 当前价格=2290.70, EMA25=2285.50, EMA60=2320.06, EMA120=2363.77, 趋势=震荡行情
[2025-06-22 14:12:40] ETHUSDT 1h: 当前价格=2290.69, EMA25=2345.95, EMA60=2408.43, EMA120=2459.95, 趋势=下跌趋势
[2025-06-22 14:12:40] ETHUSDT 4h: 当前价格=2290.70, EMA25=2439.92, EMA60=2504.50, EMA120=2529.49, 趋势=下跌趋势
[2025-06-22 14:12:40] ETHUSDT 1d: 当前价格=2290.70, EMA25=2496.90, EMA60=2399.01, EMA120=2381.56, 趋势=震荡行情
==============================

===== 趋势分析结果 (2025-06-22 14:27:40) =====
[2025-06-22 14:27:38] BTCUSDT 15m: 当前价格=102797.60, EMA25=102516.94, EMA60=102620.31, EMA120=102975.63, 趋势=震荡行情
[2025-06-22 14:27:39] BTCUSDT 1h: 当前价格=102797.60, EMA25=102858.84, EMA60=103485.94, EMA120=104155.40, 趋势=下跌趋势
[2025-06-22 14:27:39] BTCUSDT 4h: 当前价格=102797.70, EMA25=103900.04, EMA60=104830.40, EMA120=105243.27, 趋势=下跌趋势
[2025-06-22 14:27:39] BTCUSDT 1d: 当前价格=102797.70, EMA25=104885.09, EMA60=102136.10, EMA120=97955.03, 趋势=震荡行情
[2025-06-22 14:27:39] ETHUSDT 15m: 当前价格=2290.78, EMA25=2286.01, EMA60=2319.15, EMA120=2362.58, 趋势=震荡行情
[2025-06-22 14:27:40] ETHUSDT 1h: 当前价格=2290.77, EMA25=2345.95, EMA60=2408.43, EMA120=2459.95, 趋势=下跌趋势
[2025-06-22 14:27:40] ETHUSDT 4h: 当前价格=2290.78, EMA25=2439.92, EMA60=2504.50, EMA120=2529.49, 趋势=下跌趋势
[2025-06-22 14:27:40] ETHUSDT 1d: 当前价格=2290.78, EMA25=2496.91, EMA60=2399.02, EMA120=2381.56, 趋势=震荡行情
==============================

===== 趋势分析结果 (2025-06-22 14:42:40) =====
[2025-06-22 14:42:38] BTCUSDT 15m: 当前价格=102716.70, EMA25=102530.92, EMA60=102622.85, EMA120=102971.01, 趋势=震荡行情
[2025-06-22 14:42:39] BTCUSDT 1h: 当前价格=102714.60, EMA25=102852.45, EMA60=103483.22, EMA120=104154.03, 趋势=下跌趋势
[2025-06-22 14:42:39] BTCUSDT 4h: 当前价格=102716.20, EMA25=103893.77, EMA60=104827.73, EMA120=105241.92, 趋势=下跌趋势
[2025-06-22 14:42:39] BTCUSDT 1d: 当前价格=102716.20, EMA25=104878.82, EMA60=102133.43, EMA120=97953.69, 趋势=震荡行情
[2025-06-22 14:42:40] ETHUSDT 15m: 当前价格=2287.60, EMA25=2286.04, EMA60=2318.07, EMA120=2361.32, 趋势=震荡行情
[2025-06-22 14:42:40] ETHUSDT 1h: 当前价格=2287.71, EMA25=2345.72, EMA60=2408.33, EMA120=2459.90, 趋势=下跌趋势
[2025-06-22 14:42:40] ETHUSDT 4h: 当前价格=2288.10, EMA25=2439.72, EMA60=2504.42, EMA120=2529.44, 趋势=下跌趋势
[2025-06-22 14:42:40] ETHUSDT 1d: 当前价格=2288.10, EMA25=2496.70, EMA60=2398.93, EMA120=2381.52, 趋势=震荡行情
==============================

===== 趋势分析结果 (2025-06-22 14:57:40) =====
[2025-06-22 14:57:38] BTCUSDT 15m: 当前价格=102661.90, EMA25=102539.11, EMA60=102623.29, EMA120=102965.45, 趋势=震荡行情
[2025-06-22 14:57:39] BTCUSDT 1h: 当前价格=102661.90, EMA25=102848.40, EMA60=103481.49, EMA120=104153.16, 趋势=下跌趋势
[2025-06-22 14:57:39] BTCUSDT 4h: 当前价格=102661.80, EMA25=103889.59, EMA60=104825.95, EMA120=105241.02, 趋势=下跌趋势
[2025-06-22 14:57:39] BTCUSDT 1d: 当前价格=102661.90, EMA25=104874.64, EMA60=102131.65, EMA120=97952.79, 趋势=震荡行情
[2025-06-22 14:57:39] ETHUSDT 15m: 当前价格=2283.33, EMA25=2285.76, EMA60=2316.90, EMA120=2360.02, 趋势=下跌趋势
[2025-06-22 14:57:40] ETHUSDT 1h: 当前价格=2283.33, EMA25=2345.38, EMA60=2408.19, EMA120=2459.83, 趋势=下跌趋势
[2025-06-22 14:57:40] ETHUSDT 4h: 当前价格=2283.33, EMA25=2439.35, EMA60=2504.26, EMA120=2529.36, 趋势=下跌趋势
[2025-06-22 14:57:40] ETHUSDT 1d: 当前价格=2283.33, EMA25=2496.33, EMA60=2398.77, EMA120=2381.44, 趋势=震荡行情
==============================

===== 趋势分析结果 (2025-06-22 15:12:40) =====
[2025-06-22 15:12:38] BTCUSDT 15m: 当前价格=102639.00, EMA25=102550.29, EMA60=102625.37, EMA120=102960.84, 趋势=震荡行情
[2025-06-22 15:12:39] BTCUSDT 1h: 当前价格=102639.00, EMA25=102835.79, EMA60=103455.43, EMA120=104128.96, 趋势=下跌趋势
[2025-06-22 15:12:39] BTCUSDT 4h: 当前价格=102639.00, EMA25=103887.83, EMA60=104825.20, EMA120=105240.64, 趋势=下跌趋势
[2025-06-22 15:12:39] BTCUSDT 1d: 当前价格=102639.00, EMA25=104872.88, EMA60=102130.90, EMA120=97952.41, 趋势=震荡行情
[2025-06-22 15:12:39] ETHUSDT 15m: 当前价格=2283.67, EMA25=2285.77, EMA60=2315.89, EMA120=2358.79, 趋势=下跌趋势
[2025-06-22 15:12:40] ETHUSDT 1h: 当前价格=2283.67, EMA25=2340.81, EMA60=2404.18, EMA120=2456.96, 趋势=下跌趋势
[2025-06-22 15:12:40] ETHUSDT 4h: 当前价格=2283.67, EMA25=2439.38, EMA60=2504.27, EMA120=2529.37, 趋势=下跌趋势
[2025-06-22 15:12:40] ETHUSDT 1d: 当前价格=2283.66, EMA25=2496.36, EMA60=2398.78, EMA120=2381.44, 趋势=震荡行情
==============================

===== 趋势分析结果 (2025-06-22 15:27:40) =====
[2025-06-22 15:27:38] BTCUSDT 15m: 当前价格=102639.40, EMA25=102554.64, EMA60=102624.71, EMA120=102954.94, 趋势=震荡行情
[2025-06-22 15:27:39] BTCUSDT 1h: 当前价格=102639.40, EMA25=102835.82, EMA60=103455.45, EMA120=104128.96, 趋势=下跌趋势
[2025-06-22 15:27:39] BTCUSDT 4h: 当前价格=102639.00, EMA25=103887.83, EMA60=104825.20, EMA120=105240.64, 趋势=下跌趋势
[2025-06-22 15:27:39] BTCUSDT 1d: 当前价格=102639.00, EMA25=104872.88, EMA60=102130.90, EMA120=97952.41, 趋势=震荡行情
[2025-06-22 15:27:39] ETHUSDT 15m: 当前价格=2283.44, EMA25=2285.47, EMA60=2314.77, EMA120=2357.52, 趋势=下跌趋势
[2025-06-22 15:27:40] ETHUSDT 1h: 当前价格=2283.44, EMA25=2340.79, EMA60=2404.17, EMA120=2456.96, 趋势=下跌趋势
[2025-06-22 15:27:40] ETHUSDT 4h: 当前价格=2283.44, EMA25=2439.36, EMA60=2504.26, EMA120=2529.37, 趋势=下跌趋势
[2025-06-22 15:27:40] ETHUSDT 1d: 当前价格=2283.44, EMA25=2496.34, EMA60=2398.78, EMA120=2381.44, 趋势=震荡行情
==============================

===== 趋势分析结果 (2025-06-22 15:42:40) =====
[2025-06-22 15:42:38] BTCUSDT 15m: 当前价格=102282.00, EMA25=102530.60, EMA60=102612.10, EMA120=102943.09, 趋势=下跌趋势
[2025-06-22 15:42:39] BTCUSDT 1h: 当前价格=102282.00, EMA25=102808.32, EMA60=103443.73, EMA120=104123.06, 趋势=下跌趋势
[2025-06-22 15:42:39] BTCUSDT 4h: 当前价格=102266.10, EMA25=103859.15, EMA60=104812.97, EMA120=105234.48, 趋势=下跌趋势
[2025-06-22 15:42:39] BTCUSDT 1d: 当前价格=102281.90, EMA25=104845.41, EMA60=102119.19, EMA120=97946.51, 趋势=震荡行情
[2025-06-22 15:42:39] ETHUSDT 15m: 当前价格=2272.41, EMA25=2284.45, EMA60=2313.37, EMA120=2356.11, 趋势=下跌趋势
[2025-06-22 15:42:40] ETHUSDT 1h: 当前价格=2272.43, EMA25=2339.94, EMA60=2403.81, EMA120=2456.77, 趋势=下跌趋势
[2025-06-22 15:42:40] ETHUSDT 4h: 当前价格=2272.43, EMA25=2438.51, EMA60=2503.90, EMA120=2529.18, 趋势=下跌趋势
[2025-06-22 15:42:40] ETHUSDT 1d: 当前价格=2271.75, EMA25=2495.44, EMA60=2398.39, EMA120=2381.25, 趋势=震荡行情
==============================

===== 趋势分析结果 (2025-06-22 15:57:42) =====
[2025-06-22 15:57:40] BTCUSDT 15m: 当前价格=102420.00, EMA25=102522.80, EMA60=102606.12, EMA120=102934.58, 趋势=下跌趋势
[2025-06-22 15:57:41] BTCUSDT 1h: 当前价格=102420.10, EMA25=102818.95, EMA60=103448.26, EMA120=104125.34, 趋势=下跌趋势
[2025-06-22 15:57:41] BTCUSDT 4h: 当前价格=102420.10, EMA25=103870.99, EMA60=104818.02, EMA120=105237.03, 趋势=下跌趋势
[2025-06-22 15:57:41] BTCUSDT 1d: 当前价格=102420.10, EMA25=104856.04, EMA60=102123.72, EMA120=97948.79, 趋势=震荡行情
[2025-06-22 15:57:41] ETHUSDT 15m: 当前价格=2270.58, EMA25=2283.14, EMA60=2311.86, EMA120=2354.64, 趋势=下跌趋势
[2025-06-22 15:57:42] ETHUSDT 1h: 当前价格=2270.58, EMA25=2339.80, EMA60=2403.75, EMA120=2456.74, 趋势=下跌趋势
[2025-06-22 15:57:42] ETHUSDT 4h: 当前价格=2270.58, EMA25=2438.37, EMA60=2503.84, EMA120=2529.15, 趋势=下跌趋势
[2025-06-22 15:57:42] ETHUSDT 1d: 当前价格=2270.58, EMA25=2495.35, EMA60=2398.35, EMA120=2381.23, 趋势=震荡行情
==============================

===== 趋势分析结果 (2025-06-22 16:12:40) =====
[2025-06-22 16:12:38] BTCUSDT 15m: 当前价格=102328.10, EMA25=102506.34, EMA60=102596.34, EMA120=102924.19, 趋势=下跌趋势
[2025-06-22 16:12:39] BTCUSDT 1h: 当前价格=102328.00, EMA25=102779.68, EMA60=103410.86, EMA120=104095.30, 趋势=下跌趋势
[2025-06-22 16:12:39] BTCUSDT 4h: 当前价格=102328.00, EMA25=103750.80, EMA60=104735.71, EMA120=105188.59, 趋势=下跌趋势
[2025-06-22 16:12:39] BTCUSDT 1d: 当前价格=102328.00, EMA25=104848.96, EMA60=102120.70, EMA120=97947.27, 趋势=震荡行情
[2025-06-22 16:12:39] ETHUSDT 15m: 当前价格=2266.20, EMA25=2281.78, EMA60=2310.34, EMA120=2353.16, 趋势=下跌趋势
[2025-06-22 16:12:40] ETHUSDT 1h: 当前价格=2266.21, EMA25=2334.08, EMA60=2399.22, EMA120=2453.58, 趋势=下跌趋势
[2025-06-22 16:12:40] ETHUSDT 4h: 当前价格=2266.52, EMA25=2425.09, EMA60=2496.03, EMA120=2524.80, 趋势=下跌趋势
[2025-06-22 16:12:40] ETHUSDT 1d: 当前价格=2266.76, EMA25=2495.06, EMA60=2398.23, EMA120=2381.16, 趋势=震荡行情
==============================

===== 趋势分析结果 (2025-06-22 16:27:42) =====
[2025-06-22 16:27:40] BTCUSDT 15m: 当前价格=102481.80, EMA25=102508.08, EMA60=102594.21, EMA120=102917.69, 趋势=下跌趋势
[2025-06-22 16:27:41] BTCUSDT 1h: 当前价格=102481.70, EMA25=102791.51, EMA60=103415.90, EMA120=104097.85, 趋势=下跌趋势
[2025-06-22 16:27:41] BTCUSDT 4h: 当前价格=102481.80, EMA25=103762.63, EMA60=104740.76, EMA120=105191.13, 趋势=下跌趋势
[2025-06-22 16:27:41] BTCUSDT 1d: 当前价格=102481.70, EMA25=104860.78, EMA60=102125.74, EMA120=97949.81, 趋势=震荡行情
[2025-06-22 16:27:41] ETHUSDT 15m: 当前价格=2270.48, EMA25=2281.30, EMA60=2309.21, EMA120=2351.88, 趋势=下跌趋势
[2025-06-22 16:27:42] ETHUSDT 1h: 当前价格=2270.48, EMA25=2334.41, EMA60=2399.36, EMA120=2453.65, 趋势=下跌趋势
[2025-06-22 16:27:42] ETHUSDT 4h: 当前价格=2270.48, EMA25=2425.40, EMA60=2496.16, EMA120=2524.86, 趋势=下跌趋势
[2025-06-22 16:27:42] ETHUSDT 1d: 当前价格=2270.62, EMA25=2495.35, EMA60=2398.36, EMA120=2381.23, 趋势=震荡行情
==============================

===== 趋势分析结果 (2025-06-22 16:42:40) =====
[2025-06-22 16:42:38] BTCUSDT 15m: 当前价格=102579.90, EMA25=102518.44, EMA60=102595.90, EMA120=102913.19, 趋势=震荡行情
[2025-06-22 16:42:39] BTCUSDT 1h: 当前价格=102580.80, EMA25=102799.13, EMA60=103419.14, EMA120=104099.48, 趋势=下跌趋势
[2025-06-22 16:42:39] BTCUSDT 4h: 当前价格=102580.80, EMA25=103770.25, EMA60=104744.00, EMA120=105192.76, 趋势=下跌趋势
[2025-06-22 16:42:39] BTCUSDT 1d: 当前价格=102580.80, EMA25=104868.40, EMA60=102128.99, EMA120=97951.45, 趋势=震荡行情
[2025-06-22 16:42:39] ETHUSDT 15m: 当前价格=2272.55, EMA25=2280.81, EMA60=2308.09, EMA120=2350.61, 趋势=下跌趋势
[2025-06-22 16:42:40] ETHUSDT 1h: 当前价格=2272.43, EMA25=2334.56, EMA60=2399.42, EMA120=2453.68, 趋势=下跌趋势
[2025-06-22 16:42:40] ETHUSDT 4h: 当前价格=2272.43, EMA25=2425.55, EMA60=2496.23, EMA120=2524.90, 趋势=下跌趋势
[2025-06-22 16:42:40] ETHUSDT 1d: 当前价格=2272.99, EMA25=2495.54, EMA60=2398.43, EMA120=2381.27, 趋势=震荡行情
==============================

===== 趋势分析结果 (2025-06-22 16:57:40) =====
[2025-06-22 16:57:38] BTCUSDT 15m: 当前价格=102594.80, EMA25=102525.12, EMA60=102596.22, EMA120=102908.08, 趋势=震荡行情
[2025-06-22 16:57:39] BTCUSDT 1h: 当前价格=102594.80, EMA25=102800.21, EMA60=103419.60, EMA120=104099.71, 趋势=下跌趋势
[2025-06-22 16:57:39] BTCUSDT 4h: 当前价格=102594.80, EMA25=103771.33, EMA60=104744.46, EMA120=105193.00, 趋势=下跌趋势
[2025-06-22 16:57:39] BTCUSDT 1d: 当前价格=102594.80, EMA25=104869.48, EMA60=102129.45, EMA120=97951.68, 趋势=震荡行情
[2025-06-22 16:57:39] ETHUSDT 15m: 当前价格=2271.19, EMA25=2280.15, EMA60=2306.91, EMA120=2349.32, 趋势=下跌趋势
[2025-06-22 16:57:40] ETHUSDT 1h: 当前价格=2271.19, EMA25=2334.46, EMA60=2399.38, EMA120=2453.66, 趋势=下跌趋势
[2025-06-22 16:57:40] ETHUSDT 4h: 当前价格=2271.34, EMA25=2425.46, EMA60=2496.19, EMA120=2524.88, 趋势=下跌趋势
[2025-06-22 16:57:40] ETHUSDT 1d: 当前价格=2271.19, EMA25=2495.40, EMA60=2398.37, EMA120=2381.24, 趋势=震荡行情
==============================

===== 趋势分析结果 (2025-06-22 17:12:40) =====
[2025-06-22 17:12:38] BTCUSDT 15m: 当前价格=102522.00, EMA25=102530.43, EMA60=102596.27, EMA120=102902.95, 趋势=下跌趋势
[2025-06-22 17:12:39] BTCUSDT 1h: 当前价格=102522.00, EMA25=102784.36, EMA60=103392.65, EMA120=104074.91, 趋势=下跌趋势
[2025-06-22 17:12:39] BTCUSDT 4h: 当前价格=102522.10, EMA25=103765.73, EMA60=104742.08, EMA120=105191.79, 趋势=下跌趋势
[2025-06-22 17:12:39] BTCUSDT 1d: 当前价格=102522.10, EMA25=104863.89, EMA60=102127.07, EMA120=97950.48, 趋势=震荡行情
[2025-06-22 17:12:39] ETHUSDT 15m: 当前价格=2271.45, EMA25=2279.63, EMA60=2305.82, EMA120=2348.07, 趋势=下跌趋势
[2025-06-22 17:12:40] ETHUSDT 1h: 当前价格=2271.49, EMA25=2329.77, EMA60=2395.25, EMA120=2450.69, 趋势=下跌趋势
[2025-06-22 17:12:40] ETHUSDT 4h: 当前价格=2271.49, EMA25=2425.47, EMA60=2496.20, EMA120=2524.88, 趋势=下跌趋势
[2025-06-22 17:12:40] ETHUSDT 1d: 当前价格=2271.44, EMA25=2495.42, EMA60=2398.38, EMA120=2381.24, 趋势=震荡行情
==============================

===== 趋势分析结果 (2025-06-22 17:27:40) =====
[2025-06-22 17:27:38] BTCUSDT 15m: 当前价格=102280.00, EMA25=102513.50, EMA60=102586.94, EMA120=102893.17, 趋势=下跌趋势
[2025-06-22 17:27:39] BTCUSDT 1h: 当前价格=102280.00, EMA25=102765.74, EMA60=103384.72, EMA120=104070.91, 趋势=下跌趋势
[2025-06-22 17:27:39] BTCUSDT 4h: 当前价格=102279.90, EMA25=103747.10, EMA60=104734.14, EMA120=105187.79, 趋势=下跌趋势
[2025-06-22 17:27:39] BTCUSDT 1d: 当前价格=102280.00, EMA25=104845.27, EMA60=102119.13, EMA120=97946.48, 趋势=震荡行情
[2025-06-22 17:27:39] ETHUSDT 15m: 当前价格=2256.40, EMA25=2277.90, EMA60=2304.22, EMA120=2346.56, 趋势=下跌趋势
[2025-06-22 17:27:40] ETHUSDT 1h: 当前价格=2256.39, EMA25=2328.61, EMA60=2394.76, EMA120=2450.44, 趋势=下跌趋势
[2025-06-22 17:27:40] ETHUSDT 4h: 当前价格=2256.10, EMA25=2424.29, EMA60=2495.69, EMA120=2524.63, 趋势=下跌趋势
[2025-06-22 17:27:40] ETHUSDT 1d: 当前价格=2256.10, EMA25=2494.24, EMA60=2397.88, EMA120=2380.99, 趋势=震荡行情
==============================

===== 趋势分析结果 (2025-06-22 17:42:40) =====
[2025-06-22 17:42:38] BTCUSDT 15m: 当前价格=102426.70, EMA25=102509.12, EMA60=102582.71, EMA120=102885.96, 趋势=下跌趋势
[2025-06-22 17:42:39] BTCUSDT 1h: 当前价格=102426.70, EMA25=102777.03, EMA60=103389.53, EMA120=104073.33, 趋势=下跌趋势
[2025-06-22 17:42:39] BTCUSDT 4h: 当前价格=102426.70, EMA25=103758.40, EMA60=104738.95, EMA120=105190.22, 趋势=下跌趋势
[2025-06-22 17:42:39] BTCUSDT 1d: 当前价格=102426.70, EMA25=104856.55, EMA60=102123.94, EMA120=97948.90, 趋势=震荡行情
[2025-06-22 17:42:39] ETHUSDT 15m: 当前价格=2262.69, EMA25=2276.67, EMA60=2302.83, EMA120=2345.16, 趋势=下跌趋势
[2025-06-22 17:42:40] ETHUSDT 1h: 当前价格=2262.69, EMA25=2329.09, EMA60=2394.96, EMA120=2450.54, 趋势=下跌趋势
[2025-06-22 17:42:40] ETHUSDT 4h: 当前价格=2262.62, EMA25=2424.79, EMA60=2495.91, EMA120=2524.73, 趋势=下跌趋势
[2025-06-22 17:42:40] ETHUSDT 1d: 当前价格=2262.69, EMA25=2494.74, EMA60=2398.10, EMA120=2381.10, 趋势=震荡行情
==============================

===== 趋势分析结果 (2025-06-22 17:57:40) =====
[2025-06-22 17:57:38] BTCUSDT 15m: 当前价格=102130.00, EMA25=102476.79, EMA60=102566.46, EMA120=102872.72, 趋势=下跌趋势
[2025-06-22 17:57:39] BTCUSDT 1h: 当前价格=102158.10, EMA25=102756.37, EMA60=103380.72, EMA120=104068.89, 趋势=下跌趋势
[2025-06-22 17:57:39] BTCUSDT 4h: 当前价格=102158.10, EMA25=103737.73, EMA60=104730.14, EMA120=105185.78, 趋势=下跌趋势
[2025-06-22 17:57:39] BTCUSDT 1d: 当前价格=102158.10, EMA25=104835.89, EMA60=102115.13, EMA120=97944.46, 趋势=震荡行情
[2025-06-22 17:57:39] ETHUSDT 15m: 当前价格=2244.65, EMA25=2273.77, EMA60=2300.73, EMA120=2343.40, 趋势=下跌趋势
[2025-06-22 17:57:40] ETHUSDT 1h: 当前价格=2244.28, EMA25=2327.68, EMA60=2394.36, EMA120=2450.24, 趋势=下跌趋势
[2025-06-22 17:57:40] ETHUSDT 4h: 当前价格=2244.35, EMA25=2423.39, EMA60=2495.31, EMA120=2524.43, 趋势=下跌趋势
[2025-06-22 17:57:40] ETHUSDT 1d: 当前价格=2244.35, EMA25=2493.33, EMA60=2397.49, EMA120=2380.79, 趋势=震荡行情
==============================

===== 趋势分析结果 (2025-06-22 18:12:40) =====
[2025-06-22 18:12:38] BTCUSDT 15m: 当前价格=102212.50, EMA25=102458.45, EMA60=102555.74, EMA120=102862.25, 趋势=下跌趋势
[2025-06-22 18:12:39] BTCUSDT 1h: 当前价格=102207.60, EMA25=102714.15, EMA60=103342.26, EMA120=104038.12, 趋势=下跌趋势
[2025-06-22 18:12:39] BTCUSDT 4h: 当前价格=102207.60, EMA25=103741.54, EMA60=104731.77, EMA120=105186.60, 趋势=下跌趋势
[2025-06-22 18:12:39] BTCUSDT 1d: 当前价格=102207.60, EMA25=104839.70, EMA60=102116.76, EMA120=97945.28, 趋势=震荡行情
[2025-06-22 18:12:39] ETHUSDT 15m: 当前价格=2248.14, EMA25=2271.51, EMA60=2298.88, EMA120=2341.76, 趋势=下跌趋势
[2025-06-22 18:12:40] ETHUSDT 1h: 当前价格=2248.20, EMA25=2321.30, EMA60=2389.45, EMA120=2446.84, 趋势=下跌趋势
[2025-06-22 18:12:40] ETHUSDT 4h: 当前价格=2247.77, EMA25=2423.65, EMA60=2495.42, EMA120=2524.49, 趋势=下跌趋势
[2025-06-22 18:12:40] ETHUSDT 1d: 当前价格=2248.11, EMA25=2493.62, EMA60=2397.62, EMA120=2380.86, 趋势=震荡行情
==============================

===== 趋势分析结果 (2025-06-22 18:27:40) =====
[2025-06-22 18:27:38] BTCUSDT 15m: 当前价格=102410.70, EMA25=102461.95, EMA60=102554.19, EMA120=102856.40, 趋势=下跌趋势
[2025-06-22 18:27:39] BTCUSDT 1h: 当前价格=102410.70, EMA25=102729.77, EMA60=103348.92, EMA120=104041.48, 趋势=下跌趋势
[2025-06-22 18:27:39] BTCUSDT 4h: 当前价格=102410.60, EMA25=103757.16, EMA60=104738.42, EMA120=105189.95, 趋势=下跌趋势
[2025-06-22 18:27:39] BTCUSDT 1d: 当前价格=102410.60, EMA25=104855.31, EMA60=102123.41, EMA120=97948.64, 趋势=震荡行情
[2025-06-22 18:27:39] ETHUSDT 15m: 当前价格=2256.77, EMA25=2270.78, EMA60=2297.68, EMA120=2340.45, 趋势=下跌趋势
[2025-06-22 18:27:40] ETHUSDT 1h: 当前价格=2256.97, EMA25=2321.97, EMA60=2389.74, EMA120=2446.99, 趋势=下跌趋势
[2025-06-22 18:27:40] ETHUSDT 4h: 当前价格=2256.77, EMA25=2424.34, EMA60=2495.71, EMA120=2524.64, 趋势=下跌趋势
[2025-06-22 18:27:40] ETHUSDT 1d: 当前价格=2256.77, EMA25=2494.29, EMA60=2397.90, EMA120=2381.00, 趋势=震荡行情
==============================

===== 趋势分析结果 (2025-06-22 18:42:42) =====
[2025-06-22 18:42:38] BTCUSDT 15m: 当前价格=102420.80, EMA25=102456.41, EMA60=102548.75, EMA120=102848.63, 趋势=下跌趋势
[2025-06-22 18:42:39] BTCUSDT 1h: 当前价格=102421.10, EMA25=102730.57, EMA60=103349.26, EMA120=104041.65, 趋势=下跌趋势
[2025-06-22 18:42:39] BTCUSDT 4h: 当前价格=102407.40, EMA25=103756.91, EMA60=104738.32, EMA120=105189.90, 趋势=下跌趋势
[2025-06-22 18:42:39] BTCUSDT 1d: 当前价格=102421.20, EMA25=104856.13, EMA60=102123.76, EMA120=97948.81, 趋势=震荡行情
[2025-06-22 18:42:39] ETHUSDT 15m: 当前价格=2256.31, EMA25=2269.43, EMA60=2296.22, EMA120=2339.00, 趋势=下跌趋势
[2025-06-22 18:42:40] ETHUSDT 1h: 当前价格=2256.30, EMA25=2321.92, EMA60=2389.72, EMA120=2446.97, 趋势=下跌趋势
[2025-06-22 18:42:42] ETHUSDT 4h: 当前价格=2256.07, EMA25=2424.29, EMA60=2495.69, EMA120=2524.62, 趋势=下跌趋势
[2025-06-22 18:42:42] ETHUSDT 1d: 当前价格=2256.08, EMA25=2494.24, EMA60=2397.88, EMA120=2380.99, 趋势=震荡行情
==============================

===== 趋势分析结果 (2025-06-22 18:57:42) =====
[2025-06-22 18:57:39] BTCUSDT 15m: 当前价格=102458.50, EMA25=102459.70, EMA60=102547.19, EMA120=102842.87, 趋势=下跌趋势
[2025-06-22 18:57:40] BTCUSDT 1h: 当前价格=102458.50, EMA25=102733.45, EMA60=103350.48, EMA120=104042.27, 趋势=下跌趋势
[2025-06-22 18:57:41] BTCUSDT 4h: 当前价格=102458.50, EMA25=103760.84, EMA60=104739.99, EMA120=105190.74, 趋势=下跌趋势
[2025-06-22 18:57:41] BTCUSDT 1d: 当前价格=102458.60, EMA25=104859.00, EMA60=102124.99, EMA120=97949.43, 趋势=震荡行情
[2025-06-22 18:57:41] ETHUSDT 15m: 当前价格=2258.99, EMA25=2268.99, EMA60=2295.16, EMA120=2337.76, 趋势=下跌趋势
[2025-06-22 18:57:42] ETHUSDT 1h: 当前价格=2258.99, EMA25=2322.13, EMA60=2389.81, EMA120=2447.02, 趋势=下跌趋势
[2025-06-22 18:57:42] ETHUSDT 4h: 当前价格=2259.00, EMA25=2424.51, EMA60=2495.79, EMA120=2524.67, 趋势=下跌趋势
[2025-06-22 18:57:42] ETHUSDT 1d: 当前价格=2259.00, EMA25=2494.46, EMA60=2397.97, EMA120=2381.04, 趋势=震荡行情
==============================

===== 趋势分析结果 (2025-06-22 19:12:44) =====
[2025-06-22 19:12:39] BTCUSDT 15m: 当前价格=102558.00, EMA25=102466.65, EMA60=102547.27, EMA120=102838.00, 趋势=震荡行情
[2025-06-22 19:12:40] BTCUSDT 1h: 当前价格=102558.00, EMA25=102719.34, EMA60=103324.23, EMA120=104017.59, 趋势=下跌趋势
[2025-06-22 19:12:40] BTCUSDT 4h: 当前价格=102558.00, EMA25=103768.50, EMA60=104743.26, EMA120=105192.39, 趋势=下跌趋势
[2025-06-22 19:12:41] BTCUSDT 1d: 当前价格=102558.00, EMA25=104866.65, EMA60=102128.25, EMA120=97951.07, 趋势=震荡行情
[2025-06-22 19:12:41] ETHUSDT 15m: 当前价格=2266.33, EMA25=2268.74, EMA60=2294.19, EMA120=2336.57, 趋势=下跌趋势
[2025-06-22 19:12:42] ETHUSDT 1h: 当前价格=2266.34, EMA25=2317.79, EMA60=2385.73, EMA120=2444.02, 趋势=下跌趋势
[2025-06-22 19:12:43] ETHUSDT 4h: 当前价格=2266.33, EMA25=2425.08, EMA60=2496.03, EMA120=2524.79, 趋势=下跌趋势
[2025-06-22 19:12:44] ETHUSDT 1d: 当前价格=2265.78, EMA25=2494.98, EMA60=2398.20, EMA120=2381.15, 趋势=震荡行情
==============================

===== 趋势分析结果 (2025-06-22 19:27:42) =====
[2025-06-22 19:27:38] BTCUSDT 15m: 当前价格=102537.70, EMA25=102472.22, EMA60=102547.01, EMA120=102833.04, 趋势=震荡行情
[2025-06-22 19:27:39] BTCUSDT 1h: 当前价格=102536.50, EMA25=102717.69, EMA60=103323.52, EMA120=104017.23, 趋势=下跌趋势
[2025-06-22 19:27:39] BTCUSDT 4h: 当前价格=102537.70, EMA25=103766.93, EMA60=104742.59, EMA120=105192.05, 趋势=下跌趋势
[2025-06-22 19:27:40] BTCUSDT 1d: 当前价格=102537.70, EMA25=104865.09, EMA60=102127.58, EMA120=97950.74, 趋势=震荡行情
[2025-06-22 19:27:40] ETHUSDT 15m: 当前价格=2271.92, EMA25=2268.97, EMA60=2293.45, EMA120=2335.50, 趋势=震荡行情
[2025-06-22 19:27:41] ETHUSDT 1h: 当前价格=2272.71, EMA25=2318.28, EMA60=2385.94, EMA120=2444.13, 趋势=下跌趋势
[2025-06-22 19:27:42] ETHUSDT 4h: 当前价格=2271.69, EMA25=2425.49, EMA60=2496.20, EMA120=2524.88, 趋势=下跌趋势
[2025-06-22 19:27:42] ETHUSDT 1d: 当前价格=2274.22, EMA25=2495.63, EMA60=2398.47, EMA120=2381.29, 趋势=震荡行情
==============================

===== 趋势分析结果 (2025-06-22 19:42:46) =====
[2025-06-22 19:42:39] BTCUSDT 15m: 当前价格=102631.60, EMA25=102488.56, EMA60=102551.60, EMA120=102830.63, 趋势=震荡行情
[2025-06-22 19:42:40] BTCUSDT 1h: 当前价格=102631.60, EMA25=102725.00, EMA60=103326.64, EMA120=104018.80, 趋势=下跌趋势
[2025-06-22 19:42:42] BTCUSDT 4h: 当前价格=102631.60, EMA25=103774.16, EMA60=104745.67, EMA120=105193.60, 趋势=下跌趋势
[2025-06-22 19:42:43] BTCUSDT 1d: 当前价格=102631.60, EMA25=104872.31, EMA60=102130.66, EMA120=97952.29, 趋势=震荡行情
[2025-06-22 19:42:44] ETHUSDT 15m: 当前价格=2271.41, EMA25=2269.40, EMA60=2292.84, EMA120=2334.49, 趋势=震荡行情
[2025-06-22 19:42:45] ETHUSDT 1h: 当前价格=2271.41, EMA25=2318.18, EMA60=2385.90, EMA120=2444.11, 趋势=下跌趋势
[2025-06-22 19:42:46] ETHUSDT 4h: 当前价格=2271.41, EMA25=2425.47, EMA60=2496.19, EMA120=2524.88, 趋势=下跌趋势
[2025-06-22 19:42:46] ETHUSDT 1d: 当前价格=2271.41, EMA25=2495.42, EMA60=2398.38, EMA120=2381.24, 趋势=震荡行情
==============================

===== 趋势分析结果 (2025-06-22 19:57:47) =====
[2025-06-22 19:57:39] BTCUSDT 15m: 当前价格=102670.10, EMA25=102503.16, EMA60=102555.77, EMA120=102828.11, 趋势=震荡行情
[2025-06-22 19:57:40] BTCUSDT 1h: 当前价格=102670.00, EMA25=102727.96, EMA60=103327.90, EMA120=104019.44, 趋势=下跌趋势
[2025-06-22 19:57:45] BTCUSDT 4h: 当前价格=102676.70, EMA25=103777.63, EMA60=104747.15, EMA120=105194.35, 趋势=下跌趋势
[2025-06-22 19:57:46] BTCUSDT 1d: 当前价格=102676.70, EMA25=104875.78, EMA60=102132.14, EMA120=97953.03, 趋势=震荡行情
[2025-06-22 19:57:46] ETHUSDT 15m: 当前价格=2271.00, EMA25=2269.53, EMA60=2292.13, EMA120=2333.45, 趋势=震荡行情
[2025-06-22 19:57:46] ETHUSDT 1h: 当前价格=2271.00, EMA25=2318.15, EMA60=2385.89, EMA120=2444.10, 趋势=下跌趋势
[2025-06-22 19:57:46] ETHUSDT 4h: 当前价格=2271.00, EMA25=2425.44, EMA60=2496.18, EMA120=2524.87, 趋势=下跌趋势
[2025-06-22 19:57:47] ETHUSDT 1d: 当前价格=2270.92, EMA25=2495.38, EMA60=2398.37, EMA120=2381.23, 趋势=震荡行情
==============================

===== 趋势分析结果 (2025-06-22 20:12:40) =====
[2025-06-22 20:12:38] BTCUSDT 15m: 当前价格=102599.40, EMA25=102512.24, EMA60=102557.95, EMA120=102824.70, 趋势=震荡行情
[2025-06-22 20:12:39] BTCUSDT 1h: 当前价格=102599.40, EMA25=102719.75, EMA60=103304.77, EMA120=103996.34, 趋势=下跌趋势
[2025-06-22 20:12:39] BTCUSDT 4h: 当前价格=102599.40, EMA25=103688.20, EMA60=104677.27, EMA120=105151.73, 趋势=下跌趋势
[2025-06-22 20:12:39] BTCUSDT 1d: 当前价格=102599.50, EMA25=104869.84, EMA60=102129.61, EMA120=97951.76, 趋势=震荡行情
[2025-06-22 20:12:40] ETHUSDT 15m: 当前价格=2275.40, EMA25=2270.05, EMA60=2291.61, EMA120=2332.50, 趋势=震荡行情
[2025-06-22 20:12:40] ETHUSDT 1h: 当前价格=2275.24, EMA25=2314.92, EMA60=2382.29, EMA120=2441.33, 趋势=下跌趋势
[2025-06-22 20:12:40] ETHUSDT 4h: 当前价格=2275.24, EMA25=2413.95, EMA60=2488.97, EMA120=2520.76, 趋势=下跌趋势
[2025-06-22 20:12:40] ETHUSDT 1d: 当前价格=2275.40, EMA25=2495.72, EMA60=2398.51, EMA120=2381.31, 趋势=震荡行情
==============================

===== 趋势分析结果 (2025-06-22 20:27:40) =====
[2025-06-22 20:27:38] BTCUSDT 15m: 当前价格=102637.30, EMA25=102525.51, EMA60=102562.18, EMA120=102822.43, 趋势=震荡行情
[2025-06-22 20:27:39] BTCUSDT 1h: 当前价格=102637.30, EMA25=102722.67, EMA60=103306.01, EMA120=103996.97, 趋势=下跌趋势
[2025-06-22 20:27:39] BTCUSDT 4h: 当前价格=102637.30, EMA25=103691.12, EMA60=104678.51, EMA120=105152.35, 趋势=下跌趋势
[2025-06-22 20:27:39] BTCUSDT 1d: 当前价格=102637.30, EMA25=104872.75, EMA60=102130.85, EMA120=97952.38, 趋势=震荡行情
[2025-06-22 20:27:39] ETHUSDT 15m: 当前价格=2276.59, EMA25=2270.73, EMA60=2291.20, EMA120=2331.62, 趋势=震荡行情
[2025-06-22 20:27:40] ETHUSDT 1h: 当前价格=2276.59, EMA25=2315.02, EMA60=2382.34, EMA120=2441.35, 趋势=下跌趋势
[2025-06-22 20:27:40] ETHUSDT 4h: 当前价格=2276.63, EMA25=2414.06, EMA60=2489.01, EMA120=2520.78, 趋势=下跌趋势
[2025-06-22 20:27:40] ETHUSDT 1d: 当前价格=2276.63, EMA25=2495.82, EMA60=2398.55, EMA120=2381.33, 趋势=震荡行情
==============================

===== 趋势分析结果 (2025-06-22 20:42:40) =====
[2025-06-22 20:42:38] BTCUSDT 15m: 当前价格=102606.50, EMA25=102529.22, EMA60=102562.51, EMA120=102818.26, 趋势=震荡行情
[2025-06-22 20:42:39] BTCUSDT 1h: 当前价格=102606.50, EMA25=102720.30, EMA60=103305.00, EMA120=103996.46, 趋势=下跌趋势
[2025-06-22 20:42:39] BTCUSDT 4h: 当前价格=102606.50, EMA25=103688.75, EMA60=104677.50, EMA120=105151.84, 趋势=下跌趋势
[2025-06-22 20:42:39] BTCUSDT 1d: 当前价格=102606.40, EMA25=104870.37, EMA60=102129.83, EMA120=97951.87, 趋势=震荡行情
[2025-06-22 20:42:40] ETHUSDT 15m: 当前价格=2269.48, EMA25=2270.52, EMA60=2290.43, EMA120=2330.56, 趋势=下跌趋势
[2025-06-22 20:42:40] ETHUSDT 1h: 当前价格=2269.48, EMA25=2314.47, EMA60=2382.10, EMA120=2441.23, 趋势=下跌趋势
[2025-06-22 20:42:40] ETHUSDT 4h: 当前价格=2269.49, EMA25=2413.51, EMA60=2488.78, EMA120=2520.67, 趋势=下跌趋势
[2025-06-22 20:42:40] ETHUSDT 1d: 当前价格=2269.49, EMA25=2495.27, EMA60=2398.32, EMA120=2381.21, 趋势=震荡行情
==============================

===== 趋势分析结果 (2025-06-22 20:57:40) =====
[2025-06-22 20:57:38] BTCUSDT 15m: 当前价格=102713.30, EMA25=102543.64, EMA60=102567.57, EMA120=102816.56, 趋势=震荡行情
[2025-06-22 20:57:39] BTCUSDT 1h: 当前价格=102713.20, EMA25=102728.50, EMA60=103308.50, EMA120=103998.23, 趋势=下跌趋势
[2025-06-22 20:57:39] BTCUSDT 4h: 当前价格=102713.20, EMA25=103696.95, EMA60=104681.00, EMA120=105153.61, 趋势=下跌趋势
[2025-06-22 20:57:39] BTCUSDT 1d: 当前价格=102713.20, EMA25=104878.59, EMA60=102133.33, EMA120=97953.64, 趋势=震荡行情
[2025-06-22 20:57:39] ETHUSDT 15m: 当前价格=2278.67, EMA25=2271.18, EMA60=2290.06, EMA120=2329.71, 趋势=震荡行情
[2025-06-22 20:57:40] ETHUSDT 1h: 当前价格=2278.67, EMA25=2315.18, EMA60=2382.40, EMA120=2441.38, 趋势=下跌趋势
[2025-06-22 20:57:40] ETHUSDT 4h: 当前价格=2278.52, EMA25=2414.21, EMA60=2489.08, EMA120=2520.81, 趋势=下跌趋势
[2025-06-22 20:57:40] ETHUSDT 1d: 当前价格=2278.52, EMA25=2495.96, EMA60=2398.61, EMA120=2381.36, 趋势=震荡行情
==============================

===== 趋势分析结果 (2025-06-22 21:12:40) =====
[2025-06-22 21:12:38] BTCUSDT 15m: 当前价格=102308.90, EMA25=102525.28, EMA60=102558.95, EMA120=102808.07, 趋势=下跌趋势
[2025-06-22 21:12:39] BTCUSDT 1h: 当前价格=102308.90, EMA25=102695.93, EMA60=103275.59, EMA120=103970.23, 趋势=下跌趋势
[2025-06-22 21:12:39] BTCUSDT 4h: 当前价格=102322.30, EMA25=103666.88, EMA60=104668.18, EMA120=105147.15, 趋势=下跌趋势
[2025-06-22 21:12:39] BTCUSDT 1d: 当前价格=102308.90, EMA25=104847.49, EMA60=102120.08, EMA120=97946.95, 趋势=震荡行情
[2025-06-22 21:12:39] ETHUSDT 15m: 当前价格=2263.32, EMA25=2270.59, EMA60=2289.19, EMA120=2328.62, 趋势=下跌趋势
[2025-06-22 21:12:40] ETHUSDT 1h: 当前价格=2263.12, EMA25=2311.19, EMA60=2378.50, EMA120=2438.44, 趋势=下跌趋势
[2025-06-22 21:12:40] ETHUSDT 4h: 当前价格=2262.97, EMA25=2413.01, EMA60=2488.57, EMA120=2520.56, 趋势=下跌趋势
[2025-06-22 21:12:40] ETHUSDT 1d: 当前价格=2262.97, EMA25=2494.77, EMA60=2398.10, EMA120=2381.10, 趋势=震荡行情
==============================

===== 趋势分析结果 (2025-06-22 21:27:40) =====
[2025-06-22 21:27:38] BTCUSDT 15m: 当前价格=101353.70, EMA25=102429.61, EMA60=102516.96, EMA120=102782.73, 趋势=下跌趋势
[2025-06-22 21:27:38] BTCUSDT 1h: 当前价格=101356.80, EMA25=102622.69, EMA60=103244.37, EMA120=103954.50, 趋势=下跌趋势
[2025-06-22 21:27:39] BTCUSDT 4h: 当前价格=101356.80, EMA25=103592.62, EMA60=104636.53, EMA120=105131.19, 趋势=下跌趋势
[2025-06-22 21:27:39] BTCUSDT 1d: 当前价格=101356.80, EMA25=104774.25, EMA60=102088.86, EMA120=97931.22, 趋势=震荡行情
[2025-06-22 21:27:39] ETHUSDT 15m: 当前价格=2202.91, EMA25=2265.19, EMA60=2286.27, EMA120=2326.49, 趋势=下跌趋势
[2025-06-22 21:27:40] ETHUSDT 1h: 当前价格=2201.45, EMA25=2306.44, EMA60=2376.48, EMA120=2437.42, 趋势=下跌趋势
[2025-06-22 21:27:40] ETHUSDT 4h: 当前价格=2202.01, EMA25=2408.32, EMA60=2486.57, EMA120=2519.55, 趋势=下跌趋势
[2025-06-22 21:27:40] ETHUSDT 1d: 当前价格=2202.30, EMA25=2490.10, EMA60=2396.12, EMA120=2380.10, 趋势=震荡行情
==============================

===== 趋势分析结果 (2025-06-22 21:42:40) =====
[2025-06-22 21:42:38] BTCUSDT 15m: 当前价格=100666.20, EMA25=102269.84, EMA60=102445.50, EMA120=102742.21, 趋势=下跌趋势
[2025-06-22 21:42:38] BTCUSDT 1h: 当前价格=100559.00, EMA25=102561.32, EMA60=103218.22, EMA120=103941.31, 趋势=下跌趋势
[2025-06-22 21:42:39] BTCUSDT 4h: 当前价格=100559.00, EMA25=103531.25, EMA60=104610.37, EMA120=105118.00, 趋势=下跌趋势
[2025-06-22 21:42:39] BTCUSDT 1d: 当前价格=100584.30, EMA25=104714.83, EMA60=102063.53, EMA120=97918.45, 趋势=震荡行情
[2025-06-22 21:42:39] ETHUSDT 15m: 当前价格=2189.30, EMA25=2258.77, EMA60=2282.84, EMA120=2324.09, 趋势=下跌趋势
[2025-06-22 21:42:40] ETHUSDT 1h: 当前价格=2189.50, EMA25=2305.52, EMA60=2376.08, EMA120=2437.22, 趋势=下跌趋势
[2025-06-22 21:42:40] ETHUSDT 4h: 当前价格=2189.30, EMA25=2407.34, EMA60=2486.15, EMA120=2519.34, 趋势=下跌趋势
[2025-06-22 21:42:40] ETHUSDT 1d: 当前价格=2189.44, EMA25=2489.11, EMA60=2395.69, EMA120=2379.89, 趋势=震荡行情
==============================

===== 趋势分析结果 (2025-06-22 21:57:40) =====
[2025-06-22 21:57:38] BTCUSDT 15m: 当前价格=100726.50, EMA25=102126.33, EMA60=102378.07, EMA120=102703.19, 趋势=下跌趋势
[2025-06-22 21:57:38] BTCUSDT 1h: 当前价格=100730.00, EMA25=102574.47, EMA60=103223.82, EMA120=103944.14, 趋势=下跌趋势
[2025-06-22 21:57:39] BTCUSDT 4h: 当前价格=100730.10, EMA25=103544.41, EMA60=104615.98, EMA120=105120.83, 趋势=下跌趋势
[2025-06-22 21:57:39] BTCUSDT 1d: 当前价格=100723.20, EMA25=104725.51, EMA60=102068.09, EMA120=97920.74, 趋势=震荡行情
[2025-06-22 21:57:39] ETHUSDT 15m: 当前价格=2200.46, EMA25=2253.76, EMA60=2279.90, EMA120=2321.93, 趋势=下跌趋势
[2025-06-22 21:57:40] ETHUSDT 1h: 当前价格=2199.64, EMA25=2306.30, EMA60=2376.42, EMA120=2437.39, 趋势=下跌趋势
[2025-06-22 21:57:40] ETHUSDT 4h: 当前价格=2200.02, EMA25=2408.17, EMA60=2486.50, EMA120=2519.52, 趋势=下跌趋势
[2025-06-22 21:57:40] ETHUSDT 1d: 当前价格=2199.64, EMA25=2489.89, EMA60=2396.03, EMA120=2380.05, 趋势=震荡行情
==============================

===== 趋势分析结果 (2025-06-22 22:12:40) =====
[2025-06-22 22:12:38] BTCUSDT 15m: 当前价格=100666.70, EMA25=102019.98, EMA60=102324.61, EMA120=102670.87, 趋势=下跌趋势
[2025-06-22 22:12:39] BTCUSDT 1h: 当前价格=100666.70, EMA25=102433.40, EMA60=103142.52, EMA120=103891.26, 趋势=下跌趋势
[2025-06-22 22:12:39] BTCUSDT 4h: 当前价格=100652.50, EMA25=103538.44, EMA60=104613.44, EMA120=105119.55, 趋势=下跌趋势
[2025-06-22 22:12:39] BTCUSDT 1d: 当前价格=100656.70, EMA25=104720.40, EMA60=102065.91, EMA120=97919.64, 趋势=震荡行情
[2025-06-22 22:12:39] ETHUSDT 15m: 当前价格=2197.23, EMA25=2249.30, EMA60=2277.14, EMA120=2319.84, 趋势=下跌趋势
[2025-06-22 22:12:40] ETHUSDT 1h: 当前价格=2197.32, EMA25=2297.87, EMA60=2370.52, EMA120=2433.41, 趋势=下跌趋势
[2025-06-22 22:12:40] ETHUSDT 4h: 当前价格=2197.78, EMA25=2408.00, EMA60=2486.43, EMA120=2519.48, 趋势=下跌趋势
[2025-06-22 22:12:40] ETHUSDT 1d: 当前价格=2197.23, EMA25=2489.71, EMA60=2395.95, EMA120=2380.01, 趋势=震荡行情
==============================

===== 趋势分析结果 (2025-06-22 22:28:04) =====
[2025-06-22 22:27:38] BTCUSDT 15m: 当前价格=99603.30, EMA25=101816.58, EMA60=102227.57, EMA120=102616.14, 趋势=下跌趋势
[2025-06-22 22:27:51] BTCUSDT 1h: 当前价格=99637.30, EMA25=102354.22, EMA60=103108.77, EMA120=103874.25, 趋势=下跌趋势
[2025-06-22 22:27:51] BTCUSDT 4h: 当前价格=99637.30, EMA25=103460.35, EMA60=104580.15, EMA120=105102.77, 趋势=下跌趋势
[2025-06-22 22:27:51] BTCUSDT 1d: 当前价格=99633.50, EMA25=104641.69, EMA60=102032.36, EMA120=97902.73, 趋势=震荡行情
[2025-06-22 22:27:51] ETHUSDT 15m: 当前价格=2168.20, EMA25=2242.54, EMA60=2273.33, EMA120=2317.21, 趋势=下跌趋势
[2025-06-22 22:28:04] ETHUSDT 1h: 当前价格=2165.57, EMA25=2295.43, EMA60=2369.48, EMA120=2432.89, 趋势=下跌趋势
[2025-06-22 22:28:04] ETHUSDT 4h: 当前价格=2165.75, EMA25=2405.53, EMA60=2485.38, EMA120=2518.95, 趋势=下跌趋势
[2025-06-22 22:28:04] ETHUSDT 1d: 当前价格=2165.40, EMA25=2487.26, EMA60=2394.91, EMA120=2379.49, 趋势=震荡行情
==============================

===== 趋势分析结果 (2025-06-22 22:42:40) =====
[2025-06-22 22:42:38] BTCUSDT 15m: 当前价格=99376.20, EMA25=101621.19, EMA60=102130.66, EMA120=102560.81, 趋势=下跌趋势
[2025-06-22 22:42:39] BTCUSDT 1h: 当前价格=99384.00, EMA25=102334.73, EMA60=103100.46, EMA120=103870.06, 趋势=下跌趋势
[2025-06-22 22:42:39] BTCUSDT 4h: 当前价格=99384.00, EMA25=103440.86, EMA60=104571.85, EMA120=105098.58, 趋势=下跌趋势
[2025-06-22 22:42:39] BTCUSDT 1d: 当前价格=99376.20, EMA25=104621.90, EMA60=102023.92, EMA120=97898.48, 趋势=震荡行情
[2025-06-22 22:42:39] ETHUSDT 15m: 当前价格=2180.39, EMA25=2237.87, EMA60=2270.34, EMA120=2314.98, 趋势=下跌趋势
[2025-06-22 22:42:40] ETHUSDT 1h: 当前价格=2180.15, EMA25=2296.55, EMA60=2369.96, EMA120=2433.13, 趋势=下跌趋势
[2025-06-22 22:42:40] ETHUSDT 4h: 当前价格=2180.15, EMA25=2406.64, EMA60=2485.85, EMA120=2519.19, 趋势=下跌趋势
[2025-06-22 22:42:40] ETHUSDT 1d: 当前价格=2180.45, EMA25=2488.42, EMA60=2395.40, EMA120=2379.74, 趋势=震荡行情
==============================

===== 趋势分析结果 (2025-06-22 22:57:40) =====
[2025-06-22 22:57:38] BTCUSDT 15m: 当前价格=99456.10, EMA25=101435.97, EMA60=102034.63, EMA120=102505.20, 趋势=下跌趋势
[2025-06-22 22:57:39] BTCUSDT 1h: 当前价格=99456.10, EMA25=102340.28, EMA60=103102.83, EMA120=103871.25, 趋势=下跌趋势
[2025-06-22 22:57:39] BTCUSDT 4h: 当前价格=99456.10, EMA25=103446.41, EMA60=104574.21, EMA120=105099.77, 趋势=下跌趋势
[2025-06-22 22:57:39] BTCUSDT 1d: 当前价格=99435.60, EMA25=104626.47, EMA60=102025.87, EMA120=97899.46, 趋势=震荡行情
[2025-06-22 22:57:39] ETHUSDT 15m: 当前价格=2198.22, EMA25=2234.62, EMA60=2267.88, EMA120=2313.00, 趋势=下跌趋势
[2025-06-22 22:57:40] ETHUSDT 1h: 当前价格=2197.52, EMA25=2297.88, EMA60=2370.53, EMA120=2433.42, 趋势=下跌趋势
[2025-06-22 22:57:40] ETHUSDT 4h: 当前价格=2198.22, EMA25=2408.03, EMA60=2486.44, EMA120=2519.49, 趋势=下跌趋势
[2025-06-22 22:57:40] ETHUSDT 1d: 当前价格=2198.34, EMA25=2489.79, EMA60=2395.99, EMA120=2380.03, 趋势=震荡行情
==============================

===== 趋势分析结果 (2025-06-22 23:12:40) =====
[2025-06-22 23:12:38] BTCUSDT 15m: 当前价格=99301.60, EMA25=101280.89, EMA60=101949.08, EMA120=102454.32, 趋势=下跌趋势
[2025-06-22 23:12:38] BTCUSDT 1h: 当前价格=99295.30, EMA25=102115.15, EMA60=102982.05, EMA120=103797.70, 趋势=下跌趋势
[2025-06-22 23:12:39] BTCUSDT 4h: 当前价格=99301.60, EMA25=103434.52, EMA60=104569.14, EMA120=105097.22, 趋势=下跌趋势
[2025-06-22 23:12:39] BTCUSDT 1d: 当前价格=99301.60, EMA25=104616.16, EMA60=102021.48, EMA120=97897.25, 趋势=震荡行情
[2025-06-22 23:12:39] ETHUSDT 15m: 当前价格=2191.71, EMA25=2231.47, EMA60=2265.45, EMA120=2311.03, 趋势=下跌趋势
[2025-06-22 23:12:40] ETHUSDT 1h: 当前价格=2192.89, EMA25=2290.01, EMA60=2364.79, EMA120=2429.49, 趋势=下跌趋势
[2025-06-22 23:12:40] ETHUSDT 4h: 当前价格=2192.71, EMA25=2407.61, EMA60=2486.26, EMA120=2519.40, 趋势=下跌趋势
[2025-06-22 23:12:40] ETHUSDT 1d: 当前价格=2191.71, EMA25=2489.28, EMA60=2395.77, EMA120=2379.92, 趋势=震荡行情
==============================

===== 趋势分析结果 (2025-06-22 23:27:41) =====
[2025-06-22 23:27:38] BTCUSDT 15m: 当前价格=99299.90, EMA25=101136.15, EMA60=101865.64, EMA120=102403.92, 趋势=下跌趋势
[2025-06-22 23:27:39] BTCUSDT 1h: 当前价格=99299.90, EMA25=102115.50, EMA60=102982.20, EMA120=103797.78, 趋势=下跌趋势
[2025-06-22 23:27:39] BTCUSDT 4h: 当前价格=99290.50, EMA25=103433.67, EMA60=104568.78, EMA120=105097.03, 趋势=下跌趋势
[2025-06-22 23:27:39] BTCUSDT 1d: 当前价格=99290.50, EMA25=104615.30, EMA60=102021.11, EMA120=97897.06, 趋势=震荡行情
[2025-06-22 23:27:40] ETHUSDT 15m: 当前价格=2189.69, EMA25=2228.62, EMA60=2263.13, EMA120=2309.11, 趋势=下跌趋势
[2025-06-22 23:27:40] ETHUSDT 1h: 当前价格=2190.00, EMA25=2289.79, EMA60=2364.70, EMA120=2429.44, 趋势=下跌趋势
[2025-06-22 23:27:40] ETHUSDT 4h: 当前价格=2189.69, EMA25=2407.37, EMA60=2486.16, EMA120=2519.35, 趋势=下跌趋势
[2025-06-22 23:27:40] ETHUSDT 1d: 当前价格=2190.00, EMA25=2489.15, EMA60=2395.71, EMA120=2379.89, 趋势=震荡行情
==============================

===== 趋势分析结果 (2025-06-22 23:42:40) =====
[2025-06-22 23:42:38] BTCUSDT 15m: 当前价格=99249.90, EMA25=100983.18, EMA60=101776.36, EMA120=102349.97, 趋势=下跌趋势
[2025-06-22 23:42:39] BTCUSDT 1h: 当前价格=99246.10, EMA25=102111.36, EMA60=102980.44, EMA120=103796.89, 趋势=下跌趋势
[2025-06-22 23:42:39] BTCUSDT 4h: 当前价格=99249.90, EMA25=103430.55, EMA60=104567.45, EMA120=105096.36, 趋势=下跌趋势
[2025-06-22 23:42:39] BTCUSDT 1d: 当前价格=99249.90, EMA25=104612.18, EMA60=102019.78, EMA120=97896.39, 趋势=震荡行情
[2025-06-22 23:42:39] ETHUSDT 15m: 当前价格=2181.55, EMA25=2224.45, EMA60=2260.21, EMA120=2306.87, 趋势=下跌趋势
[2025-06-22 23:42:40] ETHUSDT 1h: 当前价格=2181.86, EMA25=2289.16, EMA60=2364.43, EMA120=2429.31, 趋势=下跌趋势
[2025-06-22 23:42:40] ETHUSDT 4h: 当前价格=2181.55, EMA25=2406.75, EMA60=2485.90, EMA120=2519.21, 趋势=下跌趋势
[2025-06-22 23:42:40] ETHUSDT 1d: 当前价格=2181.55, EMA25=2488.50, EMA60=2395.44, EMA120=2379.75, 趋势=震荡行情
==============================

===== 趋势分析结果 (2025-06-22 23:57:42) =====
[2025-06-22 23:57:38] BTCUSDT 15m: 当前价格=99141.10, EMA25=100840.62, EMA60=101689.57, EMA120=102296.73, 趋势=下跌趋势
[2025-06-22 23:57:39] BTCUSDT 1h: 当前价格=99141.10, EMA25=102103.28, EMA60=102977.00, EMA120=103795.15, 趋势=下跌趋势
[2025-06-22 23:57:39] BTCUSDT 4h: 当前价格=99145.50, EMA25=103422.52, EMA60=104564.03, EMA120=105094.64, 趋势=下跌趋势
[2025-06-22 23:57:40] BTCUSDT 1d: 当前价格=99153.40, EMA25=104604.76, EMA60=102016.62, EMA120=97894.80, 趋势=震荡行情
[2025-06-22 23:57:40] ETHUSDT 15m: 当前价格=2172.62, EMA25=2220.34, EMA60=2257.29, EMA120=2304.63, 趋势=下跌趋势
[2025-06-22 23:57:41] ETHUSDT 1h: 当前价格=2172.88, EMA25=2288.47, EMA60=2364.14, EMA120=2429.16, 趋势=下跌趋势
[2025-06-22 23:57:41] ETHUSDT 4h: 当前价格=2172.88, EMA25=2406.08, EMA60=2485.61, EMA120=2519.07, 趋势=下跌趋势
[2025-06-22 23:57:42] ETHUSDT 1d: 当前价格=2172.62, EMA25=2487.82, EMA60=2395.14, EMA120=2379.61, 趋势=震荡行情
==============================

