===== 趋势分析结果 (2025-07-09 11:31:16) =====
[2025-07-09 11:31:16] BTCUSDT 15m: 当前价格=108380.10, EMA25=108683.02, EMA50=108681.38, 趋势=混沌
[2025-07-09 11:31:16] BTCUSDT 1h: 当前价格=108380.10, EMA25=108591.17, EMA50=108510.90, 趋势=禁多
==============================

===== 趋势分析结果 (2025-07-09 11:46:15) =====
[2025-07-09 11:46:15] BTCUSDT 15m: 当前价格=108323.60, EMA25=108652.99, EMA50=108666.09, 趋势=禁多
[2025-07-09 11:46:15] BTCUSDT 1h: 当前价格=108323.70, EMA25=108586.83, EMA50=108508.69, 趋势=禁多
==============================

===== 趋势分析结果 (2025-07-09 12:01:16) =====
[2025-07-09 12:01:15] BTCUSDT 15m: 当前价格=108300.10, EMA25=108625.02, EMA50=108651.29, 趋势=禁多
[2025-07-09 12:01:16] BTCUSDT 1h: 当前价格=108300.10, EMA25=108563.94, EMA50=108500.07, 趋势=禁多
==============================

===== 趋势分析结果 (2025-07-09 12:16:16) =====
[2025-07-09 12:16:15] BTCUSDT 15m: 当前价格=108322.00, EMA25=108601.09, EMA50=108638.05, 趋势=禁多
[2025-07-09 12:16:16] BTCUSDT 1h: 当前价格=108322.00, EMA25=108565.62, EMA50=108500.93, 趋势=禁多
==============================

===== 趋势分析结果 (2025-07-09 12:31:15) =====
[2025-07-09 12:31:15] BTCUSDT 15m: 当前价格=108388.90, EMA25=108586.99, EMA50=108629.46, 趋势=禁多
[2025-07-09 12:31:15] BTCUSDT 1h: 当前价格=108388.90, EMA25=108570.77, EMA50=108503.55, 趋势=禁多
==============================

===== 趋势分析结果 (2025-07-09 12:46:14) =====
[2025-07-09 12:46:14] BTCUSDT 15m: 当前价格=108417.00, EMA25=108577.75, EMA50=108623.16, 趋势=禁多
[2025-07-09 12:46:14] BTCUSDT 1h: 当前价格=108417.00, EMA25=108572.93, EMA50=108504.65, 趋势=禁多
==============================

===== 趋势分析结果 (2025-07-09 13:01:14) =====
[2025-07-09 13:01:14] BTCUSDT 15m: 当前价格=108558.30, EMA25=108582.15, EMA50=108623.75, 趋势=禁多
[2025-07-09 13:01:14] BTCUSDT 1h: 当前价格=108558.40, EMA25=108577.70, EMA50=108509.89, 趋势=禁多
==============================

===== 趋势分析结果 (2025-07-09 13:16:14) =====
[2025-07-09 13:16:14] BTCUSDT 15m: 当前价格=108516.10, EMA25=108573.37, EMA50=108617.56, 趋势=禁多
[2025-07-09 13:16:14] BTCUSDT 1h: 当前价格=108532.30, EMA25=108575.70, EMA50=108508.86, 趋势=禁多
==============================

===== 趋势分析结果 (2025-07-09 13:31:14) =====
[2025-07-09 13:31:14] BTCUSDT 15m: 当前价格=108439.30, EMA25=108558.36, EMA50=108608.08, 趋势=禁多
[2025-07-09 13:31:14] BTCUSDT 1h: 当前价格=108439.40, EMA25=108568.55, EMA50=108505.22, 趋势=禁多
==============================

===== 趋势分析结果 (2025-07-09 13:46:14) =====
[2025-07-09 13:46:14] BTCUSDT 15m: 当前价格=108694.10, EMA25=108596.22, EMA50=108626.01, 趋势=混沌
[2025-07-09 13:46:14] BTCUSDT 1h: 当前价格=108694.10, EMA25=108588.14, EMA50=108515.21, 趋势=禁空
==============================

===== 趋势分析结果 (2025-07-09 14:01:14) =====
[2025-07-09 14:01:14] BTCUSDT 15m: 当前价格=108762.40, EMA25=108611.49, EMA50=108632.67, 趋势=混沌
[2025-07-09 14:01:14] BTCUSDT 1h: 当前价格=108762.30, EMA25=108604.02, EMA50=108526.22, 趋势=禁空
==============================

===== 趋势分析结果 (2025-07-09 14:16:14) =====
[2025-07-09 14:16:14] BTCUSDT 15m: 当前价格=108661.30, EMA25=108608.88, EMA50=108630.38, 趋势=混沌
[2025-07-09 14:16:14] BTCUSDT 1h: 当前价格=108661.40, EMA25=108596.26, EMA50=108522.26, 趋势=禁空
==============================

===== 趋势分析结果 (2025-07-09 14:31:14) =====
[2025-07-09 14:31:14] BTCUSDT 15m: 当前价格=108685.10, EMA25=108615.26, EMA50=108632.80, 趋势=混沌
[2025-07-09 14:31:14] BTCUSDT 1h: 当前价格=108685.10, EMA25=108598.09, EMA50=108523.19, 趋势=禁空
==============================

===== 趋势分析结果 (2025-07-09 14:46:14) =====
[2025-07-09 14:46:14] BTCUSDT 15m: 当前价格=108696.40, EMA25=108619.32, EMA50=108634.13, 趋势=混沌
[2025-07-09 14:46:14] BTCUSDT 1h: 当前价格=108696.40, EMA25=108598.96, EMA50=108523.63, 趋势=禁空
==============================

===== 趋势分析结果 (2025-07-09 15:01:14) =====
[2025-07-09 15:01:14] BTCUSDT 15m: 当前价格=108819.80, EMA25=108641.32, EMA50=108644.90, 趋势=混沌
[2025-07-09 15:01:14] BTCUSDT 1h: 当前价格=108819.80, EMA25=108622.52, EMA50=108538.74, 趋势=禁空
==============================

===== 趋势分析结果 (2025-07-09 15:16:14) =====
[2025-07-09 15:16:14] BTCUSDT 15m: 当前价格=108732.30, EMA25=108640.70, EMA50=108644.29, 趋势=混沌
[2025-07-09 15:16:14] BTCUSDT 1h: 当前价格=108732.30, EMA25=108615.79, EMA50=108535.30, 趋势=禁空
==============================

===== 趋势分析结果 (2025-07-09 15:31:17) =====
[2025-07-09 15:31:16] BTCUSDT 15m: 当前价格=108732.50, EMA25=108648.08, EMA50=108647.92, 趋势=禁空
[2025-07-09 15:31:17] BTCUSDT 1h: 当前价格=108732.50, EMA25=108615.80, EMA50=108535.31, 趋势=禁空
==============================

===== 趋势分析结果 (2025-07-09 15:46:14) =====
[2025-07-09 15:46:14] BTCUSDT 15m: 当前价格=108650.00, EMA25=108640.92, EMA50=108644.12, 趋势=混沌
[2025-07-09 15:46:14] BTCUSDT 1h: 当前价格=108650.00, EMA25=108609.46, EMA50=108532.08, 趋势=禁空
==============================

===== 趋势分析结果 (2025-07-09 16:01:15) =====
[2025-07-09 16:01:14] BTCUSDT 15m: 当前价格=108666.20, EMA25=108644.62, EMA50=108645.92, 趋势=混沌
[2025-07-09 16:01:15] BTCUSDT 1h: 当前价格=108666.30, EMA25=108615.59, EMA50=108538.28, 趋势=禁空
==============================

===== 趋势分析结果 (2025-07-09 16:16:14) =====
[2025-07-09 16:16:14] BTCUSDT 15m: 当前价格=108741.30, EMA25=108655.59, EMA50=108651.54, 趋势=禁空
[2025-07-09 16:16:14] BTCUSDT 1h: 当前价格=108741.40, EMA25=108621.37, EMA50=108541.22, 趋势=禁空
==============================

===== 趋势分析结果 (2025-07-09 16:31:15) =====
[2025-07-09 16:31:14] BTCUSDT 15m: 当前价格=108780.00, EMA25=108666.89, EMA50=108657.49, 趋势=禁空
[2025-07-09 16:31:15] BTCUSDT 1h: 当前价格=108780.00, EMA25=108624.34, EMA50=108542.73, 趋势=禁空
==============================

===== 趋势分析结果 (2025-07-09 16:46:14) =====
[2025-07-09 16:46:14] BTCUSDT 15m: 当前价格=108703.90, EMA25=108666.35, EMA50=108657.51, 趋势=禁空
[2025-07-09 16:46:14] BTCUSDT 1h: 当前价格=108703.90, EMA25=108618.48, EMA50=108539.75, 趋势=禁空
==============================

===== 趋势分析结果 (2025-07-09 17:01:14) =====
[2025-07-09 17:01:14] BTCUSDT 15m: 当前价格=108618.40, EMA25=108656.15, EMA50=108652.53, 趋势=混沌
[2025-07-09 17:01:14] BTCUSDT 1h: 当前价格=108618.50, EMA25=108611.97, EMA50=108539.38, 趋势=禁空
==============================

===== 趋势分析结果 (2025-07-09 17:16:14) =====
[2025-07-09 17:16:14] BTCUSDT 15m: 当前价格=108510.10, EMA25=108637.22, EMA50=108642.86, 趋势=禁多
[2025-07-09 17:16:14] BTCUSDT 1h: 当前价格=108510.00, EMA25=108603.63, EMA50=108535.13, 趋势=禁多
==============================

===== 趋势分析结果 (2025-07-09 17:31:14) =====
[2025-07-09 17:31:14] BTCUSDT 15m: 当前价格=108542.00, EMA25=108633.14, EMA50=108640.62, 趋势=禁多
[2025-07-09 17:31:14] BTCUSDT 1h: 当前价格=108542.00, EMA25=108606.09, EMA50=108536.38, 趋势=禁多
==============================

===== 趋势分析结果 (2025-07-09 17:46:14) =====
[2025-07-09 17:46:14] BTCUSDT 15m: 当前价格=108641.20, EMA25=108641.14, EMA50=108644.56, 趋势=混沌
[2025-07-09 17:46:14] BTCUSDT 1h: 当前价格=108641.20, EMA25=108613.72, EMA50=108540.27, 趋势=禁空
==============================

===== 趋势分析结果 (2025-07-09 18:01:15) =====
[2025-07-09 18:01:14] BTCUSDT 15m: 当前价格=108680.00, EMA25=108648.56, EMA50=108648.30, 趋势=禁空
[2025-07-09 18:01:15] BTCUSDT 1h: 当前价格=108680.10, EMA25=108623.26, EMA50=108548.11, 趋势=禁空
==============================

===== 趋势分析结果 (2025-07-09 18:16:14) =====
[2025-07-09 18:16:14] BTCUSDT 15m: 当前价格=108756.30, EMA25=108661.94, EMA50=108655.24, 趋势=禁空
[2025-07-09 18:16:14] BTCUSDT 1h: 当前价格=108756.30, EMA25=108629.12, EMA50=108551.10, 趋势=禁空
==============================

===== 趋势分析结果 (2025-07-09 18:31:14) =====
[2025-07-09 18:31:14] BTCUSDT 15m: 当前价格=108740.00, EMA25=108666.79, EMA50=108657.95, 趋势=禁空
[2025-07-09 18:31:14] BTCUSDT 1h: 当前价格=108740.00, EMA25=108627.86, EMA50=108550.46, 趋势=禁空
==============================

===== 趋势分析结果 (2025-07-09 18:46:14) =====
[2025-07-09 18:46:14] BTCUSDT 15m: 当前价格=108822.00, EMA25=108685.23, EMA50=108667.84, 趋势=禁空
[2025-07-09 18:46:14] BTCUSDT 1h: 当前价格=108822.00, EMA25=108634.17, EMA50=108553.67, 趋势=禁空
==============================

===== 趋势分析结果 (2025-07-09 19:01:14) =====
[2025-07-09 19:01:14] BTCUSDT 15m: 当前价格=108854.90, EMA25=108700.28, EMA50=108676.23, 趋势=禁空
[2025-07-09 19:01:14] BTCUSDT 1h: 当前价格=108854.90, EMA25=108653.15, EMA50=108566.54, 趋势=禁空
==============================

===== 趋势分析结果 (2025-07-09 19:16:14) =====
[2025-07-09 19:16:14] BTCUSDT 15m: 当前价格=108954.80, EMA25=108726.95, EMA50=108690.92, 趋势=禁空
[2025-07-09 19:16:14] BTCUSDT 1h: 当前价格=108954.70, EMA25=108660.82, EMA50=108570.46, 趋势=禁空
==============================

===== 趋势分析结果 (2025-07-09 19:31:14) =====
[2025-07-09 19:31:14] BTCUSDT 15m: 当前价格=109016.30, EMA25=108751.48, EMA50=108704.88, 趋势=禁空
[2025-07-09 19:31:14] BTCUSDT 1h: 当前价格=109016.30, EMA25=108665.56, EMA50=108572.87, 趋势=禁空
==============================

===== 趋势分析结果 (2025-07-09 19:46:14) =====
[2025-07-09 19:46:14] BTCUSDT 15m: 当前价格=109030.20, EMA25=108772.32, EMA50=108717.32, 趋势=禁空
[2025-07-09 19:46:14] BTCUSDT 1h: 当前价格=109030.20, EMA25=108666.63, EMA50=108573.42, 趋势=禁空
==============================

===== 趋势分析结果 (2025-07-09 20:01:14) =====
[2025-07-09 20:01:14] BTCUSDT 15m: 当前价格=108997.40, EMA25=108788.08, EMA50=108727.48, 趋势=禁空
[2025-07-09 20:01:14] BTCUSDT 1h: 当前价格=108997.50, EMA25=108690.53, EMA50=108589.22, 趋势=禁空
==============================

===== 趋势分析结果 (2025-07-09 20:16:14) =====
[2025-07-09 20:16:14] BTCUSDT 15m: 当前价格=109358.80, EMA25=108857.02, EMA50=108765.52, 趋势=禁空
[2025-07-09 20:16:14] BTCUSDT 1h: 当前价格=109358.80, EMA25=108718.32, EMA50=108603.39, 趋势=禁空
==============================

===== 趋势分析结果 (2025-07-09 20:31:14) =====
[2025-07-09 20:31:14] BTCUSDT 15m: 当前价格=109441.60, EMA25=108908.68, EMA50=108795.59, 趋势=禁空
[2025-07-09 20:31:14] BTCUSDT 1h: 当前价格=109441.50, EMA25=108724.68, EMA50=108606.64, 趋势=禁空
==============================

===== 趋势分析结果 (2025-07-09 20:46:14) =====
[2025-07-09 20:46:14] BTCUSDT 15m: 当前价格=109378.30, EMA25=108943.58, EMA50=108817.79, 趋势=禁空
[2025-07-09 20:46:14] BTCUSDT 1h: 当前价格=109378.30, EMA25=108719.82, EMA50=108604.16, 趋势=禁空
==============================

===== 趋势分析结果 (2025-07-09 21:01:14) =====
[2025-07-09 21:01:14] BTCUSDT 15m: 当前价格=109317.50, EMA25=108965.84, EMA50=108833.93, 趋势=禁空
[2025-07-09 21:01:14] BTCUSDT 1h: 当前价格=109317.50, EMA25=108759.29, EMA50=108628.68, 趋势=禁空
==============================

===== 趋势分析结果 (2025-07-09 21:16:14) =====
[2025-07-09 21:16:14] BTCUSDT 15m: 当前价格=109659.80, EMA25=109043.82, EMA50=108879.38, 趋势=禁空
[2025-07-09 21:16:14] BTCUSDT 1h: 当前价格=109652.90, EMA25=108785.09, EMA50=108641.83, 趋势=禁空
==============================

===== 趋势分析结果 (2025-07-09 21:31:14) =====
[2025-07-09 21:31:14] BTCUSDT 15m: 当前价格=109522.30, EMA25=109071.93, EMA50=108899.97, 趋势=禁空
[2025-07-09 21:31:14] BTCUSDT 1h: 当前价格=109504.40, EMA25=108773.67, EMA50=108636.01, 趋势=禁空
==============================

===== 趋势分析结果 (2025-07-09 21:46:14) =====
[2025-07-09 21:46:14] BTCUSDT 15m: 当前价格=109419.90, EMA25=109090.89, EMA50=108916.22, 趋势=禁空
[2025-07-09 21:46:14] BTCUSDT 1h: 当前价格=109419.70, EMA25=108767.15, EMA50=108632.69, 趋势=禁空
==============================

===== 趋势分析结果 (2025-07-09 22:01:14) =====
[2025-07-09 22:01:14] BTCUSDT 15m: 当前价格=109125.70, EMA25=109073.48, EMA50=108913.77, 趋势=禁空
[2025-07-09 22:01:14] BTCUSDT 1h: 当前价格=109113.90, EMA25=108773.74, EMA50=108640.90, 趋势=禁空
==============================

===== 趋势分析结果 (2025-07-09 22:16:15) =====
[2025-07-09 22:16:14] BTCUSDT 15m: 当前价格=109242.70, EMA25=109093.39, EMA50=108930.33, 趋势=禁空
[2025-07-09 22:16:15] BTCUSDT 1h: 当前价格=109257.60, EMA25=108784.80, EMA50=108646.54, 趋势=禁空
==============================

===== 趋势分析结果 (2025-07-09 22:31:15) =====
[2025-07-09 22:31:14] BTCUSDT 15m: 当前价格=108652.00, EMA25=109032.55, EMA50=108905.15, 趋势=混沌
[2025-07-09 22:31:15] BTCUSDT 1h: 当前价格=108652.00, EMA25=108738.21, EMA50=108622.79, 趋势=禁多
==============================

===== 趋势分析结果 (2025-07-09 22:46:14) =====
[2025-07-09 22:46:14] BTCUSDT 15m: 当前价格=108696.10, EMA25=109007.21, EMA50=108897.24, 趋势=混沌
[2025-07-09 22:46:14] BTCUSDT 1h: 当前价格=108696.10, EMA25=108741.61, EMA50=108624.52, 趋势=禁多
==============================

===== 趋势分析结果 (2025-07-09 23:01:14) =====
[2025-07-09 23:01:14] BTCUSDT 15m: 当前价格=108920.50, EMA25=109010.76, EMA50=108903.57, 趋势=混沌
[2025-07-09 23:01:14] BTCUSDT 1h: 当前价格=108920.50, EMA25=108765.58, EMA50=108641.55, 趋势=禁空
==============================

===== 趋势分析结果 (2025-07-09 23:16:14) =====
[2025-07-09 23:16:14] BTCUSDT 15m: 当前价格=108809.20, EMA25=108984.12, EMA50=108893.97, 趋势=混沌
[2025-07-09 23:16:14] BTCUSDT 1h: 当前价格=108835.00, EMA25=108759.01, EMA50=108638.20, 趋势=禁空
==============================

===== 趋势分析结果 (2025-07-09 23:31:14) =====
[2025-07-09 23:31:14] BTCUSDT 15m: 当前价格=108985.70, EMA25=108992.82, EMA50=108902.11, 趋势=混沌
[2025-07-09 23:31:14] BTCUSDT 1h: 当前价格=108989.90, EMA25=108770.92, EMA50=108644.27, 趋势=禁空
==============================

===== 趋势分析结果 (2025-07-09 23:46:14) =====
[2025-07-09 23:46:14] BTCUSDT 15m: 当前价格=108830.50, EMA25=108967.95, EMA50=108892.73, 趋势=混沌
[2025-07-09 23:46:14] BTCUSDT 1h: 当前价格=108830.50, EMA25=108758.66, EMA50=108638.02, 趋势=禁空
==============================

