===== 趋势分析结果 (2025-06-30 12:10:35) =====
[2025-06-30 12:10:34] BTCUSDT 15m: 当前价格=108460.10, EMA25=108328.62, EMA60=108053.05, EMA120=107809.31, 趋势=上涨趋势
[2025-06-30 12:10:34] BTCUSDT 1h: 当前价格=108460.20, EMA25=107914.45, EMA60=107557.24, EMA120=106993.66, 趋势=上涨趋势
[2025-06-30 12:10:34] BTCUSDT 4h: 当前价格=108460.20, EMA25=107301.22, EMA60=106326.54, EMA120=105837.57, 趋势=上涨趋势
[2025-06-30 12:10:34] BTCUSDT 1d: 当前价格=108460.10, EMA25=105918.83, EMA60=103259.29, EMA120=99070.85, 趋势=上涨趋势
[2025-06-30 12:10:34] ETHUSDT 15m: 当前价格=2503.86, EMA25=2493.93, EMA60=2474.29, EMA120=2458.77, 趋势=上涨趋势
[2025-06-30 12:10:35] ETHUSDT 1h: 当前价格=2503.44, EMA25=2465.88, EMA60=2448.38, EMA120=2435.79, 趋势=上涨趋势
[2025-06-30 12:10:35] ETHUSDT 4h: 当前价格=2503.44, EMA25=2444.95, EMA60=2440.95, EMA120=2465.65, 趋势=震荡行情
[2025-06-30 12:10:35] ETHUSDT 1d: 当前价格=2503.43, EMA25=2471.51, EMA60=2408.33, EMA120=2388.56, 趋势=上涨趋势
==============================

===== 趋势分析结果 (2025-06-30 12:25:36) =====
[2025-06-30 12:25:35] BTCUSDT 15m: 当前价格=108386.90, EMA25=108333.33, EMA60=108064.09, EMA120=107818.92, 趋势=上涨趋势
[2025-06-30 12:25:35] BTCUSDT 1h: 当前价格=108412.40, EMA25=107910.77, EMA60=107555.67, EMA120=106992.87, 趋势=上涨趋势
[2025-06-30 12:25:35] BTCUSDT 4h: 当前价格=108386.90, EMA25=107295.58, EMA60=106324.14, EMA120=105836.36, 趋势=上涨趋势
[2025-06-30 12:25:36] BTCUSDT 1d: 当前价格=108386.90, EMA25=105913.20, EMA60=103256.89, EMA120=99069.64, 趋势=上涨趋势
[2025-06-30 12:25:36] ETHUSDT 15m: 当前价格=2499.32, EMA25=2494.25, EMA60=2475.07, EMA120=2459.42, 趋势=上涨趋势
[2025-06-30 12:25:36] ETHUSDT 1h: 当前价格=2499.32, EMA25=2465.56, EMA60=2448.25, EMA120=2435.72, 趋势=上涨趋势
[2025-06-30 12:25:36] ETHUSDT 4h: 当前价格=2499.34, EMA25=2444.63, EMA60=2440.82, EMA120=2465.58, 趋势=震荡行情
[2025-06-30 12:25:36] ETHUSDT 1d: 当前价格=2499.32, EMA25=2471.19, EMA60=2408.20, EMA120=2388.50, 趋势=上涨趋势
==============================

