===== 趋势分析结果 (2025-08-27 00:00:18) =====
[2025-08-27 00:00:16] BTCUSDT 5m: 当前价格=109941.14, EMA25=109990.07, EMA50=%!f(utils.TrendStatus=SE), 趋势=%!s(MISSING)
[2025-08-27 00:00:16] BTCUSDT 15m: 当前价格=109970.27, EMA25=110062.18, EMA50=%!f(utils.TrendStatus=SE), 趋势=%!s(MISSING)
[2025-08-27 00:00:17] BTCUSDT 1h: 当前价格=110399.79, EMA25=111305.01, EMA50=%!f(utils.TrendStatus=SE), 趋势=%!s(MISSING)
[2025-08-27 00:00:17] BTCUSDT 4h: 当前价格=112150.94, EMA25=113485.56, EMA50=%!f(utils.TrendStatus=SE), 趋势=%!s(MISSING)
[2025-08-27 00:00:17] BTCUSDT 1d: 当前价格=115084.81, EMA25=114460.30, EMA50=%!f(utils.TrendStatus=SE), 趋势=%!s(MISSING)
[2025-08-27 00:00:17] BTCUSDT 3d: 当前价格=112675.63, EMA25=107271.90, EMA50=%!f(utils.TrendStatus=SE), 趋势=%!s(MISSING)
[2025-08-27 00:00:17] ETHUSDT 5m: 当前价格=4514.87, EMA25=4495.85, EMA50=%!f(utils.TrendStatus=BU), 趋势=%!s(MISSING)
[2025-08-27 00:00:18] ETHUSDT 15m: 当前价格=4483.73, EMA25=4464.79, EMA50=%!f(utils.TrendStatus=BU), 趋势=%!s(MISSING)
[2025-08-27 00:00:18] ETHUSDT 1h: 当前价格=4486.62, EMA25=4537.93, EMA50=%!f(utils.TrendStatus=RA), 趋势=%!s(MISSING)
[2025-08-27 00:00:18] ETHUSDT 4h: 当前价格=4547.00, EMA25=4506.43, EMA50=%!f(utils.TrendStatus=RA), 趋势=%!s(MISSING)
[2025-08-27 00:00:18] ETHUSDT 1d: 当前价格=4263.07, EMA25=3884.09, EMA50=%!f(utils.TrendStatus=BU), 趋势=%!s(MISSING)
[2025-08-27 00:00:18] ETHUSDT 3d: 当前价格=3668.35, EMA25=3210.35, EMA50=%!f(utils.TrendStatus=SE), 趋势=%!s(MISSING)
==============================

===== 趋势分析结果 (2025-08-27 00:05:18) =====
[2025-08-27 00:05:16] BTCUSDT 5m: 当前价格=109926.09, EMA25=109980.53, EMA50=%!f(utils.TrendStatus=SE), 趋势=%!s(MISSING)
[2025-08-27 00:05:16] BTCUSDT 15m: 当前价格=109973.76, EMA25=110063.96, EMA50=%!f(utils.TrendStatus=SE), 趋势=%!s(MISSING)
[2025-08-27 00:05:17] BTCUSDT 1h: 当前价格=110402.45, EMA25=111306.36, EMA50=%!f(utils.TrendStatus=SE), 趋势=%!s(MISSING)
[2025-08-27 00:05:17] BTCUSDT 4h: 当前价格=112154.43, EMA25=113487.34, EMA50=%!f(utils.TrendStatus=SE), 趋势=%!s(MISSING)
[2025-08-27 00:05:17] BTCUSDT 1d: 当前价格=115088.30, EMA25=114462.08, EMA50=%!f(utils.TrendStatus=SE), 趋势=%!s(MISSING)
[2025-08-27 00:05:17] BTCUSDT 3d: 当前价格=112678.03, EMA25=107273.12, EMA50=%!f(utils.TrendStatus=SE), 趋势=%!s(MISSING)
[2025-08-27 00:05:17] ETHUSDT 5m: 当前价格=4516.12, EMA25=4497.24, EMA50=%!f(utils.TrendStatus=BU), 趋势=%!s(MISSING)
[2025-08-27 00:05:17] ETHUSDT 15m: 当前价格=4484.25, EMA25=4465.06, EMA50=%!f(utils.TrendStatus=BU), 趋势=%!s(MISSING)
[2025-08-27 00:05:18] ETHUSDT 1h: 当前价格=4487.19, EMA25=4538.22, EMA50=%!f(utils.TrendStatus=RA), 趋势=%!s(MISSING)
[2025-08-27 00:05:18] ETHUSDT 4h: 当前价格=4547.52, EMA25=4506.69, EMA50=%!f(utils.TrendStatus=RA), 趋势=%!s(MISSING)
[2025-08-27 00:05:18] ETHUSDT 1d: 当前价格=4263.55, EMA25=3884.33, EMA50=%!f(utils.TrendStatus=BU), 趋势=%!s(MISSING)
[2025-08-27 00:05:18] ETHUSDT 3d: 当前价格=3668.88, EMA25=3210.62, EMA50=%!f(utils.TrendStatus=SE), 趋势=%!s(MISSING)
==============================

===== 趋势分析结果 (2025-08-27 00:10:18) =====
[2025-08-27 00:10:16] BTCUSDT 5m: 当前价格=109889.14, EMA25=109959.34, EMA50=%!f(utils.TrendStatus=SE), 趋势=%!s(MISSING)
[2025-08-27 00:10:16] BTCUSDT 15m: 当前价格=109963.88, EMA25=110058.92, EMA50=%!f(utils.TrendStatus=SE), 趋势=%!s(MISSING)
[2025-08-27 00:10:17] BTCUSDT 1h: 当前价格=110392.57, EMA25=111301.32, EMA50=%!f(utils.TrendStatus=SE), 趋势=%!s(MISSING)
[2025-08-27 00:10:17] BTCUSDT 4h: 当前价格=112144.54, EMA25=113482.31, EMA50=%!f(utils.TrendStatus=SE), 趋势=%!s(MISSING)
[2025-08-27 00:10:17] BTCUSDT 1d: 当前价格=115078.42, EMA25=114457.04, EMA50=%!f(utils.TrendStatus=SE), 趋势=%!s(MISSING)
[2025-08-27 00:10:17] BTCUSDT 3d: 当前价格=112669.24, EMA25=107268.64, EMA50=%!f(utils.TrendStatus=SE), 趋势=%!s(MISSING)
[2025-08-27 00:10:17] ETHUSDT 5m: 当前价格=4515.61, EMA25=4497.71, EMA50=%!f(utils.TrendStatus=BU), 趋势=%!s(MISSING)
[2025-08-27 00:10:17] ETHUSDT 15m: 当前价格=4483.52, EMA25=4464.68, EMA50=%!f(utils.TrendStatus=BU), 趋势=%!s(MISSING)
[2025-08-27 00:10:18] ETHUSDT 1h: 当前价格=4486.41, EMA25=4537.82, EMA50=%!f(utils.TrendStatus=RA), 趋势=%!s(MISSING)
[2025-08-27 00:10:18] ETHUSDT 4h: 当前价格=4546.78, EMA25=4506.32, EMA50=%!f(utils.TrendStatus=RA), 趋势=%!s(MISSING)
[2025-08-27 00:10:18] ETHUSDT 1d: 当前价格=4262.85, EMA25=3883.98, EMA50=%!f(utils.TrendStatus=BU), 趋势=%!s(MISSING)
[2025-08-27 00:10:18] ETHUSDT 3d: 当前价格=3668.09, EMA25=3210.22, EMA50=%!f(utils.TrendStatus=SE), 趋势=%!s(MISSING)
==============================

===== 趋势分析结果 (2025-08-27 00:15:18) =====
[2025-08-27 00:15:16] BTCUSDT 5m: 当前价格=109852.32, EMA25=109937.66, EMA50=%!f(utils.TrendStatus=SE), 趋势=%!s(MISSING)
[2025-08-27 00:15:16] BTCUSDT 15m: 当前价格=109921.31, EMA25=110033.34, EMA50=%!f(utils.TrendStatus=SE), 趋势=%!s(MISSING)
[2025-08-27 00:15:17] BTCUSDT 1h: 当前价格=110386.66, EMA25=111298.31, EMA50=%!f(utils.TrendStatus=SE), 趋势=%!s(MISSING)
[2025-08-27 00:15:17] BTCUSDT 4h: 当前价格=112138.64, EMA25=113479.29, EMA50=%!f(utils.TrendStatus=SE), 趋势=%!s(MISSING)
[2025-08-27 00:15:17] BTCUSDT 1d: 当前价格=115072.50, EMA25=114454.02, EMA50=%!f(utils.TrendStatus=SE), 趋势=%!s(MISSING)
[2025-08-27 00:15:17] BTCUSDT 3d: 当前价格=112663.32, EMA25=107265.63, EMA50=%!f(utils.TrendStatus=SE), 趋势=%!s(MISSING)
[2025-08-27 00:15:17] ETHUSDT 5m: 当前价格=4513.06, EMA25=4497.08, EMA50=%!f(utils.TrendStatus=RA), 趋势=%!s(MISSING)
[2025-08-27 00:15:18] ETHUSDT 15m: 当前价格=4483.47, EMA25=4465.37, EMA50=%!f(utils.TrendStatus=BU), 趋势=%!s(MISSING)
[2025-08-27 00:15:18] ETHUSDT 1h: 当前价格=4485.16, EMA25=4537.19, EMA50=%!f(utils.TrendStatus=RA), 趋势=%!s(MISSING)
[2025-08-27 00:15:18] ETHUSDT 4h: 当前价格=4545.53, EMA25=4505.68, EMA50=%!f(utils.TrendStatus=RA), 趋势=%!s(MISSING)
[2025-08-27 00:15:18] ETHUSDT 1d: 当前价格=4261.66, EMA25=3883.37, EMA50=%!f(utils.TrendStatus=BU), 趋势=%!s(MISSING)
[2025-08-27 00:15:18] ETHUSDT 3d: 当前价格=3666.85, EMA25=3209.58, EMA50=%!f(utils.TrendStatus=SE), 趋势=%!s(MISSING)
==============================

===== 趋势分析结果 (2025-08-27 00:20:20) =====
[2025-08-27 00:20:16] BTCUSDT 5m: 当前价格=109819.10, EMA25=109917.31, EMA50=%!f(utils.TrendStatus=SE), 趋势=%!s(MISSING)
[2025-08-27 00:20:16] BTCUSDT 15m: 当前价格=109918.26, EMA25=110031.78, EMA50=%!f(utils.TrendStatus=SE), 趋势=%!s(MISSING)
[2025-08-27 00:20:17] BTCUSDT 1h: 当前价格=110383.60, EMA25=111296.75, EMA50=%!f(utils.TrendStatus=SE), 趋势=%!s(MISSING)
[2025-08-27 00:20:17] BTCUSDT 4h: 当前价格=112135.57, EMA25=113477.73, EMA50=%!f(utils.TrendStatus=SE), 趋势=%!s(MISSING)
[2025-08-27 00:20:17] BTCUSDT 1d: 当前价格=115069.45, EMA25=114452.46, EMA50=%!f(utils.TrendStatus=SE), 趋势=%!s(MISSING)
[2025-08-27 00:20:17] BTCUSDT 3d: 当前价格=112660.27, EMA25=107264.07, EMA50=%!f(utils.TrendStatus=SE), 趋势=%!s(MISSING)
[2025-08-27 00:20:19] ETHUSDT 5m: 当前价格=4513.63, EMA25=4498.01, EMA50=%!f(utils.TrendStatus=RA), 趋势=%!s(MISSING)
[2025-08-27 00:20:19] ETHUSDT 15m: 当前价格=4484.20, EMA25=4465.74, EMA50=%!f(utils.TrendStatus=BU), 趋势=%!s(MISSING)
[2025-08-27 00:20:20] ETHUSDT 1h: 当前价格=4485.81, EMA25=4537.52, EMA50=%!f(utils.TrendStatus=RA), 趋势=%!s(MISSING)
[2025-08-27 00:20:20] ETHUSDT 4h: 当前价格=4546.28, EMA25=4506.07, EMA50=%!f(utils.TrendStatus=RA), 趋势=%!s(MISSING)
[2025-08-27 00:20:20] ETHUSDT 1d: 当前价格=4262.36, EMA25=3883.73, EMA50=%!f(utils.TrendStatus=BU), 趋势=%!s(MISSING)
[2025-08-27 00:20:20] ETHUSDT 3d: 当前价格=3667.50, EMA25=3209.91, EMA50=%!f(utils.TrendStatus=SE), 趋势=%!s(MISSING)
==============================

===== 趋势分析结果 (2025-08-27 00:25:18) =====
[2025-08-27 00:25:16] BTCUSDT 5m: 当前价格=109796.14, EMA25=109901.78, EMA50=%!f(utils.TrendStatus=SE), 趋势=%!s(MISSING)
[2025-08-27 00:25:16] BTCUSDT 15m: 当前价格=109920.99, EMA25=110033.18, EMA50=%!f(utils.TrendStatus=SE), 趋势=%!s(MISSING)
[2025-08-27 00:25:17] BTCUSDT 1h: 当前价格=110386.32, EMA25=111298.14, EMA50=%!f(utils.TrendStatus=SE), 趋势=%!s(MISSING)
[2025-08-27 00:25:17] BTCUSDT 4h: 当前价格=112138.30, EMA25=113479.12, EMA50=%!f(utils.TrendStatus=SE), 趋势=%!s(MISSING)
[2025-08-27 00:25:17] BTCUSDT 1d: 当前价格=115072.18, EMA25=114453.86, EMA50=%!f(utils.TrendStatus=SE), 趋势=%!s(MISSING)
[2025-08-27 00:25:17] BTCUSDT 3d: 当前价格=112663.00, EMA25=107265.46, EMA50=%!f(utils.TrendStatus=SE), 趋势=%!s(MISSING)
[2025-08-27 00:25:17] ETHUSDT 5m: 当前价格=4512.97, EMA25=4498.28, EMA50=%!f(utils.TrendStatus=RA), 趋势=%!s(MISSING)
[2025-08-27 00:25:17] ETHUSDT 15m: 当前价格=4484.13, EMA25=4465.70, EMA50=%!f(utils.TrendStatus=BU), 趋势=%!s(MISSING)
[2025-08-27 00:25:18] ETHUSDT 1h: 当前价格=4485.81, EMA25=4537.52, EMA50=%!f(utils.TrendStatus=RA), 趋势=%!s(MISSING)
[2025-08-27 00:25:18] ETHUSDT 4h: 当前价格=4546.19, EMA25=4506.02, EMA50=%!f(utils.TrendStatus=RA), 趋势=%!s(MISSING)
[2025-08-27 00:25:18] ETHUSDT 1d: 当前价格=4262.25, EMA25=3883.67, EMA50=%!f(utils.TrendStatus=BU), 趋势=%!s(MISSING)
[2025-08-27 00:25:18] ETHUSDT 3d: 当前价格=3667.47, EMA25=3209.90, EMA50=%!f(utils.TrendStatus=SE), 趋势=%!s(MISSING)
==============================

===== 趋势分析结果 (2025-08-27 00:30:18) =====
[2025-08-27 00:30:16] BTCUSDT 5m: 当前价格=109803.70, EMA25=109901.80, EMA50=%!f(utils.TrendStatus=SE), 趋势=%!s(MISSING)
[2025-08-27 00:30:16] BTCUSDT 15m: 当前价格=109918.18, EMA25=110027.65, EMA50=%!f(utils.TrendStatus=SE), 趋势=%!s(MISSING)
[2025-08-27 00:30:17] BTCUSDT 1h: 当前价格=110401.11, EMA25=111305.68, EMA50=%!f(utils.TrendStatus=SE), 趋势=%!s(MISSING)
[2025-08-27 00:30:17] BTCUSDT 4h: 当前价格=112153.86, EMA25=113487.05, EMA50=%!f(utils.TrendStatus=SE), 趋势=%!s(MISSING)
[2025-08-27 00:30:17] BTCUSDT 1d: 当前价格=115087.73, EMA25=114461.79, EMA50=%!f(utils.TrendStatus=SE), 趋势=%!s(MISSING)
[2025-08-27 00:30:17] BTCUSDT 3d: 当前价格=112678.55, EMA25=107273.39, EMA50=%!f(utils.TrendStatus=SE), 趋势=%!s(MISSING)
[2025-08-27 00:30:17] ETHUSDT 5m: 当前价格=4513.92, EMA25=4499.35, EMA50=%!f(utils.TrendStatus=BU), 趋势=%!s(MISSING)
[2025-08-27 00:30:17] ETHUSDT 15m: 当前价格=4487.28, EMA25=4468.05, EMA50=%!f(utils.TrendStatus=BU), 趋势=%!s(MISSING)
[2025-08-27 00:30:18] ETHUSDT 1h: 当前价格=4486.50, EMA25=4537.87, EMA50=%!f(utils.TrendStatus=RA), 趋势=%!s(MISSING)
[2025-08-27 00:30:18] ETHUSDT 4h: 当前价格=4546.88, EMA25=4506.37, EMA50=%!f(utils.TrendStatus=RA), 趋势=%!s(MISSING)
[2025-08-27 00:30:18] ETHUSDT 1d: 当前价格=4263.03, EMA25=3884.07, EMA50=%!f(utils.TrendStatus=BU), 趋势=%!s(MISSING)
[2025-08-27 00:30:18] ETHUSDT 3d: 当前价格=3668.19, EMA25=3210.27, EMA50=%!f(utils.TrendStatus=SE), 趋势=%!s(MISSING)
==============================

===== 趋势分析结果 (2025-08-27 00:35:18) =====
[2025-08-27 00:35:16] BTCUSDT 5m: 当前价格=109780.30, EMA25=109885.85, EMA50=%!f(utils.TrendStatus=SE), 趋势=%!s(MISSING)
[2025-08-27 00:35:16] BTCUSDT 15m: 当前价格=109911.63, EMA25=110024.31, EMA50=%!f(utils.TrendStatus=SE), 趋势=%!s(MISSING)
[2025-08-27 00:35:16] BTCUSDT 1h: 当前价格=110394.57, EMA25=111302.34, EMA50=%!f(utils.TrendStatus=SE), 趋势=%!s(MISSING)
[2025-08-27 00:35:17] BTCUSDT 4h: 当前价格=112146.54, EMA25=113483.32, EMA50=%!f(utils.TrendStatus=SE), 趋势=%!s(MISSING)
[2025-08-27 00:35:17] BTCUSDT 1d: 当前价格=115080.42, EMA25=114458.06, EMA50=%!f(utils.TrendStatus=SE), 趋势=%!s(MISSING)
[2025-08-27 00:35:17] BTCUSDT 3d: 当前价格=112671.24, EMA25=107269.66, EMA50=%!f(utils.TrendStatus=SE), 趋势=%!s(MISSING)
[2025-08-27 00:35:17] ETHUSDT 5m: 当前价格=4513.26, EMA25=4499.58, EMA50=%!f(utils.TrendStatus=RA), 趋势=%!s(MISSING)
[2025-08-27 00:35:17] ETHUSDT 15m: 当前价格=4486.76, EMA25=4467.78, EMA50=%!f(utils.TrendStatus=BU), 趋势=%!s(MISSING)
[2025-08-27 00:35:18] ETHUSDT 1h: 当前价格=4486.01, EMA25=4537.62, EMA50=%!f(utils.TrendStatus=RA), 趋势=%!s(MISSING)
[2025-08-27 00:35:18] ETHUSDT 4h: 当前价格=4546.38, EMA25=4506.12, EMA50=%!f(utils.TrendStatus=RA), 趋势=%!s(MISSING)
[2025-08-27 00:35:18] ETHUSDT 1d: 当前价格=4262.50, EMA25=3883.80, EMA50=%!f(utils.TrendStatus=BU), 趋势=%!s(MISSING)
[2025-08-27 00:35:18] ETHUSDT 3d: 当前价格=3667.67, EMA25=3210.00, EMA50=%!f(utils.TrendStatus=SE), 趋势=%!s(MISSING)
==============================

===== 趋势分析结果 (2025-08-27 00:40:18) =====
[2025-08-27 00:40:16] BTCUSDT 5m: 当前价格=109782.07, EMA25=109882.75, EMA50=%!f(utils.TrendStatus=SE), 趋势=%!s(MISSING)
[2025-08-27 00:40:16] BTCUSDT 15m: 当前价格=109919.73, EMA25=110028.44, EMA50=%!f(utils.TrendStatus=SE), 趋势=%!s(MISSING)
[2025-08-27 00:40:17] BTCUSDT 1h: 当前价格=110402.67, EMA25=111306.48, EMA50=%!f(utils.TrendStatus=SE), 趋势=%!s(MISSING)
[2025-08-27 00:40:17] BTCUSDT 4h: 当前价格=112154.65, EMA25=113487.46, EMA50=%!f(utils.TrendStatus=SE), 趋势=%!s(MISSING)
[2025-08-27 00:40:17] BTCUSDT 1d: 当前价格=115087.92, EMA25=114461.88, EMA50=%!f(utils.TrendStatus=SE), 趋势=%!s(MISSING)
[2025-08-27 00:40:17] BTCUSDT 3d: 当前价格=112679.34, EMA25=107273.79, EMA50=%!f(utils.TrendStatus=SE), 趋势=%!s(MISSING)
[2025-08-27 00:40:17] ETHUSDT 5m: 当前价格=4514.38, EMA25=4500.70, EMA50=%!f(utils.TrendStatus=BU), 趋势=%!s(MISSING)
[2025-08-27 00:40:17] ETHUSDT 15m: 当前价格=4487.41, EMA25=4468.11, EMA50=%!f(utils.TrendStatus=BU), 趋势=%!s(MISSING)
[2025-08-27 00:40:18] ETHUSDT 1h: 当前价格=4486.71, EMA25=4537.98, EMA50=%!f(utils.TrendStatus=RA), 趋势=%!s(MISSING)
[2025-08-27 00:40:18] ETHUSDT 4h: 当前价格=4547.03, EMA25=4506.45, EMA50=%!f(utils.TrendStatus=RA), 趋势=%!s(MISSING)
[2025-08-27 00:40:18] ETHUSDT 1d: 当前价格=4263.05, EMA25=3884.08, EMA50=%!f(utils.TrendStatus=BU), 趋势=%!s(MISSING)
[2025-08-27 00:40:18] ETHUSDT 3d: 当前价格=3668.27, EMA25=3210.31, EMA50=%!f(utils.TrendStatus=SE), 趋势=%!s(MISSING)
==============================

===== 趋势分析结果 (2025-08-27 00:45:18) =====
[2025-08-27 00:45:16] BTCUSDT 5m: 当前价格=109783.99, EMA25=109879.87, EMA50=%!f(utils.TrendStatus=SE), 趋势=%!s(MISSING)
[2025-08-27 00:45:16] BTCUSDT 15m: 当前价格=109911.06, EMA25=110019.85, EMA50=%!f(utils.TrendStatus=SE), 趋势=%!s(MISSING)
[2025-08-27 00:45:17] BTCUSDT 1h: 当前价格=110405.64, EMA25=111307.99, EMA50=%!f(utils.TrendStatus=SE), 趋势=%!s(MISSING)
[2025-08-27 00:45:17] BTCUSDT 4h: 当前价格=112157.62, EMA25=113488.97, EMA50=%!f(utils.TrendStatus=SE), 趋势=%!s(MISSING)
[2025-08-27 00:45:17] BTCUSDT 1d: 当前价格=115091.49, EMA25=114463.70, EMA50=%!f(utils.TrendStatus=SE), 趋势=%!s(MISSING)
[2025-08-27 00:45:17] BTCUSDT 3d: 当前价格=112682.31, EMA25=107275.31, EMA50=%!f(utils.TrendStatus=SE), 趋势=%!s(MISSING)
[2025-08-27 00:45:17] ETHUSDT 5m: 当前价格=4515.26, EMA25=4501.69, EMA50=%!f(utils.TrendStatus=BU), 趋势=%!s(MISSING)
[2025-08-27 00:45:17] ETHUSDT 15m: 当前价格=4490.42, EMA25=4470.41, EMA50=%!f(utils.TrendStatus=BU), 趋势=%!s(MISSING)
[2025-08-27 00:45:18] ETHUSDT 1h: 当前价格=4486.89, EMA25=4538.07, EMA50=%!f(utils.TrendStatus=RA), 趋势=%!s(MISSING)
[2025-08-27 00:45:18] ETHUSDT 4h: 当前价格=4547.29, EMA25=4506.58, EMA50=%!f(utils.TrendStatus=RA), 趋势=%!s(MISSING)
[2025-08-27 00:45:18] ETHUSDT 1d: 当前价格=4263.33, EMA25=3884.23, EMA50=%!f(utils.TrendStatus=BU), 趋势=%!s(MISSING)
[2025-08-27 00:45:18] ETHUSDT 3d: 当前价格=3668.56, EMA25=3210.46, EMA50=%!f(utils.TrendStatus=SE), 趋势=%!s(MISSING)
==============================

===== 趋势分析结果 (2025-08-27 00:50:18) =====
[2025-08-27 00:50:16] BTCUSDT 5m: 当前价格=109784.15, EMA25=109876.24, EMA50=%!f(utils.TrendStatus=SE), 趋势=%!s(MISSING)
[2025-08-27 00:50:16] BTCUSDT 15m: 当前价格=109911.79, EMA25=110020.22, EMA50=%!f(utils.TrendStatus=SE), 趋势=%!s(MISSING)
[2025-08-27 00:50:17] BTCUSDT 1h: 当前价格=110406.37, EMA25=111308.36, EMA50=%!f(utils.TrendStatus=SE), 趋势=%!s(MISSING)
[2025-08-27 00:50:17] BTCUSDT 4h: 当前价格=112158.35, EMA25=113489.34, EMA50=%!f(utils.TrendStatus=SE), 趋势=%!s(MISSING)
[2025-08-27 00:50:17] BTCUSDT 1d: 当前价格=115092.22, EMA25=114464.08, EMA50=%!f(utils.TrendStatus=SE), 趋势=%!s(MISSING)
[2025-08-27 00:50:17] BTCUSDT 3d: 当前价格=112683.04, EMA25=107275.68, EMA50=%!f(utils.TrendStatus=SE), 趋势=%!s(MISSING)
[2025-08-27 00:50:17] ETHUSDT 5m: 当前价格=4517.66, EMA25=4503.46, EMA50=%!f(utils.TrendStatus=BU), 趋势=%!s(MISSING)
[2025-08-27 00:50:17] ETHUSDT 15m: 当前价格=4491.34, EMA25=4470.88, EMA50=%!f(utils.TrendStatus=BU), 趋势=%!s(MISSING)
[2025-08-27 00:50:18] ETHUSDT 1h: 当前价格=4487.73, EMA25=4538.50, EMA50=%!f(utils.TrendStatus=RA), 趋势=%!s(MISSING)
[2025-08-27 00:50:18] ETHUSDT 4h: 当前价格=4548.22, EMA25=4507.05, EMA50=%!f(utils.TrendStatus=RA), 趋势=%!s(MISSING)
[2025-08-27 00:50:18] ETHUSDT 1d: 当前价格=4264.29, EMA25=3884.71, EMA50=%!f(utils.TrendStatus=BU), 趋势=%!s(MISSING)
[2025-08-27 00:50:18] ETHUSDT 3d: 当前价格=3669.53, EMA25=3210.95, EMA50=%!f(utils.TrendStatus=SE), 趋势=%!s(MISSING)
==============================

===== 趋势分析结果 (2025-08-27 00:55:18) =====
[2025-08-27 00:55:16] BTCUSDT 5m: 当前价格=109784.26, EMA25=109872.69, EMA50=%!f(utils.TrendStatus=SE), 趋势=%!s(MISSING)
[2025-08-27 00:55:16] BTCUSDT 15m: 当前价格=109912.41, EMA25=110020.53, EMA50=%!f(utils.TrendStatus=SE), 趋势=%!s(MISSING)
[2025-08-27 00:55:17] BTCUSDT 1h: 当前价格=110406.99, EMA25=111308.68, EMA50=%!f(utils.TrendStatus=SE), 趋势=%!s(MISSING)
[2025-08-27 00:55:17] BTCUSDT 4h: 当前价格=112158.96, EMA25=113489.65, EMA50=%!f(utils.TrendStatus=SE), 趋势=%!s(MISSING)
[2025-08-27 00:55:17] BTCUSDT 1d: 当前价格=115092.84, EMA25=114464.39, EMA50=%!f(utils.TrendStatus=SE), 趋势=%!s(MISSING)
[2025-08-27 00:55:17] BTCUSDT 3d: 当前价格=112684.44, EMA25=107276.39, EMA50=%!f(utils.TrendStatus=SE), 趋势=%!s(MISSING)
[2025-08-27 00:55:17] ETHUSDT 5m: 当前价格=4519.44, EMA25=4504.93, EMA50=%!f(utils.TrendStatus=BU), 趋势=%!s(MISSING)
[2025-08-27 00:55:17] ETHUSDT 15m: 当前价格=4491.69, EMA25=4471.06, EMA50=%!f(utils.TrendStatus=BU), 趋势=%!s(MISSING)
[2025-08-27 00:55:18] ETHUSDT 1h: 当前价格=4488.19, EMA25=4538.73, EMA50=%!f(utils.TrendStatus=RA), 趋势=%!s(MISSING)
[2025-08-27 00:55:18] ETHUSDT 4h: 当前价格=4548.57, EMA25=4507.23, EMA50=%!f(utils.TrendStatus=RA), 趋势=%!s(MISSING)
[2025-08-27 00:55:18] ETHUSDT 1d: 当前价格=4264.64, EMA25=3884.89, EMA50=%!f(utils.TrendStatus=BU), 趋势=%!s(MISSING)
[2025-08-27 00:55:18] ETHUSDT 3d: 当前价格=3669.88, EMA25=3211.13, EMA50=%!f(utils.TrendStatus=SE), 趋势=%!s(MISSING)
==============================

===== 趋势分析结果 (2025-08-27 01:00:18) =====
[2025-08-27 01:00:16] BTCUSDT 5m: 当前价格=109835.09, EMA25=109895.65, EMA50=%!f(utils.TrendStatus=BU), 趋势=%!s(MISSING)
[2025-08-27 01:00:16] BTCUSDT 15m: 当前价格=109954.11, EMA25=110038.08, EMA50=%!f(utils.TrendStatus=RA), 趋势=%!s(MISSING)
[2025-08-27 01:00:17] BTCUSDT 1h: 当前价格=110410.64, EMA25=111275.71, EMA50=%!f(utils.TrendStatus=BU), 趋势=%!s(MISSING)
[2025-08-27 01:00:17] BTCUSDT 4h: 当前价格=112186.09, EMA25=113503.49, EMA50=%!f(utils.TrendStatus=SE), 趋势=%!s(MISSING)
[2025-08-27 01:00:17] BTCUSDT 1d: 当前价格=115119.95, EMA25=114478.21, EMA50=%!f(utils.TrendStatus=SE), 趋势=%!s(MISSING)
[2025-08-27 01:00:17] BTCUSDT 3d: 当前价格=112710.78, EMA25=107289.82, EMA50=%!f(utils.TrendStatus=SE), 趋势=%!s(MISSING)
[2025-08-27 01:00:17] ETHUSDT 5m: 当前价格=4522.87, EMA25=4507.27, EMA50=%!f(utils.TrendStatus=BU), 趋势=%!s(MISSING)
[2025-08-27 01:00:17] ETHUSDT 15m: 当前价格=4497.26, EMA25=4474.72, EMA50=%!f(utils.TrendStatus=BU), 趋势=%!s(MISSING)
[2025-08-27 01:00:18] ETHUSDT 1h: 当前价格=4494.03, EMA25=4539.74, EMA50=%!f(utils.TrendStatus=RA), 趋势=%!s(MISSING)
[2025-08-27 01:00:18] ETHUSDT 4h: 当前价格=4549.60, EMA25=4507.76, EMA50=%!f(utils.TrendStatus=BU), 趋势=%!s(MISSING)
[2025-08-27 01:00:18] ETHUSDT 1d: 当前价格=4265.68, EMA25=3885.42, EMA50=%!f(utils.TrendStatus=BU), 趋势=%!s(MISSING)
[2025-08-27 01:00:18] ETHUSDT 3d: 当前价格=3670.90, EMA25=3211.65, EMA50=%!f(utils.TrendStatus=SE), 趋势=%!s(MISSING)
==============================

===== 趋势分析结果 (2025-08-27 01:05:20) =====
[2025-08-27 01:05:16] BTCUSDT 5m: 当前价格=109838.89, EMA25=109895.05, EMA50=%!f(utils.TrendStatus=BU), 趋势=%!s(MISSING)
[2025-08-27 01:05:16] BTCUSDT 15m: 当前价格=109943.73, EMA25=110032.79, EMA50=%!f(utils.TrendStatus=RA), 趋势=%!s(MISSING)
[2025-08-27 01:05:17] BTCUSDT 1h: 当前价格=110401.70, EMA25=111271.15, EMA50=%!f(utils.TrendStatus=BU), 趋势=%!s(MISSING)
[2025-08-27 01:05:17] BTCUSDT 4h: 当前价格=112175.71, EMA25=113498.20, EMA50=%!f(utils.TrendStatus=SE), 趋势=%!s(MISSING)
[2025-08-27 01:05:17] BTCUSDT 1d: 当前价格=115109.58, EMA25=114472.93, EMA50=%!f(utils.TrendStatus=SE), 趋势=%!s(MISSING)
[2025-08-27 01:05:17] BTCUSDT 3d: 当前价格=112700.41, EMA25=107284.53, EMA50=%!f(utils.TrendStatus=SE), 趋势=%!s(MISSING)
[2025-08-27 01:05:19] ETHUSDT 5m: 当前价格=4522.77, EMA25=4507.80, EMA50=%!f(utils.TrendStatus=BU), 趋势=%!s(MISSING)
[2025-08-27 01:05:19] ETHUSDT 15m: 当前价格=4495.99, EMA25=4474.08, EMA50=%!f(utils.TrendStatus=BU), 趋势=%!s(MISSING)
[2025-08-27 01:05:20] ETHUSDT 1h: 当前价格=4492.74, EMA25=4539.09, EMA50=%!f(utils.TrendStatus=RA), 趋势=%!s(MISSING)
[2025-08-27 01:05:20] ETHUSDT 4h: 当前价格=4548.30, EMA25=4507.10, EMA50=%!f(utils.TrendStatus=RA), 趋势=%!s(MISSING)
[2025-08-27 01:05:20] ETHUSDT 1d: 当前价格=4264.37, EMA25=3884.76, EMA50=%!f(utils.TrendStatus=BU), 趋势=%!s(MISSING)
[2025-08-27 01:05:20] ETHUSDT 3d: 当前价格=3669.59, EMA25=3210.98, EMA50=%!f(utils.TrendStatus=SE), 趋势=%!s(MISSING)
==============================

===== 趋势分析结果 (2025-08-27 01:10:18) =====
[2025-08-27 01:10:16] BTCUSDT 5m: 当前价格=109836.77, EMA25=109891.64, EMA50=%!f(utils.TrendStatus=RA), 趋势=%!s(MISSING)
[2025-08-27 01:10:16] BTCUSDT 15m: 当前价格=109936.28, EMA25=110028.99, EMA50=%!f(utils.TrendStatus=SE), 趋势=%!s(MISSING)
[2025-08-27 01:10:16] BTCUSDT 1h: 当前价格=110393.79, EMA25=111267.12, EMA50=%!f(utils.TrendStatus=BU), 趋势=%!s(MISSING)
[2025-08-27 01:10:17] BTCUSDT 4h: 当前价格=112169.24, EMA25=113494.89, EMA50=%!f(utils.TrendStatus=SE), 趋势=%!s(MISSING)
[2025-08-27 01:10:17] BTCUSDT 1d: 当前价格=115103.11, EMA25=114469.63, EMA50=%!f(utils.TrendStatus=SE), 趋势=%!s(MISSING)
[2025-08-27 01:10:17] BTCUSDT 3d: 当前价格=112692.95, EMA25=107280.73, EMA50=%!f(utils.TrendStatus=SE), 趋势=%!s(MISSING)
[2025-08-27 01:10:17] ETHUSDT 5m: 当前价格=4522.83, EMA25=4508.41, EMA50=%!f(utils.TrendStatus=BU), 趋势=%!s(MISSING)
[2025-08-27 01:10:17] ETHUSDT 15m: 当前价格=4495.33, EMA25=4473.74, EMA50=%!f(utils.TrendStatus=BU), 趋势=%!s(MISSING)
[2025-08-27 01:10:18] ETHUSDT 1h: 当前价格=4492.04, EMA25=4538.73, EMA50=%!f(utils.TrendStatus=RA), 趋势=%!s(MISSING)
[2025-08-27 01:10:18] ETHUSDT 4h: 当前价格=4547.68, EMA25=4506.78, EMA50=%!f(utils.TrendStatus=RA), 趋势=%!s(MISSING)
[2025-08-27 01:10:18] ETHUSDT 1d: 当前价格=4263.65, EMA25=3884.38, EMA50=%!f(utils.TrendStatus=BU), 趋势=%!s(MISSING)
[2025-08-27 01:10:18] ETHUSDT 3d: 当前价格=3669.01, EMA25=3210.68, EMA50=%!f(utils.TrendStatus=SE), 趋势=%!s(MISSING)
==============================

===== 趋势分析结果 (2025-08-27 01:15:20) =====
[2025-08-27 01:15:16] BTCUSDT 5m: 当前价格=109829.91, EMA25=109885.89, EMA50=%!f(utils.TrendStatus=SE), 趋势=%!s(MISSING)
[2025-08-27 01:15:16] BTCUSDT 15m: 当前价格=109921.35, EMA25=110017.65, EMA50=%!f(utils.TrendStatus=SE), 趋势=%!s(MISSING)
[2025-08-27 01:15:17] BTCUSDT 1h: 当前价格=110385.89, EMA25=111263.09, EMA50=%!f(utils.TrendStatus=RA), 趋势=%!s(MISSING)
[2025-08-27 01:15:19] BTCUSDT 4h: 当前价格=112161.74, EMA25=113491.07, EMA50=%!f(utils.TrendStatus=SE), 趋势=%!s(MISSING)
[2025-08-27 01:15:19] BTCUSDT 1d: 当前价格=115095.62, EMA25=114465.81, EMA50=%!f(utils.TrendStatus=SE), 趋势=%!s(MISSING)
[2025-08-27 01:15:19] BTCUSDT 3d: 当前价格=112687.55, EMA25=107277.98, EMA50=%!f(utils.TrendStatus=SE), 趋势=%!s(MISSING)
[2025-08-27 01:15:19] ETHUSDT 5m: 当前价格=4523.99, EMA25=4509.57, EMA50=%!f(utils.TrendStatus=BU), 趋势=%!s(MISSING)
[2025-08-27 01:15:20] ETHUSDT 15m: 当前价格=4498.68, EMA25=4476.30, EMA50=%!f(utils.TrendStatus=BU), 趋势=%!s(MISSING)
[2025-08-27 01:15:20] ETHUSDT 1h: 当前价格=4492.56, EMA25=4539.00, EMA50=%!f(utils.TrendStatus=RA), 趋势=%!s(MISSING)
[2025-08-27 01:15:20] ETHUSDT 4h: 当前价格=4548.10, EMA25=4506.99, EMA50=%!f(utils.TrendStatus=RA), 趋势=%!s(MISSING)
[2025-08-27 01:15:20] ETHUSDT 1d: 当前价格=4264.17, EMA25=3884.65, EMA50=%!f(utils.TrendStatus=BU), 趋势=%!s(MISSING)
[2025-08-27 01:15:20] ETHUSDT 3d: 当前价格=3669.41, EMA25=3210.89, EMA50=%!f(utils.TrendStatus=SE), 趋势=%!s(MISSING)
==============================

===== 趋势分析结果 (2025-08-27 01:20:18) =====
[2025-08-27 01:20:16] BTCUSDT 5m: 当前价格=109832.80, EMA25=109885.19, EMA50=%!f(utils.TrendStatus=RA), 趋势=%!s(MISSING)
[2025-08-27 01:20:16] BTCUSDT 15m: 当前价格=109925.07, EMA25=110019.55, EMA50=%!f(utils.TrendStatus=SE), 趋势=%!s(MISSING)
[2025-08-27 01:20:17] BTCUSDT 1h: 当前价格=110389.62, EMA25=111264.99, EMA50=%!f(utils.TrendStatus=BU), 趋势=%!s(MISSING)
[2025-08-27 01:20:17] BTCUSDT 4h: 当前价格=112165.50, EMA25=113492.99, EMA50=%!f(utils.TrendStatus=SE), 趋势=%!s(MISSING)
[2025-08-27 01:20:17] BTCUSDT 1d: 当前价格=115098.93, EMA25=114467.50, EMA50=%!f(utils.TrendStatus=SE), 趋势=%!s(MISSING)
[2025-08-27 01:20:17] BTCUSDT 3d: 当前价格=112690.19, EMA25=107279.32, EMA50=%!f(utils.TrendStatus=SE), 趋势=%!s(MISSING)
[2025-08-27 01:20:17] ETHUSDT 5m: 当前价格=4526.24, EMA25=4511.30, EMA50=%!f(utils.TrendStatus=BU), 趋势=%!s(MISSING)
[2025-08-27 01:20:17] ETHUSDT 15m: 当前价格=4499.56, EMA25=4476.75, EMA50=%!f(utils.TrendStatus=BU), 趋势=%!s(MISSING)
[2025-08-27 01:20:18] ETHUSDT 1h: 当前价格=4493.46, EMA25=4539.45, EMA50=%!f(utils.TrendStatus=RA), 趋势=%!s(MISSING)
[2025-08-27 01:20:18] ETHUSDT 4h: 当前价格=4549.00, EMA25=4507.45, EMA50=%!f(utils.TrendStatus=RA), 趋势=%!s(MISSING)
[2025-08-27 01:20:18] ETHUSDT 1d: 当前价格=4265.10, EMA25=3885.12, EMA50=%!f(utils.TrendStatus=BU), 趋势=%!s(MISSING)
[2025-08-27 01:20:18] ETHUSDT 3d: 当前价格=3670.34, EMA25=3211.36, EMA50=%!f(utils.TrendStatus=SE), 趋势=%!s(MISSING)
==============================

===== 趋势分析结果 (2025-08-27 01:25:18) =====
[2025-08-27 01:25:16] BTCUSDT 5m: 当前价格=109836.44, EMA25=109884.98, EMA50=%!f(utils.TrendStatus=RA), 趋势=%!s(MISSING)
[2025-08-27 01:25:16] BTCUSDT 15m: 当前价格=109928.20, EMA25=110021.15, EMA50=%!f(utils.TrendStatus=SE), 趋势=%!s(MISSING)
[2025-08-27 01:25:17] BTCUSDT 1h: 当前价格=110392.75, EMA25=111266.59, EMA50=%!f(utils.TrendStatus=BU), 趋势=%!s(MISSING)
[2025-08-27 01:25:17] BTCUSDT 4h: 当前价格=112168.19, EMA25=113494.36, EMA50=%!f(utils.TrendStatus=SE), 趋势=%!s(MISSING)
[2025-08-27 01:25:17] BTCUSDT 1d: 当前价格=115102.06, EMA25=114469.09, EMA50=%!f(utils.TrendStatus=SE), 趋势=%!s(MISSING)
[2025-08-27 01:25:17] BTCUSDT 3d: 当前价格=112692.01, EMA25=107280.25, EMA50=%!f(utils.TrendStatus=SE), 趋势=%!s(MISSING)
[2025-08-27 01:25:17] ETHUSDT 5m: 当前价格=4527.51, EMA25=4512.53, EMA50=%!f(utils.TrendStatus=BU), 趋势=%!s(MISSING)
[2025-08-27 01:25:18] ETHUSDT 15m: 当前价格=4499.53, EMA25=4476.73, EMA50=%!f(utils.TrendStatus=BU), 趋势=%!s(MISSING)
[2025-08-27 01:25:18] ETHUSDT 1h: 当前价格=4493.51, EMA25=4539.48, EMA50=%!f(utils.TrendStatus=RA), 趋势=%!s(MISSING)
[2025-08-27 01:25:18] ETHUSDT 4h: 当前价格=4549.05, EMA25=4507.48, EMA50=%!f(utils.TrendStatus=RA), 趋势=%!s(MISSING)
[2025-08-27 01:25:18] ETHUSDT 1d: 当前价格=4265.12, EMA25=3885.14, EMA50=%!f(utils.TrendStatus=BU), 趋势=%!s(MISSING)
[2025-08-27 01:25:18] ETHUSDT 3d: 当前价格=3670.36, EMA25=3211.37, EMA50=%!f(utils.TrendStatus=SE), 趋势=%!s(MISSING)
==============================

===== 趋势分析结果 (2025-08-27 01:30:18) =====
[2025-08-27 01:30:16] BTCUSDT 5m: 当前价格=109831.26, EMA25=109880.31, EMA50=%!f(utils.TrendStatus=RA), 趋势=%!s(MISSING)
[2025-08-27 01:30:16] BTCUSDT 15m: 当前价格=109915.96, EMA25=110011.14, EMA50=%!f(utils.TrendStatus=SE), 趋势=%!s(MISSING)
[2025-08-27 01:30:17] BTCUSDT 1h: 当前价格=110389.26, EMA25=111264.81, EMA50=%!f(utils.TrendStatus=BU), 趋势=%!s(MISSING)
[2025-08-27 01:30:17] BTCUSDT 4h: 当前价格=112164.71, EMA25=113492.59, EMA50=%!f(utils.TrendStatus=SE), 趋势=%!s(MISSING)
[2025-08-27 01:30:17] BTCUSDT 1d: 当前价格=115098.58, EMA25=114467.32, EMA50=%!f(utils.TrendStatus=SE), 趋势=%!s(MISSING)
[2025-08-27 01:30:17] BTCUSDT 3d: 当前价格=112689.41, EMA25=107278.92, EMA50=%!f(utils.TrendStatus=SE), 趋势=%!s(MISSING)
[2025-08-27 01:30:17] ETHUSDT 5m: 当前价格=4528.41, EMA25=4513.56, EMA50=%!f(utils.TrendStatus=BU), 趋势=%!s(MISSING)
[2025-08-27 01:30:17] ETHUSDT 15m: 当前价格=4502.64, EMA25=4479.21, EMA50=%!f(utils.TrendStatus=BU), 趋势=%!s(MISSING)
[2025-08-27 01:30:18] ETHUSDT 1h: 当前价格=4493.36, EMA25=4539.40, EMA50=%!f(utils.TrendStatus=RA), 趋势=%!s(MISSING)
[2025-08-27 01:30:18] ETHUSDT 4h: 当前价格=4548.90, EMA25=4507.40, EMA50=%!f(utils.TrendStatus=RA), 趋势=%!s(MISSING)
[2025-08-27 01:30:18] ETHUSDT 1d: 当前价格=4264.97, EMA25=3885.06, EMA50=%!f(utils.TrendStatus=BU), 趋势=%!s(MISSING)
[2025-08-27 01:30:18] ETHUSDT 3d: 当前价格=3670.21, EMA25=3211.30, EMA50=%!f(utils.TrendStatus=SE), 趋势=%!s(MISSING)
==============================

===== 趋势分析结果 (2025-08-27 01:35:18) =====
[2025-08-27 01:35:16] BTCUSDT 5m: 当前价格=109819.00, EMA25=109872.03, EMA50=%!f(utils.TrendStatus=SE), 趋势=%!s(MISSING)
[2025-08-27 01:35:16] BTCUSDT 15m: 当前价格=109908.05, EMA25=110007.11, EMA50=%!f(utils.TrendStatus=SE), 趋势=%!s(MISSING)
[2025-08-27 01:35:17] BTCUSDT 1h: 当前价格=110381.35, EMA25=111260.78, EMA50=%!f(utils.TrendStatus=RA), 趋势=%!s(MISSING)
[2025-08-27 01:35:17] BTCUSDT 4h: 当前价格=112156.79, EMA25=113488.55, EMA50=%!f(utils.TrendStatus=SE), 趋势=%!s(MISSING)
[2025-08-27 01:35:17] BTCUSDT 1d: 当前价格=115090.66, EMA25=114463.28, EMA50=%!f(utils.TrendStatus=SE), 趋势=%!s(MISSING)
[2025-08-27 01:35:17] BTCUSDT 3d: 当前价格=112681.48, EMA25=107274.88, EMA50=%!f(utils.TrendStatus=SE), 趋势=%!s(MISSING)
[2025-08-27 01:35:17] ETHUSDT 5m: 当前价格=4528.96, EMA25=4514.42, EMA50=%!f(utils.TrendStatus=BU), 趋势=%!s(MISSING)
[2025-08-27 01:35:17] ETHUSDT 15m: 当前价格=4502.18, EMA25=4478.97, EMA50=%!f(utils.TrendStatus=BU), 趋势=%!s(MISSING)
[2025-08-27 01:35:18] ETHUSDT 1h: 当前价格=4492.90, EMA25=4539.17, EMA50=%!f(utils.TrendStatus=RA), 趋势=%!s(MISSING)
[2025-08-27 01:35:18] ETHUSDT 4h: 当前价格=4548.44, EMA25=4507.17, EMA50=%!f(utils.TrendStatus=RA), 趋势=%!s(MISSING)
[2025-08-27 01:35:18] ETHUSDT 1d: 当前价格=4264.51, EMA25=3884.83, EMA50=%!f(utils.TrendStatus=BU), 趋势=%!s(MISSING)
[2025-08-27 01:35:18] ETHUSDT 3d: 当前价格=3669.75, EMA25=3211.06, EMA50=%!f(utils.TrendStatus=SE), 趋势=%!s(MISSING)
==============================

===== 趋势分析结果 (2025-08-27 01:40:19) =====
[2025-08-27 01:40:16] BTCUSDT 5m: 当前价格=109792.68, EMA25=109856.36, EMA50=%!f(utils.TrendStatus=SE), 趋势=%!s(MISSING)
[2025-08-27 01:40:16] BTCUSDT 15m: 当前价格=109895.52, EMA25=110000.72, EMA50=%!f(utils.TrendStatus=SE), 趋势=%!s(MISSING)
[2025-08-27 01:40:17] BTCUSDT 1h: 当前价格=110368.82, EMA25=111254.39, EMA50=%!f(utils.TrendStatus=RA), 趋势=%!s(MISSING)
[2025-08-27 01:40:17] BTCUSDT 4h: 当前价格=112144.27, EMA25=113482.16, EMA50=%!f(utils.TrendStatus=SE), 趋势=%!s(MISSING)
[2025-08-27 01:40:17] BTCUSDT 1d: 当前价格=115078.14, EMA25=114456.90, EMA50=%!f(utils.TrendStatus=SE), 趋势=%!s(MISSING)
[2025-08-27 01:40:17] BTCUSDT 3d: 当前价格=112669.81, EMA25=107268.94, EMA50=%!f(utils.TrendStatus=SE), 趋势=%!s(MISSING)
[2025-08-27 01:40:17] ETHUSDT 5m: 当前价格=4527.08, EMA25=4514.01, EMA50=%!f(utils.TrendStatus=RA), 趋势=%!s(MISSING)
[2025-08-27 01:40:18] ETHUSDT 15m: 当前价格=4500.82, EMA25=4478.28, EMA50=%!f(utils.TrendStatus=BU), 趋势=%!s(MISSING)
[2025-08-27 01:40:18] ETHUSDT 1h: 当前价格=4491.53, EMA25=4538.47, EMA50=%!f(utils.TrendStatus=RA), 趋势=%!s(MISSING)
[2025-08-27 01:40:18] ETHUSDT 4h: 当前价格=4547.07, EMA25=4506.47, EMA50=%!f(utils.TrendStatus=RA), 趋势=%!s(MISSING)
[2025-08-27 01:40:18] ETHUSDT 1d: 当前价格=4263.18, EMA25=3884.15, EMA50=%!f(utils.TrendStatus=BU), 趋势=%!s(MISSING)
[2025-08-27 01:40:19] ETHUSDT 3d: 当前价格=3668.42, EMA25=3210.39, EMA50=%!f(utils.TrendStatus=SE), 趋势=%!s(MISSING)
==============================

===== 趋势分析结果 (2025-08-27 01:45:20) =====
[2025-08-27 01:45:16] BTCUSDT 5m: 当前价格=109783.21, EMA25=109849.11, EMA50=%!f(utils.TrendStatus=SE), 趋势=%!s(MISSING)
[2025-08-27 01:45:16] BTCUSDT 15m: 当前价格=109878.15, EMA25=109987.80, EMA50=%!f(utils.TrendStatus=SE), 趋势=%!s(MISSING)
[2025-08-27 01:45:17] BTCUSDT 1h: 当前价格=110372.62, EMA25=111256.33, EMA50=%!f(utils.TrendStatus=RA), 趋势=%!s(MISSING)
[2025-08-27 01:45:17] BTCUSDT 4h: 当前价格=112148.07, EMA25=113484.10, EMA50=%!f(utils.TrendStatus=SE), 趋势=%!s(MISSING)
[2025-08-27 01:45:17] BTCUSDT 1d: 当前价格=115081.93, EMA25=114458.83, EMA50=%!f(utils.TrendStatus=SE), 趋势=%!s(MISSING)
[2025-08-27 01:45:17] BTCUSDT 3d: 当前价格=112672.75, EMA25=107270.43, EMA50=%!f(utils.TrendStatus=SE), 趋势=%!s(MISSING)
[2025-08-27 01:45:17] ETHUSDT 5m: 当前价格=4525.59, EMA25=4513.76, EMA50=%!f(utils.TrendStatus=RA), 趋势=%!s(MISSING)
[2025-08-27 01:45:20] ETHUSDT 15m: 当前价格=4501.27, EMA25=4479.38, EMA50=%!f(utils.TrendStatus=BU), 趋势=%!s(MISSING)
[2025-08-27 01:45:20] ETHUSDT 1h: 当前价格=4490.92, EMA25=4538.16, EMA50=%!f(utils.TrendStatus=RA), 趋势=%!s(MISSING)
[2025-08-27 01:45:20] ETHUSDT 4h: 当前价格=4546.43, EMA25=4506.14, EMA50=%!f(utils.TrendStatus=RA), 趋势=%!s(MISSING)
[2025-08-27 01:45:20] ETHUSDT 1d: 当前价格=4262.51, EMA25=3883.80, EMA50=%!f(utils.TrendStatus=BU), 趋势=%!s(MISSING)
[2025-08-27 01:45:20] ETHUSDT 3d: 当前价格=3667.75, EMA25=3210.04, EMA50=%!f(utils.TrendStatus=SE), 趋势=%!s(MISSING)
==============================

===== 趋势分析结果 (2025-08-27 01:50:20) =====
[2025-08-27 01:50:16] BTCUSDT 5m: 当前价格=109789.60, EMA25=109849.94, EMA50=%!f(utils.TrendStatus=SE), 趋势=%!s(MISSING)
[2025-08-27 01:50:16] BTCUSDT 15m: 当前价格=109888.48, EMA25=109993.07, EMA50=%!f(utils.TrendStatus=SE), 趋势=%!s(MISSING)
[2025-08-27 01:50:17] BTCUSDT 1h: 当前价格=110382.95, EMA25=111261.60, EMA50=%!f(utils.TrendStatus=RA), 趋势=%!s(MISSING)
[2025-08-27 01:50:17] BTCUSDT 4h: 当前价格=112158.40, EMA25=113489.37, EMA50=%!f(utils.TrendStatus=SE), 趋势=%!s(MISSING)
[2025-08-27 01:50:17] BTCUSDT 1d: 当前价格=115092.27, EMA25=114464.10, EMA50=%!f(utils.TrendStatus=SE), 趋势=%!s(MISSING)
[2025-08-27 01:50:17] BTCUSDT 3d: 当前价格=112683.09, EMA25=107275.70, EMA50=%!f(utils.TrendStatus=SE), 趋势=%!s(MISSING)
[2025-08-27 01:50:17] ETHUSDT 5m: 当前价格=4524.60, EMA25=4513.71, EMA50=%!f(utils.TrendStatus=RA), 趋势=%!s(MISSING)
[2025-08-27 01:50:19] ETHUSDT 15m: 当前价格=4501.38, EMA25=4479.44, EMA50=%!f(utils.TrendStatus=BU), 趋势=%!s(MISSING)
[2025-08-27 01:50:20] ETHUSDT 1h: 当前价格=4491.01, EMA25=4538.20, EMA50=%!f(utils.TrendStatus=RA), 趋势=%!s(MISSING)
[2025-08-27 01:50:20] ETHUSDT 4h: 当前价格=4546.55, EMA25=4506.20, EMA50=%!f(utils.TrendStatus=RA), 趋势=%!s(MISSING)
[2025-08-27 01:50:20] ETHUSDT 1d: 当前价格=4262.62, EMA25=3883.86, EMA50=%!f(utils.TrendStatus=BU), 趋势=%!s(MISSING)
[2025-08-27 01:50:20] ETHUSDT 3d: 当前价格=3667.86, EMA25=3210.10, EMA50=%!f(utils.TrendStatus=SE), 趋势=%!s(MISSING)
==============================

===== 趋势分析结果 (2025-08-27 01:55:18) =====
[2025-08-27 01:55:16] BTCUSDT 5m: 当前价格=109786.97, EMA25=109846.26, EMA50=%!f(utils.TrendStatus=SE), 趋势=%!s(MISSING)
[2025-08-27 01:55:16] BTCUSDT 15m: 当前价格=109887.05, EMA25=109992.34, EMA50=%!f(utils.TrendStatus=SE), 趋势=%!s(MISSING)
[2025-08-27 01:55:17] BTCUSDT 1h: 当前价格=110381.52, EMA25=111260.87, EMA50=%!f(utils.TrendStatus=RA), 趋势=%!s(MISSING)
[2025-08-27 01:55:17] BTCUSDT 4h: 当前价格=112156.97, EMA25=113488.64, EMA50=%!f(utils.TrendStatus=SE), 趋势=%!s(MISSING)
[2025-08-27 01:55:17] BTCUSDT 1d: 当前价格=115090.84, EMA25=114463.37, EMA50=%!f(utils.TrendStatus=SE), 趋势=%!s(MISSING)
[2025-08-27 01:55:17] BTCUSDT 3d: 当前价格=112681.66, EMA25=107274.97, EMA50=%!f(utils.TrendStatus=SE), 趋势=%!s(MISSING)
[2025-08-27 01:55:17] ETHUSDT 5m: 当前价格=4523.29, EMA25=4513.47, EMA50=%!f(utils.TrendStatus=SE), 趋势=%!s(MISSING)
[2025-08-27 01:55:17] ETHUSDT 15m: 当前价格=4501.07, EMA25=4479.28, EMA50=%!f(utils.TrendStatus=BU), 趋势=%!s(MISSING)
[2025-08-27 01:55:18] ETHUSDT 1h: 当前价格=4490.70, EMA25=4538.05, EMA50=%!f(utils.TrendStatus=RA), 趋势=%!s(MISSING)
[2025-08-27 01:55:18] ETHUSDT 4h: 当前价格=4546.24, EMA25=4506.04, EMA50=%!f(utils.TrendStatus=RA), 趋势=%!s(MISSING)
[2025-08-27 01:55:18] ETHUSDT 1d: 当前价格=4262.31, EMA25=3883.70, EMA50=%!f(utils.TrendStatus=BU), 趋势=%!s(MISSING)
[2025-08-27 01:55:18] ETHUSDT 3d: 当前价格=3667.55, EMA25=3209.94, EMA50=%!f(utils.TrendStatus=SE), 趋势=%!s(MISSING)
==============================

===== 趋势分析结果 (2025-08-27 02:00:18) =====
[2025-08-27 02:00:16] BTCUSDT 5m: 当前价格=109814.34, EMA25=109858.19, EMA50=%!f(utils.TrendStatus=BU), 趋势=%!s(MISSING)
[2025-08-27 02:00:16] BTCUSDT 15m: 当前价格=109906.71, EMA25=109998.54, EMA50=%!f(utils.TrendStatus=RA), 趋势=%!s(MISSING)
[2025-08-27 02:00:17] BTCUSDT 1h: 当前价格=110363.15, EMA25=111217.32, EMA50=%!f(utils.TrendStatus=RA), 趋势=%!s(MISSING)
[2025-08-27 02:00:17] BTCUSDT 4h: 当前价格=112173.00, EMA25=113496.81, EMA50=%!f(utils.TrendStatus=SE), 趋势=%!s(MISSING)
[2025-08-27 02:00:17] BTCUSDT 1d: 当前价格=115106.88, EMA25=114471.55, EMA50=%!f(utils.TrendStatus=SE), 趋势=%!s(MISSING)
[2025-08-27 02:00:17] BTCUSDT 3d: 当前价格=112697.70, EMA25=107283.15, EMA50=%!f(utils.TrendStatus=SE), 趋势=%!s(MISSING)
[2025-08-27 02:00:17] ETHUSDT 5m: 当前价格=4523.62, EMA25=4514.04, EMA50=%!f(utils.TrendStatus=RA), 趋势=%!s(MISSING)
[2025-08-27 02:00:18] ETHUSDT 15m: 当前价格=4503.11, EMA25=4481.19, EMA50=%!f(utils.TrendStatus=BU), 趋势=%!s(MISSING)
[2025-08-27 02:00:18] ETHUSDT 1h: 当前价格=4493.58, EMA25=4537.67, EMA50=%!f(utils.TrendStatus=RA), 趋势=%!s(MISSING)
[2025-08-27 02:00:18] ETHUSDT 4h: 当前价格=4547.07, EMA25=4506.47, EMA50=%!f(utils.TrendStatus=RA), 趋势=%!s(MISSING)
[2025-08-27 02:00:18] ETHUSDT 1d: 当前价格=4263.01, EMA25=3884.06, EMA50=%!f(utils.TrendStatus=BU), 趋势=%!s(MISSING)
[2025-08-27 02:00:18] ETHUSDT 3d: 当前价格=3668.25, EMA25=3210.30, EMA50=%!f(utils.TrendStatus=SE), 趋势=%!s(MISSING)
==============================

===== 趋势分析结果 (2025-08-27 02:05:18) =====
[2025-08-27 02:05:16] BTCUSDT 5m: 当前价格=109850.73, EMA25=109875.27, EMA50=%!f(utils.TrendStatus=BU), 趋势=%!s(MISSING)
[2025-08-27 02:05:16] BTCUSDT 15m: 当前价格=109920.61, EMA25=110005.62, EMA50=%!f(utils.TrendStatus=RA), 趋势=%!s(MISSING)
[2025-08-27 02:05:16] BTCUSDT 1h: 当前价格=110377.04, EMA25=111224.40, EMA50=%!f(utils.TrendStatus=RA), 趋势=%!s(MISSING)
[2025-08-27 02:05:17] BTCUSDT 4h: 当前价格=112186.44, EMA25=113503.67, EMA50=%!f(utils.TrendStatus=SE), 趋势=%!s(MISSING)
[2025-08-27 02:05:17] BTCUSDT 1d: 当前价格=115120.78, EMA25=114478.63, EMA50=%!f(utils.TrendStatus=SE), 趋势=%!s(MISSING)
[2025-08-27 02:05:17] BTCUSDT 3d: 当前价格=112711.60, EMA25=107290.24, EMA50=%!f(utils.TrendStatus=SE), 趋势=%!s(MISSING)
[2025-08-27 02:05:17] ETHUSDT 5m: 当前价格=4524.41, EMA25=4514.83, EMA50=%!f(utils.TrendStatus=BU), 趋势=%!s(MISSING)
[2025-08-27 02:05:17] ETHUSDT 15m: 当前价格=4503.67, EMA25=4481.47, EMA50=%!f(utils.TrendStatus=BU), 趋势=%!s(MISSING)
[2025-08-27 02:05:18] ETHUSDT 1h: 当前价格=4494.02, EMA25=4537.90, EMA50=%!f(utils.TrendStatus=RA), 趋势=%!s(MISSING)
[2025-08-27 02:05:18] ETHUSDT 4h: 当前价格=4547.49, EMA25=4506.68, EMA50=%!f(utils.TrendStatus=RA), 趋势=%!s(MISSING)
[2025-08-27 02:05:18] ETHUSDT 1d: 当前价格=4263.56, EMA25=3884.34, EMA50=%!f(utils.TrendStatus=BU), 趋势=%!s(MISSING)
[2025-08-27 02:05:18] ETHUSDT 3d: 当前价格=3668.80, EMA25=3210.58, EMA50=%!f(utils.TrendStatus=SE), 趋势=%!s(MISSING)
==============================

===== 趋势分析结果 (2025-08-27 02:10:18) =====
[2025-08-27 02:10:16] BTCUSDT 5m: 当前价格=109860.98, EMA25=109879.41, EMA50=%!f(utils.TrendStatus=BU), 趋势=%!s(MISSING)
[2025-08-27 02:10:16] BTCUSDT 15m: 当前价格=109915.02, EMA25=110002.78, EMA50=%!f(utils.TrendStatus=RA), 趋势=%!s(MISSING)
[2025-08-27 02:10:16] BTCUSDT 1h: 当前价格=110371.46, EMA25=111221.56, EMA50=%!f(utils.TrendStatus=RA), 趋势=%!s(MISSING)
[2025-08-27 02:10:17] BTCUSDT 4h: 当前价格=112181.32, EMA25=113501.05, EMA50=%!f(utils.TrendStatus=SE), 趋势=%!s(MISSING)
[2025-08-27 02:10:17] BTCUSDT 1d: 当前价格=115115.18, EMA25=114475.78, EMA50=%!f(utils.TrendStatus=SE), 趋势=%!s(MISSING)
[2025-08-27 02:10:17] BTCUSDT 3d: 当前价格=112706.01, EMA25=107287.39, EMA50=%!f(utils.TrendStatus=SE), 趋势=%!s(MISSING)
[2025-08-27 02:10:17] ETHUSDT 5m: 当前价格=4524.31, EMA25=4515.15, EMA50=%!f(utils.TrendStatus=BU), 趋势=%!s(MISSING)
[2025-08-27 02:10:17] ETHUSDT 15m: 当前价格=4503.71, EMA25=4481.49, EMA50=%!f(utils.TrendStatus=BU), 趋势=%!s(MISSING)
[2025-08-27 02:10:18] ETHUSDT 1h: 当前价格=4494.10, EMA25=4537.94, EMA50=%!f(utils.TrendStatus=RA), 趋势=%!s(MISSING)
[2025-08-27 02:10:18] ETHUSDT 4h: 当前价格=4547.49, EMA25=4506.68, EMA50=%!f(utils.TrendStatus=RA), 趋势=%!s(MISSING)
[2025-08-27 02:10:18] ETHUSDT 1d: 当前价格=4263.60, EMA25=3884.36, EMA50=%!f(utils.TrendStatus=BU), 趋势=%!s(MISSING)
[2025-08-27 02:10:18] ETHUSDT 3d: 当前价格=3668.81, EMA25=3210.58, EMA50=%!f(utils.TrendStatus=SE), 趋势=%!s(MISSING)
==============================

===== 趋势分析结果 (2025-08-27 02:15:18) =====
[2025-08-27 02:15:16] BTCUSDT 5m: 当前价格=109878.89, EMA25=109887.83, EMA50=%!f(utils.TrendStatus=BU), 趋势=%!s(MISSING)
[2025-08-27 02:15:16] BTCUSDT 15m: 当前价格=109928.77, EMA25=110006.36, EMA50=%!f(utils.TrendStatus=RA), 趋势=%!s(MISSING)
[2025-08-27 02:15:17] BTCUSDT 1h: 当前价格=110372.73, EMA25=111222.21, EMA50=%!f(utils.TrendStatus=RA), 趋势=%!s(MISSING)
[2025-08-27 02:15:17] BTCUSDT 4h: 当前价格=112183.30, EMA25=113502.07, EMA50=%!f(utils.TrendStatus=SE), 趋势=%!s(MISSING)
[2025-08-27 02:15:17] BTCUSDT 1d: 当前价格=115117.17, EMA25=114476.79, EMA50=%!f(utils.TrendStatus=SE), 趋势=%!s(MISSING)
[2025-08-27 02:15:17] BTCUSDT 3d: 当前价格=112706.61, EMA25=107287.70, EMA50=%!f(utils.TrendStatus=SE), 趋势=%!s(MISSING)
[2025-08-27 02:15:17] ETHUSDT 5m: 当前价格=4524.81, EMA25=4515.77, EMA50=%!f(utils.TrendStatus=BU), 趋势=%!s(MISSING)
[2025-08-27 02:15:17] ETHUSDT 15m: 当前价格=4505.68, EMA25=4483.37, EMA50=%!f(utils.TrendStatus=BU), 趋势=%!s(MISSING)
[2025-08-27 02:15:18] ETHUSDT 1h: 当前价格=4494.18, EMA25=4537.98, EMA50=%!f(utils.TrendStatus=RA), 趋势=%!s(MISSING)
[2025-08-27 02:15:18] ETHUSDT 4h: 当前价格=4547.59, EMA25=4506.73, EMA50=%!f(utils.TrendStatus=RA), 趋势=%!s(MISSING)
[2025-08-27 02:15:18] ETHUSDT 1d: 当前价格=4263.65, EMA25=3884.39, EMA50=%!f(utils.TrendStatus=BU), 趋势=%!s(MISSING)
[2025-08-27 02:15:18] ETHUSDT 3d: 当前价格=3668.89, EMA25=3210.62, EMA50=%!f(utils.TrendStatus=SE), 趋势=%!s(MISSING)
==============================

===== 趋势分析结果 (2025-08-27 02:20:18) =====
[2025-08-27 02:20:16] BTCUSDT 5m: 当前价格=109901.24, EMA25=109898.93, EMA50=%!f(utils.TrendStatus=BU), 趋势=%!s(MISSING)
[2025-08-27 02:20:16] BTCUSDT 15m: 当前价格=109932.10, EMA25=110008.06, EMA50=%!f(utils.TrendStatus=RA), 趋势=%!s(MISSING)
[2025-08-27 02:20:16] BTCUSDT 1h: 当前价格=110376.77, EMA25=111224.27, EMA50=%!f(utils.TrendStatus=RA), 趋势=%!s(MISSING)
[2025-08-27 02:20:17] BTCUSDT 4h: 当前价格=112186.62, EMA25=113503.76, EMA50=%!f(utils.TrendStatus=SE), 趋势=%!s(MISSING)
[2025-08-27 02:20:17] BTCUSDT 1d: 当前价格=115120.49, EMA25=114478.49, EMA50=%!f(utils.TrendStatus=SE), 趋势=%!s(MISSING)
[2025-08-27 02:20:17] BTCUSDT 3d: 当前价格=112711.31, EMA25=107290.09, EMA50=%!f(utils.TrendStatus=SE), 趋势=%!s(MISSING)
[2025-08-27 02:20:17] ETHUSDT 5m: 当前价格=4525.29, EMA25=4516.37, EMA50=%!f(utils.TrendStatus=BU), 趋势=%!s(MISSING)
[2025-08-27 02:20:17] ETHUSDT 15m: 当前价格=4505.75, EMA25=4483.41, EMA50=%!f(utils.TrendStatus=BU), 趋势=%!s(MISSING)
[2025-08-27 02:20:18] ETHUSDT 1h: 当前价格=4494.33, EMA25=4538.05, EMA50=%!f(utils.TrendStatus=RA), 趋势=%!s(MISSING)
[2025-08-27 02:20:18] ETHUSDT 4h: 当前价格=4547.72, EMA25=4506.80, EMA50=%!f(utils.TrendStatus=RA), 趋势=%!s(MISSING)
[2025-08-27 02:20:18] ETHUSDT 1d: 当前价格=4263.80, EMA25=3884.46, EMA50=%!f(utils.TrendStatus=BU), 趋势=%!s(MISSING)
[2025-08-27 02:20:18] ETHUSDT 3d: 当前价格=3669.13, EMA25=3210.75, EMA50=%!f(utils.TrendStatus=SE), 趋势=%!s(MISSING)
==============================

===== 趋势分析结果 (2025-08-27 02:25:18) =====
[2025-08-27 02:25:16] BTCUSDT 5m: 当前价格=109934.42, EMA25=109916.07, EMA50=%!f(utils.TrendStatus=BU), 趋势=%!s(MISSING)
[2025-08-27 02:25:16] BTCUSDT 15m: 当前价格=109941.47, EMA25=110012.83, EMA50=%!f(utils.TrendStatus=BU), 趋势=%!s(MISSING)
[2025-08-27 02:25:16] BTCUSDT 1h: 当前价格=110386.15, EMA25=111229.05, EMA50=%!f(utils.TrendStatus=RA), 趋势=%!s(MISSING)
[2025-08-27 02:25:17] BTCUSDT 4h: 当前价格=112196.00, EMA25=113508.54, EMA50=%!f(utils.TrendStatus=SE), 趋势=%!s(MISSING)
[2025-08-27 02:25:17] BTCUSDT 1d: 当前价格=115129.88, EMA25=114483.27, EMA50=%!f(utils.TrendStatus=SE), 趋势=%!s(MISSING)
[2025-08-27 02:25:17] BTCUSDT 3d: 当前价格=112720.69, EMA25=107294.87, EMA50=%!f(utils.TrendStatus=SE), 趋势=%!s(MISSING)
[2025-08-27 02:25:17] ETHUSDT 5m: 当前价格=4527.88, EMA25=4518.07, EMA50=%!f(utils.TrendStatus=BU), 趋势=%!s(MISSING)
[2025-08-27 02:25:17] ETHUSDT 15m: 当前价格=4506.96, EMA25=4484.02, EMA50=%!f(utils.TrendStatus=BU), 趋势=%!s(MISSING)
[2025-08-27 02:25:18] ETHUSDT 1h: 当前价格=4495.57, EMA25=4538.69, EMA50=%!f(utils.TrendStatus=RA), 趋势=%!s(MISSING)
[2025-08-27 02:25:18] ETHUSDT 4h: 当前价格=4548.93, EMA25=4507.41, EMA50=%!f(utils.TrendStatus=RA), 趋势=%!s(MISSING)
[2025-08-27 02:25:18] ETHUSDT 1d: 当前价格=4265.00, EMA25=3885.07, EMA50=%!f(utils.TrendStatus=BU), 趋势=%!s(MISSING)
[2025-08-27 02:25:18] ETHUSDT 3d: 当前价格=3670.14, EMA25=3211.26, EMA50=%!f(utils.TrendStatus=SE), 趋势=%!s(MISSING)
==============================

===== 趋势分析结果 (2025-08-27 02:30:20) =====
[2025-08-27 02:30:16] BTCUSDT 5m: 当前价格=109987.63, EMA25=109944.20, EMA50=%!f(utils.TrendStatus=BU), 趋势=%!s(MISSING)
[2025-08-27 02:30:18] BTCUSDT 15m: 当前价格=109992.60, EMA25=110036.39, EMA50=%!f(utils.TrendStatus=BU), 趋势=%!s(MISSING)
[2025-08-27 02:30:19] BTCUSDT 1h: 当前价格=110400.18, EMA25=111236.20, EMA50=%!f(utils.TrendStatus=RA), 趋势=%!s(MISSING)
[2025-08-27 02:30:19] BTCUSDT 4h: 当前价格=112210.04, EMA25=113515.69, EMA50=%!f(utils.TrendStatus=SE), 趋势=%!s(MISSING)
[2025-08-27 02:30:19] BTCUSDT 1d: 当前价格=115143.91, EMA25=114490.43, EMA50=%!f(utils.TrendStatus=SE), 趋势=%!s(MISSING)
[2025-08-27 02:30:19] BTCUSDT 3d: 当前价格=112734.73, EMA25=107302.03, EMA50=%!f(utils.TrendStatus=SE), 趋势=%!s(MISSING)
[2025-08-27 02:30:19] ETHUSDT 5m: 当前价格=4529.35, EMA25=4519.20, EMA50=%!f(utils.TrendStatus=BU), 趋势=%!s(MISSING)
[2025-08-27 02:30:20] ETHUSDT 15m: 当前价格=4510.02, EMA25=4486.49, EMA50=%!f(utils.TrendStatus=BU), 趋势=%!s(MISSING)
[2025-08-27 02:30:20] ETHUSDT 1h: 当前价格=4495.56, EMA25=4538.68, EMA50=%!f(utils.TrendStatus=RA), 趋势=%!s(MISSING)
[2025-08-27 02:30:20] ETHUSDT 4h: 当前价格=4548.96, EMA25=4507.43, EMA50=%!f(utils.TrendStatus=RA), 趋势=%!s(MISSING)
[2025-08-27 02:30:20] ETHUSDT 1d: 当前价格=4265.03, EMA25=3885.09, EMA50=%!f(utils.TrendStatus=BU), 趋势=%!s(MISSING)
[2025-08-27 02:30:20] ETHUSDT 3d: 当前价格=3670.27, EMA25=3211.33, EMA50=%!f(utils.TrendStatus=SE), 趋势=%!s(MISSING)
==============================

===== 趋势分析结果 (2025-08-27 02:35:19) =====
[2025-08-27 02:35:16] BTCUSDT 5m: 当前价格=110027.97, EMA25=109966.52, EMA50=%!f(utils.TrendStatus=BU), 趋势=%!s(MISSING)
[2025-08-27 02:35:16] BTCUSDT 15m: 当前价格=109996.80, EMA25=110038.53, EMA50=%!f(utils.TrendStatus=BU), 趋势=%!s(MISSING)
[2025-08-27 02:35:16] BTCUSDT 1h: 当前价格=110403.93, EMA25=111238.11, EMA50=%!f(utils.TrendStatus=RA), 趋势=%!s(MISSING)
[2025-08-27 02:35:17] BTCUSDT 4h: 当前价格=112213.79, EMA25=113517.61, EMA50=%!f(utils.TrendStatus=SE), 趋势=%!s(MISSING)
[2025-08-27 02:35:17] BTCUSDT 1d: 当前价格=115147.66, EMA25=114492.34, EMA50=%!f(utils.TrendStatus=SE), 趋势=%!s(MISSING)
[2025-08-27 02:35:17] BTCUSDT 3d: 当前价格=112738.48, EMA25=107303.94, EMA50=%!f(utils.TrendStatus=SE), 趋势=%!s(MISSING)
[2025-08-27 02:35:17] ETHUSDT 5m: 当前价格=4530.41, EMA25=4520.14, EMA50=%!f(utils.TrendStatus=BU), 趋势=%!s(MISSING)
[2025-08-27 02:35:18] ETHUSDT 15m: 当前价格=4510.01, EMA25=4486.48, EMA50=%!f(utils.TrendStatus=BU), 趋势=%!s(MISSING)
[2025-08-27 02:35:18] ETHUSDT 1h: 当前价格=4495.56, EMA25=4538.68, EMA50=%!f(utils.TrendStatus=RA), 趋势=%!s(MISSING)
[2025-08-27 02:35:18] ETHUSDT 4h: 当前价格=4548.91, EMA25=4507.40, EMA50=%!f(utils.TrendStatus=RA), 趋势=%!s(MISSING)
[2025-08-27 02:35:18] ETHUSDT 1d: 当前价格=4264.98, EMA25=3885.06, EMA50=%!f(utils.TrendStatus=BU), 趋势=%!s(MISSING)
[2025-08-27 02:35:19] ETHUSDT 3d: 当前价格=3670.22, EMA25=3211.30, EMA50=%!f(utils.TrendStatus=SE), 趋势=%!s(MISSING)
==============================

===== 趋势分析结果 (2025-08-27 02:40:18) =====
[2025-08-27 02:40:16] BTCUSDT 5m: 当前价格=110082.73, EMA25=109997.01, EMA50=%!f(utils.TrendStatus=BU), 趋势=%!s(MISSING)
[2025-08-27 02:40:16] BTCUSDT 15m: 当前价格=110008.85, EMA25=110044.67, EMA50=%!f(utils.TrendStatus=BU), 趋势=%!s(MISSING)
[2025-08-27 02:40:17] BTCUSDT 1h: 当前价格=110415.97, EMA25=111244.25, EMA50=%!f(utils.TrendStatus=RA), 趋势=%!s(MISSING)
[2025-08-27 02:40:17] BTCUSDT 4h: 当前价格=112225.83, EMA25=113523.74, EMA50=%!f(utils.TrendStatus=SE), 趋势=%!s(MISSING)
[2025-08-27 02:40:17] BTCUSDT 1d: 当前价格=115159.70, EMA25=114498.48, EMA50=%!f(utils.TrendStatus=SE), 趋势=%!s(MISSING)
[2025-08-27 02:40:17] BTCUSDT 3d: 当前价格=112750.53, EMA25=107310.08, EMA50=%!f(utils.TrendStatus=SE), 趋势=%!s(MISSING)
[2025-08-27 02:40:17] ETHUSDT 5m: 当前价格=4531.78, EMA25=4521.24, EMA50=%!f(utils.TrendStatus=BU), 趋势=%!s(MISSING)
[2025-08-27 02:40:17] ETHUSDT 15m: 当前价格=4510.18, EMA25=4486.57, EMA50=%!f(utils.TrendStatus=BU), 趋势=%!s(MISSING)
[2025-08-27 02:40:18] ETHUSDT 1h: 当前价格=4495.74, EMA25=4538.77, EMA50=%!f(utils.TrendStatus=RA), 趋势=%!s(MISSING)
[2025-08-27 02:40:18] ETHUSDT 4h: 当前价格=4549.11, EMA25=4507.51, EMA50=%!f(utils.TrendStatus=RA), 趋势=%!s(MISSING)
[2025-08-27 02:40:18] ETHUSDT 1d: 当前价格=4265.18, EMA25=3885.17, EMA50=%!f(utils.TrendStatus=BU), 趋势=%!s(MISSING)
[2025-08-27 02:40:18] ETHUSDT 3d: 当前价格=3670.43, EMA25=3211.41, EMA50=%!f(utils.TrendStatus=SE), 趋势=%!s(MISSING)
==============================

===== 趋势分析结果 (2025-08-27 02:45:18) =====
[2025-08-27 02:45:16] BTCUSDT 5m: 当前价格=110159.34, EMA25=110039.72, EMA50=%!f(utils.TrendStatus=BU), 趋势=%!s(MISSING)
[2025-08-27 02:45:16] BTCUSDT 15m: 当前价格=110091.14, EMA25=110085.52, EMA50=%!f(utils.TrendStatus=BU), 趋势=%!s(MISSING)
[2025-08-27 02:45:17] BTCUSDT 1h: 当前价格=110435.33, EMA25=111254.12, EMA50=%!f(utils.TrendStatus=RA), 趋势=%!s(MISSING)
[2025-08-27 02:45:17] BTCUSDT 4h: 当前价格=112245.18, EMA25=113533.61, EMA50=%!f(utils.TrendStatus=SE), 趋势=%!s(MISSING)
[2025-08-27 02:45:17] BTCUSDT 1d: 当前价格=115179.06, EMA25=114508.35, EMA50=%!f(utils.TrendStatus=SE), 趋势=%!s(MISSING)
[2025-08-27 02:45:17] BTCUSDT 3d: 当前价格=112769.88, EMA25=107319.95, EMA50=%!f(utils.TrendStatus=SE), 趋势=%!s(MISSING)
[2025-08-27 02:45:17] ETHUSDT 5m: 当前价格=4532.95, EMA25=4522.25, EMA50=%!f(utils.TrendStatus=BU), 趋势=%!s(MISSING)
[2025-08-27 02:45:17] ETHUSDT 15m: 当前价格=4513.05, EMA25=4488.96, EMA50=%!f(utils.TrendStatus=BU), 趋势=%!s(MISSING)
[2025-08-27 02:45:18] ETHUSDT 1h: 当前价格=4495.76, EMA25=4538.79, EMA50=%!f(utils.TrendStatus=RA), 趋势=%!s(MISSING)
[2025-08-27 02:45:18] ETHUSDT 4h: 当前价格=4549.18, EMA25=4507.54, EMA50=%!f(utils.TrendStatus=RA), 趋势=%!s(MISSING)
[2025-08-27 02:45:18] ETHUSDT 1d: 当前价格=4265.20, EMA25=3885.17, EMA50=%!f(utils.TrendStatus=BU), 趋势=%!s(MISSING)
[2025-08-27 02:45:18] ETHUSDT 3d: 当前价格=3670.49, EMA25=3211.44, EMA50=%!f(utils.TrendStatus=SE), 趋势=%!s(MISSING)
==============================

===== 趋势分析结果 (2025-08-27 02:50:18) =====
[2025-08-27 02:50:16] BTCUSDT 5m: 当前价格=110192.11, EMA25=110060.87, EMA50=%!f(utils.TrendStatus=BU), 趋势=%!s(MISSING)
[2025-08-27 02:50:16] BTCUSDT 15m: 当前价格=110079.54, EMA25=110079.60, EMA50=%!f(utils.TrendStatus=BU), 趋势=%!s(MISSING)
[2025-08-27 02:50:17] BTCUSDT 1h: 当前价格=110423.73, EMA25=111248.21, EMA50=%!f(utils.TrendStatus=RA), 趋势=%!s(MISSING)
[2025-08-27 02:50:17] BTCUSDT 4h: 当前价格=112233.59, EMA25=113527.70, EMA50=%!f(utils.TrendStatus=SE), 趋势=%!s(MISSING)
[2025-08-27 02:50:17] BTCUSDT 1d: 当前价格=115167.46, EMA25=114502.43, EMA50=%!f(utils.TrendStatus=SE), 趋势=%!s(MISSING)
[2025-08-27 02:50:17] BTCUSDT 3d: 当前价格=112758.28, EMA25=107314.04, EMA50=%!f(utils.TrendStatus=SE), 趋势=%!s(MISSING)
[2025-08-27 02:50:17] ETHUSDT 5m: 当前价格=4534.25, EMA25=4523.34, EMA50=%!f(utils.TrendStatus=BU), 趋势=%!s(MISSING)
[2025-08-27 02:50:18] ETHUSDT 15m: 当前价格=4513.06, EMA25=4488.96, EMA50=%!f(utils.TrendStatus=BU), 趋势=%!s(MISSING)
[2025-08-27 02:50:18] ETHUSDT 1h: 当前价格=4495.78, EMA25=4538.79, EMA50=%!f(utils.TrendStatus=RA), 趋势=%!s(MISSING)
[2025-08-27 02:50:18] ETHUSDT 4h: 当前价格=4549.17, EMA25=4507.54, EMA50=%!f(utils.TrendStatus=RA), 趋势=%!s(MISSING)
[2025-08-27 02:50:18] ETHUSDT 1d: 当前价格=4265.25, EMA25=3885.20, EMA50=%!f(utils.TrendStatus=BU), 趋势=%!s(MISSING)
[2025-08-27 02:50:18] ETHUSDT 3d: 当前价格=3670.49, EMA25=3211.44, EMA50=%!f(utils.TrendStatus=SE), 趋势=%!s(MISSING)
==============================

===== 趋势分析结果 (2025-08-27 02:51:21) =====
[2025-08-27 02:51:19] BTCUSDT 5m: 当前价格=110191.31, EMA25=110060.46, EMA50=%!f(utils.TrendStatus=BU), 趋势=%!s(MISSING)
[2025-08-27 02:51:19] BTCUSDT 15m: 当前价格=110078.74, EMA25=110079.20, EMA50=%!f(utils.TrendStatus=BU), 趋势=%!s(MISSING)
[2025-08-27 02:51:20] BTCUSDT 1h: 当前价格=110422.93, EMA25=111247.80, EMA50=%!f(utils.TrendStatus=BU), 趋势=%!s(MISSING)
[2025-08-27 02:51:20] BTCUSDT 4h: 当前价格=112232.80, EMA25=113527.30, EMA50=%!f(utils.TrendStatus=SE), 趋势=%!s(MISSING)
[2025-08-27 02:51:20] BTCUSDT 1d: 当前价格=115166.66, EMA25=114502.03, EMA50=%!f(utils.TrendStatus=SE), 趋势=%!s(MISSING)
[2025-08-27 02:51:20] BTCUSDT 3d: 当前价格=112757.48, EMA25=107313.63, EMA50=%!f(utils.TrendStatus=BU), 趋势=%!s(MISSING)
[2025-08-27 02:51:20] ETHUSDT 5m: 当前价格=4533.86, EMA25=4523.14, EMA50=%!f(utils.TrendStatus=BU), 趋势=%!s(MISSING)
[2025-08-27 02:51:20] ETHUSDT 15m: 当前价格=4512.62, EMA25=4488.74, EMA50=%!f(utils.TrendStatus=BU), 趋势=%!s(MISSING)
[2025-08-27 02:51:21] ETHUSDT 1h: 当前价格=4495.39, EMA25=4538.59, EMA50=%!f(utils.TrendStatus=SE), 趋势=%!s(MISSING)
[2025-08-27 02:51:21] ETHUSDT 4h: 当前价格=4548.78, EMA25=4507.34, EMA50=%!f(utils.TrendStatus=RA), 趋势=%!s(MISSING)
[2025-08-27 02:51:21] ETHUSDT 1d: 当前价格=4264.80, EMA25=3884.97, EMA50=%!f(utils.TrendStatus=BU), 趋势=%!s(MISSING)
[2025-08-27 02:51:21] ETHUSDT 3d: 当前价格=3670.10, EMA25=3211.24, EMA50=%!f(utils.TrendStatus=SE), 趋势=%!s(MISSING)
==============================

