===== 趋势分析结果 (2025-06-27 00:02:33) =====
[2025-06-27 00:02:31] BTCUSDT 15m: 当前价格=107290.00, EMA25=107225.84, EMA60=107324.46, EMA120=107149.98, 趋势=上涨趋势
[2025-06-27 00:02:32] BTCUSDT 1h: 当前价格=107294.80, EMA25=107258.14, EMA60=106446.19, EMA120=105470.14, 趋势=上涨趋势
[2025-06-27 00:02:32] BTCUSDT 4h: 当前价格=107290.00, EMA25=105801.51, EMA60=105109.60, EMA120=105148.54, 趋势=上涨趋势
[2025-06-27 00:02:32] BTCUSDT 1d: 当前价格=107290.00, EMA25=105234.33, EMA60=102627.07, EMA120=98476.83, 趋势=上涨趋势
[2025-06-27 00:02:32] ETHUSDT 15m: 当前价格=2433.66, EMA25=2442.30, EMA60=2449.19, EMA120=2444.52, 趋势=下跌趋势
[2025-06-27 00:02:33] ETHUSDT 1h: 当前价格=2433.66, EMA25=2446.96, EMA60=2426.95, EMA120=2412.98, 趋势=震荡行情
[2025-06-27 00:02:33] ETHUSDT 4h: 当前价格=2433.69, EMA25=2414.45, EMA60=2435.45, EMA120=2474.57, 趋势=震荡行情
[2025-06-27 00:02:33] ETHUSDT 1d: 当前价格=2433.69, EMA25=2474.32, EMA60=2400.71, EMA120=2383.55, 趋势=震荡行情
==============================

===== 趋势分析结果 (2025-06-27 00:17:33) =====
[2025-06-27 00:17:31] BTCUSDT 15m: 当前价格=107078.40, EMA25=107206.04, EMA60=107312.61, EMA120=107146.88, 趋势=震荡行情
[2025-06-27 00:17:32] BTCUSDT 1h: 当前价格=107078.40, EMA25=107241.49, EMA60=106439.09, EMA120=105466.56, 趋势=震荡行情
[2025-06-27 00:17:32] BTCUSDT 4h: 当前价格=107078.40, EMA25=105785.24, EMA60=105102.66, EMA120=105145.05, 趋势=上涨趋势
[2025-06-27 00:17:32] BTCUSDT 1d: 当前价格=107075.30, EMA25=105217.81, EMA60=102620.03, EMA120=98473.28, 趋势=上涨趋势
[2025-06-27 00:17:32] ETHUSDT 15m: 当前价格=2425.55, EMA25=2440.59, EMA60=2448.23, EMA120=2444.11, 趋势=下跌趋势
[2025-06-27 00:17:33] ETHUSDT 1h: 当前价格=2425.72, EMA25=2446.35, EMA60=2426.69, EMA120=2412.85, 趋势=震荡行情
[2025-06-27 00:17:33] ETHUSDT 4h: 当前价格=2425.55, EMA25=2413.82, EMA60=2435.19, EMA120=2474.44, 趋势=震荡行情
[2025-06-27 00:17:33] ETHUSDT 1d: 当前价格=2425.55, EMA25=2473.70, EMA60=2400.44, EMA120=2383.41, 趋势=震荡行情
==============================

===== 趋势分析结果 (2025-06-27 00:32:33) =====
[2025-06-27 00:32:31] BTCUSDT 15m: 当前价格=107131.90, EMA25=107207.93, EMA60=107310.08, EMA120=107148.39, 趋势=震荡行情
[2025-06-27 00:32:32] BTCUSDT 1h: 当前价格=107131.90, EMA25=107245.61, EMA60=106440.85, EMA120=105467.45, 趋势=震荡行情
[2025-06-27 00:32:32] BTCUSDT 4h: 当前价格=107131.80, EMA25=105789.34, EMA60=105104.41, EMA120=105145.93, 趋势=上涨趋势
[2025-06-27 00:32:32] BTCUSDT 1d: 当前价格=107131.90, EMA25=105222.17, EMA60=102621.88, EMA120=98474.21, 趋势=上涨趋势
[2025-06-27 00:32:32] ETHUSDT 15m: 当前价格=2426.51, EMA25=2439.71, EMA60=2447.61, EMA120=2443.87, 趋势=下跌趋势
[2025-06-27 00:32:33] ETHUSDT 1h: 当前价格=2426.28, EMA25=2446.39, EMA60=2426.71, EMA120=2412.86, 趋势=震荡行情
[2025-06-27 00:32:33] ETHUSDT 4h: 当前价格=2426.51, EMA25=2413.90, EMA60=2435.22, EMA120=2474.45, 趋势=震荡行情
[2025-06-27 00:32:33] ETHUSDT 1d: 当前价格=2426.28, EMA25=2473.75, EMA60=2400.47, EMA120=2383.42, 趋势=震荡行情
==============================

===== 趋势分析结果 (2025-06-27 00:47:34) =====
[2025-06-27 00:47:31] BTCUSDT 15m: 当前价格=106979.40, EMA25=107189.07, EMA60=107298.66, EMA120=107145.32, 趋势=震荡行情
[2025-06-27 00:47:32] BTCUSDT 1h: 当前价格=106979.50, EMA25=107233.89, EMA60=106435.85, EMA120=105464.93, 趋势=震荡行情
[2025-06-27 00:47:32] BTCUSDT 4h: 当前价格=106978.50, EMA25=105777.55, EMA60=105099.39, EMA120=105143.39, 趋势=上涨趋势
[2025-06-27 00:47:32] BTCUSDT 1d: 当前价格=106978.50, EMA25=105210.37, EMA60=102616.85, EMA120=98471.68, 趋势=上涨趋势
[2025-06-27 00:47:33] ETHUSDT 15m: 当前价格=2418.52, EMA25=2437.87, EMA60=2446.56, EMA120=2443.40, 趋势=下跌趋势
[2025-06-27 00:47:33] ETHUSDT 1h: 当前价格=2418.52, EMA25=2445.79, EMA60=2426.46, EMA120=2412.73, 趋势=震荡行情
[2025-06-27 00:47:33] ETHUSDT 4h: 当前价格=2418.51, EMA25=2413.28, EMA60=2434.96, EMA120=2474.32, 趋势=震荡行情
[2025-06-27 00:47:34] ETHUSDT 1d: 当前价格=2418.52, EMA25=2473.16, EMA60=2400.21, EMA120=2383.30, 趋势=震荡行情
==============================

===== 趋势分析结果 (2025-06-27 01:02:33) =====
[2025-06-27 01:02:31] BTCUSDT 15m: 当前价格=107226.90, EMA25=107204.02, EMA60=107301.69, EMA120=107149.44, 趋势=上涨趋势
[2025-06-27 01:02:32] BTCUSDT 1h: 当前价格=107226.90, EMA25=107245.38, EMA60=106467.16, EMA120=105496.82, 趋势=震荡行情
[2025-06-27 01:02:32] BTCUSDT 4h: 当前价格=107226.90, EMA25=105796.66, EMA60=105107.53, EMA120=105147.50, 趋势=上涨趋势
[2025-06-27 01:02:32] BTCUSDT 1d: 当前价格=107227.00, EMA25=105229.48, EMA60=102625.00, EMA120=98475.79, 趋势=上涨趋势
[2025-06-27 01:02:32] ETHUSDT 15m: 当前价格=2428.75, EMA25=2437.75, EMA60=2446.24, EMA120=2443.29, 趋势=下跌趋势
[2025-06-27 01:02:33] ETHUSDT 1h: 当前价格=2429.04, EMA25=2445.08, EMA60=2426.80, EMA120=2413.13, 趋势=震荡行情
[2025-06-27 01:02:33] ETHUSDT 4h: 当前价格=2429.05, EMA25=2414.09, EMA60=2435.30, EMA120=2474.49, 趋势=震荡行情
[2025-06-27 01:02:33] ETHUSDT 1d: 当前价格=2429.04, EMA25=2473.96, EMA60=2400.56, EMA120=2383.47, 趋势=震荡行情
==============================

===== 趋势分析结果 (2025-06-27 01:17:33) =====
[2025-06-27 01:17:31] BTCUSDT 15m: 当前价格=107234.30, EMA25=107202.28, EMA60=107297.66, EMA120=107149.92, 趋势=上涨趋势
[2025-06-27 01:17:32] BTCUSDT 1h: 当前价格=107244.40, EMA25=107246.73, EMA60=106467.74, EMA120=105497.11, 趋势=震荡行情
[2025-06-27 01:17:32] BTCUSDT 4h: 当前价格=107234.30, EMA25=105797.23, EMA60=105107.77, EMA120=105147.62, 趋势=上涨趋势
[2025-06-27 01:17:32] BTCUSDT 1d: 当前价格=107244.00, EMA25=105230.79, EMA60=102625.56, EMA120=98476.07, 趋势=上涨趋势
[2025-06-27 01:17:32] ETHUSDT 15m: 当前价格=2423.96, EMA25=2436.19, EMA60=2445.28, EMA120=2442.86, 趋势=下跌趋势
[2025-06-27 01:17:33] ETHUSDT 1h: 当前价格=2424.35, EMA25=2444.72, EMA60=2426.65, EMA120=2413.06, 趋势=震荡行情
[2025-06-27 01:17:33] ETHUSDT 4h: 当前价格=2424.35, EMA25=2413.73, EMA60=2435.15, EMA120=2474.42, 趋势=震荡行情
[2025-06-27 01:17:33] ETHUSDT 1d: 当前价格=2424.35, EMA25=2473.60, EMA60=2400.40, EMA120=2383.39, 趋势=震荡行情
==============================

===== 趋势分析结果 (2025-06-27 01:32:33) =====
[2025-06-27 01:32:31] BTCUSDT 15m: 当前价格=107223.00, EMA25=107207.93, EMA60=107297.02, EMA120=107152.07, 趋势=上涨趋势
[2025-06-27 01:32:32] BTCUSDT 1h: 当前价格=107223.00, EMA25=107245.08, EMA60=106467.04, EMA120=105496.76, 趋势=震荡行情
[2025-06-27 01:32:32] BTCUSDT 4h: 当前价格=107236.80, EMA25=105797.42, EMA60=105107.86, EMA120=105147.66, 趋势=上涨趋势
[2025-06-27 01:32:32] BTCUSDT 1d: 当前价格=107237.30, EMA25=105230.28, EMA60=102625.34, EMA120=98475.96, 趋势=上涨趋势
[2025-06-27 01:32:33] ETHUSDT 15m: 当前价格=2424.29, EMA25=2435.38, EMA60=2444.64, EMA120=2442.57, 趋势=下跌趋势
[2025-06-27 01:32:33] ETHUSDT 1h: 当前价格=2424.54, EMA25=2444.74, EMA60=2426.65, EMA120=2413.06, 趋势=震荡行情
[2025-06-27 01:32:33] ETHUSDT 4h: 当前价格=2424.54, EMA25=2413.75, EMA60=2435.15, EMA120=2474.42, 趋势=震荡行情
[2025-06-27 01:32:33] ETHUSDT 1d: 当前价格=2424.50, EMA25=2473.62, EMA60=2400.41, EMA120=2383.39, 趋势=震荡行情
==============================

===== 趋势分析结果 (2025-06-27 01:47:33) =====
[2025-06-27 01:47:31] BTCUSDT 15m: 当前价格=107199.90, EMA25=107207.89, EMA60=107294.10, EMA120=107153.01, 趋势=震荡行情
[2025-06-27 01:47:32] BTCUSDT 1h: 当前价格=107199.90, EMA25=107243.31, EMA60=106466.28, EMA120=105496.38, 趋势=震荡行情
[2025-06-27 01:47:32] BTCUSDT 4h: 当前价格=107207.70, EMA25=105795.18, EMA60=105106.90, EMA120=105147.18, 趋势=上涨趋势
[2025-06-27 01:47:32] BTCUSDT 1d: 当前价格=107199.90, EMA25=105227.40, EMA60=102624.11, EMA120=98475.34, 趋势=上涨趋势
[2025-06-27 01:47:32] ETHUSDT 15m: 当前价格=2424.99, EMA25=2434.77, EMA60=2444.08, EMA120=2442.33, 趋势=下跌趋势
[2025-06-27 01:47:33] ETHUSDT 1h: 当前价格=2425.34, EMA25=2444.80, EMA60=2426.68, EMA120=2413.07, 趋势=震荡行情
[2025-06-27 01:47:33] ETHUSDT 4h: 当前价格=2425.21, EMA25=2413.80, EMA60=2435.18, EMA120=2474.43, 趋势=震荡行情
[2025-06-27 01:47:33] ETHUSDT 1d: 当前价格=2425.53, EMA25=2473.69, EMA60=2400.44, EMA120=2383.41, 趋势=震荡行情
==============================

===== 趋势分析结果 (2025-06-27 02:02:33) =====
[2025-06-27 02:02:31] BTCUSDT 15m: 当前价格=107169.20, EMA25=107200.44, EMA60=107288.01, EMA120=107152.27, 趋势=震荡行情
[2025-06-27 02:02:32] BTCUSDT 1h: 当前价格=107169.10, EMA25=107233.13, EMA60=106487.32, EMA120=105523.01, 趋势=震荡行情
[2025-06-27 02:02:32] BTCUSDT 4h: 当前价格=107169.20, EMA25=105792.22, EMA60=105105.64, EMA120=105146.55, 趋势=上涨趋势
[2025-06-27 02:02:32] BTCUSDT 1d: 当前价格=107169.20, EMA25=105225.04, EMA60=102623.11, EMA120=98474.83, 趋势=上涨趋势
[2025-06-27 02:02:32] ETHUSDT 15m: 当前价格=2420.57, EMA25=2433.28, EMA60=2443.13, EMA120=2441.88, 趋势=下跌趋势
[2025-06-27 02:02:33] ETHUSDT 1h: 当前价格=2420.39, EMA25=2442.51, EMA60=2426.29, EMA120=2413.10, 趋势=震荡行情
[2025-06-27 02:02:33] ETHUSDT 4h: 当前价格=2420.39, EMA25=2413.43, EMA60=2435.02, EMA120=2474.35, 趋势=震荡行情
[2025-06-27 02:02:33] ETHUSDT 1d: 当前价格=2420.39, EMA25=2473.30, EMA60=2400.27, EMA120=2383.33, 趋势=震荡行情
==============================

===== 趋势分析结果 (2025-06-27 02:17:33) =====
[2025-06-27 02:17:31] BTCUSDT 15m: 当前价格=107458.10, EMA25=107243.79, EMA60=107304.09, EMA120=107162.73, 趋势=上涨趋势
[2025-06-27 02:17:32] BTCUSDT 1h: 当前价格=107458.10, EMA25=107255.36, EMA60=106496.80, EMA120=105527.79, 趋势=上涨趋势
[2025-06-27 02:17:32] BTCUSDT 4h: 当前价格=107458.00, EMA25=105814.44, EMA60=105115.11, EMA120=105151.32, 趋势=上涨趋势
[2025-06-27 02:17:32] BTCUSDT 1d: 当前价格=107458.10, EMA25=105247.26, EMA60=102632.58, EMA120=98479.61, 趋势=上涨趋势
[2025-06-27 02:17:32] ETHUSDT 15m: 当前价格=2429.68, EMA25=2433.68, EMA60=2442.99, EMA120=2441.83, 趋势=下跌趋势
[2025-06-27 02:17:33] ETHUSDT 1h: 当前价格=2429.10, EMA25=2443.18, EMA60=2426.57, EMA120=2413.24, 趋势=震荡行情
[2025-06-27 02:17:33] ETHUSDT 4h: 当前价格=2429.68, EMA25=2414.14, EMA60=2435.32, EMA120=2474.50, 趋势=震荡行情
[2025-06-27 02:17:33] ETHUSDT 1d: 当前价格=2429.68, EMA25=2474.01, EMA60=2400.58, EMA120=2383.48, 趋势=震荡行情
==============================

===== 趋势分析结果 (2025-06-27 02:32:33) =====
[2025-06-27 02:32:31] BTCUSDT 15m: 当前价格=107149.70, EMA25=107220.73, EMA60=107291.96, EMA120=107158.92, 趋势=震荡行情
[2025-06-27 02:32:32] BTCUSDT 1h: 当前价格=107148.40, EMA25=107231.53, EMA60=106486.64, EMA120=105522.67, 趋势=震荡行情
[2025-06-27 02:32:32] BTCUSDT 4h: 当前价格=107138.50, EMA25=105789.86, EMA60=105104.63, EMA120=105146.04, 趋势=上涨趋势
[2025-06-27 02:32:32] BTCUSDT 1d: 当前价格=107138.50, EMA25=105222.68, EMA60=102622.10, EMA120=98474.32, 趋势=上涨趋势
[2025-06-27 02:32:32] ETHUSDT 15m: 当前价格=2420.35, EMA25=2432.29, EMA60=2442.09, EMA120=2441.39, 趋势=下跌趋势
[2025-06-27 02:32:33] ETHUSDT 1h: 当前价格=2419.59, EMA25=2442.44, EMA60=2426.26, EMA120=2413.08, 趋势=震荡行情
[2025-06-27 02:32:33] ETHUSDT 4h: 当前价格=2420.34, EMA25=2413.42, EMA60=2435.02, EMA120=2474.35, 趋势=震荡行情
[2025-06-27 02:32:33] ETHUSDT 1d: 当前价格=2420.51, EMA25=2473.31, EMA60=2400.28, EMA120=2383.33, 趋势=震荡行情
==============================

===== 趋势分析结果 (2025-06-27 02:47:35) =====
[2025-06-27 02:47:31] BTCUSDT 15m: 当前价格=107320.60, EMA25=107239.20, EMA60=107297.72, EMA120=107164.08, 趋势=上涨趋势
[2025-06-27 02:47:32] BTCUSDT 1h: 当前价格=107320.60, EMA25=107244.78, EMA60=106492.29, EMA120=105525.52, 趋势=上涨趋势
[2025-06-27 02:47:32] BTCUSDT 4h: 当前价格=107320.60, EMA25=105803.87, EMA60=105110.60, EMA120=105149.05, 趋势=上涨趋势
[2025-06-27 02:47:32] BTCUSDT 1d: 当前价格=107318.00, EMA25=105236.48, EMA60=102627.98, EMA120=98477.29, 趋势=上涨趋势
[2025-06-27 02:47:32] ETHUSDT 15m: 当前价格=2425.92, EMA25=2432.14, EMA60=2441.71, EMA120=2441.21, 趋势=下跌趋势
[2025-06-27 02:47:35] ETHUSDT 1h: 当前价格=2425.51, EMA25=2442.90, EMA60=2426.45, EMA120=2413.18, 趋势=震荡行情
[2025-06-27 02:47:35] ETHUSDT 4h: 当前价格=2425.51, EMA25=2413.82, EMA60=2435.19, EMA120=2474.44, 趋势=震荡行情
[2025-06-27 02:47:35] ETHUSDT 1d: 当前价格=2425.51, EMA25=2473.69, EMA60=2400.44, EMA120=2383.41, 趋势=震荡行情
==============================

===== 趋势分析结果 (2025-06-27 03:02:33) =====
[2025-06-27 03:02:31] BTCUSDT 15m: 当前价格=107441.20, EMA25=107255.54, EMA60=107302.78, EMA120=107168.88, 趋势=上涨趋势
[2025-06-27 03:02:32] BTCUSDT 1h: 当前价格=107441.20, EMA25=107260.69, EMA60=106523.76, EMA120=105557.38, 趋势=上涨趋势
[2025-06-27 03:02:32] BTCUSDT 4h: 当前价格=107450.20, EMA25=105813.84, EMA60=105114.85, EMA120=105151.19, 趋势=上涨趋势
[2025-06-27 03:02:32] BTCUSDT 1d: 当前价格=107441.20, EMA25=105245.96, EMA60=102632.02, EMA120=98479.33, 趋势=上涨趋势
[2025-06-27 03:02:32] ETHUSDT 15m: 当前价格=2429.39, EMA25=2431.82, EMA60=2441.26, EMA120=2440.99, 趋势=下跌趋势
[2025-06-27 03:02:33] ETHUSDT 1h: 当前价格=2429.39, EMA25=2441.78, EMA60=2426.52, EMA120=2413.43, 趋势=震荡行情
[2025-06-27 03:02:33] ETHUSDT 4h: 当前价格=2429.38, EMA25=2414.12, EMA60=2435.31, EMA120=2474.50, 趋势=震荡行情
[2025-06-27 03:02:33] ETHUSDT 1d: 当前价格=2429.38, EMA25=2473.99, EMA60=2400.57, EMA120=2383.47, 趋势=震荡行情
==============================

===== 趋势分析结果 (2025-06-27 03:17:33) =====
[2025-06-27 03:17:31] BTCUSDT 15m: 当前价格=107440.40, EMA25=107260.25, EMA60=107303.05, EMA120=107171.20, 趋势=上涨趋势
[2025-06-27 03:17:32] BTCUSDT 1h: 当前价格=107440.40, EMA25=107260.63, EMA60=106523.73, EMA120=105557.36, 趋势=上涨趋势
[2025-06-27 03:17:32] BTCUSDT 4h: 当前价格=107440.40, EMA25=105813.08, EMA60=105114.53, EMA120=105151.03, 趋势=上涨趋势
[2025-06-27 03:17:32] BTCUSDT 1d: 当前价格=107440.40, EMA25=105245.90, EMA60=102632.00, EMA120=98479.31, 趋势=上涨趋势
[2025-06-27 03:17:33] ETHUSDT 15m: 当前价格=2432.81, EMA25=2431.71, EMA60=2440.90, EMA120=2440.81, 趋势=震荡行情
[2025-06-27 03:17:33] ETHUSDT 1h: 当前价格=2431.79, EMA25=2441.97, EMA60=2426.59, EMA120=2413.47, 趋势=震荡行情
[2025-06-27 03:17:33] ETHUSDT 4h: 当前价格=2432.81, EMA25=2414.38, EMA60=2435.43, EMA120=2474.56, 趋势=震荡行情
[2025-06-27 03:17:33] ETHUSDT 1d: 当前价格=2432.57, EMA25=2474.24, EMA60=2400.67, EMA120=2383.53, 趋势=震荡行情
==============================

===== 趋势分析结果 (2025-06-27 03:32:33) =====
[2025-06-27 03:32:31] BTCUSDT 15m: 当前价格=107489.90, EMA25=107274.97, EMA60=107307.86, EMA120=107175.80, 趋势=上涨趋势
[2025-06-27 03:32:32] BTCUSDT 1h: 当前价格=107489.90, EMA25=107264.44, EMA60=106525.36, EMA120=105558.18, 趋势=上涨趋势
[2025-06-27 03:32:32] BTCUSDT 4h: 当前价格=107490.00, EMA25=105816.90, EMA60=105116.16, EMA120=105151.85, 趋势=上涨趋势
[2025-06-27 03:32:32] BTCUSDT 1d: 当前价格=107489.90, EMA25=105249.71, EMA60=102633.62, EMA120=98480.13, 趋势=上涨趋势
[2025-06-27 03:32:32] ETHUSDT 15m: 当前价格=2433.45, EMA25=2431.55, EMA60=2440.52, EMA120=2440.62, 趋势=震荡行情
[2025-06-27 03:32:33] ETHUSDT 1h: 当前价格=2433.70, EMA25=2442.11, EMA60=2426.66, EMA120=2413.50, 趋势=震荡行情
[2025-06-27 03:32:33] ETHUSDT 4h: 当前价格=2433.45, EMA25=2414.43, EMA60=2435.45, EMA120=2474.57, 趋势=震荡行情
[2025-06-27 03:32:33] ETHUSDT 1d: 当前价格=2433.45, EMA25=2474.30, EMA60=2400.70, EMA120=2383.54, 趋势=震荡行情
==============================

===== 趋势分析结果 (2025-06-27 03:47:33) =====
[2025-06-27 03:47:31] BTCUSDT 15m: 当前价格=107510.90, EMA25=107296.47, EMA60=107316.01, EMA120=107182.11, 趋势=上涨趋势
[2025-06-27 03:47:32] BTCUSDT 1h: 当前价格=107515.60, EMA25=107266.41, EMA60=106526.20, EMA120=105558.61, 趋势=上涨趋势
[2025-06-27 03:47:32] BTCUSDT 4h: 当前价格=107515.60, EMA25=105818.87, EMA60=105117.00, EMA120=105152.27, 趋势=上涨趋势
[2025-06-27 03:47:32] BTCUSDT 1d: 当前价格=107515.60, EMA25=105251.68, EMA60=102634.46, EMA120=98480.56, 趋势=上涨趋势
[2025-06-27 03:47:32] ETHUSDT 15m: 当前价格=2439.29, EMA25=2432.41, EMA60=2440.60, EMA120=2440.66, 趋势=震荡行情
[2025-06-27 03:47:33] ETHUSDT 1h: 当前价格=2439.29, EMA25=2442.54, EMA60=2426.84, EMA120=2413.59, 趋势=震荡行情
[2025-06-27 03:47:33] ETHUSDT 4h: 当前价格=2439.23, EMA25=2414.88, EMA60=2435.64, EMA120=2474.66, 趋势=震荡行情
[2025-06-27 03:47:33] ETHUSDT 1d: 当前价格=2439.23, EMA25=2474.75, EMA60=2400.89, EMA120=2383.64, 趋势=震荡行情
==============================

===== 趋势分析结果 (2025-06-27 04:02:33) =====
[2025-06-27 04:02:31] BTCUSDT 15m: 当前价格=107410.70, EMA25=107302.78, EMA60=107318.01, EMA120=107185.34, 趋势=上涨趋势
[2025-06-27 04:02:32] BTCUSDT 1h: 当前价格=107403.80, EMA25=107274.18, EMA60=106553.72, EMA120=105588.48, 趋势=上涨趋势
[2025-06-27 04:02:32] BTCUSDT 4h: 当前价格=107403.90, EMA25=105937.99, EMA60=105190.72, EMA120=105188.71, 趋势=上涨趋势
[2025-06-27 04:02:32] BTCUSDT 1d: 当前价格=107403.80, EMA25=105243.08, EMA60=102630.80, EMA120=98478.71, 趋势=上涨趋势
[2025-06-27 04:02:33] ETHUSDT 15m: 当前价格=2429.62, EMA25=2431.85, EMA60=2440.09, EMA120=2440.40, 趋势=下跌趋势
[2025-06-27 04:02:33] ETHUSDT 1h: 当前价格=2429.63, EMA25=2441.21, EMA60=2426.78, EMA120=2413.78, 趋势=震荡行情
[2025-06-27 04:02:33] ETHUSDT 4h: 当前价格=2429.63, EMA25=2415.68, EMA60=2435.29, EMA120=2473.84, 趋势=震荡行情
[2025-06-27 04:02:33] ETHUSDT 1d: 当前价格=2429.63, EMA25=2474.01, EMA60=2400.58, EMA120=2383.48, 趋势=震荡行情
==============================

===== 趋势分析结果 (2025-06-27 04:17:33) =====
[2025-06-27 04:17:31] BTCUSDT 15m: 当前价格=107494.30, EMA25=107323.65, EMA60=107326.53, EMA120=107191.86, 趋势=上涨趋势
[2025-06-27 04:17:32] BTCUSDT 1h: 当前价格=107494.30, EMA25=107281.14, EMA60=106556.69, EMA120=105589.98, 趋势=上涨趋势
[2025-06-27 04:17:32] BTCUSDT 4h: 当前价格=107494.30, EMA25=105944.94, EMA60=105193.69, EMA120=105190.21, 趋势=上涨趋势
[2025-06-27 04:17:32] BTCUSDT 1d: 当前价格=107494.40, EMA25=105250.05, EMA60=102633.77, EMA120=98480.21, 趋势=上涨趋势
[2025-06-27 04:17:32] ETHUSDT 15m: 当前价格=2438.34, EMA25=2432.95, EMA60=2440.30, EMA120=2440.50, 趋势=震荡行情
[2025-06-27 04:17:33] ETHUSDT 1h: 当前价格=2438.34, EMA25=2441.88, EMA60=2427.07, EMA120=2413.92, 趋势=震荡行情
[2025-06-27 04:17:33] ETHUSDT 4h: 当前价格=2438.34, EMA25=2416.35, EMA60=2435.58, EMA120=2473.98, 趋势=震荡行情
[2025-06-27 04:17:33] ETHUSDT 1d: 当前价格=2438.34, EMA25=2474.68, EMA60=2400.86, EMA120=2383.62, 趋势=震荡行情
==============================

===== 趋势分析结果 (2025-06-27 04:32:33) =====
[2025-06-27 04:32:31] BTCUSDT 15m: 当前价格=107632.30, EMA25=107352.26, EMA60=107338.73, EMA120=107200.26, 趋势=上涨趋势
[2025-06-27 04:32:32] BTCUSDT 1h: 当前价格=107632.30, EMA25=107291.75, EMA60=106561.21, EMA120=105592.26, 趋势=上涨趋势
[2025-06-27 04:32:32] BTCUSDT 4h: 当前价格=107632.30, EMA25=105955.56, EMA60=105198.21, EMA120=105192.49, 趋势=上涨趋势
[2025-06-27 04:32:32] BTCUSDT 1d: 当前价格=107632.30, EMA25=105260.66, EMA60=102638.29, EMA120=98482.48, 趋势=上涨趋势
[2025-06-27 04:32:32] ETHUSDT 15m: 当前价格=2445.40, EMA25=2434.21, EMA60=2440.60, EMA120=2440.65, 趋势=震荡行情
[2025-06-27 04:32:33] ETHUSDT 1h: 当前价格=2445.79, EMA25=2442.45, EMA60=2427.31, EMA120=2414.05, 趋势=上涨趋势
[2025-06-27 04:32:33] ETHUSDT 4h: 当前价格=2445.79, EMA25=2416.92, EMA60=2435.82, EMA120=2474.10, 趋势=震荡行情
[2025-06-27 04:32:33] ETHUSDT 1d: 当前价格=2445.40, EMA25=2475.22, EMA60=2401.09, EMA120=2383.74, 趋势=震荡行情
==============================

===== 趋势分析结果 (2025-06-27 04:47:35) =====
[2025-06-27 04:47:31] BTCUSDT 15m: 当前价格=107735.60, EMA25=107401.67, EMA60=107360.64, EMA120=107213.66, 趋势=上涨趋势
[2025-06-27 04:47:34] BTCUSDT 1h: 当前价格=107779.90, EMA25=107303.11, EMA60=106566.05, EMA120=105594.70, 趋势=上涨趋势
[2025-06-27 04:47:34] BTCUSDT 4h: 当前价格=107779.90, EMA25=105966.91, EMA60=105203.05, EMA120=105194.93, 趋势=上涨趋势
[2025-06-27 04:47:34] BTCUSDT 1d: 当前价格=107768.30, EMA25=105271.12, EMA60=102642.75, EMA120=98484.73, 趋势=上涨趋势
[2025-06-27 04:47:35] ETHUSDT 15m: 当前价格=2449.15, EMA25=2436.08, EMA60=2441.20, EMA120=2440.96, 趋势=震荡行情
[2025-06-27 04:47:35] ETHUSDT 1h: 当前价格=2450.47, EMA25=2442.81, EMA60=2427.46, EMA120=2414.12, 趋势=上涨趋势
[2025-06-27 04:47:35] ETHUSDT 4h: 当前价格=2450.47, EMA25=2417.28, EMA60=2435.97, EMA120=2474.18, 趋势=震荡行情
[2025-06-27 04:47:35] ETHUSDT 1d: 当前价格=2450.47, EMA25=2475.61, EMA60=2401.26, EMA120=2383.82, 趋势=震荡行情
==============================

===== 趋势分析结果 (2025-06-27 05:02:33) =====
[2025-06-27 05:02:31] BTCUSDT 15m: 当前价格=107749.40, EMA25=107427.86, EMA60=107373.13, EMA120=107222.37, 趋势=上涨趋势
[2025-06-27 05:02:32] BTCUSDT 1h: 当前价格=107749.40, EMA25=107333.73, EMA60=106603.20, EMA120=105629.48, 趋势=上涨趋势
[2025-06-27 05:02:32] BTCUSDT 4h: 当前价格=107740.70, EMA25=105963.90, EMA60=105201.77, EMA120=105194.28, 趋势=上涨趋势
[2025-06-27 05:02:32] BTCUSDT 1d: 当前价格=107740.70, EMA25=105269.00, EMA60=102641.84, EMA120=98484.28, 趋势=上涨趋势
[2025-06-27 05:02:32] ETHUSDT 15m: 当前价格=2443.12, EMA25=2436.29, EMA60=2441.12, EMA120=2440.91, 趋势=震荡行情
[2025-06-27 05:02:33] ETHUSDT 1h: 当前价格=2443.12, EMA25=2442.41, EMA60=2427.78, EMA120=2414.50, 趋势=上涨趋势
[2025-06-27 05:02:33] ETHUSDT 4h: 当前价格=2443.12, EMA25=2416.71, EMA60=2435.73, EMA120=2474.06, 趋势=震荡行情
[2025-06-27 05:02:33] ETHUSDT 1d: 当前价格=2443.12, EMA25=2475.05, EMA60=2401.02, EMA120=2383.70, 趋势=震荡行情
==============================

===== 趋势分析结果 (2025-06-27 05:17:33) =====
[2025-06-27 05:17:31] BTCUSDT 15m: 当前价格=107323.60, EMA25=107391.87, EMA60=107359.02, EMA120=107217.63, 趋势=震荡行情
[2025-06-27 05:17:32] BTCUSDT 1h: 当前价格=107323.60, EMA25=107300.98, EMA60=106589.23, EMA120=105622.44, 趋势=上涨趋势
[2025-06-27 05:17:32] BTCUSDT 4h: 当前价格=107323.60, EMA25=105931.81, EMA60=105188.09, EMA120=105187.38, 趋势=上涨趋势
[2025-06-27 05:17:32] BTCUSDT 1d: 当前价格=107323.60, EMA25=105236.91, EMA60=102628.17, EMA120=98477.38, 趋势=上涨趋势
[2025-06-27 05:17:33] ETHUSDT 15m: 当前价格=2422.55, EMA25=2433.73, EMA60=2439.84, EMA120=2440.26, 趋势=下跌趋势
[2025-06-27 05:17:33] ETHUSDT 1h: 当前价格=2422.55, EMA25=2440.82, EMA60=2427.11, EMA120=2414.16, 趋势=震荡行情
[2025-06-27 05:17:33] ETHUSDT 4h: 当前价格=2422.55, EMA25=2415.13, EMA60=2435.06, EMA120=2473.72, 趋势=震荡行情
[2025-06-27 05:17:33] ETHUSDT 1d: 当前价格=2422.54, EMA25=2473.46, EMA60=2400.34, EMA120=2383.36, 趋势=震荡行情
==============================

===== 趋势分析结果 (2025-06-27 05:32:33) =====
[2025-06-27 05:32:31] BTCUSDT 15m: 当前价格=107073.70, EMA25=107358.13, EMA60=107345.53, EMA120=107213.11, 趋势=震荡行情
[2025-06-27 05:32:32] BTCUSDT 1h: 当前价格=107073.80, EMA25=107281.76, EMA60=106581.04, EMA120=105618.31, 趋势=震荡行情
[2025-06-27 05:32:32] BTCUSDT 4h: 当前价格=107073.70, EMA25=105912.59, EMA60=105179.90, EMA120=105183.25, 趋势=上涨趋势
[2025-06-27 05:32:32] BTCUSDT 1d: 当前价格=107073.70, EMA25=105217.69, EMA60=102619.98, EMA120=98473.25, 趋势=上涨趋势
[2025-06-27 05:32:32] ETHUSDT 15m: 当前价格=2424.17, EMA25=2433.22, EMA60=2439.42, EMA120=2440.05, 趋势=下跌趋势
[2025-06-27 05:32:33] ETHUSDT 1h: 当前价格=2424.16, EMA25=2440.95, EMA60=2427.16, EMA120=2414.19, 趋势=震荡行情
[2025-06-27 05:32:33] ETHUSDT 4h: 当前价格=2424.16, EMA25=2415.26, EMA60=2435.11, EMA120=2473.75, 趋势=震荡行情
[2025-06-27 05:32:33] ETHUSDT 1d: 当前价格=2424.16, EMA25=2473.59, EMA60=2400.40, EMA120=2383.39, 趋势=震荡行情
==============================

===== 趋势分析结果 (2025-06-27 05:47:33) =====
[2025-06-27 05:47:31] BTCUSDT 15m: 当前价格=106878.40, EMA25=107310.26, EMA60=107325.31, EMA120=107205.05, 趋势=震荡行情
[2025-06-27 05:47:32] BTCUSDT 1h: 当前价格=106878.40, EMA25=107266.73, EMA60=106574.64, EMA120=105615.08, 趋势=震荡行情
[2025-06-27 05:47:32] BTCUSDT 4h: 当前价格=106878.40, EMA25=105897.56, EMA60=105173.49, EMA120=105180.03, 趋势=上涨趋势
[2025-06-27 05:47:32] BTCUSDT 1d: 当前价格=106878.40, EMA25=105202.67, EMA60=102613.57, EMA120=98470.02, 趋势=上涨趋势
[2025-06-27 05:47:33] ETHUSDT 15m: 当前价格=2405.99, EMA25=2430.05, EMA60=2437.85, EMA120=2439.24, 趋势=下跌趋势
[2025-06-27 05:47:33] ETHUSDT 1h: 当前价格=2405.39, EMA25=2439.50, EMA60=2426.55, EMA120=2413.88, 趋势=震荡行情
[2025-06-27 05:47:33] ETHUSDT 4h: 当前价格=2405.40, EMA25=2413.81, EMA60=2434.50, EMA120=2473.44, 趋势=下跌趋势
[2025-06-27 05:47:33] ETHUSDT 1d: 当前价格=2405.40, EMA25=2472.15, EMA60=2399.78, EMA120=2383.08, 趋势=震荡行情
==============================

===== 趋势分析结果 (2025-06-27 06:02:33) =====
[2025-06-27 06:02:31] BTCUSDT 15m: 当前价格=107021.30, EMA25=107294.51, EMA60=107318.24, EMA120=107203.47, 趋势=震荡行情
[2025-06-27 06:02:32] BTCUSDT 1h: 当前价格=107000.00, EMA25=107252.69, EMA60=106591.48, EMA120=105639.47, 趋势=震荡行情
[2025-06-27 06:02:32] BTCUSDT 4h: 当前价格=107000.00, EMA25=105906.92, EMA60=105177.48, EMA120=105182.04, 趋势=上涨趋势
[2025-06-27 06:02:32] BTCUSDT 1d: 当前价格=107000.00, EMA25=105212.02, EMA60=102617.56, EMA120=98472.03, 趋势=上涨趋势
[2025-06-27 06:02:32] ETHUSDT 15m: 当前价格=2417.61, EMA25=2429.57, EMA60=2437.40, EMA120=2438.99, 趋势=下跌趋势
[2025-06-27 06:02:33] ETHUSDT 1h: 当前价格=2417.61, EMA25=2438.35, EMA60=2426.49, EMA120=2414.06, 趋势=震荡行情
[2025-06-27 06:02:33] ETHUSDT 4h: 当前价格=2417.61, EMA25=2414.75, EMA60=2434.90, EMA120=2473.64, 趋势=震荡行情
[2025-06-27 06:02:33] ETHUSDT 1d: 当前价格=2417.61, EMA25=2473.09, EMA60=2400.18, EMA120=2383.28, 趋势=震荡行情
==============================

===== 趋势分析结果 (2025-06-27 06:17:33) =====
[2025-06-27 06:17:31] BTCUSDT 15m: 当前价格=106962.70, EMA25=107264.56, EMA60=107304.61, EMA120=107198.46, 趋势=震荡行情
[2025-06-27 06:17:32] BTCUSDT 1h: 当前价格=106962.70, EMA25=107249.82, EMA60=106590.25, EMA120=105638.85, 趋势=震荡行情
[2025-06-27 06:17:32] BTCUSDT 4h: 当前价格=106962.70, EMA25=105904.05, EMA60=105176.26, EMA120=105181.42, 趋势=上涨趋势
[2025-06-27 06:17:32] BTCUSDT 1d: 当前价格=106962.80, EMA25=105209.16, EMA60=102616.34, EMA120=98471.42, 趋势=上涨趋势
[2025-06-27 06:17:32] ETHUSDT 15m: 当前价格=2413.38, EMA25=2427.90, EMA60=2436.42, EMA120=2438.47, 趋势=下跌趋势
[2025-06-27 06:17:33] ETHUSDT 1h: 当前价格=2413.39, EMA25=2438.02, EMA60=2426.35, EMA120=2413.99, 趋势=震荡行情
[2025-06-27 06:17:33] ETHUSDT 4h: 当前价格=2413.39, EMA25=2414.43, EMA60=2434.76, EMA120=2473.57, 趋势=下跌趋势
[2025-06-27 06:17:33] ETHUSDT 1d: 当前价格=2413.50, EMA25=2472.77, EMA60=2400.05, EMA120=2383.21, 趋势=震荡行情
==============================

===== 趋势分析结果 (2025-06-27 06:32:33) =====
[2025-06-27 06:32:31] BTCUSDT 15m: 当前价格=107118.70, EMA25=107264.25, EMA60=107303.38, EMA120=107199.62, 趋势=震荡行情
[2025-06-27 06:32:32] BTCUSDT 1h: 当前价格=107118.70, EMA25=107261.82, EMA60=106595.37, EMA120=105641.43, 趋势=震荡行情
[2025-06-27 06:32:32] BTCUSDT 4h: 当前价格=107118.70, EMA25=105916.05, EMA60=105181.37, EMA120=105184.00, 趋势=上涨趋势
[2025-06-27 06:32:32] BTCUSDT 1d: 当前价格=107118.70, EMA25=105221.15, EMA60=102621.45, EMA120=98474.00, 趋势=上涨趋势
[2025-06-27 06:32:32] ETHUSDT 15m: 当前价格=2418.28, EMA25=2427.52, EMA60=2435.99, EMA120=2438.21, 趋势=下跌趋势
[2025-06-27 06:32:33] ETHUSDT 1h: 当前价格=2418.28, EMA25=2438.40, EMA60=2426.51, EMA120=2414.07, 趋势=震荡行情
[2025-06-27 06:32:33] ETHUSDT 4h: 当前价格=2418.28, EMA25=2414.80, EMA60=2434.92, EMA120=2473.65, 趋势=震荡行情
[2025-06-27 06:32:33] ETHUSDT 1d: 当前价格=2418.28, EMA25=2473.14, EMA60=2400.20, EMA120=2383.29, 趋势=震荡行情
==============================

===== 趋势分析结果 (2025-06-27 06:47:33) =====
[2025-06-27 06:47:31] BTCUSDT 15m: 当前价格=106914.60, EMA25=107221.82, EMA60=107283.70, EMA120=107191.34, 趋势=震荡行情
[2025-06-27 06:47:32] BTCUSDT 1h: 当前价格=106914.60, EMA25=107246.12, EMA60=106588.68, EMA120=105638.06, 趋势=震荡行情
[2025-06-27 06:47:32] BTCUSDT 4h: 当前价格=106914.50, EMA25=105900.34, EMA60=105174.68, EMA120=105180.62, 趋势=上涨趋势
[2025-06-27 06:47:32] BTCUSDT 1d: 当前价格=106914.60, EMA25=105205.45, EMA60=102614.76, EMA120=98470.62, 趋势=上涨趋势
[2025-06-27 06:47:32] ETHUSDT 15m: 当前价格=2413.99, EMA25=2426.00, EMA60=2435.05, EMA120=2437.70, 趋势=下跌趋势
[2025-06-27 06:47:33] ETHUSDT 1h: 当前价格=2414.10, EMA25=2438.08, EMA60=2426.37, EMA120=2414.00, 趋势=震荡行情
[2025-06-27 06:47:33] ETHUSDT 4h: 当前价格=2413.99, EMA25=2414.47, EMA60=2434.78, EMA120=2473.58, 趋势=下跌趋势
[2025-06-27 06:47:33] ETHUSDT 1d: 当前价格=2414.10, EMA25=2472.82, EMA60=2400.07, EMA120=2383.22, 趋势=震荡行情
==============================

===== 趋势分析结果 (2025-06-27 07:02:33) =====
[2025-06-27 07:02:31] BTCUSDT 15m: 当前价格=106948.00, EMA25=107202.63, EMA60=107273.53, EMA120=107187.73, 趋势=震荡行情
[2025-06-27 07:02:32] BTCUSDT 1h: 当前价格=106948.00, EMA25=107225.06, EMA60=106601.29, EMA120=105660.15, 趋势=震荡行情
[2025-06-27 07:02:32] BTCUSDT 4h: 当前价格=106948.00, EMA25=105902.92, EMA60=105175.78, EMA120=105181.18, 趋势=上涨趋势
[2025-06-27 07:02:32] BTCUSDT 1d: 当前价格=106948.00, EMA25=105208.02, EMA60=102615.85, EMA120=98471.17, 趋势=上涨趋势
[2025-06-27 07:02:32] ETHUSDT 15m: 当前价格=2414.30, EMA25=2424.99, EMA60=2434.32, EMA120=2437.29, 趋势=下跌趋势
[2025-06-27 07:02:33] ETHUSDT 1h: 当前价格=2414.30, EMA25=2436.13, EMA60=2425.93, EMA120=2413.98, 趋势=震荡行情
[2025-06-27 07:02:33] ETHUSDT 4h: 当前价格=2414.30, EMA25=2414.50, EMA60=2434.79, EMA120=2473.58, 趋势=下跌趋势
[2025-06-27 07:02:33] ETHUSDT 1d: 当前价格=2414.30, EMA25=2472.83, EMA60=2400.07, EMA120=2383.23, 趋势=震荡行情
==============================

===== 趋势分析结果 (2025-06-27 07:17:33) =====
[2025-06-27 07:17:31] BTCUSDT 15m: 当前价格=106882.20, EMA25=107169.60, EMA60=107256.95, EMA120=107180.74, 趋势=下跌趋势
[2025-06-27 07:17:32] BTCUSDT 1h: 当前价格=106882.20, EMA25=107220.00, EMA60=106599.14, EMA120=105659.06, 趋势=震荡行情
[2025-06-27 07:17:32] BTCUSDT 4h: 当前价格=106886.70, EMA25=105898.20, EMA60=105173.77, EMA120=105180.16, 趋势=上涨趋势
[2025-06-27 07:17:32] BTCUSDT 1d: 当前价格=106882.10, EMA25=105202.95, EMA60=102613.69, EMA120=98470.08, 趋势=上涨趋势
[2025-06-27 07:17:32] ETHUSDT 15m: 当前价格=2409.76, EMA25=2423.18, EMA60=2433.23, EMA120=2436.68, 趋势=下跌趋势
[2025-06-27 07:17:33] ETHUSDT 1h: 当前价格=2409.77, EMA25=2435.78, EMA60=2425.78, EMA120=2413.90, 趋势=震荡行情
[2025-06-27 07:17:33] ETHUSDT 4h: 当前价格=2409.77, EMA25=2414.15, EMA60=2434.64, EMA120=2473.51, 趋势=下跌趋势
[2025-06-27 07:17:33] ETHUSDT 1d: 当前价格=2409.77, EMA25=2472.48, EMA60=2399.93, EMA120=2383.15, 趋势=震荡行情
==============================

===== 趋势分析结果 (2025-06-27 07:32:33) =====
[2025-06-27 07:32:31] BTCUSDT 15m: 当前价格=106939.00, EMA25=107157.41, EMA60=107249.01, EMA120=107178.00, 趋势=下跌趋势
[2025-06-27 07:32:32] BTCUSDT 1h: 当前价格=106939.00, EMA25=107224.37, EMA60=106601.00, EMA120=105660.00, 趋势=震荡行情
[2025-06-27 07:32:32] BTCUSDT 4h: 当前价格=106939.00, EMA25=105902.23, EMA60=105175.48, EMA120=105181.03, 趋势=上涨趋势
[2025-06-27 07:32:32] BTCUSDT 1d: 当前价格=106939.00, EMA25=105207.33, EMA60=102615.56, EMA120=98471.03, 趋势=上涨趋势
[2025-06-27 07:32:32] ETHUSDT 15m: 当前价格=2412.79, EMA25=2422.68, EMA60=2432.69, EMA120=2436.36, 趋势=下跌趋势
[2025-06-27 07:32:33] ETHUSDT 1h: 当前价格=2412.90, EMA25=2436.02, EMA60=2425.88, EMA120=2413.95, 趋势=震荡行情
[2025-06-27 07:32:33] ETHUSDT 4h: 当前价格=2412.90, EMA25=2414.39, EMA60=2434.74, EMA120=2473.56, 趋势=下跌趋势
[2025-06-27 07:32:33] ETHUSDT 1d: 当前价格=2412.90, EMA25=2472.72, EMA60=2400.03, EMA120=2383.20, 趋势=震荡行情
==============================

===== 趋势分析结果 (2025-06-27 07:47:33) =====
[2025-06-27 07:47:31] BTCUSDT 15m: 当前价格=106893.10, EMA25=107135.81, EMA60=107236.77, EMA120=107172.99, 趋势=下跌趋势
[2025-06-27 07:47:32] BTCUSDT 1h: 当前价格=106893.10, EMA25=107220.84, EMA60=106599.49, EMA120=105659.24, 趋势=震荡行情
[2025-06-27 07:47:32] BTCUSDT 4h: 当前价格=106893.10, EMA25=105898.70, EMA60=105173.98, EMA120=105180.27, 趋势=上涨趋势
[2025-06-27 07:47:32] BTCUSDT 1d: 当前价格=106893.10, EMA25=105203.80, EMA60=102614.05, EMA120=98470.27, 趋势=上涨趋势
[2025-06-27 07:47:33] ETHUSDT 15m: 当前价格=2413.66, EMA25=2422.05, EMA60=2432.10, EMA120=2435.99, 趋势=下跌趋势
[2025-06-27 07:47:33] ETHUSDT 1h: 当前价格=2413.68, EMA25=2436.08, EMA60=2425.91, EMA120=2413.97, 趋势=震荡行情
[2025-06-27 07:47:33] ETHUSDT 4h: 当前价格=2413.68, EMA25=2414.45, EMA60=2434.77, EMA120=2473.57, 趋势=下跌趋势
[2025-06-27 07:47:33] ETHUSDT 1d: 当前价格=2413.68, EMA25=2472.78, EMA60=2400.05, EMA120=2383.22, 趋势=震荡行情
==============================

===== 趋势分析结果 (2025-06-27 08:02:33) =====
[2025-06-27 08:02:31] BTCUSDT 15m: 当前价格=106902.40, EMA25=107119.32, EMA60=107226.46, EMA120=107168.85, 趋势=下跌趋势
[2025-06-27 08:02:32] BTCUSDT 1h: 当前价格=106900.00, EMA25=107197.62, EMA60=106610.00, EMA120=105680.10, 趋势=震荡行情
[2025-06-27 08:02:32] BTCUSDT 4h: 当前价格=106900.00, EMA25=105977.18, EMA60=105231.22, EMA120=105208.89, 趋势=上涨趋势
[2025-06-27 08:02:32] BTCUSDT 1d: 当前价格=106902.40, EMA25=105335.92, EMA60=102755.31, EMA120=98610.14, 趋势=上涨趋势
[2025-06-27 08:02:33] ETHUSDT 15m: 当前价格=2417.21, EMA25=2421.74, EMA60=2431.64, EMA120=2435.70, 趋势=下跌趋势
[2025-06-27 08:02:33] ETHUSDT 1h: 当前价格=2417.07, EMA25=2434.68, EMA60=2425.64, EMA120=2414.03, 趋势=震荡行情
[2025-06-27 08:02:33] ETHUSDT 4h: 当前价格=2417.14, EMA25=2414.72, EMA60=2434.22, EMA120=2472.65, 趋势=震荡行情
[2025-06-27 08:02:33] ETHUSDT 1d: 当前价格=2417.13, EMA25=2468.56, EMA60=2400.64, EMA120=2383.80, 趋势=震荡行情
==============================

===== 趋势分析结果 (2025-06-27 08:17:33) =====
[2025-06-27 08:17:31] BTCUSDT 15m: 当前价格=107055.30, EMA25=107117.83, EMA60=107222.39, EMA120=107167.75, 趋势=下跌趋势
[2025-06-27 08:17:32] BTCUSDT 1h: 当前价格=107055.30, EMA25=107209.57, EMA60=106615.09, EMA120=105682.66, 趋势=震荡行情
[2025-06-27 08:17:32] BTCUSDT 4h: 当前价格=107055.30, EMA25=105989.13, EMA60=105236.31, EMA120=105211.46, 趋势=上涨趋势
[2025-06-27 08:17:32] BTCUSDT 1d: 当前价格=107055.30, EMA25=105347.69, EMA60=102760.32, EMA120=98612.67, 趋势=上涨趋势
[2025-06-27 08:17:32] ETHUSDT 15m: 当前价格=2417.84, EMA25=2421.28, EMA60=2431.11, EMA120=2435.36, 趋势=下跌趋势
[2025-06-27 08:17:33] ETHUSDT 1h: 当前价格=2417.83, EMA25=2434.74, EMA60=2425.67, EMA120=2414.04, 趋势=震荡行情
[2025-06-27 08:17:33] ETHUSDT 4h: 当前价格=2417.84, EMA25=2414.77, EMA60=2434.24, EMA120=2472.66, 趋势=震荡行情
[2025-06-27 08:17:33] ETHUSDT 1d: 当前价格=2417.84, EMA25=2468.62, EMA60=2400.66, EMA120=2383.81, 趋势=震荡行情
==============================

===== 趋势分析结果 (2025-06-27 08:32:33) =====
[2025-06-27 08:32:31] BTCUSDT 15m: 当前价格=107111.90, EMA25=107121.54, EMA60=107220.62, EMA120=107167.77, 趋势=下跌趋势
[2025-06-27 08:32:32] BTCUSDT 1h: 当前价格=107111.90, EMA25=107213.92, EMA60=106616.95, EMA120=105683.60, 趋势=震荡行情
[2025-06-27 08:32:32] BTCUSDT 4h: 当前价格=107111.90, EMA25=105993.48, EMA60=105238.17, EMA120=105212.39, 趋势=上涨趋势
[2025-06-27 08:32:32] BTCUSDT 1d: 当前价格=107111.90, EMA25=105352.04, EMA60=102762.18, EMA120=98613.61, 趋势=上涨趋势
[2025-06-27 08:32:32] ETHUSDT 15m: 当前价格=2416.73, EMA25=2420.94, EMA60=2430.65, EMA120=2435.05, 趋势=下跌趋势
[2025-06-27 08:32:33] ETHUSDT 1h: 当前价格=2416.73, EMA25=2434.66, EMA60=2425.63, EMA120=2414.03, 趋势=震荡行情
[2025-06-27 08:32:33] ETHUSDT 4h: 当前价格=2416.73, EMA25=2414.69, EMA60=2434.20, EMA120=2472.64, 趋势=震荡行情
[2025-06-27 08:32:33] ETHUSDT 1d: 当前价格=2416.73, EMA25=2468.53, EMA60=2400.63, EMA120=2383.79, 趋势=震荡行情
==============================

===== 趋势分析结果 (2025-06-27 08:47:33) =====
[2025-06-27 08:47:31] BTCUSDT 15m: 当前价格=106865.50, EMA25=107084.30, EMA60=107201.14, EMA120=107158.74, 趋势=下跌趋势
[2025-06-27 08:47:32] BTCUSDT 1h: 当前价格=106865.50, EMA25=107194.97, EMA60=106608.87, EMA120=105679.53, 趋势=震荡行情
[2025-06-27 08:47:32] BTCUSDT 4h: 当前价格=106865.40, EMA25=105974.52, EMA60=105230.09, EMA120=105208.32, 趋势=上涨趋势
[2025-06-27 08:47:32] BTCUSDT 1d: 当前价格=106865.50, EMA25=105333.09, EMA60=102754.10, EMA120=98609.53, 趋势=上涨趋势
[2025-06-27 08:47:33] ETHUSDT 15m: 当前价格=2409.52, EMA25=2419.35, EMA60=2429.64, EMA120=2434.47, 趋势=下跌趋势
[2025-06-27 08:47:33] ETHUSDT 1h: 当前价格=2409.53, EMA25=2434.10, EMA60=2425.40, EMA120=2413.91, 趋势=震荡行情
[2025-06-27 08:47:33] ETHUSDT 4h: 当前价格=2409.22, EMA25=2414.11, EMA60=2433.96, EMA120=2472.52, 趋势=下跌趋势
[2025-06-27 08:47:33] ETHUSDT 1d: 当前价格=2409.53, EMA25=2467.98, EMA60=2400.39, EMA120=2383.67, 趋势=震荡行情
==============================

===== 趋势分析结果 (2025-06-27 09:02:32) =====
[2025-06-27 09:02:30] BTCUSDT 15m: 当前价格=106666.30, EMA25=107034.99, EMA60=107175.94, EMA120=107146.66, 趋势=下跌趋势
[2025-06-27 09:02:31] BTCUSDT 1h: 当前价格=106643.00, EMA25=107135.35, EMA60=106602.33, EMA120=105691.53, 趋势=震荡行情
[2025-06-27 09:02:31] BTCUSDT 4h: 当前价格=106643.10, EMA25=105957.42, EMA60=105222.80, EMA120=105204.65, 趋势=上涨趋势
[2025-06-27 09:02:31] BTCUSDT 1d: 当前价格=106643.00, EMA25=105315.97, EMA60=102746.80, EMA120=98605.86, 趋势=上涨趋势
[2025-06-27 09:02:31] ETHUSDT 15m: 当前价格=2403.21, EMA25=2417.38, EMA60=2428.44, EMA120=2433.78, 趋势=下跌趋势
[2025-06-27 09:02:32] ETHUSDT 1h: 当前价格=2403.21, EMA25=2430.99, EMA60=2424.34, EMA120=2413.56, 趋势=震荡行情
[2025-06-27 09:02:32] ETHUSDT 4h: 当前价格=2403.21, EMA25=2413.65, EMA60=2433.76, EMA120=2472.42, 趋势=下跌趋势
[2025-06-27 09:02:32] ETHUSDT 1d: 当前价格=2403.21, EMA25=2467.49, EMA60=2400.18, EMA120=2383.57, 趋势=震荡行情
==============================

===== 趋势分析结果 (2025-06-27 09:17:32) =====
[2025-06-27 09:17:30] BTCUSDT 15m: 当前价格=106900.10, EMA25=107037.20, EMA60=107172.52, EMA120=107145.45, 趋势=下跌趋势
[2025-06-27 09:17:30] BTCUSDT 1h: 当前价格=106896.70, EMA25=107154.87, EMA60=106610.65, EMA120=105695.73, 趋势=震荡行情
[2025-06-27 09:17:31] BTCUSDT 4h: 当前价格=106900.00, EMA25=105977.18, EMA60=105231.22, EMA120=105208.89, 趋势=上涨趋势
[2025-06-27 09:17:31] BTCUSDT 1d: 当前价格=106900.00, EMA25=105335.74, EMA60=102755.23, EMA120=98610.10, 趋势=上涨趋势
[2025-06-27 09:17:31] ETHUSDT 15m: 当前价格=2419.24, EMA25=2418.55, EMA60=2428.60, EMA120=2433.77, 趋势=震荡行情
[2025-06-27 09:17:32] ETHUSDT 1h: 当前价格=2419.37, EMA25=2432.24, EMA60=2424.87, EMA120=2413.83, 趋势=震荡行情
[2025-06-27 09:17:32] ETHUSDT 4h: 当前价格=2419.14, EMA25=2414.87, EMA60=2434.28, EMA120=2472.68, 趋势=震荡行情
[2025-06-27 09:17:32] ETHUSDT 1d: 当前价格=2419.14, EMA25=2468.72, EMA60=2400.71, EMA120=2383.83, 趋势=震荡行情
==============================

===== 趋势分析结果 (2025-06-27 09:32:32) =====
[2025-06-27 09:32:30] BTCUSDT 15m: 当前价格=106927.10, EMA25=107032.12, EMA60=107165.99, EMA120=107142.59, 趋势=下跌趋势
[2025-06-27 09:32:30] BTCUSDT 1h: 当前价格=106927.10, EMA25=107157.21, EMA60=106611.64, EMA120=105696.23, 趋势=震荡行情
[2025-06-27 09:32:31] BTCUSDT 4h: 当前价格=106927.10, EMA25=105979.27, EMA60=105232.11, EMA120=105209.34, 趋势=上涨趋势
[2025-06-27 09:32:31] BTCUSDT 1d: 当前价格=106927.10, EMA25=105337.82, EMA60=102756.12, EMA120=98610.55, 趋势=上涨趋势
[2025-06-27 09:32:31] ETHUSDT 15m: 当前价格=2421.13, EMA25=2418.92, EMA60=2428.43, EMA120=2433.60, 趋势=震荡行情
[2025-06-27 09:32:32] ETHUSDT 1h: 当前价格=2421.13, EMA25=2432.37, EMA60=2424.93, EMA120=2413.86, 趋势=震荡行情
[2025-06-27 09:32:32] ETHUSDT 4h: 当前价格=2421.13, EMA25=2415.02, EMA60=2434.35, EMA120=2472.71, 趋势=震荡行情
[2025-06-27 09:32:32] ETHUSDT 1d: 当前价格=2421.14, EMA25=2468.87, EMA60=2400.77, EMA120=2383.86, 趋势=震荡行情
==============================

===== 趋势分析结果 (2025-06-27 09:47:32) =====
[2025-06-27 09:47:30] BTCUSDT 15m: 当前价格=106970.20, EMA25=107035.06, EMA60=107163.01, EMA120=107141.49, 趋势=下跌趋势
[2025-06-27 09:47:30] BTCUSDT 1h: 当前价格=106970.30, EMA25=107160.53, EMA60=106613.06, EMA120=105696.94, 趋势=震荡行情
[2025-06-27 09:47:31] BTCUSDT 4h: 当前价格=106970.20, EMA25=105982.58, EMA60=105233.52, EMA120=105210.05, 趋势=上涨趋势
[2025-06-27 09:47:31] BTCUSDT 1d: 当前价格=106970.30, EMA25=105341.15, EMA60=102757.53, EMA120=98611.27, 趋势=上涨趋势
[2025-06-27 09:47:31] ETHUSDT 15m: 当前价格=2424.75, EMA25=2419.73, EMA60=2428.48, EMA120=2433.54, 趋势=震荡行情
[2025-06-27 09:47:32] ETHUSDT 1h: 当前价格=2424.75, EMA25=2432.65, EMA60=2425.05, EMA120=2413.92, 趋势=震荡行情
[2025-06-27 09:47:32] ETHUSDT 4h: 当前价格=2424.75, EMA25=2415.30, EMA60=2434.47, EMA120=2472.77, 趋势=震荡行情
[2025-06-27 09:47:32] ETHUSDT 1d: 当前价格=2424.75, EMA25=2469.15, EMA60=2400.89, EMA120=2383.92, 趋势=震荡行情
==============================

===== 趋势分析结果 (2025-06-27 10:02:34) =====
[2025-06-27 10:02:30] BTCUSDT 15m: 当前价格=107035.10, EMA25=107042.11, EMA60=107161.97, EMA120=107141.34, 趋势=下跌趋势
[2025-06-27 10:02:31] BTCUSDT 1h: 当前价格=107035.20, EMA25=107157.93, EMA60=106630.04, EMA120=105720.69, 趋势=震荡行情
[2025-06-27 10:02:31] BTCUSDT 4h: 当前价格=107035.20, EMA25=105987.58, EMA60=105235.65, EMA120=105211.13, 趋势=上涨趋势
[2025-06-27 10:02:31] BTCUSDT 1d: 当前价格=107035.20, EMA25=105346.14, EMA60=102759.66, EMA120=98612.34, 趋势=上涨趋势
[2025-06-27 10:02:33] ETHUSDT 15m: 当前价格=2424.02, EMA25=2420.10, EMA60=2428.35, EMA120=2433.39, 趋势=震荡行情
[2025-06-27 10:02:34] ETHUSDT 1h: 当前价格=2424.02, EMA25=2432.03, EMA60=2425.03, EMA120=2414.09, 趋势=震荡行情
[2025-06-27 10:02:34] ETHUSDT 4h: 当前价格=2424.01, EMA25=2415.25, EMA60=2434.44, EMA120=2472.76, 趋势=震荡行情
[2025-06-27 10:02:34] ETHUSDT 1d: 当前价格=2424.63, EMA25=2469.14, EMA60=2400.89, EMA120=2383.92, 趋势=震荡行情
==============================

===== 趋势分析结果 (2025-06-27 10:17:32) =====
[2025-06-27 10:17:30] BTCUSDT 15m: 当前价格=107213.30, EMA25=107064.43, EMA60=107167.74, EMA120=107144.62, 趋势=震荡行情
[2025-06-27 10:17:31] BTCUSDT 1h: 当前价格=107223.90, EMA25=107172.45, EMA60=106636.23, EMA120=105723.81, 趋势=上涨趋势
[2025-06-27 10:17:31] BTCUSDT 4h: 当前价格=107223.90, EMA25=106002.10, EMA60=105241.84, EMA120=105214.25, 趋势=上涨趋势
[2025-06-27 10:17:31] BTCUSDT 1d: 当前价格=107223.90, EMA25=105360.65, EMA60=102765.85, EMA120=98615.46, 趋势=上涨趋势
[2025-06-27 10:17:31] ETHUSDT 15m: 当前价格=2430.09, EMA25=2421.22, EMA60=2428.56, EMA120=2433.41, 趋势=震荡行情
[2025-06-27 10:17:32] ETHUSDT 1h: 当前价格=2430.10, EMA25=2432.49, EMA60=2425.23, EMA120=2414.19, 趋势=震荡行情
[2025-06-27 10:17:32] ETHUSDT 4h: 当前价格=2430.10, EMA25=2415.71, EMA60=2434.64, EMA120=2472.86, 趋势=震荡行情
[2025-06-27 10:17:32] ETHUSDT 1d: 当前价格=2430.22, EMA25=2469.57, EMA60=2401.07, EMA120=2384.01, 趋势=震荡行情
==============================

===== 趋势分析结果 (2025-06-27 10:32:32) =====
[2025-06-27 10:32:30] BTCUSDT 15m: 当前价格=107174.10, EMA25=107068.38, EMA60=107165.94, EMA120=107144.08, 趋势=震荡行情
[2025-06-27 10:32:30] BTCUSDT 1h: 当前价格=107174.00, EMA25=107168.61, EMA60=106634.60, EMA120=105722.98, 趋势=上涨趋势
[2025-06-27 10:32:31] BTCUSDT 4h: 当前价格=107174.10, EMA25=105998.27, EMA60=105240.21, EMA120=105213.42, 趋势=上涨趋势
[2025-06-27 10:32:31] BTCUSDT 1d: 当前价格=107174.10, EMA25=105356.82, EMA60=102764.22, EMA120=98614.63, 趋势=上涨趋势
[2025-06-27 10:32:31] ETHUSDT 15m: 当前价格=2431.20, EMA25=2422.00, EMA60=2428.65, EMA120=2433.38, 趋势=震荡行情
[2025-06-27 10:32:32] ETHUSDT 1h: 当前价格=2431.56, EMA25=2432.61, EMA60=2425.28, EMA120=2414.22, 趋势=震荡行情
[2025-06-27 10:32:32] ETHUSDT 4h: 当前价格=2431.56, EMA25=2415.83, EMA60=2434.69, EMA120=2472.89, 趋势=震荡行情
[2025-06-27 10:32:32] ETHUSDT 1d: 当前价格=2431.56, EMA25=2469.67, EMA60=2401.11, EMA120=2384.04, 趋势=震荡行情
==============================

===== 趋势分析结果 (2025-06-27 10:47:32) =====
[2025-06-27 10:47:30] BTCUSDT 15m: 当前价格=107230.30, EMA25=107082.73, EMA60=107168.89, EMA120=107145.93, 趋势=震荡行情
[2025-06-27 10:47:30] BTCUSDT 1h: 当前价格=107230.40, EMA25=107172.95, EMA60=106636.44, EMA120=105723.91, 趋势=上涨趋势
[2025-06-27 10:47:31] BTCUSDT 4h: 当前价格=107230.30, EMA25=106002.59, EMA60=105242.05, EMA120=105214.35, 趋势=上涨趋势
[2025-06-27 10:47:31] BTCUSDT 1d: 当前价格=107230.40, EMA25=105361.15, EMA60=102766.06, EMA120=98615.57, 趋势=上涨趋势
[2025-06-27 10:47:31] ETHUSDT 15m: 当前价格=2436.10, EMA25=2423.27, EMA60=2428.98, EMA120=2433.46, 趋势=震荡行情
[2025-06-27 10:47:32] ETHUSDT 1h: 当前价格=2436.14, EMA25=2432.96, EMA60=2425.43, EMA120=2414.29, 趋势=上涨趋势
[2025-06-27 10:47:32] ETHUSDT 4h: 当前价格=2437.40, EMA25=2416.28, EMA60=2434.88, EMA120=2472.98, 趋势=震荡行情
[2025-06-27 10:47:32] ETHUSDT 1d: 当前价格=2436.10, EMA25=2470.02, EMA60=2401.26, EMA120=2384.11, 趋势=震荡行情
==============================

===== 趋势分析结果 (2025-06-27 11:02:33) =====
[2025-06-27 11:02:30] BTCUSDT 15m: 当前价格=107244.10, EMA25=107092.59, EMA60=107170.22, EMA120=107146.96, 趋势=震荡行情
[2025-06-27 11:02:30] BTCUSDT 1h: 当前价格=107250.00, EMA25=107176.32, EMA60=106655.42, EMA120=105748.56, 趋势=上涨趋势
[2025-06-27 11:02:31] BTCUSDT 4h: 当前价格=107250.10, EMA25=106004.11, EMA60=105242.70, EMA120=105214.68, 趋势=上涨趋势
[2025-06-27 11:02:31] BTCUSDT 1d: 当前价格=107244.10, EMA25=105362.21, EMA60=102766.51, EMA120=98615.79, 趋势=上涨趋势
[2025-06-27 11:02:31] ETHUSDT 15m: 当前价格=2438.84, EMA25=2424.52, EMA60=2429.33, EMA120=2433.56, 趋势=震荡行情
[2025-06-27 11:02:33] ETHUSDT 1h: 当前价格=2438.84, EMA25=2433.46, EMA60=2425.89, EMA120=2414.71, 趋势=上涨趋势
[2025-06-27 11:02:33] ETHUSDT 4h: 当前价格=2438.85, EMA25=2416.39, EMA60=2434.93, EMA120=2473.01, 趋势=震荡行情
[2025-06-27 11:02:33] ETHUSDT 1d: 当前价格=2438.53, EMA25=2470.21, EMA60=2401.34, EMA120=2384.15, 趋势=震荡行情
==============================

===== 趋势分析结果 (2025-06-27 11:17:32) =====
[2025-06-27 11:17:30] BTCUSDT 15m: 当前价格=107194.30, EMA25=107091.40, EMA60=107166.98, EMA120=107145.67, 趋势=震荡行情
[2025-06-27 11:17:30] BTCUSDT 1h: 当前价格=107194.40, EMA25=107172.04, EMA60=106653.60, EMA120=105747.64, 趋势=上涨趋势
[2025-06-27 11:17:31] BTCUSDT 4h: 当前价格=107194.30, EMA25=105999.82, EMA60=105240.87, EMA120=105213.76, 趋势=上涨趋势
[2025-06-27 11:17:31] BTCUSDT 1d: 当前价格=107194.40, EMA25=105358.39, EMA60=102764.88, EMA120=98614.97, 趋势=上涨趋势
[2025-06-27 11:17:31] ETHUSDT 15m: 当前价格=2436.43, EMA25=2424.94, EMA60=2429.34, EMA120=2433.50, 趋势=震荡行情
[2025-06-27 11:17:32] ETHUSDT 1h: 当前价格=2436.43, EMA25=2433.27, EMA60=2425.81, EMA120=2414.67, 趋势=上涨趋势
[2025-06-27 11:17:32] ETHUSDT 4h: 当前价格=2436.43, EMA25=2416.20, EMA60=2434.85, EMA120=2472.97, 趋势=震荡行情
[2025-06-27 11:17:32] ETHUSDT 1d: 当前价格=2436.43, EMA25=2470.05, EMA60=2401.27, EMA120=2384.12, 趋势=震荡行情
==============================

===== 趋势分析结果 (2025-06-27 11:32:32) =====
[2025-06-27 11:32:30] BTCUSDT 15m: 当前价格=107343.40, EMA25=107116.94, EMA60=107175.52, EMA120=107150.34, 趋势=震荡行情
[2025-06-27 11:32:31] BTCUSDT 1h: 当前价格=107343.40, EMA25=107183.50, EMA60=106658.48, EMA120=105750.10, 趋势=上涨趋势
[2025-06-27 11:32:31] BTCUSDT 4h: 当前价格=107343.40, EMA25=106011.29, EMA60=105245.76, EMA120=105216.22, 趋势=上涨趋势
[2025-06-27 11:32:31] BTCUSDT 1d: 当前价格=107343.50, EMA25=105369.85, EMA60=102769.77, EMA120=98617.43, 趋势=上涨趋势
[2025-06-27 11:32:32] ETHUSDT 15m: 当前价格=2440.06, EMA25=2426.38, EMA60=2429.81, EMA120=2433.67, 趋势=震荡行情
[2025-06-27 11:32:32] ETHUSDT 1h: 当前价格=2440.29, EMA25=2433.57, EMA60=2425.94, EMA120=2414.73, 趋势=上涨趋势
[2025-06-27 11:32:32] ETHUSDT 4h: 当前价格=2440.29, EMA25=2416.50, EMA60=2434.98, EMA120=2473.03, 趋势=震荡行情
[2025-06-27 11:32:32] ETHUSDT 1d: 当前价格=2440.29, EMA25=2470.34, EMA60=2401.40, EMA120=2384.18, 趋势=震荡行情
==============================

===== 趋势分析结果 (2025-06-27 11:47:35) =====
[2025-06-27 11:47:30] BTCUSDT 15m: 当前价格=107418.50, EMA25=107144.15, EMA60=107185.28, EMA120=107155.68, 趋势=震荡行情
[2025-06-27 11:47:31] BTCUSDT 1h: 当前价格=107418.40, EMA25=107189.27, EMA60=106660.94, EMA120=105751.34, 趋势=上涨趋势
[2025-06-27 11:47:31] BTCUSDT 4h: 当前价格=107418.50, EMA25=106017.07, EMA60=105248.22, EMA120=105217.46, 趋势=上涨趋势
[2025-06-27 11:47:32] BTCUSDT 1d: 当前价格=107418.50, EMA25=105375.62, EMA60=102772.23, EMA120=98618.67, 趋势=上涨趋势
[2025-06-27 11:47:33] ETHUSDT 15m: 当前价格=2444.00, EMA25=2427.93, EMA60=2430.36, EMA120=2433.88, 趋势=震荡行情
[2025-06-27 11:47:33] ETHUSDT 1h: 当前价格=2444.00, EMA25=2433.86, EMA60=2426.06, EMA120=2414.79, 趋势=上涨趋势
[2025-06-27 11:47:34] ETHUSDT 4h: 当前价格=2444.00, EMA25=2416.78, EMA60=2435.10, EMA120=2473.09, 趋势=震荡行情
[2025-06-27 11:47:35] ETHUSDT 1d: 当前价格=2444.00, EMA25=2470.63, EMA60=2401.52, EMA120=2384.24, 趋势=震荡行情
==============================

===== 趋势分析结果 (2025-06-27 12:02:41) =====
[2025-06-27 12:02:32] BTCUSDT 15m: 当前价格=107400.10, EMA25=107164.52, EMA60=107192.62, EMA120=107159.87, 趋势=上涨趋势
[2025-06-27 12:02:32] BTCUSDT 1h: 当前价格=107400.10, EMA25=107206.17, EMA60=106685.48, EMA120=105778.76, 趋势=上涨趋势
[2025-06-27 12:02:33] BTCUSDT 4h: 当前价格=107400.00, EMA25=106124.12, EMA60=105319.07, EMA120=105253.57, 趋势=上涨趋势
[2025-06-27 12:02:34] BTCUSDT 1d: 当前价格=107400.00, EMA25=105374.20, EMA60=102771.62, EMA120=98618.37, 趋势=上涨趋势
[2025-06-27 12:02:35] ETHUSDT 15m: 当前价格=2444.61, EMA25=2429.34, EMA60=2430.89, EMA120=2434.09, 趋势=震荡行情
[2025-06-27 12:02:38] ETHUSDT 1h: 当前价格=2444.61, EMA25=2434.81, EMA60=2426.73, EMA120=2415.31, 趋势=上涨趋势
[2025-06-27 12:02:40] ETHUSDT 4h: 当前价格=2444.40, EMA25=2419.04, EMA60=2435.46, EMA120=2472.64, 趋势=震荡行情
[2025-06-27 12:02:41] ETHUSDT 1d: 当前价格=2444.40, EMA25=2470.66, EMA60=2401.54, EMA120=2384.25, 趋势=震荡行情
==============================

===== 趋势分析结果 (2025-06-27 12:17:35) =====
[2025-06-27 12:17:30] BTCUSDT 15m: 当前价格=107336.20, EMA25=107175.63, EMA60=107196.40, EMA120=107162.30, 趋势=上涨趋势
[2025-06-27 12:17:31] BTCUSDT 1h: 当前价格=107336.20, EMA25=107201.26, EMA60=106683.39, EMA120=105777.71, 趋势=上涨趋势
[2025-06-27 12:17:31] BTCUSDT 4h: 当前价格=107336.20, EMA25=106119.21, EMA60=105316.98, EMA120=105252.52, 趋势=上涨趋势
[2025-06-27 12:17:34] BTCUSDT 1d: 当前价格=107336.20, EMA25=105369.29, EMA60=102769.53, EMA120=98617.31, 趋势=上涨趋势
[2025-06-27 12:17:34] ETHUSDT 15m: 当前价格=2442.00, EMA25=2430.29, EMA60=2431.24, EMA120=2434.21, 趋势=震荡行情
[2025-06-27 12:17:34] ETHUSDT 1h: 当前价格=2441.99, EMA25=2434.61, EMA60=2426.64, EMA120=2415.27, 趋势=上涨趋势
[2025-06-27 12:17:34] ETHUSDT 4h: 当前价格=2441.99, EMA25=2418.85, EMA60=2435.38, EMA120=2472.60, 趋势=震荡行情
[2025-06-27 12:17:35] ETHUSDT 1d: 当前价格=2441.99, EMA25=2470.48, EMA60=2401.46, EMA120=2384.21, 趋势=震荡行情
==============================

===== 趋势分析结果 (2025-06-27 12:32:33) =====
[2025-06-27 12:32:30] BTCUSDT 15m: 当前价格=107333.60, EMA25=107189.97, EMA60=107201.87, EMA120=107165.62, 趋势=上涨趋势
[2025-06-27 12:32:31] BTCUSDT 1h: 当前价格=107333.70, EMA25=107201.07, EMA60=106683.30, EMA120=105777.67, 趋势=上涨趋势
[2025-06-27 12:32:31] BTCUSDT 4h: 当前价格=107333.60, EMA25=106119.01, EMA60=105316.89, EMA120=105252.47, 趋势=上涨趋势
[2025-06-27 12:32:31] BTCUSDT 1d: 当前价格=107333.60, EMA25=105369.09, EMA60=102769.45, EMA120=98617.27, 趋势=上涨趋势
[2025-06-27 12:32:32] ETHUSDT 15m: 当前价格=2448.74, EMA25=2432.13, EMA60=2432.00, EMA120=2434.55, 趋势=震荡行情
[2025-06-27 12:32:32] ETHUSDT 1h: 当前价格=2449.05, EMA25=2435.16, EMA60=2426.87, EMA120=2415.39, 趋势=上涨趋势
[2025-06-27 12:32:32] ETHUSDT 4h: 当前价格=2448.74, EMA25=2419.37, EMA60=2435.60, EMA120=2472.72, 趋势=震荡行情
[2025-06-27 12:32:33] ETHUSDT 1d: 当前价格=2448.74, EMA25=2470.99, EMA60=2401.68, EMA120=2384.32, 趋势=震荡行情
==============================

===== 趋势分析结果 (2025-06-27 12:47:33) =====
[2025-06-27 12:47:30] BTCUSDT 15m: 当前价格=107450.00, EMA25=107215.58, EMA60=107212.51, EMA120=107171.58, 趋势=上涨趋势
[2025-06-27 12:47:31] BTCUSDT 1h: 当前价格=107450.00, EMA25=107210.01, EMA60=106687.12, EMA120=105779.59, 趋势=上涨趋势
[2025-06-27 12:47:31] BTCUSDT 4h: 当前价格=107450.00, EMA25=106127.97, EMA60=105320.71, EMA120=105254.40, 趋势=上涨趋势
[2025-06-27 12:47:31] BTCUSDT 1d: 当前价格=107450.00, EMA25=105378.05, EMA60=102773.26, EMA120=98619.20, 趋势=上涨趋势
[2025-06-27 12:47:31] ETHUSDT 15m: 当前价格=2449.26, EMA25=2433.43, EMA60=2432.56, EMA120=2434.79, 趋势=震荡行情
[2025-06-27 12:47:32] ETHUSDT 1h: 当前价格=2449.26, EMA25=2435.17, EMA60=2426.88, EMA120=2415.39, 趋势=上涨趋势
[2025-06-27 12:47:32] ETHUSDT 4h: 当前价格=2449.26, EMA25=2419.41, EMA60=2435.62, EMA120=2472.72, 趋势=震荡行情
[2025-06-27 12:47:33] ETHUSDT 1d: 当前价格=2449.26, EMA25=2471.03, EMA60=2401.69, EMA120=2384.33, 趋势=震荡行情
==============================

===== 趋势分析结果 (2025-06-27 13:02:32) =====
[2025-06-27 13:02:30] BTCUSDT 15m: 当前价格=107458.90, EMA25=107234.53, EMA60=107220.69, EMA120=107176.35, 趋势=上涨趋势
[2025-06-27 13:02:31] BTCUSDT 1h: 当前价格=107459.20, EMA25=107229.41, EMA60=106712.54, EMA120=105807.41, 趋势=上涨趋势
[2025-06-27 13:02:31] BTCUSDT 4h: 当前价格=107459.20, EMA25=106128.67, EMA60=105321.01, EMA120=105254.55, 趋势=上涨趋势
[2025-06-27 13:02:31] BTCUSDT 1d: 当前价格=107459.20, EMA25=105378.75, EMA60=102773.56, EMA120=98619.35, 趋势=上涨趋势
[2025-06-27 13:02:31] ETHUSDT 15m: 当前价格=2446.31, EMA25=2434.38, EMA60=2432.99, EMA120=2434.97, 趋势=震荡行情
[2025-06-27 13:02:32] ETHUSDT 1h: 当前价格=2446.30, EMA25=2435.98, EMA60=2427.49, EMA120=2415.89, 趋势=上涨趋势
[2025-06-27 13:02:32] ETHUSDT 4h: 当前价格=2446.30, EMA25=2419.18, EMA60=2435.52, EMA120=2472.67, 趋势=震荡行情
[2025-06-27 13:02:32] ETHUSDT 1d: 当前价格=2446.30, EMA25=2470.81, EMA60=2401.60, EMA120=2384.28, 趋势=震荡行情
==============================

===== 趋势分析结果 (2025-06-27 13:17:32) =====
[2025-06-27 13:17:30] BTCUSDT 15m: 当前价格=107461.70, EMA25=107253.30, EMA60=107229.17, EMA120=107181.33, 趋势=上涨趋势
[2025-06-27 13:17:30] BTCUSDT 1h: 当前价格=107461.70, EMA25=107229.61, EMA60=106712.62, EMA120=105807.46, 趋势=上涨趋势
[2025-06-27 13:17:31] BTCUSDT 4h: 当前价格=107461.70, EMA25=106128.87, EMA60=105321.09, EMA120=105254.59, 趋势=上涨趋势
[2025-06-27 13:17:31] BTCUSDT 1d: 当前价格=107461.70, EMA25=105378.95, EMA60=102773.65, EMA120=98619.39, 趋势=上涨趋势
[2025-06-27 13:17:31] ETHUSDT 15m: 当前价格=2444.84, EMA25=2435.30, EMA60=2433.43, EMA120=2435.16, 趋势=上涨趋势
[2025-06-27 13:17:32] ETHUSDT 1h: 当前价格=2444.84, EMA25=2435.87, EMA60=2427.45, EMA120=2415.87, 趋势=上涨趋势
[2025-06-27 13:17:32] ETHUSDT 4h: 当前价格=2444.84, EMA25=2419.07, EMA60=2435.47, EMA120=2472.65, 趋势=震荡行情
[2025-06-27 13:17:32] ETHUSDT 1d: 当前价格=2444.78, EMA25=2470.69, EMA60=2401.55, EMA120=2384.25, 趋势=震荡行情
==============================

===== 趋势分析结果 (2025-06-27 13:32:32) =====
[2025-06-27 13:32:30] BTCUSDT 15m: 当前价格=107300.10, EMA25=107243.92, EMA60=107225.70, EMA120=107180.29, 趋势=上涨趋势
[2025-06-27 13:32:31] BTCUSDT 1h: 当前价格=107300.10, EMA25=107217.18, EMA60=106707.32, EMA120=105804.78, 趋势=上涨趋势
[2025-06-27 13:32:31] BTCUSDT 4h: 当前价格=107300.00, EMA25=106116.43, EMA60=105315.79, EMA120=105251.92, 趋势=上涨趋势
[2025-06-27 13:32:31] BTCUSDT 1d: 当前价格=107300.00, EMA25=105366.51, EMA60=102768.34, EMA120=98616.72, 趋势=上涨趋势
[2025-06-27 13:32:31] ETHUSDT 15m: 当前价格=2434.58, EMA25=2434.57, EMA60=2433.17, EMA120=2434.99, 趋势=震荡行情
[2025-06-27 13:32:32] ETHUSDT 1h: 当前价格=2434.58, EMA25=2435.08, EMA60=2427.11, EMA120=2415.70, 趋势=震荡行情
[2025-06-27 13:32:32] ETHUSDT 4h: 当前价格=2434.58, EMA25=2418.28, EMA60=2435.14, EMA120=2472.48, 趋势=震荡行情
[2025-06-27 13:32:32] ETHUSDT 1d: 当前价格=2434.58, EMA25=2469.91, EMA60=2401.21, EMA120=2384.09, 趋势=震荡行情
==============================

===== 趋势分析结果 (2025-06-27 13:47:32) =====
[2025-06-27 13:47:30] BTCUSDT 15m: 当前价格=107299.90, EMA25=107247.99, EMA60=107228.03, EMA120=107182.18, 趋势=上涨趋势
[2025-06-27 13:47:30] BTCUSDT 1h: 当前价格=107299.90, EMA25=107217.16, EMA60=106707.31, EMA120=105804.78, 趋势=上涨趋势
[2025-06-27 13:47:31] BTCUSDT 4h: 当前价格=107299.90, EMA25=106116.42, EMA60=105315.79, EMA120=105251.92, 趋势=上涨趋势
[2025-06-27 13:47:31] BTCUSDT 1d: 当前价格=107299.90, EMA25=105366.50, EMA60=102768.34, EMA120=98616.71, 趋势=上涨趋势
[2025-06-27 13:47:31] ETHUSDT 15m: 当前价格=2437.09, EMA25=2434.97, EMA60=2433.39, EMA120=2435.07, 趋势=震荡行情
[2025-06-27 13:47:32] ETHUSDT 1h: 当前价格=2437.09, EMA25=2435.27, EMA60=2427.19, EMA120=2415.74, 趋势=上涨趋势
[2025-06-27 13:47:32] ETHUSDT 4h: 当前价格=2437.09, EMA25=2418.48, EMA60=2435.22, EMA120=2472.52, 趋势=震荡行情
[2025-06-27 13:47:32] ETHUSDT 1d: 当前价格=2437.08, EMA25=2470.10, EMA60=2401.30, EMA120=2384.13, 趋势=震荡行情
==============================

===== 趋势分析结果 (2025-06-27 14:02:32) =====
[2025-06-27 14:02:30] BTCUSDT 15m: 当前价格=107233.50, EMA25=107240.56, EMA60=107225.39, EMA120=107181.55, 趋势=震荡行情
[2025-06-27 14:02:31] BTCUSDT 1h: 当前价格=107233.50, EMA25=107212.10, EMA60=106721.75, EMA120=105826.96, 趋势=上涨趋势
[2025-06-27 14:02:31] BTCUSDT 4h: 当前价格=107233.50, EMA25=106111.31, EMA60=105313.61, EMA120=105250.82, 趋势=上涨趋势
[2025-06-27 14:02:31] BTCUSDT 1d: 当前价格=107233.50, EMA25=105361.39, EMA60=102766.16, EMA120=98615.62, 趋势=上涨趋势
[2025-06-27 14:02:31] ETHUSDT 15m: 当前价格=2439.31, EMA25=2435.38, EMA60=2433.62, EMA120=2435.16, 趋势=上涨趋势
[2025-06-27 14:02:32] ETHUSDT 1h: 当前价格=2439.31, EMA25=2435.66, EMA60=2427.62, EMA120=2416.14, 趋势=上涨趋势
[2025-06-27 14:02:32] ETHUSDT 4h: 当前价格=2439.31, EMA25=2418.65, EMA60=2435.29, EMA120=2472.56, 趋势=震荡行情
[2025-06-27 14:02:32] ETHUSDT 1d: 当前价格=2439.31, EMA25=2470.27, EMA60=2401.37, EMA120=2384.16, 趋势=震荡行情
==============================

===== 趋势分析结果 (2025-06-27 14:17:32) =====
[2025-06-27 14:17:30] BTCUSDT 15m: 当前价格=107308.70, EMA25=107251.43, EMA60=107230.63, EMA120=107184.91, 趋势=上涨趋势
[2025-06-27 14:17:30] BTCUSDT 1h: 当前价格=107308.80, EMA25=107217.90, EMA60=106724.21, EMA120=105828.21, 趋势=上涨趋势
[2025-06-27 14:17:31] BTCUSDT 4h: 当前价格=107308.80, EMA25=106117.10, EMA60=105316.08, EMA120=105252.06, 趋势=上涨趋势
[2025-06-27 14:17:31] BTCUSDT 1d: 当前价格=107308.70, EMA25=105367.18, EMA60=102768.63, EMA120=98616.86, 趋势=上涨趋势
[2025-06-27 14:17:31] ETHUSDT 15m: 当前价格=2444.17, EMA25=2436.24, EMA60=2434.05, EMA120=2435.35, 趋势=上涨趋势
[2025-06-27 14:17:32] ETHUSDT 1h: 当前价格=2444.16, EMA25=2436.03, EMA60=2427.78, EMA120=2416.22, 趋势=上涨趋势
[2025-06-27 14:17:32] ETHUSDT 4h: 当前价格=2444.16, EMA25=2419.02, EMA60=2435.45, EMA120=2472.64, 趋势=震荡行情
[2025-06-27 14:17:32] ETHUSDT 1d: 当前价格=2444.16, EMA25=2470.64, EMA60=2401.53, EMA120=2384.24, 趋势=震荡行情
==============================

===== 趋势分析结果 (2025-06-27 14:32:32) =====
[2025-06-27 14:32:30] BTCUSDT 15m: 当前价格=107214.40, EMA25=107242.24, EMA60=107227.27, EMA120=107183.92, 趋势=震荡行情
[2025-06-27 14:32:30] BTCUSDT 1h: 当前价格=107214.40, EMA25=107210.64, EMA60=106721.12, EMA120=105826.65, 趋势=上涨趋势
[2025-06-27 14:32:31] BTCUSDT 4h: 当前价格=107214.10, EMA25=106109.82, EMA60=105312.98, EMA120=105250.50, 趋势=上涨趋势
[2025-06-27 14:32:31] BTCUSDT 1d: 当前价格=107218.70, EMA25=105360.25, EMA60=102765.68, EMA120=98615.37, 趋势=上涨趋势
[2025-06-27 14:32:31] ETHUSDT 15m: 当前价格=2439.87, EMA25=2436.22, EMA60=2434.10, EMA120=2435.35, 趋势=上涨趋势
[2025-06-27 14:32:32] ETHUSDT 1h: 当前价格=2439.87, EMA25=2435.70, EMA60=2427.64, EMA120=2416.15, 趋势=上涨趋势
[2025-06-27 14:32:32] ETHUSDT 4h: 当前价格=2439.87, EMA25=2418.69, EMA60=2435.31, EMA120=2472.57, 趋势=震荡行情
[2025-06-27 14:32:32] ETHUSDT 1d: 当前价格=2440.27, EMA25=2470.34, EMA60=2401.40, EMA120=2384.18, 趋势=震荡行情
==============================

===== 趋势分析结果 (2025-06-27 14:47:32) =====
[2025-06-27 14:47:30] BTCUSDT 15m: 当前价格=107300.00, EMA25=107251.57, EMA60=107231.84, EMA120=107186.92, 趋势=上涨趋势
[2025-06-27 14:47:31] BTCUSDT 1h: 当前价格=107300.00, EMA25=107217.22, EMA60=106723.93, EMA120=105828.06, 趋势=上涨趋势
[2025-06-27 14:47:31] BTCUSDT 4h: 当前价格=107300.00, EMA25=106116.43, EMA60=105315.79, EMA120=105251.92, 趋势=上涨趋势
[2025-06-27 14:47:31] BTCUSDT 1d: 当前价格=107300.00, EMA25=105366.51, EMA60=102768.34, EMA120=98616.72, 趋势=上涨趋势
[2025-06-27 14:47:31] ETHUSDT 15m: 当前价格=2446.04, EMA25=2437.32, EMA60=2434.65, EMA120=2435.61, 趋势=上涨趋势
[2025-06-27 14:47:32] ETHUSDT 1h: 当前价格=2446.04, EMA25=2436.18, EMA60=2427.84, EMA120=2416.25, 趋势=上涨趋势
[2025-06-27 14:47:32] ETHUSDT 4h: 当前价格=2446.04, EMA25=2419.16, EMA60=2435.51, EMA120=2472.67, 趋势=震荡行情
[2025-06-27 14:47:32] ETHUSDT 1d: 当前价格=2446.04, EMA25=2470.79, EMA60=2401.59, EMA120=2384.28, 趋势=震荡行情
==============================

===== 趋势分析结果 (2025-06-27 15:02:32) =====
[2025-06-27 15:02:30] BTCUSDT 15m: 当前价格=107251.30, EMA25=107246.51, EMA60=107230.23, EMA120=107186.81, 趋势=上涨趋势
[2025-06-27 15:02:30] BTCUSDT 1h: 当前价格=107251.40, EMA25=107214.82, EMA60=106738.97, EMA120=105850.44, 趋势=上涨趋势
[2025-06-27 15:02:31] BTCUSDT 4h: 当前价格=107251.40, EMA25=106112.69, EMA60=105314.20, EMA120=105251.11, 趋势=上涨趋势
[2025-06-27 15:02:31] BTCUSDT 1d: 当前价格=107251.30, EMA25=105362.76, EMA60=102766.75, EMA120=98615.91, 趋势=上涨趋势
[2025-06-27 15:02:31] ETHUSDT 15m: 当前价格=2447.58, EMA25=2438.18, EMA60=2435.11, EMA120=2435.82, 趋势=上涨趋势
[2025-06-27 15:02:32] ETHUSDT 1h: 当前价格=2447.58, EMA25=2437.13, EMA60=2428.53, EMA120=2416.79, 趋势=上涨趋势
[2025-06-27 15:02:32] ETHUSDT 4h: 当前价格=2447.58, EMA25=2419.28, EMA60=2435.56, EMA120=2472.70, 趋势=震荡行情
[2025-06-27 15:02:32] ETHUSDT 1d: 当前价格=2447.64, EMA25=2470.91, EMA60=2401.64, EMA120=2384.30, 趋势=震荡行情
==============================

===== 趋势分析结果 (2025-06-27 15:17:32) =====
[2025-06-27 15:17:30] BTCUSDT 15m: 当前价格=107506.00, EMA25=107280.27, EMA60=107245.43, EMA120=107195.21, 趋势=上涨趋势
[2025-06-27 15:17:31] BTCUSDT 1h: 当前价格=107506.00, EMA25=107234.40, EMA60=106747.32, EMA120=105854.65, 趋势=上涨趋势
[2025-06-27 15:17:31] BTCUSDT 4h: 当前价格=107506.00, EMA25=106132.27, EMA60=105322.55, EMA120=105255.32, 趋势=上涨趋势
[2025-06-27 15:17:31] BTCUSDT 1d: 当前价格=107506.00, EMA25=105382.35, EMA60=102775.10, EMA120=98620.12, 趋势=上涨趋势
[2025-06-27 15:17:31] ETHUSDT 15m: 当前价格=2451.60, EMA25=2439.47, EMA60=2435.76, EMA120=2436.14, 趋势=上涨趋势
[2025-06-27 15:17:32] ETHUSDT 1h: 当前价格=2451.45, EMA25=2437.43, EMA60=2428.65, EMA120=2416.85, 趋势=上涨趋势
[2025-06-27 15:17:32] ETHUSDT 4h: 当前价格=2451.60, EMA25=2419.59, EMA60=2435.70, EMA120=2472.76, 趋势=震荡行情
[2025-06-27 15:17:32] ETHUSDT 1d: 当前价格=2451.45, EMA25=2471.20, EMA60=2401.77, EMA120=2384.36, 趋势=震荡行情
==============================

===== 趋势分析结果 (2025-06-27 15:32:33) =====
[2025-06-27 15:32:30] BTCUSDT 15m: 当前价格=107236.70, EMA25=107261.92, EMA60=107238.45, EMA120=107192.44, 趋势=震荡行情
[2025-06-27 15:32:30] BTCUSDT 1h: 当前价格=107236.60, EMA25=107213.68, EMA60=106738.49, EMA120=105850.20, 趋势=上涨趋势
[2025-06-27 15:32:31] BTCUSDT 4h: 当前价格=107236.60, EMA25=106111.55, EMA60=105313.71, EMA120=105250.87, 趋势=上涨趋势
[2025-06-27 15:32:32] BTCUSDT 1d: 当前价格=107236.60, EMA25=105361.63, EMA60=102766.27, EMA120=98615.67, 趋势=上涨趋势
[2025-06-27 15:32:32] ETHUSDT 15m: 当前价格=2442.88, EMA25=2439.23, EMA60=2435.77, EMA120=2436.14, 趋势=上涨趋势
[2025-06-27 15:32:32] ETHUSDT 1h: 当前价格=2442.88, EMA25=2436.77, EMA60=2428.37, EMA120=2416.71, 趋势=上涨趋势
[2025-06-27 15:32:32] ETHUSDT 4h: 当前价格=2443.31, EMA25=2418.95, EMA60=2435.42, EMA120=2472.63, 趋势=震荡行情
[2025-06-27 15:32:33] ETHUSDT 1d: 当前价格=2443.17, EMA25=2470.57, EMA60=2401.49, EMA120=2384.23, 趋势=震荡行情
==============================

===== 趋势分析结果 (2025-06-27 15:47:32) =====
[2025-06-27 15:47:30] BTCUSDT 15m: 当前价格=106920.40, EMA25=107213.33, EMA60=107218.05, EMA120=107182.81, 趋势=震荡行情
[2025-06-27 15:47:31] BTCUSDT 1h: 当前价格=106920.50, EMA25=107189.36, EMA60=106728.12, EMA120=105844.97, 趋势=震荡行情
[2025-06-27 15:47:31] BTCUSDT 4h: 当前价格=106920.40, EMA25=106087.23, EMA60=105303.35, EMA120=105245.64, 趋势=上涨趋势
[2025-06-27 15:47:31] BTCUSDT 1d: 当前价格=106920.50, EMA25=105337.32, EMA60=102755.90, EMA120=98610.44, 趋势=上涨趋势
[2025-06-27 15:47:31] ETHUSDT 15m: 当前价格=2438.04, EMA25=2438.80, EMA60=2435.69, EMA120=2436.09, 趋势=震荡行情
[2025-06-27 15:47:32] ETHUSDT 1h: 当前价格=2438.00, EMA25=2436.39, EMA60=2428.21, EMA120=2416.63, 趋势=上涨趋势
[2025-06-27 15:47:32] ETHUSDT 4h: 当前价格=2438.04, EMA25=2418.55, EMA60=2435.25, EMA120=2472.54, 趋势=震荡行情
[2025-06-27 15:47:32] ETHUSDT 1d: 当前价格=2438.04, EMA25=2470.17, EMA60=2401.33, EMA120=2384.14, 趋势=震荡行情
==============================

===== 趋势分析结果 (2025-06-27 16:02:32) =====
[2025-06-27 16:02:30] BTCUSDT 15m: 当前价格=106965.00, EMA25=107186.88, EMA60=107206.47, EMA120=107177.51, 趋势=震荡行情
[2025-06-27 16:02:31] BTCUSDT 1h: 当前价格=106965.00, EMA25=107164.75, EMA60=106732.60, EMA120=105861.80, 趋势=震荡行情
[2025-06-27 16:02:31] BTCUSDT 4h: 当前价格=106965.00, EMA25=106147.40, EMA60=105354.55, EMA120=105272.26, 趋势=上涨趋势
[2025-06-27 16:02:31] BTCUSDT 1d: 当前价格=106965.00, EMA25=105340.74, EMA60=102757.36, EMA120=98611.18, 趋势=上涨趋势
[2025-06-27 16:02:31] ETHUSDT 15m: 当前价格=2441.70, EMA25=2439.24, EMA60=2435.99, EMA120=2436.23, 趋势=上涨趋势
[2025-06-27 16:02:32] ETHUSDT 1h: 当前价格=2441.70, EMA25=2437.03, EMA60=2428.76, EMA120=2417.09, 趋势=上涨趋势
[2025-06-27 16:02:32] ETHUSDT 4h: 当前价格=2441.70, EMA25=2420.55, EMA60=2435.56, EMA120=2472.07, 趋势=震荡行情
[2025-06-27 16:02:32] ETHUSDT 1d: 当前价格=2441.70, EMA25=2470.45, EMA60=2401.45, EMA120=2384.20, 趋势=震荡行情
==============================

===== 趋势分析结果 (2025-06-27 16:17:32) =====
[2025-06-27 16:17:30] BTCUSDT 15m: 当前价格=106830.00, EMA25=107150.02, EMA60=107189.93, EMA120=107169.59, 趋势=下跌趋势
[2025-06-27 16:17:30] BTCUSDT 1h: 当前价格=106830.00, EMA25=107154.36, EMA60=106728.18, EMA120=105859.57, 趋势=震荡行情
[2025-06-27 16:17:31] BTCUSDT 4h: 当前价格=106829.90, EMA25=106137.01, EMA60=105350.12, EMA120=105270.02, 趋势=上涨趋势
[2025-06-27 16:17:31] BTCUSDT 1d: 当前价格=106829.90, EMA25=105330.35, EMA60=102752.93, EMA120=98608.95, 趋势=上涨趋势
[2025-06-27 16:17:31] ETHUSDT 15m: 当前价格=2438.01, EMA25=2438.92, EMA60=2435.95, EMA120=2436.21, 趋势=震荡行情
[2025-06-27 16:17:32] ETHUSDT 1h: 当前价格=2438.01, EMA25=2436.74, EMA60=2428.63, EMA120=2417.03, 趋势=上涨趋势
[2025-06-27 16:17:32] ETHUSDT 4h: 当前价格=2438.01, EMA25=2420.27, EMA60=2435.44, EMA120=2472.01, 趋势=震荡行情
[2025-06-27 16:17:32] ETHUSDT 1d: 当前价格=2438.25, EMA25=2470.19, EMA60=2401.33, EMA120=2384.15, 趋势=震荡行情
==============================

===== 趋势分析结果 (2025-06-27 16:32:32) =====
[2025-06-27 16:32:30] BTCUSDT 15m: 当前价格=106670.60, EMA25=107101.50, EMA60=107167.70, EMA120=107158.65, 趋势=下跌趋势
[2025-06-27 16:32:31] BTCUSDT 1h: 当前价格=106670.50, EMA25=107142.09, EMA60=106722.95, EMA120=105856.94, 趋势=震荡行情
[2025-06-27 16:32:31] BTCUSDT 4h: 当前价格=106670.50, EMA25=106124.75, EMA60=105344.89, EMA120=105267.39, 趋势=上涨趋势
[2025-06-27 16:32:31] BTCUSDT 1d: 当前价格=106670.60, EMA25=105318.09, EMA60=102747.71, EMA120=98606.31, 趋势=上涨趋势
[2025-06-27 16:32:31] ETHUSDT 15m: 当前价格=2440.09, EMA25=2438.92, EMA60=2436.05, EMA120=2436.25, 趋势=上涨趋势
[2025-06-27 16:32:32] ETHUSDT 1h: 当前价格=2440.08, EMA25=2436.90, EMA60=2428.70, EMA120=2417.07, 趋势=上涨趋势
[2025-06-27 16:32:32] ETHUSDT 4h: 当前价格=2440.08, EMA25=2420.43, EMA60=2435.51, EMA120=2472.05, 趋势=震荡行情
[2025-06-27 16:32:32] ETHUSDT 1d: 当前价格=2440.08, EMA25=2470.33, EMA60=2401.39, EMA120=2384.18, 趋势=震荡行情
==============================

===== 趋势分析结果 (2025-06-27 16:47:32) =====
[2025-06-27 16:47:30] BTCUSDT 15m: 当前价格=107043.50, EMA25=107103.70, EMA60=107166.60, EMA120=107158.24, 趋势=下跌趋势
[2025-06-27 16:47:31] BTCUSDT 1h: 当前价格=107014.00, EMA25=107168.52, EMA60=106734.21, EMA120=105862.61, 趋势=震荡行情
[2025-06-27 16:47:31] BTCUSDT 4h: 当前价格=107014.00, EMA25=106151.17, EMA60=105356.15, EMA120=105273.07, 趋势=上涨趋势
[2025-06-27 16:47:31] BTCUSDT 1d: 当前价格=107043.50, EMA25=105346.78, EMA60=102759.93, EMA120=98612.48, 趋势=上涨趋势
[2025-06-27 16:47:31] ETHUSDT 15m: 当前价格=2461.03, EMA25=2441.21, EMA60=2437.13, EMA120=2436.80, 趋势=上涨趋势
[2025-06-27 16:47:32] ETHUSDT 1h: 当前价格=2461.03, EMA25=2438.52, EMA60=2429.39, EMA120=2417.41, 趋势=上涨趋势
[2025-06-27 16:47:32] ETHUSDT 4h: 当前价格=2461.03, EMA25=2422.04, EMA60=2436.20, EMA120=2472.39, 趋势=震荡行情
[2025-06-27 16:47:32] ETHUSDT 1d: 当前价格=2461.17, EMA25=2471.95, EMA60=2402.09, EMA120=2384.53, 趋势=震荡行情
==============================

===== 趋势分析结果 (2025-06-27 17:02:32) =====
[2025-06-27 17:02:30] BTCUSDT 15m: 当前价格=106910.10, EMA25=107082.24, EMA60=107155.26, EMA120=107152.61, 趋势=下跌趋势
[2025-06-27 17:02:31] BTCUSDT 1h: 当前价格=106910.10, EMA25=107144.16, EMA60=106737.98, EMA120=105878.90, 趋势=震荡行情
[2025-06-27 17:02:31] BTCUSDT 4h: 当前价格=106910.10, EMA25=106143.18, EMA60=105352.75, EMA120=105271.35, 趋势=上涨趋势
[2025-06-27 17:02:31] BTCUSDT 1d: 当前价格=106910.10, EMA25=105336.52, EMA60=102755.56, EMA120=98610.27, 趋势=上涨趋势
[2025-06-27 17:02:31] ETHUSDT 15m: 当前价格=2446.27, EMA25=2440.61, EMA60=2436.99, EMA120=2436.72, 趋势=上涨趋势
[2025-06-27 17:02:32] ETHUSDT 1h: 当前价格=2446.26, EMA25=2438.12, EMA60=2429.50, EMA120=2417.66, 趋势=上涨趋势
[2025-06-27 17:02:32] ETHUSDT 4h: 当前价格=2446.26, EMA25=2420.90, EMA60=2435.71, EMA120=2472.15, 趋势=震荡行情
[2025-06-27 17:02:32] ETHUSDT 1d: 当前价格=2446.26, EMA25=2470.80, EMA60=2401.60, EMA120=2384.28, 趋势=震荡行情
==============================

===== 趋势分析结果 (2025-06-27 17:17:32) =====
[2025-06-27 17:17:30] BTCUSDT 15m: 当前价格=106850.00, EMA25=107054.12, EMA60=107140.67, EMA120=107145.24, 趋势=下跌趋势
[2025-06-27 17:17:30] BTCUSDT 1h: 当前价格=106850.00, EMA25=107139.54, EMA60=106736.01, EMA120=105877.90, 趋势=震荡行情
[2025-06-27 17:17:31] BTCUSDT 4h: 当前价格=106850.00, EMA25=106138.55, EMA60=105350.77, EMA120=105270.36, 趋势=上涨趋势
[2025-06-27 17:17:31] BTCUSDT 1d: 当前价格=106850.00, EMA25=105331.89, EMA60=102753.59, EMA120=98609.28, 趋势=上涨趋势
[2025-06-27 17:17:31] ETHUSDT 15m: 当前价格=2450.74, EMA25=2441.30, EMA60=2437.40, EMA120=2436.94, 趋势=上涨趋势
[2025-06-27 17:17:32] ETHUSDT 1h: 当前价格=2450.94, EMA25=2438.48, EMA60=2429.65, EMA120=2417.74, 趋势=上涨趋势
[2025-06-27 17:17:32] ETHUSDT 4h: 当前价格=2450.74, EMA25=2421.25, EMA60=2435.86, EMA120=2472.22, 趋势=震荡行情
[2025-06-27 17:17:32] ETHUSDT 1d: 当前价格=2450.74, EMA25=2471.15, EMA60=2401.74, EMA120=2384.35, 趋势=震荡行情
==============================

===== 趋势分析结果 (2025-06-27 17:32:32) =====
[2025-06-27 17:32:30] BTCUSDT 15m: 当前价格=106854.60, EMA25=107033.79, EMA60=107129.06, EMA120=107139.27, 趋势=下跌趋势
[2025-06-27 17:32:30] BTCUSDT 1h: 当前价格=106854.60, EMA25=107139.90, EMA60=106736.16, EMA120=105877.98, 趋势=震荡行情
[2025-06-27 17:32:31] BTCUSDT 4h: 当前价格=106872.10, EMA25=106140.25, EMA60=105351.50, EMA120=105270.72, 趋势=上涨趋势
[2025-06-27 17:32:31] BTCUSDT 1d: 当前价格=106872.10, EMA25=105333.59, EMA60=102754.32, EMA120=98609.64, 趋势=上涨趋势
[2025-06-27 17:32:31] ETHUSDT 15m: 当前价格=2450.82, EMA25=2441.78, EMA60=2437.73, EMA120=2437.11, 趋势=上涨趋势
[2025-06-27 17:32:32] ETHUSDT 1h: 当前价格=2450.81, EMA25=2438.47, EMA60=2429.65, EMA120=2417.74, 趋势=上涨趋势
[2025-06-27 17:32:32] ETHUSDT 4h: 当前价格=2450.81, EMA25=2421.25, EMA60=2435.86, EMA120=2472.23, 趋势=震荡行情
[2025-06-27 17:32:32] ETHUSDT 1d: 当前价格=2450.81, EMA25=2471.15, EMA60=2401.75, EMA120=2384.35, 趋势=震荡行情
==============================

===== 趋势分析结果 (2025-06-27 17:47:34) =====
[2025-06-27 17:47:30] BTCUSDT 15m: 当前价格=106999.90, EMA25=107041.61, EMA60=107129.49, EMA120=107139.33, 趋势=下跌趋势
[2025-06-27 17:47:30] BTCUSDT 1h: 当前价格=106988.70, EMA25=107150.21, EMA60=106740.56, EMA120=105880.19, 趋势=震荡行情
[2025-06-27 17:47:31] BTCUSDT 4h: 当前价格=106999.90, EMA25=106150.08, EMA60=105355.69, EMA120=105272.83, 趋势=上涨趋势
[2025-06-27 17:47:33] BTCUSDT 1d: 当前价格=107000.00, EMA25=105343.43, EMA60=102758.51, EMA120=98611.76, 趋势=上涨趋势
[2025-06-27 17:47:33] ETHUSDT 15m: 当前价格=2453.75, EMA25=2442.97, EMA60=2438.37, EMA120=2437.44, 趋势=上涨趋势
[2025-06-27 17:47:34] ETHUSDT 1h: 当前价格=2453.75, EMA25=2438.70, EMA60=2429.75, EMA120=2417.79, 趋势=上涨趋势
[2025-06-27 17:47:34] ETHUSDT 4h: 当前价格=2453.75, EMA25=2421.48, EMA60=2435.96, EMA120=2472.27, 趋势=震荡行情
[2025-06-27 17:47:34] ETHUSDT 1d: 当前价格=2453.75, EMA25=2471.38, EMA60=2401.84, EMA120=2384.40, 趋势=震荡行情
==============================

===== 趋势分析结果 (2025-06-27 18:02:32) =====
[2025-06-27 18:02:30] BTCUSDT 15m: 当前价格=107064.10, EMA25=107046.37, EMA60=107128.70, EMA120=107138.75, 趋势=震荡行情
[2025-06-27 18:02:31] BTCUSDT 1h: 当前价格=107064.10, EMA25=107147.41, EMA60=106752.87, EMA120=105900.63, 趋势=震荡行情
[2025-06-27 18:02:31] BTCUSDT 4h: 当前价格=107062.30, EMA25=106154.88, EMA60=105357.74, EMA120=105273.86, 趋势=上涨趋势
[2025-06-27 18:02:31] BTCUSDT 1d: 当前价格=107062.30, EMA25=105348.22, EMA60=102760.55, EMA120=98612.79, 趋势=上涨趋势
[2025-06-27 18:02:31] ETHUSDT 15m: 当前价格=2457.48, EMA25=2444.50, EMA60=2439.18, EMA120=2437.87, 趋势=上涨趋势
[2025-06-27 18:02:32] ETHUSDT 1h: 当前价格=2457.14, EMA25=2440.53, EMA60=2430.83, EMA120=2418.53, 趋势=上涨趋势
[2025-06-27 18:02:32] ETHUSDT 4h: 当前价格=2457.13, EMA25=2421.74, EMA60=2436.07, EMA120=2472.33, 趋势=震荡行情
[2025-06-27 18:02:32] ETHUSDT 1d: 当前价格=2457.13, EMA25=2471.64, EMA60=2401.95, EMA120=2384.46, 趋势=震荡行情
==============================

===== 趋势分析结果 (2025-06-27 18:17:33) =====
[2025-06-27 18:17:29] BTCUSDT 15m: 当前价格=107032.40, EMA25=107038.50, EMA60=107122.50, EMA120=107135.41, 趋势=下跌趋势
[2025-06-27 18:17:29] BTCUSDT 1h: 当前价格=107032.30, EMA25=107144.97, EMA60=106751.83, EMA120=105900.10, 趋势=震荡行情
[2025-06-27 18:17:30] BTCUSDT 4h: 当前价格=107032.30, EMA25=106152.58, EMA60=105356.75, EMA120=105273.37, 趋势=上涨趋势
[2025-06-27 18:17:30] BTCUSDT 1d: 当前价格=107032.30, EMA25=105345.92, EMA60=102759.57, EMA120=98612.29, 趋势=上涨趋势
[2025-06-27 18:17:30] ETHUSDT 15m: 当前价格=2451.34, EMA25=2444.54, EMA60=2439.36, EMA120=2437.98, 趋势=上涨趋势
[2025-06-27 18:17:30] ETHUSDT 1h: 当前价格=2451.34, EMA25=2440.08, EMA60=2430.64, EMA120=2418.43, 趋势=上涨趋势
[2025-06-27 18:17:33] ETHUSDT 4h: 当前价格=2451.60, EMA25=2421.31, EMA60=2435.89, EMA120=2472.24, 趋势=震荡行情
[2025-06-27 18:17:33] ETHUSDT 1d: 当前价格=2451.60, EMA25=2471.21, EMA60=2401.77, EMA120=2384.37, 趋势=震荡行情
==============================

===== 趋势分析结果 (2025-06-27 18:32:32) =====
[2025-06-27 18:32:29] BTCUSDT 15m: 当前价格=106973.30, EMA25=107027.83, EMA60=107115.09, EMA120=107131.40, 趋势=下跌趋势
[2025-06-27 18:32:29] BTCUSDT 1h: 当前价格=106973.20, EMA25=107140.42, EMA60=106749.89, EMA120=105899.13, 趋势=震荡行情
[2025-06-27 18:32:30] BTCUSDT 4h: 当前价格=106955.40, EMA25=106146.66, EMA60=105354.23, EMA120=105272.10, 趋势=上涨趋势
[2025-06-27 18:32:30] BTCUSDT 1d: 当前价格=106955.40, EMA25=105340.00, EMA60=102757.05, EMA120=98611.02, 趋势=上涨趋势
[2025-06-27 18:32:30] ETHUSDT 15m: 当前价格=2449.05, EMA25=2444.82, EMA60=2439.65, EMA120=2438.14, 趋势=上涨趋势
[2025-06-27 18:32:31] ETHUSDT 1h: 当前价格=2449.10, EMA25=2439.91, EMA60=2430.56, EMA120=2418.39, 趋势=上涨趋势
[2025-06-27 18:32:31] ETHUSDT 4h: 当前价格=2449.05, EMA25=2421.12, EMA60=2435.80, EMA120=2472.20, 趋势=震荡行情
[2025-06-27 18:32:32] ETHUSDT 1d: 当前价格=2449.05, EMA25=2471.02, EMA60=2401.69, EMA120=2384.33, 趋势=震荡行情
==============================

===== 趋势分析结果 (2025-06-27 18:47:32) =====
[2025-06-27 18:47:29] BTCUSDT 15m: 当前价格=106924.00, EMA25=107019.07, EMA60=107108.48, EMA120=107127.77, 趋势=下跌趋势
[2025-06-27 18:47:29] BTCUSDT 1h: 当前价格=106923.10, EMA25=107136.57, EMA60=106748.25, EMA120=105898.30, 趋势=震荡行情
[2025-06-27 18:47:30] BTCUSDT 4h: 当前价格=106923.10, EMA25=106144.18, EMA60=105353.17, EMA120=105271.56, 趋势=上涨趋势
[2025-06-27 18:47:30] BTCUSDT 1d: 当前价格=106923.10, EMA25=105337.52, EMA60=102755.99, EMA120=98610.49, 趋势=上涨趋势
[2025-06-27 18:47:30] ETHUSDT 15m: 当前价格=2447.71, EMA25=2444.96, EMA60=2439.88, EMA120=2438.28, 趋势=上涨趋势
[2025-06-27 18:47:32] ETHUSDT 1h: 当前价格=2447.71, EMA25=2439.80, EMA60=2430.52, EMA120=2418.37, 趋势=上涨趋势
[2025-06-27 18:47:32] ETHUSDT 4h: 当前价格=2447.70, EMA25=2421.01, EMA60=2435.76, EMA120=2472.17, 趋势=震荡行情
[2025-06-27 18:47:32] ETHUSDT 1d: 当前价格=2447.71, EMA25=2470.92, EMA60=2401.64, EMA120=2384.30, 趋势=震荡行情
==============================

===== 趋势分析结果 (2025-06-27 19:02:33) =====
[2025-06-27 19:02:29] BTCUSDT 15m: 当前价格=106976.10, EMA25=107017.86, EMA60=107105.07, EMA120=107125.71, 趋势=下跌趋势
[2025-06-27 19:02:29] BTCUSDT 1h: 当前价格=106976.10, EMA25=107126.38, EMA60=106756.68, EMA120=105916.61, 趋势=震荡行情
[2025-06-27 19:02:30] BTCUSDT 4h: 当前价格=106976.10, EMA25=106148.25, EMA60=105354.91, EMA120=105272.44, 趋势=上涨趋势
[2025-06-27 19:02:30] BTCUSDT 1d: 当前价格=106976.10, EMA25=105341.59, EMA60=102757.73, EMA120=98611.36, 趋势=上涨趋势
[2025-06-27 19:02:31] ETHUSDT 15m: 当前价格=2446.70, EMA25=2444.90, EMA60=2440.02, EMA120=2438.37, 趋势=上涨趋势
[2025-06-27 19:02:32] ETHUSDT 1h: 当前价格=2446.58, EMA25=2440.13, EMA60=2430.96, EMA120=2418.79, 趋势=上涨趋势
[2025-06-27 19:02:32] ETHUSDT 4h: 当前价格=2446.58, EMA25=2420.93, EMA60=2435.72, EMA120=2472.16, 趋势=震荡行情
[2025-06-27 19:02:33] ETHUSDT 1d: 当前价格=2446.70, EMA25=2470.84, EMA60=2401.61, EMA120=2384.29, 趋势=震荡行情
==============================

===== 趋势分析结果 (2025-06-27 19:17:32) =====
[2025-06-27 19:17:29] BTCUSDT 15m: 当前价格=107012.60, EMA25=107017.01, EMA60=107101.84, EMA120=107123.71, 趋势=下跌趋势
[2025-06-27 19:17:29] BTCUSDT 1h: 当前价格=107012.60, EMA25=107129.19, EMA60=106757.88, EMA120=105917.21, 趋势=震荡行情
[2025-06-27 19:17:30] BTCUSDT 4h: 当前价格=107012.60, EMA25=106151.06, EMA60=105356.11, EMA120=105273.04, 趋势=上涨趋势
[2025-06-27 19:17:31] BTCUSDT 1d: 当前价格=107012.50, EMA25=105344.39, EMA60=102758.92, EMA120=98611.96, 趋势=上涨趋势
[2025-06-27 19:17:31] ETHUSDT 15m: 当前价格=2451.79, EMA25=2445.53, EMA60=2440.45, EMA120=2438.62, 趋势=上涨趋势
[2025-06-27 19:17:32] ETHUSDT 1h: 当前价格=2451.64, EMA25=2440.52, EMA60=2431.12, EMA120=2418.87, 趋势=上涨趋势
[2025-06-27 19:17:32] ETHUSDT 4h: 当前价格=2451.79, EMA25=2421.33, EMA60=2435.89, EMA120=2472.24, 趋势=震荡行情
[2025-06-27 19:17:32] ETHUSDT 1d: 当前价格=2451.79, EMA25=2471.23, EMA60=2401.78, EMA120=2384.37, 趋势=震荡行情
==============================

===== 趋势分析结果 (2025-06-27 19:32:31) =====
[2025-06-27 19:32:29] BTCUSDT 15m: 当前价格=106891.10, EMA25=106997.21, EMA60=107090.41, EMA120=107117.51, 趋势=下跌趋势
[2025-06-27 19:32:29] BTCUSDT 1h: 当前价格=106891.20, EMA25=107119.85, EMA60=106753.90, EMA120=105915.21, 趋势=震荡行情
[2025-06-27 19:32:30] BTCUSDT 4h: 当前价格=106891.10, EMA25=106141.71, EMA60=105352.12, EMA120=105271.04, 趋势=上涨趋势
[2025-06-27 19:32:30] BTCUSDT 1d: 当前价格=106891.20, EMA25=105335.06, EMA60=102754.94, EMA120=98609.96, 趋势=上涨趋势
[2025-06-27 19:32:30] ETHUSDT 15m: 当前价格=2444.63, EMA25=2444.81, EMA60=2440.29, EMA120=2438.57, 趋势=震荡行情
[2025-06-27 19:32:30] ETHUSDT 1h: 当前价格=2444.63, EMA25=2439.98, EMA60=2430.89, EMA120=2418.76, 趋势=上涨趋势
[2025-06-27 19:32:31] ETHUSDT 4h: 当前价格=2444.63, EMA25=2420.78, EMA60=2435.66, EMA120=2472.12, 趋势=震荡行情
[2025-06-27 19:32:31] ETHUSDT 1d: 当前价格=2444.63, EMA25=2470.68, EMA60=2401.54, EMA120=2384.25, 趋势=震荡行情
==============================

===== 趋势分析结果 (2025-06-27 19:47:31) =====
[2025-06-27 19:47:29] BTCUSDT 15m: 当前价格=106947.50, EMA25=106997.67, EMA60=107087.64, EMA120=107115.66, 趋势=下跌趋势
[2025-06-27 19:47:29] BTCUSDT 1h: 当前价格=106947.50, EMA25=107124.18, EMA60=106755.75, EMA120=105916.14, 趋势=震荡行情
[2025-06-27 19:47:30] BTCUSDT 4h: 当前价格=106947.60, EMA25=106146.06, EMA60=105353.97, EMA120=105271.97, 趋势=上涨趋势
[2025-06-27 19:47:30] BTCUSDT 1d: 当前价格=106947.50, EMA25=105339.39, EMA60=102756.79, EMA120=98610.89, 趋势=上涨趋势
[2025-06-27 19:47:30] ETHUSDT 15m: 当前价格=2443.53, EMA25=2444.68, EMA60=2440.39, EMA120=2438.64, 趋势=震荡行情
[2025-06-27 19:47:30] ETHUSDT 1h: 当前价格=2443.53, EMA25=2439.89, EMA60=2430.86, EMA120=2418.74, 趋势=上涨趋势
[2025-06-27 19:47:31] ETHUSDT 4h: 当前价格=2443.89, EMA25=2420.72, EMA60=2435.63, EMA120=2472.11, 趋势=震荡行情
[2025-06-27 19:47:31] ETHUSDT 1d: 当前价格=2443.60, EMA25=2470.60, EMA60=2401.51, EMA120=2384.24, 趋势=震荡行情
==============================

===== 趋势分析结果 (2025-06-27 20:02:31) =====
[2025-06-27 20:02:29] BTCUSDT 15m: 当前价格=106918.70, EMA25=106991.33, EMA60=107081.98, EMA120=107112.31, 趋势=下跌趋势
[2025-06-27 20:02:29] BTCUSDT 1h: 当前价格=106918.70, EMA25=107108.11, EMA60=106760.97, EMA120=105932.65, 趋势=震荡行情
[2025-06-27 20:02:30] BTCUSDT 4h: 当前价格=106918.80, EMA25=106205.23, EMA60=105405.16, EMA120=105298.99, 趋势=上涨趋势
[2025-06-27 20:02:30] BTCUSDT 1d: 当前价格=106918.70, EMA25=105337.18, EMA60=102755.84, EMA120=98610.41, 趋势=上涨趋势
[2025-06-27 20:02:30] ETHUSDT 15m: 当前价格=2444.96, EMA25=2444.90, EMA60=2440.62, EMA120=2438.79, 趋势=上涨趋势
[2025-06-27 20:02:31] ETHUSDT 1h: 当前价格=2445.06, EMA25=2440.48, EMA60=2431.41, EMA120=2419.22, 趋势=上涨趋势
[2025-06-27 20:02:31] ETHUSDT 4h: 当前价格=2444.97, EMA25=2422.76, EMA60=2436.02, EMA120=2471.70, 趋势=震荡行情
[2025-06-27 20:02:31] ETHUSDT 1d: 当前价格=2445.06, EMA25=2470.71, EMA60=2401.56, EMA120=2384.26, 趋势=震荡行情
==============================

===== 趋势分析结果 (2025-06-27 20:17:31) =====
[2025-06-27 20:17:29] BTCUSDT 15m: 当前价格=106870.10, EMA25=106982.45, EMA60=107075.24, EMA120=107108.38, 趋势=下跌趋势
[2025-06-27 20:17:29] BTCUSDT 1h: 当前价格=106870.10, EMA25=107104.37, EMA60=106759.38, EMA120=105931.85, 趋势=震荡行情
[2025-06-27 20:17:30] BTCUSDT 4h: 当前价格=106870.10, EMA25=106201.48, EMA60=105403.56, EMA120=105298.19, 趋势=上涨趋势
[2025-06-27 20:17:30] BTCUSDT 1d: 当前价格=106870.10, EMA25=105333.44, EMA60=102754.25, EMA120=98609.61, 趋势=上涨趋势
[2025-06-27 20:17:30] ETHUSDT 15m: 当前价格=2448.54, EMA25=2445.43, EMA60=2441.00, EMA120=2439.01, 趋势=上涨趋势
[2025-06-27 20:17:31] ETHUSDT 1h: 当前价格=2448.53, EMA25=2440.75, EMA60=2431.52, EMA120=2419.27, 趋势=上涨趋势
[2025-06-27 20:17:31] ETHUSDT 4h: 当前价格=2448.53, EMA25=2423.03, EMA60=2436.13, EMA120=2471.75, 趋势=震荡行情
[2025-06-27 20:17:31] ETHUSDT 1d: 当前价格=2448.53, EMA25=2470.98, EMA60=2401.67, EMA120=2384.32, 趋势=震荡行情
==============================

===== 趋势分析结果 (2025-06-27 20:32:31) =====
[2025-06-27 20:32:29] BTCUSDT 15m: 当前价格=106737.20, EMA25=106981.68, EMA60=107072.24, EMA120=107106.34, 趋势=下跌趋势
[2025-06-27 20:32:29] BTCUSDT 1h: 当前价格=106737.20, EMA25=107094.14, EMA60=106755.02, EMA120=105929.65, 趋势=震荡行情
[2025-06-27 20:32:30] BTCUSDT 4h: 当前价格=106731.90, EMA25=106190.85, EMA60=105399.03, EMA120=105295.90, 趋势=上涨趋势
[2025-06-27 20:32:30] BTCUSDT 1d: 当前价格=106737.20, EMA25=105323.22, EMA60=102749.89, EMA120=98607.41, 趋势=上涨趋势
[2025-06-27 20:32:30] ETHUSDT 15m: 当前价格=2438.61, EMA25=2445.13, EMA60=2441.02, EMA120=2439.05, 趋势=震荡行情
[2025-06-27 20:32:30] ETHUSDT 1h: 当前价格=2438.61, EMA25=2439.99, EMA60=2431.20, EMA120=2419.11, 趋势=震荡行情
[2025-06-27 20:32:31] ETHUSDT 4h: 当前价格=2438.92, EMA25=2422.29, EMA60=2435.82, EMA120=2471.60, 趋势=震荡行情
[2025-06-27 20:32:31] ETHUSDT 1d: 当前价格=2439.10, EMA25=2470.25, EMA60=2401.36, EMA120=2384.16, 趋势=震荡行情
==============================

===== 趋势分析结果 (2025-06-27 20:47:31) =====
[2025-06-27 20:47:29] BTCUSDT 15m: 当前价格=106767.60, EMA25=106962.18, EMA60=107060.89, EMA120=107100.01, 趋势=下跌趋势
[2025-06-27 20:47:29] BTCUSDT 1h: 当前价格=106767.60, EMA25=107096.48, EMA60=106756.02, EMA120=105930.15, 趋势=震荡行情
[2025-06-27 20:47:30] BTCUSDT 4h: 当前价格=106767.60, EMA25=106193.59, EMA60=105400.20, EMA120=105296.49, 趋势=上涨趋势
[2025-06-27 20:47:30] BTCUSDT 1d: 当前价格=106767.50, EMA25=105325.55, EMA60=102750.89, EMA120=98607.91, 趋势=上涨趋势
[2025-06-27 20:47:30] ETHUSDT 15m: 当前价格=2438.38, EMA25=2444.51, EMA60=2440.89, EMA120=2439.01, 趋势=震荡行情
[2025-06-27 20:47:30] ETHUSDT 1h: 当前价格=2438.38, EMA25=2439.97, EMA60=2431.19, EMA120=2419.11, 趋势=震荡行情
[2025-06-27 20:47:31] ETHUSDT 4h: 当前价格=2438.38, EMA25=2422.25, EMA60=2435.80, EMA120=2471.59, 趋势=震荡行情
[2025-06-27 20:47:31] ETHUSDT 1d: 当前价格=2438.38, EMA25=2470.20, EMA60=2401.34, EMA120=2384.15, 趋势=震荡行情
==============================

===== 趋势分析结果 (2025-06-27 21:02:31) =====
[2025-06-27 21:02:29] BTCUSDT 15m: 当前价格=106679.10, EMA25=106930.75, EMA60=107044.06, EMA120=107090.80, 趋势=下跌趋势
[2025-06-27 21:02:29] BTCUSDT 1h: 当前价格=106677.60, EMA25=107054.61, EMA60=106749.13, EMA120=105940.32, 趋势=震荡行情
[2025-06-27 21:02:30] BTCUSDT 4h: 当前价格=106677.60, EMA25=106186.67, EMA60=105397.25, EMA120=105295.01, 趋势=上涨趋势
[2025-06-27 21:02:30] BTCUSDT 1d: 当前价格=106679.10, EMA25=105318.75, EMA60=102747.99, EMA120=98606.45, 趋势=上涨趋势
[2025-06-27 21:02:30] ETHUSDT 15m: 当前价格=2429.48, EMA25=2442.68, EMA60=2440.21, EMA120=2438.70, 趋势=震荡行情
[2025-06-27 21:02:30] ETHUSDT 1h: 当前价格=2429.15, EMA25=2438.46, EMA60=2430.82, EMA120=2419.12, 趋势=震荡行情
[2025-06-27 21:02:31] ETHUSDT 4h: 当前价格=2429.15, EMA25=2421.54, EMA60=2435.50, EMA120=2471.43, 趋势=震荡行情
[2025-06-27 21:02:31] ETHUSDT 1d: 当前价格=2429.06, EMA25=2469.48, EMA60=2401.03, EMA120=2383.99, 趋势=震荡行情
==============================

===== 趋势分析结果 (2025-06-27 21:17:33) =====
[2025-06-27 21:17:29] BTCUSDT 15m: 当前价格=106748.60, EMA25=106920.82, EMA60=107036.20, EMA120=107086.05, 趋势=下跌趋势
[2025-06-27 21:17:29] BTCUSDT 1h: 当前价格=106754.50, EMA25=107060.53, EMA60=106751.66, EMA120=105941.59, 趋势=震荡行情
[2025-06-27 21:17:30] BTCUSDT 4h: 当前价格=106748.60, EMA25=106192.13, EMA60=105399.58, EMA120=105296.18, 趋势=上涨趋势
[2025-06-27 21:17:30] BTCUSDT 1d: 当前价格=106748.60, EMA25=105324.09, EMA60=102750.27, EMA120=98607.60, 趋势=上涨趋势
[2025-06-27 21:17:30] ETHUSDT 15m: 当前价格=2434.16, EMA25=2442.35, EMA60=2440.16, EMA120=2438.70, 趋势=震荡行情
[2025-06-27 21:17:31] ETHUSDT 1h: 当前价格=2434.11, EMA25=2438.84, EMA60=2430.98, EMA120=2419.20, 趋势=震荡行情
[2025-06-27 21:17:31] ETHUSDT 4h: 当前价格=2434.11, EMA25=2421.92, EMA60=2435.66, EMA120=2471.52, 趋势=震荡行情
[2025-06-27 21:17:33] ETHUSDT 1d: 当前价格=2434.11, EMA25=2469.87, EMA60=2401.20, EMA120=2384.08, 趋势=震荡行情
==============================

===== 趋势分析结果 (2025-06-27 21:32:32) =====
[2025-06-27 21:32:29] BTCUSDT 15m: 当前价格=106636.20, EMA25=106891.81, EMA60=107019.91, EMA120=107076.94, 趋势=下跌趋势
[2025-06-27 21:32:30] BTCUSDT 1h: 当前价格=106636.20, EMA25=107051.43, EMA60=106747.78, EMA120=105939.63, 趋势=震荡行情
[2025-06-27 21:32:30] BTCUSDT 4h: 当前价格=106636.30, EMA25=106183.49, EMA60=105395.89, EMA120=105294.32, 趋势=上涨趋势
[2025-06-27 21:32:30] BTCUSDT 1d: 当前价格=106636.30, EMA25=105315.45, EMA60=102746.58, EMA120=98605.75, 趋势=上涨趋势
[2025-06-27 21:32:31] ETHUSDT 15m: 当前价格=2424.27, EMA25=2440.28, EMA60=2439.33, EMA120=2438.30, 趋势=震荡行情
[2025-06-27 21:32:31] ETHUSDT 1h: 当前价格=2424.64, EMA25=2438.11, EMA60=2430.67, EMA120=2419.04, 趋势=震荡行情
[2025-06-27 21:32:31] ETHUSDT 4h: 当前价格=2424.56, EMA25=2421.19, EMA60=2435.35, EMA120=2471.36, 趋势=震荡行情
[2025-06-27 21:32:32] ETHUSDT 1d: 当前价格=2424.80, EMA25=2469.15, EMA60=2400.89, EMA120=2383.92, 趋势=震荡行情
==============================

===== 趋势分析结果 (2025-06-27 21:47:31) =====
[2025-06-27 21:47:29] BTCUSDT 15m: 当前价格=106560.70, EMA25=106877.98, EMA60=107010.05, EMA120=107071.04, 趋势=下跌趋势
[2025-06-27 21:47:29] BTCUSDT 1h: 当前价格=106555.30, EMA25=107045.20, EMA60=106745.12, EMA120=105938.29, 趋势=震荡行情
[2025-06-27 21:47:30] BTCUSDT 4h: 当前价格=106555.30, EMA25=106177.26, EMA60=105393.24, EMA120=105292.98, 趋势=上涨趋势
[2025-06-27 21:47:30] BTCUSDT 1d: 当前价格=106555.30, EMA25=105309.22, EMA60=102743.93, EMA120=98604.41, 趋势=上涨趋势
[2025-06-27 21:47:30] ETHUSDT 15m: 当前价格=2419.90, EMA25=2438.92, EMA60=2438.79, EMA120=2438.05, 趋势=震荡行情
[2025-06-27 21:47:31] ETHUSDT 1h: 当前价格=2419.48, EMA25=2437.71, EMA60=2430.50, EMA120=2418.96, 趋势=震荡行情
[2025-06-27 21:47:31] ETHUSDT 4h: 当前价格=2419.90, EMA25=2420.83, EMA60=2435.19, EMA120=2471.28, 趋势=下跌趋势
[2025-06-27 21:47:31] ETHUSDT 1d: 当前价格=2419.25, EMA25=2468.73, EMA60=2400.71, EMA120=2383.83, 趋势=震荡行情
==============================

===== 趋势分析结果 (2025-06-27 22:02:33) =====
[2025-06-27 22:02:29] BTCUSDT 15m: 当前价格=106750.60, EMA25=106883.43, EMA60=107008.35, EMA120=107069.20, 趋势=下跌趋势
[2025-06-27 22:02:29] BTCUSDT 1h: 当前价格=106756.90, EMA25=107038.66, EMA60=106752.49, EMA120=105955.43, 趋势=震荡行情
[2025-06-27 22:02:29] BTCUSDT 4h: 当前价格=106750.60, EMA25=106192.29, EMA60=105399.64, EMA120=105296.21, 趋势=上涨趋势
[2025-06-27 22:02:30] BTCUSDT 1d: 当前价格=106750.60, EMA25=105324.25, EMA60=102750.33, EMA120=98607.63, 趋势=上涨趋势
[2025-06-27 22:02:31] ETHUSDT 15m: 当前价格=2425.20, EMA25=2438.36, EMA60=2438.56, EMA120=2437.95, 趋势=震荡行情
[2025-06-27 22:02:32] ETHUSDT 1h: 当前价格=2425.11, EMA25=2437.27, EMA60=2430.56, EMA120=2419.18, 趋势=震荡行情
[2025-06-27 22:02:33] ETHUSDT 4h: 当前价格=2425.11, EMA25=2421.23, EMA60=2435.36, EMA120=2471.37, 趋势=震荡行情
[2025-06-27 22:02:33] ETHUSDT 1d: 当前价格=2425.21, EMA25=2469.18, EMA60=2400.91, EMA120=2383.93, 趋势=震荡行情
==============================

===== 趋势分析结果 (2025-06-27 22:17:30) =====
[2025-06-27 22:17:29] BTCUSDT 15m: 当前价格=106562.10, EMA25=106852.66, EMA60=106991.02, EMA120=107059.40, 趋势=下跌趋势
[2025-06-27 22:17:29] BTCUSDT 1h: 当前价格=106560.00, EMA25=107023.52, EMA60=106746.04, EMA120=105952.17, 趋势=震荡行情
[2025-06-27 22:17:29] BTCUSDT 4h: 当前价格=106560.00, EMA25=106177.63, EMA60=105393.39, EMA120=105293.06, 趋势=上涨趋势
[2025-06-27 22:17:29] BTCUSDT 1d: 当前价格=106562.10, EMA25=105309.75, EMA60=102744.15, EMA120=98604.52, 趋势=上涨趋势
[2025-06-27 22:17:30] ETHUSDT 15m: 当前价格=2419.83, EMA25=2436.74, EMA60=2437.86, EMA120=2437.60, 趋势=下跌趋势
[2025-06-27 22:17:30] ETHUSDT 1h: 当前价格=2419.69, EMA25=2436.85, EMA60=2430.38, EMA120=2419.09, 趋势=震荡行情
[2025-06-27 22:17:30] ETHUSDT 4h: 当前价格=2419.45, EMA25=2420.79, EMA60=2435.18, EMA120=2471.27, 趋势=下跌趋势
[2025-06-27 22:17:30] ETHUSDT 1d: 当前价格=2419.45, EMA25=2468.74, EMA60=2400.72, EMA120=2383.84, 趋势=震荡行情
==============================

===== 趋势分析结果 (2025-06-27 22:32:30) =====
[2025-06-27 22:32:29] BTCUSDT 15m: 当前价格=106503.50, EMA25=106818.26, EMA60=106971.66, EMA120=107048.46, 趋势=下跌趋势
[2025-06-27 22:32:29] BTCUSDT 1h: 当前价格=106511.80, EMA25=107019.81, EMA60=106744.46, EMA120=105951.38, 趋势=震荡行情
[2025-06-27 22:32:29] BTCUSDT 4h: 当前价格=106503.50, EMA25=106173.28, EMA60=105391.54, EMA120=105292.13, 趋势=上涨趋势
[2025-06-27 22:32:29] BTCUSDT 1d: 当前价格=106502.60, EMA25=105305.17, EMA60=102742.20, EMA120=98603.54, 趋势=上涨趋势
[2025-06-27 22:32:30] ETHUSDT 15m: 当前价格=2419.53, EMA25=2435.38, EMA60=2437.25, EMA120=2437.29, 趋势=下跌趋势
[2025-06-27 22:32:30] ETHUSDT 1h: 当前价格=2419.83, EMA25=2436.86, EMA60=2430.39, EMA120=2419.09, 趋势=震荡行情
[2025-06-27 22:32:30] ETHUSDT 4h: 当前价格=2419.83, EMA25=2420.82, EMA60=2435.19, EMA120=2471.28, 趋势=下跌趋势
[2025-06-27 22:32:30] ETHUSDT 1d: 当前价格=2419.28, EMA25=2468.73, EMA60=2400.71, EMA120=2383.83, 趋势=震荡行情
==============================

===== 趋势分析结果 (2025-06-27 22:47:31) =====
[2025-06-27 22:47:29] BTCUSDT 15m: 当前价格=106555.80, EMA25=106798.36, EMA60=106958.16, EMA120=107040.36, 趋势=下跌趋势
[2025-06-27 22:47:29] BTCUSDT 1h: 当前价格=106555.80, EMA25=107023.19, EMA60=106745.90, EMA120=105952.10, 趋势=震荡行情
[2025-06-27 22:47:30] BTCUSDT 4h: 当前价格=106555.90, EMA25=106177.31, EMA60=105393.26, EMA120=105292.99, 趋势=上涨趋势
[2025-06-27 22:47:30] BTCUSDT 1d: 当前价格=106555.80, EMA25=105309.26, EMA60=102743.94, EMA120=98604.42, 趋势=上涨趋势
[2025-06-27 22:47:30] ETHUSDT 15m: 当前价格=2425.54, EMA25=2434.84, EMA60=2436.96, EMA120=2437.15, 趋势=下跌趋势
[2025-06-27 22:47:30] ETHUSDT 1h: 当前价格=2424.96, EMA25=2437.26, EMA60=2430.56, EMA120=2419.17, 趋势=震荡行情
[2025-06-27 22:47:31] ETHUSDT 4h: 当前价格=2425.54, EMA25=2421.26, EMA60=2435.38, EMA120=2471.37, 趋势=震荡行情
[2025-06-27 22:47:31] ETHUSDT 1d: 当前价格=2425.54, EMA25=2469.21, EMA60=2400.92, EMA120=2383.94, 趋势=震荡行情
==============================

===== 趋势分析结果 (2025-06-27 23:02:31) =====
[2025-06-27 23:02:29] BTCUSDT 15m: 当前价格=106486.00, EMA25=106770.99, EMA60=106941.18, EMA120=107030.42, 趋势=下跌趋势
[2025-06-27 23:02:29] BTCUSDT 1h: 当前价格=106486.00, EMA25=106978.53, EMA60=106735.89, EMA120=105960.18, 趋势=震荡行情
[2025-06-27 23:02:29] BTCUSDT 4h: 当前价格=106486.00, EMA25=106171.93, EMA60=105390.97, EMA120=105291.84, 趋势=上涨趋势
[2025-06-27 23:02:30] BTCUSDT 1d: 当前价格=106486.00, EMA25=105303.89, EMA60=102741.66, EMA120=98603.26, 趋势=上涨趋势
[2025-06-27 23:02:30] ETHUSDT 15m: 当前价格=2421.51, EMA25=2433.57, EMA60=2436.34, EMA120=2436.83, 趋势=下跌趋势
[2025-06-27 23:02:30] ETHUSDT 1h: 当前价格=2421.51, EMA25=2435.84, EMA60=2430.17, EMA120=2419.16, 趋势=震荡行情
[2025-06-27 23:02:30] ETHUSDT 4h: 当前价格=2421.51, EMA25=2420.95, EMA60=2435.25, EMA120=2471.31, 趋势=震荡行情
[2025-06-27 23:02:30] ETHUSDT 1d: 当前价格=2421.48, EMA25=2468.90, EMA60=2400.78, EMA120=2383.87, 趋势=震荡行情
==============================

