===== 趋势分析结果 (2025-08-08 21:10:52) =====
[2025-08-08 21:10:51] BTCUSDT 5m: 当前价格=116565.04, EMA25=116589.75, EMA50=%!f(utils.TrendStatus=死叉), 趋势=%!s(MISSING)
[2025-08-08 21:10:52] BTCUSDT 15m: 当前价格=116611.32, EMA25=116645.60, EMA50=%!f(utils.TrendStatus=死叉), 趋势=%!s(MISSING)
[2025-08-08 21:10:52] BTCUSDT 1h: 当前价格=116479.40, EMA25=115988.73, EMA50=%!f(utils.TrendStatus=开多), 趋势=%!s(MISSING)
[2025-08-08 21:10:52] ETHUSDT 5m: 当前价格=3900.14, EMA25=3901.45, EMA50=%!f(utils.TrendStatus=死叉), 趋势=%!s(MISSING)
[2025-08-08 21:10:52] ETHUSDT 15m: 当前价格=3902.03, EMA25=3896.24, EMA50=%!f(utils.TrendStatus=金叉), 趋势=%!s(MISSING)
[2025-08-08 21:10:52] ETHUSDT 1h: 当前价格=3868.46, EMA25=3807.46, EMA50=%!f(utils.TrendStatus=开多), 趋势=%!s(MISSING)
==============================

===== 趋势分析结果 (2025-08-08 21:15:01) =====
[2025-08-08 21:15:00] BTCUSDT 5m: 当前价格=116568.02, EMA25=116591.27, EMA50=%!f(utils.TrendStatus=死叉), 趋势=%!s(MISSING)
[2025-08-08 21:15:00] BTCUSDT 15m: 当前价格=116614.30, EMA25=116647.12, EMA50=%!f(utils.TrendStatus=死叉), 趋势=%!s(MISSING)
[2025-08-08 21:15:00] BTCUSDT 1h: 当前价格=116482.37, EMA25=115990.24, EMA50=%!f(utils.TrendStatus=开多), 趋势=%!s(MISSING)
[2025-08-08 21:15:00] ETHUSDT 5m: 当前价格=3900.26, EMA25=3901.51, EMA50=%!f(utils.TrendStatus=死叉), 趋势=%!s(MISSING)
[2025-08-08 21:15:00] ETHUSDT 15m: 当前价格=3902.12, EMA25=3896.28, EMA50=%!f(utils.TrendStatus=金叉), 趋势=%!s(MISSING)
[2025-08-08 21:15:01] ETHUSDT 1h: 当前价格=3868.55, EMA25=3807.51, EMA50=%!f(utils.TrendStatus=开多), 趋势=%!s(MISSING)
==============================

===== 趋势分析结果 (2025-08-08 21:30:02) =====
[2025-08-08 21:30:01] BTCUSDT 5m: 当前价格=116586.90, EMA25=116598.44, EMA50=%!f(utils.TrendStatus=死叉), 趋势=%!s(MISSING)
[2025-08-08 21:30:01] BTCUSDT 15m: 当前价格=116619.32, EMA25=116648.37, EMA50=%!f(utils.TrendStatus=死叉), 趋势=%!s(MISSING)
[2025-08-08 21:30:01] BTCUSDT 1h: 当前价格=116495.83, EMA25=115997.10, EMA50=%!f(utils.TrendStatus=开多), 趋势=%!s(MISSING)
[2025-08-08 21:30:01] ETHUSDT 5m: 当前价格=3901.97, EMA25=3902.27, EMA50=%!f(utils.TrendStatus=死叉), 趋势=%!s(MISSING)
[2025-08-08 21:30:02] ETHUSDT 15m: 当前价格=3902.83, EMA25=3896.87, EMA50=%!f(utils.TrendStatus=金叉), 趋势=%!s(MISSING)
[2025-08-08 21:30:02] ETHUSDT 1h: 当前价格=3869.65, EMA25=3808.07, EMA50=%!f(utils.TrendStatus=开多), 趋势=%!s(MISSING)
==============================

===== 趋势分析结果 (2025-08-08 21:45:02) =====
[2025-08-08 21:45:01] BTCUSDT 5m: 当前价格=116606.11, EMA25=116606.90, EMA50=%!f(utils.TrendStatus=死叉), 趋势=%!s(MISSING)
[2025-08-08 21:45:01] BTCUSDT 15m: 当前价格=116631.49, EMA25=116653.43, EMA50=%!f(utils.TrendStatus=死叉), 趋势=%!s(MISSING)
[2025-08-08 21:45:01] BTCUSDT 1h: 当前价格=116501.58, EMA25=116000.03, EMA50=%!f(utils.TrendStatus=开多), 趋势=%!s(MISSING)
[2025-08-08 21:45:01] ETHUSDT 5m: 当前价格=3906.65, EMA25=3904.67, EMA50=%!f(utils.TrendStatus=金叉), 趋势=%!s(MISSING)
[2025-08-08 21:45:02] ETHUSDT 15m: 当前价格=3905.42, EMA25=3898.43, EMA50=%!f(utils.TrendStatus=金叉), 趋势=%!s(MISSING)
[2025-08-08 21:45:02] ETHUSDT 1h: 当前价格=3871.56, EMA25=3809.04, EMA50=%!f(utils.TrendStatus=开多), 趋势=%!s(MISSING)
==============================

===== 趋势分析结果 (2025-08-08 22:00:02) =====
[2025-08-08 22:00:01] BTCUSDT 5m: 当前价格=116664.99, EMA25=116638.33, EMA50=%!f(utils.TrendStatus=金叉), 趋势=%!s(MISSING)
[2025-08-08 22:00:01] BTCUSDT 15m: 当前价格=116667.21, EMA25=116670.30, EMA50=%!f(utils.TrendStatus=死叉), 趋势=%!s(MISSING)
[2025-08-08 22:00:01] BTCUSDT 1h: 当前价格=116508.14, EMA25=116003.38, EMA50=%!f(utils.TrendStatus=开多), 趋势=%!s(MISSING)
[2025-08-08 22:00:01] ETHUSDT 5m: 当前价格=3925.77, EMA25=3915.00, EMA50=%!f(utils.TrendStatus=金叉), 趋势=%!s(MISSING)
[2025-08-08 22:00:02] ETHUSDT 15m: 当前价格=3912.62, EMA25=3902.37, EMA50=%!f(utils.TrendStatus=金叉), 趋势=%!s(MISSING)
[2025-08-08 22:00:02] ETHUSDT 1h: 当前价格=3876.39, EMA25=3811.51, EMA50=%!f(utils.TrendStatus=开多), 趋势=%!s(MISSING)
==============================

===== 趋势分析结果 (2025-08-08 22:15:02) =====
[2025-08-08 22:15:01] BTCUSDT 5m: 当前价格=116698.29, EMA25=116658.29, EMA50=%!f(utils.TrendStatus=金叉), 趋势=%!s(MISSING)
[2025-08-08 22:15:01] BTCUSDT 15m: 当前价格=116654.23, EMA25=116663.68, EMA50=%!f(utils.TrendStatus=死叉), 趋势=%!s(MISSING)
[2025-08-08 22:15:01] BTCUSDT 1h: 当前价格=116523.72, EMA25=116031.12, EMA50=%!f(utils.TrendStatus=开多), 趋势=%!s(MISSING)
[2025-08-08 22:15:01] ETHUSDT 5m: 当前价格=3938.08, EMA25=3922.80, EMA50=%!f(utils.TrendStatus=金叉), 趋势=%!s(MISSING)
[2025-08-08 22:15:02] ETHUSDT 15m: 当前价格=3916.69, EMA25=3904.85, EMA50=%!f(utils.TrendStatus=金叉), 趋势=%!s(MISSING)
[2025-08-08 22:15:02] ETHUSDT 1h: 当前价格=3883.26, EMA25=3817.55, EMA50=%!f(utils.TrendStatus=开多), 趋势=%!s(MISSING)
==============================

===== 趋势分析结果 (2025-08-08 22:30:02) =====
[2025-08-08 22:30:01] BTCUSDT 5m: 当前价格=116693.50, EMA25=116660.23, EMA50=%!f(utils.TrendStatus=金叉), 趋势=%!s(MISSING)
[2025-08-08 22:30:01] BTCUSDT 15m: 当前价格=116656.93, EMA25=116664.69, EMA50=%!f(utils.TrendStatus=死叉), 趋势=%!s(MISSING)
[2025-08-08 22:30:01] BTCUSDT 1h: 当前价格=116522.08, EMA25=116030.28, EMA50=%!f(utils.TrendStatus=开多), 趋势=%!s(MISSING)
[2025-08-08 22:30:01] ETHUSDT 5m: 当前价格=3942.34, EMA25=3926.77, EMA50=%!f(utils.TrendStatus=金叉), 趋势=%!s(MISSING)
[2025-08-08 22:30:02] ETHUSDT 15m: 当前价格=3920.17, EMA25=3907.09, EMA50=%!f(utils.TrendStatus=金叉), 趋势=%!s(MISSING)
[2025-08-08 22:30:02] ETHUSDT 1h: 当前价格=3882.97, EMA25=3817.41, EMA50=%!f(utils.TrendStatus=开多), 趋势=%!s(MISSING)
==============================

===== 趋势分析结果 (2025-08-08 22:45:02) =====
[2025-08-08 22:45:01] BTCUSDT 5m: 当前价格=116644.24, EMA25=116637.87, EMA50=%!f(utils.TrendStatus=金叉), 趋势=%!s(MISSING)
[2025-08-08 22:45:01] BTCUSDT 15m: 当前价格=116643.96, EMA25=116657.77, EMA50=%!f(utils.TrendStatus=死叉), 趋势=%!s(MISSING)
[2025-08-08 22:45:01] BTCUSDT 1h: 当前价格=116506.60, EMA25=116022.39, EMA50=%!f(utils.TrendStatus=开空), 趋势=%!s(MISSING)
[2025-08-08 22:45:01] ETHUSDT 5m: 当前价格=3943.74, EMA25=3929.25, EMA50=%!f(utils.TrendStatus=金叉), 趋势=%!s(MISSING)
[2025-08-08 22:45:02] ETHUSDT 15m: 当前价格=3925.82, EMA25=3911.03, EMA50=%!f(utils.TrendStatus=金叉), 趋势=%!s(MISSING)
[2025-08-08 22:45:02] ETHUSDT 1h: 当前价格=3882.67, EMA25=3817.25, EMA50=%!f(utils.TrendStatus=开多), 趋势=%!s(MISSING)
==============================

===== 趋势分析结果 (2025-08-08 23:00:02) =====
[2025-08-08 23:00:01] BTCUSDT 5m: 当前价格=116602.82, EMA25=116616.88, EMA50=%!f(utils.TrendStatus=死叉), 趋势=%!s(MISSING)
[2025-08-08 23:00:01] BTCUSDT 15m: 当前价格=116628.40, EMA25=116649.30, EMA50=%!f(utils.TrendStatus=死叉), 趋势=%!s(MISSING)
[2025-08-08 23:00:01] BTCUSDT 1h: 当前价格=116498.31, EMA25=116037.08, EMA50=%!f(utils.TrendStatus=开空), 趋势=%!s(MISSING)
[2025-08-08 23:00:01] ETHUSDT 5m: 当前价格=3953.44, EMA25=3936.60, EMA50=%!f(utils.TrendStatus=金叉), 趋势=%!s(MISSING)
[2025-08-08 23:00:02] ETHUSDT 15m: 当前价格=3931.98, EMA25=3914.79, EMA50=%!f(utils.TrendStatus=金叉), 趋势=%!s(MISSING)
[2025-08-08 23:00:02] ETHUSDT 1h: 当前价格=3884.50, EMA25=3818.19, EMA50=%!f(utils.TrendStatus=开多), 趋势=%!s(MISSING)
==============================

===== 趋势分析结果 (2025-08-08 23:15:02) =====
[2025-08-08 23:15:01] BTCUSDT 5m: 当前价格=116548.28, EMA25=116587.25, EMA50=%!f(utils.TrendStatus=死叉), 趋势=%!s(MISSING)
[2025-08-08 23:15:01] BTCUSDT 15m: 当前价格=116602.57, EMA25=116635.31, EMA50=%!f(utils.TrendStatus=死叉), 趋势=%!s(MISSING)
[2025-08-08 23:15:01] BTCUSDT 1h: 当前价格=116486.84, EMA25=116031.23, EMA50=%!f(utils.TrendStatus=开空), 趋势=%!s(MISSING)
[2025-08-08 23:15:01] ETHUSDT 5m: 当前价格=3952.20, EMA25=3937.20, EMA50=%!f(utils.TrendStatus=金叉), 趋势=%!s(MISSING)
[2025-08-08 23:15:02] ETHUSDT 15m: 当前价格=3929.79, EMA25=3913.67, EMA50=%!f(utils.TrendStatus=金叉), 趋势=%!s(MISSING)
[2025-08-08 23:15:02] ETHUSDT 1h: 当前价格=3889.99, EMA25=3823.59, EMA50=%!f(utils.TrendStatus=开多), 趋势=%!s(MISSING)
==============================

===== 趋势分析结果 (2025-08-08 23:30:02) =====
[2025-08-08 23:30:01] BTCUSDT 5m: 当前价格=116495.80, EMA25=116555.09, EMA50=%!f(utils.TrendStatus=死叉), 趋势=%!s(MISSING)
[2025-08-08 23:30:01] BTCUSDT 15m: 当前价格=116573.99, EMA25=116619.45, EMA50=%!f(utils.TrendStatus=死叉), 趋势=%!s(MISSING)
[2025-08-08 23:30:01] BTCUSDT 1h: 当前价格=116482.10, EMA25=116028.81, EMA50=%!f(utils.TrendStatus=开空), 趋势=%!s(MISSING)
[2025-08-08 23:30:01] ETHUSDT 5m: 当前价格=3953.07, EMA25=3939.37, EMA50=%!f(utils.TrendStatus=金叉), 趋势=%!s(MISSING)
[2025-08-08 23:30:02] ETHUSDT 15m: 当前价格=3933.09, EMA25=3916.63, EMA50=%!f(utils.TrendStatus=金叉), 趋势=%!s(MISSING)
[2025-08-08 23:30:02] ETHUSDT 1h: 当前价格=3889.92, EMA25=3823.55, EMA50=%!f(utils.TrendStatus=开多), 趋势=%!s(MISSING)
==============================

===== 趋势分析结果 (2025-08-08 23:45:02) =====
[2025-08-08 23:45:01] BTCUSDT 5m: 当前价格=116397.55, EMA25=116496.81, EMA50=%!f(utils.TrendStatus=死叉), 趋势=%!s(MISSING)
[2025-08-08 23:45:01] BTCUSDT 15m: 当前价格=116472.51, EMA25=116563.20, EMA50=%!f(utils.TrendStatus=死叉), 趋势=%!s(MISSING)
[2025-08-08 23:45:01] BTCUSDT 1h: 当前价格=116455.11, EMA25=116015.06, EMA50=%!f(utils.TrendStatus=开空), 趋势=%!s(MISSING)
[2025-08-08 23:45:01] ETHUSDT 5m: 当前价格=3949.52, EMA25=3939.55, EMA50=%!f(utils.TrendStatus=金叉), 趋势=%!s(MISSING)
[2025-08-08 23:45:02] ETHUSDT 15m: 当前价格=3931.25, EMA25=3915.69, EMA50=%!f(utils.TrendStatus=金叉), 趋势=%!s(MISSING)
[2025-08-08 23:45:02] ETHUSDT 1h: 当前价格=3887.96, EMA25=3822.55, EMA50=%!f(utils.TrendStatus=开多), 趋势=%!s(MISSING)
==============================

