===== 趋势分析结果 (2025-07-01 20:23:00) =====
[2025-07-01 20:22:57] BTCUSDT 15m: 当前价格=106454.60, EMA25=106614.06, EMA60=106864.56, EMA120=107120.60, 趋势=下跌趋势
[2025-07-01 20:22:57] BTCUSDT 1h: 当前价格=106454.60, EMA25=107021.86, EMA60=107247.87, EMA120=107053.44, 趋势=下跌趋势
[2025-07-01 20:22:57] BTCUSDT 4h: 当前价格=106454.60, EMA25=107158.99, EMA60=106489.83, EMA120=105986.83, 趋势=震荡行情
[2025-07-01 20:22:57] BTCUSDT 1d: 当前价格=106454.60, EMA25=105862.57, EMA60=103320.53, EMA120=99170.76, 趋势=上涨趋势
[2025-07-01 20:22:57] ETHUSDT 15m: 当前价格=2443.06, EMA25=2454.89, EMA60=2464.62, EMA120=2468.40, 趋势=下跌趋势
[2025-07-01 20:22:57] ETHUSDT 1h: 当前价格=2443.00, EMA25=2466.21, EMA60=2462.11, EMA120=2450.03, 趋势=震荡行情
[2025-07-01 20:22:59] ETHUSDT 4h: 当前价格=2443.06, EMA25=2455.39, EMA60=2447.24, EMA120=2465.94, 趋势=下跌趋势
[2025-07-01 20:23:00] ETHUSDT 1d: 当前价格=2443.06, EMA25=2467.96, EMA60=2408.86, EMA120=2389.16, 趋势=震荡行情
==============================

===== 趋势分析结果 (2025-07-01 20:42:31) =====
==============================

===== 趋势分析结果 (2025-07-01 22:07:53) =====
[2025-07-01 22:07:49] BTCUSDT 15m: 当前价格=107044.10, EMA25=106601.15, EMA60=106801.70, EMA120=107058.32, 趋势=震荡行情
[2025-07-01 22:07:49] BTCUSDT 1h: 当前价格=107044.00, EMA25=106999.67, EMA60=107223.22, EMA120=107047.17, 趋势=震荡行情
[2025-07-01 22:07:50] BTCUSDT 4h: 当前价格=107049.20, EMA25=107204.73, EMA60=106509.32, EMA120=105996.66, 趋势=震荡行情
[2025-07-01 22:07:50] BTCUSDT 1d: 当前价格=107044.10, EMA25=105907.92, EMA60=103339.85, EMA120=99180.51, 趋势=上涨趋势
[2025-07-01 22:07:51] ETHUSDT 15m: 当前价格=2450.76, EMA25=2448.41, EMA60=2459.37, EMA120=2465.19, 趋势=震荡行情
[2025-07-01 22:07:51] ETHUSDT 1h: 当前价格=2450.97, EMA25=2462.87, EMA60=2460.90, EMA120=2449.80, 趋势=震荡行情
[2025-07-01 22:07:52] ETHUSDT 4h: 当前价格=2450.22, EMA25=2455.95, EMA60=2447.47, EMA120=2466.06, 趋势=下跌趋势
[2025-07-01 22:07:53] ETHUSDT 1d: 当前价格=2450.71, EMA25=2468.55, EMA60=2409.12, EMA120=2389.29, 趋势=震荡行情
==============================

===== 趋势分析结果 (2025-07-01 22:22:55) =====
[2025-07-01 22:22:53] BTCUSDT 15m: 当前价格=106865.00, EMA25=106623.43, EMA60=106804.66, EMA120=107055.57, 趋势=震荡行情
[2025-07-01 22:22:53] BTCUSDT 1h: 当前价格=106854.50, EMA25=106985.10, EMA60=107217.01, EMA120=107044.03, 趋势=下跌趋势
[2025-07-01 22:22:54] BTCUSDT 4h: 当前价格=106845.60, EMA25=107189.07, EMA60=106502.65, EMA120=105993.30, 趋势=震荡行情
[2025-07-01 22:22:54] BTCUSDT 1d: 当前价格=106845.60, EMA25=105892.65, EMA60=103333.35, EMA120=99177.22, 趋势=上涨趋势
[2025-07-01 22:22:54] ETHUSDT 15m: 当前价格=2441.42, EMA25=2447.81, EMA60=2458.75, EMA120=2464.78, 趋势=下跌趋势
[2025-07-01 22:22:55] ETHUSDT 1h: 当前价格=2441.27, EMA25=2462.13, EMA60=2460.58, EMA120=2449.64, 趋势=震荡行情
[2025-07-01 22:22:55] ETHUSDT 4h: 当前价格=2441.42, EMA25=2455.27, EMA60=2447.18, EMA120=2465.91, 趋势=下跌趋势
[2025-07-01 22:22:55] ETHUSDT 1d: 当前价格=2441.42, EMA25=2467.84, EMA60=2408.81, EMA120=2389.13, 趋势=震荡行情
==============================

===== 趋势分析结果 (2025-07-01 22:37:56) =====
[2025-07-01 22:37:53] BTCUSDT 15m: 当前价格=106300.10, EMA25=106571.71, EMA60=106776.13, EMA120=107036.93, 趋势=下跌趋势
[2025-07-01 22:37:53] BTCUSDT 1h: 当前价格=106300.10, EMA25=106942.45, EMA60=107198.83, EMA120=107034.87, 趋势=下跌趋势
[2025-07-01 22:37:53] BTCUSDT 4h: 当前价格=106300.20, EMA25=107147.12, EMA60=106484.77, EMA120=105984.28, 趋势=震荡行情
[2025-07-01 22:37:53] BTCUSDT 1d: 当前价格=106300.20, EMA25=105850.69, EMA60=103315.46, EMA120=99168.21, 趋势=上涨趋势
[2025-07-01 22:37:54] ETHUSDT 15m: 当前价格=2425.06, EMA25=2444.96, EMA60=2457.16, EMA120=2463.87, 趋势=下跌趋势
[2025-07-01 22:37:54] ETHUSDT 1h: 当前价格=2425.07, EMA25=2460.88, EMA60=2460.05, EMA120=2449.37, 趋势=震荡行情
[2025-07-01 22:37:56] ETHUSDT 4h: 当前价格=2425.01, EMA25=2454.01, EMA60=2446.65, EMA120=2465.64, 趋势=下跌趋势
[2025-07-01 22:37:56] ETHUSDT 1d: 当前价格=2424.23, EMA25=2466.51, EMA60=2408.25, EMA120=2388.85, 趋势=震荡行情
==============================

===== 趋势分析结果 (2025-07-01 22:52:54) =====
[2025-07-01 22:52:53] BTCUSDT 15m: 当前价格=105768.30, EMA25=106487.62, EMA60=106733.13, EMA120=107010.86, 趋势=下跌趋势
[2025-07-01 22:52:53] BTCUSDT 1h: 当前价格=105761.90, EMA25=106901.05, EMA60=107181.19, EMA120=107025.98, 趋势=下跌趋势
[2025-07-01 22:52:53] BTCUSDT 4h: 当前价格=105761.90, EMA25=107105.71, EMA60=106467.12, EMA120=105975.38, 趋势=震荡行情
[2025-07-01 22:52:53] BTCUSDT 1d: 当前价格=105761.90, EMA25=105809.29, EMA60=103297.82, EMA120=99159.31, 趋势=震荡行情
[2025-07-01 22:52:54] ETHUSDT 15m: 当前价格=2413.81, EMA25=2441.91, EMA60=2455.44, EMA120=2462.90, 趋势=下跌趋势
[2025-07-01 22:52:54] ETHUSDT 1h: 当前价格=2413.81, EMA25=2460.01, EMA60=2459.68, EMA120=2449.19, 趋势=震荡行情
[2025-07-01 22:52:54] ETHUSDT 4h: 当前价格=2413.81, EMA25=2453.14, EMA60=2446.28, EMA120=2465.46, 趋势=下跌趋势
[2025-07-01 22:52:54] ETHUSDT 1d: 当前价格=2414.00, EMA25=2465.73, EMA60=2407.91, EMA120=2388.68, 趋势=震荡行情
==============================

===== 趋势分析结果 (2025-07-01 23:07:54) =====
[2025-07-01 23:07:53] BTCUSDT 15m: 当前价格=105777.00, EMA25=106439.65, EMA60=106704.77, EMA120=106991.99, 趋势=下跌趋势
[2025-07-01 23:07:53] BTCUSDT 1h: 当前价格=105777.00, EMA25=106821.74, EMA60=107138.34, EMA120=107006.94, 趋势=下跌趋势
[2025-07-01 23:07:53] BTCUSDT 4h: 当前价格=105778.10, EMA25=107106.96, EMA60=106467.65, EMA120=105975.65, 趋势=震荡行情
[2025-07-01 23:07:53] BTCUSDT 1d: 当前价格=105778.10, EMA25=105810.53, EMA60=103298.35, EMA120=99159.58, 趋势=震荡行情
[2025-07-01 23:07:54] ETHUSDT 15m: 当前价格=2418.67, EMA25=2440.46, EMA60=2454.39, EMA120=2462.24, 趋势=下跌趋势
[2025-07-01 23:07:54] ETHUSDT 1h: 当前价格=2418.58, EMA25=2457.16, EMA60=2458.48, EMA120=2448.76, 趋势=震荡行情
[2025-07-01 23:07:54] ETHUSDT 4h: 当前价格=2418.57, EMA25=2453.51, EMA60=2446.43, EMA120=2465.54, 趋势=下跌趋势
[2025-07-01 23:07:54] ETHUSDT 1d: 当前价格=2418.88, EMA25=2466.10, EMA60=2408.07, EMA120=2388.76, 趋势=震荡行情
==============================

===== 趋势分析结果 (2025-07-01 23:22:54) =====
[2025-07-01 23:22:53] BTCUSDT 15m: 当前价格=105825.70, EMA25=106381.25, EMA60=106670.96, EMA120=106970.15, 趋势=下跌趋势
[2025-07-01 23:22:53] BTCUSDT 1h: 当前价格=105825.70, EMA25=106825.48, EMA60=107139.94, EMA120=107007.75, 趋势=下跌趋势
[2025-07-01 23:22:53] BTCUSDT 4h: 当前价格=105825.70, EMA25=107110.62, EMA60=106469.21, EMA120=105976.44, 趋势=震荡行情
[2025-07-01 23:22:53] BTCUSDT 1d: 当前价格=105825.80, EMA25=105814.20, EMA60=103299.91, EMA120=99160.37, 趋势=上涨趋势
[2025-07-01 23:22:54] ETHUSDT 15m: 当前价格=2423.20, EMA25=2439.09, EMA60=2453.35, EMA120=2461.59, 趋势=下跌趋势
[2025-07-01 23:22:54] ETHUSDT 1h: 当前价格=2423.02, EMA25=2457.50, EMA60=2458.63, EMA120=2448.83, 趋势=震荡行情
[2025-07-01 23:22:54] ETHUSDT 4h: 当前价格=2423.02, EMA25=2453.85, EMA60=2446.58, EMA120=2465.61, 趋势=下跌趋势
[2025-07-01 23:22:54] ETHUSDT 1d: 当前价格=2423.01, EMA25=2466.42, EMA60=2408.21, EMA120=2388.83, 趋势=震荡行情
==============================

===== 趋势分析结果 (2025-07-01 23:37:54) =====
[2025-07-01 23:37:53] BTCUSDT 15m: 当前价格=106025.90, EMA25=106360.96, EMA60=106652.96, EMA120=106956.14, 趋势=下跌趋势
[2025-07-01 23:37:53] BTCUSDT 1h: 当前价格=106025.90, EMA25=106840.88, EMA60=107146.50, EMA120=107011.06, 趋势=下跌趋势
[2025-07-01 23:37:53] BTCUSDT 4h: 当前价格=106025.90, EMA25=107126.02, EMA60=106475.77, EMA120=105979.75, 趋势=震荡行情
[2025-07-01 23:37:53] BTCUSDT 1d: 当前价格=106025.80, EMA25=105829.59, EMA60=103306.47, EMA120=99163.67, 趋势=上涨趋势
[2025-07-01 23:37:54] ETHUSDT 15m: 当前价格=2424.26, EMA25=2437.98, EMA60=2452.41, EMA120=2460.98, 趋势=下跌趋势
[2025-07-01 23:37:54] ETHUSDT 1h: 当前价格=2424.00, EMA25=2457.58, EMA60=2458.66, EMA120=2448.85, 趋势=震荡行情
[2025-07-01 23:37:54] ETHUSDT 4h: 当前价格=2424.00, EMA25=2453.93, EMA60=2446.61, EMA120=2465.63, 趋势=下跌趋势
[2025-07-01 23:37:54] ETHUSDT 1d: 当前价格=2424.00, EMA25=2466.50, EMA60=2408.24, EMA120=2388.84, 趋势=震荡行情
==============================

===== 趋势分析结果 (2025-07-01 23:52:54) =====
[2025-07-01 23:52:53] BTCUSDT 15m: 当前价格=105913.50, EMA25=106317.93, EMA60=106624.87, EMA120=106936.93, 趋势=下跌趋势
[2025-07-01 23:52:53] BTCUSDT 1h: 当前价格=105913.50, EMA25=106832.24, EMA60=107142.82, EMA120=107009.20, 趋势=下跌趋势
[2025-07-01 23:52:53] BTCUSDT 4h: 当前价格=105913.60, EMA25=107117.38, EMA60=106472.09, EMA120=105977.89, 趋势=震荡行情
[2025-07-01 23:52:53] BTCUSDT 1d: 当前价格=105913.60, EMA25=105820.95, EMA60=103302.79, EMA120=99161.82, 趋势=上涨趋势
[2025-07-01 23:52:54] ETHUSDT 15m: 当前价格=2421.60, EMA25=2436.45, EMA60=2451.27, EMA120=2460.26, 趋势=下跌趋势
[2025-07-01 23:52:54] ETHUSDT 1h: 当前价格=2421.72, EMA25=2457.40, EMA60=2458.58, EMA120=2448.81, 趋势=震荡行情
[2025-07-01 23:52:54] ETHUSDT 4h: 当前价格=2421.72, EMA25=2453.75, EMA60=2446.54, EMA120=2465.59, 趋势=下跌趋势
[2025-07-01 23:52:54] ETHUSDT 1d: 当前价格=2421.60, EMA25=2466.31, EMA60=2408.16, EMA120=2388.80, 趋势=震荡行情
==============================

