===== 趋势分析结果 (2025-07-24 00:11:43) =====
[2025-07-24 00:11:43] BTCUSDT 15m: 当前价格=117982.60, EMA25=118124.33, EMA50=118326.15, 趋势=禁多
[2025-07-24 00:11:43] BTCUSDT 1h: 当前价格=117983.90, EMA25=118457.67, EMA50=118436.65, 趋势=禁多
==============================

===== 趋势分析结果 (2025-07-24 00:26:43) =====
[2025-07-24 00:26:43] BTCUSDT 15m: 当前价格=117776.70, EMA25=118088.01, EMA50=118299.51, 趋势=禁多
[2025-07-24 00:26:43] BTCUSDT 1h: 当前价格=117785.70, EMA25=118442.43, EMA50=118428.88, 趋势=禁多
==============================

===== 趋势分析结果 (2025-07-24 00:41:43) =====
[2025-07-24 00:41:43] BTCUSDT 15m: 当前价格=117609.30, EMA25=118054.37, EMA50=118274.14, 趋势=禁多
[2025-07-24 00:41:43] BTCUSDT 1h: 当前价格=117606.60, EMA25=118428.65, EMA50=118421.86, 趋势=禁多
==============================

===== 趋势分析结果 (2025-07-24 00:56:43) =====
[2025-07-24 00:56:43] BTCUSDT 15m: 当前价格=117737.10, EMA25=118038.99, EMA50=118257.87, 趋势=禁多
[2025-07-24 00:56:43] BTCUSDT 1h: 当前价格=117737.10, EMA25=118438.69, EMA50=118426.97, 趋势=禁多
==============================

===== 趋势分析结果 (2025-07-24 01:11:43) =====
[2025-07-24 01:11:43] BTCUSDT 15m: 当前价格=117564.80, EMA25=117997.83, EMA50=118228.20, 趋势=禁多
[2025-07-24 01:11:43] BTCUSDT 1h: 当前价格=117539.10, EMA25=118364.81, EMA50=118389.67, 趋势=禁多
==============================

===== 趋势分析结果 (2025-07-24 01:26:43) =====
[2025-07-24 01:26:43] BTCUSDT 15m: 当前价格=117719.90, EMA25=117972.57, EMA50=118206.21, 趋势=禁多
[2025-07-24 01:26:43] BTCUSDT 1h: 当前价格=117720.00, EMA25=118378.73, EMA50=118396.77, 趋势=禁多
==============================

===== 趋势分析结果 (2025-07-24 01:41:43) =====
[2025-07-24 01:41:43] BTCUSDT 15m: 当前价格=117722.10, EMA25=117944.56, EMA50=118182.59, 趋势=禁多
[2025-07-24 01:41:43] BTCUSDT 1h: 当前价格=117722.10, EMA25=118378.89, EMA50=118396.85, 趋势=禁多
==============================

===== 趋势分析结果 (2025-07-24 01:56:45) =====
[2025-07-24 01:56:43] BTCUSDT 15m: 当前价格=117954.50, EMA25=117951.90, EMA50=118177.13, 趋势=混沌
[2025-07-24 01:56:45] BTCUSDT 1h: 当前价格=117950.70, EMA25=118396.47, EMA50=118405.81, 趋势=禁多
==============================

===== 趋势分析结果 (2025-07-24 02:11:43) =====
[2025-07-24 02:11:43] BTCUSDT 15m: 当前价格=118126.80, EMA25=117974.18, EMA50=118179.84, 趋势=混沌
[2025-07-24 02:11:43] BTCUSDT 1h: 当前价格=118115.90, EMA25=118383.99, EMA50=118399.27, 趋势=禁多
==============================

===== 趋势分析结果 (2025-07-24 02:26:43) =====
[2025-07-24 02:26:43] BTCUSDT 15m: 当前价格=118173.30, EMA25=117985.44, EMA50=118177.43, 趋势=混沌
[2025-07-24 02:26:43] BTCUSDT 1h: 当前价格=118173.40, EMA25=118388.42, EMA50=118401.53, 趋势=禁多
==============================

===== 趋势分析结果 (2025-07-24 02:41:43) =====
[2025-07-24 02:41:43] BTCUSDT 15m: 当前价格=118198.90, EMA25=117998.56, EMA50=118176.52, 趋势=混沌
[2025-07-24 02:41:43] BTCUSDT 1h: 当前价格=118198.90, EMA25=118390.38, EMA50=118402.53, 趋势=禁多
==============================

===== 趋势分析结果 (2025-07-24 02:56:43) =====
[2025-07-24 02:56:43] BTCUSDT 15m: 当前价格=118328.40, EMA25=118019.63, EMA50=118180.19, 趋势=混沌
[2025-07-24 02:56:43] BTCUSDT 1h: 当前价格=118316.40, EMA25=118399.42, EMA50=118407.14, 趋势=禁多
==============================

===== 趋势分析结果 (2025-07-24 03:11:43) =====
[2025-07-24 03:11:43] BTCUSDT 15m: 当前价格=118339.10, EMA25=118044.66, EMA50=118186.66, 趋势=混沌
[2025-07-24 03:11:43] BTCUSDT 1h: 当前价格=118339.10, EMA25=118396.08, EMA50=118405.16, 趋势=禁多
==============================

===== 趋势分析结果 (2025-07-24 03:26:43) =====
[2025-07-24 03:26:43] BTCUSDT 15m: 当前价格=118300.00, EMA25=118061.85, EMA50=118189.81, 趋势=混沌
[2025-07-24 03:26:43] BTCUSDT 1h: 当前价格=118299.90, EMA25=118393.07, EMA50=118403.63, 趋势=禁多
==============================

===== 趋势分析结果 (2025-07-24 03:41:43) =====
[2025-07-24 03:41:43] BTCUSDT 15m: 当前价格=118252.40, EMA25=118076.51, EMA50=118192.27, 趋势=混沌
[2025-07-24 03:41:43] BTCUSDT 1h: 当前价格=118252.30, EMA25=118389.41, EMA50=118401.76, 趋势=禁多
==============================

===== 趋势分析结果 (2025-07-24 03:56:43) =====
[2025-07-24 03:56:43] BTCUSDT 15m: 当前价格=118326.20, EMA25=118093.42, EMA50=118196.30, 趋势=混沌
[2025-07-24 03:56:43] BTCUSDT 1h: 当前价格=118326.20, EMA25=118395.09, EMA50=118404.66, 趋势=禁多
==============================

===== 趋势分析结果 (2025-07-24 04:11:45) =====
[2025-07-24 04:11:45] BTCUSDT 15m: 当前价格=118377.60, EMA25=118116.57, EMA50=118204.09, 趋势=混沌
[2025-07-24 04:11:45] BTCUSDT 1h: 当前价格=118377.60, EMA25=118395.04, EMA50=118404.28, 趋势=禁多
==============================

===== 趋势分析结果 (2025-07-24 04:26:43) =====
[2025-07-24 04:26:43] BTCUSDT 15m: 当前价格=118116.50, EMA25=118119.88, EMA50=118202.42, 趋势=禁多
[2025-07-24 04:26:43] BTCUSDT 1h: 当前价格=118116.50, EMA25=118374.95, EMA50=118394.04, 趋势=禁多
==============================

===== 趋势分析结果 (2025-07-24 04:41:43) =====
[2025-07-24 04:41:43] BTCUSDT 15m: 当前价格=117621.50, EMA25=118072.02, EMA50=118174.58, 趋势=禁多
[2025-07-24 04:41:43] BTCUSDT 1h: 当前价格=117621.50, EMA25=118336.88, EMA50=118374.63, 趋势=禁多
==============================

===== 趋势分析结果 (2025-07-24 04:56:43) =====
[2025-07-24 04:56:43] BTCUSDT 15m: 当前价格=117899.80, EMA25=118074.62, EMA50=118172.22, 趋势=禁多
[2025-07-24 04:56:43] BTCUSDT 1h: 当前价格=117899.80, EMA25=118358.28, EMA50=118385.54, 趋势=禁多
==============================

===== 趋势分析结果 (2025-07-24 05:11:43) =====
[2025-07-24 05:11:43] BTCUSDT 15m: 当前价格=117910.10, EMA25=118059.01, EMA50=118160.37, 趋势=禁多
[2025-07-24 05:11:43] BTCUSDT 1h: 当前价格=117910.20, EMA25=118320.86, EMA50=118365.34, 趋势=禁多
==============================

===== 趋势分析结果 (2025-07-24 05:26:43) =====
[2025-07-24 05:26:43] BTCUSDT 15m: 当前价格=117492.20, EMA25=118021.80, EMA50=118137.56, 趋势=禁多
[2025-07-24 05:26:43] BTCUSDT 1h: 当前价格=117492.20, EMA25=118288.71, EMA50=118348.94, 趋势=禁多
==============================

===== 趋势分析结果 (2025-07-24 05:41:43) =====
[2025-07-24 05:41:43] BTCUSDT 15m: 当前价格=117866.60, EMA25=118011.43, EMA50=118127.77, 趋势=禁多
[2025-07-24 05:41:43] BTCUSDT 1h: 当前价格=117866.60, EMA25=118317.51, EMA50=118363.63, 趋势=禁多
==============================

===== 趋势分析结果 (2025-07-24 05:56:43) =====
[2025-07-24 05:56:43] BTCUSDT 15m: 当前价格=118139.30, EMA25=118016.05, EMA50=118125.45, 趋势=混沌
[2025-07-24 05:56:43] BTCUSDT 1h: 当前价格=118139.30, EMA25=118338.48, EMA50=118374.32, 趋势=禁多
==============================

===== 趋势分析结果 (2025-07-24 06:11:43) =====
[2025-07-24 06:11:43] BTCUSDT 15m: 当前价格=118171.00, EMA25=118028.30, EMA50=118127.41, 趋势=混沌
[2025-07-24 06:11:43] BTCUSDT 1h: 当前价格=118171.00, EMA25=118325.93, EMA50=118366.52, 趋势=禁多
==============================

===== 趋势分析结果 (2025-07-24 06:26:43) =====
[2025-07-24 06:26:43] BTCUSDT 15m: 当前价格=118400.00, EMA25=118062.26, EMA50=118140.95, 趋势=混沌
[2025-07-24 06:26:43] BTCUSDT 1h: 当前价格=118400.00, EMA25=118343.55, EMA50=118375.50, 趋势=禁空
==============================

===== 趋势分析结果 (2025-07-24 06:41:43) =====
[2025-07-24 06:41:43] BTCUSDT 15m: 当前价格=118525.70, EMA25=118109.70, EMA50=118162.29, 趋势=混沌
[2025-07-24 06:41:43] BTCUSDT 1h: 当前价格=118525.70, EMA25=118353.22, EMA50=118380.43, 趋势=禁空
==============================

===== 趋势分析结果 (2025-07-24 06:56:43) =====
[2025-07-24 06:56:43] BTCUSDT 15m: 当前价格=118461.90, EMA25=118138.38, EMA50=118174.89, 趋势=混沌
[2025-07-24 06:56:43] BTCUSDT 1h: 当前价格=118461.90, EMA25=118348.31, EMA50=118377.93, 趋势=禁空
==============================

===== 趋势分析结果 (2025-07-24 07:11:43) =====
[2025-07-24 07:11:43] BTCUSDT 15m: 当前价格=118644.10, EMA25=118182.68, EMA50=118196.15, 趋势=混沌
[2025-07-24 07:11:43] BTCUSDT 1h: 当前价格=118644.00, EMA25=118376.45, EMA50=118391.23, 趋势=禁空
==============================

===== 趋势分析结果 (2025-07-24 07:26:43) =====
[2025-07-24 07:26:43] BTCUSDT 15m: 当前价格=118513.20, EMA25=118208.83, EMA50=118208.97, 趋势=混沌
[2025-07-24 07:26:43] BTCUSDT 1h: 当前价格=118513.30, EMA25=118366.40, EMA50=118386.10, 趋势=禁空
==============================

===== 趋势分析结果 (2025-07-24 07:41:43) =====
[2025-07-24 07:41:43] BTCUSDT 15m: 当前价格=118599.80, EMA25=118244.46, EMA50=118227.25, 趋势=禁空
[2025-07-24 07:41:43] BTCUSDT 1h: 当前价格=118599.80, EMA25=118373.05, EMA50=118389.50, 趋势=禁空
==============================

===== 趋势分析结果 (2025-07-24 07:56:43) =====
[2025-07-24 07:56:43] BTCUSDT 15m: 当前价格=118573.50, EMA25=118264.29, EMA50=118237.92, 趋势=禁空
[2025-07-24 07:56:43] BTCUSDT 1h: 当前价格=118584.30, EMA25=118371.86, EMA50=118388.89, 趋势=禁空
==============================

===== 趋势分析结果 (2025-07-24 08:11:43) =====
[2025-07-24 08:11:43] BTCUSDT 15m: 当前价格=118750.00, EMA25=118311.60, EMA50=118263.27, 趋势=禁空
[2025-07-24 08:11:43] BTCUSDT 1h: 当前价格=118750.10, EMA25=118410.13, EMA50=118407.92, 趋势=禁空
==============================

===== 趋势分析结果 (2025-07-24 08:26:43) =====
[2025-07-24 08:26:43] BTCUSDT 15m: 当前价格=118821.30, EMA25=118347.43, EMA50=118283.37, 趋势=禁空
[2025-07-24 08:26:43] BTCUSDT 1h: 当前价格=118815.00, EMA25=118415.12, EMA50=118410.47, 趋势=禁空
==============================

===== 趋势分析结果 (2025-07-24 08:41:43) =====
[2025-07-24 08:41:43] BTCUSDT 15m: 当前价格=119055.10, EMA25=118413.95, EMA50=118320.04, 趋势=禁空
[2025-07-24 08:41:43] BTCUSDT 1h: 当前价格=119055.20, EMA25=118433.60, EMA50=118419.89, 趋势=禁空
==============================

===== 趋势分析结果 (2025-07-24 08:56:43) =====
[2025-07-24 08:56:43] BTCUSDT 15m: 当前价格=119000.00, EMA25=118456.13, EMA50=118345.17, 趋势=禁空
[2025-07-24 08:56:43] BTCUSDT 1h: 当前价格=118994.50, EMA25=118428.93, EMA50=118417.51, 趋势=禁空
==============================

===== 趋势分析结果 (2025-07-24 09:11:43) =====
[2025-07-24 09:11:43] BTCUSDT 15m: 当前价格=118871.60, EMA25=118489.79, EMA50=118366.72, 趋势=禁空
[2025-07-24 09:11:43] BTCUSDT 1h: 当前价格=118871.60, EMA25=118465.08, EMA50=118436.42, 趋势=禁空
==============================

===== 趋势分析结果 (2025-07-24 09:26:43) =====
[2025-07-24 09:26:43] BTCUSDT 15m: 当前价格=118952.30, EMA25=118522.25, EMA50=118388.02, 趋势=禁空
[2025-07-24 09:26:43] BTCUSDT 1h: 当前价格=118952.20, EMA25=118471.28, EMA50=118439.59, 趋势=禁空
==============================

===== 趋势分析结果 (2025-07-24 09:41:43) =====
[2025-07-24 09:41:43] BTCUSDT 15m: 当前价格=118911.00, EMA25=118550.69, EMA50=118407.75, 趋势=禁空
[2025-07-24 09:41:43] BTCUSDT 1h: 当前价格=118911.00, EMA25=118468.11, EMA50=118437.97, 趋势=禁空
==============================

===== 趋势分析结果 (2025-07-24 09:56:43) =====
[2025-07-24 09:56:43] BTCUSDT 15m: 当前价格=119051.10, EMA25=118592.67, EMA50=118434.83, 趋势=禁空
[2025-07-24 09:56:43] BTCUSDT 1h: 当前价格=119051.20, EMA25=118478.89, EMA50=118443.47, 趋势=禁空
==============================

===== 趋势分析结果 (2025-07-24 10:11:43) =====
[2025-07-24 10:11:43] BTCUSDT 15m: 当前价格=118856.00, EMA25=118613.58, EMA50=118451.70, 趋势=禁空
[2025-07-24 10:11:43] BTCUSDT 1h: 当前价格=118856.00, EMA25=118508.55, EMA50=118459.99, 趋势=禁空
==============================

===== 趋势分析结果 (2025-07-24 10:26:43) =====
[2025-07-24 10:26:43] BTCUSDT 15m: 当前价格=118802.20, EMA25=118631.87, EMA50=118467.45, 趋势=禁空
[2025-07-24 10:26:43] BTCUSDT 1h: 当前价格=118802.30, EMA25=118504.42, EMA50=118457.88, 趋势=禁空
==============================

===== 趋势分析结果 (2025-07-24 10:41:43) =====
[2025-07-24 10:41:43] BTCUSDT 15m: 当前价格=118929.90, EMA25=118656.39, EMA50=118486.43, 趋势=禁空
[2025-07-24 10:41:43] BTCUSDT 1h: 当前价格=118929.90, EMA25=118514.23, EMA50=118462.89, 趋势=禁空
==============================

===== 趋势分析结果 (2025-07-24 10:56:43) =====
[2025-07-24 10:56:43] BTCUSDT 15m: 当前价格=118941.50, EMA25=118683.41, EMA50=118506.98, 趋势=禁空
[2025-07-24 10:56:43] BTCUSDT 1h: 当前价格=118941.60, EMA25=118515.13, EMA50=118463.35, 趋势=禁空
==============================

===== 趋势分析结果 (2025-07-24 11:11:43) =====
[2025-07-24 11:11:43] BTCUSDT 15m: 当前价格=118931.00, EMA25=118701.65, EMA50=118523.18, 趋势=禁空
[2025-07-24 11:11:43] BTCUSDT 1h: 当前价格=118931.10, EMA25=118546.32, EMA50=118481.26, 趋势=禁空
==============================

===== 趋势分析结果 (2025-07-24 11:26:43) =====
[2025-07-24 11:26:43] BTCUSDT 15m: 当前价格=119201.70, EMA25=118743.31, EMA50=118551.48, 趋势=禁空
[2025-07-24 11:26:43] BTCUSDT 1h: 当前价格=119201.80, EMA25=118567.14, EMA50=118491.87, 趋势=禁空
==============================

===== 趋势分析结果 (2025-07-24 11:41:43) =====
[2025-07-24 11:41:43] BTCUSDT 15m: 当前价格=118977.40, EMA25=118763.84, EMA50=118569.52, 趋势=禁空
[2025-07-24 11:41:43] BTCUSDT 1h: 当前价格=118977.40, EMA25=118549.88, EMA50=118483.07, 趋势=禁空
==============================

===== 趋势分析结果 (2025-07-24 11:56:43) =====
[2025-07-24 11:56:43] BTCUSDT 15m: 当前价格=118460.20, EMA25=118733.57, EMA50=118561.57, 趋势=混沌
[2025-07-24 11:56:43] BTCUSDT 1h: 当前价格=118460.20, EMA25=118510.10, EMA50=118462.79, 趋势=禁多
==============================

===== 趋势分析结果 (2025-07-24 12:11:43) =====
[2025-07-24 12:11:43] BTCUSDT 15m: 当前价格=118281.20, EMA25=118698.15, EMA50=118550.24, 趋势=混沌
[2025-07-24 12:11:43] BTCUSDT 1h: 当前价格=118240.00, EMA25=118488.70, EMA50=118453.73, 趋势=禁多
==============================

===== 趋势分析结果 (2025-07-24 12:26:43) =====
[2025-07-24 12:26:43] BTCUSDT 15m: 当前价格=118342.90, EMA25=118689.04, EMA50=118551.78, 趋势=混沌
[2025-07-24 12:26:43] BTCUSDT 1h: 当前价格=118342.90, EMA25=118496.62, EMA50=118457.76, 趋势=禁多
==============================

===== 趋势分析结果 (2025-07-24 12:41:43) =====
[2025-07-24 12:41:43] BTCUSDT 15m: 当前价格=117976.00, EMA25=118627.66, EMA50=118525.74, 趋势=混沌
[2025-07-24 12:41:43] BTCUSDT 1h: 当前价格=117976.00, EMA25=118468.39, EMA50=118443.37, 趋势=禁多
==============================

===== 趋势分析结果 (2025-07-24 12:56:43) =====
[2025-07-24 12:56:43] BTCUSDT 15m: 当前价格=117841.00, EMA25=118557.88, EMA50=118493.96, 趋势=混沌
[2025-07-24 12:56:43] BTCUSDT 1h: 当前价格=117823.70, EMA25=118456.68, EMA50=118437.40, 趋势=禁多
==============================

===== 趋势分析结果 (2025-07-24 13:11:43) =====
[2025-07-24 13:11:43] BTCUSDT 15m: 当前价格=117674.90, EMA25=118494.54, EMA50=118464.28, 趋势=混沌
[2025-07-24 13:11:43] BTCUSDT 1h: 当前价格=117674.90, EMA25=118402.36, EMA50=118410.59, 趋势=禁多
==============================

===== 趋势分析结果 (2025-07-24 13:26:43) =====
[2025-07-24 13:26:43] BTCUSDT 15m: 当前价格=117555.00, EMA25=118414.94, EMA50=118424.73, 趋势=禁多
[2025-07-24 13:26:43] BTCUSDT 1h: 当前价格=117555.10, EMA25=118393.14, EMA50=118405.89, 趋势=禁多
==============================

===== 趋势分析结果 (2025-07-24 13:41:43) =====
[2025-07-24 13:41:43] BTCUSDT 15m: 当前价格=117817.60, EMA25=118368.84, EMA50=118400.84, 趋势=禁多
[2025-07-24 13:41:43] BTCUSDT 1h: 当前价格=117817.60, EMA25=118413.33, EMA50=118416.18, 趋势=禁多
==============================

===== 趋势分析结果 (2025-07-24 13:56:43) =====
[2025-07-24 13:56:43] BTCUSDT 15m: 当前价格=117540.40, EMA25=118307.41, EMA50=118368.32, 趋势=禁多
[2025-07-24 13:56:43] BTCUSDT 1h: 当前价格=117533.80, EMA25=118391.50, EMA50=118405.05, 趋势=禁多
==============================

===== 趋势分析结果 (2025-07-24 14:11:43) =====
[2025-07-24 14:11:43] BTCUSDT 15m: 当前价格=117673.10, EMA25=118259.78, EMA50=118341.67, 趋势=禁多
[2025-07-24 14:11:43] BTCUSDT 1h: 当前价格=117673.00, EMA25=118337.86, EMA50=118377.21, 趋势=禁多
==============================

===== 趋势分析结果 (2025-07-24 14:26:43) =====
[2025-07-24 14:26:43] BTCUSDT 15m: 当前价格=117809.90, EMA25=118227.07, EMA50=118321.82, 趋势=禁多
[2025-07-24 14:26:43] BTCUSDT 1h: 当前价格=117801.00, EMA25=118347.71, EMA50=118382.23, 趋势=禁多
==============================

===== 趋势分析结果 (2025-07-24 14:41:43) =====
[2025-07-24 14:41:43] BTCUSDT 15m: 当前价格=117444.20, EMA25=118163.38, EMA50=118285.56, 趋势=禁多
[2025-07-24 14:41:43] BTCUSDT 1h: 当前价格=117441.80, EMA25=118320.08, EMA50=118368.14, 趋势=禁多
==============================

===== 趋势分析结果 (2025-07-24 14:56:43) =====
[2025-07-24 14:56:43] BTCUSDT 15m: 当前价格=117562.00, EMA25=118113.98, EMA50=118255.52, 趋势=禁多
[2025-07-24 14:56:43] BTCUSDT 1h: 当前价格=117562.00, EMA25=118329.32, EMA50=118372.85, 趋势=禁多
==============================

===== 趋势分析结果 (2025-07-24 15:11:43) =====
[2025-07-24 15:11:43] BTCUSDT 15m: 当前价格=117883.20, EMA25=118086.03, EMA50=118235.51, 趋势=禁多
[2025-07-24 15:11:43] BTCUSDT 1h: 当前价格=117892.50, EMA25=118285.52, EMA50=118348.60, 趋势=禁多
==============================

===== 趋势分析结果 (2025-07-24 15:26:43) =====
[2025-07-24 15:26:43] BTCUSDT 15m: 当前价格=117994.00, EMA25=118085.03, EMA50=118229.27, 趋势=禁多
[2025-07-24 15:26:43] BTCUSDT 1h: 当前价格=117994.00, EMA25=118293.32, EMA50=118352.58, 趋势=禁多
==============================

===== 趋势分析结果 (2025-07-24 15:41:43) =====
[2025-07-24 15:41:43] BTCUSDT 15m: 当前价格=118045.10, EMA25=118088.16, EMA50=118225.33, 趋势=禁多
[2025-07-24 15:41:43] BTCUSDT 1h: 当前价格=118040.00, EMA25=118296.86, EMA50=118354.39, 趋势=禁多
==============================

===== 趋势分析结果 (2025-07-24 15:56:43) =====
[2025-07-24 15:56:43] BTCUSDT 15m: 当前价格=118317.90, EMA25=118118.83, EMA50=118235.86, 趋势=混沌
[2025-07-24 15:56:43] BTCUSDT 1h: 当前价格=118317.90, EMA25=118318.24, EMA50=118365.29, 趋势=禁多
==============================

===== 趋势分析结果 (2025-07-24 16:11:49) =====
[2025-07-24 16:11:45] BTCUSDT 15m: 当前价格=118643.80, EMA25=118162.77, EMA50=118253.74, 趋势=混沌
[2025-07-24 16:11:49] BTCUSDT 1h: 当前价格=118649.80, EMA25=118347.30, EMA50=118378.33, 趋势=禁空
==============================

===== 趋势分析结果 (2025-07-24 16:26:43) =====
[2025-07-24 16:26:43] BTCUSDT 15m: 当前价格=118586.90, EMA25=118198.61, EMA50=118268.52, 趋势=混沌
[2025-07-24 16:26:43] BTCUSDT 1h: 当前价格=118586.90, EMA25=118342.46, EMA50=118375.86, 趋势=禁空
==============================

===== 趋势分析结果 (2025-07-24 16:41:43) =====
[2025-07-24 16:41:43] BTCUSDT 15m: 当前价格=118643.70, EMA25=118232.78, EMA50=118283.20, 趋势=混沌
[2025-07-24 16:41:43] BTCUSDT 1h: 当前价格=118643.80, EMA25=118346.84, EMA50=118378.10, 趋势=禁空
==============================

===== 趋势分析结果 (2025-07-24 16:56:43) =====
[2025-07-24 16:56:43] BTCUSDT 15m: 当前价格=118750.00, EMA25=118269.47, EMA50=118299.85, 趋势=混沌
[2025-07-24 16:56:43] BTCUSDT 1h: 当前价格=118750.10, EMA25=118355.02, EMA50=118382.26, 趋势=禁空
==============================

===== 趋势分析结果 (2025-07-24 17:11:43) =====
[2025-07-24 17:11:43] BTCUSDT 15m: 当前价格=118670.00, EMA25=118300.16, EMA50=118314.31, 趋势=混沌
[2025-07-24 17:11:43] BTCUSDT 1h: 当前价格=118670.00, EMA25=118379.12, EMA50=118393.48, 趋势=禁空
==============================

===== 趋势分析结果 (2025-07-24 17:26:43) =====
[2025-07-24 17:26:43] BTCUSDT 15m: 当前价格=118547.40, EMA25=118316.04, EMA50=118321.79, 趋势=混沌
[2025-07-24 17:26:43] BTCUSDT 1h: 当前价格=118547.40, EMA25=118369.69, EMA50=118388.67, 趋势=禁空
==============================

===== 趋势分析结果 (2025-07-24 17:41:43) =====
[2025-07-24 17:41:43] BTCUSDT 15m: 当前价格=118450.00, EMA25=118328.52, EMA50=118327.97, 趋势=禁空
[2025-07-24 17:41:43] BTCUSDT 1h: 当前价格=118449.90, EMA25=118362.19, EMA50=118384.85, 趋势=禁空
==============================

===== 趋势分析结果 (2025-07-24 17:56:43) =====
[2025-07-24 17:56:43] BTCUSDT 15m: 当前价格=118422.80, EMA25=118342.02, EMA50=118335.00, 趋势=禁空
[2025-07-24 17:56:43] BTCUSDT 1h: 当前价格=118422.80, EMA25=118360.10, EMA50=118383.79, 趋势=禁空
==============================

===== 趋势分析结果 (2025-07-24 18:11:43) =====
[2025-07-24 18:11:43] BTCUSDT 15m: 当前价格=118314.10, EMA25=118342.53, EMA50=118335.59, 趋势=混沌
[2025-07-24 18:11:43] BTCUSDT 1h: 当前价格=118314.10, EMA25=118359.22, EMA50=118382.46, 趋势=禁多
==============================

===== 趋势分析结果 (2025-07-24 18:26:43) =====
[2025-07-24 18:26:43] BTCUSDT 15m: 当前价格=118122.20, EMA25=118325.46, EMA50=118327.16, 趋势=禁多
[2025-07-24 18:26:43] BTCUSDT 1h: 当前价格=118122.10, EMA25=118344.45, EMA50=118374.93, 趋势=禁多
==============================

===== 趋势分析结果 (2025-07-24 18:41:43) =====
[2025-07-24 18:41:43] BTCUSDT 15m: 当前价格=118096.50, EMA25=118305.49, EMA50=118316.86, 趋势=禁多
[2025-07-24 18:41:43] BTCUSDT 1h: 当前价格=118096.50, EMA25=118342.48, EMA50=118373.93, 趋势=禁多
==============================

===== 趋势分析结果 (2025-07-24 18:56:51) =====
[2025-07-24 18:56:47] BTCUSDT 15m: 当前价格=118320.90, EMA25=118306.43, EMA50=118316.89, 趋势=混沌
==============================

===== 趋势分析结果 (2025-07-24 19:11:49) =====
[2025-07-24 19:11:49] BTCUSDT 1h: 当前价格=118453.90, EMA25=118369.05, EMA50=118386.62, 趋势=禁空
==============================

===== 趋势分析结果 (2025-07-24 19:26:43) =====
[2025-07-24 19:26:43] BTCUSDT 15m: 当前价格=118609.90, EMA25=118355.45, EMA50=118341.66, 趋势=禁空
[2025-07-24 19:26:43] BTCUSDT 1h: 当前价格=118609.90, EMA25=118381.05, EMA50=118392.73, 趋势=禁空
==============================

===== 趋势分析结果 (2025-07-24 19:41:43) =====
[2025-07-24 19:41:43] BTCUSDT 15m: 当前价格=118569.20, EMA25=118369.74, EMA50=118349.43, 趋势=禁空
[2025-07-24 19:41:43] BTCUSDT 1h: 当前价格=118569.20, EMA25=118377.92, EMA50=118391.14, 趋势=禁空
==============================

===== 趋势分析结果 (2025-07-24 19:56:44) =====
[2025-07-24 19:56:43] BTCUSDT 15m: 当前价格=118669.20, EMA25=118394.96, EMA50=118363.13, 趋势=禁空
[2025-07-24 19:56:44] BTCUSDT 1h: 当前价格=118669.30, EMA25=118385.62, EMA50=118395.06, 趋势=禁空
==============================

===== 趋势分析结果 (2025-07-24 20:11:43) =====
[2025-07-24 20:11:43] BTCUSDT 15m: 当前价格=118550.30, EMA25=118399.01, EMA50=118366.28, 趋势=禁空
[2025-07-24 20:11:43] BTCUSDT 1h: 当前价格=118550.20, EMA25=118390.38, EMA50=118396.95, 趋势=禁空
==============================

===== 趋势分析结果 (2025-07-24 20:26:43) =====
[2025-07-24 20:26:43] BTCUSDT 15m: 当前价格=118459.00, EMA25=118403.34, EMA50=118369.77, 趋势=禁空
[2025-07-24 20:26:43] BTCUSDT 1h: 当前价格=118459.00, EMA25=118383.36, EMA50=118393.38, 趋势=禁空
==============================

===== 趋势分析结果 (2025-07-24 20:41:43) =====
[2025-07-24 20:41:43] BTCUSDT 15m: 当前价格=118396.20, EMA25=118408.07, EMA50=118373.60, 趋势=混沌
[2025-07-24 20:41:43] BTCUSDT 1h: 当前价格=118396.20, EMA25=118378.53, EMA50=118390.91, 趋势=禁空
==============================

===== 趋势分析结果 (2025-07-24 20:56:43) =====
[2025-07-24 20:56:43] BTCUSDT 15m: 当前价格=118394.60, EMA25=118400.25, EMA50=118370.83, 趋势=混沌
[2025-07-24 20:56:43] BTCUSDT 1h: 当前价格=118394.50, EMA25=118378.40, EMA50=118390.85, 趋势=禁空
==============================

===== 趋势分析结果 (2025-07-24 21:11:43) =====
[2025-07-24 21:11:43] BTCUSDT 15m: 当前价格=118549.80, EMA25=118417.79, EMA50=118381.05, 趋势=禁空
[2025-07-24 21:11:43] BTCUSDT 1h: 当前价格=118549.80, EMA25=118397.62, EMA50=118400.28, 趋势=禁空
==============================

===== 趋势分析结果 (2025-07-24 21:26:45) =====
[2025-07-24 21:26:43] BTCUSDT 15m: 当前价格=118599.90, EMA25=118433.75, EMA50=118390.67, 趋势=禁空
[2025-07-24 21:26:45] BTCUSDT 1h: 当前价格=118600.00, EMA25=118401.48, EMA50=118402.25, 趋势=禁空
==============================

===== 趋势分析结果 (2025-07-24 21:41:43) =====
[2025-07-24 21:41:43] BTCUSDT 15m: 当前价格=118540.70, EMA25=118444.23, EMA50=118397.75, 趋势=禁空
[2025-07-24 21:41:43] BTCUSDT 1h: 当前价格=118526.90, EMA25=118395.86, EMA50=118399.39, 趋势=禁空
==============================

===== 趋势分析结果 (2025-07-24 21:56:43) =====
[2025-07-24 21:56:43] BTCUSDT 15m: 当前价格=118335.00, EMA25=118436.80, EMA50=118395.80, 趋势=混沌
[2025-07-24 21:56:43] BTCUSDT 1h: 当前价格=118343.00, EMA25=118381.71, EMA50=118392.17, 趋势=禁多
==============================

===== 趋势分析结果 (2025-07-24 22:11:43) =====
[2025-07-24 22:11:43] BTCUSDT 15m: 当前价格=117997.00, EMA25=118391.33, EMA50=118373.99, 趋势=混沌
[2025-07-24 22:11:43] BTCUSDT 1h: 当前价格=118025.10, EMA25=118342.08, EMA50=118371.31, 趋势=禁多
==============================

===== 趋势分析结果 (2025-07-24 22:26:44) =====
[2025-07-24 22:26:44] BTCUSDT 15m: 当前价格=118168.60, EMA25=118369.73, EMA50=118363.56, 趋势=混沌
[2025-07-24 22:26:44] BTCUSDT 1h: 当前价格=118168.60, EMA25=118353.12, EMA50=118376.93, 趋势=禁多
==============================

===== 趋势分析结果 (2025-07-24 22:41:43) =====
[2025-07-24 22:41:43] BTCUSDT 15m: 当前价格=118582.70, EMA25=118380.95, EMA50=118369.42, 趋势=禁空
[2025-07-24 22:41:43] BTCUSDT 1h: 当前价格=118582.70, EMA25=118384.98, EMA50=118393.17, 趋势=禁空
==============================

===== 趋势分析结果 (2025-07-24 22:56:43) =====
[2025-07-24 22:56:43] BTCUSDT 15m: 当前价格=118914.90, EMA25=118421.15, EMA50=118390.34, 趋势=禁空
[2025-07-24 22:56:43] BTCUSDT 1h: 当前价格=118903.20, EMA25=118409.63, EMA50=118405.74, 趋势=禁空
==============================

===== 趋势分析结果 (2025-07-24 23:11:43) =====
[2025-07-24 23:11:43] BTCUSDT 15m: 当前价格=119300.60, EMA25=118496.37, EMA50=118430.06, 趋势=禁空
[2025-07-24 23:11:43] BTCUSDT 1h: 当前价格=119300.60, EMA25=118486.57, EMA50=118445.29, 趋势=禁空
==============================

===== 趋势分析结果 (2025-07-24 23:26:43) =====
[2025-07-24 23:26:43] BTCUSDT 15m: 当前价格=118875.40, EMA25=118521.21, EMA50=118445.23, 趋势=禁空
[2025-07-24 23:26:43] BTCUSDT 1h: 当前价格=118875.40, EMA25=118453.86, EMA50=118428.62, 趋势=禁空
==============================

===== 趋势分析结果 (2025-07-24 23:41:43) =====
[2025-07-24 23:41:43] BTCUSDT 15m: 当前价格=118994.60, EMA25=118564.43, EMA50=118470.39, 趋势=禁空
[2025-07-24 23:41:43] BTCUSDT 1h: 当前价格=118932.10, EMA25=118458.22, EMA50=118430.84, 趋势=禁空
==============================

===== 趋势分析结果 (2025-07-24 23:56:43) =====
[2025-07-24 23:56:43] BTCUSDT 15m: 当前价格=118991.40, EMA25=118584.72, EMA50=118484.16, 趋势=禁空
[2025-07-24 23:56:43] BTCUSDT 1h: 当前价格=118987.60, EMA25=118462.49, EMA50=118433.02, 趋势=禁空
==============================

