===== 趋势分析结果 (2025-06-07 11:06:05) =====
[2025-06-07 11:06:04] BTCUSDT 1h: 当前价格=104579.00, EMA25=104103.17, EMA144=104596.07, EMA169=104741.29, 趋势=震荡行情
[2025-06-07 11:06:04] BTCUSDT 4h: 当前价格=104579.10, EMA25=104339.82, EMA144=104513.91, EMA169=103958.37, 趋势=上涨趋势
[2025-06-07 11:06:05] BTCUSDT 1d: 当前价格=104594.60, EMA25=104353.21, EMA144=94496.50, EMA169=93232.22, 趋势=上涨趋势
[2025-06-07 11:06:05] ETHUSDT 1h: 当前价格=2482.88, EMA25=2488.03, EMA144=2545.91, EMA169=2549.63, 趋势=下跌趋势
[2025-06-07 11:06:05] ETHUSDT 4h: 当前价格=2482.88, EMA25=2534.49, EMA144=2492.20, EMA169=2462.39, 趋势=震荡行情
[2025-06-07 11:06:05] ETHUSDT 1d: 当前价格=2482.90, EMA25=2479.26, EMA144=2375.60, EMA169=2417.09, 趋势=上涨趋势
==============================

===== 趋势分析结果 (2025-06-07 12:06:07) =====
[2025-06-07 12:06:06] BTCUSDT 1h: 当前价格=104771.50, EMA25=104171.87, EMA144=104601.74, EMA169=104744.67, 趋势=上涨趋势
[2025-06-07 12:06:06] BTCUSDT 4h: 当前价格=104771.50, EMA25=104390.30, EMA144=104521.18, EMA169=103970.55, 趋势=上涨趋势
[2025-06-07 12:06:06] BTCUSDT 1d: 当前价格=104771.60, EMA25=104366.83, EMA144=94498.95, EMA169=93234.31, 趋势=上涨趋势
[2025-06-07 12:06:07] ETHUSDT 1h: 当前价格=2486.16, EMA25=2488.25, EMA144=2545.15, EMA169=2548.94, 趋势=下跌趋势
[2025-06-07 12:06:07] ETHUSDT 4h: 当前价格=2486.17, EMA25=2531.13, EMA144=2492.21, EMA169=2462.74, 趋势=震荡行情
[2025-06-07 12:06:07] ETHUSDT 1d: 当前价格=2486.16, EMA25=2479.51, EMA144=2375.64, EMA169=2417.12, 趋势=上涨趋势
==============================

===== 趋势分析结果 (2025-06-07 13:06:09) =====
[2025-06-07 13:06:06] BTCUSDT 1h: 当前价格=104728.60, EMA25=104214.23, EMA144=104603.36, EMA169=104744.59, 趋势=上涨趋势
[2025-06-07 13:06:07] BTCUSDT 4h: 当前价格=104728.60, EMA25=104387.00, EMA144=104520.59, EMA169=103970.05, 趋势=上涨趋势
[2025-06-07 13:06:07] BTCUSDT 1d: 当前价格=104728.60, EMA25=104363.52, EMA144=94498.35, EMA169=93233.80, 趋势=上涨趋势
[2025-06-07 13:06:08] ETHUSDT 1h: 当前价格=2485.20, EMA25=2488.21, EMA144=2544.35, EMA169=2548.23, 趋势=下跌趋势
[2025-06-07 13:06:08] ETHUSDT 4h: 当前价格=2485.20, EMA25=2531.06, EMA144=2492.20, EMA169=2462.73, 趋势=震荡行情
[2025-06-07 13:06:09] ETHUSDT 1d: 当前价格=2485.20, EMA25=2479.44, EMA144=2375.63, EMA169=2417.11, 趋势=上涨趋势
==============================

===== 趋势分析结果 (2025-06-07 14:06:07) =====
[2025-06-07 14:06:06] BTCUSDT 1h: 当前价格=104775.20, EMA25=104264.12, EMA144=104607.07, EMA169=104746.28, 趋势=上涨趋势
[2025-06-07 14:06:06] BTCUSDT 4h: 当前价格=104775.20, EMA25=104390.58, EMA144=104521.23, EMA169=103970.60, 趋势=上涨趋势
[2025-06-07 14:06:06] BTCUSDT 1d: 当前价格=104775.20, EMA25=104367.11, EMA144=94499.00, EMA169=93234.35, 趋势=上涨趋势
[2025-06-07 14:06:07] ETHUSDT 1h: 当前价格=2489.57, EMA25=2488.87, EMA144=2543.70, EMA169=2547.63, 趋势=震荡行情
[2025-06-07 14:06:07] ETHUSDT 4h: 当前价格=2489.57, EMA25=2531.39, EMA144=2492.26, EMA169=2462.78, 趋势=震荡行情
[2025-06-07 14:06:07] ETHUSDT 1d: 当前价格=2489.13, EMA25=2479.74, EMA144=2375.69, EMA169=2417.16, 趋势=上涨趋势
==============================

===== 趋势分析结果 (2025-06-07 15:06:07) =====
[2025-06-07 15:06:06] BTCUSDT 1h: 当前价格=105089.20, EMA25=104362.88, EMA144=104620.58, EMA169=104756.36, 趋势=上涨趋势
[2025-06-07 15:06:06] BTCUSDT 4h: 当前价格=105078.10, EMA25=104413.88, EMA144=104525.41, EMA169=103974.16, 趋势=上涨趋势
[2025-06-07 15:06:06] BTCUSDT 1d: 当前价格=105089.20, EMA25=104391.26, EMA144=94503.33, EMA169=93238.04, 趋势=上涨趋势
[2025-06-07 15:06:07] ETHUSDT 1h: 当前价格=2492.01, EMA25=2489.88, EMA144=2543.14, EMA169=2547.11, 趋势=震荡行情
[2025-06-07 15:06:07] ETHUSDT 4h: 当前价格=2492.01, EMA25=2531.58, EMA144=2492.29, EMA169=2462.81, 趋势=震荡行情
[2025-06-07 15:06:07] ETHUSDT 1d: 当前价格=2492.01, EMA25=2479.96, EMA144=2375.73, EMA169=2417.19, 趋势=上涨趋势
==============================

===== 趋势分析结果 (2025-06-07 16:06:09) =====
[2025-06-07 16:06:08] BTCUSDT 1h: 当前价格=104857.10, EMA25=104381.33, EMA144=104620.14, EMA169=104754.60, 趋势=上涨趋势
[2025-06-07 16:06:08] BTCUSDT 4h: 当前价格=104850.40, EMA25=104428.68, EMA144=104526.56, EMA169=103981.17, 趋势=上涨趋势
[2025-06-07 16:06:08] BTCUSDT 1d: 当前价格=104850.40, EMA25=104372.89, EMA144=94500.03, EMA169=93235.23, 趋势=上涨趋势
[2025-06-07 16:06:09] ETHUSDT 1h: 当前价格=2489.45, EMA25=2489.72, EMA144=2542.38, EMA169=2546.42, 趋势=下跌趋势
[2025-06-07 16:06:09] ETHUSDT 4h: 当前价格=2489.45, EMA25=2528.21, EMA144=2492.24, EMA169=2463.12, 趋势=震荡行情
[2025-06-07 16:06:09] ETHUSDT 1d: 当前价格=2489.37, EMA25=2479.76, EMA144=2375.69, EMA169=2417.16, 趋势=上涨趋势
==============================

===== 趋势分析结果 (2025-06-07 17:06:07) =====
[2025-06-07 17:06:06] BTCUSDT 1h: 当前价格=104824.50, EMA25=104403.71, EMA144=104620.75, EMA169=104753.73, 趋势=上涨趋势
[2025-06-07 17:06:06] BTCUSDT 4h: 当前价格=104822.40, EMA25=104426.53, EMA144=104526.18, EMA169=103980.84, 趋势=上涨趋势
[2025-06-07 17:06:06] BTCUSDT 1d: 当前价格=104825.00, EMA25=104370.94, EMA144=94499.68, EMA169=93234.93, 趋势=上涨趋势
[2025-06-07 17:06:07] ETHUSDT 1h: 当前价格=2484.69, EMA25=2488.85, EMA144=2541.49, EMA169=2545.61, 趋势=下跌趋势
[2025-06-07 17:06:07] ETHUSDT 4h: 当前价格=2484.70, EMA25=2527.85, EMA144=2492.18, EMA169=2463.07, 趋势=震荡行情
[2025-06-07 17:06:07] ETHUSDT 1d: 当前价格=2484.69, EMA25=2479.40, EMA144=2375.62, EMA169=2417.11, 趋势=上涨趋势
==============================

===== 趋势分析结果 (2025-06-07 18:06:07) =====
[2025-06-07 18:06:06] BTCUSDT 1h: 当前价格=104868.90, EMA25=104436.92, EMA144=104623.76, EMA169=104754.91, 趋势=上涨趋势
[2025-06-07 18:06:06] BTCUSDT 4h: 当前价格=104869.00, EMA25=104430.11, EMA144=104526.82, EMA169=103981.39, 趋势=上涨趋势
[2025-06-07 18:06:06] BTCUSDT 1d: 当前价格=104869.00, EMA25=104374.32, EMA144=94500.29, EMA169=93235.45, 趋势=上涨趋势
[2025-06-07 18:06:07] ETHUSDT 1h: 当前价格=2487.86, EMA25=2488.79, EMA144=2540.76, EMA169=2544.94, 趋势=下跌趋势
[2025-06-07 18:06:07] ETHUSDT 4h: 当前价格=2487.86, EMA25=2528.09, EMA144=2492.22, EMA169=2463.10, 趋势=震荡行情
[2025-06-07 18:06:07] ETHUSDT 1d: 当前价格=2487.86, EMA25=2479.64, EMA144=2375.67, EMA169=2417.14, 趋势=上涨趋势
==============================

===== 趋势分析结果 (2025-06-07 19:06:07) =====
[2025-06-07 19:06:06] BTCUSDT 1h: 当前价格=105140.00, EMA25=104506.77, EMA144=104633.98, EMA169=104762.28, 趋势=上涨趋势
[2025-06-07 19:06:06] BTCUSDT 4h: 当前价格=105149.30, EMA25=104451.67, EMA144=104530.68, EMA169=103984.69, 趋势=上涨趋势
[2025-06-07 19:06:06] BTCUSDT 1d: 当前价格=105149.40, EMA25=104395.89, EMA144=94504.16, EMA169=93238.75, 趋势=上涨趋势
[2025-06-07 19:06:07] ETHUSDT 1h: 当前价格=2492.63, EMA25=2489.51, EMA144=2540.18, EMA169=2544.40, 趋势=震荡行情
[2025-06-07 19:06:07] ETHUSDT 4h: 当前价格=2492.64, EMA25=2528.46, EMA144=2492.29, EMA169=2463.16, 趋势=震荡行情
[2025-06-07 19:06:07] ETHUSDT 1d: 当前价格=2493.10, EMA25=2480.05, EMA144=2375.74, EMA169=2417.21, 趋势=上涨趋势
==============================

===== 趋势分析结果 (2025-06-07 20:06:08) =====
[2025-06-07 20:06:06] BTCUSDT 1h: 当前价格=105182.70, EMA25=104555.53, EMA144=104640.99, EMA169=104766.96, 趋势=上涨趋势
[2025-06-07 20:06:06] BTCUSDT 4h: 当前价格=105182.70, EMA25=104504.01, EMA144=104539.37, EMA169=103998.23, 趋势=上涨趋势
[2025-06-07 20:06:07] BTCUSDT 1d: 当前价格=105182.70, EMA25=104398.45, EMA144=94504.62, EMA169=93239.14, 趋势=上涨趋势
[2025-06-07 20:06:07] ETHUSDT 1h: 当前价格=2495.86, EMA25=2490.11, EMA144=2539.59, EMA169=2543.86, 趋势=震荡行情
[2025-06-07 20:06:07] ETHUSDT 4h: 当前价格=2495.86, EMA25=2526.06, EMA144=2492.38, EMA169=2463.59, 趋势=震荡行情
[2025-06-07 20:06:08] ETHUSDT 1d: 当前价格=2495.87, EMA25=2480.26, EMA144=2375.78, EMA169=2417.24, 趋势=上涨趋势
==============================

===== 趋势分析结果 (2025-06-07 21:06:07) =====
[2025-06-07 21:06:06] BTCUSDT 1h: 当前价格=105281.40, EMA25=104627.00, EMA144=104652.91, EMA169=104775.84, 趋势=上涨趋势
[2025-06-07 21:06:06] BTCUSDT 4h: 当前价格=105281.40, EMA25=104511.61, EMA144=104540.73, EMA169=103999.39, 趋势=上涨趋势
[2025-06-07 21:06:06] BTCUSDT 1d: 当前价格=105271.60, EMA25=104405.29, EMA144=94505.84, EMA169=93240.19, 趋势=上涨趋势
[2025-06-07 21:06:07] ETHUSDT 1h: 当前价格=2492.40, EMA25=2490.36, EMA144=2538.95, EMA169=2543.27, 趋势=震荡行情
[2025-06-07 21:06:07] ETHUSDT 4h: 当前价格=2492.40, EMA25=2525.80, EMA144=2492.33, EMA169=2463.55, 趋势=震荡行情
[2025-06-07 21:06:07] ETHUSDT 1d: 当前价格=2492.40, EMA25=2479.99, EMA144=2375.73, EMA169=2417.20, 趋势=上涨趋势
==============================

===== 趋势分析结果 (2025-06-07 22:06:07) =====
[2025-06-07 22:06:06] BTCUSDT 1h: 当前价格=105540.00, EMA25=104716.34, EMA144=104668.91, EMA169=104788.23, 趋势=上涨趋势
[2025-06-07 22:06:06] BTCUSDT 4h: 当前价格=105540.00, EMA25=104531.50, EMA144=104544.29, EMA169=104002.43, 趋势=上涨趋势
[2025-06-07 22:06:06] BTCUSDT 1d: 当前价格=105540.00, EMA25=104425.94, EMA144=94509.54, EMA169=93243.35, 趋势=上涨趋势
[2025-06-07 22:06:07] ETHUSDT 1h: 当前价格=2510.39, EMA25=2492.87, EMA144=2538.75, EMA169=2543.05, 趋势=震荡行情
[2025-06-07 22:06:07] ETHUSDT 4h: 当前价格=2510.39, EMA25=2527.18, EMA144=2492.58, EMA169=2463.76, 趋势=震荡行情
[2025-06-07 22:06:07] ETHUSDT 1d: 当前价格=2510.39, EMA25=2481.38, EMA144=2375.98, EMA169=2417.41, 趋势=上涨趋势
==============================

===== 趋势分析结果 (2025-06-07 23:06:10) =====
[2025-06-07 23:06:06] BTCUSDT 1h: 当前价格=105387.10, EMA25=104755.87, EMA144=104676.62, EMA169=104793.55, 趋势=上涨趋势
[2025-06-07 23:06:06] BTCUSDT 4h: 当前价格=105387.10, EMA25=104519.74, EMA144=104542.18, EMA169=104000.63, 趋势=上涨趋势
[2025-06-07 23:06:06] BTCUSDT 1d: 当前价格=105387.10, EMA25=104414.17, EMA144=94507.44, EMA169=93241.55, 趋势=上涨趋势
[2025-06-07 23:06:09] ETHUSDT 1h: 当前价格=2517.45, EMA25=2495.07, EMA144=2538.51, EMA169=2542.81, 趋势=震荡行情
[2025-06-07 23:06:10] ETHUSDT 4h: 当前价格=2517.45, EMA25=2527.72, EMA144=2492.68, EMA169=2463.84, 趋势=震荡行情
[2025-06-07 23:06:10] ETHUSDT 1d: 当前价格=2517.72, EMA25=2481.94, EMA144=2376.08, EMA169=2417.50, 趋势=上涨趋势
==============================

