===== 趋势分析结果 (2025-06-08 14:37:49) =====
[2025-06-08 14:37:48] BTCUSDT 1h: 当前价格=105529.50, EMA25=105300.62, EMA144=104842.01, EMA169=104921.90, 趋势=上涨趋势
[2025-06-08 14:37:48] BTCUSDT 4h: 当前价格=105529.50, EMA25=104805.04, EMA144=104598.32, EMA169=104073.01, 趋势=上涨趋势
[2025-06-08 14:37:48] BTCUSDT 1d: 当前价格=105529.50, EMA25=104508.52, EMA144=94661.98, EMA169=93390.25, 趋势=上涨趋势
[2025-06-08 14:37:48] ETHUSDT 1h: 当前价格=2514.42, EMA25=2509.68, EMA144=2534.36, EMA169=2538.63, 趋势=震荡行情
[2025-06-08 14:37:49] ETHUSDT 4h: 当前价格=2514.42, EMA25=2524.54, EMA144=2494.00, EMA169=2466.34, 趋势=震荡行情
[2025-06-08 14:37:49] ETHUSDT 1d: 当前价格=2514.81, EMA25=2484.87, EMA144=2378.11, EMA169=2418.83, 趋势=上涨趋势
==============================

===== 趋势分析结果 (2025-06-08 15:37:51) =====
[2025-06-08 15:37:49] BTCUSDT 1h: 当前价格=105411.30, EMA25=105299.61, EMA144=104848.15, EMA169=104926.53, 趋势=上涨趋势
[2025-06-08 15:37:50] BTCUSDT 4h: 当前价格=105411.40, EMA25=104795.96, EMA144=104596.69, EMA169=104071.63, 趋势=上涨趋势
[2025-06-08 15:37:50] BTCUSDT 1d: 当前价格=105411.40, EMA25=104499.43, EMA144=94660.35, EMA169=93388.86, 趋势=上涨趋势
[2025-06-08 15:37:50] ETHUSDT 1h: 当前价格=2512.88, EMA25=2509.73, EMA144=2534.03, EMA169=2538.31, 趋势=震荡行情
[2025-06-08 15:37:50] ETHUSDT 4h: 当前价格=2512.88, EMA25=2524.42, EMA144=2493.98, EMA169=2466.32, 趋势=震荡行情
[2025-06-08 15:37:51] ETHUSDT 1d: 当前价格=2512.87, EMA25=2484.72, EMA144=2378.08, EMA169=2418.81, 趋势=上涨趋势
==============================

===== 趋势分析结果 (2025-06-08 16:37:51) =====
[2025-06-08 16:37:49] BTCUSDT 1h: 当前价格=105386.90, EMA25=105304.14, EMA144=104855.24, EMA169=104931.95, 趋势=上涨趋势
[2025-06-08 16:37:50] BTCUSDT 4h: 当前价格=105386.90, EMA25=104839.22, EMA144=104607.27, EMA169=104086.56, 趋势=上涨趋势
[2025-06-08 16:37:50] BTCUSDT 1d: 当前价格=105386.90, EMA25=104497.55, EMA144=94660.02, EMA169=93388.57, 趋势=上涨趋势
[2025-06-08 16:37:50] ETHUSDT 1h: 当前价格=2515.40, EMA25=2510.21, EMA144=2533.78, EMA169=2538.05, 趋势=震荡行情
[2025-06-08 16:37:50] ETHUSDT 4h: 当前价格=2515.40, EMA25=2523.77, EMA144=2494.29, EMA169=2466.91, 趋势=震荡行情
[2025-06-08 16:37:51] ETHUSDT 1d: 当前价格=2515.39, EMA25=2484.92, EMA144=2378.12, EMA169=2418.84, 趋势=上涨趋势
==============================

===== 趋势分析结果 (2025-06-08 17:37:51) =====
[2025-06-08 17:37:49] BTCUSDT 1h: 当前价格=105122.90, EMA25=105285.95, EMA144=104858.16, EMA169=104933.85, 趋势=震荡行情
[2025-06-08 17:37:50] BTCUSDT 4h: 当前价格=105123.00, EMA25=104818.92, EMA144=104603.63, EMA169=104083.46, 趋势=上涨趋势
[2025-06-08 17:37:50] BTCUSDT 1d: 当前价格=105122.90, EMA25=104477.24, EMA144=94656.37, EMA169=93385.47, 趋势=上涨趋势
[2025-06-08 17:37:50] ETHUSDT 1h: 当前价格=2498.31, EMA25=2509.29, EMA144=2533.29, EMA169=2537.58, 趋势=下跌趋势
[2025-06-08 17:37:50] ETHUSDT 4h: 当前价格=2498.31, EMA25=2522.46, EMA144=2494.06, EMA169=2466.71, 趋势=震荡行情
[2025-06-08 17:37:51] ETHUSDT 1d: 当前价格=2498.31, EMA25=2483.60, EMA144=2377.88, EMA169=2418.64, 趋势=上涨趋势
==============================

===== 趋势分析结果 (2025-06-08 18:37:51) =====
[2025-06-08 18:37:49] BTCUSDT 1h: 当前价格=105225.70, EMA25=105279.23, EMA144=104862.87, EMA169=104937.24, 趋势=震荡行情
[2025-06-08 18:37:50] BTCUSDT 4h: 当前价格=105225.60, EMA25=104826.81, EMA144=104605.05, EMA169=104084.67, 趋势=上涨趋势
[2025-06-08 18:37:50] BTCUSDT 1d: 当前价格=105225.70, EMA25=104485.15, EMA144=94657.79, EMA169=93386.68, 趋势=上涨趋势
[2025-06-08 18:37:50] ETHUSDT 1h: 当前价格=2497.94, EMA25=2508.30, EMA144=2532.78, EMA169=2537.09, 趋势=下跌趋势
[2025-06-08 18:37:50] ETHUSDT 4h: 当前价格=2497.94, EMA25=2522.43, EMA144=2494.05, EMA169=2466.70, 趋势=震荡行情
[2025-06-08 18:37:51] ETHUSDT 1d: 当前价格=2497.94, EMA25=2483.58, EMA144=2377.88, EMA169=2418.64, 趋势=上涨趋势
==============================

===== 趋势分析结果 (2025-06-08 19:37:51) =====
[2025-06-08 19:37:49] BTCUSDT 1h: 当前价格=105602.80, EMA25=105309.28, EMA144=104874.08, EMA169=104946.16, 趋势=上涨趋势
[2025-06-08 19:37:50] BTCUSDT 4h: 当前价格=105602.80, EMA25=104855.82, EMA144=104610.25, EMA169=104089.10, 趋势=上涨趋势
[2025-06-08 19:37:50] BTCUSDT 1d: 当前价格=105602.70, EMA25=104514.15, EMA144=94662.99, EMA169=93391.11, 趋势=上涨趋势
[2025-06-08 19:37:50] ETHUSDT 1h: 当前价格=2514.52, EMA25=2509.07, EMA144=2532.58, EMA169=2536.88, 趋势=震荡行情
[2025-06-08 19:37:50] ETHUSDT 4h: 当前价格=2514.52, EMA25=2523.70, EMA144=2494.28, EMA169=2466.90, 趋势=震荡行情
[2025-06-08 19:37:51] ETHUSDT 1d: 当前价格=2514.53, EMA25=2484.85, EMA144=2378.10, EMA169=2418.83, 趋势=上涨趋势
==============================

===== 趋势分析结果 (2025-06-08 20:37:59) =====
[2025-06-08 20:37:51] BTCUSDT 1h: 当前价格=105519.90, EMA25=105326.64, EMA144=104883.28, EMA169=104953.45, 趋势=上涨趋势
[2025-06-08 20:37:52] BTCUSDT 4h: 当前价格=105519.90, EMA25=104908.07, EMA144=104623.10, EMA169=104106.06, 趋势=上涨趋势
[2025-06-08 20:37:57] ETHUSDT 1h: 当前价格=2500.61, EMA25=2508.26, EMA144=2532.11, EMA169=2536.43, 趋势=下跌趋势
[2025-06-08 20:37:59] ETHUSDT 4h: 当前价格=2500.61, EMA25=2521.77, EMA144=2494.35, EMA169=2467.28, 趋势=震荡行情
[2025-06-08 20:37:59] ETHUSDT 1d: 当前价格=2500.62, EMA25=2483.78, EMA144=2377.91, EMA169=2418.67, 趋势=上涨趋势
==============================

===== 趋势分析结果 (2025-06-08 21:37:51) =====
[2025-06-08 21:37:49] BTCUSDT 1h: 当前价格=105795.70, EMA25=105372.51, EMA144=104897.83, EMA169=104965.33, 趋势=上涨趋势
[2025-06-08 21:37:50] BTCUSDT 4h: 当前价格=105795.80, EMA25=104929.29, EMA144=104626.91, EMA169=104109.31, 趋势=上涨趋势
[2025-06-08 21:37:50] BTCUSDT 1d: 当前价格=105795.70, EMA25=104528.99, EMA144=94665.65, EMA169=93393.38, 趋势=上涨趋势
[2025-06-08 21:37:50] ETHUSDT 1h: 当前价格=2516.74, EMA25=2509.35, EMA144=2531.99, EMA169=2536.28, 趋势=震荡行情
[2025-06-08 21:37:50] ETHUSDT 4h: 当前价格=2516.64, EMA25=2523.00, EMA144=2494.57, EMA169=2467.47, 趋势=震荡行情
[2025-06-08 21:37:51] ETHUSDT 1d: 当前价格=2516.64, EMA25=2485.01, EMA144=2378.13, EMA169=2418.86, 趋势=上涨趋势
==============================

===== 趋势分析结果 (2025-06-08 22:37:51) =====
[2025-06-08 22:37:49] BTCUSDT 1h: 当前价格=105669.90, EMA25=105378.57, EMA144=104905.39, EMA169=104971.31, 趋势=上涨趋势
[2025-06-08 22:37:50] BTCUSDT 4h: 当前价格=105669.90, EMA25=104919.61, EMA144=104625.17, EMA169=104107.82, 趋势=上涨趋势
[2025-06-08 22:37:50] BTCUSDT 1d: 当前价格=105669.90, EMA25=104519.32, EMA144=94663.92, EMA169=93391.90, 趋势=上涨趋势
[2025-06-08 22:37:50] ETHUSDT 1h: 当前价格=2508.05, EMA25=2508.61, EMA144=2531.54, EMA169=2535.87, 趋势=下跌趋势
[2025-06-08 22:37:50] ETHUSDT 4h: 当前价格=2508.06, EMA25=2522.34, EMA144=2494.45, EMA169=2467.37, 趋势=震荡行情
[2025-06-08 22:37:51] ETHUSDT 1d: 当前价格=2508.06, EMA25=2484.35, EMA144=2378.02, EMA169=2418.76, 趋势=上涨趋势
==============================

===== 趋势分析结果 (2025-06-08 23:37:51) =====
[2025-06-08 23:37:49] BTCUSDT 1h: 当前价格=105880.00, EMA25=105424.02, EMA144=104920.27, EMA169=104983.59, 趋势=上涨趋势
[2025-06-08 23:37:50] BTCUSDT 4h: 当前价格=105880.00, EMA25=104935.77, EMA144=104628.07, EMA169=104110.30, 趋势=上涨趋势
[2025-06-08 23:37:50] BTCUSDT 1d: 当前价格=105880.00, EMA25=104535.48, EMA144=94666.82, EMA169=93394.37, 趋势=上涨趋势
[2025-06-08 23:37:50] ETHUSDT 1h: 当前价格=2512.29, EMA25=2509.26, EMA144=2531.35, EMA169=2535.67, 趋势=震荡行情
[2025-06-08 23:37:50] ETHUSDT 4h: 当前价格=2512.29, EMA25=2522.67, EMA144=2494.51, EMA169=2467.42, 趋势=震荡行情
[2025-06-08 23:37:51] ETHUSDT 1d: 当前价格=2512.29, EMA25=2484.68, EMA144=2378.07, EMA169=2418.81, 趋势=上涨趋势
==============================

