===== 趋势分析结果 (2025-06-03 00:34:08) =====
[2025-06-03 00:34:06] BTCUSDT 1h: 当前价格=104046.70, EMA25=104552.93, EMA144=105598.24, EMA169=105783.55, 趋势=下跌趋势
[2025-06-03 00:34:06] BTCUSDT 4h: 当前价格=104046.80, EMA25=105098.32, EMA144=104495.60, EMA169=103736.94, 趋势=震荡行情
[2025-06-03 00:34:07] BTCUSDT 1d: 当前价格=104046.80, EMA25=104377.18, EMA144=93780.85, EMA169=92536.27, 趋势=震荡行情
[2025-06-03 00:34:07] ETHUSDT 1h: 当前价格=2532.24, EMA25=2511.15, EMA144=2554.02, EMA169=2558.06, 趋势=震荡行情
[2025-06-03 00:34:08] ETHUSDT 4h: 当前价格=2532.24, EMA25=2543.55, EMA144=2462.02, EMA169=2425.79, 趋势=震荡行情
[2025-06-03 00:34:08] ETHUSDT 1d: 当前价格=2532.24, EMA25=2459.13, EMA144=2364.53, EMA169=2409.67, 趋势=上涨趋势
==============================

===== 趋势分析结果 (2025-06-03 01:34:08) =====
[2025-06-03 01:34:04] BTCUSDT 1h: 当前价格=104285.10, EMA25=104545.67, EMA144=105582.59, EMA169=105767.96, 趋势=下跌趋势
[2025-06-03 01:34:04] BTCUSDT 4h: 当前价格=104285.10, EMA25=105116.65, EMA144=104498.89, EMA169=103739.75, 趋势=震荡行情
[2025-06-03 01:34:07] BTCUSDT 1d: 当前价格=104285.20, EMA25=104395.51, EMA144=93784.13, EMA169=92539.08, 趋势=震荡行情
[2025-06-03 01:34:07] ETHUSDT 1h: 当前价格=2541.42, EMA25=2514.40, EMA144=2554.03, EMA169=2558.02, 趋势=震荡行情
[2025-06-03 01:34:08] ETHUSDT 4h: 当前价格=2541.43, EMA25=2544.26, EMA144=2462.15, EMA169=2425.89, 趋势=震荡行情
[2025-06-03 01:34:08] ETHUSDT 1d: 当前价格=2541.42, EMA25=2459.84, EMA144=2364.65, EMA169=2409.78, 趋势=上涨趋势
==============================

===== 趋势分析结果 (2025-06-03 02:34:06) =====
[2025-06-03 02:34:04] BTCUSDT 1h: 当前价格=104393.50, EMA25=104538.26, EMA144=105566.90, EMA169=105752.34, 趋势=下跌趋势
[2025-06-03 02:34:04] BTCUSDT 4h: 当前价格=104393.50, EMA25=105124.99, EMA144=104500.38, EMA169=103741.02, 趋势=震荡行情
[2025-06-03 02:34:05] BTCUSDT 1d: 当前价格=104393.50, EMA25=104403.84, EMA144=93785.63, EMA169=92540.35, 趋势=震荡行情
[2025-06-03 02:34:05] ETHUSDT 1h: 当前价格=2553.85, EMA25=2517.96, EMA144=2554.14, EMA169=2558.07, 趋势=震荡行情
[2025-06-03 02:34:05] ETHUSDT 4h: 当前价格=2553.84, EMA25=2545.21, EMA144=2462.32, EMA169=2426.04, 趋势=上涨趋势
[2025-06-03 02:34:06] ETHUSDT 1d: 当前价格=2553.84, EMA25=2460.79, EMA144=2364.83, EMA169=2409.93, 趋势=上涨趋势
==============================

===== 趋势分析结果 (2025-06-03 03:34:06) =====
[2025-06-03 03:34:04] BTCUSDT 1h: 当前价格=104206.70, EMA25=104506.74, EMA144=105546.96, EMA169=105733.00, 趋势=下跌趋势
[2025-06-03 03:34:04] BTCUSDT 4h: 当前价格=104206.70, EMA25=105110.62, EMA144=104497.81, EMA169=103738.83, 趋势=震荡行情
[2025-06-03 03:34:05] BTCUSDT 1d: 当前价格=104206.70, EMA25=104389.48, EMA144=93783.05, EMA169=92538.15, 趋势=震荡行情
[2025-06-03 03:34:05] ETHUSDT 1h: 当前价格=2533.18, EMA25=2518.39, EMA144=2553.71, EMA169=2557.66, 趋势=震荡行情
[2025-06-03 03:34:05] ETHUSDT 4h: 当前价格=2533.18, EMA25=2543.62, EMA144=2462.04, EMA169=2425.80, 趋势=震荡行情
[2025-06-03 03:34:06] ETHUSDT 1d: 当前价格=2533.18, EMA25=2459.20, EMA144=2364.54, EMA169=2409.68, 趋势=上涨趋势
==============================

===== 趋势分析结果 (2025-06-03 04:34:05) =====
[2025-06-03 04:34:04] BTCUSDT 1h: 当前价格=104705.70, EMA25=104533.39, EMA144=105537.51, EMA169=105722.63, 趋势=震荡行情
[2025-06-03 04:34:04] BTCUSDT 4h: 当前价格=104705.80, EMA25=105090.82, EMA144=104502.92, EMA169=103753.00, 趋势=震荡行情
[2025-06-03 04:34:04] BTCUSDT 1d: 当前价格=104705.70, EMA25=104427.86, EMA144=93789.93, EMA169=92544.02, 趋势=上涨趋势
[2025-06-03 04:34:04] ETHUSDT 1h: 当前价格=2539.93, EMA25=2519.91, EMA144=2553.51, EMA169=2557.43, 趋势=震荡行情
[2025-06-03 04:34:05] ETHUSDT 4h: 当前价格=2539.93, EMA25=2543.20, EMA144=2463.09, EMA169=2427.16, 趋势=震荡行情
[2025-06-03 04:34:05] ETHUSDT 1d: 当前价格=2539.93, EMA25=2459.72, EMA144=2364.63, EMA169=2409.76, 趋势=上涨趋势
==============================

===== 趋势分析结果 (2025-06-03 05:34:02) =====
[2025-06-03 05:34:01] BTCUSDT 1h: 当前价格=104650.00, EMA25=104551.13, EMA144=105526.97, EMA169=105711.38, 趋势=震荡行情
[2025-06-03 05:34:01] BTCUSDT 4h: 当前价格=104650.00, EMA25=105086.53, EMA144=104502.15, EMA169=103752.35, 趋势=震荡行情
[2025-06-03 05:34:01] BTCUSDT 1d: 当前价格=104650.00, EMA25=104423.58, EMA144=93789.17, EMA169=92543.37, 趋势=上涨趋势
[2025-06-03 05:34:01] ETHUSDT 1h: 当前价格=2547.65, EMA25=2521.96, EMA144=2553.42, EMA169=2557.31, 趋势=震荡行情
[2025-06-03 05:34:02] ETHUSDT 4h: 当前价格=2547.65, EMA25=2543.79, EMA144=2463.20, EMA169=2427.25, 趋势=上涨趋势
[2025-06-03 05:34:02] ETHUSDT 1d: 当前价格=2547.64, EMA25=2460.32, EMA144=2364.74, EMA169=2409.85, 趋势=上涨趋势
==============================

===== 趋势分析结果 (2025-06-03 06:34:02) =====
[2025-06-03 06:34:01] BTCUSDT 1h: 当前价格=105641.10, EMA25=104651.74, EMA144=105531.85, EMA169=105713.24, 趋势=上涨趋势
[2025-06-03 06:34:01] BTCUSDT 4h: 当前价格=105641.00, EMA25=105162.76, EMA144=104515.82, EMA169=103764.01, 趋势=上涨趋势
[2025-06-03 06:34:01] BTCUSDT 1d: 当前价格=105641.10, EMA25=104499.81, EMA144=93802.84, EMA169=92555.03, 趋势=上涨趋势
[2025-06-03 06:34:01] ETHUSDT 1h: 当前价格=2579.35, EMA25=2527.19, EMA144=2553.95, EMA169=2557.72, 趋势=上涨趋势
[2025-06-03 06:34:02] ETHUSDT 4h: 当前价格=2579.35, EMA25=2546.23, EMA144=2463.63, EMA169=2427.62, 趋势=上涨趋势
[2025-06-03 06:34:02] ETHUSDT 1d: 当前价格=2579.35, EMA25=2462.76, EMA144=2365.18, EMA169=2410.23, 趋势=上涨趋势
==============================

===== 趋势分析结果 (2025-06-03 07:34:02) =====
[2025-06-03 07:34:01] BTCUSDT 1h: 当前价格=105719.90, EMA25=104734.53, EMA144=105534.63, EMA169=105713.25, 趋势=上涨趋势
[2025-06-03 07:34:01] BTCUSDT 4h: 当前价格=105720.10, EMA25=105168.84, EMA144=104516.91, EMA169=103764.94, 趋势=上涨趋势
[2025-06-03 07:34:01] BTCUSDT 1d: 当前价格=105720.10, EMA25=104505.89, EMA144=93803.93, EMA169=92555.96, 趋势=上涨趋势
[2025-06-03 07:34:01] ETHUSDT 1h: 当前价格=2601.89, EMA25=2533.22, EMA144=2554.68, EMA169=2558.29, 趋势=上涨趋势
[2025-06-03 07:34:02] ETHUSDT 4h: 当前价格=2601.74, EMA25=2547.95, EMA144=2463.94, EMA169=2427.89, 趋势=上涨趋势
[2025-06-03 07:34:02] ETHUSDT 1d: 当前价格=2602.03, EMA25=2464.50, EMA144=2365.49, EMA169=2410.49, 趋势=上涨趋势
==============================

===== 趋势分析结果 (2025-06-03 08:34:02) =====
[2025-06-03 08:34:01] BTCUSDT 1h: 当前价格=106156.80, EMA25=104850.64, EMA144=105544.58, EMA169=105719.51, 趋势=上涨趋势
[2025-06-03 08:34:01] BTCUSDT 4h: 当前价格=106156.90, EMA25=105251.53, EMA144=104540.90, EMA169=103795.28, 趋势=上涨趋势
[2025-06-03 08:34:01] BTCUSDT 1d: 当前价格=106156.90, EMA25=104639.58, EMA144=93976.31, EMA169=92720.00, 趋势=上涨趋势
[2025-06-03 08:34:01] ETHUSDT 1h: 当前价格=2620.89, EMA25=2540.29, EMA144=2555.67, EMA169=2559.09, 趋势=上涨趋势
[2025-06-03 08:34:02] ETHUSDT 4h: 当前价格=2620.89, EMA25=2553.90, EMA144=2466.18, EMA169=2430.26, 趋势=上涨趋势
[2025-06-03 08:34:02] ETHUSDT 1d: 当前价格=2620.89, EMA25=2476.85, EMA144=2369.10, EMA169=2413.14, 趋势=上涨趋势
==============================

===== 趋势分析结果 (2025-06-03 09:34:02) =====
[2025-06-03 09:34:01] BTCUSDT 1h: 当前价格=106178.80, EMA25=104958.13, EMA144=105554.47, EMA169=105725.78, 趋势=上涨趋势
[2025-06-03 09:34:01] BTCUSDT 4h: 当前价格=106178.80, EMA25=105253.22, EMA144=104541.20, EMA169=103795.54, 趋势=上涨趋势
[2025-06-03 09:34:01] BTCUSDT 1d: 当前价格=106178.80, EMA25=104641.26, EMA144=93976.62, EMA169=92720.26, 趋势=上涨趋势
[2025-06-03 09:34:01] ETHUSDT 1h: 当前价格=2625.84, EMA25=2546.87, EMA144=2556.65, EMA169=2559.88, 趋势=上涨趋势
[2025-06-03 09:34:02] ETHUSDT 4h: 当前价格=2625.84, EMA25=2554.28, EMA144=2466.25, EMA169=2430.32, 趋势=上涨趋势
[2025-06-03 09:34:02] ETHUSDT 1d: 当前价格=2625.85, EMA25=2477.23, EMA144=2369.17, EMA169=2413.20, 趋势=上涨趋势
==============================

===== 趋势分析结果 (2025-06-03 10:34:02) =====
[2025-06-03 10:34:01] BTCUSDT 1h: 当前价格=105986.60, EMA25=105055.98, EMA144=105564.08, EMA169=105731.87, 趋势=上涨趋势
[2025-06-03 10:34:01] BTCUSDT 4h: 当前价格=105986.60, EMA25=105238.43, EMA144=104538.55, EMA169=103793.27, 趋势=上涨趋势
[2025-06-03 10:34:01] BTCUSDT 1d: 当前价格=105986.60, EMA25=104626.48, EMA144=93973.96, EMA169=92718.00, 趋势=上涨趋势
[2025-06-03 10:34:01] ETHUSDT 1h: 当前价格=2628.00, EMA25=2554.46, EMA144=2557.91, EMA169=2560.92, 趋势=上涨趋势
[2025-06-03 10:34:02] ETHUSDT 4h: 当前价格=2628.00, EMA25=2554.45, EMA144=2466.28, EMA169=2430.35, 趋势=上涨趋势
[2025-06-03 10:34:02] ETHUSDT 1d: 当前价格=2628.25, EMA25=2477.41, EMA144=2369.20, EMA169=2413.22, 趋势=上涨趋势
==============================

===== 趋势分析结果 (2025-06-03 11:34:02) =====
[2025-06-03 11:34:01] BTCUSDT 1h: 当前价格=105395.60, EMA25=105051.38, EMA144=105555.93, EMA169=105722.83, 趋势=震荡行情
[2025-06-03 11:34:01] BTCUSDT 4h: 当前价格=105395.70, EMA25=105192.98, EMA144=104530.40, EMA169=103786.32, 趋势=上涨趋势
[2025-06-03 11:34:01] BTCUSDT 1d: 当前价格=105395.60, EMA25=104581.02, EMA144=93965.81, EMA169=92711.05, 趋势=上涨趋势
[2025-06-03 11:34:01] ETHUSDT 1h: 当前价格=2592.01, EMA25=2556.44, EMA144=2558.21, EMA169=2561.14, 趋势=上涨趋势
[2025-06-03 11:34:02] ETHUSDT 4h: 当前价格=2592.01, EMA25=2551.68, EMA144=2465.78, EMA169=2429.92, 趋势=上涨趋势
[2025-06-03 11:34:02] ETHUSDT 1d: 当前价格=2591.70, EMA25=2474.60, EMA144=2368.70, EMA169=2412.79, 趋势=上涨趋势
==============================

===== 趋势分析结果 (2025-06-03 12:34:02) =====
[2025-06-03 12:34:01] BTCUSDT 1h: 当前价格=105163.80, EMA25=105063.80, EMA144=105551.28, EMA169=105716.77, 趋势=震荡行情
[2025-06-03 12:34:01] BTCUSDT 4h: 当前价格=105163.80, EMA25=105194.51, EMA144=104540.00, EMA169=103804.03, 趋势=震荡行情
[2025-06-03 12:34:01] BTCUSDT 1d: 当前价格=105163.80, EMA25=104563.19, EMA144=93962.62, EMA169=92708.32, 趋势=上涨趋势
[2025-06-03 12:34:01] ETHUSDT 1h: 当前价格=2592.97, EMA25=2559.99, EMA144=2558.84, EMA169=2561.65, 趋势=上涨趋势
[2025-06-03 12:34:02] ETHUSDT 4h: 当前价格=2592.97, EMA25=2555.59, EMA144=2467.68, EMA169=2432.01, 趋势=上涨趋势
[2025-06-03 12:34:02] ETHUSDT 1d: 当前价格=2592.97, EMA25=2474.70, EMA144=2368.71, EMA169=2412.81, 趋势=上涨趋势
==============================

===== 趋势分析结果 (2025-06-03 13:34:02) =====
[2025-06-03 13:34:01] BTCUSDT 1h: 当前价格=105210.60, EMA25=105073.04, EMA144=105546.22, EMA169=105710.34, 趋势=震荡行情
[2025-06-03 13:34:01] BTCUSDT 4h: 当前价格=105210.60, EMA25=105198.11, EMA144=104540.64, EMA169=103804.58, 趋势=上涨趋势
[2025-06-03 13:34:01] BTCUSDT 1d: 当前价格=105210.60, EMA25=104566.79, EMA144=93963.26, EMA169=92708.87, 趋势=上涨趋势
[2025-06-03 13:34:01] ETHUSDT 1h: 当前价格=2601.82, EMA25=2563.08, EMA144=2559.42, EMA169=2562.11, 趋势=上涨趋势
[2025-06-03 13:34:02] ETHUSDT 4h: 当前价格=2601.82, EMA25=2556.27, EMA144=2467.80, EMA169=2432.11, 趋势=上涨趋势
[2025-06-03 13:34:02] ETHUSDT 1d: 当前价格=2601.70, EMA25=2475.37, EMA144=2368.83, EMA169=2412.91, 趋势=上涨趋势
==============================

===== 趋势分析结果 (2025-06-03 14:34:02) =====
[2025-06-03 14:34:01] BTCUSDT 1h: 当前价格=105170.50, EMA25=105094.55, EMA144=105543.74, EMA169=105706.18, 趋势=震荡行情
[2025-06-03 14:34:01] BTCUSDT 4h: 当前价格=105170.50, EMA25=105195.02, EMA144=104540.09, EMA169=103804.11, 趋势=震荡行情
[2025-06-03 14:34:01] BTCUSDT 1d: 当前价格=105170.50, EMA25=104563.70, EMA144=93962.71, EMA169=92708.40, 趋势=上涨趋势
[2025-06-03 14:34:01] ETHUSDT 1h: 当前价格=2604.70, EMA25=2567.09, EMA144=2560.21, EMA169=2562.75, 趋势=上涨趋势
[2025-06-03 14:34:02] ETHUSDT 4h: 当前价格=2604.82, EMA25=2556.50, EMA144=2467.85, EMA169=2432.15, 趋势=上涨趋势
[2025-06-03 14:34:02] ETHUSDT 1d: 当前价格=2604.71, EMA25=2475.60, EMA144=2368.88, EMA169=2412.95, 趋势=上涨趋势
==============================

===== 趋势分析结果 (2025-06-03 15:34:02) =====
[2025-06-03 15:34:01] BTCUSDT 1h: 当前价格=105199.70, EMA25=105116.68, EMA144=105541.74, EMA169=105702.47, 趋势=震荡行情
[2025-06-03 15:34:01] BTCUSDT 4h: 当前价格=105199.70, EMA25=105197.27, EMA144=104540.49, EMA169=103804.45, 趋势=上涨趋势
[2025-06-03 15:34:01] BTCUSDT 1d: 当前价格=105199.80, EMA25=104565.96, EMA144=93963.11, EMA169=92708.74, 趋势=上涨趋势
[2025-06-03 15:34:01] ETHUSDT 1h: 当前价格=2613.81, EMA25=2571.58, EMA144=2561.13, EMA169=2563.51, 趋势=上涨趋势
[2025-06-03 15:34:02] ETHUSDT 4h: 当前价格=2613.77, EMA25=2557.19, EMA144=2467.97, EMA169=2432.25, 趋势=上涨趋势
[2025-06-03 15:34:02] ETHUSDT 1d: 当前价格=2613.51, EMA25=2476.28, EMA144=2369.00, EMA169=2413.05, 趋势=上涨趋势
==============================

===== 趋势分析结果 (2025-06-03 16:34:02) =====
[2025-06-03 16:34:01] BTCUSDT 1h: 当前价格=104872.90, EMA25=105093.29, EMA144=105531.63, EMA169=105691.88, 趋势=下跌趋势
[2025-06-03 16:34:01] BTCUSDT 4h: 当前价格=104880.00, EMA25=105168.23, EMA144=104544.41, EMA169=103817.35, 趋势=震荡行情
[2025-06-03 16:34:01] BTCUSDT 1d: 当前价格=104872.90, EMA25=104540.81, EMA144=93958.60, EMA169=92704.90, 趋势=上涨趋势
[2025-06-03 16:34:01] ETHUSDT 1h: 当前价格=2603.33, EMA25=2573.66, EMA144=2561.64, EMA169=2563.92, 趋势=上涨趋势
[2025-06-03 16:34:02] ETHUSDT 4h: 当前价格=2603.33, EMA25=2560.38, EMA144=2469.77, EMA169=2434.25, 趋势=上涨趋势
[2025-06-03 16:34:02] ETHUSDT 1d: 当前价格=2603.33, EMA25=2475.49, EMA144=2368.86, EMA169=2412.93, 趋势=上涨趋势
==============================

===== 趋势分析结果 (2025-06-03 17:34:02) =====
[2025-06-03 17:34:01] BTCUSDT 1h: 当前价格=105084.70, EMA25=105104.50, EMA144=105527.72, EMA169=105686.58, 趋势=下跌趋势
[2025-06-03 17:34:01] BTCUSDT 4h: 当前价格=105084.60, EMA25=105183.96, EMA144=104547.24, EMA169=103819.76, 趋势=震荡行情
[2025-06-03 17:34:01] BTCUSDT 1d: 当前价格=105084.60, EMA25=104557.10, EMA144=93961.52, EMA169=92707.39, 趋势=上涨趋势
[2025-06-03 17:34:01] ETHUSDT 1h: 当前价格=2604.89, EMA25=2576.27, EMA144=2562.28, EMA169=2564.44, 趋势=上涨趋势
[2025-06-03 17:34:02] ETHUSDT 4h: 当前价格=2604.89, EMA25=2560.50, EMA144=2469.80, EMA169=2434.27, 趋势=上涨趋势
[2025-06-03 17:34:02] ETHUSDT 1d: 当前价格=2604.89, EMA25=2475.61, EMA144=2368.88, EMA169=2412.95, 趋势=上涨趋势
==============================

===== 趋势分析结果 (2025-06-03 18:34:03) =====
[2025-06-03 18:34:01] BTCUSDT 1h: 当前价格=105250.00, EMA25=105119.78, EMA144=105524.61, EMA169=105681.97, 趋势=震荡行情
[2025-06-03 18:34:01] BTCUSDT 4h: 当前价格=105250.10, EMA25=105196.70, EMA144=104549.52, EMA169=103821.71, 趋势=上涨趋势
[2025-06-03 18:34:02] BTCUSDT 1d: 当前价格=105250.00, EMA25=104569.82, EMA144=93963.80, EMA169=92709.33, 趋势=上涨趋势
[2025-06-03 18:34:02] ETHUSDT 1h: 当前价格=2616.70, EMA25=2579.94, EMA144=2563.15, EMA169=2565.15, 趋势=上涨趋势
[2025-06-03 18:34:03] ETHUSDT 4h: 当前价格=2616.70, EMA25=2561.41, EMA144=2469.96, EMA169=2434.41, 趋势=上涨趋势
[2025-06-03 18:34:03] ETHUSDT 1d: 当前价格=2616.71, EMA25=2476.52, EMA144=2369.04, EMA169=2413.09, 趋势=上涨趋势
==============================

===== 趋势分析结果 (2025-06-03 19:34:03) =====
[2025-06-03 19:34:01] BTCUSDT 1h: 当前价格=105170.10, EMA25=105122.32, EMA144=105519.37, EMA169=105675.47, 趋势=震荡行情
[2025-06-03 19:34:01] BTCUSDT 4h: 当前价格=105170.10, EMA25=105190.54, EMA144=104548.42, EMA169=103820.76, 趋势=震荡行情
[2025-06-03 19:34:01] BTCUSDT 1d: 当前价格=105170.10, EMA25=104563.67, EMA144=93962.70, EMA169=92708.39, 趋势=上涨趋势
[2025-06-03 19:34:02] ETHUSDT 1h: 当前价格=2607.24, EMA25=2581.59, EMA144=2563.67, EMA169=2565.57, 趋势=上涨趋势
[2025-06-03 19:34:02] ETHUSDT 4h: 当前价格=2607.24, EMA25=2560.68, EMA144=2469.83, EMA169=2434.30, 趋势=上涨趋势
[2025-06-03 19:34:02] ETHUSDT 1d: 当前价格=2607.24, EMA25=2475.80, EMA144=2368.91, EMA169=2412.98, 趋势=上涨趋势
==============================

===== 趋势分析结果 (2025-06-03 20:34:03) =====
[2025-06-03 20:34:01] BTCUSDT 1h: 当前价格=105269.50, EMA25=105138.62, EMA144=105516.75, EMA169=105671.29, 趋势=震荡行情
[2025-06-03 20:34:01] BTCUSDT 4h: 当前价格=105269.40, EMA25=105201.58, EMA144=104559.42, EMA169=103839.43, 趋势=上涨趋势
[2025-06-03 20:34:02] BTCUSDT 1d: 当前价格=105269.50, EMA25=104571.32, EMA144=93964.07, EMA169=92709.56, 趋势=上涨趋势
[2025-06-03 20:34:02] ETHUSDT 1h: 当前价格=2605.38, EMA25=2582.92, EMA144=2564.14, EMA169=2565.96, 趋势=上涨趋势
[2025-06-03 20:34:03] ETHUSDT 4h: 当前价格=2605.38, EMA25=2563.62, EMA144=2471.61, EMA169=2436.27, 趋势=上涨趋势
[2025-06-03 20:34:03] ETHUSDT 1d: 当前价格=2605.51, EMA25=2475.66, EMA144=2368.89, EMA169=2412.96, 趋势=上涨趋势
==============================

===== 趋势分析结果 (2025-06-03 21:35:09) =====
[2025-06-03 21:35:05] BTCUSDT 1h: 当前价格=105130.30, EMA25=105137.23, EMA144=105511.18, EMA169=105664.37, 趋势=下跌趋势
[2025-06-03 21:35:06] BTCUSDT 4h: 当前价格=105127.70, EMA25=105190.68, EMA144=104557.46, EMA169=103837.76, 趋势=震荡行情
[2025-06-03 21:35:06] BTCUSDT 1d: 当前价格=105130.30, EMA25=104560.61, EMA144=93962.15, EMA169=92707.93, 趋势=上涨趋势
[2025-06-03 21:35:08] ETHUSDT 1h: 当前价格=2612.80, EMA25=2585.45, EMA144=2564.85, EMA169=2566.54, 趋势=上涨趋势
[2025-06-03 21:35:08] ETHUSDT 4h: 当前价格=2612.36, EMA25=2564.16, EMA144=2471.70, EMA169=2436.35, 趋势=上涨趋势
[2025-06-03 21:35:09] ETHUSDT 1d: 当前价格=2612.16, EMA25=2476.17, EMA144=2368.98, EMA169=2413.04, 趋势=上涨趋势
==============================

===== 趋势分析结果 (2025-06-03 22:34:02) =====
[2025-06-03 22:34:01] BTCUSDT 1h: 当前价格=105869.90, EMA25=105210.65, EMA144=105519.24, EMA169=105669.12, 趋势=上涨趋势
[2025-06-03 22:34:01] BTCUSDT 4h: 当前价格=105865.40, EMA25=105247.42, EMA144=104567.64, EMA169=103846.44, 趋势=上涨趋势
[2025-06-03 22:34:01] BTCUSDT 1d: 当前价格=105865.40, EMA25=104617.16, EMA144=93972.29, EMA169=92716.57, 趋势=上涨趋势
[2025-06-03 22:34:01] ETHUSDT 1h: 当前价格=2631.39, EMA25=2589.89, EMA144=2565.94, EMA169=2567.43, 趋势=上涨趋势
[2025-06-03 22:34:02] ETHUSDT 4h: 当前价格=2631.68, EMA25=2565.64, EMA144=2471.97, EMA169=2436.58, 趋势=上涨趋势
[2025-06-03 22:34:02] ETHUSDT 1d: 当前价格=2631.40, EMA25=2477.65, EMA144=2369.24, EMA169=2413.26, 趋势=上涨趋势
==============================

===== 趋势分析结果 (2025-06-03 23:34:02) =====
[2025-06-03 23:34:01] BTCUSDT 1h: 当前价格=106555.70, EMA25=105358.50, EMA144=105541.90, EMA169=105686.42, 趋势=上涨趋势
[2025-06-03 23:34:01] BTCUSDT 4h: 当前价格=106555.70, EMA25=105300.52, EMA144=104577.16, EMA169=103854.56, 趋势=上涨趋势
[2025-06-03 23:34:01] BTCUSDT 1d: 当前价格=106555.70, EMA25=104670.26, EMA144=93981.81, EMA169=92724.69, 趋势=上涨趋势
[2025-06-03 23:34:01] ETHUSDT 1h: 当前价格=2627.72, EMA25=2593.92, EMA144=2567.00, EMA169=2568.31, 趋势=上涨趋势
[2025-06-03 23:34:02] ETHUSDT 4h: 当前价格=2627.72, EMA25=2565.34, EMA144=2471.92, EMA169=2436.54, 趋势=上涨趋势
[2025-06-03 23:34:02] ETHUSDT 1d: 当前价格=2627.72, EMA25=2477.37, EMA144=2369.19, EMA169=2413.22, 趋势=上涨趋势
==============================

