===== 趋势分析结果 (2025-07-18 13:02:35) =====
[2025-07-18 13:02:33] BTCUSDT 15m: 当前价格=120375.00, EMA25=120038.42, EMA50=119740.52, 趋势=禁空
[2025-07-18 13:02:35] BTCUSDT 1h: 当前价格=120375.00, EMA25=119412.12, EMA50=119025.24, 趋势=禁空
==============================

===== 趋势分析结果 (2025-07-18 13:17:36) =====
[2025-07-18 13:17:35] BTCUSDT 15m: 当前价格=120466.50, EMA25=120083.44, EMA50=119775.41, 趋势=禁空
[2025-07-18 13:17:36] BTCUSDT 1h: 当前价格=120466.50, EMA25=119419.16, EMA50=119028.83, 趋势=禁空
==============================

===== 趋势分析结果 (2025-07-18 13:32:37) =====
[2025-07-18 13:32:36] BTCUSDT 15m: 当前价格=120505.90, EMA25=120120.95, EMA50=119806.71, 趋势=禁空
[2025-07-18 13:32:37] BTCUSDT 1h: 当前价格=120505.90, EMA25=119422.19, EMA50=119030.37, 趋势=禁空
==============================

===== 趋势分析结果 (2025-07-18 13:47:36) =====
[2025-07-18 13:47:35] BTCUSDT 15m: 当前价格=120352.70, EMA25=120121.86, EMA50=119819.15, 趋势=禁空
[2025-07-18 13:47:36] BTCUSDT 1h: 当前价格=120352.60, EMA25=119410.40, EMA50=119024.36, 趋势=禁空
==============================

===== 趋势分析结果 (2025-07-18 14:02:36) =====
[2025-07-18 14:02:35] BTCUSDT 15m: 当前价格=120700.70, EMA25=120183.11, EMA50=119862.59, 趋势=禁空
[2025-07-18 14:02:36] BTCUSDT 1h: 当前价格=120700.70, EMA25=119526.39, EMA50=119098.98, 趋势=禁空
==============================

===== 趋势分析结果 (2025-07-18 14:17:36) =====
[2025-07-18 14:17:35] BTCUSDT 15m: 当前价格=120354.50, EMA25=120176.34, EMA50=119871.30, 趋势=禁空
[2025-07-18 14:17:36] BTCUSDT 1h: 当前价格=120340.80, EMA25=119498.70, EMA50=119084.87, 趋势=禁空
==============================

===== 趋势分析结果 (2025-07-18 14:32:36) =====
[2025-07-18 14:32:36] BTCUSDT 15m: 当前价格=120190.20, EMA25=120163.17, EMA50=119876.24, 趋势=禁空
[2025-07-18 14:32:36] BTCUSDT 1h: 当前价格=120190.10, EMA25=119487.11, EMA50=119078.96, 趋势=禁空
==============================

===== 趋势分析结果 (2025-07-18 14:47:36) =====
[2025-07-18 14:47:35] BTCUSDT 15m: 当前价格=120384.50, EMA25=120185.55, EMA50=119899.02, 趋势=禁空
[2025-07-18 14:47:36] BTCUSDT 1h: 当前价格=120384.50, EMA25=119502.06, EMA50=119086.58, 趋势=禁空
==============================

===== 趋势分析结果 (2025-07-18 15:02:36) =====
[2025-07-18 15:02:35] BTCUSDT 15m: 当前价格=120253.80, EMA25=120180.43, EMA50=119907.43, 趋势=禁空
[2025-07-18 15:02:36] BTCUSDT 1h: 当前价格=120253.80, EMA25=119549.52, EMA50=119126.85, 趋势=禁空
==============================

===== 趋势分析结果 (2025-07-18 15:17:36) =====
[2025-07-18 15:17:35] BTCUSDT 15m: 当前价格=119992.70, EMA25=120153.74, EMA50=119904.27, 趋势=混沌
[2025-07-18 15:17:36] BTCUSDT 1h: 当前价格=119992.70, EMA25=119529.44, EMA50=119116.61, 趋势=禁空
==============================

===== 趋势分析结果 (2025-07-18 15:32:36) =====
[2025-07-18 15:32:35] BTCUSDT 15m: 当前价格=119723.00, EMA25=120097.45, EMA50=119884.88, 趋势=混沌
[2025-07-18 15:32:36] BTCUSDT 1h: 当前价格=119723.00, EMA25=119508.69, EMA50=119106.04, 趋势=禁空
==============================

===== 趋势分析结果 (2025-07-18 15:47:36) =====
[2025-07-18 15:47:36] BTCUSDT 15m: 当前价格=119754.00, EMA25=120080.25, EMA50=119884.64, 趋势=混沌
[2025-07-18 15:47:36] BTCUSDT 1h: 当前价格=119754.00, EMA25=119511.08, EMA50=119107.25, 趋势=禁空
==============================

===== 趋势分析结果 (2025-07-18 16:02:36) =====
[2025-07-18 16:02:36] BTCUSDT 15m: 当前价格=119429.90, EMA25=120002.00, EMA50=119851.83, 趋势=混沌
[2025-07-18 16:02:36] BTCUSDT 1h: 当前价格=119420.10, EMA25=119475.86, EMA50=119104.55, 趋势=禁多
==============================

===== 趋势分析结果 (2025-07-18 16:17:36) =====
[2025-07-18 16:17:36] BTCUSDT 15m: 当前价格=119399.90, EMA25=119943.64, EMA50=119827.71, 趋势=混沌
[2025-07-18 16:17:36] BTCUSDT 1h: 当前价格=119400.00, EMA25=119474.31, EMA50=119103.76, 趋势=禁多
==============================

===== 趋势分析结果 (2025-07-18 16:32:36) =====
[2025-07-18 16:32:35] BTCUSDT 15m: 当前价格=118938.00, EMA25=119847.13, EMA50=119782.66, 趋势=混沌
[2025-07-18 16:32:36] BTCUSDT 1h: 当前价格=118948.60, EMA25=119439.59, EMA50=119086.06, 趋势=禁多
==============================

===== 趋势分析结果 (2025-07-18 16:47:36) =====
[2025-07-18 16:47:35] BTCUSDT 15m: 当前价格=118508.60, EMA25=119710.29, EMA50=119714.72, 趋势=禁多
[2025-07-18 16:47:36] BTCUSDT 1h: 当前价格=118525.30, EMA25=119407.03, EMA50=119069.46, 趋势=禁多
==============================

===== 趋势分析结果 (2025-07-18 17:02:36) =====
[2025-07-18 17:02:36] BTCUSDT 15m: 当前价格=118550.00, EMA25=119630.18, EMA50=119673.90, 趋势=禁多
[2025-07-18 17:02:36] BTCUSDT 1h: 当前价格=118550.00, EMA25=119349.06, EMA50=119053.31, 趋势=禁多
==============================

===== 趋势分析结果 (2025-07-18 17:17:36) =====
[2025-07-18 17:17:35] BTCUSDT 15m: 当前价格=118739.10, EMA25=119582.40, EMA50=119648.26, 趋势=禁多
[2025-07-18 17:17:36] BTCUSDT 1h: 当前价格=118739.10, EMA25=119363.60, EMA50=119060.72, 趋势=禁多
==============================

===== 趋势分析结果 (2025-07-18 17:32:36) =====
[2025-07-18 17:32:35] BTCUSDT 15m: 当前价格=118740.40, EMA25=119511.28, EMA50=119609.29, 趋势=禁多
[2025-07-18 17:32:36] BTCUSDT 1h: 当前价格=118740.30, EMA25=119363.70, EMA50=119060.77, 趋势=禁多
==============================

===== 趋势分析结果 (2025-07-18 17:47:36) =====
[2025-07-18 17:47:35] BTCUSDT 15m: 当前价格=118909.00, EMA25=119470.12, EMA50=119584.56, 趋势=禁多
[2025-07-18 17:47:36] BTCUSDT 1h: 当前价格=118909.00, EMA25=119376.67, EMA50=119067.39, 趋势=禁多
==============================

===== 趋势分析结果 (2025-07-18 18:02:36) =====
[2025-07-18 18:02:36] BTCUSDT 15m: 当前价格=118860.10, EMA25=119421.49, EMA50=119555.25, 趋势=禁多
[2025-07-18 18:02:36] BTCUSDT 1h: 当前价格=118860.10, EMA25=119335.23, EMA50=119058.35, 趋势=禁多
==============================

===== 趋势分析结果 (2025-07-18 18:17:36) =====
[2025-07-18 18:17:35] BTCUSDT 15m: 当前价格=118679.00, EMA25=119351.65, EMA50=119514.14, 趋势=禁多
[2025-07-18 18:17:36] BTCUSDT 1h: 当前价格=118679.00, EMA25=119321.30, EMA50=119051.25, 趋势=禁多
==============================

===== 趋势分析结果 (2025-07-18 18:32:36) =====
[2025-07-18 18:32:35] BTCUSDT 15m: 当前价格=118881.60, EMA25=119323.85, EMA50=119493.76, 趋势=禁多
[2025-07-18 18:32:36] BTCUSDT 1h: 当前价格=118881.60, EMA25=119336.89, EMA50=119059.20, 趋势=禁多
==============================

===== 趋势分析结果 (2025-07-18 18:47:36) =====
[2025-07-18 18:47:35] BTCUSDT 15m: 当前价格=118985.20, EMA25=119301.20, EMA50=119475.63, 趋势=禁多
[2025-07-18 18:47:36] BTCUSDT 1h: 当前价格=119022.70, EMA25=119347.74, EMA50=119064.73, 趋势=禁多
==============================

===== 趋势分析结果 (2025-07-18 19:02:38) =====
[2025-07-18 19:02:35] BTCUSDT 15m: 当前价格=119255.80, EMA25=119315.81, EMA50=119476.61, 趋势=禁多
[2025-07-18 19:02:38] BTCUSDT 1h: 当前价格=119255.90, EMA25=119356.11, EMA50=119080.42, 趋势=禁多
==============================

===== 趋势分析结果 (2025-07-18 19:17:38) =====
[2025-07-18 19:17:35] BTCUSDT 15m: 当前价格=119009.50, EMA25=119272.72, EMA50=119447.93, 趋势=禁多
[2025-07-18 19:17:38] BTCUSDT 1h: 当前价格=119009.50, EMA25=119337.16, EMA50=119070.75, 趋势=禁多
==============================

===== 趋势分析结果 (2025-07-18 19:32:36) =====
[2025-07-18 19:32:35] BTCUSDT 15m: 当前价格=118830.20, EMA25=119230.21, EMA50=119419.21, 趋势=禁多
[2025-07-18 19:32:36] BTCUSDT 1h: 当前价格=118830.20, EMA25=119323.37, EMA50=119063.72, 趋势=禁多
==============================

===== 趋势分析结果 (2025-07-18 19:47:36) =====
[2025-07-18 19:47:36] BTCUSDT 15m: 当前价格=119120.00, EMA25=119241.18, EMA50=119417.80, 趋势=禁多
[2025-07-18 19:47:36] BTCUSDT 1h: 当前价格=119120.00, EMA25=119345.66, EMA50=119075.09, 趋势=禁多
==============================

===== 趋势分析结果 (2025-07-18 20:02:36) =====
[2025-07-18 20:02:35] BTCUSDT 15m: 当前价格=119241.50, EMA25=119245.14, EMA50=119412.97, 趋势=禁多
[2025-07-18 20:02:36] BTCUSDT 1h: 当前价格=119241.60, EMA25=119341.59, EMA50=119083.71, 趋势=禁多
==============================

===== 趋势分析结果 (2025-07-18 20:17:36) =====
[2025-07-18 20:17:36] BTCUSDT 15m: 当前价格=119268.70, EMA25=119251.45, EMA50=119409.70, 趋势=混沌
[2025-07-18 20:17:36] BTCUSDT 1h: 当前价格=119268.60, EMA25=119343.67, EMA50=119084.77, 趋势=禁多
==============================

===== 趋势分析结果 (2025-07-18 20:32:36) =====
[2025-07-18 20:32:35] BTCUSDT 15m: 当前价格=119330.60, EMA25=119252.83, EMA50=119404.10, 趋势=混沌
[2025-07-18 20:32:36] BTCUSDT 1h: 当前价格=119330.60, EMA25=119348.44, EMA50=119087.20, 趋势=禁多
==============================

===== 趋势分析结果 (2025-07-18 20:47:36) =====
[2025-07-18 20:47:35] BTCUSDT 15m: 当前价格=119451.60, EMA25=119273.90, EMA50=119409.03, 趋势=混沌
[2025-07-18 20:47:36] BTCUSDT 1h: 当前价格=119451.70, EMA25=119357.76, EMA50=119091.95, 趋势=禁空
==============================

===== 趋势分析结果 (2025-07-18 21:02:36) =====
[2025-07-18 21:02:35] BTCUSDT 15m: 当前价格=119305.30, EMA25=119274.68, EMA50=119404.09, 趋势=混沌
[2025-07-18 21:02:36] BTCUSDT 1h: 当前价格=119305.40, EMA25=119352.08, EMA50=119099.44, 趋势=禁多
==============================

===== 趋势分析结果 (2025-07-18 21:17:36) =====
[2025-07-18 21:17:35] BTCUSDT 15m: 当前价格=118860.10, EMA25=119211.10, EMA50=119365.94, 趋势=禁多
[2025-07-18 21:17:36] BTCUSDT 1h: 当前价格=118860.10, EMA25=119317.83, EMA50=119081.98, 趋势=禁多
==============================

===== 趋势分析结果 (2025-07-18 21:32:36) =====
[2025-07-18 21:32:36] BTCUSDT 15m: 当前价格=118849.90, EMA25=119178.40, EMA50=119343.10, 趋势=禁多
[2025-07-18 21:32:36] BTCUSDT 1h: 当前价格=118832.90, EMA25=119315.74, EMA50=119080.92, 趋势=禁多
==============================

===== 趋势分析结果 (2025-07-18 21:47:36) =====
[2025-07-18 21:47:36] BTCUSDT 15m: 当前价格=118768.00, EMA25=119132.64, EMA50=119313.02, 趋势=禁多
[2025-07-18 21:47:36] BTCUSDT 1h: 当前价格=118768.00, EMA25=119310.74, EMA50=119078.37, 趋势=禁多
==============================

===== 趋势分析结果 (2025-07-18 22:02:36) =====
[2025-07-18 22:02:35] BTCUSDT 15m: 当前价格=118773.00, EMA25=119104.89, EMA50=119291.80, 趋势=禁多
[2025-07-18 22:02:36] BTCUSDT 1h: 当前价格=118773.10, EMA25=119269.30, EMA50=119066.35, 趋势=禁多
==============================

===== 趋势分析结果 (2025-07-18 22:17:36) =====
[2025-07-18 22:17:36] BTCUSDT 15m: 当前价格=118439.40, EMA25=119067.76, EMA50=119265.83, 趋势=禁多
[2025-07-18 22:17:36] BTCUSDT 1h: 当前价格=118402.40, EMA25=119240.79, EMA50=119051.82, 趋势=禁多
==============================

===== 趋势分析结果 (2025-07-18 22:32:36) =====
[2025-07-18 22:32:35] BTCUSDT 15m: 当前价格=117730.50, EMA25=118928.80, EMA50=119186.47, 趋势=禁多
[2025-07-18 22:32:36] BTCUSDT 1h: 当前价格=117730.50, EMA25=119189.10, EMA50=119025.47, 趋势=禁多
==============================

===== 趋势分析结果 (2025-07-18 22:47:36) =====
[2025-07-18 22:47:35] BTCUSDT 15m: 当前价格=117879.10, EMA25=118849.42, EMA50=119135.93, 趋势=禁多
[2025-07-18 22:47:36] BTCUSDT 1h: 当前价格=117879.10, EMA25=119200.53, EMA50=119031.30, 趋势=禁多
==============================

===== 趋势分析结果 (2025-07-18 23:02:39) =====
[2025-07-18 23:02:38] BTCUSDT 15m: 当前价格=118134.90, EMA25=118811.84, EMA50=119105.89, 趋势=禁多
[2025-07-18 23:02:39] BTCUSDT 1h: 当前价格=118134.90, EMA25=119135.93, EMA50=119005.36, 趋势=禁多
==============================

===== 趋势分析结果 (2025-07-18 23:17:38) =====
[2025-07-18 23:17:38] BTCUSDT 15m: 当前价格=117768.40, EMA25=118702.86, EMA50=119038.21, 趋势=禁多
[2025-07-18 23:17:38] BTCUSDT 1h: 当前价格=117768.40, EMA25=119107.74, EMA50=118990.99, 趋势=禁多
==============================

===== 趋势分析结果 (2025-07-18 23:32:38) =====
[2025-07-18 23:32:38] BTCUSDT 15m: 当前价格=117824.10, EMA25=118633.27, EMA50=118989.54, 趋势=禁多
[2025-07-18 23:32:38] BTCUSDT 1h: 当前价格=117827.90, EMA25=119112.32, EMA50=118993.32, 趋势=禁多
==============================

===== 趋势分析结果 (2025-07-18 23:47:38) =====
[2025-07-18 23:47:38] BTCUSDT 15m: 当前价格=117721.80, EMA25=118549.52, EMA50=118932.58, 趋势=禁多
[2025-07-18 23:47:38] BTCUSDT 1h: 当前价格=117721.80, EMA25=119104.16, EMA50=118989.16, 趋势=禁多
==============================

