===== 趋势分析结果 (2025-07-13 00:05:25) =====
[2025-07-13 00:05:25] BTCUSDT 15m: 当前价格=117118.20, EMA25=117461.29, EMA50=117564.32, 趋势=禁多
[2025-07-13 00:05:25] BTCUSDT 1h: 当前价格=117118.20, EMA25=117372.32, EMA50=116340.17, 趋势=禁多
==============================

===== 趋势分析结果 (2025-07-13 00:20:26) =====
[2025-07-13 00:20:25] BTCUSDT 15m: 当前价格=117297.20, EMA25=117457.35, EMA50=117558.46, 趋势=禁多
[2025-07-13 00:20:26] BTCUSDT 1h: 当前价格=117303.70, EMA25=117386.59, EMA50=116347.45, 趋势=禁多
==============================

===== 趋势分析结果 (2025-07-13 00:35:25) =====
[2025-07-13 00:35:25] BTCUSDT 15m: 当前价格=117299.90, EMA25=117442.87, EMA50=117547.06, 趋势=禁多
[2025-07-13 00:35:25] BTCUSDT 1h: 当前价格=117299.90, EMA25=117386.30, EMA50=116347.30, 趋势=禁多
==============================

===== 趋势分析结果 (2025-07-13 00:50:26) =====
[2025-07-13 00:50:25] BTCUSDT 15m: 当前价格=117263.30, EMA25=117425.12, EMA50=117533.84, 趋势=禁多
[2025-07-13 00:50:26] BTCUSDT 1h: 当前价格=117263.30, EMA25=117383.49, EMA50=116345.86, 趋势=禁多
==============================

===== 趋势分析结果 (2025-07-13 01:05:26) =====
[2025-07-13 01:05:25] BTCUSDT 15m: 当前价格=117195.30, EMA25=117400.15, EMA50=117516.70, 趋势=禁多
[2025-07-13 01:05:26] BTCUSDT 1h: 当前价格=117195.30, EMA25=117361.72, EMA50=116375.31, 趋势=禁多
==============================

===== 趋势分析结果 (2025-07-13 01:20:25) =====
[2025-07-13 01:20:25] BTCUSDT 15m: 当前价格=117335.00, EMA25=117398.92, EMA50=117511.58, 趋势=禁多
[2025-07-13 01:20:25] BTCUSDT 1h: 当前价格=117335.00, EMA25=117372.46, EMA50=116380.78, 趋势=禁多
==============================

===== 趋势分析结果 (2025-07-13 01:35:26) =====
[2025-07-13 01:35:25] BTCUSDT 15m: 当前价格=117407.50, EMA25=117405.60, EMA50=117510.70, 趋势=混沌
[2025-07-13 01:35:26] BTCUSDT 1h: 当前价格=117407.40, EMA25=117378.03, EMA50=116383.62, 趋势=禁空
==============================

===== 趋势分析结果 (2025-07-13 01:50:26) =====
[2025-07-13 01:50:25] BTCUSDT 15m: 当前价格=117405.70, EMA25=117407.71, EMA50=117507.69, 趋势=禁多
[2025-07-13 01:50:26] BTCUSDT 1h: 当前价格=117405.70, EMA25=117377.90, EMA50=116383.56, 趋势=禁空
==============================

===== 趋势分析结果 (2025-07-13 02:05:25) =====
[2025-07-13 02:05:25] BTCUSDT 15m: 当前价格=117435.00, EMA25=117412.14, EMA50=117506.08, 趋势=混沌
[2025-07-13 02:05:25] BTCUSDT 1h: 当前价格=117435.00, EMA25=117384.63, EMA50=116426.03, 趋势=禁空
==============================

===== 趋势分析结果 (2025-07-13 02:20:25) =====
[2025-07-13 02:20:25] BTCUSDT 15m: 当前价格=117403.90, EMA25=117411.42, EMA50=117502.02, 趋势=禁多
[2025-07-13 02:20:25] BTCUSDT 1h: 当前价格=117403.90, EMA25=117382.24, EMA50=116424.81, 趋势=禁空
==============================

===== 趋势分析结果 (2025-07-13 02:35:25) =====
[2025-07-13 02:35:25] BTCUSDT 15m: 当前价格=117396.00, EMA25=117409.34, EMA50=117497.39, 趋势=禁多
[2025-07-13 02:35:25] BTCUSDT 1h: 当前价格=117396.00, EMA25=117381.63, EMA50=116424.50, 趋势=禁空
==============================

===== 趋势分析结果 (2025-07-13 02:50:26) =====
[2025-07-13 02:50:25] BTCUSDT 15m: 当前价格=117378.70, EMA25=117403.39, EMA50=117490.83, 趋势=禁多
[2025-07-13 02:50:26] BTCUSDT 1h: 当前价格=117378.70, EMA25=117380.30, EMA50=116423.82, 趋势=禁多
==============================

===== 趋势分析结果 (2025-07-13 03:05:24) =====
[2025-07-13 03:05:24] BTCUSDT 15m: 当前价格=117490.30, EMA25=117415.86, EMA50=117493.88, 趋势=混沌
[2025-07-13 03:05:24] BTCUSDT 1h: 当前价格=117490.30, EMA25=117394.54, EMA50=116468.71, 趋势=禁空
==============================

===== 趋势分析结果 (2025-07-13 03:20:24) =====
[2025-07-13 03:20:24] BTCUSDT 15m: 当前价格=117595.00, EMA25=117434.54, EMA50=117500.45, 趋势=混沌
[2025-07-13 03:20:24] BTCUSDT 1h: 当前价格=117595.00, EMA25=117402.59, EMA50=116472.82, 趋势=禁空
==============================

===== 趋势分析结果 (2025-07-13 03:35:24) =====
[2025-07-13 03:35:24] BTCUSDT 15m: 当前价格=117498.00, EMA25=117426.40, EMA50=117493.44, 趋势=混沌
[2025-07-13 03:35:24] BTCUSDT 1h: 当前价格=117498.00, EMA25=117395.13, EMA50=116469.01, 趋势=禁空
==============================

===== 趋势分析结果 (2025-07-13 03:50:24) =====
[2025-07-13 03:50:24] BTCUSDT 15m: 当前价格=117545.10, EMA25=117440.59, EMA50=117498.15, 趋势=混沌
[2025-07-13 03:50:24] BTCUSDT 1h: 当前价格=117545.10, EMA25=117398.76, EMA50=116470.86, 趋势=禁空
==============================

===== 趋势分析结果 (2025-07-13 04:05:24) =====
[2025-07-13 04:05:24] BTCUSDT 15m: 当前价格=117474.60, EMA25=117441.83, EMA50=117496.50, 趋势=混沌
[2025-07-13 04:05:24] BTCUSDT 1h: 当前价格=117474.70, EMA25=117403.22, EMA50=116509.50, 趋势=禁空
==============================

===== 趋势分析结果 (2025-07-13 04:20:24) =====
[2025-07-13 04:20:24] BTCUSDT 15m: 当前价格=117388.90, EMA25=117433.44, EMA50=117489.99, 趋势=禁多
[2025-07-13 04:20:24] BTCUSDT 1h: 当前价格=117388.90, EMA25=117396.62, EMA50=116506.13, 趋势=禁多
==============================

===== 趋势分析结果 (2025-07-13 04:35:24) =====
[2025-07-13 04:35:24] BTCUSDT 15m: 当前价格=117334.50, EMA25=117426.55, EMA50=117484.27, 趋势=禁多
[2025-07-13 04:35:24] BTCUSDT 1h: 当前价格=117334.50, EMA25=117392.44, EMA50=116504.00, 趋势=禁多
==============================

===== 趋势分析结果 (2025-07-13 04:50:24) =====
[2025-07-13 04:50:24] BTCUSDT 15m: 当前价格=117306.50, EMA25=117415.33, EMA50=117476.25, 趋势=禁多
[2025-07-13 04:50:24] BTCUSDT 1h: 当前价格=117306.50, EMA25=117390.28, EMA50=116502.90, 趋势=禁多
==============================

===== 趋势分析结果 (2025-07-13 05:05:24) =====
[2025-07-13 05:05:24] BTCUSDT 15m: 当前价格=117169.10, EMA25=117372.90, EMA50=117451.74, 趋势=禁多
[2025-07-13 05:05:24] BTCUSDT 1h: 当前价格=117169.10, EMA25=117349.78, EMA50=116516.56, 趋势=禁多
==============================

===== 趋势分析结果 (2025-07-13 05:20:24) =====
[2025-07-13 05:20:24] BTCUSDT 15m: 当前价格=117204.90, EMA25=117355.55, EMA50=117439.71, 趋势=禁多
[2025-07-13 05:20:24] BTCUSDT 1h: 当前价格=117204.90, EMA25=117352.53, EMA50=116517.97, 趋势=禁多
==============================

===== 趋势分析结果 (2025-07-13 05:35:24) =====
[2025-07-13 05:35:24] BTCUSDT 15m: 当前价格=117305.40, EMA25=117356.38, EMA50=117436.93, 趋势=禁多
[2025-07-13 05:35:24] BTCUSDT 1h: 当前价格=117305.40, EMA25=117360.26, EMA50=116521.91, 趋势=禁多
==============================

===== 趋势分析结果 (2025-07-13 05:50:24) =====
[2025-07-13 05:50:24] BTCUSDT 15m: 当前价格=117371.90, EMA25=117373.37, EMA50=117442.76, 趋势=禁多
[2025-07-13 05:50:24] BTCUSDT 1h: 当前价格=117371.90, EMA25=117365.38, EMA50=116524.51, 趋势=禁空
==============================

===== 趋势分析结果 (2025-07-13 06:05:24) =====
[2025-07-13 06:05:24] BTCUSDT 15m: 当前价格=117458.30, EMA25=117385.84, EMA50=117446.52, 趋势=混沌
[2025-07-13 06:05:24] BTCUSDT 1h: 当前价格=117458.30, EMA25=117378.46, EMA50=116564.28, 趋势=禁空
==============================

===== 趋势分析结果 (2025-07-13 06:20:24) =====
[2025-07-13 06:20:24] BTCUSDT 15m: 当前价格=117320.70, EMA25=117379.19, EMA50=117440.72, 趋势=禁多
[2025-07-13 06:20:24] BTCUSDT 1h: 当前价格=117320.70, EMA25=117367.88, EMA50=116558.89, 趋势=禁多
==============================

===== 趋势分析结果 (2025-07-13 06:35:24) =====
[2025-07-13 06:35:24] BTCUSDT 15m: 当前价格=117424.70, EMA25=117390.34, EMA50=117444.15, 趋势=混沌
[2025-07-13 06:35:24] BTCUSDT 1h: 当前价格=117424.70, EMA25=117375.88, EMA50=116562.97, 趋势=禁空
==============================

===== 趋势分析结果 (2025-07-13 06:50:24) =====
[2025-07-13 06:50:24] BTCUSDT 15m: 当前价格=117324.50, EMA25=117381.63, EMA50=117437.52, 趋势=禁多
[2025-07-13 06:50:24] BTCUSDT 1h: 当前价格=117324.50, EMA25=117368.17, EMA50=116559.04, 趋势=禁多
==============================

===== 趋势分析结果 (2025-07-13 07:05:24) =====
[2025-07-13 07:05:24] BTCUSDT 15m: 当前价格=117325.10, EMA25=117379.08, EMA50=117434.06, 趋势=禁多
[2025-07-13 07:05:24] BTCUSDT 1h: 当前价格=117325.00, EMA25=117366.65, EMA50=116590.03, 趋势=禁多
==============================

===== 趋势分析结果 (2025-07-13 07:20:24) =====
[2025-07-13 07:20:24] BTCUSDT 15m: 当前价格=117243.90, EMA25=117361.41, EMA50=117422.75, 趋势=禁多
[2025-07-13 07:20:24] BTCUSDT 1h: 当前价格=117243.90, EMA25=117360.41, EMA50=116586.85, 趋势=禁多
==============================

===== 趋势分析结果 (2025-07-13 07:35:24) =====
[2025-07-13 07:35:24] BTCUSDT 15m: 当前价格=117279.70, EMA25=117355.85, EMA50=117417.53, 趋势=禁多
[2025-07-13 07:35:24] BTCUSDT 1h: 当前价格=117279.80, EMA25=117363.17, EMA50=116588.25, 趋势=禁多
==============================

===== 趋势分析结果 (2025-07-13 07:50:24) =====
[2025-07-13 07:50:24] BTCUSDT 15m: 当前价格=117435.80, EMA25=117357.77, EMA50=117416.00, 趋势=混沌
[2025-07-13 07:50:24] BTCUSDT 1h: 当前价格=117426.20, EMA25=117374.43, EMA50=116594.00, 趋势=禁空
==============================

===== 趋势分析结果 (2025-07-13 08:05:24) =====
[2025-07-13 08:05:24] BTCUSDT 15m: 当前价格=117305.00, EMA25=117350.41, EMA50=117409.89, 趋势=禁多
[2025-07-13 08:05:24] BTCUSDT 1h: 当前价格=117305.00, EMA25=117366.47, EMA50=116620.49, 趋势=禁多
==============================

===== 趋势分析结果 (2025-07-13 08:20:24) =====
[2025-07-13 08:20:24] BTCUSDT 15m: 当前价格=117222.10, EMA25=117339.11, EMA50=117401.77, 趋势=禁多
[2025-07-13 08:20:24] BTCUSDT 1h: 当前价格=117222.10, EMA25=117360.09, EMA50=116617.24, 趋势=禁多
==============================

===== 趋势分析结果 (2025-07-13 08:35:24) =====
[2025-07-13 08:35:24] BTCUSDT 15m: 当前价格=117325.80, EMA25=117347.14, EMA50=117403.60, 趋势=禁多
[2025-07-13 08:35:24] BTCUSDT 1h: 当前价格=117325.80, EMA25=117368.07, EMA50=116621.30, 趋势=禁多
==============================

===== 趋势分析结果 (2025-07-13 08:50:24) =====
[2025-07-13 08:50:24] BTCUSDT 15m: 当前价格=117308.60, EMA25=117350.17, EMA50=117403.05, 趋势=禁多
[2025-07-13 08:50:24] BTCUSDT 1h: 当前价格=117308.60, EMA25=117366.75, EMA50=116620.63, 趋势=禁多
==============================

===== 趋势分析结果 (2025-07-13 09:05:24) =====
[2025-07-13 09:05:24] BTCUSDT 15m: 当前价格=117349.30, EMA25=117347.57, EMA50=117399.60, 趋势=混沌
[2025-07-13 09:05:24] BTCUSDT 1h: 当前价格=117360.80, EMA25=117363.76, EMA50=116648.31, 趋势=禁多
==============================

===== 趋势分析结果 (2025-07-13 09:20:24) =====
[2025-07-13 09:20:24] BTCUSDT 15m: 当前价格=117281.70, EMA25=117339.01, EMA50=117393.12, 趋势=禁多
[2025-07-13 09:20:24] BTCUSDT 1h: 当前价格=117281.70, EMA25=117357.68, EMA50=116645.21, 趋势=禁多
==============================

===== 趋势分析结果 (2025-07-13 09:35:24) =====
[2025-07-13 09:35:24] BTCUSDT 15m: 当前价格=117364.20, EMA25=117346.06, EMA50=117394.70, 趋势=混沌
[2025-07-13 09:35:24] BTCUSDT 1h: 当前价格=117364.30, EMA25=117364.03, EMA50=116648.45, 趋势=禁空
==============================

===== 趋势分析结果 (2025-07-13 09:50:24) =====
[2025-07-13 09:50:24] BTCUSDT 15m: 当前价格=117556.20, EMA25=117372.39, EMA50=117406.43, 趋势=混沌
[2025-07-13 09:50:24] BTCUSDT 1h: 当前价格=117556.20, EMA25=117378.79, EMA50=116655.98, 趋势=禁空
==============================

===== 趋势分析结果 (2025-07-13 10:05:24) =====
[2025-07-13 10:05:24] BTCUSDT 15m: 当前价格=117478.20, EMA25=117377.30, EMA50=117407.53, 趋势=混沌
[2025-07-13 10:05:24] BTCUSDT 1h: 当前价格=117478.20, EMA25=117383.22, EMA50=116686.51, 趋势=禁空
==============================

===== 趋势分析结果 (2025-07-13 10:20:24) =====
[2025-07-13 10:20:24] BTCUSDT 15m: 当前价格=117384.40, EMA25=117374.51, EMA50=117404.85, 趋势=混沌
[2025-07-13 10:20:24] BTCUSDT 1h: 当前价格=117384.40, EMA25=117376.00, EMA50=116682.83, 趋势=禁空
==============================

===== 趋势分析结果 (2025-07-13 10:35:24) =====
[2025-07-13 10:35:24] BTCUSDT 15m: 当前价格=117366.00, EMA25=117374.08, EMA50=117403.45, 趋势=禁多
[2025-07-13 10:35:24] BTCUSDT 1h: 当前价格=117365.90, EMA25=117374.58, EMA50=116682.11, 趋势=禁多
==============================

===== 趋势分析结果 (2025-07-13 10:50:24) =====
[2025-07-13 10:50:24] BTCUSDT 15m: 当前价格=117510.00, EMA25=117391.70, EMA50=117411.43, 趋势=混沌
[2025-07-13 10:50:24] BTCUSDT 1h: 当前价格=117509.90, EMA25=117385.65, EMA50=116687.75, 趋势=禁空
==============================

===== 趋势分析结果 (2025-07-13 11:05:24) =====
[2025-07-13 11:05:24] BTCUSDT 15m: 当前价格=117626.40, EMA25=117414.29, EMA50=117422.26, 趋势=混沌
[2025-07-13 11:05:24] BTCUSDT 1h: 当前价格=117626.40, EMA25=117408.72, EMA50=116726.97, 趋势=禁空
==============================

===== 趋势分析结果 (2025-07-13 11:20:24) =====
[2025-07-13 11:20:24] BTCUSDT 15m: 当前价格=117663.60, EMA25=117428.89, EMA50=117429.30, 趋势=混沌
[2025-07-13 11:20:24] BTCUSDT 1h: 当前价格=117672.30, EMA25=117412.25, EMA50=116728.77, 趋势=禁空
==============================

===== 趋势分析结果 (2025-07-13 11:35:24) =====
[2025-07-13 11:35:24] BTCUSDT 15m: 当前价格=117770.00, EMA25=117459.27, EMA50=117444.86, 趋势=禁空
[2025-07-13 11:35:24] BTCUSDT 1h: 当前价格=117769.90, EMA25=117419.76, EMA50=116732.60, 趋势=禁空
==============================

===== 趋势分析结果 (2025-07-13 11:50:24) =====
[2025-07-13 11:50:24] BTCUSDT 15m: 当前价格=117710.00, EMA25=117473.59, EMA50=117452.62, 趋势=禁空
[2025-07-13 11:50:24] BTCUSDT 1h: 当前价格=117710.00, EMA25=117415.15, EMA50=116730.25, 趋势=禁空
==============================

===== 趋势分析结果 (2025-07-13 12:05:23) =====
[2025-07-13 12:05:23] BTCUSDT 15m: 当前价格=117679.90, EMA25=117489.57, EMA50=117461.59, 趋势=禁空
[2025-07-13 12:05:23] BTCUSDT 1h: 当前价格=117679.90, EMA25=117435.62, EMA50=116767.55, 趋势=禁空
==============================

===== 趋势分析结果 (2025-07-13 12:20:23) =====
[2025-07-13 12:20:23] BTCUSDT 15m: 当前价格=117771.10, EMA25=117513.23, EMA50=117474.79, 趋势=禁空
[2025-07-13 12:20:23] BTCUSDT 1h: 当前价格=117771.10, EMA25=117442.64, EMA50=116771.13, 趋势=禁空
==============================

===== 趋势分析结果 (2025-07-13 12:35:23) =====
[2025-07-13 12:35:23] BTCUSDT 15m: 当前价格=117784.70, EMA25=117531.35, EMA50=117485.48, 趋势=禁空
[2025-07-13 12:35:23] BTCUSDT 1h: 当前价格=117784.70, EMA25=117443.68, EMA50=116771.66, 趋势=禁空
==============================

===== 趋势分析结果 (2025-07-13 12:50:23) =====
[2025-07-13 12:50:23] BTCUSDT 15m: 当前价格=117831.00, EMA25=117554.41, EMA50=117499.03, 趋势=禁空
[2025-07-13 12:50:23] BTCUSDT 1h: 当前价格=117831.00, EMA25=117447.24, EMA50=116773.48, 趋势=禁空
==============================

===== 趋势分析结果 (2025-07-13 13:05:25) =====
[2025-07-13 13:05:25] BTCUSDT 15m: 当前价格=117860.00, EMA25=117578.76, EMA50=117513.63, 趋势=禁空
[2025-07-13 13:05:25] BTCUSDT 1h: 当前价格=117860.00, EMA25=117479.83, EMA50=116816.53, 趋势=禁空
==============================

===== 趋势分析结果 (2025-07-13 13:20:23) =====
[2025-07-13 13:20:23] BTCUSDT 15m: 当前价格=117776.80, EMA25=117591.18, EMA50=117522.47, 趋势=禁空
[2025-07-13 13:20:23] BTCUSDT 1h: 当前价格=117776.90, EMA25=117473.44, EMA50=116813.27, 趋势=禁空
==============================

===== 趋势分析结果 (2025-07-13 13:35:23) =====
[2025-07-13 13:35:23] BTCUSDT 15m: 当前价格=117857.90, EMA25=117612.64, EMA50=117536.12, 趋势=禁空
[2025-07-13 13:35:23] BTCUSDT 1h: 当前价格=117857.90, EMA25=117479.67, EMA50=116816.45, 趋势=禁空
==============================

===== 趋势分析结果 (2025-07-13 13:50:23) =====
[2025-07-13 13:50:23] BTCUSDT 15m: 当前价格=117657.20, EMA25=117606.28, EMA50=117535.67, 趋势=禁空
[2025-07-13 13:50:23] BTCUSDT 1h: 当前价格=117657.20, EMA25=117464.23, EMA50=116808.58, 趋势=禁空
==============================

===== 趋势分析结果 (2025-07-13 14:05:23) =====
[2025-07-13 14:05:23] BTCUSDT 15m: 当前价格=117730.90, EMA25=117619.96, EMA50=117545.50, 趋势=禁空
[2025-07-13 14:05:23] BTCUSDT 1h: 当前价格=117730.90, EMA25=117488.84, EMA50=116846.92, 趋势=禁空
==============================

===== 趋势分析结果 (2025-07-13 14:20:23) =====
[2025-07-13 14:20:23] BTCUSDT 15m: 当前价格=117755.50, EMA25=117630.97, EMA50=117554.04, 趋势=禁空
[2025-07-13 14:20:23] BTCUSDT 1h: 当前价格=117755.40, EMA25=117490.73, EMA50=116847.88, 趋势=禁空
==============================

===== 趋势分析结果 (2025-07-13 14:35:23) =====
[2025-07-13 14:35:23] BTCUSDT 15m: 当前价格=117852.50, EMA25=117651.76, EMA50=117567.74, 趋势=禁空
[2025-07-13 14:35:23] BTCUSDT 1h: 当前价格=117852.60, EMA25=117498.20, EMA50=116851.69, 趋势=禁空
==============================

===== 趋势分析结果 (2025-07-13 14:50:23) =====
[2025-07-13 14:50:23] BTCUSDT 15m: 当前价格=117838.50, EMA25=117671.28, EMA50=117581.10, 趋势=禁空
[2025-07-13 14:50:23] BTCUSDT 1h: 当前价格=117838.40, EMA25=117497.11, EMA50=116851.14, 趋势=禁空
==============================

===== 趋势分析结果 (2025-07-13 15:05:23) =====
[2025-07-13 15:05:23] BTCUSDT 15m: 当前价格=117817.60, EMA25=117682.63, EMA50=117590.42, 趋势=禁空
[2025-07-13 15:05:23] BTCUSDT 1h: 当前价格=117817.60, EMA25=117521.86, EMA50=116889.09, 趋势=禁空
==============================

===== 趋势分析结果 (2025-07-13 15:20:23) =====
[2025-07-13 15:20:23] BTCUSDT 15m: 当前价格=117876.90, EMA25=117699.38, EMA50=117602.61, 趋势=禁空
[2025-07-13 15:20:23] BTCUSDT 1h: 当前价格=117876.90, EMA25=117526.42, EMA50=116891.41, 趋势=禁空
==============================

===== 趋势分析结果 (2025-07-13 15:35:23) =====
[2025-07-13 15:35:23] BTCUSDT 15m: 当前价格=117959.00, EMA25=117724.35, EMA50=117619.24, 趋势=禁空
[2025-07-13 15:35:23] BTCUSDT 1h: 当前价格=117956.90, EMA25=117532.58, EMA50=116894.55, 趋势=禁空
==============================

===== 趋势分析结果 (2025-07-13 15:50:23) =====
[2025-07-13 15:50:23] BTCUSDT 15m: 当前价格=117892.00, EMA25=117733.73, EMA50=117628.07, 趋势=禁空
[2025-07-13 15:50:23] BTCUSDT 1h: 当前价格=117892.00, EMA25=117527.59, EMA50=116892.01, 趋势=禁空
==============================

===== 趋势分析结果 (2025-07-13 16:05:23) =====
[2025-07-13 16:05:23] BTCUSDT 15m: 当前价格=117920.90, EMA25=117752.24, EMA50=117641.74, 趋势=禁空
[2025-07-13 16:05:23] BTCUSDT 1h: 当前价格=117920.90, EMA25=117561.96, EMA50=116934.54, 趋势=禁空
==============================

===== 趋势分析结果 (2025-07-13 16:20:23) =====
[2025-07-13 16:20:23] BTCUSDT 15m: 当前价格=117798.00, EMA25=117754.48, EMA50=117647.19, 趋势=禁空
[2025-07-13 16:20:23] BTCUSDT 1h: 当前价格=117798.00, EMA25=117552.51, EMA50=116929.72, 趋势=禁空
==============================

===== 趋势分析结果 (2025-07-13 16:35:23) =====
[2025-07-13 16:35:23] BTCUSDT 15m: 当前价格=117782.20, EMA25=117756.46, EMA50=117652.40, 趋势=禁空
[2025-07-13 16:35:23] BTCUSDT 1h: 当前价格=117775.90, EMA25=117550.81, EMA50=116928.85, 趋势=禁空
==============================

===== 趋势分析结果 (2025-07-13 16:50:23) =====
[2025-07-13 16:50:23] BTCUSDT 15m: 当前价格=117745.40, EMA25=117753.34, EMA50=117654.84, 趋势=混沌
[2025-07-13 16:50:23] BTCUSDT 1h: 当前价格=117745.40, EMA25=117548.46, EMA50=116927.66, 趋势=禁空
==============================

===== 趋势分析结果 (2025-07-13 17:05:23) =====
[2025-07-13 17:05:23] BTCUSDT 15m: 当前价格=117864.80, EMA25=117769.73, EMA50=117667.22, 趋势=禁空
[2025-07-13 17:05:23] BTCUSDT 1h: 当前价格=117864.80, EMA25=117580.61, EMA50=116968.56, 趋势=禁空
==============================

===== 趋势分析结果 (2025-07-13 17:20:23) =====
[2025-07-13 17:20:23] BTCUSDT 15m: 当前价格=117808.50, EMA25=117771.02, EMA50=117671.87, 趋势=禁空
[2025-07-13 17:20:23] BTCUSDT 1h: 当前价格=117808.50, EMA25=117576.28, EMA50=116966.35, 趋势=禁空
==============================

===== 趋势分析结果 (2025-07-13 17:35:25) =====
[2025-07-13 17:35:25] BTCUSDT 15m: 当前价格=117745.50, EMA25=117769.73, EMA50=117675.11, 趋势=混沌
[2025-07-13 17:35:25] BTCUSDT 1h: 当前价格=117745.60, EMA25=117571.44, EMA50=116963.88, 趋势=禁空
==============================

===== 趋势分析结果 (2025-07-13 17:50:23) =====
[2025-07-13 17:50:23] BTCUSDT 15m: 当前价格=117711.70, EMA25=117765.89, EMA50=117676.88, 趋势=混沌
[2025-07-13 17:50:23] BTCUSDT 1h: 当前价格=117711.70, EMA25=117568.83, EMA50=116962.55, 趋势=禁空
==============================

===== 趋势分析结果 (2025-07-13 18:05:23) =====
[2025-07-13 18:05:23] BTCUSDT 15m: 当前价格=117786.80, EMA25=117766.67, EMA50=117680.75, 趋势=禁空
[2025-07-13 18:05:23] BTCUSDT 1h: 当前价格=117786.80, EMA25=117584.78, EMA50=116994.44, 趋势=禁空
==============================

===== 趋势分析结果 (2025-07-13 18:20:23) =====
[2025-07-13 18:20:23] BTCUSDT 15m: 当前价格=117755.00, EMA25=117766.83, EMA50=117684.22, 趋势=混沌
[2025-07-13 18:20:23] BTCUSDT 1h: 当前价格=117755.00, EMA25=117582.33, EMA50=116993.19, 趋势=禁空
==============================

===== 趋势分析结果 (2025-07-13 18:35:23) =====
[2025-07-13 18:35:23] BTCUSDT 15m: 当前价格=117741.50, EMA25=117765.17, EMA50=117686.62, 趋势=混沌
[2025-07-13 18:35:23] BTCUSDT 1h: 当前价格=117741.60, EMA25=117581.30, EMA50=116992.67, 趋势=禁空
==============================

===== 趋势分析结果 (2025-07-13 18:50:23) =====
[2025-07-13 18:50:23] BTCUSDT 15m: 当前价格=117748.70, EMA25=117763.63, EMA50=117688.91, 趋势=混沌
[2025-07-13 18:50:23] BTCUSDT 1h: 当前价格=117748.60, EMA25=117581.84, EMA50=116992.94, 趋势=禁空
==============================

===== 趋势分析结果 (2025-07-13 19:05:23) =====
[2025-07-13 19:05:23] BTCUSDT 15m: 当前价格=117784.30, EMA25=117762.89, EMA50=117691.41, 趋势=禁空
[2025-07-13 19:05:23] BTCUSDT 1h: 当前价格=117784.30, EMA25=117595.09, EMA50=117022.74, 趋势=禁空
==============================

===== 趋势分析结果 (2025-07-13 19:20:23) =====
[2025-07-13 19:20:23] BTCUSDT 15m: 当前价格=117863.70, EMA25=117776.15, EMA50=117701.09, 趋势=禁空
[2025-07-13 19:20:23] BTCUSDT 1h: 当前价格=117863.70, EMA25=117601.20, EMA50=117025.86, 趋势=禁空
==============================

===== 趋势分析结果 (2025-07-13 19:35:23) =====
[2025-07-13 19:35:23] BTCUSDT 15m: 当前价格=117939.50, EMA25=117800.11, EMA50=117716.49, 趋势=禁空
[2025-07-13 19:35:23] BTCUSDT 1h: 当前价格=117939.50, EMA25=117607.03, EMA50=117028.83, 趋势=禁空
==============================

===== 趋势分析结果 (2025-07-13 19:50:23) =====
[2025-07-13 19:50:23] BTCUSDT 15m: 当前价格=117929.30, EMA25=117811.50, EMA50=117725.60, 趋势=禁空
[2025-07-13 19:50:23] BTCUSDT 1h: 当前价格=117929.20, EMA25=117606.24, EMA50=117028.43, 趋势=禁空
==============================

===== 趋势分析结果 (2025-07-13 20:05:23) =====
[2025-07-13 20:05:23] BTCUSDT 15m: 当前价格=118062.00, EMA25=117838.35, EMA50=117742.82, 趋势=禁空
[2025-07-13 20:05:23] BTCUSDT 1h: 当前价格=118062.00, EMA25=117648.89, EMA50=117072.99, 趋势=禁空
==============================

===== 趋势分析结果 (2025-07-13 20:20:23) =====
[2025-07-13 20:20:23] BTCUSDT 15m: 当前价格=118078.00, EMA25=117851.45, EMA50=117753.13, 趋势=禁空
[2025-07-13 20:20:23] BTCUSDT 1h: 当前价格=118077.90, EMA25=117650.11, EMA50=117073.61, 趋势=禁空
==============================

===== 趋势分析结果 (2025-07-13 20:35:23) =====
[2025-07-13 20:35:23] BTCUSDT 15m: 当前价格=118072.70, EMA25=117873.64, EMA50=117768.41, 趋势=禁空
[2025-07-13 20:35:23] BTCUSDT 1h: 当前价格=118072.70, EMA25=117649.71, EMA50=117073.41, 趋势=禁空
==============================

===== 趋势分析结果 (2025-07-13 20:50:23) =====
[2025-07-13 20:50:23] BTCUSDT 15m: 当前价格=118111.90, EMA25=117893.90, EMA50=117782.90, 趋势=禁空
[2025-07-13 20:50:23] BTCUSDT 1h: 当前价格=118111.90, EMA25=117652.72, EMA50=117074.94, 趋势=禁空
==============================

===== 趋势分析结果 (2025-07-13 21:05:22) =====
[2025-07-13 21:05:22] BTCUSDT 15m: 当前价格=118257.80, EMA25=117941.07, EMA50=117811.70, 趋势=禁空
[2025-07-13 21:05:22] BTCUSDT 1h: 当前价格=118257.60, EMA25=117718.44, EMA50=117131.50, 趋势=禁空
==============================

===== 趋势分析结果 (2025-07-13 21:20:22) =====
[2025-07-13 21:20:22] BTCUSDT 15m: 当前价格=118247.80, EMA25=117954.94, EMA50=117823.64, 趋势=禁空
[2025-07-13 21:20:22] BTCUSDT 1h: 当前价格=118247.80, EMA25=117717.69, EMA50=117131.12, 趋势=禁空
==============================

===== 趋势分析结果 (2025-07-13 21:35:22) =====
[2025-07-13 21:35:22] BTCUSDT 15m: 当前价格=118500.70, EMA25=117996.89, EMA50=117850.18, 趋势=禁空
[2025-07-13 21:35:22] BTCUSDT 1h: 当前价格=118500.70, EMA25=117737.14, EMA50=117141.04, 趋势=禁空
==============================

===== 趋势分析结果 (2025-07-13 21:50:22) =====
[2025-07-13 21:50:22] BTCUSDT 15m: 当前价格=118665.10, EMA25=118051.79, EMA50=117883.99, 趋势=禁空
[2025-07-13 21:50:22] BTCUSDT 1h: 当前价格=118665.00, EMA25=117749.78, EMA50=117147.48, 趋势=禁空
==============================

===== 趋势分析结果 (2025-07-13 22:05:22) =====
[2025-07-13 22:05:22] BTCUSDT 15m: 当前价格=118442.70, EMA25=118073.68, EMA50=117901.57, 趋势=禁空
[2025-07-13 22:05:22] BTCUSDT 1h: 当前价格=118442.70, EMA25=117794.91, EMA50=117193.94, 趋势=禁空
==============================

===== 趋势分析结果 (2025-07-13 22:20:22) =====
[2025-07-13 22:20:22] BTCUSDT 15m: 当前价格=119213.90, EMA25=118170.79, EMA50=117958.02, 趋势=禁空
[2025-07-13 22:20:22] BTCUSDT 1h: 当前价格=119213.80, EMA25=117854.23, EMA50=117224.18, 趋势=禁空
==============================

===== 趋势分析结果 (2025-07-13 22:35:22) =====
[2025-07-13 22:35:22] BTCUSDT 15m: 当前价格=118931.90, EMA25=118222.68, EMA50=117992.68, 趋势=禁空
[2025-07-13 22:35:22] BTCUSDT 1h: 当前价格=118931.90, EMA25=117832.54, EMA50=117213.12, 趋势=禁空
==============================

===== 趋势分析结果 (2025-07-13 22:50:22) =====
[2025-07-13 22:50:22] BTCUSDT 15m: 当前价格=118397.10, EMA25=118219.63, EMA50=117999.80, 趋势=禁空
[2025-07-13 22:50:22] BTCUSDT 1h: 当前价格=118421.90, EMA25=117793.31, EMA50=117193.12, 趋势=禁空
==============================

===== 趋势分析结果 (2025-07-13 23:05:22) =====
[2025-07-13 23:05:22] BTCUSDT 15m: 当前价格=118609.50, EMA25=118272.07, EMA50=118035.62, 趋势=禁空
[2025-07-13 23:05:22] BTCUSDT 1h: 当前价格=118605.00, EMA25=117876.44, EMA50=117259.47, 趋势=禁空
==============================

===== 趋势分析结果 (2025-07-13 23:20:22) =====
[2025-07-13 23:20:22] BTCUSDT 15m: 当前价格=118951.60, EMA25=118347.69, EMA50=118083.93, 趋势=禁空
[2025-07-13 23:20:22] BTCUSDT 1h: 当前价格=118951.60, EMA25=117903.10, EMA50=117273.06, 趋势=禁空
==============================

===== 趋势分析结果 (2025-07-13 23:35:22) =====
[2025-07-13 23:35:22] BTCUSDT 15m: 当前价格=118637.00, EMA25=118362.21, EMA50=118101.51, 趋势=禁空
[2025-07-13 23:35:22] BTCUSDT 1h: 当前价格=118623.70, EMA25=117877.88, EMA50=117260.20, 趋势=禁空
==============================

===== 趋势分析结果 (2025-07-13 23:50:22) =====
[2025-07-13 23:50:22] BTCUSDT 15m: 当前价格=118639.50, EMA25=118376.18, EMA50=118118.71, 趋势=禁空
[2025-07-13 23:50:22] BTCUSDT 1h: 当前价格=118639.50, EMA25=117879.10, EMA50=117260.82, 趋势=禁空
==============================

