===== 趋势分析结果 (2025-07-19 00:02:38) =====
[2025-07-19 00:02:38] BTCUSDT 15m: 当前价格=117868.80, EMA25=118504.84, EMA50=118894.94, 趋势=禁多
[2025-07-19 00:02:38] BTCUSDT 1h: 当前价格=117868.90, EMA25=119016.82, EMA50=118949.31, 趋势=禁多
==============================

===== 趋势分析结果 (2025-07-19 00:17:38) =====
[2025-07-19 00:17:38] BTCUSDT 15m: 当前价格=117726.70, EMA25=118430.45, EMA50=118841.42, 趋势=禁多
[2025-07-19 00:17:38] BTCUSDT 1h: 当前价格=117726.70, EMA25=119005.88, EMA50=118943.73, 趋势=禁多
==============================

===== 趋势分析结果 (2025-07-19 00:32:38) =====
[2025-07-19 00:32:38] BTCUSDT 15m: 当前价格=117508.90, EMA25=118349.89, EMA50=118784.03, 趋势=禁多
[2025-07-19 00:32:38] BTCUSDT 1h: 当前价格=117508.90, EMA25=118989.13, EMA50=118935.19, 趋势=禁多
==============================

===== 趋势分析结果 (2025-07-19 00:47:38) =====
[2025-07-19 00:47:38] BTCUSDT 15m: 当前价格=117844.60, EMA25=118338.79, EMA50=118761.92, 趋势=禁多
[2025-07-19 00:47:38] BTCUSDT 1h: 当前价格=117844.60, EMA25=119014.95, EMA50=118948.35, 趋势=禁多
==============================

===== 趋势分析结果 (2025-07-19 01:02:38) =====
[2025-07-19 01:02:38] BTCUSDT 15m: 当前价格=117460.00, EMA25=118249.81, EMA50=118699.52, 趋势=禁多
[2025-07-19 01:02:38] BTCUSDT 1h: 当前价格=117460.00, EMA25=118873.96, EMA50=118878.64, 趋势=禁多
==============================

===== 趋势分析结果 (2025-07-19 01:17:38) =====
[2025-07-19 01:17:38] BTCUSDT 15m: 当前价格=117644.10, EMA25=118210.86, EMA50=118662.19, 趋势=禁多
[2025-07-19 01:17:38] BTCUSDT 1h: 当前价格=117644.10, EMA25=118888.12, EMA50=118885.86, 趋势=禁多
==============================

===== 趋势分析结果 (2025-07-19 01:32:38) =====
[2025-07-19 01:32:38] BTCUSDT 15m: 当前价格=117899.20, EMA25=118205.41, EMA50=118642.10, 趋势=禁多
[2025-07-19 01:32:38] BTCUSDT 1h: 当前价格=117899.10, EMA25=118907.74, EMA50=118895.86, 趋势=禁多
==============================

===== 趋势分析结果 (2025-07-19 01:47:38) =====
[2025-07-19 01:47:38] BTCUSDT 15m: 当前价格=117607.60, EMA25=118137.58, EMA50=118589.94, 趋势=禁多
[2025-07-19 01:47:38] BTCUSDT 1h: 当前价格=117607.70, EMA25=118885.32, EMA50=118884.43, 趋势=禁多
==============================

===== 趋势分析结果 (2025-07-19 02:02:39) =====
[2025-07-19 02:02:39] BTCUSDT 15m: 当前价格=117550.10, EMA25=118090.42, EMA50=118548.12, 趋势=禁多
[2025-07-19 02:02:39] BTCUSDT 1h: 当前价格=117550.00, EMA25=118780.64, EMA50=118831.06, 趋势=禁多
==============================

===== 趋势分析结果 (2025-07-19 02:17:38) =====
[2025-07-19 02:17:38] BTCUSDT 15m: 当前价格=117526.40, EMA25=118035.45, EMA50=118501.90, 趋势=禁多
[2025-07-19 02:17:38] BTCUSDT 1h: 当前价格=117526.40, EMA25=118778.82, EMA50=118830.13, 趋势=禁多
==============================

===== 趋势分析结果 (2025-07-19 02:32:39) =====
[2025-07-19 02:32:38] BTCUSDT 15m: 当前价格=117563.70, EMA25=118009.59, EMA50=118470.64, 趋势=禁多
[2025-07-19 02:32:39] BTCUSDT 1h: 当前价格=117563.70, EMA25=118781.69, EMA50=118831.60, 趋势=禁多
==============================

===== 趋势分析结果 (2025-07-19 02:47:38) =====
[2025-07-19 02:47:38] BTCUSDT 15m: 当前价格=117427.60, EMA25=117963.51, EMA50=118429.04, 趋势=禁多
[2025-07-19 02:47:38] BTCUSDT 1h: 当前价格=117427.60, EMA25=118771.22, EMA50=118826.26, 趋势=禁多
==============================

===== 趋势分析结果 (2025-07-19 03:02:38) =====
[2025-07-19 03:02:38] BTCUSDT 15m: 当前价格=117212.50, EMA25=117896.53, EMA50=118376.45, 趋势=禁多
[2025-07-19 03:02:38] BTCUSDT 1h: 当前价格=117212.50, EMA25=118642.11, EMA50=118758.09, 趋势=禁多
==============================

===== 趋势分析结果 (2025-07-19 03:17:38) =====
[2025-07-19 03:17:38] BTCUSDT 15m: 当前价格=117539.80, EMA25=117878.08, EMA50=118348.41, 趋势=禁多
[2025-07-19 03:17:38] BTCUSDT 1h: 当前价格=117539.80, EMA25=118667.29, EMA50=118770.92, 趋势=禁多
==============================

===== 趋势分析结果 (2025-07-19 03:32:38) =====
[2025-07-19 03:32:38] BTCUSDT 15m: 当前价格=117661.00, EMA25=117878.39, EMA50=118330.48, 趋势=禁多
[2025-07-19 03:32:38] BTCUSDT 1h: 当前价格=117661.00, EMA25=118676.61, EMA50=118775.68, 趋势=禁多
==============================

===== 趋势分析结果 (2025-07-19 03:47:38) =====
[2025-07-19 03:47:38] BTCUSDT 15m: 当前价格=117396.00, EMA25=117828.14, EMA50=118286.86, 趋势=禁多
[2025-07-19 03:47:38] BTCUSDT 1h: 当前价格=117404.60, EMA25=118656.89, EMA50=118765.62, 趋势=禁多
==============================

===== 趋势分析结果 (2025-07-19 04:02:38) =====
[2025-07-19 04:02:38] BTCUSDT 15m: 当前价格=117303.40, EMA25=117785.34, EMA50=118247.00, 趋势=禁多
[2025-07-19 04:02:38] BTCUSDT 1h: 当前价格=117300.10, EMA25=118549.47, EMA50=118706.53, 趋势=禁多
==============================

===== 趋势分析结果 (2025-07-19 04:17:38) =====
[2025-07-19 04:17:38] BTCUSDT 15m: 当前价格=117186.10, EMA25=117729.07, EMA50=118199.99, 趋势=禁多
[2025-07-19 04:17:38] BTCUSDT 1h: 当前价格=117191.90, EMA25=118541.14, EMA50=118702.29, 趋势=禁多
==============================

===== 趋势分析结果 (2025-07-19 04:32:38) =====
[2025-07-19 04:32:38] BTCUSDT 15m: 当前价格=116908.70, EMA25=117651.34, EMA50=118141.60, 趋势=禁多
[2025-07-19 04:32:38] BTCUSDT 1h: 当前价格=116908.70, EMA25=118519.36, EMA50=118691.18, 趋势=禁多
==============================

===== 趋势分析结果 (2025-07-19 04:47:38) =====
[2025-07-19 04:47:38] BTCUSDT 15m: 当前价格=117259.10, EMA25=117627.23, EMA50=118110.20, 趋势=禁多
[2025-07-19 04:47:38] BTCUSDT 1h: 当前价格=117263.30, EMA25=118546.64, EMA50=118705.09, 趋势=禁多
==============================

===== 趋势分析结果 (2025-07-19 05:02:38) =====
[2025-07-19 05:02:38] BTCUSDT 15m: 当前价格=117476.30, EMA25=117623.50, EMA50=118089.53, 趋势=禁多
[2025-07-19 05:02:38] BTCUSDT 1h: 当前价格=117476.30, EMA25=118471.89, EMA50=118660.92, 趋势=禁多
==============================

===== 趋势分析结果 (2025-07-19 05:17:38) =====
[2025-07-19 05:17:38] BTCUSDT 15m: 当前价格=117850.00, EMA25=117665.10, EMA50=118092.96, 趋势=混沌
[2025-07-19 05:17:38] BTCUSDT 1h: 当前价格=117850.00, EMA25=118500.63, EMA50=118675.58, 趋势=禁多
==============================

===== 趋势分析结果 (2025-07-19 05:32:38) =====
[2025-07-19 05:32:38] BTCUSDT 15m: 当前价格=117772.60, EMA25=117663.29, EMA50=118075.05, 趋势=混沌
[2025-07-19 05:32:38] BTCUSDT 1h: 当前价格=117775.80, EMA25=118494.92, EMA50=118672.67, 趋势=禁多
==============================

===== 趋势分析结果 (2025-07-19 05:47:38) =====
[2025-07-19 05:47:38] BTCUSDT 15m: 当前价格=117786.80, EMA25=117673.80, EMA50=118064.28, 趋势=混沌
[2025-07-19 05:47:38] BTCUSDT 1h: 当前价格=117786.90, EMA25=118495.78, EMA50=118673.10, 趋势=禁多
==============================

===== 趋势分析结果 (2025-07-19 06:02:38) =====
[2025-07-19 06:02:38] BTCUSDT 15m: 当前价格=117655.00, EMA25=117662.52, EMA50=118043.01, 趋势=禁多
[2025-07-19 06:02:38] BTCUSDT 1h: 当前价格=117655.00, EMA25=118421.26, EMA50=118627.96, 趋势=禁多
==============================

===== 趋势分析结果 (2025-07-19 06:17:38) =====
[2025-07-19 06:17:38] BTCUSDT 15m: 当前价格=117639.00, EMA25=117655.89, EMA50=118024.61, 趋势=禁多
[2025-07-19 06:17:38] BTCUSDT 1h: 当前价格=117646.50, EMA25=118420.61, EMA50=118627.62, 趋势=禁多
==============================

===== 趋势分析结果 (2025-07-19 06:32:38) =====
[2025-07-19 06:32:38] BTCUSDT 15m: 当前价格=117794.50, EMA25=117682.43, EMA50=118024.01, 趋势=混沌
[2025-07-19 06:32:38] BTCUSDT 1h: 当前价格=117794.50, EMA25=118431.99, EMA50=118633.43, 趋势=禁多
==============================

===== 趋势分析结果 (2025-07-19 06:47:38) =====
[2025-07-19 06:47:38] BTCUSDT 15m: 当前价格=117800.00, EMA25=117688.68, EMA50=118013.74, 趋势=混沌
[2025-07-19 06:47:38] BTCUSDT 1h: 当前价格=117800.00, EMA25=118432.42, EMA50=118633.64, 趋势=禁多
==============================

===== 趋势分析结果 (2025-07-19 07:02:39) =====
[2025-07-19 07:02:39] BTCUSDT 15m: 当前价格=117580.00, EMA25=117670.59, EMA50=117991.57, 趋势=禁多
[2025-07-19 07:02:39] BTCUSDT 1h: 当前价格=117580.10, EMA25=118357.12, EMA50=118587.17, 趋势=禁多
==============================

===== 趋势分析结果 (2025-07-19 07:17:38) =====
[2025-07-19 07:17:38] BTCUSDT 15m: 当前价格=117739.20, EMA25=117680.50, EMA50=117984.13, 趋势=混沌
[2025-07-19 07:17:38] BTCUSDT 1h: 当前价格=117721.90, EMA25=118368.03, EMA50=118592.73, 趋势=禁多
==============================

===== 趋势分析结果 (2025-07-19 07:32:38) =====
[2025-07-19 07:32:38] BTCUSDT 15m: 当前价格=117880.40, EMA25=117700.79, EMA50=117982.68, 趋势=混沌
[2025-07-19 07:32:38] BTCUSDT 1h: 当前价格=117880.40, EMA25=118380.22, EMA50=118598.94, 趋势=禁多
==============================

===== 趋势分析结果 (2025-07-19 07:47:38) =====
[2025-07-19 07:47:38] BTCUSDT 15m: 当前价格=117867.70, EMA25=117710.76, EMA50=117976.64, 趋势=混沌
[2025-07-19 07:47:38] BTCUSDT 1h: 当前价格=117867.70, EMA25=118379.25, EMA50=118598.44, 趋势=禁多
==============================

===== 趋势分析结果 (2025-07-19 08:02:38) =====
[2025-07-19 08:02:38] BTCUSDT 15m: 当前价格=117835.10, EMA25=117722.37, EMA50=117972.17, 趋势=混沌
[2025-07-19 08:02:38] BTCUSDT 1h: 当前价格=117835.10, EMA25=118339.43, EMA50=118569.59, 趋势=禁多
==============================

===== 趋势分析结果 (2025-07-19 08:17:38) =====
[2025-07-19 08:17:38] BTCUSDT 15m: 当前价格=117877.50, EMA25=117739.47, EMA50=117971.21, 趋势=混沌
[2025-07-19 08:17:38] BTCUSDT 1h: 当前价格=117877.50, EMA25=118342.69, EMA50=118571.25, 趋势=禁多
==============================

===== 趋势分析结果 (2025-07-19 08:32:38) =====
[2025-07-19 08:32:38] BTCUSDT 15m: 当前价格=117965.30, EMA25=117761.28, EMA50=117973.33, 趋势=混沌
[2025-07-19 08:32:38] BTCUSDT 1h: 当前价格=117965.30, EMA25=118349.44, EMA50=118574.70, 趋势=禁多
==============================

===== 趋势分析结果 (2025-07-19 08:47:38) =====
[2025-07-19 08:47:38] BTCUSDT 15m: 当前价格=117865.60, EMA25=117763.54, EMA50=117966.04, 趋势=混沌
[2025-07-19 08:47:38] BTCUSDT 1h: 当前价格=117865.70, EMA25=118341.78, EMA50=118570.79, 趋势=禁多
==============================

===== 趋势分析结果 (2025-07-19 09:02:38) =====
[2025-07-19 09:02:38] BTCUSDT 15m: 当前价格=117674.60, EMA25=117745.86, EMA50=117948.87, 趋势=禁多
[2025-07-19 09:02:38] BTCUSDT 1h: 当前价格=117674.50, EMA25=118279.61, EMA50=118529.89, 趋势=禁多
==============================

===== 趋势分析结果 (2025-07-19 09:17:38) =====
[2025-07-19 09:17:38] BTCUSDT 15m: 当前价格=117904.10, EMA25=117772.97, EMA50=117955.04, 趋势=混沌
[2025-07-19 09:17:38] BTCUSDT 1h: 当前价格=117904.10, EMA25=118297.27, EMA50=118538.89, 趋势=禁多
==============================

===== 趋势分析结果 (2025-07-19 09:32:38) =====
[2025-07-19 09:32:38] BTCUSDT 15m: 当前价格=117900.50, EMA25=117786.83, EMA50=117955.05, 趋势=混沌
[2025-07-19 09:32:38] BTCUSDT 1h: 当前价格=117900.60, EMA25=118297.00, EMA50=118538.75, 趋势=禁多
==============================

===== 趋势分析结果 (2025-07-19 09:47:38) =====
[2025-07-19 09:47:38] BTCUSDT 15m: 当前价格=118061.40, EMA25=117815.02, EMA50=117962.97, 趋势=混沌
[2025-07-19 09:47:38] BTCUSDT 1h: 当前价格=118037.70, EMA25=118307.55, EMA50=118544.13, 趋势=禁多
==============================

===== 趋势分析结果 (2025-07-19 10:02:38) =====
[2025-07-19 10:02:38] BTCUSDT 15m: 当前价格=118034.90, EMA25=117828.29, EMA50=117963.85, 趋势=混沌
[2025-07-19 10:02:38] BTCUSDT 1h: 当前价格=118034.90, EMA25=118284.61, EMA50=118523.12, 趋势=禁多
==============================

===== 趋势分析结果 (2025-07-19 10:17:38) =====
[2025-07-19 10:17:38] BTCUSDT 15m: 当前价格=117965.30, EMA25=117836.99, EMA50=117962.93, 趋势=混沌
[2025-07-19 10:17:38] BTCUSDT 1h: 当前价格=117976.00, EMA25=118280.08, EMA50=118520.81, 趋势=禁多
==============================

===== 趋势分析结果 (2025-07-19 10:32:39) =====
[2025-07-19 10:32:38] BTCUSDT 15m: 当前价格=118033.30, EMA25=117851.55, EMA50=117965.41, 趋势=混沌
[2025-07-19 10:32:39] BTCUSDT 1h: 当前价格=118033.20, EMA25=118284.48, EMA50=118523.05, 趋势=禁多
==============================

===== 趋势分析结果 (2025-07-19 10:47:38) =====
[2025-07-19 10:47:38] BTCUSDT 15m: 当前价格=118195.90, EMA25=117884.13, EMA50=117977.68, 趋势=混沌
[2025-07-19 10:47:38] BTCUSDT 1h: 当前价格=118195.90, EMA25=118296.99, EMA50=118529.43, 趋势=禁多
==============================

===== 趋势分析结果 (2025-07-19 11:02:38) =====
[2025-07-19 11:02:38] BTCUSDT 15m: 当前价格=118164.40, EMA25=117904.33, EMA50=117984.28, 趋势=混沌
[2025-07-19 11:02:38] BTCUSDT 1h: 当前价格=118180.50, EMA25=118286.67, EMA50=118515.02, 趋势=禁多
==============================

===== 趋势分析结果 (2025-07-19 11:17:38) =====
[2025-07-19 11:17:38] BTCUSDT 15m: 当前价格=118160.30, EMA25=117925.41, EMA50=117991.92, 趋势=混沌
[2025-07-19 11:17:38] BTCUSDT 1h: 当前价格=118160.30, EMA25=118285.12, EMA50=118514.23, 趋势=禁多
==============================

===== 趋势分析结果 (2025-07-19 11:32:38) =====
[2025-07-19 11:32:38] BTCUSDT 15m: 当前价格=118216.60, EMA25=117952.36, EMA50=118003.15, 趋势=混沌
[2025-07-19 11:32:38] BTCUSDT 1h: 当前价格=118216.60, EMA25=118289.45, EMA50=118516.44, 趋势=禁多
==============================

===== 趋势分析结果 (2025-07-19 11:47:38) =====
[2025-07-19 11:47:38] BTCUSDT 15m: 当前价格=118297.20, EMA25=117982.33, EMA50=118016.50, 趋势=混沌
[2025-07-19 11:47:38] BTCUSDT 1h: 当前价格=118297.10, EMA25=118295.64, EMA50=118519.60, 趋势=禁空
==============================

===== 趋势分析结果 (2025-07-19 12:02:39) =====
[2025-07-19 12:02:38] BTCUSDT 15m: 当前价格=118233.10, EMA25=118001.48, EMA50=118024.92, 趋势=混沌
[2025-07-19 12:02:39] BTCUSDT 1h: 当前价格=118233.10, EMA25=118290.69, EMA50=118508.29, 趋势=禁多
==============================

===== 趋势分析结果 (2025-07-19 12:17:38) =====
[2025-07-19 12:17:38] BTCUSDT 15m: 当前价格=118304.90, EMA25=118030.93, EMA50=118039.15, 趋势=混沌
[2025-07-19 12:17:38] BTCUSDT 1h: 当前价格=118305.00, EMA25=118296.22, EMA50=118511.11, 趋势=禁空
==============================

===== 趋势分析结果 (2025-07-19 12:32:38) =====
[2025-07-19 12:32:38] BTCUSDT 15m: 当前价格=118249.90, EMA25=118038.29, EMA50=118042.38, 趋势=混沌
[2025-07-19 12:32:38] BTCUSDT 1h: 当前价格=118250.00, EMA25=118291.99, EMA50=118508.95, 趋势=禁多
==============================

===== 趋势分析结果 (2025-07-19 12:47:38) =====
[2025-07-19 12:47:38] BTCUSDT 15m: 当前价格=118113.30, EMA25=118036.08, EMA50=118040.93, 趋势=混沌
[2025-07-19 12:47:38] BTCUSDT 1h: 当前价格=118113.30, EMA25=118281.48, EMA50=118503.59, 趋势=禁多
==============================

===== 趋势分析结果 (2025-07-19 13:02:38) =====
[2025-07-19 13:02:38] BTCUSDT 15m: 当前价格=118147.80, EMA25=118044.04, EMA50=118044.78, 趋势=混沌
[2025-07-19 13:02:38] BTCUSDT 1h: 当前价格=118147.80, EMA25=118270.56, EMA50=118489.30, 趋势=禁多
==============================

===== 趋势分析结果 (2025-07-19 13:17:38) =====
[2025-07-19 13:17:38] BTCUSDT 15m: 当前价格=118059.30, EMA25=118038.35, EMA50=118041.71, 趋势=混沌
[2025-07-19 13:17:38] BTCUSDT 1h: 当前价格=118059.30, EMA25=118263.75, EMA50=118485.83, 趋势=禁多
==============================

===== 趋势分析结果 (2025-07-19 13:32:38) =====
[2025-07-19 13:32:38] BTCUSDT 15m: 当前价格=118130.70, EMA25=118048.84, EMA50=118047.00, 趋势=禁空
[2025-07-19 13:32:38] BTCUSDT 1h: 当前价格=118130.70, EMA25=118269.24, EMA50=118488.63, 趋势=禁多
==============================

===== 趋势分析结果 (2025-07-19 13:47:38) =====
[2025-07-19 13:47:38] BTCUSDT 15m: 当前价格=118187.20, EMA25=118068.19, EMA50=118057.11, 趋势=禁空
[2025-07-19 13:47:38] BTCUSDT 1h: 当前价格=118187.10, EMA25=118273.58, EMA50=118490.84, 趋势=禁多
==============================

===== 趋势分析结果 (2025-07-19 14:02:38) =====
[2025-07-19 14:02:38] BTCUSDT 15m: 当前价格=118163.00, EMA25=118074.55, EMA50=118060.77, 趋势=禁空
[2025-07-19 14:02:38] BTCUSDT 1h: 当前价格=118162.80, EMA25=118264.13, EMA50=118477.48, 趋势=禁多
==============================

===== 趋势分析结果 (2025-07-19 14:17:38) =====
[2025-07-19 14:17:38] BTCUSDT 15m: 当前价格=118128.10, EMA25=118079.81, EMA50=118064.02, 趋势=禁空
[2025-07-19 14:17:38] BTCUSDT 1h: 当前价格=118128.10, EMA25=118261.46, EMA50=118476.12, 趋势=禁多
==============================

===== 趋势分析结果 (2025-07-19 14:32:38) =====
[2025-07-19 14:32:38] BTCUSDT 15m: 当前价格=118080.70, EMA25=118073.25, EMA50=118061.16, 趋势=禁空
[2025-07-19 14:32:38] BTCUSDT 1h: 当前价格=118052.10, EMA25=118255.61, EMA50=118473.14, 趋势=禁多
==============================

===== 趋势分析结果 (2025-07-19 14:47:38) =====
[2025-07-19 14:47:38] BTCUSDT 15m: 当前价格=118101.90, EMA25=118074.78, EMA50=118062.40, 趋势=禁空
[2025-07-19 14:47:38] BTCUSDT 1h: 当前价格=118102.00, EMA25=118259.45, EMA50=118475.10, 趋势=禁多
==============================

===== 趋势分析结果 (2025-07-19 15:02:38) =====
[2025-07-19 15:02:38] BTCUSDT 15m: 当前价格=118170.80, EMA25=118084.65, EMA50=118067.96, 趋势=禁空
[2025-07-19 15:02:38] BTCUSDT 1h: 当前价格=118170.80, EMA25=118255.11, EMA50=118464.48, 趋势=禁多
==============================

===== 趋势分析结果 (2025-07-19 15:17:38) =====
[2025-07-19 15:17:38] BTCUSDT 15m: 当前价格=118225.10, EMA25=118099.31, EMA50=118076.17, 趋势=禁空
[2025-07-19 15:17:38] BTCUSDT 1h: 当前价格=118225.10, EMA25=118259.29, EMA50=118466.61, 趋势=禁多
==============================

===== 趋势分析结果 (2025-07-19 15:32:38) =====
[2025-07-19 15:32:38] BTCUSDT 15m: 当前价格=118173.30, EMA25=118106.41, EMA50=118080.73, 趋势=禁空
[2025-07-19 15:32:38] BTCUSDT 1h: 当前价格=118173.40, EMA25=118255.31, EMA50=118464.58, 趋势=禁多
==============================

===== 趋势分析结果 (2025-07-19 15:47:38) =====
[2025-07-19 15:47:38] BTCUSDT 15m: 当前价格=118162.90, EMA25=118108.26, EMA50=118082.62, 趋势=禁空
[2025-07-19 15:47:38] BTCUSDT 1h: 当前价格=118162.90, EMA25=118254.50, EMA50=118464.17, 趋势=禁多
==============================

===== 趋势分析结果 (2025-07-19 16:02:38) =====
[2025-07-19 16:02:38] BTCUSDT 15m: 当前价格=118152.10, EMA25=118109.65, EMA50=118084.30, 趋势=禁空
[2025-07-19 16:02:38] BTCUSDT 1h: 当前价格=118152.20, EMA25=118244.65, EMA50=118450.89, 趋势=禁多
==============================

===== 趋势分析结果 (2025-07-19 16:17:38) =====
[2025-07-19 16:17:38] BTCUSDT 15m: 当前价格=118029.10, EMA25=118095.22, EMA50=118077.77, 趋势=混沌
[2025-07-19 16:17:38] BTCUSDT 1h: 当前价格=118029.20, EMA25=118235.19, EMA50=118446.06, 趋势=禁多
==============================

===== 趋势分析结果 (2025-07-19 16:32:38) =====
[2025-07-19 16:32:38] BTCUSDT 15m: 当前价格=118022.30, EMA25=118092.08, EMA50=118076.90, 趋势=混沌
[2025-07-19 16:32:38] BTCUSDT 1h: 当前价格=118022.30, EMA25=118234.66, EMA50=118445.79, 趋势=禁多
==============================

===== 趋势分析结果 (2025-07-19 16:47:38) =====
[2025-07-19 16:47:38] BTCUSDT 15m: 当前价格=118076.90, EMA25=118093.82, EMA50=118078.44, 趋势=混沌
[2025-07-19 16:47:38] BTCUSDT 1h: 当前价格=118076.90, EMA25=118238.86, EMA50=118447.93, 趋势=禁多
==============================

===== 趋势分析结果 (2025-07-19 17:02:38) =====
[2025-07-19 17:02:38] BTCUSDT 15m: 当前价格=118034.00, EMA25=118087.82, EMA50=118075.96, 趋势=混沌
[2025-07-19 17:02:38] BTCUSDT 1h: 当前价格=118044.90, EMA25=118222.54, EMA50=118431.39, 趋势=禁多
==============================

===== 趋势分析结果 (2025-07-19 17:17:38) =====
[2025-07-19 17:17:38] BTCUSDT 15m: 当前价格=118125.90, EMA25=118095.44, EMA50=118080.41, 趋势=禁空
[2025-07-19 17:17:38] BTCUSDT 1h: 当前价格=118126.00, EMA25=118228.78, EMA50=118434.57, 趋势=禁多
==============================

===== 趋势分析结果 (2025-07-19 17:32:38) =====
[2025-07-19 17:32:38] BTCUSDT 15m: 当前价格=118213.30, EMA25=118107.83, EMA50=118087.38, 趋势=禁空
[2025-07-19 17:32:38] BTCUSDT 1h: 当前价格=118213.30, EMA25=118235.49, EMA50=118437.99, 趋势=禁多
==============================

===== 趋势分析结果 (2025-07-19 17:47:38) =====
[2025-07-19 17:47:38] BTCUSDT 15m: 当前价格=118277.40, EMA25=118125.43, EMA50=118097.25, 趋势=禁空
[2025-07-19 17:47:38] BTCUSDT 1h: 当前价格=118277.40, EMA25=118240.42, EMA50=118440.50, 趋势=禁空
==============================

===== 趋势分析结果 (2025-07-19 18:02:38) =====
[2025-07-19 18:02:38] BTCUSDT 15m: 当前价格=118208.80, EMA25=118126.71, EMA50=118098.90, 趋势=禁空
[2025-07-19 18:02:38] BTCUSDT 1h: 当前价格=118208.80, EMA25=118232.86, EMA50=118428.69, 趋势=禁多
==============================

===== 趋势分析结果 (2025-07-19 18:17:38) =====
[2025-07-19 18:17:38] BTCUSDT 15m: 当前价格=118230.10, EMA25=118133.76, EMA50=118103.57, 趋势=禁空
[2025-07-19 18:17:38] BTCUSDT 1h: 当前价格=118230.00, EMA25=118234.49, EMA50=118429.52, 趋势=禁多
==============================

===== 趋势分析结果 (2025-07-19 18:32:38) =====
[2025-07-19 18:32:38] BTCUSDT 15m: 当前价格=118290.00, EMA25=118150.73, EMA50=118113.51, 趋势=禁空
[2025-07-19 18:32:38] BTCUSDT 1h: 当前价格=118290.00, EMA25=118239.10, EMA50=118431.88, 趋势=禁空
==============================

===== 趋势分析结果 (2025-07-19 18:47:38) =====
[2025-07-19 18:47:38] BTCUSDT 15m: 当前价格=118350.60, EMA25=118174.38, EMA50=118127.19, 趋势=禁空
[2025-07-19 18:47:38] BTCUSDT 1h: 当前价格=118350.60, EMA25=118243.77, EMA50=118434.25, 趋势=禁空
==============================

===== 趋势分析结果 (2025-07-19 19:02:39) =====
[2025-07-19 19:02:38] BTCUSDT 15m: 当前价格=118425.20, EMA25=118197.93, EMA50=118141.14, 趋势=禁空
[2025-07-19 19:02:39] BTCUSDT 1h: 当前价格=118425.20, EMA25=118261.98, EMA50=118436.16, 趋势=禁空
==============================

===== 趋势分析结果 (2025-07-19 19:17:38) =====
[2025-07-19 19:17:38] BTCUSDT 15m: 当前价格=118127.80, EMA25=118181.53, EMA50=118134.77, 趋势=混沌
[2025-07-19 19:17:38] BTCUSDT 1h: 当前价格=118127.90, EMA25=118239.11, EMA50=118424.50, 趋势=禁多
==============================

===== 趋势分析结果 (2025-07-19 19:32:38) =====
[2025-07-19 19:32:38] BTCUSDT 15m: 当前价格=118365.20, EMA25=118217.57, EMA50=118155.44, 趋势=禁空
[2025-07-19 19:32:38] BTCUSDT 1h: 当前价格=118367.50, EMA25=118257.54, EMA50=118433.89, 趋势=禁空
==============================

===== 趋势分析结果 (2025-07-19 19:47:38) =====
[2025-07-19 19:47:38] BTCUSDT 15m: 当前价格=118352.80, EMA25=118230.21, EMA50=118164.37, 趋势=禁空
[2025-07-19 19:47:38] BTCUSDT 1h: 当前价格=118352.80, EMA25=118256.41, EMA50=118433.32, 趋势=禁空
==============================

===== 趋势分析结果 (2025-07-19 20:02:38) =====
[2025-07-19 20:02:38] BTCUSDT 15m: 当前价格=118281.70, EMA25=118230.42, EMA50=118166.98, 趋势=禁空
[2025-07-19 20:02:38] BTCUSDT 1h: 当前价格=118285.50, EMA25=118254.89, EMA50=118425.53, 趋势=禁空
==============================

===== 趋势分析结果 (2025-07-19 20:17:38) =====
[2025-07-19 20:17:38] BTCUSDT 15m: 当前价格=118070.10, EMA25=118209.90, EMA50=118158.84, 趋势=混沌
[2025-07-19 20:17:38] BTCUSDT 1h: 当前价格=118070.10, EMA25=118238.33, EMA50=118417.08, 趋势=禁多
==============================

===== 趋势分析结果 (2025-07-19 20:32:38) =====
[2025-07-19 20:32:38] BTCUSDT 15m: 当前价格=118115.10, EMA25=118210.10, EMA50=118161.09, 趋势=混沌
[2025-07-19 20:32:38] BTCUSDT 1h: 当前价格=118115.20, EMA25=118241.79, EMA50=118418.85, 趋势=禁多
==============================

===== 趋势分析结果 (2025-07-19 20:47:38) =====
[2025-07-19 20:47:38] BTCUSDT 15m: 当前价格=118171.20, EMA25=118206.93, EMA50=118161.39, 趋势=混沌
[2025-07-19 20:47:38] BTCUSDT 1h: 当前价格=118171.20, EMA25=118246.10, EMA50=118421.05, 趋势=禁多
==============================

===== 趋势分析结果 (2025-07-19 21:02:38) =====
[2025-07-19 21:02:38] BTCUSDT 15m: 当前价格=118217.50, EMA25=118211.07, EMA50=118165.36, 趋势=禁空
[2025-07-19 21:02:38] BTCUSDT 1h: 当前价格=118217.50, EMA25=118247.23, EMA50=118414.83, 趋势=禁多
==============================

===== 趋势分析结果 (2025-07-19 21:17:38) =====
[2025-07-19 21:17:38] BTCUSDT 15m: 当前价格=118235.40, EMA25=118213.12, EMA50=118168.20, 趋势=禁空
[2025-07-19 21:17:38] BTCUSDT 1h: 当前价格=118235.40, EMA25=118248.61, EMA50=118415.53, 趋势=禁多
==============================

===== 趋势分析结果 (2025-07-19 21:32:38) =====
[2025-07-19 21:32:38] BTCUSDT 15m: 当前价格=118283.20, EMA25=118219.82, EMA50=118173.41, 趋势=禁空
[2025-07-19 21:32:38] BTCUSDT 1h: 当前价格=118283.20, EMA25=118252.29, EMA50=118417.41, 趋势=禁空
==============================

===== 趋势分析结果 (2025-07-19 21:47:38) =====
[2025-07-19 21:47:38] BTCUSDT 15m: 当前价格=118231.80, EMA25=118217.87, EMA50=118174.17, 趋势=禁空
[2025-07-19 21:47:38] BTCUSDT 1h: 当前价格=118231.80, EMA25=118248.33, EMA50=118415.39, 趋势=禁多
==============================

===== 趋势分析结果 (2025-07-19 22:02:38) =====
[2025-07-19 22:02:38] BTCUSDT 15m: 当前价格=118175.10, EMA25=118209.98, EMA50=118171.77, 趋势=混沌
[2025-07-19 22:02:38] BTCUSDT 1h: 当前价格=118175.10, EMA25=118238.10, EMA50=118403.53, 趋势=禁多
==============================

===== 趋势分析结果 (2025-07-19 22:17:38) =====
[2025-07-19 22:17:38] BTCUSDT 15m: 当前价格=118115.20, EMA25=118191.62, EMA50=118163.68, 趋势=混沌
[2025-07-19 22:17:38] BTCUSDT 1h: 当前价格=118115.20, EMA25=118233.49, EMA50=118401.18, 趋势=禁多
==============================

===== 趋势分析结果 (2025-07-19 22:32:38) =====
[2025-07-19 22:32:38] BTCUSDT 15m: 当前价格=117862.70, EMA25=118148.21, EMA50=118142.26, 趋势=混沌
[2025-07-19 22:32:38] BTCUSDT 1h: 当前价格=117864.30, EMA25=118214.19, EMA50=118391.34, 趋势=禁多
==============================

===== 趋势分析结果 (2025-07-19 22:47:38) =====
[2025-07-19 22:47:38] BTCUSDT 15m: 当前价格=117813.50, EMA25=118117.27, EMA50=118126.62, 趋势=禁多
[2025-07-19 22:47:38] BTCUSDT 1h: 当前价格=117813.50, EMA25=118210.28, EMA50=118389.35, 趋势=禁多
==============================

===== 趋势分析结果 (2025-07-19 23:02:38) =====
[2025-07-19 23:02:38] BTCUSDT 15m: 当前价格=117744.30, EMA25=118077.50, EMA50=118105.74, 趋势=禁多
[2025-07-19 23:02:38] BTCUSDT 1h: 当前价格=117744.30, EMA25=118163.35, EMA50=118358.17, 趋势=禁多
==============================

===== 趋势分析结果 (2025-07-19 23:17:39) =====
[2025-07-19 23:17:39] BTCUSDT 15m: 当前价格=118130.70, EMA25=118091.94, EMA50=118112.21, 趋势=混沌
[2025-07-19 23:17:39] BTCUSDT 1h: 当前价格=118130.80, EMA25=118193.08, EMA50=118373.33, 趋势=禁多
==============================

===== 趋势分析结果 (2025-07-19 23:32:40) =====
[2025-07-19 23:32:40] BTCUSDT 15m: 当前价格=118118.70, EMA25=118096.73, EMA50=118113.92, 趋势=混沌
[2025-07-19 23:32:40] BTCUSDT 1h: 当前价格=118118.70, EMA25=118192.15, EMA50=118372.85, 趋势=禁多
==============================

===== 趋势分析结果 (2025-07-19 23:47:39) =====
[2025-07-19 23:47:38] BTCUSDT 15m: 当前价格=118140.40, EMA25=118105.27, EMA50=118117.71, 趋势=混沌
[2025-07-19 23:47:39] BTCUSDT 1h: 当前价格=118140.40, EMA25=118193.82, EMA50=118373.70, 趋势=禁多
==============================

