===== 趋势分析结果 (2025-05-31 13:17:36) =====
==============================

===== 趋势分析结果 (2025-05-31 13:24:57) =====
[2025-05-31 13:24:56] BTCUSDT 1h: 当前价格=103700.50, MA25=104682.62, EMA144=107096.85, EMA169=107563.80, 趋势=下跌趋势
[2025-05-31 13:24:56] BTCUSDT 4h: 当前价格=103700.40, MA25=107075.72, EMA144=104347.60, EMA169=103537.79, 趋势=震荡行情
[2025-05-31 13:24:56] BTCUSDT 1d: 当前价格=103698.90, MA25=105425.26, EMA144=96829.91, EMA169=95510.95, 趋势=震荡行情
[2025-05-31 13:24:57] ETHUSDT 1h: 当前价格=2517.56, MA25=2568.65, EMA144=2587.54, EMA169=2587.18, 趋势=下跌趋势
[2025-05-31 13:24:57] ETHUSDT 4h: 当前价格=2517.57, MA25=2634.40, EMA144=2427.05, EMA169=2382.50, 趋势=震荡行情
[2025-05-31 13:24:57] ETHUSDT 1d: 当前价格=2517.56, MA25=2509.65, EMA144=2552.51, EMA169=2605.49, 趋势=震荡行情
==============================

===== 趋势分析结果 (2025-05-31 13:30:18) =====
[2025-05-31 13:30:17] BTCUSDT 1h: 当前价格=103644.80, MA25=104680.39, EMA144=107096.08, EMA169=107563.14, 趋势=下跌趋势
[2025-05-31 13:30:17] BTCUSDT 4h: 当前价格=103644.70, MA25=107073.49, EMA144=104346.83, EMA169=103537.14, 趋势=震荡行情
[2025-05-31 13:30:18] BTCUSDT 1d: 当前价格=103644.80, MA25=105423.09, EMA144=96829.16, EMA169=95510.32, 趋势=震荡行情
[2025-05-31 13:30:18] ETHUSDT 1h: 当前价格=2516.54, MA25=2568.60, EMA144=2587.52, EMA169=2587.17, 趋势=下跌趋势
[2025-05-31 13:30:18] ETHUSDT 4h: 当前价格=2516.54, MA25=2634.36, EMA144=2427.04, EMA169=2382.49, 趋势=震荡行情
[2025-05-31 13:30:18] ETHUSDT 1d: 当前价格=2516.87, MA25=2509.62, EMA144=2552.50, EMA169=2605.48, 趋势=震荡行情
==============================

===== 趋势分析结果 (2025-05-31 13:42:25) =====
[2025-05-31 13:42:24] BTCUSDT 1h: 当前价格=103679.30, MA25=104681.77, EMA144=107096.55, EMA169=107563.55, 趋势=下跌趋势
[2025-05-31 13:42:24] BTCUSDT 4h: 当前价格=103679.30, MA25=107074.88, EMA144=104347.31, EMA169=103537.55, 趋势=震荡行情
[2025-05-31 13:42:24] BTCUSDT 1d: 当前价格=103679.30, MA25=105424.47, EMA144=96829.64, EMA169=95510.72, 趋势=震荡行情
[2025-05-31 13:42:25] ETHUSDT 1h: 当前价格=2519.52, MA25=2568.72, EMA144=2587.56, EMA169=2587.21, 趋势=下跌趋势
[2025-05-31 13:42:25] ETHUSDT 4h: 当前价格=2519.52, MA25=2634.48, EMA144=2427.08, EMA169=2382.52, 趋势=震荡行情
[2025-05-31 13:42:25] ETHUSDT 1d: 当前价格=2519.52, MA25=2509.73, EMA144=2552.54, EMA169=2605.51, 趋势=震荡行情
==============================

===== 趋势分析结果 (2025-05-31 14:42:29) =====
[2025-05-31 14:42:26] BTCUSDT 1h: 当前价格=103793.10, MA25=104584.64, EMA144=107059.27, EMA169=107531.74, 趋势=下跌趋势
[2025-05-31 14:42:28] BTCUSDT 4h: 当前价格=103793.10, MA25=107079.43, EMA144=104348.88, EMA169=103538.89, 趋势=震荡行情
[2025-05-31 14:42:28] BTCUSDT 1d: 当前价格=103793.20, MA25=105429.03, EMA144=96831.21, EMA169=95512.06, 趋势=震荡行情
[2025-05-31 14:42:28] ETHUSDT 1h: 当前价格=2522.98, MA25=2563.61, EMA144=2586.46, EMA169=2586.64, 趋势=下跌趋势
[2025-05-31 14:42:29] ETHUSDT 4h: 当前价格=2522.98, MA25=2634.62, EMA144=2427.12, EMA169=2382.56, 趋势=震荡行情
[2025-05-31 14:42:29] ETHUSDT 1d: 当前价格=2522.98, MA25=2509.86, EMA144=2552.58, EMA169=2605.55, 趋势=震荡行情
==============================

===== 趋势分析结果 (2025-05-31 15:42:27) =====
[2025-05-31 15:42:25] BTCUSDT 1h: 当前价格=103680.10, MA25=104505.55, EMA144=107023.76, EMA169=107503.39, 趋势=下跌趋势
[2025-05-31 15:42:26] BTCUSDT 4h: 当前价格=103680.10, MA25=107074.91, EMA144=104347.32, EMA169=103537.56, 趋势=震荡行情
[2025-05-31 15:42:26] BTCUSDT 1d: 当前价格=103680.10, MA25=105424.50, EMA144=96829.65, EMA169=95510.73, 趋势=震荡行情
[2025-05-31 15:42:26] ETHUSDT 1h: 当前价格=2520.01, MA25=2559.53, EMA144=2585.51, EMA169=2586.24, 趋势=下跌趋势
[2025-05-31 15:42:27] ETHUSDT 4h: 当前价格=2520.01, MA25=2634.50, EMA144=2427.08, EMA169=2382.53, 趋势=震荡行情
[2025-05-31 15:42:27] ETHUSDT 1d: 当前价格=2520.01, MA25=2509.75, EMA144=2552.54, EMA169=2605.52, 趋势=震荡行情
==============================

===== 趋势分析结果 (2025-05-31 16:42:27) =====
[2025-05-31 16:42:25] BTCUSDT 1h: 当前价格=103484.10, MA25=104445.84, EMA144=106984.67, EMA169=107476.10, 趋势=下跌趋势
[2025-05-31 16:42:26] BTCUSDT 4h: 当前价格=103484.10, MA25=106835.57, EMA144=104340.88, EMA169=103559.58, 趋势=下跌趋势
[2025-05-31 16:42:26] BTCUSDT 1d: 当前价格=103484.00, MA25=105416.66, EMA144=96826.95, EMA169=95508.42, 趋势=震荡行情
[2025-05-31 16:42:26] ETHUSDT 1h: 当前价格=2515.01, MA25=2555.43, EMA144=2584.52, EMA169=2586.09, 趋势=下跌趋势
[2025-05-31 16:42:27] ETHUSDT 4h: 当前价格=2515.01, MA25=2630.82, EMA144=2429.42, EMA169=2385.22, 趋势=震荡行情
[2025-05-31 16:42:27] ETHUSDT 1d: 当前价格=2515.23, MA25=2509.55, EMA144=2552.48, EMA169=2605.46, 趋势=震荡行情
==============================

===== 趋势分析结果 (2025-05-31 17:42:27) =====
[2025-05-31 17:42:25] BTCUSDT 1h: 当前价格=103473.30, MA25=104384.64, EMA144=106951.57, EMA169=107452.42, 趋势=下跌趋势
[2025-05-31 17:42:26] BTCUSDT 4h: 当前价格=103473.40, MA25=106835.14, EMA144=104340.73, EMA169=103559.45, 趋势=下跌趋势
[2025-05-31 17:42:26] BTCUSDT 1d: 当前价格=103473.40, MA25=105416.24, EMA144=96826.80, EMA169=95508.30, 趋势=震荡行情
[2025-05-31 17:42:26] ETHUSDT 1h: 当前价格=2518.55, MA25=2551.86, EMA144=2583.77, EMA169=2586.04, 趋势=下跌趋势
[2025-05-31 17:42:27] ETHUSDT 4h: 当前价格=2518.70, MA25=2630.97, EMA144=2429.47, EMA169=2385.27, 趋势=震荡行情
[2025-05-31 17:42:27] ETHUSDT 1d: 当前价格=2518.70, MA25=2509.69, EMA144=2552.52, EMA169=2605.50, 趋势=震荡行情
==============================

===== 趋势分析结果 (2025-05-31 18:42:27) =====
[2025-05-31 18:42:25] BTCUSDT 1h: 当前价格=103305.20, MA25=104294.69, EMA144=106918.63, EMA169=107428.28, 趋势=下跌趋势
[2025-05-31 18:42:26] BTCUSDT 4h: 当前价格=103305.20, MA25=106828.42, EMA144=104338.41, EMA169=103557.47, 趋势=下跌趋势
[2025-05-31 18:42:26] BTCUSDT 1d: 当前价格=103305.20, MA25=105409.51, EMA144=96824.48, EMA169=95506.32, 趋势=震荡行情
[2025-05-31 18:42:26] ETHUSDT 1h: 当前价格=2514.09, MA25=2548.01, EMA144=2583.01, EMA169=2586.00, 趋势=下跌趋势
[2025-05-31 18:42:27] ETHUSDT 4h: 当前价格=2514.19, MA25=2630.79, EMA144=2429.41, EMA169=2385.21, 趋势=震荡行情
[2025-05-31 18:42:27] ETHUSDT 1d: 当前价格=2514.19, MA25=2509.51, EMA144=2552.46, EMA169=2605.45, 趋势=震荡行情
==============================

===== 趋势分析结果 (2025-05-31 19:10:40) =====
[2025-05-31 19:10:38] BTCUSDT 1h: 当前价格=103297.20, EMA25=108228.99, EMA144=106888.95, EMA169=107675.60, 趋势=下跌趋势
[2025-05-31 19:10:39] BTCUSDT 4h: 当前价格=103297.10, EMA25=96423.09, EMA144=104338.30, EMA169=103086.17, 趋势=震荡行情
[2025-05-31 19:10:39] BTCUSDT 1d: 当前价格=103297.20, EMA25=99121.09, EMA144=96824.37, EMA169=95030.77, 趋势=上涨趋势
[2025-05-31 19:10:39] ETHUSDT 1h: 当前价格=2511.40, EMA25=2542.90, EMA144=2582.53, EMA169=2588.08, 趋势=下跌趋势
[2025-05-31 19:10:39] ETHUSDT 4h: 当前价格=2511.04, EMA25=1850.29, EMA144=2429.36, EMA169=2341.73, 趋势=上涨趋势
==============================

===== 趋势分析结果 (2025-05-31 19:20:53) =====
[2025-05-31 19:20:51] BTCUSDT 1h: 当前价格=103455.00, EMA25=103772.40, EMA144=106703.38, EMA169=103903.37, 趋势=下跌趋势
[2025-05-31 19:20:51] BTCUSDT 4h: 当前价格=103455.00, EMA25=82134.35, EMA144=104473.55, EMA169=84062.92, 趋势=震荡行情
[2025-05-31 19:20:52] BTCUSDT 1d: 当前价格=103455.00, EMA25=43993.56, EMA144=93453.85, EMA169=58990.46, 趋势=上涨趋势
[2025-05-31 19:20:52] ETHUSDT 1h: 当前价格=2517.60, EMA25=2515.46, EMA144=2596.47, EMA169=2533.91, 趋势=震荡行情
[2025-05-31 19:20:53] ETHUSDT 4h: 当前价格=2517.60, EMA25=1980.58, EMA144=2449.92, EMA169=1913.01, 趋势=上涨趋势
[2025-05-31 19:20:53] ETHUSDT 1d: 当前价格=2517.61, EMA25=2449.88, EMA144=2359.55, EMA169=3020.80, 趋势=上涨趋势
==============================

===== 趋势分析结果 (2025-05-31 19:25:27) =====
[2025-05-31 19:25:26] BTCUSDT 1h: 当前价格=103462.00, EMA25=104182.39, EMA144=106703.48, EMA169=106840.00, 趋势=下跌趋势
[2025-05-31 19:25:26] BTCUSDT 4h: 当前价格=103461.90, EMA25=106169.85, EMA144=104473.65, EMA169=103570.10, 趋势=下跌趋势
[2025-05-31 19:25:26] BTCUSDT 1d: 当前价格=103462.00, EMA25=104223.21, EMA144=93453.95, EMA169=92223.74, 趋势=震荡行情
[2025-05-31 19:25:27] ETHUSDT 1h: 当前价格=2517.04, EMA25=2544.65, EMA144=2596.47, EMA169=2594.85, 趋势=下跌趋势
[2025-05-31 19:25:27] ETHUSDT 4h: 当前价格=2517.00, EMA25=2597.02, EMA144=2449.92, EMA169=2408.65, 趋势=震荡行情
[2025-05-31 19:25:27] ETHUSDT 1d: 当前价格=2517.01, EMA25=2445.19, EMA144=2359.55, EMA169=2406.31, 趋势=上涨趋势
==============================

