===== 趋势分析结果 (2025-06-01 00:34:09) =====
[2025-06-01 00:34:07] BTCUSDT 1h: 当前价格=104738.70, EMA25=104250.73, EMA144=106546.53, EMA169=106698.00, 趋势=震荡行情
[2025-06-01 00:34:07] BTCUSDT 4h: 当前价格=104738.60, EMA25=105940.91, EMA144=104477.45, EMA169=103595.27, 趋势=震荡行情
[2025-06-01 00:34:07] BTCUSDT 1d: 当前价格=104738.60, EMA25=104321.41, EMA144=93471.56, EMA169=92238.76, 趋势=上涨趋势
[2025-06-01 00:34:08] ETHUSDT 1h: 当前价格=2546.00, EMA25=2542.66, EMA144=2592.58, EMA169=2591.68, 趋势=震荡行情
[2025-06-01 00:34:09] ETHUSDT 4h: 当前价格=2544.82, EMA25=2588.70, EMA144=2452.39, EMA169=2411.74, 趋势=震荡行情
[2025-06-01 00:34:09] ETHUSDT 1d: 当前价格=2545.66, EMA25=2447.40, EMA144=2359.94, EMA169=2406.65, 趋势=上涨趋势
==============================

===== 趋势分析结果 (2025-06-01 01:34:10) =====
[2025-06-01 01:34:06] BTCUSDT 1h: 当前价格=104435.50, EMA25=104243.20, EMA144=106513.25, EMA169=106667.86, 趋势=震荡行情
[2025-06-01 01:34:07] BTCUSDT 4h: 当前价格=104435.50, EMA25=105917.59, EMA144=104473.27, EMA169=103591.70, 趋势=震荡行情
[2025-06-01 01:34:07] BTCUSDT 1d: 当前价格=104435.50, EMA25=104298.09, EMA144=93467.38, EMA169=92235.19, 趋势=上涨趋势
[2025-06-01 01:34:07] ETHUSDT 1h: 当前价格=2534.60, EMA25=2541.57, EMA144=2591.69, EMA169=2590.93, 趋势=下跌趋势
[2025-06-01 01:34:08] ETHUSDT 4h: 当前价格=2534.60, EMA25=2587.91, EMA144=2452.25, EMA169=2411.62, 趋势=震荡行情
[2025-06-01 01:34:10] ETHUSDT 1d: 当前价格=2534.60, EMA25=2446.55, EMA144=2359.79, EMA169=2406.52, 趋势=上涨趋势
==============================

===== 趋势分析结果 (2025-06-01 02:34:12) =====
[2025-06-01 02:34:11] BTCUSDT 1h: 当前价格=104494.10, EMA25=104253.18, EMA144=106483.55, EMA169=106640.61, 趋势=震荡行情
[2025-06-01 02:34:11] BTCUSDT 4h: 当前价格=104494.10, EMA25=105922.10, EMA144=104474.08, EMA169=103592.39, 趋势=震荡行情
[2025-06-01 02:34:11] BTCUSDT 1d: 当前价格=104494.20, EMA25=104302.61, EMA144=93468.19, EMA169=92235.88, 趋势=上涨趋势
[2025-06-01 02:34:11] ETHUSDT 1h: 当前价格=2538.93, EMA25=2540.77, EMA144=2590.84, EMA169=2590.23, 趋势=下跌趋势
[2025-06-01 02:34:12] ETHUSDT 4h: 当前价格=2538.93, EMA25=2588.24, EMA144=2452.31, EMA169=2411.67, 趋势=震荡行情
[2025-06-01 02:34:12] ETHUSDT 1d: 当前价格=2538.93, EMA25=2446.88, EMA144=2359.85, EMA169=2406.57, 趋势=上涨趋势
==============================

===== 趋势分析结果 (2025-06-01 03:34:08) =====
[2025-06-01 03:34:06] BTCUSDT 1h: 当前价格=104672.10, EMA25=104281.90, EMA144=106457.86, EMA169=106616.80, 趋势=震荡行情
[2025-06-01 03:34:07] BTCUSDT 4h: 当前价格=104672.10, EMA25=105935.79, EMA144=104476.53, EMA169=103594.49, 趋势=震荡行情
[2025-06-01 03:34:07] BTCUSDT 1d: 当前价格=104672.10, EMA25=104316.29, EMA144=93470.64, EMA169=92237.97, 趋势=上涨趋势
[2025-06-01 03:34:07] ETHUSDT 1h: 当前价格=2540.91, EMA25=2540.78, EMA144=2590.16, EMA169=2589.65, 趋势=震荡行情
[2025-06-01 03:34:07] ETHUSDT 4h: 当前价格=2540.91, EMA25=2588.40, EMA144=2452.34, EMA169=2411.70, 趋势=震荡行情
[2025-06-01 03:34:08] ETHUSDT 1d: 当前价格=2540.91, EMA25=2447.03, EMA144=2359.88, EMA169=2406.60, 趋势=上涨趋势
==============================

===== 趋势分析结果 (2025-06-01 04:34:08) =====
[2025-06-01 04:34:06] BTCUSDT 1h: 当前价格=104619.90, EMA25=104306.61, EMA144=106432.27, EMA169=106593.03, 趋势=震荡行情
[2025-06-01 04:34:07] BTCUSDT 4h: 当前价格=104619.80, EMA25=105833.27, EMA144=104478.19, EMA169=103607.14, 趋势=震荡行情
[2025-06-01 04:34:07] BTCUSDT 1d: 当前价格=104619.90, EMA25=104312.28, EMA144=93469.92, EMA169=92237.36, 趋势=上涨趋势
[2025-06-01 04:34:07] ETHUSDT 1h: 当前价格=2538.40, EMA25=2540.28, EMA144=2589.39, EMA169=2589.01, 趋势=下跌趋势
[2025-06-01 04:34:07] ETHUSDT 4h: 当前价格=2538.39, EMA25=2584.23, EMA144=2453.46, EMA169=2413.16, 趋势=震荡行情
[2025-06-01 04:34:08] ETHUSDT 1d: 当前价格=2538.39, EMA25=2446.84, EMA144=2359.84, EMA169=2406.57, 趋势=上涨趋势
==============================

===== 趋势分析结果 (2025-06-01 05:34:08) =====
[2025-06-01 05:34:06] BTCUSDT 1h: 当前价格=104762.70, EMA25=104349.43, EMA144=106410.72, EMA169=106572.75, 趋势=震荡行情
[2025-06-01 05:34:07] BTCUSDT 4h: 当前价格=104762.60, EMA25=105844.26, EMA144=104480.16, EMA169=103608.82, 趋势=震荡行情
[2025-06-01 05:34:07] BTCUSDT 1d: 当前价格=104762.70, EMA25=104323.26, EMA144=93471.89, EMA169=92239.04, 趋势=上涨趋势
[2025-06-01 05:34:07] ETHUSDT 1h: 当前价格=2540.49, EMA25=2540.48, EMA144=2588.75, EMA169=2588.47, 趋势=震荡行情
[2025-06-01 05:34:07] ETHUSDT 4h: 当前价格=2540.13, EMA25=2584.37, EMA144=2453.48, EMA169=2413.18, 趋势=震荡行情
[2025-06-01 05:34:08] ETHUSDT 1d: 当前价格=2540.13, EMA25=2446.97, EMA144=2359.87, EMA169=2406.59, 趋势=上涨趋势
==============================

===== 趋势分析结果 (2025-06-01 06:34:08) =====
[2025-06-01 06:34:06] BTCUSDT 1h: 当前价格=104596.20, EMA25=104372.29, EMA144=106386.41, EMA169=106550.09, 趋势=震荡行情
[2025-06-01 06:34:07] BTCUSDT 4h: 当前价格=104596.20, EMA25=105831.46, EMA144=104477.87, EMA169=103606.86, 趋势=震荡行情
[2025-06-01 06:34:07] BTCUSDT 1d: 当前价格=104596.30, EMA25=104310.46, EMA144=93469.60, EMA169=92237.08, 趋势=上涨趋势
[2025-06-01 06:34:07] ETHUSDT 1h: 当前价格=2534.33, EMA25=2540.13, EMA144=2588.03, EMA169=2587.86, 趋势=下跌趋势
[2025-06-01 06:34:07] ETHUSDT 4h: 当前价格=2534.33, EMA25=2583.92, EMA144=2453.40, EMA169=2413.11, 趋势=震荡行情
[2025-06-01 06:34:08] ETHUSDT 1d: 当前价格=2534.33, EMA25=2446.53, EMA144=2359.79, EMA169=2406.52, 趋势=上涨趋势
==============================

===== 趋势分析结果 (2025-06-01 07:34:08) =====
[2025-06-01 07:34:06] BTCUSDT 1h: 当前价格=104582.50, EMA25=104386.40, EMA144=106361.10, EMA169=106526.50, 趋势=震荡行情
[2025-06-01 07:34:07] BTCUSDT 4h: 当前价格=104582.60, EMA25=105830.41, EMA144=104477.68, EMA169=103606.70, 趋势=震荡行情
[2025-06-01 07:34:07] BTCUSDT 1d: 当前价格=104582.60, EMA25=104309.41, EMA144=93469.41, EMA169=92236.92, 趋势=上涨趋势
[2025-06-01 07:34:07] ETHUSDT 1h: 当前价格=2531.81, EMA25=2539.16, EMA144=2587.19, EMA169=2587.15, 趋势=下跌趋势
[2025-06-01 07:34:07] ETHUSDT 4h: 当前价格=2531.80, EMA25=2583.73, EMA144=2453.37, EMA169=2413.08, 趋势=震荡行情
[2025-06-01 07:34:08] ETHUSDT 1d: 当前价格=2531.80, EMA25=2446.33, EMA144=2359.75, EMA169=2406.49, 趋势=上涨趋势
==============================

===== 趋势分析结果 (2025-06-01 08:34:08) =====
[2025-06-01 08:34:06] BTCUSDT 1h: 当前价格=104311.60, EMA25=104377.96, EMA144=106332.31, EMA169=106499.96, 趋势=下跌趋势
[2025-06-01 08:34:07] BTCUSDT 4h: 当前价格=104311.60, EMA25=105710.89, EMA144=104475.12, EMA169=103615.66, 趋势=震荡行情
[2025-06-01 08:34:07] BTCUSDT 1d: 当前价格=104311.60, EMA25=104306.88, EMA144=93619.09, EMA169=92381.24, 趋势=上涨趋势
[2025-06-01 08:34:07] ETHUSDT 1h: 当前价格=2516.77, EMA25=2537.10, EMA144=2586.16, EMA169=2586.27, 趋势=下跌趋势
[2025-06-01 08:34:07] ETHUSDT 4h: 当前价格=2516.39, EMA25=2578.21, EMA144=2454.18, EMA169=2414.28, 趋势=震荡行情
[2025-06-01 08:34:08] ETHUSDT 1d: 当前价格=2516.39, EMA25=2451.39, EMA144=2361.87, EMA169=2407.83, 趋势=上涨趋势
==============================

===== 趋势分析结果 (2025-06-01 09:34:08) =====
[2025-06-01 09:34:06] BTCUSDT 1h: 当前价格=104273.10, EMA25=104376.79, EMA144=106305.21, EMA169=106474.79, 趋势=下跌趋势
[2025-06-01 09:34:07] BTCUSDT 4h: 当前价格=104273.00, EMA25=105707.92, EMA144=104474.59, EMA169=103615.21, 趋势=震荡行情
[2025-06-01 09:34:07] BTCUSDT 1d: 当前价格=104273.00, EMA25=104303.91, EMA144=93618.56, EMA169=92380.79, 趋势=震荡行情
[2025-06-01 09:34:07] ETHUSDT 1h: 当前价格=2519.90, EMA25=2536.37, EMA144=2585.37, EMA169=2585.60, 趋势=下跌趋势
[2025-06-01 09:34:07] ETHUSDT 4h: 当前价格=2519.90, EMA25=2578.48, EMA144=2454.23, EMA169=2414.32, 趋势=震荡行情
[2025-06-01 09:34:08] ETHUSDT 1d: 当前价格=2519.90, EMA25=2451.66, EMA144=2361.91, EMA169=2407.87, 趋势=上涨趋势
==============================

===== 趋势分析结果 (2025-06-01 10:34:08) =====
[2025-06-01 10:34:06] BTCUSDT 1h: 当前价格=104171.10, EMA25=104347.63, EMA144=106273.23, EMA169=106445.46, 趋势=下跌趋势
[2025-06-01 10:34:07] BTCUSDT 4h: 当前价格=104171.10, EMA25=105700.08, EMA144=104473.18, EMA169=103614.01, 趋势=震荡行情
[2025-06-01 10:34:07] BTCUSDT 1d: 当前价格=104171.10, EMA25=104296.08, EMA144=93617.16, EMA169=92379.59, 趋势=震荡行情
[2025-06-01 10:34:07] ETHUSDT 1h: 当前价格=2510.41, EMA25=2533.42, EMA144=2584.16, EMA169=2584.57, 趋势=下跌趋势
[2025-06-01 10:34:07] ETHUSDT 4h: 当前价格=2510.41, EMA25=2577.75, EMA144=2454.09, EMA169=2414.21, 趋势=震荡行情
[2025-06-01 10:34:08] ETHUSDT 1d: 当前价格=2510.41, EMA25=2450.93, EMA144=2361.78, EMA169=2407.76, 趋势=上涨趋势
==============================

===== 趋势分析结果 (2025-06-01 11:34:08) =====
[2025-06-01 11:34:06] BTCUSDT 1h: 当前价格=104171.40, EMA25=104332.14, EMA144=106243.86, EMA169=106418.30, 趋势=下跌趋势
[2025-06-01 11:34:07] BTCUSDT 4h: 当前价格=104171.40, EMA25=105700.10, EMA144=104473.19, EMA169=103614.01, 趋势=震荡行情
[2025-06-01 11:34:07] BTCUSDT 1d: 当前价格=104171.40, EMA25=104296.10, EMA144=93617.16, EMA169=92379.59, 趋势=震荡行情
[2025-06-01 11:34:07] ETHUSDT 1h: 当前价格=2507.07, EMA25=2531.10, EMA144=2583.04, EMA169=2583.62, 趋势=下跌趋势
[2025-06-01 11:34:07] ETHUSDT 4h: 当前价格=2507.07, EMA25=2577.50, EMA144=2454.05, EMA169=2414.17, 趋势=震荡行情
[2025-06-01 11:34:08] ETHUSDT 1d: 当前价格=2507.53, EMA25=2450.70, EMA144=2361.74, EMA169=2407.73, 趋势=上涨趋势
==============================

===== 趋势分析结果 (2025-06-01 12:34:08) =====
[2025-06-01 12:34:06] BTCUSDT 1h: 当前价格=104629.90, EMA25=104366.76, EMA144=106223.83, EMA169=106399.02, 趋势=震荡行情
[2025-06-01 12:34:07] BTCUSDT 4h: 当前价格=104627.20, EMA25=105629.29, EMA144=104477.69, EMA169=103629.10, 趋势=震荡行情
[2025-06-01 12:34:07] BTCUSDT 1d: 当前价格=104627.20, EMA25=104331.16, EMA144=93623.45, EMA169=92384.95, 趋势=上涨趋势
[2025-06-01 12:34:07] ETHUSDT 1h: 当前价格=2520.28, EMA25=2530.63, EMA144=2582.25, EMA169=2582.94, 趋势=下跌趋势
[2025-06-01 12:34:07] ETHUSDT 4h: 当前价格=2520.28, EMA25=2573.45, EMA144=2455.03, EMA169=2415.51, 趋势=震荡行情
[2025-06-01 12:34:08] ETHUSDT 1d: 当前价格=2520.28, EMA25=2451.68, EMA144=2361.92, EMA169=2407.88, 趋势=上涨趋势
==============================

===== 趋势分析结果 (2025-06-01 13:34:08) =====
[2025-06-01 13:34:06] BTCUSDT 1h: 当前价格=104541.20, EMA25=104377.19, EMA144=106200.02, EMA169=106376.49, 趋势=震荡行情
[2025-06-01 13:34:07] BTCUSDT 4h: 当前价格=104541.20, EMA25=105622.67, EMA144=104476.50, EMA169=103628.09, 趋势=震荡行情
[2025-06-01 13:34:07] BTCUSDT 1d: 当前价格=104541.20, EMA25=104324.54, EMA144=93622.26, EMA169=92383.94, 趋势=上涨趋势
[2025-06-01 13:34:07] ETHUSDT 1h: 当前价格=2519.36, EMA25=2529.82, EMA144=2581.40, EMA169=2582.21, 趋势=下跌趋势
[2025-06-01 13:34:07] ETHUSDT 4h: 当前价格=2519.36, EMA25=2573.38, EMA144=2455.02, EMA169=2415.50, 趋势=震荡行情
[2025-06-01 13:34:08] ETHUSDT 1d: 当前价格=2519.36, EMA25=2451.61, EMA144=2361.91, EMA169=2407.87, 趋势=上涨趋势
==============================

===== 趋势分析结果 (2025-06-01 14:34:08) =====
[2025-06-01 14:34:06] BTCUSDT 1h: 当前价格=104285.40, EMA25=104366.19, EMA144=106172.82, EMA169=106351.05, 趋势=下跌趋势
[2025-06-01 14:34:07] BTCUSDT 4h: 当前价格=104285.40, EMA25=105603.00, EMA144=104472.97, EMA169=103625.08, 趋势=震荡行情
[2025-06-01 14:34:07] BTCUSDT 1d: 当前价格=104285.40, EMA25=104304.87, EMA144=93618.73, EMA169=92380.93, 趋势=震荡行情
[2025-06-01 14:34:07] ETHUSDT 1h: 当前价格=2516.58, EMA25=2528.67, EMA144=2580.49, EMA169=2581.42, 趋势=下跌趋势
[2025-06-01 14:34:07] ETHUSDT 4h: 当前价格=2516.58, EMA25=2573.17, EMA144=2454.98, EMA169=2415.47, 趋势=震荡行情
[2025-06-01 14:34:08] ETHUSDT 1d: 当前价格=2516.37, EMA25=2451.38, EMA144=2361.87, EMA169=2407.83, 趋势=上涨趋势
==============================

===== 趋势分析结果 (2025-06-01 15:34:08) =====
[2025-06-01 15:34:06] BTCUSDT 1h: 当前价格=104283.20, EMA25=104354.22, EMA144=106145.66, EMA169=106325.52, 趋势=下跌趋势
[2025-06-01 15:34:07] BTCUSDT 4h: 当前价格=104283.20, EMA25=105602.83, EMA144=104472.94, EMA169=103625.06, 趋势=震荡行情
[2025-06-01 15:34:07] BTCUSDT 1d: 当前价格=104283.20, EMA25=104304.70, EMA144=93618.70, EMA169=92380.91, 趋势=震荡行情
[2025-06-01 15:34:07] ETHUSDT 1h: 当前价格=2509.21, EMA25=2526.80, EMA144=2579.44, EMA169=2580.51, 趋势=下跌趋势
[2025-06-01 15:34:07] ETHUSDT 4h: 当前价格=2509.21, EMA25=2572.60, EMA144=2454.88, EMA169=2415.38, 趋势=震荡行情
[2025-06-01 15:34:08] ETHUSDT 1d: 当前价格=2509.21, EMA25=2450.83, EMA144=2361.77, EMA169=2407.75, 趋势=上涨趋势
==============================

===== 趋势分析结果 (2025-06-01 16:34:08) =====
[2025-06-01 16:34:06] BTCUSDT 1h: 当前价格=104282.90, EMA25=104345.03, EMA144=106119.27, EMA169=106300.60, 趋势=下跌趋势
[2025-06-01 16:34:07] BTCUSDT 4h: 当前价格=104282.90, EMA25=105497.59, EMA144=104469.74, EMA169=103633.21, 趋势=震荡行情
[2025-06-01 16:34:07] BTCUSDT 1d: 当前价格=104282.90, EMA25=104304.68, EMA144=93618.70, EMA169=92380.90, 趋势=震荡行情
[2025-06-01 16:34:07] ETHUSDT 1h: 当前价格=2505.64, EMA25=2525.06, EMA144=2578.41, EMA169=2579.62, 趋势=下跌趋势
[2025-06-01 16:34:07] ETHUSDT 4h: 当前价格=2505.50, EMA25=2567.33, EMA144=2455.55, EMA169=2416.45, 趋势=震荡行情
[2025-06-01 16:34:08] ETHUSDT 1d: 当前价格=2505.64, EMA25=2450.56, EMA144=2361.72, EMA169=2407.71, 趋势=上涨趋势
==============================

===== 趋势分析结果 (2025-06-01 17:34:07) =====
[2025-06-01 17:34:06] BTCUSDT 1h: 当前价格=103865.50, EMA25=104312.39, EMA144=106088.97, EMA169=106272.32, 趋势=下跌趋势
[2025-06-01 17:34:06] BTCUSDT 4h: 当前价格=103865.60, EMA25=105465.49, EMA144=104463.98, EMA169=103628.30, 趋势=震荡行情
[2025-06-01 17:34:06] BTCUSDT 1d: 当前价格=103865.50, EMA25=104272.57, EMA144=93612.94, EMA169=92375.99, 趋势=震荡行情
[2025-06-01 17:34:07] ETHUSDT 1h: 当前价格=2487.58, EMA25=2522.11, EMA144=2577.15, EMA169=2578.53, 趋势=下跌趋势
[2025-06-01 17:34:07] ETHUSDT 4h: 当前价格=2487.73, EMA25=2565.96, EMA144=2455.31, EMA169=2416.24, 趋势=震荡行情
[2025-06-01 17:34:07] ETHUSDT 1d: 当前价格=2488.52, EMA25=2449.24, EMA144=2361.48, EMA169=2407.50, 趋势=上涨趋势
==============================

===== 趋势分析结果 (2025-06-01 18:34:07) =====
[2025-06-01 18:34:06] BTCUSDT 1h: 当前价格=103828.90, EMA25=104276.80, EMA144=106058.10, EMA169=106243.48, 趋势=下跌趋势
[2025-06-01 18:34:06] BTCUSDT 4h: 当前价格=103828.90, EMA25=105462.66, EMA144=104463.47, EMA169=103627.87, 趋势=震荡行情
[2025-06-01 18:34:06] BTCUSDT 1d: 当前价格=103828.90, EMA25=104269.75, EMA144=93612.44, EMA169=92375.56, 趋势=震荡行情
[2025-06-01 18:34:07] ETHUSDT 1h: 当前价格=2488.99, EMA25=2519.82, EMA144=2575.99, EMA169=2577.52, 趋势=下跌趋势
[2025-06-01 18:34:07] ETHUSDT 4h: 当前价格=2488.98, EMA25=2566.06, EMA144=2455.33, EMA169=2416.26, 趋势=震荡行情
[2025-06-01 18:34:07] ETHUSDT 1d: 当前价格=2488.98, EMA25=2449.28, EMA144=2361.49, EMA169=2407.51, 趋势=上涨趋势
==============================

===== 趋势分析结果 (2025-06-01 19:34:09) =====
[2025-06-01 19:34:06] BTCUSDT 1h: 当前价格=103976.00, EMA25=104257.84, EMA144=106030.18, EMA169=106217.27, 趋势=下跌趋势
[2025-06-01 19:34:08] BTCUSDT 4h: 当前价格=103976.00, EMA25=105473.98, EMA144=104465.50, EMA169=103629.60, 趋势=震荡行情
[2025-06-01 19:34:09] BTCUSDT 1d: 当前价格=103976.00, EMA25=104281.07, EMA144=93614.46, EMA169=92377.29, 趋势=震荡行情
[2025-06-01 19:34:09] ETHUSDT 1h: 当前价格=2498.51, EMA25=2518.43, EMA144=2574.98, EMA169=2576.65, 趋势=下跌趋势
[2025-06-01 19:34:09] ETHUSDT 4h: 当前价格=2498.41, EMA25=2566.78, EMA144=2455.46, EMA169=2416.37, 趋势=震荡行情
[2025-06-01 19:34:09] ETHUSDT 1d: 当前价格=2498.41, EMA25=2450.00, EMA144=2361.62, EMA169=2407.62, 趋势=上涨趋势
==============================

===== 趋势分析结果 (2025-06-01 20:34:10) =====
[2025-06-01 20:34:06] BTCUSDT 1h: 当前价格=103834.00, EMA25=104229.64, EMA144=106000.71, EMA169=106189.77, 趋势=下跌趋势
[2025-06-01 20:34:08] BTCUSDT 4h: 当前价格=103834.00, EMA25=105352.23, EMA144=104457.71, EMA169=103633.38, 趋势=震荡行情
[2025-06-01 20:34:08] BTCUSDT 1d: 当前价格=103833.70, EMA25=104270.12, EMA144=93612.50, EMA169=92375.62, 趋势=震荡行情
[2025-06-01 20:34:09] ETHUSDT 1h: 当前价格=2484.01, EMA25=2515.63, EMA144=2573.70, EMA169=2575.55, 趋势=下跌趋势
[2025-06-01 20:34:10] ETHUSDT 4h: 当前价格=2483.86, EMA25=2560.26, EMA144=2455.82, EMA169=2417.15, 趋势=震荡行情
[2025-06-01 20:34:10] ETHUSDT 1d: 当前价格=2484.01, EMA25=2448.89, EMA144=2361.42, EMA169=2407.45, 趋势=上涨趋势
==============================

===== 趋势分析结果 (2025-06-01 21:34:09) =====
[2025-06-01 21:34:07] BTCUSDT 1h: 当前价格=104190.30, EMA25=104232.51, EMA144=105976.84, EMA169=106167.04, 趋势=下跌趋势
[2025-06-01 21:34:07] BTCUSDT 4h: 当前价格=104190.30, EMA25=105379.64, EMA144=104462.63, EMA169=103637.57, 趋势=震荡行情
[2025-06-01 21:34:07] BTCUSDT 1d: 当前价格=104193.90, EMA25=104297.83, EMA144=93617.47, EMA169=92379.86, 趋势=震荡行情
[2025-06-01 21:34:08] ETHUSDT 1h: 当前价格=2494.50, EMA25=2513.93, EMA144=2572.60, EMA169=2574.61, 趋势=下跌趋势
[2025-06-01 21:34:08] ETHUSDT 4h: 当前价格=2494.50, EMA25=2561.07, EMA144=2455.96, EMA169=2417.28, 趋势=震荡行情
[2025-06-01 21:34:09] ETHUSDT 1d: 当前价格=2494.50, EMA25=2449.70, EMA144=2361.56, EMA169=2407.58, 趋势=上涨趋势
==============================

===== 趋势分析结果 (2025-06-01 22:34:09) =====
[2025-06-01 22:34:07] BTCUSDT 1h: 当前价格=104648.80, EMA25=104266.36, EMA144=105958.83, EMA169=106149.30, 趋势=震荡行情
[2025-06-01 22:34:07] BTCUSDT 4h: 当前价格=104648.80, EMA25=105414.91, EMA144=104468.95, EMA169=103642.97, 趋势=震荡行情
[2025-06-01 22:34:08] BTCUSDT 1d: 当前价格=104645.20, EMA25=104332.54, EMA144=93623.69, EMA169=92385.17, 趋势=上涨趋势
[2025-06-01 22:34:08] ETHUSDT 1h: 当前价格=2511.41, EMA25=2513.61, EMA144=2571.74, EMA169=2573.87, 趋势=下跌趋势
[2025-06-01 22:34:08] ETHUSDT 4h: 当前价格=2511.41, EMA25=2562.38, EMA144=2456.20, EMA169=2417.48, 趋势=震荡行情
[2025-06-01 22:34:09] ETHUSDT 1d: 当前价格=2511.89, EMA25=2451.04, EMA144=2361.80, EMA169=2407.78, 趋势=上涨趋势
==============================

===== 趋势分析结果 (2025-06-01 23:34:07) =====
[2025-06-01 23:34:06] BTCUSDT 1h: 当前价格=104659.50, EMA25=104289.70, EMA144=105939.55, EMA169=106130.47, 趋势=震荡行情
[2025-06-01 23:34:06] BTCUSDT 4h: 当前价格=104659.60, EMA25=105415.74, EMA144=104469.10, EMA169=103643.10, 趋势=震荡行情
[2025-06-01 23:34:06] BTCUSDT 1d: 当前价格=104659.60, EMA25=104333.65, EMA144=93623.89, EMA169=92385.33, 趋势=上涨趋势
[2025-06-01 23:34:07] ETHUSDT 1h: 当前价格=2514.35, EMA25=2513.44, EMA144=2570.91, EMA169=2573.15, 趋势=震荡行情
[2025-06-01 23:34:07] ETHUSDT 4h: 当前价格=2514.74, EMA25=2562.63, EMA144=2456.24, EMA169=2417.52, 趋势=震荡行情
[2025-06-01 23:34:07] ETHUSDT 1d: 当前价格=2514.99, EMA25=2451.28, EMA144=2361.85, EMA169=2407.82, 趋势=上涨趋势
==============================

