===== 趋势分析结果 (2025-07-17 00:07:17) =====
[2025-07-17 00:07:17] BTCUSDT 15m: 当前价格=118766.70, EMA25=118764.99, EMA50=118508.38, 趋势=禁空
[2025-07-17 00:07:17] BTCUSDT 1h: 当前价格=118778.30, EMA25=118295.67, EMA50=118270.69, 趋势=禁空
==============================

===== 趋势分析结果 (2025-07-17 00:22:17) =====
[2025-07-17 00:22:17] BTCUSDT 15m: 当前价格=118992.80, EMA25=118780.23, EMA50=118526.17, 趋势=禁空
[2025-07-17 00:22:17] BTCUSDT 1h: 当前价格=118992.80, EMA25=118312.17, EMA50=118279.11, 趋势=禁空
==============================

===== 趋势分析结果 (2025-07-17 00:37:17) =====
[2025-07-17 00:37:17] BTCUSDT 15m: 当前价格=118964.40, EMA25=118803.57, EMA50=118548.22, 趋势=禁空
[2025-07-17 00:37:17] BTCUSDT 1h: 当前价格=118965.00, EMA25=118310.03, EMA50=118278.02, 趋势=禁空
==============================

===== 趋势分析结果 (2025-07-17 00:52:17) =====
[2025-07-17 00:52:17] BTCUSDT 15m: 当前价格=119105.80, EMA25=118832.26, EMA50=118572.98, 趋势=禁空
[2025-07-17 00:52:17] BTCUSDT 1h: 当前价格=119104.50, EMA25=118320.76, EMA50=118283.49, 趋势=禁空
==============================

===== 趋势分析结果 (2025-07-17 01:07:17) =====
[2025-07-17 01:07:17] BTCUSDT 15m: 当前价格=119247.00, EMA25=118874.40, EMA50=118604.84, 趋势=禁空
[2025-07-17 01:07:17] BTCUSDT 1h: 当前价格=119247.00, EMA25=118402.34, EMA50=118326.75, 趋势=禁空
==============================

===== 趋势分析结果 (2025-07-17 01:22:17) =====
[2025-07-17 01:22:17] BTCUSDT 15m: 当前价格=119391.20, EMA25=118908.48, EMA50=118632.67, 趋势=禁空
[2025-07-17 01:22:17] BTCUSDT 1h: 当前价格=119397.30, EMA25=118413.90, EMA50=118332.65, 趋势=禁空
==============================

===== 趋势分析结果 (2025-07-17 01:37:17) =====
[2025-07-17 01:37:17] BTCUSDT 15m: 当前价格=119549.90, EMA25=118972.57, EMA50=118676.46, 趋势=禁空
[2025-07-17 01:37:17] BTCUSDT 1h: 当前价格=119534.80, EMA25=118424.48, EMA50=118338.04, 趋势=禁空
==============================

===== 趋势分析结果 (2025-07-17 01:52:17) =====
[2025-07-17 01:52:17] BTCUSDT 15m: 当前价格=119159.40, EMA25=118966.79, EMA50=118684.71, 趋势=禁空
[2025-07-17 01:52:17] BTCUSDT 1h: 当前价格=119165.70, EMA25=118396.09, EMA50=118323.57, 趋势=禁空
==============================

===== 趋势分析结果 (2025-07-17 13:21:00) =====
[2025-07-17 13:20:59] BTCUSDT 15m: 当前价格=118288.50, EMA25=118435.89, EMA50=118605.82, 趋势=禁多
[2025-07-17 13:21:00] BTCUSDT 1h: 当前价格=118288.50, EMA25=118543.12, EMA50=118463.71, 趋势=禁多
==============================

===== 趋势分析结果 (2025-07-17 13:36:08) =====
[2025-07-17 13:36:04] BTCUSDT 15m: 当前价格=118231.20, EMA25=118426.49, EMA50=118594.49, 趋势=禁多
[2025-07-17 13:36:08] BTCUSDT 1h: 当前价格=118252.10, EMA25=118540.32, EMA50=118462.28, 趋势=禁多
==============================

===== 趋势分析结果 (2025-07-17 13:51:00) =====
[2025-07-17 13:51:00] BTCUSDT 15m: 当前价格=118557.30, EMA25=118457.92, EMA50=118604.37, 趋势=混沌
[2025-07-17 13:51:00] BTCUSDT 1h: 当前价格=118571.30, EMA25=118564.88, EMA50=118474.80, 趋势=禁空
==============================

===== 趋势分析结果 (2025-07-17 14:06:00) =====
[2025-07-17 14:06:00] BTCUSDT 15m: 当前价格=118630.00, EMA25=118470.64, EMA50=118605.10, 趋势=混沌
[2025-07-17 14:06:00] BTCUSDT 1h: 当前价格=118630.00, EMA25=118568.37, EMA50=118480.08, 趋势=禁空
==============================

===== 趋势分析结果 (2025-07-17 14:21:00) =====
[2025-07-17 14:21:00] BTCUSDT 15m: 当前价格=118377.10, EMA25=118452.15, EMA50=118590.17, 趋势=禁多
[2025-07-17 14:21:00] BTCUSDT 1h: 当前价格=118372.60, EMA25=118548.57, EMA50=118469.99, 趋势=禁多
==============================

===== 趋势分析结果 (2025-07-17 14:36:00) =====
[2025-07-17 14:36:00] BTCUSDT 15m: 当前价格=118433.60, EMA25=118468.69, EMA50=118593.56, 趋势=禁多
[2025-07-17 14:36:00] BTCUSDT 1h: 当前价格=118433.60, EMA25=118553.27, EMA50=118472.38, 趋势=禁多
==============================

===== 趋势分析结果 (2025-07-17 14:51:00) =====
[2025-07-17 14:51:00] BTCUSDT 15m: 当前价格=118368.50, EMA25=118459.15, EMA50=118583.77, 趋势=禁多
[2025-07-17 14:51:00] BTCUSDT 1h: 当前价格=118365.90, EMA25=118548.06, EMA50=118469.73, 趋势=禁多
==============================

===== 趋势分析结果 (2025-07-17 15:06:00) =====
[2025-07-17 15:06:00] BTCUSDT 15m: 当前价格=118080.10, EMA25=118435.02, EMA50=118566.68, 趋势=禁多
[2025-07-17 15:06:00] BTCUSDT 1h: 当前价格=118080.10, EMA25=118517.27, EMA50=118457.21, 趋势=禁多
==============================

===== 趋势分析结果 (2025-07-17 15:21:08) =====
[2025-07-17 15:21:04] BTCUSDT 15m: 当前价格=117918.00, EMA25=118392.30, EMA50=118539.68, 趋势=禁多
[2025-07-17 15:21:08] BTCUSDT 1h: 当前价格=117888.90, EMA25=118502.57, EMA50=118449.71, 趋势=禁多
==============================

===== 趋势分析结果 (2025-07-17 15:36:08) =====
[2025-07-17 15:36:04] BTCUSDT 15m: 当前价格=118146.20, EMA25=118372.62, EMA50=118523.85, 趋势=禁多
[2025-07-17 15:36:08] BTCUSDT 1h: 当前价格=118146.20, EMA25=118522.36, EMA50=118459.80, 趋势=禁多
==============================

===== 趋势分析结果 (2025-07-17 15:51:09) =====
[2025-07-17 15:51:05] BTCUSDT 15m: 当前价格=118365.10, EMA25=118399.36, EMA50=118532.12, 趋势=禁多
[2025-07-17 15:51:09] BTCUSDT 1h: 当前价格=118365.00, EMA25=118539.19, EMA50=118468.38, 趋势=禁多
==============================

