===== 趋势分析结果 (2025-06-21 13:27:41) =====
[2025-06-21 13:27:39] BTCUSDT 15m: 当前价格=103425.60, EMA25=103390.58, EMA60=103646.01, EMA120=104010.55, 趋势=震荡行情
[2025-06-21 13:27:39] BTCUSDT 1h: 当前价格=103425.60, EMA25=103874.52, EMA60=104339.18, EMA120=104810.36, 趋势=下跌趋势
[2025-06-21 13:27:40] BTCUSDT 4h: 当前价格=103425.60, EMA25=104617.01, EMA60=105287.17, EMA120=105502.63, 趋势=下跌趋势
[2025-06-21 13:27:40] BTCUSDT 1d: 当前价格=103425.60, EMA25=105162.56, EMA60=102157.80, EMA120=97895.71, 趋势=震荡行情
[2025-06-21 13:27:40] ETHUSDT 15m: 当前价格=2425.44, EMA25=2421.44, EMA60=2437.64, EMA120=2463.18, 趋势=震荡行情
[2025-06-21 13:27:40] ETHUSDT 1h: 当前价格=2425.69, EMA25=2454.05, EMA60=2486.10, EMA120=2513.47, 趋势=下跌趋势
[2025-06-21 13:27:41] ETHUSDT 4h: 当前价格=2425.69, EMA25=2501.05, EMA60=2539.64, EMA120=2548.62, 趋势=下跌趋势
[2025-06-21 13:27:41] ETHUSDT 1d: 当前价格=2425.69, EMA25=2524.16, EMA60=2406.98, EMA120=2385.24, 趋势=震荡行情
==============================

===== 趋势分析结果 (2025-06-21 13:42:43) =====
[2025-06-21 13:42:41] BTCUSDT 15m: 当前价格=103354.30, EMA25=103386.85, EMA60=103636.03, EMA120=103999.52, 趋势=下跌趋势
[2025-06-21 13:42:42] BTCUSDT 1h: 当前价格=103354.30, EMA25=103869.04, EMA60=104336.85, EMA120=104809.19, 趋势=下跌趋势
[2025-06-21 13:42:42] BTCUSDT 4h: 当前价格=103354.30, EMA25=104611.53, EMA60=105284.83, EMA120=105501.45, 趋势=下跌趋势
[2025-06-21 13:42:42] BTCUSDT 1d: 当前价格=103354.30, EMA25=105157.08, EMA60=102155.46, EMA120=97894.53, 趋势=震荡行情
[2025-06-21 13:42:42] ETHUSDT 15m: 当前价格=2421.86, EMA25=2421.47, EMA60=2437.12, EMA120=2462.50, 趋势=震荡行情
[2025-06-21 13:42:43] ETHUSDT 1h: 当前价格=2421.86, EMA25=2453.76, EMA60=2485.97, EMA120=2513.40, 趋势=下跌趋势
[2025-06-21 13:42:43] ETHUSDT 4h: 当前价格=2421.86, EMA25=2500.75, EMA60=2539.52, EMA120=2548.56, 趋势=下跌趋势
[2025-06-21 13:42:43] ETHUSDT 1d: 当前价格=2421.86, EMA25=2523.87, EMA60=2406.86, EMA120=2385.18, 趋势=震荡行情
==============================

===== 趋势分析结果 (2025-06-21 13:57:43) =====
[2025-06-21 13:57:41] BTCUSDT 15m: 当前价格=103369.40, EMA25=103383.98, EMA60=103626.60, EMA120=103988.79, 趋势=下跌趋势
[2025-06-21 13:57:42] BTCUSDT 1h: 当前价格=103369.40, EMA25=103870.20, EMA60=104337.34, EMA120=104809.44, 趋势=下跌趋势
[2025-06-21 13:57:42] BTCUSDT 4h: 当前价格=103369.40, EMA25=104612.69, EMA60=105285.32, EMA120=105501.70, 趋势=下跌趋势
[2025-06-21 13:57:42] BTCUSDT 1d: 当前价格=103369.40, EMA25=105158.24, EMA60=102155.96, EMA120=97894.78, 趋势=震荡行情
[2025-06-21 13:57:42] ETHUSDT 15m: 当前价格=2421.67, EMA25=2421.49, EMA60=2436.62, EMA120=2461.83, 趋势=震荡行情
[2025-06-21 13:57:43] ETHUSDT 1h: 当前价格=2421.67, EMA25=2453.74, EMA60=2485.97, EMA120=2513.40, 趋势=下跌趋势
[2025-06-21 13:57:43] ETHUSDT 4h: 当前价格=2421.75, EMA25=2500.74, EMA60=2539.52, EMA120=2548.56, 趋势=下跌趋势
[2025-06-21 13:57:43] ETHUSDT 1d: 当前价格=2421.67, EMA25=2523.86, EMA60=2406.85, EMA120=2385.18, 趋势=震荡行情
==============================

===== 趋势分析结果 (2025-06-21 14:12:43) =====
[2025-06-21 14:12:41] BTCUSDT 15m: 当前价格=103345.90, EMA25=103381.19, EMA60=103617.46, EMA120=103978.24, 趋势=下跌趋势
[2025-06-21 14:12:42] BTCUSDT 1h: 当前价格=103346.00, EMA25=103830.02, EMA60=104304.90, EMA120=104785.30, 趋势=下跌趋势
[2025-06-21 14:12:42] BTCUSDT 4h: 当前价格=103346.00, EMA25=104610.89, EMA60=105284.56, EMA120=105501.32, 趋势=下跌趋势
[2025-06-21 14:12:42] BTCUSDT 1d: 当前价格=103346.00, EMA25=105156.44, EMA60=102155.19, EMA120=97894.39, 趋势=震荡行情
[2025-06-21 14:12:42] ETHUSDT 15m: 当前价格=2422.60, EMA25=2421.66, EMA60=2436.20, EMA120=2461.20, 趋势=震荡行情
[2025-06-21 14:12:43] ETHUSDT 1h: 当前价格=2422.60, EMA25=2451.43, EMA60=2483.92, EMA120=2511.92, 趋势=下跌趋势
[2025-06-21 14:12:43] ETHUSDT 4h: 当前价格=2422.80, EMA25=2500.82, EMA60=2539.55, EMA120=2548.58, 趋势=下跌趋势
[2025-06-21 14:12:43] ETHUSDT 1d: 当前价格=2422.80, EMA25=2523.94, EMA60=2406.89, EMA120=2385.20, 趋势=震荡行情
==============================

===== 趋势分析结果 (2025-06-21 14:27:43) =====
[2025-06-21 14:27:41] BTCUSDT 15m: 当前价格=103410.20, EMA25=103384.45, EMA60=103611.12, EMA120=103969.12, 趋势=震荡行情
[2025-06-21 14:27:42] BTCUSDT 1h: 当前价格=103410.20, EMA25=103834.96, EMA60=104307.01, EMA120=104786.36, 趋势=下跌趋势
[2025-06-21 14:27:42] BTCUSDT 4h: 当前价格=103410.20, EMA25=104615.83, EMA60=105286.66, EMA120=105502.38, 趋势=下跌趋势
[2025-06-21 14:27:42] BTCUSDT 1d: 当前价格=103410.20, EMA25=105161.38, EMA60=102157.30, EMA120=97895.46, 趋势=震荡行情
[2025-06-21 14:27:42] ETHUSDT 15m: 当前价格=2423.69, EMA25=2421.79, EMA60=2435.78, EMA120=2460.57, 趋势=震荡行情
[2025-06-21 14:27:43] ETHUSDT 1h: 当前价格=2423.69, EMA25=2451.51, EMA60=2483.96, EMA120=2511.94, 趋势=下跌趋势
[2025-06-21 14:27:43] ETHUSDT 4h: 当前价格=2423.69, EMA25=2500.89, EMA60=2539.58, EMA120=2548.59, 趋势=下跌趋势
[2025-06-21 14:27:43] ETHUSDT 1d: 当前价格=2423.69, EMA25=2524.01, EMA60=2406.92, EMA120=2385.21, 趋势=震荡行情
==============================

===== 趋势分析结果 (2025-06-21 14:42:43) =====
[2025-06-21 14:42:41] BTCUSDT 15m: 当前价格=103475.20, EMA25=103393.80, EMA60=103607.73, EMA120=103961.52, 趋势=震荡行情
[2025-06-21 14:42:42] BTCUSDT 1h: 当前价格=103475.20, EMA25=103839.96, EMA60=104309.14, EMA120=104787.44, 趋势=下跌趋势
[2025-06-21 14:42:42] BTCUSDT 4h: 当前价格=103475.20, EMA25=104620.83, EMA60=105288.79, EMA120=105503.45, 趋势=下跌趋势
[2025-06-21 14:42:42] BTCUSDT 1d: 当前价格=103475.20, EMA25=105166.38, EMA60=102159.43, EMA120=97896.53, 趋势=震荡行情
[2025-06-21 14:42:42] ETHUSDT 15m: 当前价格=2424.56, EMA25=2422.02, EMA60=2435.42, EMA120=2459.98, 趋势=震荡行情
[2025-06-21 14:42:43] ETHUSDT 1h: 当前价格=2424.56, EMA25=2451.58, EMA60=2483.99, EMA120=2511.95, 趋势=下跌趋势
[2025-06-21 14:42:43] ETHUSDT 4h: 当前价格=2424.56, EMA25=2500.96, EMA60=2539.61, EMA120=2548.61, 趋势=下跌趋势
[2025-06-21 14:42:43] ETHUSDT 1d: 当前价格=2424.56, EMA25=2524.08, EMA60=2406.95, EMA120=2385.23, 趋势=震荡行情
==============================

===== 趋势分析结果 (2025-06-21 14:57:43) =====
[2025-06-21 14:57:41] BTCUSDT 15m: 当前价格=103540.00, EMA25=103404.49, EMA60=103605.26, EMA120=103954.45, 趋势=震荡行情
[2025-06-21 14:57:42] BTCUSDT 1h: 当前价格=103540.00, EMA25=103844.94, EMA60=104311.26, EMA120=104788.51, 趋势=下跌趋势
[2025-06-21 14:57:42] BTCUSDT 4h: 当前价格=103540.00, EMA25=104625.81, EMA60=105290.92, EMA120=105504.52, 趋势=下跌趋势
[2025-06-21 14:57:42] BTCUSDT 1d: 当前价格=103540.00, EMA25=105171.36, EMA60=102161.55, EMA120=97897.60, 趋势=震荡行情
[2025-06-21 14:57:42] ETHUSDT 15m: 当前价格=2426.24, EMA25=2422.32, EMA60=2435.10, EMA120=2459.42, 趋势=震荡行情
[2025-06-21 14:57:43] ETHUSDT 1h: 当前价格=2426.24, EMA25=2451.71, EMA60=2484.04, EMA120=2511.98, 趋势=下跌趋势
[2025-06-21 14:57:43] ETHUSDT 4h: 当前价格=2426.24, EMA25=2501.09, EMA60=2539.66, EMA120=2548.63, 趋势=下跌趋势
[2025-06-21 14:57:43] ETHUSDT 1d: 当前价格=2426.24, EMA25=2524.21, EMA60=2407.00, EMA120=2385.25, 趋势=震荡行情
==============================

===== 趋势分析结果 (2025-06-21 15:12:43) =====
[2025-06-21 15:12:41] BTCUSDT 15m: 当前价格=103344.50, EMA25=103398.40, EMA60=103596.05, EMA120=103944.06, 趋势=下跌趋势
[2025-06-21 15:12:42] BTCUSDT 1h: 当前价格=103344.60, EMA25=103804.98, EMA60=104278.91, EMA120=104764.31, 趋势=下跌趋势
[2025-06-21 15:12:42] BTCUSDT 4h: 当前价格=103344.60, EMA25=104610.78, EMA60=105284.51, EMA120=105501.29, 趋势=下跌趋势
[2025-06-21 15:12:42] BTCUSDT 1d: 当前价格=103344.60, EMA25=105156.33, EMA60=102155.15, EMA120=97894.37, 趋势=震荡行情
[2025-06-21 15:12:42] ETHUSDT 15m: 当前价格=2420.12, EMA25=2421.99, EMA60=2434.54, EMA120=2458.74, 趋势=下跌趋势
[2025-06-21 15:12:43] ETHUSDT 1h: 当前价格=2420.12, EMA25=2449.12, EMA60=2481.88, EMA120=2510.42, 趋势=下跌趋势
[2025-06-21 15:12:43] ETHUSDT 4h: 当前价格=2420.12, EMA25=2500.62, EMA60=2539.46, EMA120=2548.53, 趋势=下跌趋势
[2025-06-21 15:12:43] ETHUSDT 1d: 当前价格=2420.12, EMA25=2523.74, EMA60=2406.80, EMA120=2385.15, 趋势=震荡行情
==============================

===== 趋势分析结果 (2025-06-21 15:27:43) =====
[2025-06-21 15:27:41] BTCUSDT 15m: 当前价格=103450.00, EMA25=103401.33, EMA60=103590.80, EMA120=103935.69, 趋势=震荡行情
[2025-06-21 15:27:42] BTCUSDT 1h: 当前价格=103450.00, EMA25=103813.09, EMA60=104282.37, EMA120=104766.05, 趋势=下跌趋势
[2025-06-21 15:27:42] BTCUSDT 4h: 当前价格=103450.00, EMA25=104618.89, EMA60=105287.97, EMA120=105503.04, 趋势=下跌趋势
[2025-06-21 15:27:42] BTCUSDT 1d: 当前价格=103450.00, EMA25=105164.44, EMA60=102158.60, EMA120=97896.11, 趋势=震荡行情
[2025-06-21 15:27:42] ETHUSDT 15m: 当前价格=2423.54, EMA25=2422.15, EMA60=2434.20, EMA120=2458.16, 趋势=震荡行情
[2025-06-21 15:27:43] ETHUSDT 1h: 当前价格=2423.54, EMA25=2449.38, EMA60=2481.99, EMA120=2510.48, 趋势=下跌趋势
[2025-06-21 15:27:43] ETHUSDT 4h: 当前价格=2423.54, EMA25=2500.88, EMA60=2539.57, EMA120=2548.59, 趋势=下跌趋势
[2025-06-21 15:27:43] ETHUSDT 1d: 当前价格=2423.54, EMA25=2524.00, EMA60=2406.91, EMA120=2385.21, 趋势=震荡行情
==============================

===== 趋势分析结果 (2025-06-21 15:42:43) =====
[2025-06-21 15:42:41] BTCUSDT 15m: 当前价格=103401.40, EMA25=103401.34, EMA60=103584.59, EMA120=103926.89, 趋势=震荡行情
[2025-06-21 15:42:42] BTCUSDT 1h: 当前价格=103401.40, EMA25=103809.35, EMA60=104280.77, EMA120=104765.25, 趋势=下跌趋势
[2025-06-21 15:42:42] BTCUSDT 4h: 当前价格=103401.50, EMA25=104615.16, EMA60=105286.38, EMA120=105502.23, 趋势=下跌趋势
[2025-06-21 15:42:42] BTCUSDT 1d: 当前价格=103401.50, EMA25=105160.71, EMA60=102157.01, EMA120=97895.31, 趋势=震荡行情
[2025-06-21 15:42:42] ETHUSDT 15m: 当前价格=2425.20, EMA25=2422.41, EMA60=2433.91, EMA120=2457.63, 趋势=震荡行情
[2025-06-21 15:42:43] ETHUSDT 1h: 当前价格=2425.20, EMA25=2449.51, EMA60=2482.04, EMA120=2510.51, 趋势=下跌趋势
[2025-06-21 15:42:43] ETHUSDT 4h: 当前价格=2425.09, EMA25=2501.00, EMA60=2539.63, EMA120=2548.61, 趋势=下跌趋势
[2025-06-21 15:42:43] ETHUSDT 1d: 当前价格=2425.09, EMA25=2524.12, EMA60=2406.96, EMA120=2385.23, 趋势=震荡行情
==============================

===== 趋势分析结果 (2025-06-21 15:57:43) =====
[2025-06-21 15:57:41] BTCUSDT 15m: 当前价格=103372.70, EMA25=103399.43, EMA60=103577.77, EMA120=103917.83, 趋势=下跌趋势
[2025-06-21 15:57:42] BTCUSDT 1h: 当前价格=103372.70, EMA25=103807.14, EMA60=104279.83, EMA120=104764.78, 趋势=下跌趋势
[2025-06-21 15:57:42] BTCUSDT 4h: 当前价格=103372.40, EMA25=104612.92, EMA60=105285.42, EMA120=105501.75, 趋势=下跌趋势
[2025-06-21 15:57:42] BTCUSDT 1d: 当前价格=103372.70, EMA25=105158.49, EMA60=102156.07, EMA120=97894.84, 趋势=震荡行情
[2025-06-21 15:57:42] ETHUSDT 15m: 当前价格=2425.00, EMA25=2422.57, EMA60=2433.61, EMA120=2457.08, 趋势=震荡行情
[2025-06-21 15:57:43] ETHUSDT 1h: 当前价格=2424.99, EMA25=2449.50, EMA60=2482.04, EMA120=2510.50, 趋势=下跌趋势
[2025-06-21 15:57:43] ETHUSDT 4h: 当前价格=2425.00, EMA25=2500.99, EMA60=2539.62, EMA120=2548.61, 趋势=下跌趋势
[2025-06-21 15:57:43] ETHUSDT 1d: 当前价格=2425.00, EMA25=2524.11, EMA60=2406.96, EMA120=2385.23, 趋势=震荡行情
==============================

===== 趋势分析结果 (2025-06-21 16:12:43) =====
[2025-06-21 16:12:41] BTCUSDT 15m: 当前价格=103440.90, EMA25=103404.72, EMA60=103574.22, EMA120=103910.46, 趋势=震荡行情
[2025-06-21 16:12:42] BTCUSDT 1h: 当前价格=103440.90, EMA25=103781.07, EMA60=104253.26, EMA120=104743.39, 趋势=下跌趋势
[2025-06-21 16:12:42] BTCUSDT 4h: 当前价格=103440.90, EMA25=104524.88, EMA60=105225.89, EMA120=105468.13, 趋势=下跌趋势
[2025-06-21 16:12:42] BTCUSDT 1d: 当前价格=103440.90, EMA25=105163.74, EMA60=102158.30, EMA120=97895.96, 趋势=震荡行情
[2025-06-21 16:12:42] ETHUSDT 15m: 当前价格=2427.62, EMA25=2423.01, EMA60=2433.43, EMA120=2456.60, 趋势=震荡行情
[2025-06-21 16:12:43] ETHUSDT 1h: 当前价格=2427.62, EMA25=2447.86, EMA60=2480.27, EMA120=2509.15, 趋势=下跌趋势
[2025-06-21 16:12:43] ETHUSDT 4h: 当前价格=2427.63, EMA25=2495.40, EMA60=2535.97, EMA120=2546.62, 趋势=下跌趋势
[2025-06-21 16:12:43] ETHUSDT 1d: 当前价格=2427.63, EMA25=2524.31, EMA60=2407.05, EMA120=2385.28, 趋势=震荡行情
==============================

===== 趋势分析结果 (2025-06-21 16:27:43) =====
[2025-06-21 16:27:41] BTCUSDT 15m: 当前价格=103474.20, EMA25=103410.30, EMA60=103571.05, EMA120=103903.34, 趋势=震荡行情
[2025-06-21 16:27:42] BTCUSDT 1h: 当前价格=103474.20, EMA25=103783.63, EMA60=104254.35, EMA120=104743.94, 趋势=下跌趋势
[2025-06-21 16:27:42] BTCUSDT 4h: 当前价格=103474.30, EMA25=104527.45, EMA60=105226.98, EMA120=105468.68, 趋势=下跌趋势
[2025-06-21 16:27:42] BTCUSDT 1d: 当前价格=103474.30, EMA25=105166.31, EMA60=102159.40, EMA120=97896.51, 趋势=震荡行情
[2025-06-21 16:27:42] ETHUSDT 15m: 当前价格=2424.94, EMA25=2423.11, EMA60=2433.13, EMA120=2456.07, 趋势=震荡行情
[2025-06-21 16:27:43] ETHUSDT 1h: 当前价格=2424.65, EMA25=2447.63, EMA60=2480.18, EMA120=2509.10, 趋势=下跌趋势
[2025-06-21 16:27:43] ETHUSDT 4h: 当前价格=2424.65, EMA25=2495.17, EMA60=2535.87, EMA120=2546.57, 趋势=下跌趋势
[2025-06-21 16:27:43] ETHUSDT 1d: 当前价格=2424.65, EMA25=2524.08, EMA60=2406.95, EMA120=2385.23, 趋势=震荡行情
==============================

===== 趋势分析结果 (2025-06-21 16:42:43) =====
[2025-06-21 16:42:41] BTCUSDT 15m: 当前价格=103532.40, EMA25=103419.70, EMA60=103569.79, EMA120=103897.24, 趋势=震荡行情
[2025-06-21 16:42:42] BTCUSDT 1h: 当前价格=103532.40, EMA25=103788.11, EMA60=104256.26, EMA120=104744.91, 趋势=下跌趋势
[2025-06-21 16:42:42] BTCUSDT 4h: 当前价格=103532.40, EMA25=104531.92, EMA60=105228.89, EMA120=105469.64, 趋势=下跌趋势
[2025-06-21 16:42:42] BTCUSDT 1d: 当前价格=103532.50, EMA25=105170.78, EMA60=102161.31, EMA120=97897.48, 趋势=震荡行情
[2025-06-21 16:42:42] ETHUSDT 15m: 当前价格=2427.07, EMA25=2423.43, EMA60=2432.94, EMA120=2455.60, 趋势=震荡行情
[2025-06-21 16:42:43] ETHUSDT 1h: 当前价格=2427.07, EMA25=2447.82, EMA60=2480.25, EMA120=2509.14, 趋势=下跌趋势
[2025-06-21 16:42:43] ETHUSDT 4h: 当前价格=2427.07, EMA25=2495.35, EMA60=2535.95, EMA120=2546.61, 趋势=下跌趋势
[2025-06-21 16:42:43] ETHUSDT 1d: 当前价格=2427.08, EMA25=2524.27, EMA60=2407.03, EMA120=2385.27, 趋势=震荡行情
==============================

===== 趋势分析结果 (2025-06-21 16:57:43) =====
[2025-06-21 16:57:41] BTCUSDT 15m: 当前价格=103674.70, EMA25=103441.06, EMA60=103574.00, EMA120=103894.00, 趋势=震荡行情
[2025-06-21 16:57:42] BTCUSDT 1h: 当前价格=103679.90, EMA25=103799.45, EMA60=104261.10, EMA120=104747.34, 趋势=下跌趋势
[2025-06-21 16:57:42] BTCUSDT 4h: 当前价格=103674.70, EMA25=104542.86, EMA60=105233.56, EMA120=105472.00, 趋势=下跌趋势
[2025-06-21 16:57:42] BTCUSDT 1d: 当前价格=103679.90, EMA25=105182.12, EMA60=102166.14, EMA120=97899.91, 趋势=震荡行情
[2025-06-21 16:57:42] ETHUSDT 15m: 当前价格=2433.23, EMA25=2424.25, EMA60=2432.98, EMA120=2455.25, 趋势=震荡行情
[2025-06-21 16:57:43] ETHUSDT 1h: 当前价格=2433.63, EMA25=2448.32, EMA60=2480.47, EMA120=2509.24, 趋势=下跌趋势
[2025-06-21 16:57:43] ETHUSDT 4h: 当前价格=2433.23, EMA25=2495.83, EMA60=2536.15, EMA120=2546.71, 趋势=下跌趋势
[2025-06-21 16:57:43] ETHUSDT 1d: 当前价格=2433.23, EMA25=2524.74, EMA60=2407.23, EMA120=2385.37, 趋势=震荡行情
==============================

===== 趋势分析结果 (2025-06-21 17:12:43) =====
[2025-06-21 17:12:41] BTCUSDT 15m: 当前价格=103660.40, EMA25=103464.51, EMA60=103579.77, EMA120=103891.68, 趋势=震荡行情
[2025-06-21 17:12:42] BTCUSDT 1h: 当前价格=103660.50, EMA25=103794.97, EMA60=104244.18, EMA120=104730.81, 趋势=下跌趋势
[2025-06-21 17:12:42] BTCUSDT 4h: 当前价格=103660.50, EMA25=104541.77, EMA60=105233.09, EMA120=105471.76, 趋势=下跌趋势
[2025-06-21 17:12:42] BTCUSDT 1d: 当前价格=103660.40, EMA25=105180.62, EMA60=102165.50, EMA120=97899.59, 趋势=震荡行情
[2025-06-21 17:12:42] ETHUSDT 15m: 当前价格=2433.44, EMA25=2425.47, EMA60=2433.22, EMA120=2455.00, 趋势=震荡行情
[2025-06-21 17:12:43] ETHUSDT 1h: 当前价格=2433.44, EMA25=2447.66, EMA60=2479.14, EMA120=2508.10, 趋势=下跌趋势
[2025-06-21 17:12:43] ETHUSDT 4h: 当前价格=2433.44, EMA25=2495.84, EMA60=2536.16, EMA120=2546.72, 趋势=下跌趋势
[2025-06-21 17:12:43] ETHUSDT 1d: 当前价格=2433.72, EMA25=2524.78, EMA60=2407.25, EMA120=2385.38, 趋势=震荡行情
==============================

===== 趋势分析结果 (2025-06-21 17:27:43) =====
[2025-06-21 17:27:41] BTCUSDT 15m: 当前价格=103705.80, EMA25=103483.04, EMA60=103583.89, EMA120=103888.63, 趋势=震荡行情
[2025-06-21 17:27:42] BTCUSDT 1h: 当前价格=103705.80, EMA25=103798.45, EMA60=104245.66, EMA120=104731.56, 趋势=下跌趋势
[2025-06-21 17:27:42] BTCUSDT 4h: 当前价格=103705.80, EMA25=104545.26, EMA60=105234.58, EMA120=105472.51, 趋势=下跌趋势
[2025-06-21 17:27:42] BTCUSDT 1d: 当前价格=103705.80, EMA25=105184.11, EMA60=102166.99, EMA120=97900.34, 趋势=震荡行情
[2025-06-21 17:27:42] ETHUSDT 15m: 当前价格=2435.80, EMA25=2426.26, EMA60=2433.31, EMA120=2454.69, 趋势=震荡行情
[2025-06-21 17:27:43] ETHUSDT 1h: 当前价格=2436.26, EMA25=2447.87, EMA60=2479.23, EMA120=2508.15, 趋势=下跌趋势
[2025-06-21 17:27:43] ETHUSDT 4h: 当前价格=2436.26, EMA25=2496.06, EMA60=2536.25, EMA120=2546.76, 趋势=下跌趋势
[2025-06-21 17:27:43] ETHUSDT 1d: 当前价格=2436.26, EMA25=2524.98, EMA60=2407.33, EMA120=2385.42, 趋势=震荡行情
==============================

===== 趋势分析结果 (2025-06-21 17:42:43) =====
[2025-06-21 17:42:41] BTCUSDT 15m: 当前价格=103734.30, EMA25=103502.33, EMA60=103588.81, EMA120=103886.11, 趋势=震荡行情
[2025-06-21 17:42:42] BTCUSDT 1h: 当前价格=103734.30, EMA25=103800.65, EMA60=104246.60, EMA120=104732.03, 趋势=下跌趋势
[2025-06-21 17:42:42] BTCUSDT 4h: 当前价格=103734.30, EMA25=104547.45, EMA60=105235.51, EMA120=105472.98, 趋势=下跌趋势
[2025-06-21 17:42:42] BTCUSDT 1d: 当前价格=103734.30, EMA25=105186.31, EMA60=102167.92, EMA120=97900.81, 趋势=震荡行情
[2025-06-21 17:42:42] ETHUSDT 15m: 当前价格=2441.42, EMA25=2427.44, EMA60=2433.58, EMA120=2454.47, 趋势=震荡行情
[2025-06-21 17:42:43] ETHUSDT 1h: 当前价格=2441.42, EMA25=2448.27, EMA60=2479.40, EMA120=2508.23, 趋势=下跌趋势
[2025-06-21 17:42:43] ETHUSDT 4h: 当前价格=2441.42, EMA25=2496.46, EMA60=2536.42, EMA120=2546.85, 趋势=下跌趋势
[2025-06-21 17:42:43] ETHUSDT 1d: 当前价格=2441.73, EMA25=2525.40, EMA60=2407.51, EMA120=2385.51, 趋势=震荡行情
==============================

===== 趋势分析结果 (2025-06-21 17:57:43) =====
[2025-06-21 17:57:41] BTCUSDT 15m: 当前价格=103810.50, EMA25=103527.15, EMA60=103596.57, EMA120=103885.15, 趋势=震荡行情
[2025-06-21 17:57:42] BTCUSDT 1h: 当前价格=103802.20, EMA25=103805.87, EMA60=104248.82, EMA120=104733.15, 趋势=下跌趋势
[2025-06-21 17:57:42] BTCUSDT 4h: 当前价格=103810.50, EMA25=104553.31, EMA60=105238.01, EMA120=105474.24, 趋势=下跌趋势
[2025-06-21 17:57:42] BTCUSDT 1d: 当前价格=103810.50, EMA25=105192.17, EMA60=102170.42, EMA120=97902.07, 趋势=震荡行情
[2025-06-21 17:57:42] ETHUSDT 15m: 当前价格=2442.59, EMA25=2428.65, EMA60=2433.89, EMA120=2454.29, 趋势=震荡行情
[2025-06-21 17:57:43] ETHUSDT 1h: 当前价格=2442.73, EMA25=2448.37, EMA60=2479.45, EMA120=2508.26, 趋势=下跌趋势
[2025-06-21 17:57:43] ETHUSDT 4h: 当前价格=2442.21, EMA25=2496.52, EMA60=2536.45, EMA120=2546.86, 趋势=下跌趋势
[2025-06-21 17:57:43] ETHUSDT 1d: 当前价格=2442.21, EMA25=2525.44, EMA60=2407.52, EMA120=2385.52, 趋势=震荡行情
==============================

===== 趋势分析结果 (2025-06-21 18:12:43) =====
[2025-06-21 18:12:41] BTCUSDT 15m: 当前价格=103887.80, EMA25=103554.00, EMA60=103605.72, EMA120=103885.02, 趋势=震荡行情
[2025-06-21 18:12:42] BTCUSDT 1h: 当前价格=103887.90, EMA25=103811.87, EMA60=104236.85, EMA120=104719.13, 趋势=震荡行情
[2025-06-21 18:12:42] BTCUSDT 4h: 当前价格=103887.80, EMA25=104559.26, EMA60=105240.54, EMA120=105475.52, 趋势=下跌趋势
[2025-06-21 18:12:42] BTCUSDT 1d: 当前价格=103887.80, EMA25=105198.11, EMA60=102172.96, EMA120=97903.35, 趋势=震荡行情
[2025-06-21 18:12:42] ETHUSDT 15m: 当前价格=2441.41, EMA25=2429.72, EMA60=2434.18, EMA120=2454.10, 趋势=震荡行情
[2025-06-21 18:12:43] ETHUSDT 1h: 当前价格=2441.42, EMA25=2447.91, EMA60=2478.23, EMA120=2507.17, 趋势=下跌趋势
[2025-06-21 18:12:43] ETHUSDT 4h: 当前价格=2441.42, EMA25=2496.46, EMA60=2536.42, EMA120=2546.85, 趋势=下跌趋势
[2025-06-21 18:12:43] ETHUSDT 1d: 当前价格=2441.42, EMA25=2525.37, EMA60=2407.50, EMA120=2385.50, 趋势=震荡行情
==============================

===== 趋势分析结果 (2025-06-21 18:27:43) =====
[2025-06-21 18:27:41] BTCUSDT 15m: 当前价格=103903.60, EMA25=103579.17, EMA60=103614.72, EMA120=103884.97, 趋势=震荡行情
[2025-06-21 18:27:42] BTCUSDT 1h: 当前价格=103903.70, EMA25=103813.09, EMA60=104237.37, EMA120=104719.39, 趋势=震荡行情
[2025-06-21 18:27:42] BTCUSDT 4h: 当前价格=103903.60, EMA25=104560.47, EMA60=105241.06, EMA120=105475.78, 趋势=下跌趋势
[2025-06-21 18:27:42] BTCUSDT 1d: 当前价格=103903.60, EMA25=105199.33, EMA60=102173.47, EMA120=97903.61, 趋势=震荡行情
[2025-06-21 18:27:42] ETHUSDT 15m: 当前价格=2439.32, EMA25=2430.39, EMA60=2434.32, EMA120=2453.84, 趋势=震荡行情
[2025-06-21 18:27:43] ETHUSDT 1h: 当前价格=2439.32, EMA25=2447.75, EMA60=2478.17, EMA120=2507.13, 趋势=下跌趋势
[2025-06-21 18:27:43] ETHUSDT 4h: 当前价格=2439.32, EMA25=2496.29, EMA60=2536.35, EMA120=2546.82, 趋势=下跌趋势
[2025-06-21 18:27:43] ETHUSDT 1d: 当前价格=2439.32, EMA25=2525.21, EMA60=2407.43, EMA120=2385.47, 趋势=震荡行情
==============================

===== 趋势分析结果 (2025-06-21 18:42:43) =====
[2025-06-21 18:42:41] BTCUSDT 15m: 当前价格=103848.90, EMA25=103601.16, EMA60=103622.95, EMA120=103884.69, 趋势=震荡行情
[2025-06-21 18:42:42] BTCUSDT 1h: 当前价格=103856.60, EMA25=103809.47, EMA60=104235.83, EMA120=104718.61, 趋势=震荡行情
[2025-06-21 18:42:42] BTCUSDT 4h: 当前价格=103843.20, EMA25=104555.83, EMA60=105239.08, EMA120=105474.78, 趋势=下跌趋势
[2025-06-21 18:42:42] BTCUSDT 1d: 当前价格=103843.20, EMA25=105194.68, EMA60=102171.49, EMA120=97902.61, 趋势=震荡行情
[2025-06-21 18:42:42] ETHUSDT 15m: 当前价格=2435.44, EMA25=2430.94, EMA60=2434.43, EMA120=2453.57, 趋势=震荡行情
[2025-06-21 18:42:43] ETHUSDT 1h: 当前价格=2435.44, EMA25=2447.45, EMA60=2478.04, EMA120=2507.07, 趋势=下跌趋势
[2025-06-21 18:42:43] ETHUSDT 4h: 当前价格=2435.44, EMA25=2496.00, EMA60=2536.23, EMA120=2546.75, 趋势=下跌趋势
[2025-06-21 18:42:43] ETHUSDT 1d: 当前价格=2435.44, EMA25=2524.91, EMA60=2407.30, EMA120=2385.41, 趋势=震荡行情
==============================

===== 趋势分析结果 (2025-06-21 18:57:43) =====
[2025-06-21 18:57:41] BTCUSDT 15m: 当前价格=103781.50, EMA25=103615.39, EMA60=103628.31, EMA120=103883.10, 趋势=震荡行情
[2025-06-21 18:57:42] BTCUSDT 1h: 当前价格=103781.50, EMA25=103803.69, EMA60=104233.37, EMA120=104717.37, 趋势=下跌趋势
[2025-06-21 18:57:42] BTCUSDT 4h: 当前价格=103781.50, EMA25=104551.08, EMA60=105237.06, EMA120=105473.76, 趋势=下跌趋势
[2025-06-21 18:57:42] BTCUSDT 1d: 当前价格=103781.50, EMA25=105189.94, EMA60=102169.47, EMA120=97901.59, 趋势=震荡行情
[2025-06-21 18:57:42] ETHUSDT 15m: 当前价格=2436.55, EMA25=2431.48, EMA60=2434.54, EMA120=2453.31, 趋势=震荡行情
[2025-06-21 18:57:43] ETHUSDT 1h: 当前价格=2436.55, EMA25=2447.54, EMA60=2478.08, EMA120=2507.09, 趋势=下跌趋势
[2025-06-21 18:57:43] ETHUSDT 4h: 当前价格=2436.55, EMA25=2496.08, EMA60=2536.26, EMA120=2546.77, 趋势=下跌趋势
[2025-06-21 18:57:43] ETHUSDT 1d: 当前价格=2436.55, EMA25=2525.00, EMA60=2407.34, EMA120=2385.42, 趋势=震荡行情
==============================

===== 趋势分析结果 (2025-06-21 19:12:43) =====
[2025-06-21 19:12:41] BTCUSDT 15m: 当前价格=103773.60, EMA25=103627.96, EMA60=103633.25, EMA120=103881.41, 趋势=震荡行情
[2025-06-21 19:12:42] BTCUSDT 1h: 当前价格=103773.60, EMA25=103801.77, EMA60=104218.47, EMA120=104701.89, 趋势=下跌趋势
[2025-06-21 19:12:42] BTCUSDT 4h: 当前价格=103773.60, EMA25=104550.47, EMA60=105236.80, EMA120=105473.63, 趋势=下跌趋势
[2025-06-21 19:12:42] BTCUSDT 1d: 当前价格=103773.60, EMA25=105189.33, EMA60=102169.21, EMA120=97901.46, 趋势=震荡行情
[2025-06-21 19:12:42] ETHUSDT 15m: 当前价格=2440.01, EMA25=2432.24, EMA60=2434.77, EMA120=2453.12, 趋势=震荡行情
[2025-06-21 19:12:43] ETHUSDT 1h: 当前价格=2440.00, EMA25=2447.06, EMA60=2476.87, EMA120=2506.00, 趋势=下跌趋势
[2025-06-21 19:12:43] ETHUSDT 4h: 当前价格=2440.00, EMA25=2496.35, EMA60=2536.38, EMA120=2546.83, 趋势=下跌趋势
[2025-06-21 19:12:43] ETHUSDT 1d: 当前价格=2440.01, EMA25=2525.27, EMA60=2407.45, EMA120=2385.48, 趋势=震荡行情
==============================

===== 趋势分析结果 (2025-06-21 19:27:43) =====
[2025-06-21 19:27:41] BTCUSDT 15m: 当前价格=103803.70, EMA25=103642.26, EMA60=103639.19, EMA120=103880.33, 趋势=震荡行情
[2025-06-21 19:27:42] BTCUSDT 1h: 当前价格=103803.60, EMA25=103804.08, EMA60=104219.45, EMA120=104702.39, 趋势=下跌趋势
[2025-06-21 19:27:42] BTCUSDT 4h: 当前价格=103803.60, EMA25=104552.78, EMA60=105237.78, EMA120=105474.13, 趋势=下跌趋势
[2025-06-21 19:27:42] BTCUSDT 1d: 当前价格=103803.60, EMA25=105191.64, EMA60=102170.20, EMA120=97901.96, 趋势=震荡行情
[2025-06-21 19:27:42] ETHUSDT 15m: 当前价格=2441.52, EMA25=2432.97, EMA60=2435.00, EMA120=2452.93, 趋势=震荡行情
[2025-06-21 19:27:43] ETHUSDT 1h: 当前价格=2441.22, EMA25=2447.16, EMA60=2476.91, EMA120=2506.02, 趋势=下跌趋势
[2025-06-21 19:27:43] ETHUSDT 4h: 当前价格=2441.22, EMA25=2496.44, EMA60=2536.42, EMA120=2546.85, 趋势=下跌趋势
[2025-06-21 19:27:43] ETHUSDT 1d: 当前价格=2441.22, EMA25=2525.36, EMA60=2407.49, EMA120=2385.50, 趋势=震荡行情
==============================

===== 趋势分析结果 (2025-06-21 19:42:43) =====
[2025-06-21 19:42:41] BTCUSDT 15m: 当前价格=103836.30, EMA25=103656.76, EMA60=103645.46, EMA120=103879.54, 趋势=震荡行情
[2025-06-21 19:42:42] BTCUSDT 1h: 当前价格=103836.30, EMA25=103806.60, EMA60=104220.52, EMA120=104702.93, 趋势=震荡行情
[2025-06-21 19:42:42] BTCUSDT 4h: 当前价格=103836.20, EMA25=104555.29, EMA60=105238.85, EMA120=105474.67, 趋势=下跌趋势
[2025-06-21 19:42:42] BTCUSDT 1d: 当前价格=103836.20, EMA25=105194.15, EMA60=102171.26, EMA120=97902.50, 趋势=震荡行情
[2025-06-21 19:42:42] ETHUSDT 15m: 当前价格=2441.72, EMA25=2433.65, EMA60=2435.22, EMA120=2452.75, 趋势=震荡行情
[2025-06-21 19:42:43] ETHUSDT 1h: 当前价格=2441.71, EMA25=2447.19, EMA60=2476.93, EMA120=2506.03, 趋势=下跌趋势
[2025-06-21 19:42:43] ETHUSDT 4h: 当前价格=2441.72, EMA25=2496.48, EMA60=2536.43, EMA120=2546.85, 趋势=下跌趋势
[2025-06-21 19:42:43] ETHUSDT 1d: 当前价格=2441.72, EMA25=2525.40, EMA60=2407.51, EMA120=2385.51, 趋势=震荡行情
==============================

===== 趋势分析结果 (2025-06-21 19:57:43) =====
[2025-06-21 19:57:41] BTCUSDT 15m: 当前价格=103865.00, EMA25=103671.68, EMA60=103652.17, EMA120=103879.08, 趋势=震荡行情
[2025-06-21 19:57:42] BTCUSDT 1h: 当前价格=103865.00, EMA25=103808.80, EMA60=104221.47, EMA120=104703.40, 趋势=震荡行情
[2025-06-21 19:57:42] BTCUSDT 4h: 当前价格=103865.00, EMA25=104557.50, EMA60=105239.79, EMA120=105475.14, 趋势=下跌趋势
[2025-06-21 19:57:42] BTCUSDT 1d: 当前价格=103865.00, EMA25=105196.36, EMA60=102172.21, EMA120=97902.97, 趋势=震荡行情
[2025-06-21 19:57:43] ETHUSDT 15m: 当前价格=2442.65, EMA25=2434.28, EMA60=2435.44, EMA120=2452.57, 趋势=震荡行情
[2025-06-21 19:57:43] ETHUSDT 1h: 当前价格=2442.64, EMA25=2447.27, EMA60=2476.96, EMA120=2506.05, 趋势=下跌趋势
[2025-06-21 19:57:43] ETHUSDT 4h: 当前价格=2442.65, EMA25=2496.55, EMA60=2536.46, EMA120=2546.87, 趋势=下跌趋势
[2025-06-21 19:57:43] ETHUSDT 1d: 当前价格=2442.64, EMA25=2525.47, EMA60=2407.54, EMA120=2385.52, 趋势=震荡行情
==============================

===== 趋势分析结果 (2025-06-21 20:12:46) =====
[2025-06-21 20:12:41] BTCUSDT 15m: 当前价格=103884.20, EMA25=103685.36, EMA60=103658.59, EMA120=103878.58, 趋势=震荡行情
[2025-06-21 20:12:42] BTCUSDT 1h: 当前价格=103888.60, EMA25=103812.28, EMA60=104209.36, EMA120=104689.36, 趋势=震荡行情
[2025-06-21 20:12:42] BTCUSDT 4h: 当前价格=103888.60, EMA25=104503.39, EMA60=105194.30, EMA120=105448.27, 趋势=下跌趋势
[2025-06-21 20:12:42] BTCUSDT 1d: 当前价格=103884.20, EMA25=105197.84, EMA60=102172.84, EMA120=97903.29, 趋势=震荡行情
[2025-06-21 20:12:42] ETHUSDT 15m: 当前价格=2443.43, EMA25=2434.90, EMA60=2435.66, EMA120=2452.40, 趋势=震荡行情
[2025-06-21 20:12:46] ETHUSDT 1h: 当前价格=2443.44, EMA25=2446.88, EMA60=2475.82, EMA120=2504.99, 趋势=下跌趋势
[2025-06-21 20:12:46] ETHUSDT 4h: 当前价格=2443.44, EMA25=2492.38, EMA60=2533.37, EMA120=2545.14, 趋势=下跌趋势
[2025-06-21 20:12:46] ETHUSDT 1d: 当前价格=2443.44, EMA25=2525.53, EMA60=2407.56, EMA120=2385.54, 趋势=震荡行情
==============================

===== 趋势分析结果 (2025-06-21 20:27:44) =====
[2025-06-21 20:27:41] BTCUSDT 15m: 当前价格=103819.00, EMA25=103695.95, EMA60=103663.99, EMA120=103877.69, 趋势=震荡行情
[2025-06-21 20:27:42] BTCUSDT 1h: 当前价格=103819.00, EMA25=103806.92, EMA60=104207.08, EMA120=104688.21, 趋势=震荡行情
[2025-06-21 20:27:43] BTCUSDT 4h: 当前价格=103819.10, EMA25=104498.04, EMA60=105192.03, EMA120=105447.12, 趋势=下跌趋势
[2025-06-21 20:27:43] BTCUSDT 1d: 当前价格=103819.10, EMA25=105192.83, EMA60=102170.70, EMA120=97902.21, 趋势=震荡行情
[2025-06-21 20:27:43] ETHUSDT 15m: 当前价格=2442.42, EMA25=2435.44, EMA60=2435.87, EMA120=2452.23, 趋势=震荡行情
[2025-06-21 20:27:44] ETHUSDT 1h: 当前价格=2442.42, EMA25=2446.81, EMA60=2475.79, EMA120=2504.98, 趋势=下跌趋势
[2025-06-21 20:27:44] ETHUSDT 4h: 当前价格=2442.42, EMA25=2492.30, EMA60=2533.34, EMA120=2545.12, 趋势=下跌趋势
[2025-06-21 20:27:44] ETHUSDT 1d: 当前价格=2442.41, EMA25=2525.45, EMA60=2407.53, EMA120=2385.52, 趋势=震荡行情
==============================

===== 趋势分析结果 (2025-06-21 20:42:43) =====
[2025-06-21 20:42:41] BTCUSDT 15m: 当前价格=103779.90, EMA25=103703.91, EMA60=103668.46, EMA120=103876.45, 趋势=震荡行情
[2025-06-21 20:42:42] BTCUSDT 1h: 当前价格=103779.90, EMA25=103803.92, EMA60=104205.80, EMA120=104687.57, 趋势=下跌趋势
[2025-06-21 20:42:42] BTCUSDT 4h: 当前价格=103779.90, EMA25=104495.02, EMA60=105190.74, EMA120=105446.47, 趋势=下跌趋势
[2025-06-21 20:42:42] BTCUSDT 1d: 当前价格=103779.90, EMA25=105189.81, EMA60=102169.42, EMA120=97901.57, 趋势=震荡行情
[2025-06-21 20:42:42] ETHUSDT 15m: 当前价格=2437.74, EMA25=2435.60, EMA60=2435.92, EMA120=2451.98, 趋势=震荡行情
[2025-06-21 20:42:43] ETHUSDT 1h: 当前价格=2437.74, EMA25=2446.45, EMA60=2475.64, EMA120=2504.90, 趋势=下跌趋势
[2025-06-21 20:42:43] ETHUSDT 4h: 当前价格=2437.74, EMA25=2491.94, EMA60=2533.19, EMA120=2545.05, 趋势=下跌趋势
[2025-06-21 20:42:43] ETHUSDT 1d: 当前价格=2437.74, EMA25=2525.09, EMA60=2407.38, EMA120=2385.44, 趋势=震荡行情
==============================

===== 趋势分析结果 (2025-06-21 20:57:43) =====
[2025-06-21 20:57:41] BTCUSDT 15m: 当前价格=103756.30, EMA25=103707.94, EMA60=103671.34, EMA120=103874.48, 趋势=震荡行情
[2025-06-21 20:57:42] BTCUSDT 1h: 当前价格=103756.20, EMA25=103802.09, EMA60=104205.02, EMA120=104687.17, 趋势=下跌趋势
[2025-06-21 20:57:42] BTCUSDT 4h: 当前价格=103756.20, EMA25=104493.20, EMA60=105189.96, EMA120=105446.08, 趋势=下跌趋势
[2025-06-21 20:57:42] BTCUSDT 1d: 当前价格=103756.20, EMA25=105187.99, EMA60=102168.64, EMA120=97901.17, 趋势=震荡行情
[2025-06-21 20:57:42] ETHUSDT 15m: 当前价格=2434.81, EMA25=2435.56, EMA60=2435.89, EMA120=2451.70, 趋势=下跌趋势
[2025-06-21 20:57:43] ETHUSDT 1h: 当前价格=2434.81, EMA25=2446.22, EMA60=2475.54, EMA120=2504.85, 趋势=下跌趋势
[2025-06-21 20:57:43] ETHUSDT 4h: 当前价格=2434.81, EMA25=2491.71, EMA60=2533.09, EMA120=2545.00, 趋势=下跌趋势
[2025-06-21 20:57:43] ETHUSDT 1d: 当前价格=2434.81, EMA25=2524.87, EMA60=2407.28, EMA120=2385.40, 趋势=震荡行情
==============================

===== 趋势分析结果 (2025-06-21 21:12:43) =====
[2025-06-21 21:12:41] BTCUSDT 15m: 当前价格=103775.80, EMA25=103712.90, EMA60=103674.64, EMA120=103872.82, 趋势=震荡行情
[2025-06-21 21:12:42] BTCUSDT 1h: 当前价格=103775.70, EMA25=103799.81, EMA60=104190.83, EMA120=104672.09, 趋势=下跌趋势
[2025-06-21 21:12:42] BTCUSDT 4h: 当前价格=103775.80, EMA25=104494.71, EMA60=105190.61, EMA120=105446.40, 趋势=下跌趋势
[2025-06-21 21:12:42] BTCUSDT 1d: 当前价格=103775.70, EMA25=105189.49, EMA60=102169.28, EMA120=97901.50, 趋势=震荡行情
[2025-06-21 21:12:42] ETHUSDT 15m: 当前价格=2437.02, EMA25=2435.68, EMA60=2435.93, EMA120=2451.46, 趋势=震荡行情
[2025-06-21 21:12:43] ETHUSDT 1h: 当前价格=2437.02, EMA25=2445.52, EMA60=2474.28, EMA120=2503.73, 趋势=下跌趋势
[2025-06-21 21:12:43] ETHUSDT 4h: 当前价格=2437.02, EMA25=2491.88, EMA60=2533.16, EMA120=2545.03, 趋势=下跌趋势
[2025-06-21 21:12:43] ETHUSDT 1d: 当前价格=2437.02, EMA25=2525.04, EMA60=2407.35, EMA120=2385.43, 趋势=震荡行情
==============================

===== 趋势分析结果 (2025-06-21 21:27:43) =====
[2025-06-21 21:27:41] BTCUSDT 15m: 当前价格=103820.10, EMA25=103721.87, EMA60=103679.74, EMA120=103872.15, 趋势=震荡行情
[2025-06-21 21:27:42] BTCUSDT 1h: 当前价格=103820.10, EMA25=103803.22, EMA60=104192.29, EMA120=104672.82, 趋势=震荡行情
[2025-06-21 21:27:42] BTCUSDT 4h: 当前价格=103820.10, EMA25=104498.12, EMA60=105192.06, EMA120=105447.13, 趋势=下跌趋势
[2025-06-21 21:27:42] BTCUSDT 1d: 当前价格=103820.10, EMA25=105192.91, EMA60=102170.74, EMA120=97902.23, 趋势=震荡行情
[2025-06-21 21:27:42] ETHUSDT 15m: 当前价格=2440.81, EMA25=2436.28, EMA60=2436.19, EMA120=2451.33, 趋势=震荡行情
[2025-06-21 21:27:43] ETHUSDT 1h: 当前价格=2440.80, EMA25=2445.81, EMA60=2474.40, EMA120=2503.79, 趋势=下跌趋势
[2025-06-21 21:27:43] ETHUSDT 4h: 当前价格=2440.81, EMA25=2492.18, EMA60=2533.29, EMA120=2545.10, 趋势=下跌趋势
[2025-06-21 21:27:43] ETHUSDT 1d: 当前价格=2440.81, EMA25=2525.33, EMA60=2407.48, EMA120=2385.49, 趋势=震荡行情
==============================

===== 趋势分析结果 (2025-06-21 21:42:45) =====
[2025-06-21 21:42:41] BTCUSDT 15m: 当前价格=103731.10, EMA25=103723.11, EMA60=103681.66, EMA120=103869.97, 趋势=震荡行情
[2025-06-21 21:42:42] BTCUSDT 1h: 当前价格=103731.10, EMA25=103796.38, EMA60=104189.37, EMA120=104671.35, 趋势=下跌趋势
[2025-06-21 21:42:42] BTCUSDT 4h: 当前价格=103731.10, EMA25=104491.27, EMA60=105189.14, EMA120=105445.66, 趋势=下跌趋势
[2025-06-21 21:42:44] BTCUSDT 1d: 当前价格=103726.10, EMA25=105185.68, EMA60=102167.65, EMA120=97900.68, 趋势=震荡行情
[2025-06-21 21:42:45] ETHUSDT 15m: 当前价格=2434.40, EMA25=2436.15, EMA60=2436.13, EMA120=2451.06, 趋势=下跌趋势
[2025-06-21 21:42:45] ETHUSDT 1h: 当前价格=2434.41, EMA25=2445.32, EMA60=2474.19, EMA120=2503.69, 趋势=下跌趋势
[2025-06-21 21:42:45] ETHUSDT 4h: 当前价格=2434.41, EMA25=2491.68, EMA60=2533.08, EMA120=2544.99, 趋势=下跌趋势
[2025-06-21 21:42:45] ETHUSDT 1d: 当前价格=2434.40, EMA25=2524.83, EMA60=2407.27, EMA120=2385.39, 趋势=震荡行情
==============================

===== 趋势分析结果 (2025-06-21 21:57:43) =====
[2025-06-21 21:57:41] BTCUSDT 15m: 当前价格=103531.90, EMA25=103703.54, EMA60=103674.58, EMA120=103863.30, 趋势=下跌趋势
[2025-06-21 21:57:42] BTCUSDT 1h: 当前价格=103531.90, EMA25=103781.05, EMA60=104182.84, EMA120=104668.06, 趋势=下跌趋势
[2025-06-21 21:57:42] BTCUSDT 4h: 当前价格=103531.90, EMA25=104475.95, EMA60=105182.61, EMA120=105442.37, 趋势=下跌趋势
[2025-06-21 21:57:42] BTCUSDT 1d: 当前价格=103531.90, EMA25=105170.74, EMA60=102161.29, EMA120=97897.47, 趋势=震荡行情
[2025-06-21 21:57:42] ETHUSDT 15m: 当前价格=2419.75, EMA25=2434.66, EMA60=2435.50, EMA120=2450.49, 趋势=下跌趋势
[2025-06-21 21:57:43] ETHUSDT 1h: 当前价格=2419.74, EMA25=2444.19, EMA60=2473.71, EMA120=2503.45, 趋势=下跌趋势
[2025-06-21 21:57:43] ETHUSDT 4h: 当前价格=2419.75, EMA25=2490.56, EMA60=2532.60, EMA120=2544.75, 趋势=下跌趋势
[2025-06-21 21:57:43] ETHUSDT 1d: 当前价格=2419.74, EMA25=2523.71, EMA60=2406.79, EMA120=2385.15, 趋势=震荡行情
==============================

===== 趋势分析结果 (2025-06-21 22:12:43) =====
[2025-06-21 22:12:41] BTCUSDT 15m: 当前价格=103499.90, EMA25=103687.62, EMA60=103668.74, EMA120=103857.28, 趋势=下跌趋势
[2025-06-21 22:12:42] BTCUSDT 1h: 当前价格=103500.00, EMA25=103759.19, EMA60=104160.34, EMA120=104648.74, 趋势=下跌趋势
[2025-06-21 22:12:42] BTCUSDT 4h: 当前价格=103500.00, EMA25=104473.49, EMA60=105181.56, EMA120=105441.84, 趋势=下跌趋势
[2025-06-21 22:12:42] BTCUSDT 1d: 当前价格=103499.90, EMA25=105168.28, EMA60=102160.24, EMA120=97896.94, 趋势=震荡行情
[2025-06-21 22:12:42] ETHUSDT 15m: 当前价格=2420.00, EMA25=2433.51, EMA60=2434.97, EMA120=2449.98, 趋势=下跌趋势
[2025-06-21 22:12:43] ETHUSDT 1h: 当前价格=2420.01, EMA25=2442.30, EMA60=2471.94, EMA120=2502.06, 趋势=下跌趋势
[2025-06-21 22:12:43] ETHUSDT 4h: 当前价格=2420.01, EMA25=2490.58, EMA60=2532.61, EMA120=2544.75, 趋势=下跌趋势
[2025-06-21 22:12:43] ETHUSDT 1d: 当前价格=2420.00, EMA25=2523.73, EMA60=2406.80, EMA120=2385.15, 趋势=震荡行情
==============================

===== 趋势分析结果 (2025-06-21 22:27:43) =====
[2025-06-21 22:27:41] BTCUSDT 15m: 当前价格=103364.50, EMA25=103663.32, EMA60=103659.01, EMA120=103849.30, 趋势=下跌趋势
[2025-06-21 22:27:42] BTCUSDT 1h: 当前价格=103364.50, EMA25=103748.76, EMA60=104155.90, EMA120=104646.50, 趋势=下跌趋势
[2025-06-21 22:27:42] BTCUSDT 4h: 当前价格=103364.50, EMA25=104463.07, EMA60=105177.12, EMA120=105439.60, 趋势=下跌趋势
[2025-06-21 22:27:42] BTCUSDT 1d: 当前价格=103369.90, EMA25=105158.28, EMA60=102155.98, EMA120=97894.79, 趋势=震荡行情
[2025-06-21 22:27:43] ETHUSDT 15m: 当前价格=2416.55, EMA25=2432.16, EMA60=2434.35, EMA120=2449.42, 趋势=下跌趋势
[2025-06-21 22:27:43] ETHUSDT 1h: 当前价格=2416.11, EMA25=2442.00, EMA60=2471.81, EMA120=2502.00, 趋势=下跌趋势
[2025-06-21 22:27:43] ETHUSDT 4h: 当前价格=2416.67, EMA25=2490.32, EMA60=2532.50, EMA120=2544.70, 趋势=下跌趋势
[2025-06-21 22:27:43] ETHUSDT 1d: 当前价格=2416.11, EMA25=2523.43, EMA60=2406.67, EMA120=2385.09, 趋势=震荡行情
==============================

===== 趋势分析结果 (2025-06-21 22:42:43) =====
[2025-06-21 22:42:41] BTCUSDT 15m: 当前价格=103652.80, EMA25=103661.88, EMA60=103658.52, EMA120=103845.95, 趋势=下跌趋势
[2025-06-21 22:42:42] BTCUSDT 1h: 当前价格=103652.80, EMA25=103770.94, EMA60=104165.35, EMA120=104651.27, 趋势=下跌趋势
[2025-06-21 22:42:42] BTCUSDT 4h: 当前价格=103652.80, EMA25=104485.25, EMA60=105186.57, EMA120=105444.37, 趋势=下跌趋势
[2025-06-21 22:42:42] BTCUSDT 1d: 当前价格=103652.80, EMA25=105180.04, EMA60=102165.25, EMA120=97899.47, 趋势=震荡行情
[2025-06-21 22:42:42] ETHUSDT 15m: 当前价格=2426.62, EMA25=2431.76, EMA60=2434.11, EMA120=2449.05, 趋势=下跌趋势
[2025-06-21 22:42:43] ETHUSDT 1h: 当前价格=2426.63, EMA25=2442.81, EMA60=2472.15, EMA120=2502.17, 趋势=下跌趋势
[2025-06-21 22:42:43] ETHUSDT 4h: 当前价格=2426.62, EMA25=2491.08, EMA60=2532.82, EMA120=2544.86, 趋势=下跌趋势
[2025-06-21 22:42:43] ETHUSDT 1d: 当前价格=2425.74, EMA25=2524.17, EMA60=2406.98, EMA120=2385.25, 趋势=震荡行情
==============================

===== 趋势分析结果 (2025-06-21 22:57:43) =====
[2025-06-21 22:57:41] BTCUSDT 15m: 当前价格=103467.90, EMA25=103646.34, EMA60=103652.00, EMA120=103839.59, 趋势=下跌趋势
[2025-06-21 22:57:42] BTCUSDT 1h: 当前价格=103467.80, EMA25=103756.71, EMA60=104159.28, EMA120=104648.21, 趋势=下跌趋势
[2025-06-21 22:57:42] BTCUSDT 4h: 当前价格=103467.80, EMA25=104471.02, EMA60=105180.51, EMA120=105441.31, 趋势=下跌趋势
[2025-06-21 22:57:42] BTCUSDT 1d: 当前价格=103467.80, EMA25=105165.81, EMA60=102159.19, EMA120=97896.41, 趋势=震荡行情
[2025-06-21 22:57:42] ETHUSDT 15m: 当前价格=2418.96, EMA25=2430.60, EMA60=2433.53, EMA120=2448.51, 趋势=下跌趋势
[2025-06-21 22:57:43] ETHUSDT 1h: 当前价格=2418.96, EMA25=2442.22, EMA60=2471.90, EMA120=2502.04, 趋势=下跌趋势
[2025-06-21 22:57:43] ETHUSDT 4h: 当前价格=2418.96, EMA25=2490.50, EMA60=2532.57, EMA120=2544.73, 趋势=下跌趋势
[2025-06-21 22:57:43] ETHUSDT 1d: 当前价格=2418.96, EMA25=2523.65, EMA60=2406.76, EMA120=2385.13, 趋势=震荡行情
==============================

===== 趋势分析结果 (2025-06-21 23:12:43) =====
[2025-06-21 23:12:41] BTCUSDT 15m: 当前价格=103539.50, EMA25=103640.92, EMA60=103649.56, EMA120=103835.31, 趋势=下跌趋势
[2025-06-21 23:12:42] BTCUSDT 1h: 当前价格=103539.50, EMA25=103742.81, EMA60=104140.22, EMA120=104630.60, 趋势=下跌趋势
[2025-06-21 23:12:42] BTCUSDT 4h: 当前价格=103539.40, EMA25=104476.52, EMA60=105182.85, EMA120=105442.49, 趋势=下跌趋势
[2025-06-21 23:12:42] BTCUSDT 1d: 当前价格=103539.40, EMA25=105171.31, EMA60=102161.53, EMA120=97897.59, 趋势=震荡行情
[2025-06-21 23:12:42] ETHUSDT 15m: 当前价格=2422.51, EMA25=2429.94, EMA60=2433.16, EMA120=2448.08, 趋势=下跌趋势
[2025-06-21 23:12:43] ETHUSDT 1h: 当前价格=2422.45, EMA25=2440.66, EMA60=2470.27, EMA120=2500.72, 趋势=下跌趋势
[2025-06-21 23:12:43] ETHUSDT 4h: 当前价格=2422.45, EMA25=2490.76, EMA60=2532.69, EMA120=2544.79, 趋势=下跌趋势
[2025-06-21 23:12:43] ETHUSDT 1d: 当前价格=2422.44, EMA25=2523.91, EMA60=2406.88, EMA120=2385.19, 趋势=震荡行情
==============================

===== 趋势分析结果 (2025-06-21 23:27:43) =====
[2025-06-21 23:27:41] BTCUSDT 15m: 当前价格=103421.80, EMA25=103625.19, EMA60=103642.59, EMA120=103828.77, 趋势=下跌趋势
[2025-06-21 23:27:42] BTCUSDT 1h: 当前价格=103421.80, EMA25=103733.75, EMA60=104136.36, EMA120=104628.65, 趋势=下跌趋势
[2025-06-21 23:27:42] BTCUSDT 4h: 当前价格=103421.80, EMA25=104467.48, EMA60=105179.00, EMA120=105440.55, 趋势=下跌趋势
[2025-06-21 23:27:42] BTCUSDT 1d: 当前价格=103421.80, EMA25=105162.27, EMA60=102157.68, EMA120=97895.65, 趋势=震荡行情
[2025-06-21 23:27:43] ETHUSDT 15m: 当前价格=2414.95, EMA25=2428.81, EMA60=2432.57, EMA120=2447.53, 趋势=下跌趋势
[2025-06-21 23:27:43] ETHUSDT 1h: 当前价格=2414.94, EMA25=2440.09, EMA60=2470.02, EMA120=2500.60, 趋势=下跌趋势
[2025-06-21 23:27:43] ETHUSDT 4h: 当前价格=2414.63, EMA25=2490.16, EMA60=2532.43, EMA120=2544.66, 趋势=下跌趋势
[2025-06-21 23:27:43] ETHUSDT 1d: 当前价格=2414.63, EMA25=2523.31, EMA60=2406.62, EMA120=2385.06, 趋势=震荡行情
==============================

===== 趋势分析结果 (2025-06-21 23:42:43) =====
[2025-06-21 23:42:41] BTCUSDT 15m: 当前价格=103477.80, EMA25=103609.11, EMA60=103635.07, EMA120=103821.94, 趋势=下跌趋势
[2025-06-21 23:42:42] BTCUSDT 1h: 当前价格=103477.70, EMA25=103738.05, EMA60=104138.19, EMA120=104629.57, 趋势=下跌趋势
[2025-06-21 23:42:42] BTCUSDT 4h: 当前价格=103477.70, EMA25=104471.78, EMA60=105180.83, EMA120=105441.47, 趋势=下跌趋势
[2025-06-21 23:42:42] BTCUSDT 1d: 当前价格=103482.80, EMA25=105166.96, EMA60=102159.68, EMA120=97896.66, 趋势=震荡行情
[2025-06-21 23:42:43] ETHUSDT 15m: 当前价格=2417.31, EMA25=2427.94, EMA60=2432.07, EMA120=2447.04, 趋势=下跌趋势
[2025-06-21 23:42:43] ETHUSDT 1h: 当前价格=2417.31, EMA25=2440.27, EMA60=2470.10, EMA120=2500.64, 趋势=下跌趋势
[2025-06-21 23:42:43] ETHUSDT 4h: 当前价格=2417.33, EMA25=2490.37, EMA60=2532.52, EMA120=2544.71, 趋势=下跌趋势
[2025-06-21 23:42:43] ETHUSDT 1d: 当前价格=2417.31, EMA25=2523.52, EMA60=2406.71, EMA120=2385.11, 趋势=震荡行情
==============================

===== 趋势分析结果 (2025-06-21 23:57:43) =====
[2025-06-21 23:57:41] BTCUSDT 15m: 当前价格=103567.40, EMA25=103606.08, EMA60=103632.93, EMA120=103817.82, 趋势=下跌趋势
[2025-06-21 23:57:42] BTCUSDT 1h: 当前价格=103551.00, EMA25=103743.69, EMA60=104140.59, EMA120=104630.79, 趋势=下跌趋势
[2025-06-21 23:57:42] BTCUSDT 4h: 当前价格=103567.40, EMA25=104478.68, EMA60=105183.77, EMA120=105442.96, 趋势=下跌趋势
[2025-06-21 23:57:42] BTCUSDT 1d: 当前价格=103551.00, EMA25=105172.21, EMA60=102161.91, EMA120=97897.78, 趋势=震荡行情
[2025-06-21 23:57:42] ETHUSDT 15m: 当前价格=2423.30, EMA25=2427.67, EMA60=2431.83, EMA120=2446.67, 趋势=下跌趋势
[2025-06-21 23:57:43] ETHUSDT 1h: 当前价格=2422.97, EMA25=2440.70, EMA60=2470.28, EMA120=2500.73, 趋势=下跌趋势
[2025-06-21 23:57:43] ETHUSDT 4h: 当前价格=2422.97, EMA25=2490.80, EMA60=2532.70, EMA120=2544.80, 趋势=下跌趋势
[2025-06-21 23:57:43] ETHUSDT 1d: 当前价格=2422.97, EMA25=2523.96, EMA60=2406.89, EMA120=2385.20, 趋势=震荡行情
==============================

