===== 趋势分析结果 (2025-06-24 11:57:46) =====
[2025-06-24 11:57:44] BTCUSDT 15m: 当前价格=104901.60, EMA25=104711.06, EMA60=103775.85, EMA120=102900.40, 趋势=上涨趋势
[2025-06-24 11:57:45] BTCUSDT 1h: 当前价格=104901.60, EMA25=103159.31, EMA60=102633.74, EMA120=103072.61, 趋势=上涨趋势
[2025-06-24 11:57:45] BTCUSDT 4h: 当前价格=104901.70, EMA25=102905.14, EMA60=103950.08, EMA120=104679.28, 趋势=震荡行情
[2025-06-24 11:57:45] BTCUSDT 1d: 当前价格=104901.60, EMA25=104791.10, EMA60=102268.76, EMA120=98159.17, 趋势=上涨趋势
[2025-06-24 11:57:45] ETHUSDT 15m: 当前价格=2399.08, EMA25=2388.71, EMA60=2348.93, EMA120=2314.59, 趋势=上涨趋势
[2025-06-24 11:57:46] ETHUSDT 1h: 当前价格=2399.08, EMA25=2322.41, EMA60=2316.02, EMA120=2363.72, 趋势=震荡行情
[2025-06-24 11:57:46] ETHUSDT 4h: 当前价格=2399.09, EMA25=2348.69, EMA60=2433.88, EMA120=2486.18, 趋势=震荡行情
[2025-06-24 11:57:46] ETHUSDT 1d: 当前价格=2399.08, EMA25=2479.01, EMA60=2397.40, EMA120=2381.30, 趋势=震荡行情
==============================

===== 趋势分析结果 (2025-06-24 12:12:48) =====
[2025-06-24 12:12:47] BTCUSDT 15m: 当前价格=104735.00, EMA25=104710.66, EMA60=103806.30, EMA120=102930.21, 趋势=上涨趋势
[2025-06-24 12:12:47] BTCUSDT 1h: 当前价格=104735.00, EMA25=103278.27, EMA60=102701.63, EMA120=103099.56, 趋势=上涨趋势
[2025-06-24 12:12:47] BTCUSDT 4h: 当前价格=104735.10, EMA25=103043.66, EMA60=103974.82, EMA120=104679.59, 趋势=震荡行情
[2025-06-24 12:12:47] BTCUSDT 1d: 当前价格=104735.00, EMA25=104778.28, EMA60=102263.30, EMA120=98156.42, 趋势=震荡行情
[2025-06-24 12:12:48] ETHUSDT 15m: 当前价格=2395.82, EMA25=2389.15, EMA60=2350.42, EMA120=2315.91, 趋势=上涨趋势
[2025-06-24 12:12:48] ETHUSDT 1h: 当前价格=2395.59, EMA25=2327.94, EMA60=2318.59, EMA120=2364.22, 趋势=震荡行情
[2025-06-24 12:12:48] ETHUSDT 4h: 当前价格=2395.59, EMA25=2352.19, EMA60=2432.58, EMA120=2484.66, 趋势=震荡行情
[2025-06-24 12:12:48] ETHUSDT 1d: 当前价格=2395.82, EMA25=2478.76, EMA60=2397.30, EMA120=2381.25, 趋势=震荡行情
==============================

===== 趋势分析结果 (2025-06-24 12:27:48) =====
[2025-06-24 12:27:47] BTCUSDT 15m: 当前价格=104895.10, EMA25=104723.30, EMA60=103841.30, EMA120=102962.34, 趋势=上涨趋势
[2025-06-24 12:27:47] BTCUSDT 1h: 当前价格=104895.10, EMA25=103290.59, EMA60=102706.88, EMA120=103102.21, 趋势=上涨趋势
[2025-06-24 12:27:47] BTCUSDT 4h: 当前价格=104895.20, EMA25=103055.97, EMA60=103980.06, EMA120=104682.23, 趋势=震荡行情
[2025-06-24 12:27:47] BTCUSDT 1d: 当前价格=104895.20, EMA25=104790.61, EMA60=102268.55, EMA120=98159.06, 趋势=上涨趋势
[2025-06-24 12:27:48] ETHUSDT 15m: 当前价格=2398.44, EMA25=2389.73, EMA60=2351.93, EMA120=2317.24, 趋势=上涨趋势
[2025-06-24 12:27:48] ETHUSDT 1h: 当前价格=2398.46, EMA25=2328.16, EMA60=2318.68, EMA120=2364.27, 趋势=震荡行情
[2025-06-24 12:27:48] ETHUSDT 4h: 当前价格=2398.46, EMA25=2352.41, EMA60=2432.68, EMA120=2484.71, 趋势=震荡行情
[2025-06-24 12:27:48] ETHUSDT 1d: 当前价格=2398.44, EMA25=2478.96, EMA60=2397.38, EMA120=2381.29, 趋势=震荡行情
==============================

===== 趋势分析结果 (2025-06-24 12:42:49) =====
[2025-06-24 12:42:47] BTCUSDT 15m: 当前价格=104776.80, EMA25=104723.55, EMA60=103870.25, EMA120=102991.44, 趋势=上涨趋势
[2025-06-24 12:42:47] BTCUSDT 1h: 当前价格=104776.80, EMA25=103281.49, EMA60=102703.00, EMA120=103100.25, 趋势=上涨趋势
[2025-06-24 12:42:47] BTCUSDT 4h: 当前价格=104776.90, EMA25=103046.87, EMA60=103976.19, EMA120=104680.28, 趋势=震荡行情
[2025-06-24 12:42:47] BTCUSDT 1d: 当前价格=104776.80, EMA25=104781.50, EMA60=102264.67, EMA120=98157.11, 趋势=震荡行情
[2025-06-24 12:42:48] ETHUSDT 15m: 当前价格=2395.99, EMA25=2390.05, EMA60=2353.30, EMA120=2318.50, 趋势=上涨趋势
[2025-06-24 12:42:48] ETHUSDT 1h: 当前价格=2395.99, EMA25=2327.97, EMA60=2318.60, EMA120=2364.23, 趋势=震荡行情
[2025-06-24 12:42:48] ETHUSDT 4h: 当前价格=2395.99, EMA25=2352.22, EMA60=2432.60, EMA120=2484.66, 趋势=震荡行情
[2025-06-24 12:42:49] ETHUSDT 1d: 当前价格=2395.99, EMA25=2478.78, EMA60=2397.30, EMA120=2381.25, 趋势=震荡行情
==============================

===== 趋势分析结果 (2025-06-24 12:57:49) =====
[2025-06-24 12:57:47] BTCUSDT 15m: 当前价格=104730.90, EMA25=104722.83, EMA60=103897.89, EMA120=103019.89, 趋势=上涨趋势
[2025-06-24 12:57:47] BTCUSDT 1h: 当前价格=104730.90, EMA25=103277.96, EMA60=102701.50, EMA120=103099.49, 趋势=上涨趋势
[2025-06-24 12:57:48] BTCUSDT 4h: 当前价格=104730.80, EMA25=103043.33, EMA60=103974.67, EMA120=104679.52, 趋势=震荡行情
[2025-06-24 12:57:48] BTCUSDT 1d: 当前价格=104730.90, EMA25=104777.97, EMA60=102263.16, EMA120=98156.35, 趋势=震荡行情
[2025-06-24 12:57:48] ETHUSDT 15m: 当前价格=2401.13, EMA25=2390.91, EMA60=2354.88, EMA120=2319.87, 趋势=上涨趋势
[2025-06-24 12:57:48] ETHUSDT 1h: 当前价格=2401.14, EMA25=2328.36, EMA60=2318.77, EMA120=2364.31, 趋势=震荡行情
[2025-06-24 12:57:49] ETHUSDT 4h: 当前价格=2401.13, EMA25=2352.62, EMA60=2432.77, EMA120=2484.75, 趋势=震荡行情
[2025-06-24 12:57:49] ETHUSDT 1d: 当前价格=2401.13, EMA25=2479.17, EMA60=2397.47, EMA120=2381.34, 趋势=震荡行情
==============================

===== 趋势分析结果 (2025-06-24 13:12:49) =====
[2025-06-24 13:12:47] BTCUSDT 15m: 当前价格=104957.10, EMA25=104744.11, EMA60=103934.08, EMA120=103052.65, 趋势=上涨趋势
[2025-06-24 13:12:47] BTCUSDT 1h: 当前价格=104957.10, EMA25=103410.39, EMA60=102776.91, EMA120=103130.93, 趋势=上涨趋势
[2025-06-24 13:12:47] BTCUSDT 4h: 当前价格=104957.10, EMA25=103060.73, EMA60=103982.09, EMA120=104683.26, 趋势=震荡行情
[2025-06-24 13:12:47] BTCUSDT 1d: 当前价格=104957.10, EMA25=104795.37, EMA60=102270.58, EMA120=98160.09, 趋势=上涨趋势
[2025-06-24 13:12:48] ETHUSDT 15m: 当前价格=2404.58, EMA25=2392.07, EMA60=2356.55, EMA120=2321.29, 趋势=上涨趋势
[2025-06-24 13:12:48] ETHUSDT 1h: 当前价格=2404.65, EMA25=2334.34, EMA60=2321.63, EMA120=2365.00, 趋势=震荡行情
[2025-06-24 13:12:48] ETHUSDT 4h: 当前价格=2404.58, EMA25=2352.88, EMA60=2432.88, EMA120=2484.81, 趋势=震荡行情
[2025-06-24 13:12:49] ETHUSDT 1d: 当前价格=2404.58, EMA25=2479.44, EMA60=2397.58, EMA120=2381.39, 趋势=震荡行情
==============================

===== 趋势分析结果 (2025-06-24 13:27:48) =====
[2025-06-24 13:27:47] BTCUSDT 15m: 当前价格=105054.70, EMA25=104773.81, EMA60=103973.41, EMA120=103087.06, 趋势=上涨趋势
[2025-06-24 13:27:47] BTCUSDT 1h: 当前价格=105054.70, EMA25=103417.90, EMA60=102780.11, EMA120=103132.54, 趋势=上涨趋势
[2025-06-24 13:27:47] BTCUSDT 4h: 当前价格=105054.70, EMA25=103068.24, EMA60=103985.29, EMA120=104684.87, 趋势=震荡行情
[2025-06-24 13:27:47] BTCUSDT 1d: 当前价格=105068.10, EMA25=104803.91, EMA60=102274.22, EMA120=98161.92, 趋势=上涨趋势
[2025-06-24 13:27:48] ETHUSDT 15m: 当前价格=2411.29, EMA25=2393.78, EMA60=2358.45, EMA120=2322.84, 趋势=上涨趋势
[2025-06-24 13:27:48] ETHUSDT 1h: 当前价格=2411.59, EMA25=2334.87, EMA60=2321.86, EMA120=2365.12, 趋势=震荡行情
[2025-06-24 13:27:48] ETHUSDT 4h: 当前价格=2411.26, EMA25=2353.40, EMA60=2433.10, EMA120=2484.92, 趋势=震荡行情
[2025-06-24 13:27:48] ETHUSDT 1d: 当前价格=2411.55, EMA25=2479.97, EMA60=2397.81, EMA120=2381.51, 趋势=震荡行情
==============================

===== 趋势分析结果 (2025-06-24 13:42:49) =====
[2025-06-24 13:42:47] BTCUSDT 15m: 当前价格=105290.00, EMA25=104816.19, EMA60=104017.77, EMA120=103124.08, 趋势=上涨趋势
[2025-06-24 13:42:47] BTCUSDT 1h: 当前价格=105290.00, EMA25=103436.00, EMA60=102787.83, EMA120=103136.43, 趋势=上涨趋势
[2025-06-24 13:42:47] BTCUSDT 4h: 当前价格=105285.30, EMA25=103085.98, EMA60=103992.85, EMA120=104688.68, 趋势=震荡行情
[2025-06-24 13:42:47] BTCUSDT 1d: 当前价格=105290.00, EMA25=104820.98, EMA60=102281.49, EMA120=98165.59, 趋势=上涨趋势
[2025-06-24 13:42:48] ETHUSDT 15m: 当前价格=2418.04, EMA25=2395.68, EMA60=2360.42, EMA120=2324.42, 趋势=上涨趋势
[2025-06-24 13:42:48] ETHUSDT 1h: 当前价格=2418.04, EMA25=2335.37, EMA60=2322.07, EMA120=2365.22, 趋势=震荡行情
[2025-06-24 13:42:48] ETHUSDT 4h: 当前价格=2417.99, EMA25=2353.92, EMA60=2433.32, EMA120=2485.03, 趋势=震荡行情
[2025-06-24 13:42:49] ETHUSDT 1d: 当前价格=2417.99, EMA25=2480.47, EMA60=2398.02, EMA120=2381.62, 趋势=震荡行情
==============================

===== 趋势分析结果 (2025-06-24 13:57:49) =====
[2025-06-24 13:57:47] BTCUSDT 15m: 当前价格=105354.80, EMA25=104856.91, EMA60=104061.29, EMA120=103160.79, 趋势=上涨趋势
[2025-06-24 13:57:47] BTCUSDT 1h: 当前价格=105354.90, EMA25=103440.99, EMA60=102789.95, EMA120=103137.50, 趋势=上涨趋势
[2025-06-24 13:57:47] BTCUSDT 4h: 当前价格=105354.80, EMA25=103091.33, EMA60=103995.13, EMA120=104689.83, 趋势=震荡行情
[2025-06-24 13:57:47] BTCUSDT 1d: 当前价格=105354.90, EMA25=104825.97, EMA60=102283.62, EMA120=98166.66, 趋势=上涨趋势
[2025-06-24 13:57:48] ETHUSDT 15m: 当前价格=2421.65, EMA25=2397.66, EMA60=2362.42, EMA120=2326.02, 趋势=上涨趋势
[2025-06-24 13:57:48] ETHUSDT 1h: 当前价格=2421.66, EMA25=2335.64, EMA60=2322.19, EMA120=2365.28, 趋势=震荡行情
[2025-06-24 13:57:48] ETHUSDT 4h: 当前价格=2421.66, EMA25=2354.20, EMA60=2433.44, EMA120=2485.09, 趋势=震荡行情
[2025-06-24 13:57:49] ETHUSDT 1d: 当前价格=2421.65, EMA25=2480.75, EMA60=2398.14, EMA120=2381.68, 趋势=震荡行情
==============================

===== 趋势分析结果 (2025-06-24 14:12:49) =====
[2025-06-24 14:12:47] BTCUSDT 15m: 当前价格=105369.80, EMA25=104895.58, EMA60=104103.85, EMA120=103197.11, 趋势=上涨趋势
[2025-06-24 14:12:47] BTCUSDT 1h: 当前价格=105369.80, EMA25=103588.57, EMA60=102874.19, EMA120=103174.20, 趋势=上涨趋势
[2025-06-24 14:12:47] BTCUSDT 4h: 当前价格=105369.90, EMA25=103092.49, EMA60=103995.63, EMA120=104690.08, 趋势=震荡行情
[2025-06-24 14:12:47] BTCUSDT 1d: 当前价格=105369.80, EMA25=104827.11, EMA60=102284.11, EMA120=98166.91, 趋势=上涨趋势
[2025-06-24 14:12:48] ETHUSDT 15m: 当前价格=2415.28, EMA25=2398.81, EMA60=2364.06, EMA120=2327.45, 趋势=上涨趋势
[2025-06-24 14:12:49] ETHUSDT 1h: 当前价格=2415.46, EMA25=2341.58, EMA60=2325.15, EMA120=2366.07, 趋势=震荡行情
[2025-06-24 14:12:49] ETHUSDT 4h: 当前价格=2415.28, EMA25=2353.71, EMA60=2433.23, EMA120=2484.98, 趋势=震荡行情
[2025-06-24 14:12:49] ETHUSDT 1d: 当前价格=2415.45, EMA25=2480.27, EMA60=2397.94, EMA120=2381.57, 趋势=震荡行情
==============================

===== 趋势分析结果 (2025-06-24 14:27:48) =====
[2025-06-24 14:27:47] BTCUSDT 15m: 当前价格=105465.50, EMA25=104938.67, EMA60=104148.15, EMA120=103234.42, 趋势=上涨趋势
[2025-06-24 14:27:47] BTCUSDT 1h: 当前价格=105465.60, EMA25=103595.94, EMA60=102877.33, EMA120=103175.78, 趋势=上涨趋势
[2025-06-24 14:27:47] BTCUSDT 4h: 当前价格=105465.60, EMA25=103099.85, EMA60=103998.77, EMA120=104691.66, 趋势=震荡行情
[2025-06-24 14:27:47] BTCUSDT 1d: 当前价格=105465.60, EMA25=104834.48, EMA60=102287.25, EMA120=98168.49, 趋势=上涨趋势
[2025-06-24 14:27:48] ETHUSDT 15m: 当前价格=2421.18, EMA25=2400.49, EMA60=2365.92, EMA120=2328.99, 趋势=上涨趋势
[2025-06-24 14:27:48] ETHUSDT 1h: 当前价格=2421.19, EMA25=2342.02, EMA60=2325.34, EMA120=2366.16, 趋势=震荡行情
[2025-06-24 14:27:48] ETHUSDT 4h: 当前价格=2421.18, EMA25=2354.16, EMA60=2433.42, EMA120=2485.08, 趋势=震荡行情
[2025-06-24 14:27:48] ETHUSDT 1d: 当前价格=2421.19, EMA25=2480.71, EMA60=2398.13, EMA120=2381.67, 趋势=震荡行情
==============================

===== 趋势分析结果 (2025-06-24 14:42:48) =====
[2025-06-24 14:42:47] BTCUSDT 15m: 当前价格=105731.70, EMA25=104997.86, EMA60=104199.27, EMA120=103275.27, 趋势=上涨趋势
[2025-06-24 14:42:47] BTCUSDT 1h: 当前价格=105731.70, EMA25=103616.41, EMA60=102886.05, EMA120=103180.18, 趋势=上涨趋势
[2025-06-24 14:42:47] BTCUSDT 4h: 当前价格=105731.70, EMA25=103120.32, EMA60=104007.49, EMA120=104696.06, 趋势=震荡行情
[2025-06-24 14:42:47] BTCUSDT 1d: 当前价格=105731.60, EMA25=104854.95, EMA60=102295.97, EMA120=98172.89, 趋势=上涨趋势
[2025-06-24 14:42:48] ETHUSDT 15m: 当前价格=2427.00, EMA25=2402.47, EMA60=2367.89, EMA120=2330.59, 趋势=上涨趋势
[2025-06-24 14:42:48] ETHUSDT 1h: 当前价格=2426.88, EMA25=2342.46, EMA60=2325.53, EMA120=2366.25, 趋势=震荡行情
[2025-06-24 14:42:48] ETHUSDT 4h: 当前价格=2427.00, EMA25=2354.61, EMA60=2433.61, EMA120=2485.18, 趋势=震荡行情
[2025-06-24 14:42:48] ETHUSDT 1d: 当前价格=2427.00, EMA25=2481.16, EMA60=2398.32, EMA120=2381.76, 趋势=震荡行情
==============================

===== 趋势分析结果 (2025-06-24 14:57:48) =====
[2025-06-24 14:57:47] BTCUSDT 15m: 当前价格=105632.30, EMA25=105040.72, EMA60=104243.60, EMA120=103312.85, 趋势=上涨趋势
[2025-06-24 14:57:47] BTCUSDT 1h: 当前价格=105632.20, EMA25=103608.76, EMA60=102882.79, EMA120=103178.53, 趋势=上涨趋势
[2025-06-24 14:57:47] BTCUSDT 4h: 当前价格=105632.20, EMA25=103112.66, EMA60=104004.23, EMA120=104694.42, 趋势=震荡行情
[2025-06-24 14:57:47] BTCUSDT 1d: 当前价格=105632.20, EMA25=104847.30, EMA60=102292.71, EMA120=98171.25, 趋势=上涨趋势
[2025-06-24 14:57:48] ETHUSDT 15m: 当前价格=2424.62, EMA25=2404.03, EMA60=2369.69, EMA120=2332.11, 趋势=上涨趋势
[2025-06-24 14:57:48] ETHUSDT 1h: 当前价格=2425.86, EMA25=2342.38, EMA60=2325.49, EMA120=2366.24, 趋势=震荡行情
[2025-06-24 14:57:48] ETHUSDT 4h: 当前价格=2425.00, EMA25=2354.45, EMA60=2433.55, EMA120=2485.14, 趋势=震荡行情
[2025-06-24 14:57:48] ETHUSDT 1d: 当前价格=2425.86, EMA25=2481.07, EMA60=2398.28, EMA120=2381.75, 趋势=震荡行情
==============================

===== 趋势分析结果 (2025-06-24 15:12:48) =====
[2025-06-24 15:12:47] BTCUSDT 15m: 当前价格=105409.00, EMA25=105067.26, EMA60=104281.00, EMA120=103347.05, 趋势=上涨趋势
[2025-06-24 15:12:47] BTCUSDT 1h: 当前价格=105409.10, EMA25=103745.45, EMA60=102964.82, EMA120=103214.97, 趋势=上涨趋势
[2025-06-24 15:12:47] BTCUSDT 4h: 当前价格=105409.10, EMA25=103095.50, EMA60=103996.91, EMA120=104690.73, 趋势=震荡行情
[2025-06-24 15:12:47] BTCUSDT 1d: 当前价格=105409.00, EMA25=104830.13, EMA60=102285.40, EMA120=98167.56, 趋势=上涨趋势
[2025-06-24 15:12:48] ETHUSDT 15m: 当前价格=2417.72, EMA25=2405.05, EMA60=2371.25, EMA120=2333.52, 趋势=上涨趋势
[2025-06-24 15:12:48] ETHUSDT 1h: 当前价格=2417.72, EMA25=2348.05, EMA60=2328.46, EMA120=2367.06, 趋势=震荡行情
[2025-06-24 15:12:48] ETHUSDT 4h: 当前价格=2418.25, EMA25=2353.94, EMA60=2433.33, EMA120=2485.03, 趋势=震荡行情
[2025-06-24 15:12:48] ETHUSDT 1d: 当前价格=2418.25, EMA25=2480.49, EMA60=2398.03, EMA120=2381.62, 趋势=震荡行情
==============================

===== 趋势分析结果 (2025-06-24 15:27:48) =====
[2025-06-24 15:27:47] BTCUSDT 15m: 当前价格=105677.60, EMA25=105116.17, EMA60=104327.67, EMA120=103386.00, 趋势=上涨趋势
[2025-06-24 15:27:47] BTCUSDT 1h: 当前价格=105677.60, EMA25=103766.11, EMA60=102973.62, EMA120=103219.41, 趋势=上涨趋势
[2025-06-24 15:27:47] BTCUSDT 4h: 当前价格=105677.60, EMA25=103116.16, EMA60=104005.72, EMA120=104695.17, 趋势=震荡行情
[2025-06-24 15:27:47] BTCUSDT 1d: 当前价格=105677.60, EMA25=104850.79, EMA60=102294.20, EMA120=98172.00, 趋势=上涨趋势
[2025-06-24 15:27:48] ETHUSDT 15m: 当前价格=2420.81, EMA25=2406.22, EMA60=2372.86, EMA120=2334.95, 趋势=上涨趋势
[2025-06-24 15:27:48] ETHUSDT 1h: 当前价格=2421.09, EMA25=2348.31, EMA60=2328.57, EMA120=2367.12, 趋势=震荡行情
[2025-06-24 15:27:48] ETHUSDT 4h: 当前价格=2420.81, EMA25=2354.13, EMA60=2433.41, EMA120=2485.08, 趋势=震荡行情
[2025-06-24 15:27:48] ETHUSDT 1d: 当前价格=2420.80, EMA25=2480.68, EMA60=2398.11, EMA120=2381.66, 趋势=震荡行情
==============================

===== 趋势分析结果 (2025-06-24 15:42:48) =====
[2025-06-24 15:42:47] BTCUSDT 15m: 当前价格=105085.70, EMA25=105104.77, EMA60=104348.48, EMA120=103412.00, 趋势=震荡行情
[2025-06-24 15:42:47] BTCUSDT 1h: 当前价格=105085.70, EMA25=103720.58, EMA60=102954.22, EMA120=103209.63, 趋势=上涨趋势
[2025-06-24 15:42:47] BTCUSDT 4h: 当前价格=105085.70, EMA25=103070.63, EMA60=103986.31, EMA120=104685.38, 趋势=震荡行情
[2025-06-24 15:42:47] BTCUSDT 1d: 当前价格=105085.70, EMA25=104805.26, EMA60=102274.80, EMA120=98162.21, 趋势=上涨趋势
[2025-06-24 15:42:48] ETHUSDT 15m: 当前价格=2399.43, EMA25=2405.25, EMA60=2373.53, EMA120=2335.92, 趋势=震荡行情
[2025-06-24 15:42:48] ETHUSDT 1h: 当前价格=2399.33, EMA25=2346.63, EMA60=2327.86, EMA120=2366.76, 趋势=震荡行情
[2025-06-24 15:42:48] ETHUSDT 4h: 当前价格=2399.33, EMA25=2352.48, EMA60=2432.71, EMA120=2484.72, 趋势=震荡行情
[2025-06-24 15:42:48] ETHUSDT 1d: 当前价格=2399.43, EMA25=2479.04, EMA60=2397.41, EMA120=2381.31, 趋势=震荡行情
==============================

===== 趋势分析结果 (2025-06-24 15:57:51) =====
[2025-06-24 15:57:47] BTCUSDT 15m: 当前价格=104908.30, EMA25=105098.65, EMA60=104370.85, EMA120=103438.77, 趋势=震荡行情
[2025-06-24 15:57:47] BTCUSDT 1h: 当前价格=104914.60, EMA25=103707.42, EMA60=102948.61, EMA120=103206.80, 趋势=上涨趋势
[2025-06-24 15:57:47] BTCUSDT 4h: 当前价格=104914.60, EMA25=103057.46, EMA60=103980.70, EMA120=104682.55, 趋势=震荡行情
[2025-06-24 15:57:47] BTCUSDT 1d: 当前价格=104914.60, EMA25=104792.10, EMA60=102269.19, EMA120=98159.38, 趋势=上涨趋势
[2025-06-24 15:57:48] ETHUSDT 15m: 当前价格=2394.75, EMA25=2404.66, EMA60=2374.32, EMA120=2336.94, 趋势=震荡行情
[2025-06-24 15:57:48] ETHUSDT 1h: 当前价格=2394.74, EMA25=2346.28, EMA60=2327.71, EMA120=2366.68, 趋势=震荡行情
[2025-06-24 15:57:50] ETHUSDT 4h: 当前价格=2394.67, EMA25=2352.12, EMA60=2432.55, EMA120=2484.64, 趋势=震荡行情
[2025-06-24 15:57:51] ETHUSDT 1d: 当前价格=2394.67, EMA25=2478.67, EMA60=2397.26, EMA120=2381.23, 趋势=震荡行情
==============================

===== 趋势分析结果 (2025-06-24 16:12:49) =====
[2025-06-24 16:12:47] BTCUSDT 15m: 当前价格=104728.90, EMA25=105069.04, EMA60=104382.07, EMA120=103459.81, 趋势=震荡行情
[2025-06-24 16:12:47] BTCUSDT 1h: 当前价格=104728.90, EMA25=103784.37, EMA60=103006.25, EMA120=103231.56, 趋势=上涨趋势
[2025-06-24 16:12:47] BTCUSDT 4h: 当前价格=104722.40, EMA25=103183.92, EMA60=104004.30, EMA120=104682.74, 趋势=震荡行情
[2025-06-24 16:12:47] BTCUSDT 1d: 当前价格=104723.80, EMA25=104777.42, EMA60=102262.93, EMA120=98156.23, 趋势=震荡行情
[2025-06-24 16:12:48] ETHUSDT 15m: 当前价格=2384.82, EMA25=2402.92, EMA60=2374.57, EMA120=2337.68, 趋势=震荡行情
[2025-06-24 16:12:48] ETHUSDT 1h: 当前价格=2384.71, EMA25=2349.03, EMA60=2329.48, EMA120=2366.93, 趋势=震荡行情
[2025-06-24 16:12:48] ETHUSDT 4h: 当前价格=2384.82, EMA25=2354.43, EMA60=2430.90, EMA120=2482.94, 趋势=震荡行情
[2025-06-24 16:12:49] ETHUSDT 1d: 当前价格=2384.82, EMA25=2477.92, EMA60=2396.93, EMA120=2381.07, 趋势=震荡行情
==============================

===== 趋势分析结果 (2025-06-24 16:27:49) =====
[2025-06-24 16:27:47] BTCUSDT 15m: 当前价格=104835.60, EMA25=105055.30, EMA60=104398.82, EMA120=103483.49, 趋势=震荡行情
[2025-06-24 16:27:47] BTCUSDT 1h: 当前价格=104831.30, EMA25=103792.25, EMA60=103009.61, EMA120=103233.25, 趋势=上涨趋势
[2025-06-24 16:27:47] BTCUSDT 4h: 当前价格=104835.60, EMA25=103192.63, EMA60=104008.01, EMA120=104684.62, 趋势=震荡行情
[2025-06-24 16:27:47] BTCUSDT 1d: 当前价格=104831.30, EMA25=104785.69, EMA60=102266.45, EMA120=98158.01, 趋势=上涨趋势
[2025-06-24 16:27:48] ETHUSDT 15m: 当前价格=2396.87, EMA25=2402.50, EMA60=2375.32, EMA120=2338.67, 趋势=震荡行情
[2025-06-24 16:27:48] ETHUSDT 1h: 当前价格=2396.87, EMA25=2349.96, EMA60=2329.88, EMA120=2367.13, 趋势=震荡行情
[2025-06-24 16:27:48] ETHUSDT 4h: 当前价格=2397.03, EMA25=2355.37, EMA60=2431.30, EMA120=2483.14, 趋势=震荡行情
[2025-06-24 16:27:48] ETHUSDT 1d: 当前价格=2397.03, EMA25=2478.86, EMA60=2397.34, EMA120=2381.27, 趋势=震荡行情
==============================

===== 趋势分析结果 (2025-06-24 16:42:49) =====
[2025-06-24 16:42:47] BTCUSDT 15m: 当前价格=105040.10, EMA25=105067.76, EMA60=104425.94, EMA120=103512.32, 趋势=震荡行情
[2025-06-24 16:42:47] BTCUSDT 1h: 当前价格=105040.10, EMA25=103808.31, EMA60=103016.46, EMA120=103236.71, 趋势=上涨趋势
[2025-06-24 16:42:47] BTCUSDT 4h: 当前价格=105040.10, EMA25=103208.36, EMA60=104014.71, EMA120=104688.00, 趋势=震荡行情
[2025-06-24 16:42:47] BTCUSDT 1d: 当前价格=105040.10, EMA25=104801.75, EMA60=102273.30, EMA120=98161.46, 趋势=上涨趋势
[2025-06-24 16:42:48] ETHUSDT 15m: 当前价格=2401.28, EMA25=2402.69, EMA60=2376.30, EMA120=2339.77, 趋势=震荡行情
[2025-06-24 16:42:48] ETHUSDT 1h: 当前价格=2401.27, EMA25=2350.30, EMA60=2330.03, EMA120=2367.20, 趋势=震荡行情
[2025-06-24 16:42:48] ETHUSDT 4h: 当前价格=2401.27, EMA25=2355.70, EMA60=2431.44, EMA120=2483.21, 趋势=震荡行情
[2025-06-24 16:42:49] ETHUSDT 1d: 当前价格=2401.27, EMA25=2479.18, EMA60=2397.47, EMA120=2381.34, 趋势=震荡行情
==============================

===== 趋势分析结果 (2025-06-24 16:57:49) =====
[2025-06-24 16:57:47] BTCUSDT 15m: 当前价格=104908.80, EMA25=105053.50, EMA60=104440.86, EMA120=103534.91, 趋势=震荡行情
[2025-06-24 16:57:47] BTCUSDT 1h: 当前价格=104908.90, EMA25=103798.22, EMA60=103012.16, EMA120=103234.54, 趋势=上涨趋势
[2025-06-24 16:57:47] BTCUSDT 4h: 当前价格=104908.90, EMA25=103198.26, EMA60=104010.41, EMA120=104685.83, 趋势=震荡行情
[2025-06-24 16:57:48] BTCUSDT 1d: 当前价格=104908.80, EMA25=104791.65, EMA60=102269.00, EMA120=98159.29, 趋势=上涨趋势
[2025-06-24 16:57:48] ETHUSDT 15m: 当前价格=2399.45, EMA25=2402.50, EMA60=2377.08, EMA120=2340.77, 趋势=震荡行情
[2025-06-24 16:57:48] ETHUSDT 1h: 当前价格=2399.45, EMA25=2350.16, EMA60=2329.97, EMA120=2367.17, 趋势=震荡行情
[2025-06-24 16:57:48] ETHUSDT 4h: 当前价格=2399.48, EMA25=2355.56, EMA60=2431.38, EMA120=2483.19, 趋势=震荡行情
[2025-06-24 16:57:49] ETHUSDT 1d: 当前价格=2399.45, EMA25=2479.04, EMA60=2397.41, EMA120=2381.31, 趋势=震荡行情
==============================

===== 趋势分析结果 (2025-06-24 17:12:48) =====
[2025-06-24 17:12:47] BTCUSDT 15m: 当前价格=104984.30, EMA25=105051.72, EMA60=104460.26, EMA120=103559.66, 趋势=震荡行情
[2025-06-24 17:12:47] BTCUSDT 1h: 当前价格=104984.30, EMA25=103892.99, EMA60=103078.40, EMA120=103264.23, 趋势=上涨趋势
[2025-06-24 17:12:47] BTCUSDT 4h: 当前价格=104984.30, EMA25=103204.06, EMA60=104012.88, EMA120=104687.07, 趋势=震荡行情
[2025-06-24 17:12:47] BTCUSDT 1d: 当前价格=104984.30, EMA25=104797.46, EMA60=102271.47, EMA120=98160.54, 趋势=上涨趋势
[2025-06-24 17:12:48] ETHUSDT 15m: 当前价格=2398.53, EMA25=2402.40, EMA60=2377.88, EMA120=2341.77, 趋势=震荡行情
[2025-06-24 17:12:48] ETHUSDT 1h: 当前价格=2398.53, EMA25=2354.09, EMA60=2332.31, EMA120=2367.74, 趋势=震荡行情
[2025-06-24 17:12:48] ETHUSDT 4h: 当前价格=2398.53, EMA25=2355.49, EMA60=2431.35, EMA120=2483.17, 趋势=震荡行情
[2025-06-24 17:12:48] ETHUSDT 1d: 当前价格=2398.67, EMA25=2478.98, EMA60=2397.39, EMA120=2381.30, 趋势=震荡行情
==============================

===== 趋势分析结果 (2025-06-24 17:27:49) =====
[2025-06-24 17:27:47] BTCUSDT 15m: 当前价格=105319.50, EMA25=105077.58, EMA60=104490.78, EMA120=103589.93, 趋势=上涨趋势
[2025-06-24 17:27:47] BTCUSDT 1h: 当前价格=105315.20, EMA25=103918.45, EMA60=103089.25, EMA120=103269.69, 趋势=上涨趋势
[2025-06-24 17:27:47] BTCUSDT 4h: 当前价格=105315.20, EMA25=103229.52, EMA60=104023.73, EMA120=104692.54, 趋势=震荡行情
[2025-06-24 17:27:47] BTCUSDT 1d: 当前价格=105315.20, EMA25=104822.91, EMA60=102282.32, EMA120=98166.01, 趋势=上涨趋势
[2025-06-24 17:27:48] ETHUSDT 15m: 当前价格=2420.89, EMA25=2403.99, EMA60=2379.36, EMA120=2343.11, 趋势=上涨趋势
[2025-06-24 17:27:48] ETHUSDT 1h: 当前价格=2422.11, EMA25=2355.90, EMA60=2333.08, EMA120=2368.13, 趋势=震荡行情
[2025-06-24 17:27:48] ETHUSDT 4h: 当前价格=2422.44, EMA25=2357.33, EMA60=2432.13, EMA120=2483.56, 趋势=震荡行情
[2025-06-24 17:27:49] ETHUSDT 1d: 当前价格=2420.89, EMA25=2480.69, EMA60=2398.12, EMA120=2381.66, 趋势=震荡行情
==============================

===== 趋势分析结果 (2025-06-24 17:42:49) =====
[2025-06-24 17:42:47] BTCUSDT 15m: 当前价格=105205.40, EMA25=105089.44, EMA60=104515.12, EMA120=103617.07, 趋势=上涨趋势
[2025-06-24 17:42:47] BTCUSDT 1h: 当前价格=105205.40, EMA25=103910.00, EMA60=103085.65, EMA120=103267.88, 趋势=上涨趋势
[2025-06-24 17:42:47] BTCUSDT 4h: 当前价格=105205.50, EMA25=103221.08, EMA60=104020.13, EMA120=104690.73, 趋势=震荡行情
[2025-06-24 17:42:47] BTCUSDT 1d: 当前价格=105205.40, EMA25=104814.47, EMA60=102278.72, EMA120=98164.19, 趋势=上涨趋势
[2025-06-24 17:42:48] ETHUSDT 15m: 当前价格=2415.30, EMA25=2405.50, EMA60=2380.83, EMA120=2344.45, 趋势=上涨趋势
[2025-06-24 17:42:48] ETHUSDT 1h: 当前价格=2415.30, EMA25=2355.38, EMA60=2332.86, EMA120=2368.02, 趋势=震荡行情
[2025-06-24 17:42:48] ETHUSDT 4h: 当前价格=2415.30, EMA25=2356.78, EMA60=2431.90, EMA120=2483.45, 趋势=震荡行情
[2025-06-24 17:42:49] ETHUSDT 1d: 当前价格=2415.30, EMA25=2480.26, EMA60=2397.93, EMA120=2381.57, 趋势=震荡行情
==============================

===== 趋势分析结果 (2025-06-24 17:57:49) =====
[2025-06-24 17:57:47] BTCUSDT 15m: 当前价格=105138.50, EMA25=105097.47, EMA60=104537.45, EMA120=103643.17, 趋势=上涨趋势
[2025-06-24 17:57:47] BTCUSDT 1h: 当前价格=105138.60, EMA25=103904.86, EMA60=103083.45, EMA120=103266.78, 趋势=上涨趋势
[2025-06-24 17:57:47] BTCUSDT 4h: 当前价格=105138.60, EMA25=103215.93, EMA60=104017.94, EMA120=104689.62, 趋势=震荡行情
[2025-06-24 17:57:47] BTCUSDT 1d: 当前价格=105138.50, EMA25=104809.32, EMA60=102276.53, EMA120=98163.09, 趋势=上涨趋势
[2025-06-24 17:57:48] ETHUSDT 15m: 当前价格=2414.93, EMA25=2406.26, EMA60=2381.96, EMA120=2345.63, 趋势=上涨趋势
[2025-06-24 17:57:48] ETHUSDT 1h: 当前价格=2414.73, EMA25=2355.34, EMA60=2332.84, EMA120=2368.01, 趋势=震荡行情
[2025-06-24 17:57:48] ETHUSDT 4h: 当前价格=2415.00, EMA25=2356.75, EMA60=2431.89, EMA120=2483.44, 趋势=震荡行情
[2025-06-24 17:57:49] ETHUSDT 1d: 当前价格=2414.82, EMA25=2480.22, EMA60=2397.92, EMA120=2381.56, 趋势=震荡行情
==============================

===== 趋势分析结果 (2025-06-24 18:12:48) =====
[2025-06-24 18:12:47] BTCUSDT 15m: 当前价格=105200.10, EMA25=105106.32, EMA60=104559.61, EMA120=103669.10, 趋势=上涨趋势
[2025-06-24 18:12:47] BTCUSDT 1h: 当前价格=105200.00, EMA25=104005.44, EMA60=103153.27, EMA120=103298.90, 趋势=上涨趋势
[2025-06-24 18:12:47] BTCUSDT 4h: 当前价格=105200.00, EMA25=103220.66, EMA60=104019.95, EMA120=104690.64, 趋势=震荡行情
[2025-06-24 18:12:47] BTCUSDT 1d: 当前价格=105200.10, EMA25=104814.06, EMA60=102278.55, EMA120=98164.10, 趋势=上涨趋势
[2025-06-24 18:12:48] ETHUSDT 15m: 当前价格=2415.88, EMA25=2406.98, EMA60=2383.07, EMA120=2346.78, 趋势=上涨趋势
[2025-06-24 18:12:48] ETHUSDT 1h: 当前价格=2415.87, EMA25=2359.99, EMA60=2335.56, EMA120=2368.79, 趋势=震荡行情
[2025-06-24 18:12:48] ETHUSDT 4h: 当前价格=2415.88, EMA25=2356.82, EMA60=2431.92, EMA120=2483.46, 趋势=震荡行情
[2025-06-24 18:12:48] ETHUSDT 1d: 当前价格=2415.88, EMA25=2480.31, EMA60=2397.95, EMA120=2381.58, 趋势=震荡行情
==============================

===== 趋势分析结果 (2025-06-24 18:27:48) =====
[2025-06-24 18:27:47] BTCUSDT 15m: 当前价格=105133.70, EMA25=105103.80, EMA60=104576.37, EMA120=103692.23, 趋势=上涨趋势
[2025-06-24 18:27:47] BTCUSDT 1h: 当前价格=105133.70, EMA25=104000.34, EMA60=103151.10, EMA120=103297.81, 趋势=上涨趋势
[2025-06-24 18:27:47] BTCUSDT 4h: 当前价格=105125.30, EMA25=103214.91, EMA60=104017.51, EMA120=104689.40, 趋势=震荡行情
[2025-06-24 18:27:47] BTCUSDT 1d: 当前价格=105142.30, EMA25=104809.61, EMA60=102276.65, EMA120=98163.15, 趋势=上涨趋势
[2025-06-24 18:27:48] ETHUSDT 15m: 当前价格=2413.22, EMA25=2407.39, EMA60=2384.02, EMA120=2347.86, 趋势=上涨趋势
[2025-06-24 18:27:48] ETHUSDT 1h: 当前价格=2414.00, EMA25=2359.84, EMA60=2335.50, EMA120=2368.76, 趋势=震荡行情
[2025-06-24 18:27:48] ETHUSDT 4h: 当前价格=2413.83, EMA25=2356.66, EMA60=2431.85, EMA120=2483.42, 趋势=震荡行情
[2025-06-24 18:27:48] ETHUSDT 1d: 当前价格=2413.21, EMA25=2480.10, EMA60=2397.87, EMA120=2381.54, 趋势=震荡行情
==============================

===== 趋势分析结果 (2025-06-24 18:42:49) =====
[2025-06-24 18:42:47] BTCUSDT 15m: 当前价格=105186.20, EMA25=105108.37, EMA60=104595.57, EMA120=103716.50, 趋势=上涨趋势
[2025-06-24 18:42:47] BTCUSDT 1h: 当前价格=105189.50, EMA25=104004.63, EMA60=103152.93, EMA120=103298.73, 趋势=上涨趋势
[2025-06-24 18:42:47] BTCUSDT 4h: 当前价格=105186.20, EMA25=103219.59, EMA60=104019.50, EMA120=104690.41, 趋势=震荡行情
[2025-06-24 18:42:47] BTCUSDT 1d: 当前价格=105189.40, EMA25=104813.24, EMA60=102278.20, EMA120=98163.93, 趋势=上涨趋势
[2025-06-24 18:42:48] ETHUSDT 15m: 当前价格=2409.39, EMA25=2407.58, EMA60=2384.87, EMA120=2348.89, 趋势=上涨趋势
[2025-06-24 18:42:48] ETHUSDT 1h: 当前价格=2410.08, EMA25=2359.54, EMA60=2335.37, EMA120=2368.70, 趋势=震荡行情
[2025-06-24 18:42:48] ETHUSDT 4h: 当前价格=2409.59, EMA25=2356.34, EMA60=2431.71, EMA120=2483.35, 趋势=震荡行情
[2025-06-24 18:42:49] ETHUSDT 1d: 当前价格=2410.08, EMA25=2479.86, EMA60=2397.76, EMA120=2381.49, 趋势=震荡行情
==============================

===== 趋势分析结果 (2025-06-24 18:57:48) =====
[2025-06-24 18:57:47] BTCUSDT 15m: 当前价格=105242.20, EMA25=105120.80, EMA60=104617.73, EMA120=103742.19, 趋势=上涨趋势
[2025-06-24 18:57:47] BTCUSDT 1h: 当前价格=105242.20, EMA25=104008.69, EMA60=103154.66, EMA120=103299.60, 趋势=上涨趋势
[2025-06-24 18:57:47] BTCUSDT 4h: 当前价格=105242.20, EMA25=103223.90, EMA60=104021.34, EMA120=104691.34, 趋势=震荡行情
[2025-06-24 18:57:47] BTCUSDT 1d: 当前价格=105242.20, EMA25=104817.30, EMA60=102279.93, EMA120=98164.80, 趋势=上涨趋势
[2025-06-24 18:57:48] ETHUSDT 15m: 当前价格=2412.37, EMA25=2408.01, EMA60=2385.80, EMA120=2349.95, 趋势=上涨趋势
[2025-06-24 18:57:48] ETHUSDT 1h: 当前价格=2412.57, EMA25=2359.73, EMA60=2335.45, EMA120=2368.74, 趋势=震荡行情
[2025-06-24 18:57:48] ETHUSDT 4h: 当前价格=2412.57, EMA25=2356.57, EMA60=2431.81, EMA120=2483.40, 趋势=震荡行情
[2025-06-24 18:57:48] ETHUSDT 1d: 当前价格=2412.57, EMA25=2480.05, EMA60=2397.84, EMA120=2381.53, 趋势=震荡行情
==============================

===== 趋势分析结果 (2025-06-24 19:12:48) =====
[2025-06-24 19:12:47] BTCUSDT 15m: 当前价格=105173.10, EMA25=105123.59, EMA60=104635.38, EMA120=103765.55, 趋势=上涨趋势
[2025-06-24 19:12:47] BTCUSDT 1h: 当前价格=105182.90, EMA25=104097.77, EMA60=103220.61, EMA120=103330.41, 趋势=上涨趋势
[2025-06-24 19:12:47] BTCUSDT 4h: 当前价格=105173.20, EMA25=103218.59, EMA60=104019.08, EMA120=104690.20, 趋势=震荡行情
[2025-06-24 19:12:47] BTCUSDT 1d: 当前价格=105173.10, EMA25=104811.98, EMA60=102277.66, EMA120=98163.66, 趋势=上涨趋势
[2025-06-24 19:12:48] ETHUSDT 15m: 当前价格=2409.97, EMA25=2408.19, EMA60=2386.60, EMA120=2350.95, 趋势=上涨趋势
[2025-06-24 19:12:48] ETHUSDT 1h: 当前价格=2409.65, EMA25=2363.59, EMA60=2337.89, EMA120=2369.42, 趋势=震荡行情
[2025-06-24 19:12:48] ETHUSDT 4h: 当前价格=2409.65, EMA25=2356.34, EMA60=2431.71, EMA120=2483.35, 趋势=震荡行情
[2025-06-24 19:12:48] ETHUSDT 1d: 当前价格=2410.29, EMA25=2479.88, EMA60=2397.77, EMA120=2381.49, 趋势=震荡行情
==============================

===== 趋势分析结果 (2025-06-24 19:27:49) =====
[2025-06-24 19:27:47] BTCUSDT 15m: 当前价格=105115.10, EMA25=105119.56, EMA60=104649.60, EMA120=103787.06, 趋势=震荡行情
[2025-06-24 19:27:47] BTCUSDT 1h: 当前价格=105115.00, EMA25=104092.55, EMA60=103218.38, EMA120=103329.29, 趋势=上涨趋势
[2025-06-24 19:27:47] BTCUSDT 4h: 当前价格=105115.00, EMA25=103214.12, EMA60=104017.17, EMA120=104689.23, 趋势=震荡行情
[2025-06-24 19:27:48] BTCUSDT 1d: 当前价格=105128.80, EMA25=104808.58, EMA60=102276.21, EMA120=98162.93, 趋势=上涨趋势
[2025-06-24 19:27:48] ETHUSDT 15m: 当前价格=2408.17, EMA25=2408.09, EMA60=2387.27, EMA120=2351.87, 趋势=上涨趋势
[2025-06-24 19:27:48] ETHUSDT 1h: 当前价格=2408.17, EMA25=2363.47, EMA60=2337.84, EMA120=2369.40, 趋势=震荡行情
[2025-06-24 19:27:49] ETHUSDT 4h: 当前价格=2408.17, EMA25=2356.23, EMA60=2431.66, EMA120=2483.33, 趋势=震荡行情
[2025-06-24 19:27:49] ETHUSDT 1d: 当前价格=2408.17, EMA25=2479.71, EMA60=2397.70, EMA120=2381.45, 趋势=震荡行情
==============================

===== 趋势分析结果 (2025-06-24 19:42:51) =====
[2025-06-24 19:42:47] BTCUSDT 15m: 当前价格=105117.20, EMA25=105133.65, EMA60=104671.31, EMA120=103812.30, 趋势=震荡行情
[2025-06-24 19:42:47] BTCUSDT 1h: 当前价格=105117.20, EMA25=104092.72, EMA60=103218.45, EMA120=103329.32, 趋势=上涨趋势
[2025-06-24 19:42:47] BTCUSDT 4h: 当前价格=105113.40, EMA25=103213.99, EMA60=104017.12, EMA120=104689.21, 趋势=震荡行情
[2025-06-24 19:42:47] BTCUSDT 1d: 当前价格=105117.20, EMA25=104807.68, EMA60=102275.83, EMA120=98162.73, 趋势=上涨趋势
[2025-06-24 19:42:48] ETHUSDT 15m: 当前价格=2405.45, EMA25=2408.47, EMA60=2388.12, EMA120=2352.89, 趋势=震荡行情
[2025-06-24 19:42:48] ETHUSDT 1h: 当前价格=2405.45, EMA25=2363.27, EMA60=2337.75, EMA120=2369.35, 趋势=震荡行情
[2025-06-24 19:42:50] ETHUSDT 4h: 当前价格=2405.79, EMA25=2356.05, EMA60=2431.58, EMA120=2483.29, 趋势=震荡行情
[2025-06-24 19:42:51] ETHUSDT 1d: 当前价格=2405.79, EMA25=2479.53, EMA60=2397.62, EMA120=2381.41, 趋势=震荡行情
==============================

===== 趋势分析结果 (2025-06-24 19:57:48) =====
[2025-06-24 19:57:47] BTCUSDT 15m: 当前价格=105127.70, EMA25=105132.70, EMA60=104686.05, EMA120=103833.91, 趋势=震荡行情
[2025-06-24 19:57:47] BTCUSDT 1h: 当前价格=105127.70, EMA25=104093.53, EMA60=103218.80, EMA120=103329.49, 趋势=上涨趋势
[2025-06-24 19:57:47] BTCUSDT 4h: 当前价格=105109.70, EMA25=103213.71, EMA60=104016.99, EMA120=104689.15, 趋势=震荡行情
[2025-06-24 19:57:47] BTCUSDT 1d: 当前价格=105127.70, EMA25=104808.49, EMA60=102276.17, EMA120=98162.91, 趋势=上涨趋势
[2025-06-24 19:57:48] ETHUSDT 15m: 当前价格=2405.53, EMA25=2408.35, EMA60=2388.74, EMA120=2353.78, 趋势=震荡行情
[2025-06-24 19:57:48] ETHUSDT 1h: 当前价格=2405.53, EMA25=2363.27, EMA60=2337.76, EMA120=2369.35, 趋势=震荡行情
[2025-06-24 19:57:48] ETHUSDT 4h: 当前价格=2405.53, EMA25=2356.03, EMA60=2431.58, EMA120=2483.29, 趋势=震荡行情
[2025-06-24 19:57:48] ETHUSDT 1d: 当前价格=2405.53, EMA25=2479.51, EMA60=2397.61, EMA120=2381.41, 趋势=震荡行情
==============================

===== 趋势分析结果 (2025-06-24 20:12:49) =====
[2025-06-24 20:12:47] BTCUSDT 15m: 当前价格=105173.10, EMA25=105136.30, EMA60=104702.24, EMA120=103856.14, 趋势=上涨趋势
[2025-06-24 20:12:47] BTCUSDT 1h: 当前价格=105173.10, EMA25=104177.06, EMA60=103283.09, EMA120=103360.04, 趋势=上涨趋势
[2025-06-24 20:12:47] BTCUSDT 4h: 当前价格=105185.40, EMA25=103367.15, EMA60=104056.09, EMA120=104697.65, 趋势=震荡行情
[2025-06-24 20:12:47] BTCUSDT 1d: 当前价格=105173.10, EMA25=104811.98, EMA60=102277.66, EMA120=98163.66, 趋势=上涨趋势
[2025-06-24 20:12:48] ETHUSDT 15m: 当前价格=2413.51, EMA25=2408.94, EMA60=2389.64, EMA120=2354.82, 趋势=上涨趋势
[2025-06-24 20:12:48] ETHUSDT 1h: 当前价格=2413.25, EMA25=2367.31, EMA60=2340.32, EMA120=2370.12, 趋势=震荡行情
[2025-06-24 20:12:48] ETHUSDT 4h: 当前价格=2413.40, EMA25=2360.64, EMA60=2431.07, EMA120=2482.17, 趋势=震荡行情
[2025-06-24 20:12:49] ETHUSDT 1d: 当前价格=2413.38, EMA25=2480.11, EMA60=2397.87, EMA120=2381.54, 趋势=震荡行情
==============================

===== 趋势分析结果 (2025-06-24 20:27:51) =====
[2025-06-24 20:27:47] BTCUSDT 15m: 当前价格=104966.50, EMA25=105123.86, EMA60=104711.18, EMA120=103874.63, 趋势=震荡行情
[2025-06-24 20:27:47] BTCUSDT 1h: 当前价格=104966.50, EMA25=104161.17, EMA60=103276.32, EMA120=103356.63, 趋势=上涨趋势
[2025-06-24 20:27:48] BTCUSDT 4h: 当前价格=104966.50, EMA25=103350.31, EMA60=104048.91, EMA120=104694.03, 趋势=震荡行情
[2025-06-24 20:27:49] BTCUSDT 1d: 当前价格=104966.50, EMA25=104796.09, EMA60=102270.89, EMA120=98160.24, 趋势=上涨趋势
[2025-06-24 20:27:50] ETHUSDT 15m: 当前价格=2403.95, EMA25=2408.53, EMA60=2390.10, EMA120=2355.62, 趋势=震荡行情
[2025-06-24 20:27:50] ETHUSDT 1h: 当前价格=2403.95, EMA25=2366.60, EMA60=2340.01, EMA120=2369.97, 趋势=震荡行情
[2025-06-24 20:27:50] ETHUSDT 4h: 当前价格=2403.96, EMA25=2359.91, EMA60=2430.76, EMA120=2482.02, 趋势=震荡行情
[2025-06-24 20:27:50] ETHUSDT 1d: 当前价格=2403.95, EMA25=2479.39, EMA60=2397.56, EMA120=2381.38, 趋势=震荡行情
==============================

===== 趋势分析结果 (2025-06-24 20:42:49) =====
[2025-06-24 20:42:47] BTCUSDT 15m: 当前价格=104940.00, EMA25=105113.18, EMA60=104720.23, EMA120=103893.02, 趋势=震荡行情
[2025-06-24 20:42:47] BTCUSDT 1h: 当前价格=104940.00, EMA25=104159.13, EMA60=103275.45, EMA120=103356.19, 趋势=上涨趋势
[2025-06-24 20:42:47] BTCUSDT 4h: 当前价格=104940.00, EMA25=103348.27, EMA60=104048.05, EMA120=104693.60, 趋势=震荡行情
[2025-06-24 20:42:48] BTCUSDT 1d: 当前价格=104940.00, EMA25=104794.05, EMA60=102270.02, EMA120=98159.80, 趋势=上涨趋势
[2025-06-24 20:42:48] ETHUSDT 15m: 当前价格=2409.48, EMA25=2408.79, EMA60=2390.82, EMA120=2356.55, 趋势=上涨趋势
[2025-06-24 20:42:48] ETHUSDT 1h: 当前价格=2409.48, EMA25=2367.02, EMA60=2340.19, EMA120=2370.06, 趋势=震荡行情
[2025-06-24 20:42:48] ETHUSDT 4h: 当前价格=2409.48, EMA25=2360.33, EMA60=2430.94, EMA120=2482.11, 趋势=震荡行情
[2025-06-24 20:42:49] ETHUSDT 1d: 当前价格=2409.48, EMA25=2479.81, EMA60=2397.74, EMA120=2381.48, 趋势=震荡行情
==============================

===== 趋势分析结果 (2025-06-24 20:57:48) =====
[2025-06-24 20:57:47] BTCUSDT 15m: 当前价格=105146.40, EMA25=105129.81, EMA60=104740.49, EMA120=103916.95, 趋势=上涨趋势
[2025-06-24 20:57:47] BTCUSDT 1h: 当前价格=105146.40, EMA25=104175.01, EMA60=103282.22, EMA120=103359.60, 趋势=上涨趋势
[2025-06-24 20:57:47] BTCUSDT 4h: 当前价格=105146.40, EMA25=103364.15, EMA60=104054.81, EMA120=104697.01, 趋势=震荡行情
[2025-06-24 20:57:47] BTCUSDT 1d: 当前价格=105146.30, EMA25=104809.92, EMA60=102276.78, EMA120=98163.21, 趋势=上涨趋势
[2025-06-24 20:57:48] ETHUSDT 15m: 当前价格=2414.17, EMA25=2409.59, EMA60=2391.76, EMA120=2357.60, 趋势=上涨趋势
[2025-06-24 20:57:48] ETHUSDT 1h: 当前价格=2414.17, EMA25=2367.38, EMA60=2340.35, EMA120=2370.14, 趋势=震荡行情
[2025-06-24 20:57:48] ETHUSDT 4h: 当前价格=2414.18, EMA25=2360.70, EMA60=2431.09, EMA120=2482.18, 趋势=震荡行情
[2025-06-24 20:57:48] ETHUSDT 1d: 当前价格=2414.18, EMA25=2480.17, EMA60=2397.90, EMA120=2381.55, 趋势=震荡行情
==============================

===== 趋势分析结果 (2025-06-24 21:12:46) =====
[2025-06-24 21:12:45] BTCUSDT 15m: 当前价格=105054.00, EMA25=105124.00, EMA60=104750.78, EMA120=103935.74, 趋势=震荡行情
[2025-06-24 21:12:45] BTCUSDT 1h: 当前价格=105054.00, EMA25=104242.64, EMA60=103340.32, EMA120=103387.57, 趋势=上涨趋势
[2025-06-24 21:12:45] BTCUSDT 4h: 当前价格=105054.00, EMA25=103357.04, EMA60=104051.78, EMA120=104695.48, 趋势=震荡行情
[2025-06-24 21:12:45] BTCUSDT 1d: 当前价格=105054.00, EMA25=104802.82, EMA60=102273.76, EMA120=98161.69, 趋势=上涨趋势
[2025-06-24 21:12:46] ETHUSDT 15m: 当前价格=2407.01, EMA25=2409.29, EMA60=2392.21, EMA120=2358.39, 趋势=震荡行情
[2025-06-24 21:12:46] ETHUSDT 1h: 当前价格=2405.83, EMA25=2370.23, EMA60=2342.45, EMA120=2370.70, 趋势=震荡行情
[2025-06-24 21:12:46] ETHUSDT 4h: 当前价格=2405.83, EMA25=2360.05, EMA60=2430.82, EMA120=2482.05, 趋势=震荡行情
[2025-06-24 21:12:46] ETHUSDT 1d: 当前价格=2405.83, EMA25=2479.53, EMA60=2397.62, EMA120=2381.42, 趋势=震荡行情
==============================

===== 趋势分析结果 (2025-06-24 21:27:47) =====
[2025-06-24 21:27:45] BTCUSDT 15m: 当前价格=104998.30, EMA25=105122.85, EMA60=104762.70, EMA120=103955.26, 趋势=震荡行情
[2025-06-24 21:27:45] BTCUSDT 1h: 当前价格=104998.30, EMA25=104238.36, EMA60=103338.49, EMA120=103386.65, 趋势=上涨趋势
[2025-06-24 21:27:45] BTCUSDT 4h: 当前价格=104998.30, EMA25=103352.75, EMA60=104049.96, EMA120=104694.56, 趋势=震荡行情
[2025-06-24 21:27:45] BTCUSDT 1d: 当前价格=104998.30, EMA25=104798.54, EMA60=102271.93, EMA120=98160.77, 趋势=上涨趋势
[2025-06-24 21:27:46] ETHUSDT 15m: 当前价格=2415.95, EMA25=2410.16, EMA60=2393.15, EMA120=2359.42, 趋势=上涨趋势
[2025-06-24 21:27:46] ETHUSDT 1h: 当前价格=2415.95, EMA25=2371.01, EMA60=2342.78, EMA120=2370.87, 趋势=上涨趋势
[2025-06-24 21:27:46] ETHUSDT 4h: 当前价格=2415.95, EMA25=2360.83, EMA60=2431.15, EMA120=2482.21, 趋势=震荡行情
[2025-06-24 21:27:47] ETHUSDT 1d: 当前价格=2415.99, EMA25=2480.31, EMA60=2397.96, EMA120=2381.58, 趋势=震荡行情
==============================

===== 趋势分析结果 (2025-06-24 21:42:47) =====
[2025-06-24 21:42:45] BTCUSDT 15m: 当前价格=104980.10, EMA25=105115.91, EMA60=104771.63, EMA120=103973.14, 趋势=震荡行情
[2025-06-24 21:42:45] BTCUSDT 1h: 当前价格=104968.30, EMA25=104236.05, EMA60=103337.51, EMA120=103386.15, 趋势=上涨趋势
[2025-06-24 21:42:45] BTCUSDT 4h: 当前价格=104977.90, EMA25=103351.18, EMA60=104049.29, EMA120=104694.22, 趋势=震荡行情
[2025-06-24 21:42:45] BTCUSDT 1d: 当前价格=104977.90, EMA25=104796.97, EMA60=102271.26, EMA120=98160.43, 趋势=上涨趋势
[2025-06-24 21:42:46] ETHUSDT 15m: 当前价格=2415.57, EMA25=2410.33, EMA60=2393.77, EMA120=2360.29, 趋势=上涨趋势
[2025-06-24 21:42:46] ETHUSDT 1h: 当前价格=2415.58, EMA25=2370.98, EMA60=2342.77, EMA120=2370.86, 趋势=上涨趋势
[2025-06-24 21:42:46] ETHUSDT 4h: 当前价格=2416.37, EMA25=2360.86, EMA60=2431.17, EMA120=2482.22, 趋势=震荡行情
[2025-06-24 21:42:47] ETHUSDT 1d: 当前价格=2416.37, EMA25=2480.34, EMA60=2397.97, EMA120=2381.59, 趋势=震荡行情
==============================

===== 趋势分析结果 (2025-06-24 21:57:47) =====
[2025-06-24 21:57:45] BTCUSDT 15m: 当前价格=105012.80, EMA25=105110.90, EMA60=104780.84, EMA120=103991.00, 趋势=震荡行情
[2025-06-24 21:57:45] BTCUSDT 1h: 当前价格=105012.80, EMA25=104239.47, EMA60=103338.97, EMA120=103386.89, 趋势=上涨趋势
[2025-06-24 21:57:45] BTCUSDT 4h: 当前价格=105012.80, EMA25=103353.87, EMA60=104050.43, EMA120=104694.80, 趋势=震荡行情
[2025-06-24 21:57:45] BTCUSDT 1d: 当前价格=105006.00, EMA25=104799.13, EMA60=102272.18, EMA120=98160.90, 趋势=上涨趋势
[2025-06-24 21:57:46] ETHUSDT 15m: 当前价格=2419.97, EMA25=2411.23, EMA60=2394.70, EMA120=2361.32, 趋势=上涨趋势
[2025-06-24 21:57:46] ETHUSDT 1h: 当前价格=2419.74, EMA25=2371.30, EMA60=2342.90, EMA120=2370.93, 趋势=上涨趋势
[2025-06-24 21:57:47] ETHUSDT 4h: 当前价格=2419.74, EMA25=2361.12, EMA60=2431.28, EMA120=2482.28, 趋势=震荡行情
[2025-06-24 21:57:47] ETHUSDT 1d: 当前价格=2419.64, EMA25=2480.59, EMA60=2398.08, EMA120=2381.64, 趋势=震荡行情
==============================

===== 趋势分析结果 (2025-06-24 22:12:49) =====
[2025-06-24 22:12:45] BTCUSDT 15m: 当前价格=105169.80, EMA25=105116.65, EMA60=104794.14, EMA120=104010.77, 趋势=上涨趋势
[2025-06-24 22:12:47] BTCUSDT 1h: 当前价格=105159.20, EMA25=104311.44, EMA60=103399.19, EMA120=103416.42, 趋势=上涨趋势
[2025-06-24 22:12:47] BTCUSDT 4h: 当前价格=105166.70, EMA25=103365.71, EMA60=104055.48, EMA120=104697.34, 趋势=震荡行情
[2025-06-24 22:12:48] BTCUSDT 1d: 当前价格=105166.70, EMA25=104811.49, EMA60=102277.45, EMA120=98163.55, 趋势=上涨趋势
[2025-06-24 22:12:48] ETHUSDT 15m: 当前价格=2428.61, EMA25=2412.60, EMA60=2395.83, EMA120=2362.44, 趋势=上涨趋势
[2025-06-24 22:12:48] ETHUSDT 1h: 当前价格=2429.29, EMA25=2375.82, EMA60=2345.76, EMA120=2371.91, 趋势=上涨趋势
[2025-06-24 22:12:48] ETHUSDT 4h: 当前价格=2428.84, EMA25=2361.82, EMA60=2431.57, EMA120=2482.43, 趋势=震荡行情
[2025-06-24 22:12:49] ETHUSDT 1d: 当前价格=2428.27, EMA25=2481.26, EMA60=2398.36, EMA120=2381.79, 趋势=震荡行情
==============================

===== 趋势分析结果 (2025-06-24 22:27:47) =====
[2025-06-24 22:27:45] BTCUSDT 15m: 当前价格=105239.90, EMA25=105126.23, EMA60=104808.80, EMA120=104031.11, 趋势=上涨趋势
[2025-06-24 22:27:45] BTCUSDT 1h: 当前价格=105258.00, EMA25=104319.04, EMA60=103402.43, EMA120=103418.05, 趋势=上涨趋势
[2025-06-24 22:27:45] BTCUSDT 4h: 当前价格=105258.00, EMA25=103372.73, EMA60=104058.47, EMA120=104698.85, 趋势=震荡行情
[2025-06-24 22:27:45] BTCUSDT 1d: 当前价格=105258.00, EMA25=104818.51, EMA60=102280.44, EMA120=98165.06, 趋势=上涨趋势
[2025-06-24 22:27:46] ETHUSDT 15m: 当前价格=2430.42, EMA25=2413.94, EMA60=2396.95, EMA120=2363.55, 趋势=上涨趋势
[2025-06-24 22:27:46] ETHUSDT 1h: 当前价格=2431.24, EMA25=2375.97, EMA60=2345.82, EMA120=2371.94, 趋势=上涨趋势
[2025-06-24 22:27:46] ETHUSDT 4h: 当前价格=2430.42, EMA25=2361.94, EMA60=2431.63, EMA120=2482.45, 趋势=震荡行情
[2025-06-24 22:27:46] ETHUSDT 1d: 当前价格=2431.24, EMA25=2481.49, EMA60=2398.46, EMA120=2381.84, 趋势=震荡行情
==============================

===== 趋势分析结果 (2025-06-24 22:42:47) =====
[2025-06-24 22:42:45] BTCUSDT 15m: 当前价格=105515.00, EMA25=105162.53, EMA60=104834.81, EMA120=104057.11, 趋势=上涨趋势
[2025-06-24 22:42:45] BTCUSDT 1h: 当前价格=105515.00, EMA25=104338.81, EMA60=103410.86, EMA120=103422.30, 趋势=上涨趋势
[2025-06-24 22:42:45] BTCUSDT 4h: 当前价格=105533.10, EMA25=103393.89, EMA60=104067.49, EMA120=104703.40, 趋势=震荡行情
[2025-06-24 22:42:45] BTCUSDT 1d: 当前价格=105515.00, EMA25=104838.28, EMA60=102288.87, EMA120=98169.31, 趋势=上涨趋势
[2025-06-24 22:42:46] ETHUSDT 15m: 当前价格=2433.18, EMA25=2415.41, EMA60=2398.13, EMA120=2364.70, 趋势=上涨趋势
[2025-06-24 22:42:46] ETHUSDT 1h: 当前价格=2433.18, EMA25=2376.12, EMA60=2345.89, EMA120=2371.97, 趋势=上涨趋势
[2025-06-24 22:42:46] ETHUSDT 4h: 当前价格=2433.18, EMA25=2362.16, EMA60=2431.72, EMA120=2482.50, 趋势=震荡行情
[2025-06-24 22:42:46] ETHUSDT 1d: 当前价格=2433.32, EMA25=2481.65, EMA60=2398.52, EMA120=2381.87, 趋势=震荡行情
==============================

===== 趋势分析结果 (2025-06-24 22:57:48) =====
[2025-06-24 22:57:45] BTCUSDT 15m: 当前价格=105383.50, EMA25=105182.02, EMA60=104853.91, EMA120=104079.62, 趋势=上涨趋势
[2025-06-24 22:57:45] BTCUSDT 1h: 当前价格=105383.50, EMA25=104328.70, EMA60=103406.54, EMA120=103420.12, 趋势=上涨趋势
[2025-06-24 22:57:45] BTCUSDT 4h: 当前价格=105383.50, EMA25=103382.38, EMA60=104062.59, EMA120=104700.93, 趋势=震荡行情
[2025-06-24 22:57:45] BTCUSDT 1d: 当前价格=105383.50, EMA25=104828.17, EMA60=102284.56, EMA120=98167.14, 趋势=上涨趋势
[2025-06-24 22:57:47] ETHUSDT 15m: 当前价格=2427.30, EMA25=2416.40, EMA60=2399.12, EMA120=2365.75, 趋势=上涨趋势
[2025-06-24 22:57:47] ETHUSDT 1h: 当前价格=2427.31, EMA25=2375.67, EMA60=2345.70, EMA120=2371.87, 趋势=上涨趋势
[2025-06-24 22:57:47] ETHUSDT 4h: 当前价格=2427.31, EMA25=2361.71, EMA60=2431.52, EMA120=2482.40, 趋势=震荡行情
[2025-06-24 22:57:48] ETHUSDT 1d: 当前价格=2427.30, EMA25=2481.18, EMA60=2398.33, EMA120=2381.77, 趋势=震荡行情
==============================

===== 趋势分析结果 (2025-06-24 23:12:46) =====
[2025-06-24 23:12:45] BTCUSDT 15m: 当前价格=105659.60, EMA25=105223.87, EMA60=104882.61, EMA120=104106.91, 趋势=上涨趋势
[2025-06-24 23:12:45] BTCUSDT 1h: 当前价格=105659.60, EMA25=104436.19, EMA60=103482.70, EMA120=103458.28, 趋势=上涨趋势
[2025-06-24 23:12:45] BTCUSDT 4h: 当前价格=105659.60, EMA25=103403.62, EMA60=104071.64, EMA120=104705.49, 趋势=震荡行情
[2025-06-24 23:12:45] BTCUSDT 1d: 当前价格=105659.60, EMA25=104849.41, EMA60=102293.61, EMA120=98171.70, 趋势=上涨趋势
[2025-06-24 23:12:46] ETHUSDT 15m: 当前价格=2438.08, EMA25=2418.25, EMA60=2400.48, EMA120=2366.99, 趋势=上涨趋势
[2025-06-24 23:12:46] ETHUSDT 1h: 当前价格=2438.00, EMA25=2380.65, EMA60=2348.81, EMA120=2373.01, 趋势=上涨趋势
[2025-06-24 23:12:46] ETHUSDT 4h: 当前价格=2438.08, EMA25=2362.53, EMA60=2431.88, EMA120=2482.58, 趋势=震荡行情
[2025-06-24 23:12:46] ETHUSDT 1d: 当前价格=2438.00, EMA25=2482.01, EMA60=2398.68, EMA120=2381.95, 趋势=震荡行情
==============================

===== 趋势分析结果 (2025-06-24 23:27:47) =====
[2025-06-24 23:27:45] BTCUSDT 15m: 当前价格=105579.40, EMA25=105241.01, EMA60=104900.90, EMA120=104128.93, 趋势=上涨趋势
[2025-06-24 23:27:45] BTCUSDT 1h: 当前价格=105579.40, EMA25=104430.02, EMA60=103480.07, EMA120=103456.95, 趋势=上涨趋势
[2025-06-24 23:27:45] BTCUSDT 4h: 当前价格=105599.80, EMA25=103399.02, EMA60=104069.68, EMA120=104704.50, 趋势=震荡行情
[2025-06-24 23:27:45] BTCUSDT 1d: 当前价格=105579.30, EMA25=104843.23, EMA60=102290.98, EMA120=98170.37, 趋势=上涨趋势
[2025-06-24 23:27:46] ETHUSDT 15m: 当前价格=2435.30, EMA25=2419.08, EMA60=2401.41, EMA120=2368.01, 趋势=上涨趋势
[2025-06-24 23:27:46] ETHUSDT 1h: 当前价格=2435.30, EMA25=2380.44, EMA60=2348.72, EMA120=2372.97, 趋势=上涨趋势
[2025-06-24 23:27:46] ETHUSDT 4h: 当前价格=2435.30, EMA25=2362.32, EMA60=2431.79, EMA120=2482.53, 趋势=震荡行情
[2025-06-24 23:27:47] ETHUSDT 1d: 当前价格=2435.16, EMA25=2481.79, EMA60=2398.59, EMA120=2381.90, 趋势=震荡行情
==============================

===== 趋势分析结果 (2025-06-24 23:42:47) =====
[2025-06-24 23:42:45] BTCUSDT 15m: 当前价格=105206.90, EMA25=105239.43, EMA60=104911.40, EMA120=104147.00, 趋势=震荡行情
[2025-06-24 23:42:45] BTCUSDT 1h: 当前价格=105200.00, EMA25=104400.83, EMA60=103467.63, EMA120=103450.68, 趋势=上涨趋势
[2025-06-24 23:42:45] BTCUSDT 4h: 当前价格=105207.00, EMA25=103368.81, EMA60=104056.80, EMA120=104698.01, 趋势=震荡行情
[2025-06-24 23:42:45] BTCUSDT 1d: 当前价格=105207.00, EMA25=104814.59, EMA60=102278.77, EMA120=98164.22, 趋势=上涨趋势
[2025-06-24 23:42:46] ETHUSDT 15m: 当前价格=2425.30, EMA25=2419.55, EMA60=2402.19, EMA120=2368.96, 趋势=上涨趋势
[2025-06-24 23:42:46] ETHUSDT 1h: 当前价格=2425.30, EMA25=2379.68, EMA60=2348.39, EMA120=2372.80, 趋势=上涨趋势
[2025-06-24 23:42:46] ETHUSDT 4h: 当前价格=2425.30, EMA25=2361.55, EMA60=2431.46, EMA120=2482.37, 趋势=震荡行情
[2025-06-24 23:42:47] ETHUSDT 1d: 当前价格=2425.30, EMA25=2481.03, EMA60=2398.26, EMA120=2381.74, 趋势=震荡行情
==============================

===== 趋势分析结果 (2025-06-24 23:57:46) =====
[2025-06-24 23:57:45] BTCUSDT 15m: 当前价格=105138.10, EMA25=105231.54, EMA60=104918.79, EMA120=104163.38, 趋势=震荡行情
[2025-06-24 23:57:45] BTCUSDT 1h: 当前价格=105138.10, EMA25=104396.07, EMA60=103465.60, EMA120=103449.66, 趋势=上涨趋势
[2025-06-24 23:57:45] BTCUSDT 4h: 当前价格=105138.10, EMA25=103363.51, EMA60=104054.54, EMA120=104696.87, 趋势=震荡行情
[2025-06-24 23:57:45] BTCUSDT 1d: 当前价格=105138.10, EMA25=104809.29, EMA60=102276.51, EMA120=98163.08, 趋势=上涨趋势
[2025-06-24 23:57:46] ETHUSDT 15m: 当前价格=2435.36, EMA25=2420.98, EMA60=2403.37, EMA120=2370.10, 趋势=上涨趋势
[2025-06-24 23:57:46] ETHUSDT 1h: 当前价格=2435.36, EMA25=2380.45, EMA60=2348.72, EMA120=2372.97, 趋势=上涨趋势
[2025-06-24 23:57:46] ETHUSDT 4h: 当前价格=2435.36, EMA25=2362.32, EMA60=2431.79, EMA120=2482.53, 趋势=震荡行情
[2025-06-24 23:57:46] ETHUSDT 1d: 当前价格=2435.36, EMA25=2481.80, EMA60=2398.59, EMA120=2381.90, 趋势=震荡行情
==============================

