===== 趋势分析结果 (2025-08-29 00:00:18) =====
[2025-08-29 00:00:16] BTCUSDT 5m: 当前价格=112745.53, EMA25=112822.42, EMA50=%!f(utils.TrendStatus=SE), 趋势=%!s(MISSING)
[2025-08-29 00:00:16] BTCUSDT 15m: 当前价格=112818.29, EMA25=112694.72, EMA50=%!f(utils.TrendStatus=SE), 趋势=%!s(MISSING)
[2025-08-29 00:00:16] BTCUSDT 1h: 当前价格=112410.40, EMA25=112045.00, EMA50=%!f(utils.TrendStatus=SE), 趋势=%!s(MISSING)
[2025-08-29 00:00:16] BTCUSDT 4h: 当前价格=112165.00, EMA25=112964.78, EMA50=%!f(utils.TrendStatus=RA), 趋势=%!s(MISSING)
[2025-08-29 00:00:17] BTCUSDT 1d: 当前价格=114757.58, EMA25=114341.44, EMA50=%!f(utils.TrendStatus=SE), 趋势=%!s(MISSING)
[2025-08-29 00:00:17] BTCUSDT 3d: 当前价格=112907.48, EMA25=107390.10, EMA50=%!f(utils.TrendStatus=RA), 趋势=%!s(MISSING)
[2025-08-29 00:00:17] ETHUSDT 5m: 当前价格=4538.47, EMA25=4557.28, EMA50=%!f(utils.TrendStatus=SE), 趋势=%!s(MISSING)
[2025-08-29 00:00:17] ETHUSDT 15m: 当前价格=4559.98, EMA25=4566.48, EMA50=%!f(utils.TrendStatus=SE), 趋势=%!s(MISSING)
[2025-08-29 00:00:17] ETHUSDT 1h: 当前价格=4562.96, EMA25=4565.40, EMA50=%!f(utils.TrendStatus=SE), 趋势=%!s(MISSING)
[2025-08-29 00:00:18] ETHUSDT 4h: 当前价格=4558.62, EMA25=4531.02, EMA50=%!f(utils.TrendStatus=RA), 趋势=%!s(MISSING)
[2025-08-29 00:00:18] ETHUSDT 1d: 当前价格=4303.99, EMA25=3934.67, EMA50=%!f(utils.TrendStatus=BU), 趋势=%!s(MISSING)
[2025-08-29 00:00:18] ETHUSDT 3d: 当前价格=3667.13, EMA25=3209.73, EMA50=%!f(utils.TrendStatus=SE), 趋势=%!s(MISSING)
==============================

===== 趋势分析结果 (2025-08-29 00:05:18) =====
[2025-08-29 00:05:16] BTCUSDT 5m: 当前价格=112736.93, EMA25=112814.97, EMA50=%!f(utils.TrendStatus=SE), 趋势=%!s(MISSING)
[2025-08-29 00:05:16] BTCUSDT 15m: 当前价格=112817.90, EMA25=112694.52, EMA50=%!f(utils.TrendStatus=SE), 趋势=%!s(MISSING)
[2025-08-29 00:05:16] BTCUSDT 1h: 当前价格=112409.58, EMA25=112044.59, EMA50=%!f(utils.TrendStatus=SE), 趋势=%!s(MISSING)
[2025-08-29 00:05:16] BTCUSDT 4h: 当前价格=112164.18, EMA25=112964.36, EMA50=%!f(utils.TrendStatus=RA), 趋势=%!s(MISSING)
[2025-08-29 00:05:17] BTCUSDT 1d: 当前价格=114756.76, EMA25=114341.02, EMA50=%!f(utils.TrendStatus=SE), 趋势=%!s(MISSING)
[2025-08-29 00:05:17] BTCUSDT 3d: 当前价格=112906.66, EMA25=107389.68, EMA50=%!f(utils.TrendStatus=RA), 趋势=%!s(MISSING)
[2025-08-29 00:05:17] ETHUSDT 5m: 当前价格=4536.43, EMA25=4555.51, EMA50=%!f(utils.TrendStatus=SE), 趋势=%!s(MISSING)
[2025-08-29 00:05:17] ETHUSDT 15m: 当前价格=4560.41, EMA25=4566.70, EMA50=%!f(utils.TrendStatus=SE), 趋势=%!s(MISSING)
[2025-08-29 00:05:18] ETHUSDT 1h: 当前价格=4563.37, EMA25=4565.61, EMA50=%!f(utils.TrendStatus=SE), 趋势=%!s(MISSING)
[2025-08-29 00:05:18] ETHUSDT 4h: 当前价格=4558.98, EMA25=4531.21, EMA50=%!f(utils.TrendStatus=RA), 趋势=%!s(MISSING)
[2025-08-29 00:05:18] ETHUSDT 1d: 当前价格=4304.37, EMA25=3934.86, EMA50=%!f(utils.TrendStatus=BU), 趋势=%!s(MISSING)
[2025-08-29 00:05:18] ETHUSDT 3d: 当前价格=3667.54, EMA25=3209.94, EMA50=%!f(utils.TrendStatus=SE), 趋势=%!s(MISSING)
==============================

===== 趋势分析结果 (2025-08-29 00:10:18) =====
[2025-08-29 00:10:16] BTCUSDT 5m: 当前价格=112737.09, EMA25=112812.05, EMA50=%!f(utils.TrendStatus=SE), 趋势=%!s(MISSING)
[2025-08-29 00:10:16] BTCUSDT 15m: 当前价格=112819.94, EMA25=112695.56, EMA50=%!f(utils.TrendStatus=SE), 趋势=%!s(MISSING)
[2025-08-29 00:10:16] BTCUSDT 1h: 当前价格=112411.63, EMA25=112045.64, EMA50=%!f(utils.TrendStatus=SE), 趋势=%!s(MISSING)
[2025-08-29 00:10:17] BTCUSDT 4h: 当前价格=112166.23, EMA25=112965.41, EMA50=%!f(utils.TrendStatus=RA), 趋势=%!s(MISSING)
[2025-08-29 00:10:17] BTCUSDT 1d: 当前价格=114758.82, EMA25=114342.07, EMA50=%!f(utils.TrendStatus=SE), 趋势=%!s(MISSING)
[2025-08-29 00:10:17] BTCUSDT 3d: 当前价格=112908.71, EMA25=107390.73, EMA50=%!f(utils.TrendStatus=RA), 趋势=%!s(MISSING)
[2025-08-29 00:10:17] ETHUSDT 5m: 当前价格=4534.47, EMA25=4553.76, EMA50=%!f(utils.TrendStatus=SE), 趋势=%!s(MISSING)
[2025-08-29 00:10:17] ETHUSDT 15m: 当前价格=4560.35, EMA25=4566.67, EMA50=%!f(utils.TrendStatus=SE), 趋势=%!s(MISSING)
[2025-08-29 00:10:17] ETHUSDT 1h: 当前价格=4563.29, EMA25=4565.57, EMA50=%!f(utils.TrendStatus=SE), 趋势=%!s(MISSING)
[2025-08-29 00:10:18] ETHUSDT 4h: 当前价格=4558.95, EMA25=4531.19, EMA50=%!f(utils.TrendStatus=RA), 趋势=%!s(MISSING)
[2025-08-29 00:10:18] ETHUSDT 1d: 当前价格=4304.29, EMA25=3934.82, EMA50=%!f(utils.TrendStatus=BU), 趋势=%!s(MISSING)
[2025-08-29 00:10:18] ETHUSDT 3d: 当前价格=3667.46, EMA25=3209.90, EMA50=%!f(utils.TrendStatus=SE), 趋势=%!s(MISSING)
==============================

===== 趋势分析结果 (2025-08-29 00:15:18) =====
[2025-08-29 00:15:16] BTCUSDT 5m: 当前价格=112765.66, EMA25=112823.94, EMA50=%!f(utils.TrendStatus=BU), 趋势=%!s(MISSING)
[2025-08-29 00:15:16] BTCUSDT 15m: 当前价格=112842.53, EMA25=112712.24, EMA50=%!f(utils.TrendStatus=RA), 趋势=%!s(MISSING)
[2025-08-29 00:15:16] BTCUSDT 1h: 当前价格=112430.41, EMA25=112055.21, EMA50=%!f(utils.TrendStatus=RA), 趋势=%!s(MISSING)
[2025-08-29 00:15:16] BTCUSDT 4h: 当前价格=112185.03, EMA25=112974.99, EMA50=%!f(utils.TrendStatus=RA), 趋势=%!s(MISSING)
[2025-08-29 00:15:17] BTCUSDT 1d: 当前价格=114778.37, EMA25=114352.04, EMA50=%!f(utils.TrendStatus=SE), 趋势=%!s(MISSING)
[2025-08-29 00:15:17] BTCUSDT 3d: 当前价格=112928.27, EMA25=107400.70, EMA50=%!f(utils.TrendStatus=RA), 趋势=%!s(MISSING)
[2025-08-29 00:15:17] ETHUSDT 5m: 当前价格=4534.30, EMA25=4552.94, EMA50=%!f(utils.TrendStatus=SE), 趋势=%!s(MISSING)
[2025-08-29 00:15:17] ETHUSDT 15m: 当前价格=4558.13, EMA25=4565.31, EMA50=%!f(utils.TrendStatus=SE), 趋势=%!s(MISSING)
[2025-08-29 00:15:17] ETHUSDT 1h: 当前价格=4564.26, EMA25=4566.07, EMA50=%!f(utils.TrendStatus=RA), 趋势=%!s(MISSING)
[2025-08-29 00:15:18] ETHUSDT 4h: 当前价格=4559.92, EMA25=4531.69, EMA50=%!f(utils.TrendStatus=RA), 趋势=%!s(MISSING)
[2025-08-29 00:15:18] ETHUSDT 1d: 当前价格=4305.24, EMA25=3935.31, EMA50=%!f(utils.TrendStatus=BU), 趋势=%!s(MISSING)
[2025-08-29 00:15:18] ETHUSDT 3d: 当前价格=3668.49, EMA25=3210.42, EMA50=%!f(utils.TrendStatus=SE), 趋势=%!s(MISSING)
==============================

===== 趋势分析结果 (2025-08-29 00:20:18) =====
[2025-08-29 00:20:16] BTCUSDT 5m: 当前价格=112793.06, EMA25=112835.80, EMA50=%!f(utils.TrendStatus=BU), 趋势=%!s(MISSING)
[2025-08-29 00:20:16] BTCUSDT 15m: 当前价格=112847.53, EMA25=112714.79, EMA50=%!f(utils.TrendStatus=RA), 趋势=%!s(MISSING)
[2025-08-29 00:20:16] BTCUSDT 1h: 当前价格=112435.37, EMA25=112057.74, EMA50=%!f(utils.TrendStatus=RA), 趋势=%!s(MISSING)
[2025-08-29 00:20:16] BTCUSDT 4h: 当前价格=112189.97, EMA25=112977.51, EMA50=%!f(utils.TrendStatus=RA), 趋势=%!s(MISSING)
[2025-08-29 00:20:17] BTCUSDT 1d: 当前价格=114782.55, EMA25=114354.17, EMA50=%!f(utils.TrendStatus=SE), 趋势=%!s(MISSING)
[2025-08-29 00:20:17] BTCUSDT 3d: 当前价格=112932.45, EMA25=107402.83, EMA50=%!f(utils.TrendStatus=RA), 趋势=%!s(MISSING)
[2025-08-29 00:20:17] ETHUSDT 5m: 当前价格=4533.15, EMA25=4551.62, EMA50=%!f(utils.TrendStatus=SE), 趋势=%!s(MISSING)
[2025-08-29 00:20:17] ETHUSDT 15m: 当前价格=4557.93, EMA25=4565.21, EMA50=%!f(utils.TrendStatus=SE), 趋势=%!s(MISSING)
[2025-08-29 00:20:17] ETHUSDT 1h: 当前价格=4564.07, EMA25=4565.97, EMA50=%!f(utils.TrendStatus=RA), 趋势=%!s(MISSING)
[2025-08-29 00:20:18] ETHUSDT 4h: 当前价格=4559.71, EMA25=4531.58, EMA50=%!f(utils.TrendStatus=RA), 趋势=%!s(MISSING)
[2025-08-29 00:20:18] ETHUSDT 1d: 当前价格=4305.05, EMA25=3935.21, EMA50=%!f(utils.TrendStatus=BU), 趋势=%!s(MISSING)
[2025-08-29 00:20:18] ETHUSDT 3d: 当前价格=3668.25, EMA25=3210.30, EMA50=%!f(utils.TrendStatus=SE), 趋势=%!s(MISSING)
==============================

===== 趋势分析结果 (2025-08-29 00:25:20) =====
[2025-08-29 00:25:18] BTCUSDT 5m: 当前价格=112781.04, EMA25=112827.71, EMA50=%!f(utils.TrendStatus=RA), 趋势=%!s(MISSING)
[2025-08-29 00:25:18] BTCUSDT 15m: 当前价格=112832.94, EMA25=112707.35, EMA50=%!f(utils.TrendStatus=SE), 趋势=%!s(MISSING)
[2025-08-29 00:25:18] BTCUSDT 1h: 当前价格=112420.90, EMA25=112050.36, EMA50=%!f(utils.TrendStatus=RA), 趋势=%!s(MISSING)
[2025-08-29 00:25:19] BTCUSDT 4h: 当前价格=112175.41, EMA25=112970.09, EMA50=%!f(utils.TrendStatus=RA), 趋势=%!s(MISSING)
[2025-08-29 00:25:19] BTCUSDT 1d: 当前价格=114768.09, EMA25=114346.79, EMA50=%!f(utils.TrendStatus=SE), 趋势=%!s(MISSING)
[2025-08-29 00:25:19] BTCUSDT 3d: 当前价格=112917.89, EMA25=107395.41, EMA50=%!f(utils.TrendStatus=RA), 趋势=%!s(MISSING)
[2025-08-29 00:25:19] ETHUSDT 5m: 当前价格=4530.65, EMA25=4549.61, EMA50=%!f(utils.TrendStatus=SE), 趋势=%!s(MISSING)
[2025-08-29 00:25:19] ETHUSDT 15m: 当前价格=4557.05, EMA25=4564.76, EMA50=%!f(utils.TrendStatus=SE), 趋势=%!s(MISSING)
[2025-08-29 00:25:19] ETHUSDT 1h: 当前价格=4563.25, EMA25=4565.55, EMA50=%!f(utils.TrendStatus=SE), 趋势=%!s(MISSING)
[2025-08-29 00:25:20] ETHUSDT 4h: 当前价格=4558.91, EMA25=4531.17, EMA50=%!f(utils.TrendStatus=RA), 趋势=%!s(MISSING)
[2025-08-29 00:25:20] ETHUSDT 1d: 当前价格=4304.25, EMA25=3934.81, EMA50=%!f(utils.TrendStatus=BU), 趋势=%!s(MISSING)
[2025-08-29 00:25:20] ETHUSDT 3d: 当前价格=3667.35, EMA25=3209.84, EMA50=%!f(utils.TrendStatus=SE), 趋势=%!s(MISSING)
==============================

===== 趋势分析结果 (2025-08-29 00:30:20) =====
[2025-08-29 00:30:16] BTCUSDT 5m: 当前价格=112803.43, EMA25=112837.51, EMA50=%!f(utils.TrendStatus=BU), 趋势=%!s(MISSING)
[2025-08-29 00:30:16] BTCUSDT 15m: 当前价格=112851.77, EMA25=112722.08, EMA50=%!f(utils.TrendStatus=RA), 趋势=%!s(MISSING)
[2025-08-29 00:30:16] BTCUSDT 1h: 当前价格=112430.39, EMA25=112055.20, EMA50=%!f(utils.TrendStatus=RA), 趋势=%!s(MISSING)
[2025-08-29 00:30:16] BTCUSDT 4h: 当前价格=112184.99, EMA25=112974.97, EMA50=%!f(utils.TrendStatus=RA), 趋势=%!s(MISSING)
[2025-08-29 00:30:17] BTCUSDT 1d: 当前价格=114778.56, EMA25=114352.13, EMA50=%!f(utils.TrendStatus=SE), 趋势=%!s(MISSING)
[2025-08-29 00:30:17] BTCUSDT 3d: 当前价格=112927.91, EMA25=107400.51, EMA50=%!f(utils.TrendStatus=RA), 趋势=%!s(MISSING)
[2025-08-29 00:30:17] ETHUSDT 5m: 当前价格=4530.60, EMA25=4548.86, EMA50=%!f(utils.TrendStatus=SE), 趋势=%!s(MISSING)
[2025-08-29 00:30:17] ETHUSDT 15m: 当前价格=4555.12, EMA25=4563.49, EMA50=%!f(utils.TrendStatus=SE), 趋势=%!s(MISSING)
[2025-08-29 00:30:19] ETHUSDT 1h: 当前价格=4564.03, EMA25=4565.95, EMA50=%!f(utils.TrendStatus=RA), 趋势=%!s(MISSING)
[2025-08-29 00:30:20] ETHUSDT 4h: 当前价格=4559.81, EMA25=4531.63, EMA50=%!f(utils.TrendStatus=RA), 趋势=%!s(MISSING)
[2025-08-29 00:30:20] ETHUSDT 1d: 当前价格=4305.03, EMA25=3935.20, EMA50=%!f(utils.TrendStatus=BU), 趋势=%!s(MISSING)
[2025-08-29 00:30:20] ETHUSDT 3d: 当前价格=3668.20, EMA25=3210.27, EMA50=%!f(utils.TrendStatus=SE), 趋势=%!s(MISSING)
==============================

===== 趋势分析结果 (2025-08-29 00:35:18) =====
[2025-08-29 00:35:16] BTCUSDT 5m: 当前价格=112788.88, EMA25=112828.49, EMA50=%!f(utils.TrendStatus=SE), 趋势=%!s(MISSING)
[2025-08-29 00:35:16] BTCUSDT 15m: 当前价格=112839.77, EMA25=112715.96, EMA50=%!f(utils.TrendStatus=SE), 趋势=%!s(MISSING)
[2025-08-29 00:35:16] BTCUSDT 1h: 当前价格=112418.83, EMA25=112049.30, EMA50=%!f(utils.TrendStatus=RA), 趋势=%!s(MISSING)
[2025-08-29 00:35:16] BTCUSDT 4h: 当前价格=112172.60, EMA25=112968.66, EMA50=%!f(utils.TrendStatus=RA), 趋势=%!s(MISSING)
[2025-08-29 00:35:17] BTCUSDT 1d: 当前价格=114766.01, EMA25=114345.73, EMA50=%!f(utils.TrendStatus=SE), 趋势=%!s(MISSING)
[2025-08-29 00:35:17] BTCUSDT 3d: 当前价格=112915.08, EMA25=107393.97, EMA50=%!f(utils.TrendStatus=RA), 趋势=%!s(MISSING)
[2025-08-29 00:35:17] ETHUSDT 5m: 当前价格=4528.40, EMA25=4547.01, EMA50=%!f(utils.TrendStatus=SE), 趋势=%!s(MISSING)
[2025-08-29 00:35:17] ETHUSDT 15m: 当前价格=4554.48, EMA25=4563.16, EMA50=%!f(utils.TrendStatus=SE), 趋势=%!s(MISSING)
[2025-08-29 00:35:17] ETHUSDT 1h: 当前价格=4563.47, EMA25=4565.67, EMA50=%!f(utils.TrendStatus=SE), 趋势=%!s(MISSING)
[2025-08-29 00:35:18] ETHUSDT 4h: 当前价格=4559.09, EMA25=4531.26, EMA50=%!f(utils.TrendStatus=RA), 趋势=%!s(MISSING)
[2025-08-29 00:35:18] ETHUSDT 1d: 当前价格=4304.43, EMA25=3934.89, EMA50=%!f(utils.TrendStatus=BU), 趋势=%!s(MISSING)
[2025-08-29 00:35:18] ETHUSDT 3d: 当前价格=3667.65, EMA25=3209.99, EMA50=%!f(utils.TrendStatus=SE), 趋势=%!s(MISSING)
==============================

===== 趋势分析结果 (2025-08-29 00:40:19) =====
[2025-08-29 00:40:16] BTCUSDT 5m: 当前价格=112806.22, EMA25=112835.97, EMA50=%!f(utils.TrendStatus=BU), 趋势=%!s(MISSING)
[2025-08-29 00:40:16] BTCUSDT 15m: 当前价格=112848.04, EMA25=112720.18, EMA50=%!f(utils.TrendStatus=RA), 趋势=%!s(MISSING)
[2025-08-29 00:40:16] BTCUSDT 1h: 当前价格=112427.10, EMA25=112053.52, EMA50=%!f(utils.TrendStatus=RA), 趋势=%!s(MISSING)
[2025-08-29 00:40:16] BTCUSDT 4h: 当前价格=112181.70, EMA25=112973.30, EMA50=%!f(utils.TrendStatus=RA), 趋势=%!s(MISSING)
[2025-08-29 00:40:17] BTCUSDT 1d: 当前价格=114774.29, EMA25=114349.95, EMA50=%!f(utils.TrendStatus=SE), 趋势=%!s(MISSING)
[2025-08-29 00:40:17] BTCUSDT 3d: 当前价格=112924.18, EMA25=107398.61, EMA50=%!f(utils.TrendStatus=RA), 趋势=%!s(MISSING)
[2025-08-29 00:40:17] ETHUSDT 5m: 当前价格=4528.30, EMA25=4546.24, EMA50=%!f(utils.TrendStatus=SE), 趋势=%!s(MISSING)
[2025-08-29 00:40:17] ETHUSDT 15m: 当前价格=4555.09, EMA25=4563.47, EMA50=%!f(utils.TrendStatus=SE), 趋势=%!s(MISSING)
[2025-08-29 00:40:17] ETHUSDT 1h: 当前价格=4564.10, EMA25=4565.99, EMA50=%!f(utils.TrendStatus=RA), 趋势=%!s(MISSING)
[2025-08-29 00:40:18] ETHUSDT 4h: 当前价格=4559.76, EMA25=4531.61, EMA50=%!f(utils.TrendStatus=RA), 趋势=%!s(MISSING)
[2025-08-29 00:40:18] ETHUSDT 1d: 当前价格=4305.10, EMA25=3935.24, EMA50=%!f(utils.TrendStatus=BU), 趋势=%!s(MISSING)
[2025-08-29 00:40:19] ETHUSDT 3d: 当前价格=3668.25, EMA25=3210.30, EMA50=%!f(utils.TrendStatus=SE), 趋势=%!s(MISSING)
==============================

===== 趋势分析结果 (2025-08-29 00:45:18) =====
[2025-08-29 00:45:16] BTCUSDT 5m: 当前价格=112801.69, EMA25=112832.40, EMA50=%!f(utils.TrendStatus=RA), 趋势=%!s(MISSING)
[2025-08-29 00:45:16] BTCUSDT 15m: 当前价格=112840.30, EMA25=112721.16, EMA50=%!f(utils.TrendStatus=SE), 趋势=%!s(MISSING)
[2025-08-29 00:45:16] BTCUSDT 1h: 当前价格=112420.08, EMA25=112049.94, EMA50=%!f(utils.TrendStatus=RA), 趋势=%!s(MISSING)
[2025-08-29 00:45:16] BTCUSDT 4h: 当前价格=112174.68, EMA25=112969.72, EMA50=%!f(utils.TrendStatus=RA), 趋势=%!s(MISSING)
[2025-08-29 00:45:17] BTCUSDT 1d: 当前价格=114767.27, EMA25=114346.38, EMA50=%!f(utils.TrendStatus=SE), 趋势=%!s(MISSING)
[2025-08-29 00:45:17] BTCUSDT 3d: 当前价格=112917.16, EMA25=107395.03, EMA50=%!f(utils.TrendStatus=RA), 趋势=%!s(MISSING)
[2025-08-29 00:45:17] ETHUSDT 5m: 当前价格=4527.11, EMA25=4544.92, EMA50=%!f(utils.TrendStatus=SE), 趋势=%!s(MISSING)
[2025-08-29 00:45:17] ETHUSDT 15m: 当前价格=4551.82, EMA25=4561.47, EMA50=%!f(utils.TrendStatus=SE), 趋势=%!s(MISSING)
[2025-08-29 00:45:17] ETHUSDT 1h: 当前价格=4563.76, EMA25=4565.81, EMA50=%!f(utils.TrendStatus=RA), 趋势=%!s(MISSING)
[2025-08-29 00:45:18] ETHUSDT 4h: 当前价格=4559.42, EMA25=4531.43, EMA50=%!f(utils.TrendStatus=RA), 趋势=%!s(MISSING)
[2025-08-29 00:45:18] ETHUSDT 1d: 当前价格=4304.76, EMA25=3935.06, EMA50=%!f(utils.TrendStatus=BU), 趋势=%!s(MISSING)
[2025-08-29 00:45:18] ETHUSDT 3d: 当前价格=3667.95, EMA25=3210.14, EMA50=%!f(utils.TrendStatus=SE), 趋势=%!s(MISSING)
==============================

===== 趋势分析结果 (2025-08-29 00:50:18) =====
[2025-08-29 00:50:16] BTCUSDT 5m: 当前价格=112785.46, EMA25=112822.75, EMA50=%!f(utils.TrendStatus=SE), 趋势=%!s(MISSING)
[2025-08-29 00:50:16] BTCUSDT 15m: 当前价格=112832.98, EMA25=112717.42, EMA50=%!f(utils.TrendStatus=SE), 趋势=%!s(MISSING)
[2025-08-29 00:50:16] BTCUSDT 1h: 当前价格=112411.70, EMA25=112045.67, EMA50=%!f(utils.TrendStatus=SE), 趋势=%!s(MISSING)
[2025-08-29 00:50:17] BTCUSDT 4h: 当前价格=112167.36, EMA25=112965.99, EMA50=%!f(utils.TrendStatus=RA), 趋势=%!s(MISSING)
[2025-08-29 00:50:17] BTCUSDT 1d: 当前价格=114758.88, EMA25=114342.10, EMA50=%!f(utils.TrendStatus=SE), 趋势=%!s(MISSING)
[2025-08-29 00:50:17] BTCUSDT 3d: 当前价格=112909.84, EMA25=107391.30, EMA50=%!f(utils.TrendStatus=RA), 趋势=%!s(MISSING)
[2025-08-29 00:50:17] ETHUSDT 5m: 当前价格=4525.05, EMA25=4543.16, EMA50=%!f(utils.TrendStatus=SE), 趋势=%!s(MISSING)
[2025-08-29 00:50:17] ETHUSDT 15m: 当前价格=4551.25, EMA25=4561.19, EMA50=%!f(utils.TrendStatus=SE), 趋势=%!s(MISSING)
[2025-08-29 00:50:17] ETHUSDT 1h: 当前价格=4563.19, EMA25=4565.52, EMA50=%!f(utils.TrendStatus=SE), 趋势=%!s(MISSING)
[2025-08-29 00:50:18] ETHUSDT 4h: 当前价格=4558.88, EMA25=4531.16, EMA50=%!f(utils.TrendStatus=RA), 趋势=%!s(MISSING)
[2025-08-29 00:50:18] ETHUSDT 1d: 当前价格=4304.25, EMA25=3934.80, EMA50=%!f(utils.TrendStatus=BU), 趋势=%!s(MISSING)
[2025-08-29 00:50:18] ETHUSDT 3d: 当前价格=3667.38, EMA25=3209.85, EMA50=%!f(utils.TrendStatus=SE), 趋势=%!s(MISSING)
==============================

===== 趋势分析结果 (2025-08-29 00:55:18) =====
[2025-08-29 00:55:16] BTCUSDT 5m: 当前价格=112770.13, EMA25=112813.44, EMA50=%!f(utils.TrendStatus=SE), 趋势=%!s(MISSING)
[2025-08-29 00:55:16] BTCUSDT 15m: 当前价格=112825.09, EMA25=112713.40, EMA50=%!f(utils.TrendStatus=SE), 趋势=%!s(MISSING)
[2025-08-29 00:55:16] BTCUSDT 1h: 当前价格=112404.88, EMA25=112042.19, EMA50=%!f(utils.TrendStatus=SE), 趋势=%!s(MISSING)
[2025-08-29 00:55:17] BTCUSDT 4h: 当前价格=112159.48, EMA25=112961.97, EMA50=%!f(utils.TrendStatus=RA), 趋势=%!s(MISSING)
[2025-08-29 00:55:17] BTCUSDT 1d: 当前价格=114752.06, EMA25=114338.62, EMA50=%!f(utils.TrendStatus=SE), 趋势=%!s(MISSING)
[2025-08-29 00:55:17] BTCUSDT 3d: 当前价格=112902.03, EMA25=107387.32, EMA50=%!f(utils.TrendStatus=RA), 趋势=%!s(MISSING)
[2025-08-29 00:55:17] ETHUSDT 5m: 当前价格=4522.33, EMA25=4541.06, EMA50=%!f(utils.TrendStatus=SE), 趋势=%!s(MISSING)
[2025-08-29 00:55:17] ETHUSDT 15m: 当前价格=4550.22, EMA25=4560.66, EMA50=%!f(utils.TrendStatus=SE), 趋势=%!s(MISSING)
[2025-08-29 00:55:17] ETHUSDT 1h: 当前价格=4562.22, EMA25=4565.03, EMA50=%!f(utils.TrendStatus=SE), 趋势=%!s(MISSING)
[2025-08-29 00:55:18] ETHUSDT 4h: 当前价格=4557.88, EMA25=4530.65, EMA50=%!f(utils.TrendStatus=RA), 趋势=%!s(MISSING)
[2025-08-29 00:55:18] ETHUSDT 1d: 当前价格=4303.22, EMA25=3934.28, EMA50=%!f(utils.TrendStatus=BU), 趋势=%!s(MISSING)
[2025-08-29 00:55:18] ETHUSDT 3d: 当前价格=3666.39, EMA25=3209.35, EMA50=%!f(utils.TrendStatus=SE), 趋势=%!s(MISSING)
==============================

===== 趋势分析结果 (2025-08-29 01:00:18) =====
[2025-08-29 01:00:16] BTCUSDT 5m: 当前价格=112712.90, EMA25=112782.08, EMA50=%!f(utils.TrendStatus=SE), 趋势=%!s(MISSING)
[2025-08-29 01:00:16] BTCUSDT 15m: 当前价格=112763.55, EMA25=112685.93, EMA50=%!f(utils.TrendStatus=SE), 趋势=%!s(MISSING)
[2025-08-29 01:00:16] BTCUSDT 1h: 当前价格=112375.36, EMA25=112040.88, EMA50=%!f(utils.TrendStatus=RA), 趋势=%!s(MISSING)
[2025-08-29 01:00:17] BTCUSDT 4h: 当前价格=112137.40, EMA25=112950.71, EMA50=%!f(utils.TrendStatus=RA), 趋势=%!s(MISSING)
[2025-08-29 01:00:17] BTCUSDT 1d: 当前价格=114730.36, EMA25=114327.56, EMA50=%!f(utils.TrendStatus=SE), 趋势=%!s(MISSING)
[2025-08-29 01:00:17] BTCUSDT 3d: 当前价格=112879.88, EMA25=107376.03, EMA50=%!f(utils.TrendStatus=RA), 趋势=%!s(MISSING)
[2025-08-29 01:00:17] ETHUSDT 5m: 当前价格=4515.83, EMA25=4536.97, EMA50=%!f(utils.TrendStatus=SE), 趋势=%!s(MISSING)
[2025-08-29 01:00:17] ETHUSDT 15m: 当前价格=4541.57, EMA25=4555.79, EMA50=%!f(utils.TrendStatus=SE), 趋势=%!s(MISSING)
[2025-08-29 01:00:17] ETHUSDT 1h: 当前价格=4552.58, EMA25=4559.96, EMA50=%!f(utils.TrendStatus=RA), 趋势=%!s(MISSING)
[2025-08-29 01:00:18] ETHUSDT 4h: 当前价格=4555.68, EMA25=4529.52, EMA50=%!f(utils.TrendStatus=SE), 趋势=%!s(MISSING)
[2025-08-29 01:00:18] ETHUSDT 1d: 当前价格=4300.98, EMA25=3933.13, EMA50=%!f(utils.TrendStatus=BU), 趋势=%!s(MISSING)
[2025-08-29 01:00:18] ETHUSDT 3d: 当前价格=3664.31, EMA25=3208.29, EMA50=%!f(utils.TrendStatus=SE), 趋势=%!s(MISSING)
==============================

===== 趋势分析结果 (2025-08-29 01:05:18) =====
[2025-08-29 01:05:16] BTCUSDT 5m: 当前价格=112680.21, EMA25=112762.65, EMA50=%!f(utils.TrendStatus=SE), 趋势=%!s(MISSING)
[2025-08-29 01:05:16] BTCUSDT 15m: 当前价格=112762.21, EMA25=112685.25, EMA50=%!f(utils.TrendStatus=SE), 趋势=%!s(MISSING)
[2025-08-29 01:05:16] BTCUSDT 1h: 当前价格=112374.33, EMA25=112040.36, EMA50=%!f(utils.TrendStatus=SE), 趋势=%!s(MISSING)
[2025-08-29 01:05:17] BTCUSDT 4h: 当前价格=112136.36, EMA25=112950.18, EMA50=%!f(utils.TrendStatus=RA), 趋势=%!s(MISSING)
[2025-08-29 01:05:17] BTCUSDT 1d: 当前价格=114729.40, EMA25=114327.07, EMA50=%!f(utils.TrendStatus=SE), 趋势=%!s(MISSING)
[2025-08-29 01:05:17] BTCUSDT 3d: 当前价格=112879.65, EMA25=107375.91, EMA50=%!f(utils.TrendStatus=RA), 趋势=%!s(MISSING)
[2025-08-29 01:05:17] ETHUSDT 5m: 当前价格=4512.98, EMA25=4534.70, EMA50=%!f(utils.TrendStatus=SE), 趋势=%!s(MISSING)
[2025-08-29 01:05:17] ETHUSDT 15m: 当前价格=4542.07, EMA25=4556.05, EMA50=%!f(utils.TrendStatus=SE), 趋势=%!s(MISSING)
[2025-08-29 01:05:18] ETHUSDT 1h: 当前价格=4553.00, EMA25=4560.17, EMA50=%!f(utils.TrendStatus=RA), 趋势=%!s(MISSING)
[2025-08-29 01:05:18] ETHUSDT 4h: 当前价格=4556.25, EMA25=4529.82, EMA50=%!f(utils.TrendStatus=SE), 趋势=%!s(MISSING)
[2025-08-29 01:05:18] ETHUSDT 1d: 当前价格=4301.59, EMA25=3933.45, EMA50=%!f(utils.TrendStatus=BU), 趋势=%!s(MISSING)
[2025-08-29 01:05:18] ETHUSDT 3d: 当前价格=3664.70, EMA25=3208.49, EMA50=%!f(utils.TrendStatus=SE), 趋势=%!s(MISSING)
==============================

===== 趋势分析结果 (2025-08-29 01:10:18) =====
[2025-08-29 01:10:16] BTCUSDT 5m: 当前价格=112634.73, EMA25=112736.04, EMA50=%!f(utils.TrendStatus=SE), 趋势=%!s(MISSING)
[2025-08-29 01:10:16] BTCUSDT 15m: 当前价格=112754.77, EMA25=112681.45, EMA50=%!f(utils.TrendStatus=SE), 趋势=%!s(MISSING)
[2025-08-29 01:10:16] BTCUSDT 1h: 当前价格=112366.34, EMA25=112036.29, EMA50=%!f(utils.TrendStatus=SE), 趋势=%!s(MISSING)
[2025-08-29 01:10:17] BTCUSDT 4h: 当前价格=112128.38, EMA25=112946.11, EMA50=%!f(utils.TrendStatus=RA), 趋势=%!s(MISSING)
[2025-08-29 01:10:17] BTCUSDT 1d: 当前价格=114720.38, EMA25=114322.47, EMA50=%!f(utils.TrendStatus=SE), 趋势=%!s(MISSING)
[2025-08-29 01:10:17] BTCUSDT 3d: 当前价格=112870.86, EMA25=107371.43, EMA50=%!f(utils.TrendStatus=RA), 趋势=%!s(MISSING)
[2025-08-29 01:10:17] ETHUSDT 5m: 当前价格=4509.36, EMA25=4531.99, EMA50=%!f(utils.TrendStatus=SE), 趋势=%!s(MISSING)
[2025-08-29 01:10:17] ETHUSDT 15m: 当前价格=4541.86, EMA25=4555.94, EMA50=%!f(utils.TrendStatus=SE), 趋势=%!s(MISSING)
[2025-08-29 01:10:17] ETHUSDT 1h: 当前价格=4552.88, EMA25=4560.11, EMA50=%!f(utils.TrendStatus=RA), 趋势=%!s(MISSING)
[2025-08-29 01:10:18] ETHUSDT 4h: 当前价格=4555.98, EMA25=4529.68, EMA50=%!f(utils.TrendStatus=SE), 趋势=%!s(MISSING)
[2025-08-29 01:10:18] ETHUSDT 1d: 当前价格=4301.29, EMA25=3933.30, EMA50=%!f(utils.TrendStatus=BU), 趋势=%!s(MISSING)
[2025-08-29 01:10:18] ETHUSDT 3d: 当前价格=3664.49, EMA25=3208.38, EMA50=%!f(utils.TrendStatus=SE), 趋势=%!s(MISSING)
==============================

===== 趋势分析结果 (2025-08-29 01:15:18) =====
[2025-08-29 01:15:16] BTCUSDT 5m: 当前价格=112603.57, EMA25=112716.19, EMA50=%!f(utils.TrendStatus=SE), 趋势=%!s(MISSING)
[2025-08-29 01:15:16] BTCUSDT 15m: 当前价格=112714.37, EMA25=112663.74, EMA50=%!f(utils.TrendStatus=SE), 趋势=%!s(MISSING)
[2025-08-29 01:15:16] BTCUSDT 1h: 当前价格=112367.81, EMA25=112037.04, EMA50=%!f(utils.TrendStatus=SE), 趋势=%!s(MISSING)
[2025-08-29 01:15:17] BTCUSDT 4h: 当前价格=112130.13, EMA25=112947.00, EMA50=%!f(utils.TrendStatus=RA), 趋势=%!s(MISSING)
[2025-08-29 01:15:17] BTCUSDT 1d: 当前价格=114722.71, EMA25=114323.66, EMA50=%!f(utils.TrendStatus=SE), 趋势=%!s(MISSING)
[2025-08-29 01:15:17] BTCUSDT 3d: 当前价格=112872.61, EMA25=107372.32, EMA50=%!f(utils.TrendStatus=RA), 趋势=%!s(MISSING)
[2025-08-29 01:15:17] ETHUSDT 5m: 当前价格=4506.80, EMA25=4529.81, EMA50=%!f(utils.TrendStatus=SE), 趋势=%!s(MISSING)
[2025-08-29 01:15:17] ETHUSDT 15m: 当前价格=4536.78, EMA25=4552.81, EMA50=%!f(utils.TrendStatus=SE), 趋势=%!s(MISSING)
[2025-08-29 01:15:17] ETHUSDT 1h: 当前价格=4553.13, EMA25=4560.24, EMA50=%!f(utils.TrendStatus=RA), 趋势=%!s(MISSING)
[2025-08-29 01:15:18] ETHUSDT 4h: 当前价格=4556.16, EMA25=4529.77, EMA50=%!f(utils.TrendStatus=SE), 趋势=%!s(MISSING)
[2025-08-29 01:15:18] ETHUSDT 1d: 当前价格=4301.50, EMA25=3933.40, EMA50=%!f(utils.TrendStatus=BU), 趋势=%!s(MISSING)
[2025-08-29 01:15:18] ETHUSDT 3d: 当前价格=3664.71, EMA25=3208.49, EMA50=%!f(utils.TrendStatus=SE), 趋势=%!s(MISSING)
==============================

===== 趋势分析结果 (2025-08-29 01:20:18) =====
[2025-08-29 01:20:16] BTCUSDT 5m: 当前价格=112588.10, EMA25=112704.04, EMA50=%!f(utils.TrendStatus=SE), 趋势=%!s(MISSING)
[2025-08-29 01:20:16] BTCUSDT 15m: 当前价格=112720.36, EMA25=112666.79, EMA50=%!f(utils.TrendStatus=SE), 趋势=%!s(MISSING)
[2025-08-29 01:20:16] BTCUSDT 1h: 当前价格=112373.84, EMA25=112040.11, EMA50=%!f(utils.TrendStatus=SE), 趋势=%!s(MISSING)
[2025-08-29 01:20:16] BTCUSDT 4h: 当前价格=112136.12, EMA25=112950.06, EMA50=%!f(utils.TrendStatus=RA), 趋势=%!s(MISSING)
[2025-08-29 01:20:17] BTCUSDT 1d: 当前价格=114728.70, EMA25=114326.71, EMA50=%!f(utils.TrendStatus=SE), 趋势=%!s(MISSING)
[2025-08-29 01:20:17] BTCUSDT 3d: 当前价格=112878.36, EMA25=107375.25, EMA50=%!f(utils.TrendStatus=RA), 趋势=%!s(MISSING)
[2025-08-29 01:20:17] ETHUSDT 5m: 当前价格=4503.93, EMA25=4527.44, EMA50=%!f(utils.TrendStatus=SE), 趋势=%!s(MISSING)
[2025-08-29 01:20:17] ETHUSDT 15m: 当前价格=4536.49, EMA25=4552.66, EMA50=%!f(utils.TrendStatus=SE), 趋势=%!s(MISSING)
[2025-08-29 01:20:17] ETHUSDT 1h: 当前价格=4552.79, EMA25=4560.07, EMA50=%!f(utils.TrendStatus=RA), 趋势=%!s(MISSING)
[2025-08-29 01:20:18] ETHUSDT 4h: 当前价格=4555.91, EMA25=4529.64, EMA50=%!f(utils.TrendStatus=SE), 趋势=%!s(MISSING)
[2025-08-29 01:20:18] ETHUSDT 1d: 当前价格=4301.25, EMA25=3933.27, EMA50=%!f(utils.TrendStatus=BU), 趋势=%!s(MISSING)
[2025-08-29 01:20:18] ETHUSDT 3d: 当前价格=3664.42, EMA25=3208.35, EMA50=%!f(utils.TrendStatus=SE), 趋势=%!s(MISSING)
==============================

===== 趋势分析结果 (2025-08-29 01:25:18) =====
[2025-08-29 01:25:16] BTCUSDT 5m: 当前价格=112581.03, EMA25=112696.05, EMA50=%!f(utils.TrendStatus=SE), 趋势=%!s(MISSING)
[2025-08-29 01:25:16] BTCUSDT 15m: 当前价格=112727.80, EMA25=112670.59, EMA50=%!f(utils.TrendStatus=SE), 趋势=%!s(MISSING)
[2025-08-29 01:25:16] BTCUSDT 1h: 当前价格=112381.25, EMA25=112043.89, EMA50=%!f(utils.TrendStatus=RA), 趋势=%!s(MISSING)
[2025-08-29 01:25:17] BTCUSDT 4h: 当前价格=112143.56, EMA25=112953.85, EMA50=%!f(utils.TrendStatus=RA), 趋势=%!s(MISSING)
[2025-08-29 01:25:17] BTCUSDT 1d: 当前价格=114736.14, EMA25=114330.51, EMA50=%!f(utils.TrendStatus=SE), 趋势=%!s(MISSING)
[2025-08-29 01:25:17] BTCUSDT 3d: 当前价格=112886.04, EMA25=107379.17, EMA50=%!f(utils.TrendStatus=RA), 趋势=%!s(MISSING)
[2025-08-29 01:25:17] ETHUSDT 5m: 当前价格=4503.17, EMA25=4526.15, EMA50=%!f(utils.TrendStatus=SE), 趋势=%!s(MISSING)
[2025-08-29 01:25:17] ETHUSDT 15m: 当前价格=4537.49, EMA25=4553.17, EMA50=%!f(utils.TrendStatus=SE), 趋势=%!s(MISSING)
[2025-08-29 01:25:17] ETHUSDT 1h: 当前价格=4553.81, EMA25=4560.58, EMA50=%!f(utils.TrendStatus=RA), 趋势=%!s(MISSING)
[2025-08-29 01:25:18] ETHUSDT 4h: 当前价格=4556.91, EMA25=4530.15, EMA50=%!f(utils.TrendStatus=SE), 趋势=%!s(MISSING)
[2025-08-29 01:25:18] ETHUSDT 1d: 当前价格=4302.25, EMA25=3933.78, EMA50=%!f(utils.TrendStatus=BU), 趋势=%!s(MISSING)
[2025-08-29 01:25:18] ETHUSDT 3d: 当前价格=3665.43, EMA25=3208.86, EMA50=%!f(utils.TrendStatus=SE), 趋势=%!s(MISSING)
==============================

===== 趋势分析结果 (2025-08-29 01:30:18) =====
[2025-08-29 01:30:16] BTCUSDT 5m: 当前价格=112576.76, EMA25=112689.47, EMA50=%!f(utils.TrendStatus=SE), 趋势=%!s(MISSING)
[2025-08-29 01:30:16] BTCUSDT 15m: 当前价格=112711.98, EMA25=112664.87, EMA50=%!f(utils.TrendStatus=SE), 趋势=%!s(MISSING)
[2025-08-29 01:30:16] BTCUSDT 1h: 当前价格=112385.85, EMA25=112046.23, EMA50=%!f(utils.TrendStatus=RA), 趋势=%!s(MISSING)
[2025-08-29 01:30:16] BTCUSDT 4h: 当前价格=112147.89, EMA25=112956.06, EMA50=%!f(utils.TrendStatus=RA), 趋势=%!s(MISSING)
[2025-08-29 01:30:17] BTCUSDT 1d: 当前价格=114740.47, EMA25=114332.71, EMA50=%!f(utils.TrendStatus=SE), 趋势=%!s(MISSING)
[2025-08-29 01:30:17] BTCUSDT 3d: 当前价格=112890.37, EMA25=107381.37, EMA50=%!f(utils.TrendStatus=RA), 趋势=%!s(MISSING)
[2025-08-29 01:30:17] ETHUSDT 5m: 当前价格=4502.18, EMA25=4524.75, EMA50=%!f(utils.TrendStatus=SE), 趋势=%!s(MISSING)
[2025-08-29 01:30:17] ETHUSDT 15m: 当前价格=4533.83, EMA25=4550.70, EMA50=%!f(utils.TrendStatus=SE), 趋势=%!s(MISSING)
[2025-08-29 01:30:17] ETHUSDT 1h: 当前价格=4554.03, EMA25=4560.70, EMA50=%!f(utils.TrendStatus=RA), 趋势=%!s(MISSING)
[2025-08-29 01:30:18] ETHUSDT 4h: 当前价格=4557.15, EMA25=4530.27, EMA50=%!f(utils.TrendStatus=SE), 趋势=%!s(MISSING)
[2025-08-29 01:30:18] ETHUSDT 1d: 当前价格=4302.48, EMA25=3933.90, EMA50=%!f(utils.TrendStatus=BU), 趋势=%!s(MISSING)
[2025-08-29 01:30:18] ETHUSDT 3d: 当前价格=3665.64, EMA25=3208.97, EMA50=%!f(utils.TrendStatus=SE), 趋势=%!s(MISSING)
==============================

===== 趋势分析结果 (2025-08-29 01:35:18) =====
[2025-08-29 01:35:16] BTCUSDT 5m: 当前价格=112557.53, EMA25=112675.14, EMA50=%!f(utils.TrendStatus=SE), 趋势=%!s(MISSING)
[2025-08-29 01:35:16] BTCUSDT 15m: 当前价格=112707.18, EMA25=112662.42, EMA50=%!f(utils.TrendStatus=SE), 趋势=%!s(MISSING)
[2025-08-29 01:35:16] BTCUSDT 1h: 当前价格=112381.06, EMA25=112043.79, EMA50=%!f(utils.TrendStatus=RA), 趋势=%!s(MISSING)
[2025-08-29 01:35:16] BTCUSDT 4h: 当前价格=112143.09, EMA25=112953.61, EMA50=%!f(utils.TrendStatus=RA), 趋势=%!s(MISSING)
[2025-08-29 01:35:17] BTCUSDT 1d: 当前价格=114735.68, EMA25=114330.27, EMA50=%!f(utils.TrendStatus=SE), 趋势=%!s(MISSING)
[2025-08-29 01:35:17] BTCUSDT 3d: 当前价格=112885.57, EMA25=107378.93, EMA50=%!f(utils.TrendStatus=RA), 趋势=%!s(MISSING)
[2025-08-29 01:35:17] ETHUSDT 5m: 当前价格=4499.55, EMA25=4522.52, EMA50=%!f(utils.TrendStatus=SE), 趋势=%!s(MISSING)
[2025-08-29 01:35:17] ETHUSDT 15m: 当前价格=4533.20, EMA25=4550.37, EMA50=%!f(utils.TrendStatus=SE), 趋势=%!s(MISSING)
[2025-08-29 01:35:17] ETHUSDT 1h: 当前价格=4553.41, EMA25=4560.38, EMA50=%!f(utils.TrendStatus=RA), 趋势=%!s(MISSING)
[2025-08-29 01:35:18] ETHUSDT 4h: 当前价格=4556.51, EMA25=4529.95, EMA50=%!f(utils.TrendStatus=SE), 趋势=%!s(MISSING)
[2025-08-29 01:35:18] ETHUSDT 1d: 当前价格=4301.82, EMA25=3933.56, EMA50=%!f(utils.TrendStatus=BU), 趋势=%!s(MISSING)
[2025-08-29 01:35:18] ETHUSDT 3d: 当前价格=3665.02, EMA25=3208.65, EMA50=%!f(utils.TrendStatus=SE), 趋势=%!s(MISSING)
==============================

===== 趋势分析结果 (2025-08-29 01:40:18) =====
[2025-08-29 01:40:16] BTCUSDT 5m: 当前价格=112560.36, EMA25=112672.13, EMA50=%!f(utils.TrendStatus=SE), 趋势=%!s(MISSING)
[2025-08-29 01:40:16] BTCUSDT 15m: 当前价格=112716.00, EMA25=112666.92, EMA50=%!f(utils.TrendStatus=SE), 趋势=%!s(MISSING)
[2025-08-29 01:40:16] BTCUSDT 1h: 当前价格=112388.60, EMA25=112047.64, EMA50=%!f(utils.TrendStatus=RA), 趋势=%!s(MISSING)
[2025-08-29 01:40:16] BTCUSDT 4h: 当前价格=112151.91, EMA25=112958.11, EMA50=%!f(utils.TrendStatus=RA), 趋势=%!s(MISSING)
[2025-08-29 01:40:17] BTCUSDT 1d: 当前价格=114744.49, EMA25=114334.77, EMA50=%!f(utils.TrendStatus=SE), 趋势=%!s(MISSING)
[2025-08-29 01:40:17] BTCUSDT 3d: 当前价格=112894.38, EMA25=107383.42, EMA50=%!f(utils.TrendStatus=RA), 趋势=%!s(MISSING)
[2025-08-29 01:40:17] ETHUSDT 5m: 当前价格=4499.37, EMA25=4521.54, EMA50=%!f(utils.TrendStatus=SE), 趋势=%!s(MISSING)
[2025-08-29 01:40:17] ETHUSDT 15m: 当前价格=4534.01, EMA25=4550.79, EMA50=%!f(utils.TrendStatus=SE), 趋势=%!s(MISSING)
[2025-08-29 01:40:17] ETHUSDT 1h: 当前价格=4554.25, EMA25=4560.81, EMA50=%!f(utils.TrendStatus=RA), 趋势=%!s(MISSING)
[2025-08-29 01:40:18] ETHUSDT 4h: 当前价格=4557.33, EMA25=4530.37, EMA50=%!f(utils.TrendStatus=RA), 趋势=%!s(MISSING)
[2025-08-29 01:40:18] ETHUSDT 1d: 当前价格=4302.70, EMA25=3934.01, EMA50=%!f(utils.TrendStatus=BU), 趋势=%!s(MISSING)
[2025-08-29 01:40:18] ETHUSDT 3d: 当前价格=3665.84, EMA25=3209.07, EMA50=%!f(utils.TrendStatus=SE), 趋势=%!s(MISSING)
==============================

===== 趋势分析结果 (2025-08-29 01:45:18) =====
[2025-08-29 01:45:16] BTCUSDT 5m: 当前价格=112564.30, EMA25=112669.87, EMA50=%!f(utils.TrendStatus=SE), 趋势=%!s(MISSING)
[2025-08-29 01:45:16] BTCUSDT 15m: 当前价格=112706.07, EMA25=112663.86, EMA50=%!f(utils.TrendStatus=SE), 趋势=%!s(MISSING)
[2025-08-29 01:45:16] BTCUSDT 1h: 当前价格=112392.57, EMA25=112049.66, EMA50=%!f(utils.TrendStatus=RA), 趋势=%!s(MISSING)
[2025-08-29 01:45:17] BTCUSDT 4h: 当前价格=112154.61, EMA25=112959.48, EMA50=%!f(utils.TrendStatus=RA), 趋势=%!s(MISSING)
[2025-08-29 01:45:17] BTCUSDT 1d: 当前价格=114747.19, EMA25=114336.14, EMA50=%!f(utils.TrendStatus=SE), 趋势=%!s(MISSING)
[2025-08-29 01:45:17] BTCUSDT 3d: 当前价格=112896.36, EMA25=107384.43, EMA50=%!f(utils.TrendStatus=RA), 趋势=%!s(MISSING)
[2025-08-29 01:45:17] ETHUSDT 5m: 当前价格=4498.92, EMA25=4520.44, EMA50=%!f(utils.TrendStatus=SE), 趋势=%!s(MISSING)
[2025-08-29 01:45:17] ETHUSDT 15m: 当前价格=4530.97, EMA25=4548.59, EMA50=%!f(utils.TrendStatus=SE), 趋势=%!s(MISSING)
[2025-08-29 01:45:17] ETHUSDT 1h: 当前价格=4554.46, EMA25=4560.91, EMA50=%!f(utils.TrendStatus=RA), 趋势=%!s(MISSING)
[2025-08-29 01:45:18] ETHUSDT 4h: 当前价格=4557.61, EMA25=4530.51, EMA50=%!f(utils.TrendStatus=RA), 趋势=%!s(MISSING)
[2025-08-29 01:45:18] ETHUSDT 1d: 当前价格=4302.88, EMA25=3934.11, EMA50=%!f(utils.TrendStatus=BU), 趋势=%!s(MISSING)
[2025-08-29 01:45:18] ETHUSDT 3d: 当前价格=3666.06, EMA25=3209.18, EMA50=%!f(utils.TrendStatus=SE), 趋势=%!s(MISSING)
==============================

===== 趋势分析结果 (2025-08-29 01:50:18) =====
[2025-08-29 01:50:16] BTCUSDT 5m: 当前价格=112551.43, EMA25=112659.04, EMA50=%!f(utils.TrendStatus=SE), 趋势=%!s(MISSING)
[2025-08-29 01:50:16] BTCUSDT 15m: 当前价格=112701.33, EMA25=112661.44, EMA50=%!f(utils.TrendStatus=SE), 趋势=%!s(MISSING)
[2025-08-29 01:50:16] BTCUSDT 1h: 当前价格=112387.10, EMA25=112046.87, EMA50=%!f(utils.TrendStatus=RA), 趋势=%!s(MISSING)
[2025-08-29 01:50:17] BTCUSDT 4h: 当前价格=112149.13, EMA25=112956.69, EMA50=%!f(utils.TrendStatus=RA), 趋势=%!s(MISSING)
[2025-08-29 01:50:17] BTCUSDT 1d: 当前价格=114741.72, EMA25=114333.35, EMA50=%!f(utils.TrendStatus=SE), 趋势=%!s(MISSING)
[2025-08-29 01:50:17] BTCUSDT 3d: 当前价格=112891.61, EMA25=107382.01, EMA50=%!f(utils.TrendStatus=RA), 趋势=%!s(MISSING)
[2025-08-29 01:50:17] ETHUSDT 5m: 当前价格=4497.69, EMA25=4518.97, EMA50=%!f(utils.TrendStatus=SE), 趋势=%!s(MISSING)
[2025-08-29 01:50:17] ETHUSDT 15m: 当前价格=4530.68, EMA25=4548.44, EMA50=%!f(utils.TrendStatus=SE), 趋势=%!s(MISSING)
[2025-08-29 01:50:17] ETHUSDT 1h: 当前价格=4554.20, EMA25=4560.78, EMA50=%!f(utils.TrendStatus=RA), 趋势=%!s(MISSING)
[2025-08-29 01:50:18] ETHUSDT 4h: 当前价格=4557.30, EMA25=4530.35, EMA50=%!f(utils.TrendStatus=RA), 趋势=%!s(MISSING)
[2025-08-29 01:50:18] ETHUSDT 1d: 当前价格=4302.64, EMA25=3933.98, EMA50=%!f(utils.TrendStatus=BU), 趋势=%!s(MISSING)
[2025-08-29 01:50:18] ETHUSDT 3d: 当前价格=3665.81, EMA25=3209.06, EMA50=%!f(utils.TrendStatus=SE), 趋势=%!s(MISSING)
==============================

===== 趋势分析结果 (2025-08-29 01:55:18) =====
[2025-08-29 01:55:16] BTCUSDT 5m: 当前价格=112526.34, EMA25=112641.83, EMA50=%!f(utils.TrendStatus=SE), 趋势=%!s(MISSING)
[2025-08-29 01:55:16] BTCUSDT 15m: 当前价格=112691.79, EMA25=112656.58, EMA50=%!f(utils.TrendStatus=SE), 趋势=%!s(MISSING)
[2025-08-29 01:55:16] BTCUSDT 1h: 当前价格=112377.57, EMA25=112042.01, EMA50=%!f(utils.TrendStatus=RA), 趋势=%!s(MISSING)
[2025-08-29 01:55:17] BTCUSDT 4h: 当前价格=112139.61, EMA25=112951.84, EMA50=%!f(utils.TrendStatus=RA), 趋势=%!s(MISSING)
[2025-08-29 01:55:17] BTCUSDT 1d: 当前价格=114732.19, EMA25=114328.50, EMA50=%!f(utils.TrendStatus=SE), 趋势=%!s(MISSING)
[2025-08-29 01:55:17] BTCUSDT 3d: 当前价格=112882.09, EMA25=107377.15, EMA50=%!f(utils.TrendStatus=RA), 趋势=%!s(MISSING)
[2025-08-29 01:55:17] ETHUSDT 5m: 当前价格=4496.43, EMA25=4517.48, EMA50=%!f(utils.TrendStatus=SE), 趋势=%!s(MISSING)
[2025-08-29 01:55:17] ETHUSDT 15m: 当前价格=4530.41, EMA25=4548.30, EMA50=%!f(utils.TrendStatus=SE), 趋势=%!s(MISSING)
[2025-08-29 01:55:17] ETHUSDT 1h: 当前价格=4553.93, EMA25=4560.65, EMA50=%!f(utils.TrendStatus=RA), 趋势=%!s(MISSING)
[2025-08-29 01:55:18] ETHUSDT 4h: 当前价格=4557.03, EMA25=4530.21, EMA50=%!f(utils.TrendStatus=SE), 趋势=%!s(MISSING)
[2025-08-29 01:55:18] ETHUSDT 1d: 当前价格=4302.37, EMA25=3933.84, EMA50=%!f(utils.TrendStatus=BU), 趋势=%!s(MISSING)
[2025-08-29 01:55:18] ETHUSDT 3d: 当前价格=3665.54, EMA25=3208.92, EMA50=%!f(utils.TrendStatus=SE), 趋势=%!s(MISSING)
==============================

===== 趋势分析结果 (2025-08-29 02:00:20) =====
[2025-08-29 02:00:16] BTCUSDT 5m: 当前价格=112510.04, EMA25=112628.98, EMA50=%!f(utils.TrendStatus=SE), 趋势=%!s(MISSING)
[2025-08-29 02:00:16] BTCUSDT 15m: 当前价格=112662.77, EMA25=112643.15, EMA50=%!f(utils.TrendStatus=SE), 趋势=%!s(MISSING)
[2025-08-29 02:00:18] BTCUSDT 1h: 当前价格=112372.71, EMA25=112052.68, EMA50=%!f(utils.TrendStatus=BU), 趋势=%!s(MISSING)
[2025-08-29 02:00:19] BTCUSDT 4h: 当前价格=112137.66, EMA25=112950.85, EMA50=%!f(utils.TrendStatus=RA), 趋势=%!s(MISSING)
[2025-08-29 02:00:19] BTCUSDT 1d: 当前价格=114730.25, EMA25=114327.50, EMA50=%!f(utils.TrendStatus=SE), 趋势=%!s(MISSING)
[2025-08-29 02:00:19] BTCUSDT 3d: 当前价格=112880.14, EMA25=107376.16, EMA50=%!f(utils.TrendStatus=RA), 趋势=%!s(MISSING)
[2025-08-29 02:00:19] ETHUSDT 5m: 当前价格=4496.01, EMA25=4516.46, EMA50=%!f(utils.TrendStatus=SE), 趋势=%!s(MISSING)
[2025-08-29 02:00:19] ETHUSDT 15m: 当前价格=4527.39, EMA25=4546.06, EMA50=%!f(utils.TrendStatus=SE), 趋势=%!s(MISSING)
[2025-08-29 02:00:20] ETHUSDT 1h: 当前价格=4549.10, EMA25=4557.92, EMA50=%!f(utils.TrendStatus=BU), 趋势=%!s(MISSING)
[2025-08-29 02:00:20] ETHUSDT 4h: 当前价格=4557.29, EMA25=4530.35, EMA50=%!f(utils.TrendStatus=SE), 趋势=%!s(MISSING)
[2025-08-29 02:00:20] ETHUSDT 1d: 当前价格=4302.63, EMA25=3933.98, EMA50=%!f(utils.TrendStatus=BU), 趋势=%!s(MISSING)
[2025-08-29 02:00:20] ETHUSDT 3d: 当前价格=3665.80, EMA25=3209.05, EMA50=%!f(utils.TrendStatus=SE), 趋势=%!s(MISSING)
==============================

===== 趋势分析结果 (2025-08-29 04:40:59) =====
[2025-08-29 04:40:57] BTCUSDT 5m: 当前价格=112093.08, EMA25=112259.15, EMA50=%!f(utils.TrendStatus=SE), 趋势=%!s(MISSING)
[2025-08-29 04:40:57] BTCUSDT 15m: 当前价格=112365.40, EMA25=112479.38, EMA50=%!f(utils.TrendStatus=SE), 趋势=%!s(MISSING)
[2025-08-29 04:40:57] BTCUSDT 1h: 当前价格=112301.99, EMA25=112040.46, EMA50=%!f(utils.TrendStatus=RA), 趋势=%!s(MISSING)
[2025-08-29 04:40:57] BTCUSDT 4h: 当前价格=112088.86, EMA25=112893.40, EMA50=%!f(utils.TrendStatus=SE), 趋势=%!s(MISSING)
[2025-08-29 04:40:57] BTCUSDT 1d: 当前价格=114699.72, EMA25=114311.94, EMA50=%!f(utils.TrendStatus=SE), 趋势=%!s(MISSING)
[2025-08-29 04:40:58] BTCUSDT 3d: 当前价格=112849.62, EMA25=107360.60, EMA50=%!f(utils.TrendStatus=RA), 趋势=%!s(MISSING)
[2025-08-29 04:40:58] ETHUSDT 5m: 当前价格=4466.19, EMA25=4480.81, EMA50=%!f(utils.TrendStatus=SE), 趋势=%!s(MISSING)
[2025-08-29 04:40:58] ETHUSDT 15m: 当前价格=4494.00, EMA25=4520.34, EMA50=%!f(utils.TrendStatus=SE), 趋势=%!s(MISSING)
[2025-08-29 04:40:58] ETHUSDT 1h: 当前价格=4534.14, EMA25=4549.43, EMA50=%!f(utils.TrendStatus=RA), 趋势=%!s(MISSING)
[2025-08-29 04:40:58] ETHUSDT 4h: 当前价格=4546.64, EMA25=4525.90, EMA50=%!f(utils.TrendStatus=SE), 趋势=%!s(MISSING)
[2025-08-29 04:40:59] ETHUSDT 1d: 当前价格=4301.00, EMA25=3933.15, EMA50=%!f(utils.TrendStatus=BU), 趋势=%!s(MISSING)
[2025-08-29 04:40:59] ETHUSDT 3d: 当前价格=3664.17, EMA25=3208.22, EMA50=%!f(utils.TrendStatus=SE), 趋势=%!s(MISSING)
==============================

===== 趋势分析结果 (2025-08-29 04:45:09) =====
[2025-08-29 04:45:07] BTCUSDT 5m: 当前价格=112087.47, EMA25=112249.85, EMA50=%!f(utils.TrendStatus=SE), 趋势=%!s(MISSING)
[2025-08-29 04:45:07] BTCUSDT 15m: 当前价格=112338.84, EMA25=112461.45, EMA50=%!f(utils.TrendStatus=SE), 趋势=%!s(MISSING)
[2025-08-29 04:45:07] BTCUSDT 1h: 当前价格=112305.69, EMA25=112042.35, EMA50=%!f(utils.TrendStatus=RA), 趋势=%!s(MISSING)
[2025-08-29 04:45:07] BTCUSDT 4h: 当前价格=112092.57, EMA25=112895.29, EMA50=%!f(utils.TrendStatus=SE), 趋势=%!s(MISSING)
[2025-08-29 04:45:07] BTCUSDT 1d: 当前价格=114703.42, EMA25=114313.83, EMA50=%!f(utils.TrendStatus=SE), 趋势=%!s(MISSING)
[2025-08-29 04:45:08] BTCUSDT 3d: 当前价格=112853.33, EMA25=107362.49, EMA50=%!f(utils.TrendStatus=RA), 趋势=%!s(MISSING)
[2025-08-29 04:45:08] ETHUSDT 5m: 当前价格=4465.81, EMA25=4480.03, EMA50=%!f(utils.TrendStatus=SE), 趋势=%!s(MISSING)
[2025-08-29 04:45:08] ETHUSDT 15m: 当前价格=4491.38, EMA25=4517.97, EMA50=%!f(utils.TrendStatus=SE), 趋势=%!s(MISSING)
[2025-08-29 04:45:08] ETHUSDT 1h: 当前价格=4533.95, EMA25=4549.34, EMA50=%!f(utils.TrendStatus=RA), 趋势=%!s(MISSING)
[2025-08-29 04:45:08] ETHUSDT 4h: 当前价格=4546.38, EMA25=4525.76, EMA50=%!f(utils.TrendStatus=SE), 趋势=%!s(MISSING)
[2025-08-29 04:45:08] ETHUSDT 1d: 当前价格=4300.73, EMA25=3933.01, EMA50=%!f(utils.TrendStatus=BU), 趋势=%!s(MISSING)
[2025-08-29 04:45:09] ETHUSDT 3d: 当前价格=3663.90, EMA25=3208.08, EMA50=%!f(utils.TrendStatus=SE), 趋势=%!s(MISSING)
==============================

===== 趋势分析结果 (2025-08-29 04:50:18) =====
[2025-08-29 04:50:16] BTCUSDT 5m: 当前价格=112059.91, EMA25=112229.24, EMA50=%!f(utils.TrendStatus=SE), 趋势=%!s(MISSING)
[2025-08-29 04:50:16] BTCUSDT 15m: 当前价格=112328.94, EMA25=112456.39, EMA50=%!f(utils.TrendStatus=SE), 趋势=%!s(MISSING)
[2025-08-29 04:50:16] BTCUSDT 1h: 当前价格=112295.79, EMA25=112037.30, EMA50=%!f(utils.TrendStatus=RA), 趋势=%!s(MISSING)
[2025-08-29 04:50:16] BTCUSDT 4h: 当前价格=112082.66, EMA25=112890.24, EMA50=%!f(utils.TrendStatus=SE), 趋势=%!s(MISSING)
[2025-08-29 04:50:16] BTCUSDT 1d: 当前价格=114693.52, EMA25=114308.78, EMA50=%!f(utils.TrendStatus=SE), 趋势=%!s(MISSING)
[2025-08-29 04:50:17] BTCUSDT 3d: 当前价格=112843.42, EMA25=107357.44, EMA50=%!f(utils.TrendStatus=RA), 趋势=%!s(MISSING)
[2025-08-29 04:50:17] ETHUSDT 5m: 当前价格=4464.65, EMA25=4478.88, EMA50=%!f(utils.TrendStatus=SE), 趋势=%!s(MISSING)
[2025-08-29 04:50:17] ETHUSDT 15m: 当前价格=4490.98, EMA25=4517.77, EMA50=%!f(utils.TrendStatus=SE), 趋势=%!s(MISSING)
[2025-08-29 04:50:17] ETHUSDT 1h: 当前价格=4533.47, EMA25=4549.09, EMA50=%!f(utils.TrendStatus=RA), 趋势=%!s(MISSING)
[2025-08-29 04:50:17] ETHUSDT 4h: 当前价格=4545.98, EMA25=4525.56, EMA50=%!f(utils.TrendStatus=SE), 趋势=%!s(MISSING)
[2025-08-29 04:50:18] ETHUSDT 1d: 当前价格=4300.34, EMA25=3932.81, EMA50=%!f(utils.TrendStatus=BU), 趋势=%!s(MISSING)
[2025-08-29 04:50:18] ETHUSDT 3d: 当前价格=3663.45, EMA25=3207.85, EMA50=%!f(utils.TrendStatus=SE), 趋势=%!s(MISSING)
==============================

===== 趋势分析结果 (2025-08-29 04:55:18) =====
[2025-08-29 04:55:16] BTCUSDT 5m: 当前价格=112050.56, EMA25=112217.89, EMA50=%!f(utils.TrendStatus=SE), 趋势=%!s(MISSING)
[2025-08-29 04:55:16] BTCUSDT 15m: 当前价格=112333.15, EMA25=112458.54, EMA50=%!f(utils.TrendStatus=SE), 趋势=%!s(MISSING)
[2025-08-29 04:55:16] BTCUSDT 1h: 当前价格=112300.00, EMA25=112039.45, EMA50=%!f(utils.TrendStatus=RA), 趋势=%!s(MISSING)
[2025-08-29 04:55:16] BTCUSDT 4h: 当前价格=112086.88, EMA25=112892.39, EMA50=%!f(utils.TrendStatus=SE), 趋势=%!s(MISSING)
[2025-08-29 04:55:16] BTCUSDT 1d: 当前价格=114697.74, EMA25=114310.93, EMA50=%!f(utils.TrendStatus=SE), 趋势=%!s(MISSING)
[2025-08-29 04:55:17] BTCUSDT 3d: 当前价格=112847.64, EMA25=107359.59, EMA50=%!f(utils.TrendStatus=RA), 趋势=%!s(MISSING)
[2025-08-29 04:55:17] ETHUSDT 5m: 当前价格=4463.98, EMA25=4477.97, EMA50=%!f(utils.TrendStatus=SE), 趋势=%!s(MISSING)
[2025-08-29 04:55:17] ETHUSDT 15m: 当前价格=4491.02, EMA25=4517.79, EMA50=%!f(utils.TrendStatus=SE), 趋势=%!s(MISSING)
[2025-08-29 04:55:17] ETHUSDT 1h: 当前价格=4533.53, EMA25=4549.12, EMA50=%!f(utils.TrendStatus=RA), 趋势=%!s(MISSING)
[2025-08-29 04:55:17] ETHUSDT 4h: 当前价格=4545.97, EMA25=4525.56, EMA50=%!f(utils.TrendStatus=SE), 趋势=%!s(MISSING)
[2025-08-29 04:55:18] ETHUSDT 1d: 当前价格=4300.31, EMA25=3932.79, EMA50=%!f(utils.TrendStatus=BU), 趋势=%!s(MISSING)
[2025-08-29 04:55:18] ETHUSDT 3d: 当前价格=3663.48, EMA25=3207.87, EMA50=%!f(utils.TrendStatus=SE), 趋势=%!s(MISSING)
==============================

===== 趋势分析结果 (2025-08-29 05:00:18) =====
[2025-08-29 05:00:16] BTCUSDT 5m: 当前价格=112031.46, EMA25=112201.52, EMA50=%!f(utils.TrendStatus=SE), 趋势=%!s(MISSING)
[2025-08-29 05:00:16] BTCUSDT 15m: 当前价格=112292.31, EMA25=112432.73, EMA50=%!f(utils.TrendStatus=SE), 趋势=%!s(MISSING)
[2025-08-29 05:00:16] BTCUSDT 1h: 当前价格=112261.72, EMA25=112030.08, EMA50=%!f(utils.TrendStatus=BU), 趋势=%!s(MISSING)
[2025-08-29 05:00:16] BTCUSDT 4h: 当前价格=112082.90, EMA25=112890.35, EMA50=%!f(utils.TrendStatus=SE), 趋势=%!s(MISSING)
[2025-08-29 05:00:16] BTCUSDT 1d: 当前价格=114693.76, EMA25=114308.90, EMA50=%!f(utils.TrendStatus=SE), 趋势=%!s(MISSING)
[2025-08-29 05:00:17] BTCUSDT 3d: 当前价格=112843.65, EMA25=107357.56, EMA50=%!f(utils.TrendStatus=RA), 趋势=%!s(MISSING)
[2025-08-29 05:00:17] ETHUSDT 5m: 当前价格=4463.46, EMA25=4477.16, EMA50=%!f(utils.TrendStatus=SE), 趋势=%!s(MISSING)
[2025-08-29 05:00:17] ETHUSDT 15m: 当前价格=4488.42, EMA25=4515.41, EMA50=%!f(utils.TrendStatus=SE), 趋势=%!s(MISSING)
[2025-08-29 05:00:17] ETHUSDT 1h: 当前价格=4527.64, EMA25=4545.51, EMA50=%!f(utils.TrendStatus=BU), 趋势=%!s(MISSING)
[2025-08-29 05:00:17] ETHUSDT 4h: 当前价格=4546.00, EMA25=4525.57, EMA50=%!f(utils.TrendStatus=SE), 趋势=%!s(MISSING)
[2025-08-29 05:00:18] ETHUSDT 1d: 当前价格=4300.35, EMA25=3932.82, EMA50=%!f(utils.TrendStatus=BU), 趋势=%!s(MISSING)
[2025-08-29 05:00:18] ETHUSDT 3d: 当前价格=3663.45, EMA25=3207.85, EMA50=%!f(utils.TrendStatus=SE), 趋势=%!s(MISSING)
==============================

===== 趋势分析结果 (2025-08-29 05:05:18) =====
[2025-08-29 05:05:16] BTCUSDT 5m: 当前价格=112020.53, EMA25=112189.30, EMA50=%!f(utils.TrendStatus=SE), 趋势=%!s(MISSING)
[2025-08-29 05:05:16] BTCUSDT 15m: 当前价格=112293.88, EMA25=112433.53, EMA50=%!f(utils.TrendStatus=SE), 趋势=%!s(MISSING)
[2025-08-29 05:05:16] BTCUSDT 1h: 当前价格=112263.29, EMA25=112030.88, EMA50=%!f(utils.TrendStatus=BU), 趋势=%!s(MISSING)
[2025-08-29 05:05:16] BTCUSDT 4h: 当前价格=112084.47, EMA25=112891.16, EMA50=%!f(utils.TrendStatus=SE), 趋势=%!s(MISSING)
[2025-08-29 05:05:17] BTCUSDT 1d: 当前价格=114695.33, EMA25=114309.70, EMA50=%!f(utils.TrendStatus=SE), 趋势=%!s(MISSING)
[2025-08-29 05:05:17] BTCUSDT 3d: 当前价格=112845.23, EMA25=107358.36, EMA50=%!f(utils.TrendStatus=RA), 趋势=%!s(MISSING)
[2025-08-29 05:05:17] ETHUSDT 5m: 当前价格=4463.41, EMA25=4476.60, EMA50=%!f(utils.TrendStatus=SE), 趋势=%!s(MISSING)
[2025-08-29 05:05:17] ETHUSDT 15m: 当前价格=4488.62, EMA25=4515.51, EMA50=%!f(utils.TrendStatus=SE), 趋势=%!s(MISSING)
[2025-08-29 05:05:17] ETHUSDT 1h: 当前价格=4527.84, EMA25=4545.61, EMA50=%!f(utils.TrendStatus=BU), 趋势=%!s(MISSING)
[2025-08-29 05:05:17] ETHUSDT 4h: 当前价格=4546.21, EMA25=4525.68, EMA50=%!f(utils.TrendStatus=SE), 趋势=%!s(MISSING)
[2025-08-29 05:05:18] ETHUSDT 1d: 当前价格=4300.56, EMA25=3932.92, EMA50=%!f(utils.TrendStatus=BU), 趋势=%!s(MISSING)
[2025-08-29 05:05:18] ETHUSDT 3d: 当前价格=3663.74, EMA25=3208.00, EMA50=%!f(utils.TrendStatus=SE), 趋势=%!s(MISSING)
==============================

===== 趋势分析结果 (2025-08-29 05:10:18) =====
[2025-08-29 05:10:16] BTCUSDT 5m: 当前价格=112017.77, EMA25=112181.37, EMA50=%!f(utils.TrendStatus=SE), 趋势=%!s(MISSING)
[2025-08-29 05:10:16] BTCUSDT 15m: 当前价格=112298.45, EMA25=112435.86, EMA50=%!f(utils.TrendStatus=SE), 趋势=%!s(MISSING)
[2025-08-29 05:10:16] BTCUSDT 1h: 当前价格=112267.86, EMA25=112033.21, EMA50=%!f(utils.TrendStatus=BU), 趋势=%!s(MISSING)
[2025-08-29 05:10:16] BTCUSDT 4h: 当前价格=112089.04, EMA25=112893.49, EMA50=%!f(utils.TrendStatus=SE), 趋势=%!s(MISSING)
[2025-08-29 05:10:16] BTCUSDT 1d: 当前价格=114699.90, EMA25=114312.03, EMA50=%!f(utils.TrendStatus=SE), 趋势=%!s(MISSING)
[2025-08-29 05:10:17] BTCUSDT 3d: 当前价格=112849.80, EMA25=107360.69, EMA50=%!f(utils.TrendStatus=RA), 趋势=%!s(MISSING)
[2025-08-29 05:10:17] ETHUSDT 5m: 当前价格=4463.96, EMA25=4476.37, EMA50=%!f(utils.TrendStatus=RA), 趋势=%!s(MISSING)
[2025-08-29 05:10:17] ETHUSDT 15m: 当前价格=4489.02, EMA25=4515.71, EMA50=%!f(utils.TrendStatus=SE), 趋势=%!s(MISSING)
[2025-08-29 05:10:17] ETHUSDT 1h: 当前价格=4528.24, EMA25=4545.81, EMA50=%!f(utils.TrendStatus=BU), 趋势=%!s(MISSING)
[2025-08-29 05:10:17] ETHUSDT 4h: 当前价格=4546.60, EMA25=4525.88, EMA50=%!f(utils.TrendStatus=SE), 趋势=%!s(MISSING)
[2025-08-29 05:10:17] ETHUSDT 1d: 当前价格=4300.96, EMA25=3933.13, EMA50=%!f(utils.TrendStatus=BU), 趋势=%!s(MISSING)
[2025-08-29 05:10:18] ETHUSDT 3d: 当前价格=3664.13, EMA25=3208.20, EMA50=%!f(utils.TrendStatus=SE), 趋势=%!s(MISSING)
==============================

===== 趋势分析结果 (2025-08-29 05:15:18) =====
[2025-08-29 05:15:16] BTCUSDT 5m: 当前价格=112032.42, EMA25=112182.65, EMA50=%!f(utils.TrendStatus=RA), 趋势=%!s(MISSING)
[2025-08-29 05:15:16] BTCUSDT 15m: 当前价格=112291.49, EMA25=112427.15, EMA50=%!f(utils.TrendStatus=SE), 趋势=%!s(MISSING)
[2025-08-29 05:15:16] BTCUSDT 1h: 当前价格=112278.34, EMA25=112038.55, EMA50=%!f(utils.TrendStatus=BU), 趋势=%!s(MISSING)
[2025-08-29 05:15:16] BTCUSDT 4h: 当前价格=112099.53, EMA25=112898.83, EMA50=%!f(utils.TrendStatus=SE), 趋势=%!s(MISSING)
[2025-08-29 05:15:16] BTCUSDT 1d: 当前价格=114710.39, EMA25=114317.38, EMA50=%!f(utils.TrendStatus=SE), 趋势=%!s(MISSING)
[2025-08-29 05:15:17] BTCUSDT 3d: 当前价格=112860.25, EMA25=107366.02, EMA50=%!f(utils.TrendStatus=RA), 趋势=%!s(MISSING)
[2025-08-29 05:15:17] ETHUSDT 5m: 当前价格=4464.74, EMA25=4476.30, EMA50=%!f(utils.TrendStatus=RA), 趋势=%!s(MISSING)
[2025-08-29 05:15:17] ETHUSDT 15m: 当前价格=4487.85, EMA25=4514.08, EMA50=%!f(utils.TrendStatus=SE), 趋势=%!s(MISSING)
[2025-08-29 05:15:17] ETHUSDT 1h: 当前价格=4528.45, EMA25=4545.92, EMA50=%!f(utils.TrendStatus=BU), 趋势=%!s(MISSING)
[2025-08-29 05:15:17] ETHUSDT 4h: 当前价格=4546.84, EMA25=4526.00, EMA50=%!f(utils.TrendStatus=SE), 趋势=%!s(MISSING)
[2025-08-29 05:15:18] ETHUSDT 1d: 当前价格=4301.20, EMA25=3933.25, EMA50=%!f(utils.TrendStatus=BU), 趋势=%!s(MISSING)
[2025-08-29 05:15:18] ETHUSDT 3d: 当前价格=3664.34, EMA25=3208.31, EMA50=%!f(utils.TrendStatus=SE), 趋势=%!s(MISSING)
==============================

===== 趋势分析结果 (2025-08-29 05:20:18) =====
[2025-08-29 05:20:16] BTCUSDT 5m: 当前价格=112019.17, EMA25=112169.87, EMA50=%!f(utils.TrendStatus=SE), 趋势=%!s(MISSING)
[2025-08-29 05:20:16] BTCUSDT 15m: 当前价格=112282.12, EMA25=112422.37, EMA50=%!f(utils.TrendStatus=SE), 趋势=%!s(MISSING)
[2025-08-29 05:20:16] BTCUSDT 1h: 当前价格=112268.94, EMA25=112033.76, EMA50=%!f(utils.TrendStatus=BU), 趋势=%!s(MISSING)
[2025-08-29 05:20:16] BTCUSDT 4h: 当前价格=112090.13, EMA25=112894.04, EMA50=%!f(utils.TrendStatus=SE), 趋势=%!s(MISSING)
[2025-08-29 05:20:16] BTCUSDT 1d: 当前价格=114700.98, EMA25=114312.58, EMA50=%!f(utils.TrendStatus=SE), 趋势=%!s(MISSING)
[2025-08-29 05:20:17] BTCUSDT 3d: 当前价格=112850.88, EMA25=107361.24, EMA50=%!f(utils.TrendStatus=RA), 趋势=%!s(MISSING)
[2025-08-29 05:20:17] ETHUSDT 5m: 当前价格=4466.13, EMA25=4476.56, EMA50=%!f(utils.TrendStatus=RA), 趋势=%!s(MISSING)
[2025-08-29 05:20:17] ETHUSDT 15m: 当前价格=4488.36, EMA25=4514.34, EMA50=%!f(utils.TrendStatus=SE), 趋势=%!s(MISSING)
[2025-08-29 05:20:17] ETHUSDT 1h: 当前价格=4528.97, EMA25=4546.19, EMA50=%!f(utils.TrendStatus=BU), 趋势=%!s(MISSING)
[2025-08-29 05:20:17] ETHUSDT 4h: 当前价格=4547.32, EMA25=4526.25, EMA50=%!f(utils.TrendStatus=SE), 趋势=%!s(MISSING)
[2025-08-29 05:20:17] ETHUSDT 1d: 当前价格=4301.69, EMA25=3933.50, EMA50=%!f(utils.TrendStatus=BU), 趋势=%!s(MISSING)
[2025-08-29 05:20:18] ETHUSDT 3d: 当前价格=3664.85, EMA25=3208.56, EMA50=%!f(utils.TrendStatus=SE), 趋势=%!s(MISSING)
==============================

===== 趋势分析结果 (2025-08-29 05:25:18) =====
[2025-08-29 05:25:16] BTCUSDT 5m: 当前价格=112013.09, EMA25=112160.86, EMA50=%!f(utils.TrendStatus=SE), 趋势=%!s(MISSING)
[2025-08-29 05:25:16] BTCUSDT 15m: 当前价格=112281.97, EMA25=112422.30, EMA50=%!f(utils.TrendStatus=SE), 趋势=%!s(MISSING)
[2025-08-29 05:25:16] BTCUSDT 1h: 当前价格=112268.79, EMA25=112033.68, EMA50=%!f(utils.TrendStatus=BU), 趋势=%!s(MISSING)
[2025-08-29 05:25:16] BTCUSDT 4h: 当前价格=112089.98, EMA25=112893.97, EMA50=%!f(utils.TrendStatus=SE), 趋势=%!s(MISSING)
[2025-08-29 05:25:16] BTCUSDT 1d: 当前价格=114700.83, EMA25=114312.51, EMA50=%!f(utils.TrendStatus=SE), 趋势=%!s(MISSING)
[2025-08-29 05:25:17] BTCUSDT 3d: 当前价格=112850.73, EMA25=107361.17, EMA50=%!f(utils.TrendStatus=RA), 趋势=%!s(MISSING)
[2025-08-29 05:25:17] ETHUSDT 5m: 当前价格=4467.21, EMA25=4476.71, EMA50=%!f(utils.TrendStatus=BU), 趋势=%!s(MISSING)
[2025-08-29 05:25:17] ETHUSDT 15m: 当前价格=4488.60, EMA25=4514.47, EMA50=%!f(utils.TrendStatus=SE), 趋势=%!s(MISSING)
[2025-08-29 05:25:17] ETHUSDT 1h: 当前价格=4529.20, EMA25=4546.30, EMA50=%!f(utils.TrendStatus=BU), 趋势=%!s(MISSING)
[2025-08-29 05:25:17] ETHUSDT 4h: 当前价格=4547.57, EMA25=4526.37, EMA50=%!f(utils.TrendStatus=SE), 趋势=%!s(MISSING)
[2025-08-29 05:25:18] ETHUSDT 1d: 当前价格=4301.92, EMA25=3933.62, EMA50=%!f(utils.TrendStatus=BU), 趋势=%!s(MISSING)
[2025-08-29 05:25:18] ETHUSDT 3d: 当前价格=3665.09, EMA25=3208.69, EMA50=%!f(utils.TrendStatus=SE), 趋势=%!s(MISSING)
==============================

===== 趋势分析结果 (2025-08-29 05:30:18) =====
[2025-08-29 05:30:16] BTCUSDT 5m: 当前价格=112004.40, EMA25=112150.60, EMA50=%!f(utils.TrendStatus=SE), 趋势=%!s(MISSING)
[2025-08-29 05:30:16] BTCUSDT 15m: 当前价格=112252.61, EMA25=112401.79, EMA50=%!f(utils.TrendStatus=SE), 趋势=%!s(MISSING)
[2025-08-29 05:30:16] BTCUSDT 1h: 当前价格=112267.11, EMA25=112032.82, EMA50=%!f(utils.TrendStatus=BU), 趋势=%!s(MISSING)
[2025-08-29 05:30:16] BTCUSDT 4h: 当前价格=112088.30, EMA25=112893.11, EMA50=%!f(utils.TrendStatus=SE), 趋势=%!s(MISSING)
[2025-08-29 05:30:16] BTCUSDT 1d: 当前价格=114699.15, EMA25=114311.65, EMA50=%!f(utils.TrendStatus=SE), 趋势=%!s(MISSING)
[2025-08-29 05:30:17] BTCUSDT 3d: 当前价格=112849.05, EMA25=107360.31, EMA50=%!f(utils.TrendStatus=RA), 趋势=%!s(MISSING)
[2025-08-29 05:30:17] ETHUSDT 5m: 当前价格=4467.91, EMA25=4476.69, EMA50=%!f(utils.TrendStatus=BU), 趋势=%!s(MISSING)
[2025-08-29 05:30:17] ETHUSDT 15m: 当前价格=4487.63, EMA25=4512.96, EMA50=%!f(utils.TrendStatus=SE), 趋势=%!s(MISSING)
[2025-08-29 05:30:17] ETHUSDT 1h: 当前价格=4529.13, EMA25=4546.26, EMA50=%!f(utils.TrendStatus=BU), 趋势=%!s(MISSING)
[2025-08-29 05:30:17] ETHUSDT 4h: 当前价格=4547.46, EMA25=4526.32, EMA50=%!f(utils.TrendStatus=SE), 趋势=%!s(MISSING)
[2025-08-29 05:30:18] ETHUSDT 1d: 当前价格=4301.82, EMA25=3933.56, EMA50=%!f(utils.TrendStatus=BU), 趋势=%!s(MISSING)
[2025-08-29 05:30:18] ETHUSDT 3d: 当前价格=3664.97, EMA25=3208.63, EMA50=%!f(utils.TrendStatus=SE), 趋势=%!s(MISSING)
==============================

===== 趋势分析结果 (2025-08-29 05:35:18) =====
[2025-08-29 05:35:16] BTCUSDT 5m: 当前价格=111994.18, EMA25=112139.59, EMA50=%!f(utils.TrendStatus=SE), 趋势=%!s(MISSING)
[2025-08-29 05:35:16] BTCUSDT 15m: 当前价格=112252.00, EMA25=112401.48, EMA50=%!f(utils.TrendStatus=SE), 趋势=%!s(MISSING)
[2025-08-29 05:35:16] BTCUSDT 1h: 当前价格=112266.52, EMA25=112032.52, EMA50=%!f(utils.TrendStatus=BU), 趋势=%!s(MISSING)
[2025-08-29 05:35:16] BTCUSDT 4h: 当前价格=112087.70, EMA25=112892.80, EMA50=%!f(utils.TrendStatus=SE), 趋势=%!s(MISSING)
[2025-08-29 05:35:16] BTCUSDT 1d: 当前价格=114698.55, EMA25=114311.35, EMA50=%!f(utils.TrendStatus=SE), 趋势=%!s(MISSING)
[2025-08-29 05:35:17] BTCUSDT 3d: 当前价格=112848.45, EMA25=107360.01, EMA50=%!f(utils.TrendStatus=RA), 趋势=%!s(MISSING)
[2025-08-29 05:35:17] ETHUSDT 5m: 当前价格=4469.58, EMA25=4477.21, EMA50=%!f(utils.TrendStatus=BU), 趋势=%!s(MISSING)
[2025-08-29 05:35:17] ETHUSDT 15m: 当前价格=4488.30, EMA25=4513.30, EMA50=%!f(utils.TrendStatus=SE), 趋势=%!s(MISSING)
[2025-08-29 05:35:17] ETHUSDT 1h: 当前价格=4529.76, EMA25=4546.59, EMA50=%!f(utils.TrendStatus=BU), 趋势=%!s(MISSING)
[2025-08-29 05:35:17] ETHUSDT 4h: 当前价格=4548.13, EMA25=4526.66, EMA50=%!f(utils.TrendStatus=SE), 趋势=%!s(MISSING)
[2025-08-29 05:35:18] ETHUSDT 1d: 当前价格=4302.48, EMA25=3933.90, EMA50=%!f(utils.TrendStatus=BU), 趋势=%!s(MISSING)
[2025-08-29 05:35:18] ETHUSDT 3d: 当前价格=3665.67, EMA25=3208.98, EMA50=%!f(utils.TrendStatus=SE), 趋势=%!s(MISSING)
==============================

===== 趋势分析结果 (2025-08-29 05:40:18) =====
[2025-08-29 05:40:16] BTCUSDT 5m: 当前价格=111986.30, EMA25=112129.86, EMA50=%!f(utils.TrendStatus=SE), 趋势=%!s(MISSING)
[2025-08-29 05:40:16] BTCUSDT 15m: 当前价格=112250.73, EMA25=112400.84, EMA50=%!f(utils.TrendStatus=SE), 趋势=%!s(MISSING)
[2025-08-29 05:40:16] BTCUSDT 1h: 当前价格=112265.24, EMA25=112031.87, EMA50=%!f(utils.TrendStatus=BU), 趋势=%!s(MISSING)
[2025-08-29 05:40:16] BTCUSDT 4h: 当前价格=112086.43, EMA25=112892.15, EMA50=%!f(utils.TrendStatus=SE), 趋势=%!s(MISSING)
[2025-08-29 05:40:16] BTCUSDT 1d: 当前价格=114697.29, EMA25=114310.70, EMA50=%!f(utils.TrendStatus=SE), 趋势=%!s(MISSING)
[2025-08-29 05:40:17] BTCUSDT 3d: 当前价格=112847.18, EMA25=107359.36, EMA50=%!f(utils.TrendStatus=RA), 趋势=%!s(MISSING)
[2025-08-29 05:40:17] ETHUSDT 5m: 当前价格=4470.01, EMA25=4477.12, EMA50=%!f(utils.TrendStatus=BU), 趋势=%!s(MISSING)
[2025-08-29 05:40:17] ETHUSDT 15m: 当前价格=4487.88, EMA25=4513.08, EMA50=%!f(utils.TrendStatus=SE), 趋势=%!s(MISSING)
[2025-08-29 05:40:17] ETHUSDT 1h: 当前价格=4529.34, EMA25=4546.37, EMA50=%!f(utils.TrendStatus=BU), 趋势=%!s(MISSING)
[2025-08-29 05:40:17] ETHUSDT 4h: 当前价格=4547.71, EMA25=4526.44, EMA50=%!f(utils.TrendStatus=SE), 趋势=%!s(MISSING)
[2025-08-29 05:40:17] ETHUSDT 1d: 当前价格=4302.06, EMA25=3933.69, EMA50=%!f(utils.TrendStatus=BU), 趋势=%!s(MISSING)
[2025-08-29 05:40:18] ETHUSDT 3d: 当前价格=3665.24, EMA25=3208.76, EMA50=%!f(utils.TrendStatus=SE), 趋势=%!s(MISSING)
==============================

===== 趋势分析结果 (2025-08-29 07:06:17) =====
[2025-08-29 07:06:15] BTCUSDT 5m: 当前价格=112213.16, EMA25=112199.10, EMA50=%!f(utils.TrendStatus=BU), 趋势=%!s(MISSING)
[2025-08-29 07:06:16] BTCUSDT 15m: 当前价格=112257.70, EMA25=112370.94, EMA50=%!f(utils.TrendStatus=BU), 趋势=%!s(MISSING)
[2025-08-29 07:06:16] BTCUSDT 1h: 当前价格=112281.85, EMA25=112058.51, EMA50=%!f(utils.TrendStatus=BU), 趋势=%!s(MISSING)
[2025-08-29 07:06:16] BTCUSDT 4h: 当前价格=112125.00, EMA25=112911.82, EMA50=%!f(utils.TrendStatus=RA), 趋势=%!s(MISSING)
[2025-08-29 07:06:16] BTCUSDT 1d: 当前价格=114735.02, EMA25=114329.93, EMA50=%!f(utils.TrendStatus=SE), 趋势=%!s(MISSING)
[2025-08-29 07:06:16] BTCUSDT 3d: 当前价格=112885.76, EMA25=107379.03, EMA50=%!f(utils.TrendStatus=RA), 趋势=%!s(MISSING)
[2025-08-29 07:06:16] ETHUSDT 5m: 当前价格=4494.41, EMA25=4489.21, EMA50=%!f(utils.TrendStatus=BU), 趋势=%!s(MISSING)
[2025-08-29 07:06:17] ETHUSDT 15m: 当前价格=4492.73, EMA25=4510.31, EMA50=%!f(utils.TrendStatus=BU), 趋势=%!s(MISSING)
[2025-08-29 07:06:17] ETHUSDT 1h: 当前价格=4526.32, EMA25=4543.50, EMA50=%!f(utils.TrendStatus=BU), 趋势=%!s(MISSING)
[2025-08-29 07:06:17] ETHUSDT 4h: 当前价格=4549.85, EMA25=4527.54, EMA50=%!f(utils.TrendStatus=RA), 趋势=%!s(MISSING)
[2025-08-29 07:06:17] ETHUSDT 1d: 当前价格=4304.26, EMA25=3934.81, EMA50=%!f(utils.TrendStatus=BU), 趋势=%!s(MISSING)
[2025-08-29 07:06:17] ETHUSDT 3d: 当前价格=3667.44, EMA25=3209.88, EMA50=%!f(utils.TrendStatus=SE), 趋势=%!s(MISSING)
==============================

===== 趋势分析结果 (2025-08-29 07:10:09) =====
[2025-08-29 07:10:07] BTCUSDT 5m: 当前价格=112228.08, EMA25=112207.29, EMA50=%!f(utils.TrendStatus=BU), 趋势=%!s(MISSING)
[2025-08-29 07:10:07] BTCUSDT 15m: 当前价格=112256.90, EMA25=112370.53, EMA50=%!f(utils.TrendStatus=BU), 趋势=%!s(MISSING)
[2025-08-29 07:10:07] BTCUSDT 1h: 当前价格=112281.05, EMA25=112058.10, EMA50=%!f(utils.TrendStatus=BU), 趋势=%!s(MISSING)
[2025-08-29 07:10:07] BTCUSDT 4h: 当前价格=112124.20, EMA25=112911.41, EMA50=%!f(utils.TrendStatus=RA), 趋势=%!s(MISSING)
[2025-08-29 07:10:07] BTCUSDT 1d: 当前价格=114735.06, EMA25=114329.96, EMA50=%!f(utils.TrendStatus=SE), 趋势=%!s(MISSING)
[2025-08-29 07:10:08] BTCUSDT 3d: 当前价格=112884.96, EMA25=107378.62, EMA50=%!f(utils.TrendStatus=RA), 趋势=%!s(MISSING)
[2025-08-29 07:10:08] ETHUSDT 5m: 当前价格=4495.33, EMA25=4489.89, EMA50=%!f(utils.TrendStatus=BU), 趋势=%!s(MISSING)
[2025-08-29 07:10:08] ETHUSDT 15m: 当前价格=4492.61, EMA25=4510.25, EMA50=%!f(utils.TrendStatus=BU), 趋势=%!s(MISSING)
[2025-08-29 07:10:08] ETHUSDT 1h: 当前价格=4526.18, EMA25=4543.43, EMA50=%!f(utils.TrendStatus=BU), 趋势=%!s(MISSING)
[2025-08-29 07:10:08] ETHUSDT 4h: 当前价格=4549.74, EMA25=4527.48, EMA50=%!f(utils.TrendStatus=RA), 趋势=%!s(MISSING)
[2025-08-29 07:10:08] ETHUSDT 1d: 当前价格=4304.09, EMA25=3934.72, EMA50=%!f(utils.TrendStatus=BU), 趋势=%!s(MISSING)
[2025-08-29 07:10:09] ETHUSDT 3d: 当前价格=3667.27, EMA25=3209.80, EMA50=%!f(utils.TrendStatus=SE), 趋势=%!s(MISSING)
==============================

===== 趋势分析结果 (2025-08-29 07:15:18) =====
[2025-08-29 07:15:16] BTCUSDT 5m: 当前价格=112230.77, EMA25=112209.37, EMA50=%!f(utils.TrendStatus=BU), 趋势=%!s(MISSING)
[2025-08-29 07:15:16] BTCUSDT 15m: 当前价格=112257.38, EMA25=112366.22, EMA50=%!f(utils.TrendStatus=BU), 趋势=%!s(MISSING)
[2025-08-29 07:15:16] BTCUSDT 1h: 当前价格=112276.45, EMA25=112055.76, EMA50=%!f(utils.TrendStatus=BU), 趋势=%!s(MISSING)
[2025-08-29 07:15:16] BTCUSDT 4h: 当前价格=112119.60, EMA25=112909.07, EMA50=%!f(utils.TrendStatus=RA), 趋势=%!s(MISSING)
[2025-08-29 07:15:17] BTCUSDT 1d: 当前价格=114730.46, EMA25=114327.61, EMA50=%!f(utils.TrendStatus=SE), 趋势=%!s(MISSING)
[2025-08-29 07:15:17] BTCUSDT 3d: 当前价格=112880.36, EMA25=107376.27, EMA50=%!f(utils.TrendStatus=RA), 趋势=%!s(MISSING)
[2025-08-29 07:15:17] ETHUSDT 5m: 当前价格=4495.30, EMA25=4490.08, EMA50=%!f(utils.TrendStatus=BU), 趋势=%!s(MISSING)
[2025-08-29 07:15:17] ETHUSDT 15m: 当前价格=4492.80, EMA25=4509.65, EMA50=%!f(utils.TrendStatus=BU), 趋势=%!s(MISSING)
[2025-08-29 07:15:17] ETHUSDT 1h: 当前价格=4525.76, EMA25=4543.22, EMA50=%!f(utils.TrendStatus=BU), 趋势=%!s(MISSING)
[2025-08-29 07:15:17] ETHUSDT 4h: 当前价格=4549.32, EMA25=4527.26, EMA50=%!f(utils.TrendStatus=RA), 趋势=%!s(MISSING)
[2025-08-29 07:15:18] ETHUSDT 1d: 当前价格=4303.67, EMA25=3934.51, EMA50=%!f(utils.TrendStatus=BU), 趋势=%!s(MISSING)
[2025-08-29 07:15:18] ETHUSDT 3d: 当前价格=3666.84, EMA25=3209.58, EMA50=%!f(utils.TrendStatus=SE), 趋势=%!s(MISSING)
==============================

===== 趋势分析结果 (2025-08-29 07:20:20) =====
[2025-08-29 07:20:16] BTCUSDT 5m: 当前价格=112239.97, EMA25=112214.95, EMA50=%!f(utils.TrendStatus=BU), 趋势=%!s(MISSING)
[2025-08-29 07:20:16] BTCUSDT 15m: 当前价格=112256.48, EMA25=112365.76, EMA50=%!f(utils.TrendStatus=BU), 趋势=%!s(MISSING)
[2025-08-29 07:20:16] BTCUSDT 1h: 当前价格=112275.57, EMA25=112055.31, EMA50=%!f(utils.TrendStatus=BU), 趋势=%!s(MISSING)
[2025-08-29 07:20:16] BTCUSDT 4h: 当前价格=112118.72, EMA25=112908.62, EMA50=%!f(utils.TrendStatus=RA), 趋势=%!s(MISSING)
[2025-08-29 07:20:17] BTCUSDT 1d: 当前价格=114729.58, EMA25=114327.16, EMA50=%!f(utils.TrendStatus=SE), 趋势=%!s(MISSING)
[2025-08-29 07:20:17] BTCUSDT 3d: 当前价格=112879.48, EMA25=107375.83, EMA50=%!f(utils.TrendStatus=RA), 趋势=%!s(MISSING)
[2025-08-29 07:20:17] ETHUSDT 5m: 当前价格=4495.77, EMA25=4490.52, EMA50=%!f(utils.TrendStatus=BU), 趋势=%!s(MISSING)
[2025-08-29 07:20:19] ETHUSDT 15m: 当前价格=4492.79, EMA25=4509.64, EMA50=%!f(utils.TrendStatus=BU), 趋势=%!s(MISSING)
[2025-08-29 07:20:19] ETHUSDT 1h: 当前价格=4525.76, EMA25=4543.22, EMA50=%!f(utils.TrendStatus=BU), 趋势=%!s(MISSING)
[2025-08-29 07:20:20] ETHUSDT 4h: 当前价格=4549.31, EMA25=4527.26, EMA50=%!f(utils.TrendStatus=RA), 趋势=%!s(MISSING)
[2025-08-29 07:20:20] ETHUSDT 1d: 当前价格=4303.67, EMA25=3934.51, EMA50=%!f(utils.TrendStatus=BU), 趋势=%!s(MISSING)
[2025-08-29 07:20:20] ETHUSDT 3d: 当前价格=3666.84, EMA25=3209.58, EMA50=%!f(utils.TrendStatus=SE), 趋势=%!s(MISSING)
==============================

===== 趋势分析结果 (2025-08-29 07:25:18) =====
[2025-08-29 07:25:16] BTCUSDT 5m: 当前价格=112246.65, EMA25=112219.32, EMA50=%!f(utils.TrendStatus=BU), 趋势=%!s(MISSING)
[2025-08-29 07:25:16] BTCUSDT 15m: 当前价格=112258.21, EMA25=112366.64, EMA50=%!f(utils.TrendStatus=BU), 趋势=%!s(MISSING)
[2025-08-29 07:25:16] BTCUSDT 1h: 当前价格=112277.28, EMA25=112056.19, EMA50=%!f(utils.TrendStatus=BU), 趋势=%!s(MISSING)
[2025-08-29 07:25:16] BTCUSDT 4h: 当前价格=112120.43, EMA25=112909.49, EMA50=%!f(utils.TrendStatus=RA), 趋势=%!s(MISSING)
[2025-08-29 07:25:17] BTCUSDT 1d: 当前价格=114731.30, EMA25=114328.04, EMA50=%!f(utils.TrendStatus=SE), 趋势=%!s(MISSING)
[2025-08-29 07:25:17] BTCUSDT 3d: 当前价格=112881.20, EMA25=107376.70, EMA50=%!f(utils.TrendStatus=RA), 趋势=%!s(MISSING)
[2025-08-29 07:25:17] ETHUSDT 5m: 当前价格=4495.53, EMA25=4490.60, EMA50=%!f(utils.TrendStatus=BU), 趋势=%!s(MISSING)
[2025-08-29 07:25:17] ETHUSDT 15m: 当前价格=4492.54, EMA25=4509.52, EMA50=%!f(utils.TrendStatus=BU), 趋势=%!s(MISSING)
[2025-08-29 07:25:17] ETHUSDT 1h: 当前价格=4525.51, EMA25=4543.09, EMA50=%!f(utils.TrendStatus=BU), 趋势=%!s(MISSING)
[2025-08-29 07:25:17] ETHUSDT 4h: 当前价格=4549.06, EMA25=4527.13, EMA50=%!f(utils.TrendStatus=RA), 趋势=%!s(MISSING)
[2025-08-29 07:25:18] ETHUSDT 1d: 当前价格=4303.42, EMA25=3934.38, EMA50=%!f(utils.TrendStatus=BU), 趋势=%!s(MISSING)
[2025-08-29 07:25:18] ETHUSDT 3d: 当前价格=3666.59, EMA25=3209.45, EMA50=%!f(utils.TrendStatus=SE), 趋势=%!s(MISSING)
==============================

===== 趋势分析结果 (2025-08-29 07:30:18) =====
[2025-08-29 07:30:16] BTCUSDT 5m: 当前价格=112251.22, EMA25=112222.72, EMA50=%!f(utils.TrendStatus=BU), 趋势=%!s(MISSING)
[2025-08-29 07:30:16] BTCUSDT 15m: 当前价格=112261.89, EMA25=112364.26, EMA50=%!f(utils.TrendStatus=BU), 趋势=%!s(MISSING)
[2025-08-29 07:30:16] BTCUSDT 1h: 当前价格=112274.94, EMA25=112054.99, EMA50=%!f(utils.TrendStatus=BU), 趋势=%!s(MISSING)
[2025-08-29 07:30:16] BTCUSDT 4h: 当前价格=112118.10, EMA25=112908.30, EMA50=%!f(utils.TrendStatus=RA), 趋势=%!s(MISSING)
[2025-08-29 07:30:17] BTCUSDT 1d: 当前价格=114728.95, EMA25=114326.84, EMA50=%!f(utils.TrendStatus=SE), 趋势=%!s(MISSING)
[2025-08-29 07:30:17] BTCUSDT 3d: 当前价格=112878.85, EMA25=107375.50, EMA50=%!f(utils.TrendStatus=RA), 趋势=%!s(MISSING)
[2025-08-29 07:30:17] ETHUSDT 5m: 当前价格=4495.66, EMA25=4490.86, EMA50=%!f(utils.TrendStatus=RA), 趋势=%!s(MISSING)
[2025-08-29 07:30:17] ETHUSDT 15m: 当前价格=4492.83, EMA25=4509.00, EMA50=%!f(utils.TrendStatus=BU), 趋势=%!s(MISSING)
[2025-08-29 07:30:17] ETHUSDT 1h: 当前价格=4525.39, EMA25=4543.03, EMA50=%!f(utils.TrendStatus=BU), 趋势=%!s(MISSING)
[2025-08-29 07:30:17] ETHUSDT 4h: 当前价格=4548.88, EMA25=4527.04, EMA50=%!f(utils.TrendStatus=RA), 趋势=%!s(MISSING)
[2025-08-29 07:30:18] ETHUSDT 1d: 当前价格=4303.20, EMA25=3934.27, EMA50=%!f(utils.TrendStatus=BU), 趋势=%!s(MISSING)
[2025-08-29 07:30:18] ETHUSDT 3d: 当前价格=3666.47, EMA25=3209.39, EMA50=%!f(utils.TrendStatus=SE), 趋势=%!s(MISSING)
==============================

===== 趋势分析结果 (2025-08-29 07:35:22) =====
[2025-08-29 07:35:16] BTCUSDT 5m: 当前价格=112265.23, EMA25=112231.10, EMA50=%!f(utils.TrendStatus=BU), 趋势=%!s(MISSING)
[2025-08-29 07:35:16] BTCUSDT 15m: 当前价格=112266.04, EMA25=112366.38, EMA50=%!f(utils.TrendStatus=BU), 趋势=%!s(MISSING)
[2025-08-29 07:35:18] BTCUSDT 1h: 当前价格=112279.10, EMA25=112057.11, EMA50=%!f(utils.TrendStatus=BU), 趋势=%!s(MISSING)
[2025-08-29 07:35:18] BTCUSDT 4h: 当前价格=112122.25, EMA25=112910.42, EMA50=%!f(utils.TrendStatus=RA), 趋势=%!s(MISSING)
[2025-08-29 07:35:19] BTCUSDT 1d: 当前价格=114733.11, EMA25=114328.96, EMA50=%!f(utils.TrendStatus=SE), 趋势=%!s(MISSING)
[2025-08-29 07:35:19] BTCUSDT 3d: 当前价格=112883.01, EMA25=107377.63, EMA50=%!f(utils.TrendStatus=RA), 趋势=%!s(MISSING)
[2025-08-29 07:35:19] ETHUSDT 5m: 当前价格=4495.81, EMA25=4491.13, EMA50=%!f(utils.TrendStatus=RA), 趋势=%!s(MISSING)
[2025-08-29 07:35:21] ETHUSDT 15m: 当前价格=4492.95, EMA25=4509.06, EMA50=%!f(utils.TrendStatus=BU), 趋势=%!s(MISSING)
[2025-08-29 07:35:21] ETHUSDT 1h: 当前价格=4525.44, EMA25=4543.05, EMA50=%!f(utils.TrendStatus=BU), 趋势=%!s(MISSING)
[2025-08-29 07:35:22] ETHUSDT 4h: 当前价格=4549.00, EMA25=4527.10, EMA50=%!f(utils.TrendStatus=RA), 趋势=%!s(MISSING)
[2025-08-29 07:35:22] ETHUSDT 1d: 当前价格=4303.24, EMA25=3934.29, EMA50=%!f(utils.TrendStatus=BU), 趋势=%!s(MISSING)
[2025-08-29 07:35:22] ETHUSDT 3d: 当前价格=3666.57, EMA25=3209.44, EMA50=%!f(utils.TrendStatus=SE), 趋势=%!s(MISSING)
==============================

===== 趋势分析结果 (2025-08-29 07:40:18) =====
[2025-08-29 07:40:16] BTCUSDT 5m: 当前价格=112282.23, EMA25=112241.21, EMA50=%!f(utils.TrendStatus=BU), 趋势=%!s(MISSING)
[2025-08-29 07:40:16] BTCUSDT 15m: 当前价格=112270.64, EMA25=112368.73, EMA50=%!f(utils.TrendStatus=BU), 趋势=%!s(MISSING)
[2025-08-29 07:40:16] BTCUSDT 1h: 当前价格=112283.69, EMA25=112059.45, EMA50=%!f(utils.TrendStatus=BU), 趋势=%!s(MISSING)
[2025-08-29 07:40:16] BTCUSDT 4h: 当前价格=112126.85, EMA25=112912.76, EMA50=%!f(utils.TrendStatus=RA), 趋势=%!s(MISSING)
[2025-08-29 07:40:17] BTCUSDT 1d: 当前价格=114737.71, EMA25=114331.31, EMA50=%!f(utils.TrendStatus=SE), 趋势=%!s(MISSING)
[2025-08-29 07:40:17] BTCUSDT 3d: 当前价格=112887.61, EMA25=107379.97, EMA50=%!f(utils.TrendStatus=RA), 趋势=%!s(MISSING)
[2025-08-29 07:40:17] ETHUSDT 5m: 当前价格=4496.65, EMA25=4491.75, EMA50=%!f(utils.TrendStatus=BU), 趋势=%!s(MISSING)
[2025-08-29 07:40:17] ETHUSDT 15m: 当前价格=4493.31, EMA25=4509.25, EMA50=%!f(utils.TrendStatus=BU), 趋势=%!s(MISSING)
[2025-08-29 07:40:17] ETHUSDT 1h: 当前价格=4525.81, EMA25=4543.24, EMA50=%!f(utils.TrendStatus=BU), 趋势=%!s(MISSING)
[2025-08-29 07:40:17] ETHUSDT 4h: 当前价格=4549.38, EMA25=4527.30, EMA50=%!f(utils.TrendStatus=RA), 趋势=%!s(MISSING)
[2025-08-29 07:40:18] ETHUSDT 1d: 当前价格=4303.72, EMA25=3934.53, EMA50=%!f(utils.TrendStatus=BU), 趋势=%!s(MISSING)
[2025-08-29 07:40:18] ETHUSDT 3d: 当前价格=3666.89, EMA25=3209.60, EMA50=%!f(utils.TrendStatus=SE), 趋势=%!s(MISSING)
==============================

===== 趋势分析结果 (2025-08-29 16:37:51) =====
[2025-08-29 16:37:49] BTCUSDT 5m: 当前价格=110297.25, EMA25=110667.56, EMA50=%!f(utils.TrendStatus=SE), 趋势=%!s(MISSING)
[2025-08-29 16:37:49] BTCUSDT 15m: 当前价格=110865.84, EMA25=111345.21, EMA50=%!f(utils.TrendStatus=SE), 趋势=%!s(MISSING)
[2025-08-29 16:37:50] BTCUSDT 1h: 当前价格=111640.74, EMA25=111768.82, EMA50=%!f(utils.TrendStatus=SE), 趋势=%!s(MISSING)
[2025-08-29 16:37:50] BTCUSDT 4h: 当前价格=111773.88, EMA25=112639.75, EMA50=%!f(utils.TrendStatus=SE), 趋势=%!s(MISSING)
[2025-08-29 16:37:50] BTCUSDT 1d: 当前价格=114369.37, EMA25=114159.59, EMA50=%!f(utils.TrendStatus=SE), 趋势=%!s(MISSING)
[2025-08-29 16:37:50] BTCUSDT 3d: 当前价格=112661.59, EMA25=107480.86, EMA50=%!f(utils.TrendStatus=RA), 趋势=%!s(MISSING)
[2025-08-29 16:37:50] ETHUSDT 5m: 当前价格=4393.23, EMA25=4419.84, EMA50=%!f(utils.TrendStatus=SE), 趋势=%!s(MISSING)
[2025-08-29 16:37:51] ETHUSDT 15m: 当前价格=4430.90, EMA25=4458.24, EMA50=%!f(utils.TrendStatus=SE), 趋势=%!s(MISSING)
[2025-08-29 16:37:51] ETHUSDT 1h: 当前价格=4482.93, EMA25=4513.92, EMA50=%!f(utils.TrendStatus=SE), 趋势=%!s(MISSING)
[2025-08-29 16:37:51] ETHUSDT 4h: 当前价格=4518.74, EMA25=4513.78, EMA50=%!f(utils.TrendStatus=SE), 趋势=%!s(MISSING)
[2025-08-29 16:37:51] ETHUSDT 1d: 当前价格=4308.22, EMA25=3951.32, EMA50=%!f(utils.TrendStatus=BU), 趋势=%!s(MISSING)
[2025-08-29 16:37:51] ETHUSDT 3d: 当前价格=3720.49, EMA25=3254.88, EMA50=%!f(utils.TrendStatus=SE), 趋势=%!s(MISSING)
==============================

===== 趋势分析结果 (2025-08-29 16:40:09) =====
[2025-08-29 16:40:07] BTCUSDT 5m: 当前价格=110245.10, EMA25=110626.24, EMA50=%!f(utils.TrendStatus=SE), 趋势=%!s(MISSING)
[2025-08-29 16:40:07] BTCUSDT 15m: 当前价格=110857.09, EMA25=111340.76, EMA50=%!f(utils.TrendStatus=SE), 趋势=%!s(MISSING)
[2025-08-29 16:40:07] BTCUSDT 1h: 当前价格=111630.93, EMA25=111763.82, EMA50=%!f(utils.TrendStatus=SE), 趋势=%!s(MISSING)
[2025-08-29 16:40:07] BTCUSDT 4h: 当前价格=111766.03, EMA25=112635.75, EMA50=%!f(utils.TrendStatus=SE), 趋势=%!s(MISSING)
[2025-08-29 16:40:07] BTCUSDT 1d: 当前价格=114360.63, EMA25=114155.14, EMA50=%!f(utils.TrendStatus=SE), 趋势=%!s(MISSING)
[2025-08-29 16:40:08] BTCUSDT 3d: 当前价格=112652.84, EMA25=107476.39, EMA50=%!f(utils.TrendStatus=RA), 趋势=%!s(MISSING)
[2025-08-29 16:40:08] ETHUSDT 5m: 当前价格=4389.66, EMA25=4416.96, EMA50=%!f(utils.TrendStatus=SE), 趋势=%!s(MISSING)
[2025-08-29 16:40:08] ETHUSDT 15m: 当前价格=4430.86, EMA25=4458.22, EMA50=%!f(utils.TrendStatus=SE), 趋势=%!s(MISSING)
[2025-08-29 16:40:08] ETHUSDT 1h: 当前价格=4482.73, EMA25=4513.81, EMA50=%!f(utils.TrendStatus=SE), 趋势=%!s(MISSING)
[2025-08-29 16:40:08] ETHUSDT 4h: 当前价格=4518.69, EMA25=4513.75, EMA50=%!f(utils.TrendStatus=SE), 趋势=%!s(MISSING)
[2025-08-29 16:40:09] ETHUSDT 1d: 当前价格=4308.03, EMA25=3951.22, EMA50=%!f(utils.TrendStatus=BU), 趋势=%!s(MISSING)
[2025-08-29 16:40:09] ETHUSDT 3d: 当前价格=3720.19, EMA25=3254.72, EMA50=%!f(utils.TrendStatus=SE), 趋势=%!s(MISSING)
==============================

===== 趋势分析结果 (2025-08-29 16:45:18) =====
[2025-08-29 16:45:16] BTCUSDT 5m: 当前价格=110216.46, EMA25=110596.80, EMA50=%!f(utils.TrendStatus=SE), 趋势=%!s(MISSING)
[2025-08-29 16:45:16] BTCUSDT 15m: 当前价格=110781.38, EMA25=111283.31, EMA50=%!f(utils.TrendStatus=SE), 趋势=%!s(MISSING)
[2025-08-29 16:45:16] BTCUSDT 1h: 当前价格=111635.24, EMA25=111766.02, EMA50=%!f(utils.TrendStatus=SE), 趋势=%!s(MISSING)
[2025-08-29 16:45:17] BTCUSDT 4h: 当前价格=111768.38, EMA25=112636.95, EMA50=%!f(utils.TrendStatus=SE), 趋势=%!s(MISSING)
[2025-08-29 16:45:17] BTCUSDT 1d: 当前价格=114363.88, EMA25=114156.79, EMA50=%!f(utils.TrendStatus=SE), 趋势=%!s(MISSING)
[2025-08-29 16:45:17] BTCUSDT 3d: 当前价格=112656.43, EMA25=107478.22, EMA50=%!f(utils.TrendStatus=RA), 趋势=%!s(MISSING)
[2025-08-29 16:45:17] ETHUSDT 5m: 当前价格=4387.05, EMA25=4414.57, EMA50=%!f(utils.TrendStatus=SE), 趋势=%!s(MISSING)
[2025-08-29 16:45:17] ETHUSDT 15m: 当前价格=4424.95, EMA25=4454.13, EMA50=%!f(utils.TrendStatus=SE), 趋势=%!s(MISSING)
[2025-08-29 16:45:18] ETHUSDT 1h: 当前价格=4483.06, EMA25=4513.98, EMA50=%!f(utils.TrendStatus=SE), 趋势=%!s(MISSING)
[2025-08-29 16:45:18] ETHUSDT 4h: 当前价格=4518.89, EMA25=4513.86, EMA50=%!f(utils.TrendStatus=SE), 趋势=%!s(MISSING)
[2025-08-29 16:45:18] ETHUSDT 1d: 当前价格=4308.14, EMA25=3951.28, EMA50=%!f(utils.TrendStatus=BU), 趋势=%!s(MISSING)
[2025-08-29 16:45:18] ETHUSDT 3d: 当前价格=3720.53, EMA25=3254.89, EMA50=%!f(utils.TrendStatus=SE), 趋势=%!s(MISSING)
==============================

===== 趋势分析结果 (2025-08-29 16:50:18) =====
[2025-08-29 16:50:16] BTCUSDT 5m: 当前价格=110174.23, EMA25=110560.28, EMA50=%!f(utils.TrendStatus=SE), 趋势=%!s(MISSING)
[2025-08-29 16:50:16] BTCUSDT 15m: 当前价格=110775.08, EMA25=111280.10, EMA50=%!f(utils.TrendStatus=SE), 趋势=%!s(MISSING)
[2025-08-29 16:50:16] BTCUSDT 1h: 当前价格=111628.48, EMA25=111762.56, EMA50=%!f(utils.TrendStatus=SE), 趋势=%!s(MISSING)
[2025-08-29 16:50:17] BTCUSDT 4h: 当前价格=111762.08, EMA25=112633.74, EMA50=%!f(utils.TrendStatus=SE), 趋势=%!s(MISSING)
[2025-08-29 16:50:17] BTCUSDT 1d: 当前价格=114357.58, EMA25=114153.58, EMA50=%!f(utils.TrendStatus=SE), 趋势=%!s(MISSING)
[2025-08-29 16:50:17] BTCUSDT 3d: 当前价格=112649.79, EMA25=107474.84, EMA50=%!f(utils.TrendStatus=RA), 趋势=%!s(MISSING)
[2025-08-29 16:50:17] ETHUSDT 5m: 当前价格=4383.95, EMA25=4411.90, EMA50=%!f(utils.TrendStatus=SE), 趋势=%!s(MISSING)
[2025-08-29 16:50:17] ETHUSDT 15m: 当前价格=4424.69, EMA25=4454.00, EMA50=%!f(utils.TrendStatus=SE), 趋势=%!s(MISSING)
[2025-08-29 16:50:17] ETHUSDT 1h: 当前价格=4482.58, EMA25=4513.74, EMA50=%!f(utils.TrendStatus=SE), 趋势=%!s(MISSING)
[2025-08-29 16:50:18] ETHUSDT 4h: 当前价格=4518.41, EMA25=4513.61, EMA50=%!f(utils.TrendStatus=SE), 趋势=%!s(MISSING)
[2025-08-29 16:50:18] ETHUSDT 1d: 当前价格=4307.89, EMA25=3951.15, EMA50=%!f(utils.TrendStatus=BU), 趋势=%!s(MISSING)
[2025-08-29 16:50:18] ETHUSDT 3d: 当前价格=3720.05, EMA25=3254.65, EMA50=%!f(utils.TrendStatus=SE), 趋势=%!s(MISSING)
==============================

===== 趋势分析结果 (2025-08-29 16:55:18) =====
[2025-08-29 16:55:16] BTCUSDT 5m: 当前价格=110122.03, EMA25=110518.36, EMA50=%!f(utils.TrendStatus=SE), 趋势=%!s(MISSING)
[2025-08-29 16:55:16] BTCUSDT 15m: 当前价格=110766.41, EMA25=111275.68, EMA50=%!f(utils.TrendStatus=SE), 趋势=%!s(MISSING)
[2025-08-29 16:55:16] BTCUSDT 1h: 当前价格=111620.28, EMA25=111758.39, EMA50=%!f(utils.TrendStatus=SE), 趋势=%!s(MISSING)
[2025-08-29 16:55:17] BTCUSDT 4h: 当前价格=111753.73, EMA25=112629.48, EMA50=%!f(utils.TrendStatus=SE), 趋势=%!s(MISSING)
[2025-08-29 16:55:17] BTCUSDT 1d: 当前价格=114349.22, EMA25=114149.32, EMA50=%!f(utils.TrendStatus=SE), 趋势=%!s(MISSING)
[2025-08-29 16:55:17] BTCUSDT 3d: 当前价格=112641.44, EMA25=107470.58, EMA50=%!f(utils.TrendStatus=RA), 趋势=%!s(MISSING)
[2025-08-29 16:55:17] ETHUSDT 5m: 当前价格=4379.99, EMA25=4408.77, EMA50=%!f(utils.TrendStatus=SE), 趋势=%!s(MISSING)
[2025-08-29 16:55:17] ETHUSDT 15m: 当前价格=4423.91, EMA25=4453.61, EMA50=%!f(utils.TrendStatus=SE), 趋势=%!s(MISSING)
[2025-08-29 16:55:17] ETHUSDT 1h: 当前价格=4481.86, EMA25=4513.37, EMA50=%!f(utils.TrendStatus=SE), 趋势=%!s(MISSING)
[2025-08-29 16:55:18] ETHUSDT 4h: 当前价格=4517.65, EMA25=4513.22, EMA50=%!f(utils.TrendStatus=SE), 趋势=%!s(MISSING)
[2025-08-29 16:55:18] ETHUSDT 1d: 当前价格=4307.17, EMA25=3950.78, EMA50=%!f(utils.TrendStatus=BU), 趋势=%!s(MISSING)
[2025-08-29 16:55:18] ETHUSDT 3d: 当前价格=3719.29, EMA25=3254.26, EMA50=%!f(utils.TrendStatus=SE), 趋势=%!s(MISSING)
==============================

===== 趋势分析结果 (2025-08-29 16:57:47) =====
[2025-08-29 16:57:45] BTCUSDT 5m: 当前价格=110118.75, EMA25=110516.68, EMA50=%!f(utils.TrendStatus=SE), 趋势=%!s(MISSING)
[2025-08-29 16:57:45] BTCUSDT 15m: 当前价格=110763.14, EMA25=111274.01, EMA50=%!f(utils.TrendStatus=SE), 趋势=%!s(MISSING)
[2025-08-29 16:57:45] BTCUSDT 1h: 当前价格=111618.00, EMA25=111757.22, EMA50=%!f(utils.TrendStatus=SE), 趋势=%!s(MISSING)
[2025-08-29 16:57:45] BTCUSDT 4h: 当前价格=111751.14, EMA25=112628.16, EMA50=%!f(utils.TrendStatus=SE), 趋势=%!s(MISSING)
[2025-08-29 16:57:46] BTCUSDT 1d: 当前价格=114346.63, EMA25=114148.00, EMA50=%!f(utils.TrendStatus=SE), 趋势=%!s(MISSING)
[2025-08-29 16:57:46] BTCUSDT 3d: 当前价格=112637.86, EMA25=107468.76, EMA50=%!f(utils.TrendStatus=RA), 趋势=%!s(MISSING)
[2025-08-29 16:57:46] ETHUSDT 5m: 当前价格=4379.02, EMA25=4408.28, EMA50=%!f(utils.TrendStatus=SE), 趋势=%!s(MISSING)
[2025-08-29 16:57:46] ETHUSDT 15m: 当前价格=4422.99, EMA25=4453.14, EMA50=%!f(utils.TrendStatus=SE), 趋势=%!s(MISSING)
[2025-08-29 16:57:46] ETHUSDT 1h: 当前价格=4480.89, EMA25=4512.87, EMA50=%!f(utils.TrendStatus=SE), 趋势=%!s(MISSING)
[2025-08-29 16:57:47] ETHUSDT 4h: 当前价格=4516.83, EMA25=4512.81, EMA50=%!f(utils.TrendStatus=SE), 趋势=%!s(MISSING)
[2025-08-29 16:57:47] ETHUSDT 1d: 当前价格=4306.23, EMA25=3950.30, EMA50=%!f(utils.TrendStatus=BU), 趋势=%!s(MISSING)
[2025-08-29 16:57:47] ETHUSDT 3d: 当前价格=3718.34, EMA25=3253.78, EMA50=%!f(utils.TrendStatus=SE), 趋势=%!s(MISSING)
==============================

===== 趋势分析结果 (2025-08-29 17:00:09) =====
[2025-08-29 17:00:07] BTCUSDT 5m: 当前价格=110076.80, EMA25=110479.72, EMA50=%!f(utils.TrendStatus=SE), 趋势=%!s(MISSING)
[2025-08-29 17:00:07] BTCUSDT 15m: 当前价格=110672.65, EMA25=111207.87, EMA50=%!f(utils.TrendStatus=SE), 趋势=%!s(MISSING)
[2025-08-29 17:00:08] BTCUSDT 1h: 当前价格=111460.84, EMA25=111671.65, EMA50=%!f(utils.TrendStatus=RA), 趋势=%!s(MISSING)
[2025-08-29 17:00:08] BTCUSDT 4h: 当前价格=111750.80, EMA25=112627.98, EMA50=%!f(utils.TrendStatus=SE), 趋势=%!s(MISSING)
[2025-08-29 17:00:08] BTCUSDT 1d: 当前价格=114346.29, EMA25=114147.83, EMA50=%!f(utils.TrendStatus=SE), 趋势=%!s(MISSING)
[2025-08-29 17:00:08] BTCUSDT 3d: 当前价格=112638.51, EMA25=107469.09, EMA50=%!f(utils.TrendStatus=RA), 趋势=%!s(MISSING)
[2025-08-29 17:00:08] ETHUSDT 5m: 当前价格=4375.52, EMA25=4405.36, EMA50=%!f(utils.TrendStatus=SE), 趋势=%!s(MISSING)
[2025-08-29 17:00:09] ETHUSDT 15m: 当前价格=4416.07, EMA25=4448.43, EMA50=%!f(utils.TrendStatus=SE), 趋势=%!s(MISSING)
[2025-08-29 17:00:09] ETHUSDT 1h: 当前价格=4469.40, EMA25=4505.77, EMA50=%!f(utils.TrendStatus=SE), 趋势=%!s(MISSING)
[2025-08-29 17:00:09] ETHUSDT 4h: 当前价格=4516.66, EMA25=4512.72, EMA50=%!f(utils.TrendStatus=SE), 趋势=%!s(MISSING)
[2025-08-29 17:00:09] ETHUSDT 1d: 当前价格=4306.37, EMA25=3950.37, EMA50=%!f(utils.TrendStatus=BU), 趋势=%!s(MISSING)
[2025-08-29 17:00:09] ETHUSDT 3d: 当前价格=3718.30, EMA25=3253.76, EMA50=%!f(utils.TrendStatus=SE), 趋势=%!s(MISSING)
==============================

===== 趋势分析结果 (2025-08-29 17:05:19) =====
[2025-08-29 17:05:17] BTCUSDT 5m: 当前价格=110026.32, EMA25=110438.04, EMA50=%!f(utils.TrendStatus=SE), 趋势=%!s(MISSING)
[2025-08-29 17:05:17] BTCUSDT 15m: 当前价格=110667.11, EMA25=111205.05, EMA50=%!f(utils.TrendStatus=SE), 趋势=%!s(MISSING)
[2025-08-29 17:05:17] BTCUSDT 1h: 当前价格=111456.23, EMA25=111669.30, EMA50=%!f(utils.TrendStatus=RA), 趋势=%!s(MISSING)
[2025-08-29 17:05:17] BTCUSDT 4h: 当前价格=111745.26, EMA25=112625.16, EMA50=%!f(utils.TrendStatus=SE), 趋势=%!s(MISSING)
[2025-08-29 17:05:17] BTCUSDT 1d: 当前价格=114341.68, EMA25=114145.47, EMA50=%!f(utils.TrendStatus=SE), 趋势=%!s(MISSING)
[2025-08-29 17:05:18] BTCUSDT 3d: 当前价格=112632.97, EMA25=107466.26, EMA50=%!f(utils.TrendStatus=RA), 趋势=%!s(MISSING)
[2025-08-29 17:05:18] ETHUSDT 5m: 当前价格=4371.12, EMA25=4401.93, EMA50=%!f(utils.TrendStatus=SE), 趋势=%!s(MISSING)
[2025-08-29 17:05:18] ETHUSDT 15m: 当前价格=4415.68, EMA25=4448.23, EMA50=%!f(utils.TrendStatus=SE), 趋势=%!s(MISSING)
[2025-08-29 17:05:18] ETHUSDT 1h: 当前价格=4469.12, EMA25=4505.63, EMA50=%!f(utils.TrendStatus=SE), 趋势=%!s(MISSING)
[2025-08-29 17:05:18] ETHUSDT 4h: 当前价格=4516.38, EMA25=4512.58, EMA50=%!f(utils.TrendStatus=SE), 趋势=%!s(MISSING)
[2025-08-29 17:05:18] ETHUSDT 1d: 当前价格=4305.86, EMA25=3950.11, EMA50=%!f(utils.TrendStatus=BU), 趋势=%!s(MISSING)
[2025-08-29 17:05:19] ETHUSDT 3d: 当前价格=3718.02, EMA25=3253.61, EMA50=%!f(utils.TrendStatus=SE), 趋势=%!s(MISSING)
==============================

===== 趋势分析结果 (2025-08-29 17:10:19) =====
[2025-08-29 17:10:17] BTCUSDT 5m: 当前价格=110000.06, EMA25=110408.65, EMA50=%!f(utils.TrendStatus=SE), 趋势=%!s(MISSING)
[2025-08-29 17:10:17] BTCUSDT 15m: 当前价格=110674.96, EMA25=111209.05, EMA50=%!f(utils.TrendStatus=SE), 趋势=%!s(MISSING)
[2025-08-29 17:10:17] BTCUSDT 1h: 当前价格=111463.14, EMA25=111672.83, EMA50=%!f(utils.TrendStatus=RA), 趋势=%!s(MISSING)
[2025-08-29 17:10:17] BTCUSDT 4h: 当前价格=111753.11, EMA25=112629.16, EMA50=%!f(utils.TrendStatus=SE), 趋势=%!s(MISSING)
[2025-08-29 17:10:17] BTCUSDT 1d: 当前价格=114348.59, EMA25=114149.00, EMA50=%!f(utils.TrendStatus=SE), 趋势=%!s(MISSING)
[2025-08-29 17:10:18] BTCUSDT 3d: 当前价格=112640.81, EMA25=107470.26, EMA50=%!f(utils.TrendStatus=RA), 趋势=%!s(MISSING)
[2025-08-29 17:10:18] ETHUSDT 5m: 当前价格=4367.64, EMA25=4398.95, EMA50=%!f(utils.TrendStatus=SE), 趋势=%!s(MISSING)
[2025-08-29 17:10:18] ETHUSDT 15m: 当前价格=4415.69, EMA25=4448.24, EMA50=%!f(utils.TrendStatus=SE), 趋势=%!s(MISSING)
[2025-08-29 17:10:18] ETHUSDT 1h: 当前价格=4469.13, EMA25=4505.63, EMA50=%!f(utils.TrendStatus=SE), 趋势=%!s(MISSING)
[2025-08-29 17:10:18] ETHUSDT 4h: 当前价格=4516.39, EMA25=4512.58, EMA50=%!f(utils.TrendStatus=SE), 趋势=%!s(MISSING)
[2025-08-29 17:10:18] ETHUSDT 1d: 当前价格=4305.87, EMA25=3950.12, EMA50=%!f(utils.TrendStatus=BU), 趋势=%!s(MISSING)
[2025-08-29 17:10:19] ETHUSDT 3d: 当前价格=3718.03, EMA25=3253.62, EMA50=%!f(utils.TrendStatus=SE), 趋势=%!s(MISSING)
==============================

===== 趋势分析结果 (2025-08-29 17:15:19) =====
[2025-08-29 17:15:17] BTCUSDT 5m: 当前价格=109956.65, EMA25=110370.36, EMA50=%!f(utils.TrendStatus=SE), 趋势=%!s(MISSING)
[2025-08-29 17:15:17] BTCUSDT 15m: 当前价格=110579.63, EMA25=111139.38, EMA50=%!f(utils.TrendStatus=SE), 趋势=%!s(MISSING)
[2025-08-29 17:15:17] BTCUSDT 1h: 当前价格=111456.74, EMA25=111669.56, EMA50=%!f(utils.TrendStatus=RA), 趋势=%!s(MISSING)
[2025-08-29 17:15:17] BTCUSDT 4h: 当前价格=111746.69, EMA25=112625.89, EMA50=%!f(utils.TrendStatus=SE), 趋势=%!s(MISSING)
[2025-08-29 17:15:17] BTCUSDT 1d: 当前价格=114342.19, EMA25=114145.74, EMA50=%!f(utils.TrendStatus=SE), 趋势=%!s(MISSING)
[2025-08-29 17:15:18] BTCUSDT 3d: 当前价格=112634.40, EMA25=107466.99, EMA50=%!f(utils.TrendStatus=RA), 趋势=%!s(MISSING)
[2025-08-29 17:15:18] ETHUSDT 5m: 当前价格=4364.38, EMA25=4396.07, EMA50=%!f(utils.TrendStatus=SE), 趋势=%!s(MISSING)
[2025-08-29 17:15:18] ETHUSDT 15m: 当前价格=4408.74, EMA25=4443.42, EMA50=%!f(utils.TrendStatus=SE), 趋势=%!s(MISSING)
[2025-08-29 17:15:18] ETHUSDT 1h: 当前价格=4469.13, EMA25=4505.63, EMA50=%!f(utils.TrendStatus=SE), 趋势=%!s(MISSING)
[2025-08-29 17:15:18] ETHUSDT 4h: 当前价格=4516.37, EMA25=4512.57, EMA50=%!f(utils.TrendStatus=SE), 趋势=%!s(MISSING)
[2025-08-29 17:15:19] ETHUSDT 1d: 当前价格=4305.87, EMA25=3950.12, EMA50=%!f(utils.TrendStatus=BU), 趋势=%!s(MISSING)
[2025-08-29 17:15:19] ETHUSDT 3d: 当前价格=3718.03, EMA25=3253.62, EMA50=%!f(utils.TrendStatus=SE), 趋势=%!s(MISSING)
==============================

===== 趋势分析结果 (2025-08-29 17:20:19) =====
[2025-08-29 17:20:17] BTCUSDT 5m: 当前价格=109947.29, EMA25=110349.59, EMA50=%!f(utils.TrendStatus=SE), 趋势=%!s(MISSING)
[2025-08-29 17:20:17] BTCUSDT 15m: 当前价格=110593.23, EMA25=111146.31, EMA50=%!f(utils.TrendStatus=SE), 趋势=%!s(MISSING)
[2025-08-29 17:20:17] BTCUSDT 1h: 当前价格=111469.61, EMA25=111676.12, EMA50=%!f(utils.TrendStatus=RA), 趋势=%!s(MISSING)
[2025-08-29 17:20:17] BTCUSDT 4h: 当前价格=111760.30, EMA25=112632.83, EMA50=%!f(utils.TrendStatus=SE), 趋势=%!s(MISSING)
[2025-08-29 17:20:17] BTCUSDT 1d: 当前价格=114355.07, EMA25=114152.30, EMA50=%!f(utils.TrendStatus=SE), 趋势=%!s(MISSING)
[2025-08-29 17:20:18] BTCUSDT 3d: 当前价格=112648.01, EMA25=107473.93, EMA50=%!f(utils.TrendStatus=RA), 趋势=%!s(MISSING)
[2025-08-29 17:20:18] ETHUSDT 5m: 当前价格=4363.31, EMA25=4394.30, EMA50=%!f(utils.TrendStatus=SE), 趋势=%!s(MISSING)
[2025-08-29 17:20:18] ETHUSDT 15m: 当前价格=4409.72, EMA25=4443.92, EMA50=%!f(utils.TrendStatus=SE), 趋势=%!s(MISSING)
[2025-08-29 17:20:18] ETHUSDT 1h: 当前价格=4470.18, EMA25=4506.17, EMA50=%!f(utils.TrendStatus=RA), 趋势=%!s(MISSING)
[2025-08-29 17:20:18] ETHUSDT 4h: 当前价格=4517.34, EMA25=4513.07, EMA50=%!f(utils.TrendStatus=SE), 趋势=%!s(MISSING)
[2025-08-29 17:20:18] ETHUSDT 1d: 当前价格=4306.83, EMA25=3950.61, EMA50=%!f(utils.TrendStatus=BU), 趋势=%!s(MISSING)
[2025-08-29 17:20:19] ETHUSDT 3d: 当前价格=3718.98, EMA25=3254.10, EMA50=%!f(utils.TrendStatus=SE), 趋势=%!s(MISSING)
==============================

===== 趋势分析结果 (2025-08-29 17:25:19) =====
[2025-08-29 17:25:17] BTCUSDT 5m: 当前价格=109925.41, EMA25=110322.64, EMA50=%!f(utils.TrendStatus=SE), 趋势=%!s(MISSING)
[2025-08-29 17:25:17] BTCUSDT 15m: 当前价格=110591.63, EMA25=111145.49, EMA50=%!f(utils.TrendStatus=SE), 趋势=%!s(MISSING)
[2025-08-29 17:25:17] BTCUSDT 1h: 当前价格=111467.58, EMA25=111675.09, EMA50=%!f(utils.TrendStatus=RA), 趋势=%!s(MISSING)
[2025-08-29 17:25:17] BTCUSDT 4h: 当前价格=111758.69, EMA25=112632.01, EMA50=%!f(utils.TrendStatus=SE), 趋势=%!s(MISSING)
[2025-08-29 17:25:17] BTCUSDT 1d: 当前价格=114354.18, EMA25=114151.85, EMA50=%!f(utils.TrendStatus=SE), 趋势=%!s(MISSING)
[2025-08-29 17:25:18] BTCUSDT 3d: 当前价格=112646.40, EMA25=107473.11, EMA50=%!f(utils.TrendStatus=RA), 趋势=%!s(MISSING)
[2025-08-29 17:25:18] ETHUSDT 5m: 当前价格=4361.29, EMA25=4392.05, EMA50=%!f(utils.TrendStatus=SE), 趋势=%!s(MISSING)
[2025-08-29 17:25:18] ETHUSDT 15m: 当前价格=4409.79, EMA25=4443.95, EMA50=%!f(utils.TrendStatus=SE), 趋势=%!s(MISSING)
[2025-08-29 17:25:18] ETHUSDT 1h: 当前价格=4470.14, EMA25=4506.15, EMA50=%!f(utils.TrendStatus=RA), 趋势=%!s(MISSING)
[2025-08-29 17:25:18] ETHUSDT 4h: 当前价格=4517.40, EMA25=4513.10, EMA50=%!f(utils.TrendStatus=SE), 趋势=%!s(MISSING)
[2025-08-29 17:25:18] ETHUSDT 1d: 当前价格=4306.88, EMA25=3950.64, EMA50=%!f(utils.TrendStatus=BU), 趋势=%!s(MISSING)
[2025-08-29 17:25:19] ETHUSDT 3d: 当前价格=3719.04, EMA25=3254.14, EMA50=%!f(utils.TrendStatus=SE), 趋势=%!s(MISSING)
==============================

===== 趋势分析结果 (2025-08-29 17:30:19) =====
[2025-08-29 17:30:17] BTCUSDT 5m: 当前价格=109905.84, EMA25=110297.13, EMA50=%!f(utils.TrendStatus=SE), 趋势=%!s(MISSING)
[2025-08-29 17:30:17] BTCUSDT 15m: 当前价格=110520.81, EMA25=111087.71, EMA50=%!f(utils.TrendStatus=SE), 趋势=%!s(MISSING)
[2025-08-29 17:30:17] BTCUSDT 1h: 当前价格=111466.71, EMA25=111674.64, EMA50=%!f(utils.TrendStatus=RA), 趋势=%!s(MISSING)
[2025-08-29 17:30:17] BTCUSDT 4h: 当前价格=111756.68, EMA25=112630.98, EMA50=%!f(utils.TrendStatus=SE), 趋势=%!s(MISSING)
[2025-08-29 17:30:17] BTCUSDT 1d: 当前价格=114352.16, EMA25=114150.82, EMA50=%!f(utils.TrendStatus=SE), 趋势=%!s(MISSING)
[2025-08-29 17:30:17] BTCUSDT 3d: 当前价格=112644.37, EMA25=107472.08, EMA50=%!f(utils.TrendStatus=RA), 趋势=%!s(MISSING)
[2025-08-29 17:30:18] ETHUSDT 5m: 当前价格=4359.40, EMA25=4389.89, EMA50=%!f(utils.TrendStatus=SE), 趋势=%!s(MISSING)
[2025-08-29 17:30:18] ETHUSDT 15m: 当前价格=4404.26, EMA25=4439.80, EMA50=%!f(utils.TrendStatus=SE), 趋势=%!s(MISSING)
[2025-08-29 17:30:18] ETHUSDT 1h: 当前价格=4469.99, EMA25=4506.07, EMA50=%!f(utils.TrendStatus=RA), 趋势=%!s(MISSING)
[2025-08-29 17:30:18] ETHUSDT 4h: 当前价格=4517.34, EMA25=4513.07, EMA50=%!f(utils.TrendStatus=SE), 趋势=%!s(MISSING)
[2025-08-29 17:30:18] ETHUSDT 1d: 当前价格=4306.82, EMA25=3950.60, EMA50=%!f(utils.TrendStatus=BU), 趋势=%!s(MISSING)
[2025-08-29 17:30:19] ETHUSDT 3d: 当前价格=3718.89, EMA25=3254.06, EMA50=%!f(utils.TrendStatus=SE), 趋势=%!s(MISSING)
==============================

===== 趋势分析结果 (2025-08-29 18:30:22) =====
[2025-08-29 18:30:21] BTCUSDT 5m: 当前价格=109854.96, EMA25=110113.91, EMA50=%!f(utils.TrendStatus=RA), 趋势=%!s(MISSING)
[2025-08-29 18:30:21] BTCUSDT 15m: 当前价格=110335.38, EMA25=110903.76, EMA50=%!f(utils.TrendStatus=SE), 趋势=%!s(MISSING)
[2025-08-29 18:30:21] BTCUSDT 1h: 当前价格=111348.46, EMA25=111606.30, EMA50=%!f(utils.TrendStatus=BU), 趋势=%!s(MISSING)
[2025-08-29 18:30:21] BTCUSDT 4h: 当前价格=111773.88, EMA25=112639.75, EMA50=%!f(utils.TrendStatus=SE), 趋势=%!s(MISSING)
[2025-08-29 18:30:21] BTCUSDT 1d: 当前价格=114369.37, EMA25=114159.59, EMA50=%!f(utils.TrendStatus=SE), 趋势=%!s(MISSING)
[2025-08-29 18:30:21] BTCUSDT 3d: 当前价格=112661.58, EMA25=107480.85, EMA50=%!f(utils.TrendStatus=RA), 趋势=%!s(MISSING)
[2025-08-29 18:30:22] ETHUSDT 5m: 当前价格=4350.80, EMA25=4372.45, EMA50=%!f(utils.TrendStatus=RA), 趋势=%!s(MISSING)
[2025-08-29 18:30:22] ETHUSDT 15m: 当前价格=4388.64, EMA25=4426.04, EMA50=%!f(utils.TrendStatus=SE), 趋势=%!s(MISSING)
[2025-08-29 18:30:22] ETHUSDT 1h: 当前价格=4461.05, EMA25=4500.10, EMA50=%!f(utils.TrendStatus=BU), 趋势=%!s(MISSING)
[2025-08-29 18:30:22] ETHUSDT 4h: 当前价格=4518.69, EMA25=4513.75, EMA50=%!f(utils.TrendStatus=SE), 趋势=%!s(MISSING)
[2025-08-29 18:30:22] ETHUSDT 1d: 当前价格=4308.17, EMA25=3951.29, EMA50=%!f(utils.TrendStatus=BU), 趋势=%!s(MISSING)
[2025-08-29 18:30:22] ETHUSDT 3d: 当前价格=3720.33, EMA25=3254.79, EMA50=%!f(utils.TrendStatus=SE), 趋势=%!s(MISSING)
==============================

===== 趋势分析结果 (2025-08-29 18:35:09) =====
[2025-08-29 18:35:07] BTCUSDT 5m: 当前价格=109859.28, EMA25=110106.01, EMA50=%!f(utils.TrendStatus=RA), 趋势=%!s(MISSING)
[2025-08-29 18:35:07] BTCUSDT 15m: 当前价格=110336.00, EMA25=110904.08, EMA50=%!f(utils.TrendStatus=SE), 趋势=%!s(MISSING)
[2025-08-29 18:35:07] BTCUSDT 1h: 当前价格=111349.07, EMA25=111606.61, EMA50=%!f(utils.TrendStatus=BU), 趋势=%!s(MISSING)
[2025-08-29 18:35:07] BTCUSDT 4h: 当前价格=111774.50, EMA25=112640.07, EMA50=%!f(utils.TrendStatus=SE), 趋势=%!s(MISSING)
[2025-08-29 18:35:07] BTCUSDT 1d: 当前价格=114369.99, EMA25=114159.91, EMA50=%!f(utils.TrendStatus=SE), 趋势=%!s(MISSING)
[2025-08-29 18:35:08] BTCUSDT 3d: 当前价格=112662.21, EMA25=107481.17, EMA50=%!f(utils.TrendStatus=RA), 趋势=%!s(MISSING)
[2025-08-29 18:35:08] ETHUSDT 5m: 当前价格=4351.05, EMA25=4371.73, EMA50=%!f(utils.TrendStatus=RA), 趋势=%!s(MISSING)
[2025-08-29 18:35:08] ETHUSDT 15m: 当前价格=4388.50, EMA25=4425.97, EMA50=%!f(utils.TrendStatus=SE), 趋势=%!s(MISSING)
[2025-08-29 18:35:08] ETHUSDT 1h: 当前价格=4460.91, EMA25=4500.03, EMA50=%!f(utils.TrendStatus=BU), 趋势=%!s(MISSING)
[2025-08-29 18:35:08] ETHUSDT 4h: 当前价格=4518.50, EMA25=4513.66, EMA50=%!f(utils.TrendStatus=SE), 趋势=%!s(MISSING)
[2025-08-29 18:35:09] ETHUSDT 1d: 当前价格=4307.98, EMA25=3951.20, EMA50=%!f(utils.TrendStatus=BU), 趋势=%!s(MISSING)
[2025-08-29 18:35:09] ETHUSDT 3d: 当前价格=3720.24, EMA25=3254.75, EMA50=%!f(utils.TrendStatus=SE), 趋势=%!s(MISSING)
==============================

===== 趋势分析结果 (2025-08-29 18:40:18) =====
[2025-08-29 18:40:16] BTCUSDT 5m: 当前价格=109869.42, EMA25=110101.61, EMA50=%!f(utils.TrendStatus=RA), 趋势=%!s(MISSING)
[2025-08-29 18:40:16] BTCUSDT 15m: 当前价格=110339.59, EMA25=110905.91, EMA50=%!f(utils.TrendStatus=SE), 趋势=%!s(MISSING)
[2025-08-29 18:40:16] BTCUSDT 1h: 当前价格=111352.66, EMA25=111608.44, EMA50=%!f(utils.TrendStatus=BU), 趋势=%!s(MISSING)
[2025-08-29 18:40:17] BTCUSDT 4h: 当前价格=111778.08, EMA25=112641.89, EMA50=%!f(utils.TrendStatus=SE), 趋势=%!s(MISSING)
[2025-08-29 18:40:17] BTCUSDT 1d: 当前价格=114373.58, EMA25=114161.74, EMA50=%!f(utils.TrendStatus=SE), 趋势=%!s(MISSING)
[2025-08-29 18:40:17] BTCUSDT 3d: 当前价格=112665.80, EMA25=107483.00, EMA50=%!f(utils.TrendStatus=RA), 趋势=%!s(MISSING)
[2025-08-29 18:40:17] ETHUSDT 5m: 当前价格=4351.36, EMA25=4371.08, EMA50=%!f(utils.TrendStatus=RA), 趋势=%!s(MISSING)
[2025-08-29 18:40:17] ETHUSDT 15m: 当前价格=4388.58, EMA25=4426.01, EMA50=%!f(utils.TrendStatus=SE), 趋势=%!s(MISSING)
[2025-08-29 18:40:18] ETHUSDT 1h: 当前价格=4460.99, EMA25=4500.07, EMA50=%!f(utils.TrendStatus=BU), 趋势=%!s(MISSING)
[2025-08-29 18:40:18] ETHUSDT 4h: 当前价格=4518.61, EMA25=4513.71, EMA50=%!f(utils.TrendStatus=SE), 趋势=%!s(MISSING)
[2025-08-29 18:40:18] ETHUSDT 1d: 当前价格=4308.10, EMA25=3951.25, EMA50=%!f(utils.TrendStatus=BU), 趋势=%!s(MISSING)
[2025-08-29 18:40:18] ETHUSDT 3d: 当前价格=3720.24, EMA25=3254.75, EMA50=%!f(utils.TrendStatus=SE), 趋势=%!s(MISSING)
==============================

===== 趋势分析结果 (2025-08-29 18:45:18) =====
[2025-08-29 18:45:16] BTCUSDT 5m: 当前价格=109875.84, EMA25=110095.82, EMA50=%!f(utils.TrendStatus=RA), 趋势=%!s(MISSING)
[2025-08-29 18:45:16] BTCUSDT 15m: 当前价格=110309.83, EMA25=110868.57, EMA50=%!f(utils.TrendStatus=SE), 趋势=%!s(MISSING)
[2025-08-29 18:45:16] BTCUSDT 1h: 当前价格=111353.07, EMA25=111608.65, EMA50=%!f(utils.TrendStatus=BU), 趋势=%!s(MISSING)
[2025-08-29 18:45:17] BTCUSDT 4h: 当前价格=111778.50, EMA25=112642.11, EMA50=%!f(utils.TrendStatus=SE), 趋势=%!s(MISSING)
[2025-08-29 18:45:17] BTCUSDT 1d: 当前价格=114374.00, EMA25=114161.95, EMA50=%!f(utils.TrendStatus=SE), 趋势=%!s(MISSING)
[2025-08-29 18:45:17] BTCUSDT 3d: 当前价格=112666.21, EMA25=107483.21, EMA50=%!f(utils.TrendStatus=RA), 趋势=%!s(MISSING)
[2025-08-29 18:45:17] ETHUSDT 5m: 当前价格=4351.16, EMA25=4370.20, EMA50=%!f(utils.TrendStatus=SE), 趋势=%!s(MISSING)
[2025-08-29 18:45:17] ETHUSDT 15m: 当前价格=4385.51, EMA25=4422.97, EMA50=%!f(utils.TrendStatus=SE), 趋势=%!s(MISSING)
[2025-08-29 18:45:17] ETHUSDT 1h: 当前价格=4460.84, EMA25=4499.99, EMA50=%!f(utils.TrendStatus=BU), 趋势=%!s(MISSING)
[2025-08-29 18:45:18] ETHUSDT 4h: 当前价格=4518.49, EMA25=4513.65, EMA50=%!f(utils.TrendStatus=SE), 趋势=%!s(MISSING)
[2025-08-29 18:45:18] ETHUSDT 1d: 当前价格=4307.91, EMA25=3951.16, EMA50=%!f(utils.TrendStatus=BU), 趋势=%!s(MISSING)
[2025-08-29 18:45:18] ETHUSDT 3d: 当前价格=3720.13, EMA25=3254.69, EMA50=%!f(utils.TrendStatus=SE), 趋势=%!s(MISSING)
==============================

===== 趋势分析结果 (2025-08-29 18:50:18) =====
[2025-08-29 18:50:16] BTCUSDT 5m: 当前价格=109868.64, EMA25=110083.38, EMA50=%!f(utils.TrendStatus=SE), 趋势=%!s(MISSING)
[2025-08-29 18:50:16] BTCUSDT 15m: 当前价格=110304.78, EMA25=110865.99, EMA50=%!f(utils.TrendStatus=SE), 趋势=%!s(MISSING)
[2025-08-29 18:50:16] BTCUSDT 1h: 当前价格=111348.03, EMA25=111606.08, EMA50=%!f(utils.TrendStatus=BU), 趋势=%!s(MISSING)
[2025-08-29 18:50:16] BTCUSDT 4h: 当前价格=111773.45, EMA25=112639.53, EMA50=%!f(utils.TrendStatus=SE), 趋势=%!s(MISSING)
[2025-08-29 18:50:17] BTCUSDT 1d: 当前价格=114368.94, EMA25=114159.37, EMA50=%!f(utils.TrendStatus=SE), 趋势=%!s(MISSING)
[2025-08-29 18:50:17] BTCUSDT 3d: 当前价格=112661.17, EMA25=107480.64, EMA50=%!f(utils.TrendStatus=RA), 趋势=%!s(MISSING)
[2025-08-29 18:50:17] ETHUSDT 5m: 当前价格=4349.72, EMA25=4368.71, EMA50=%!f(utils.TrendStatus=SE), 趋势=%!s(MISSING)
[2025-08-29 18:50:17] ETHUSDT 15m: 当前价格=4384.75, EMA25=4422.58, EMA50=%!f(utils.TrendStatus=SE), 趋势=%!s(MISSING)
[2025-08-29 18:50:17] ETHUSDT 1h: 当前价格=4460.05, EMA25=4499.59, EMA50=%!f(utils.TrendStatus=BU), 趋势=%!s(MISSING)
[2025-08-29 18:50:18] ETHUSDT 4h: 当前价格=4517.67, EMA25=4513.23, EMA50=%!f(utils.TrendStatus=SE), 趋势=%!s(MISSING)
[2025-08-29 18:50:18] ETHUSDT 1d: 当前价格=4307.15, EMA25=3950.77, EMA50=%!f(utils.TrendStatus=BU), 趋势=%!s(MISSING)
[2025-08-29 18:50:18] ETHUSDT 3d: 当前价格=3719.31, EMA25=3254.27, EMA50=%!f(utils.TrendStatus=SE), 趋势=%!s(MISSING)
==============================

===== 趋势分析结果 (2025-08-29 18:55:18) =====
[2025-08-29 18:55:16] BTCUSDT 5m: 当前价格=109868.70, EMA25=110074.99, EMA50=%!f(utils.TrendStatus=RA), 趋势=%!s(MISSING)
[2025-08-29 18:55:16] BTCUSDT 15m: 当前价格=110305.90, EMA25=110866.56, EMA50=%!f(utils.TrendStatus=SE), 趋势=%!s(MISSING)
[2025-08-29 18:55:16] BTCUSDT 1h: 当前价格=111348.67, EMA25=111606.41, EMA50=%!f(utils.TrendStatus=BU), 趋势=%!s(MISSING)
[2025-08-29 18:55:16] BTCUSDT 4h: 当前价格=111774.10, EMA25=112639.86, EMA50=%!f(utils.TrendStatus=SE), 趋势=%!s(MISSING)
[2025-08-29 18:55:17] BTCUSDT 1d: 当前价格=114370.06, EMA25=114159.94, EMA50=%!f(utils.TrendStatus=SE), 趋势=%!s(MISSING)
[2025-08-29 18:55:17] BTCUSDT 3d: 当前价格=112662.27, EMA25=107481.20, EMA50=%!f(utils.TrendStatus=RA), 趋势=%!s(MISSING)
[2025-08-29 18:55:17] ETHUSDT 5m: 当前价格=4348.76, EMA25=4367.47, EMA50=%!f(utils.TrendStatus=SE), 趋势=%!s(MISSING)
[2025-08-29 18:55:17] ETHUSDT 15m: 当前价格=4384.76, EMA25=4422.59, EMA50=%!f(utils.TrendStatus=SE), 趋势=%!s(MISSING)
[2025-08-29 18:55:17] ETHUSDT 1h: 当前价格=4460.09, EMA25=4499.61, EMA50=%!f(utils.TrendStatus=BU), 趋势=%!s(MISSING)
[2025-08-29 18:55:18] ETHUSDT 4h: 当前价格=4517.66, EMA25=4513.23, EMA50=%!f(utils.TrendStatus=SE), 趋势=%!s(MISSING)
[2025-08-29 18:55:18] ETHUSDT 1d: 当前价格=4307.05, EMA25=3950.72, EMA50=%!f(utils.TrendStatus=BU), 趋势=%!s(MISSING)
[2025-08-29 18:55:18] ETHUSDT 3d: 当前价格=3719.35, EMA25=3254.29, EMA50=%!f(utils.TrendStatus=SE), 趋势=%!s(MISSING)
==============================

===== 趋势分析结果 (2025-08-29 19:00:18) =====
[2025-08-29 19:00:16] BTCUSDT 5m: 当前价格=109881.91, EMA25=110073.75, EMA50=%!f(utils.TrendStatus=RA), 趋势=%!s(MISSING)
[2025-08-29 19:00:16] BTCUSDT 15m: 当前价格=110285.06, EMA25=110834.06, EMA50=%!f(utils.TrendStatus=SE), 趋势=%!s(MISSING)
[2025-08-29 19:00:16] BTCUSDT 1h: 当前价格=111248.04, EMA25=111545.11, EMA50=%!f(utils.TrendStatus=BU), 趋势=%!s(MISSING)
[2025-08-29 19:00:17] BTCUSDT 4h: 当前价格=111781.53, EMA25=112643.65, EMA50=%!f(utils.TrendStatus=SE), 趋势=%!s(MISSING)
[2025-08-29 19:00:17] BTCUSDT 1d: 当前价格=114377.03, EMA25=114163.50, EMA50=%!f(utils.TrendStatus=SE), 趋势=%!s(MISSING)
[2025-08-29 19:00:17] BTCUSDT 3d: 当前价格=112669.24, EMA25=107484.75, EMA50=%!f(utils.TrendStatus=RA), 趋势=%!s(MISSING)
[2025-08-29 19:00:17] ETHUSDT 5m: 当前价格=4348.96, EMA25=4366.84, EMA50=%!f(utils.TrendStatus=SE), 趋势=%!s(MISSING)
[2025-08-29 19:00:17] ETHUSDT 15m: 当前价格=4382.08, EMA25=4419.75, EMA50=%!f(utils.TrendStatus=SE), 趋势=%!s(MISSING)
[2025-08-29 19:00:17] ETHUSDT 1h: 当前价格=4451.59, EMA25=4493.73, EMA50=%!f(utils.TrendStatus=BU), 趋势=%!s(MISSING)
[2025-08-29 19:00:18] ETHUSDT 4h: 当前价格=4518.12, EMA25=4513.46, EMA50=%!f(utils.TrendStatus=SE), 趋势=%!s(MISSING)
[2025-08-29 19:00:18] ETHUSDT 1d: 当前价格=4307.60, EMA25=3951.00, EMA50=%!f(utils.TrendStatus=BU), 趋势=%!s(MISSING)
[2025-08-29 19:00:18] ETHUSDT 3d: 当前价格=3719.76, EMA25=3254.50, EMA50=%!f(utils.TrendStatus=SE), 趋势=%!s(MISSING)
==============================

===== 趋势分析结果 (2025-08-29 19:05:18) =====
[2025-08-29 19:05:16] BTCUSDT 5m: 当前价格=109880.06, EMA25=110065.23, EMA50=%!f(utils.TrendStatus=RA), 趋势=%!s(MISSING)
[2025-08-29 19:05:16] BTCUSDT 15m: 当前价格=110278.79, EMA25=110830.86, EMA50=%!f(utils.TrendStatus=SE), 趋势=%!s(MISSING)
[2025-08-29 19:05:16] BTCUSDT 1h: 当前价格=111242.13, EMA25=111542.10, EMA50=%!f(utils.TrendStatus=BU), 趋势=%!s(MISSING)
[2025-08-29 19:05:16] BTCUSDT 4h: 当前价格=111775.27, EMA25=112640.46, EMA50=%!f(utils.TrendStatus=SE), 趋势=%!s(MISSING)
[2025-08-29 19:05:17] BTCUSDT 1d: 当前价格=114370.75, EMA25=114160.30, EMA50=%!f(utils.TrendStatus=SE), 趋势=%!s(MISSING)
[2025-08-29 19:05:17] BTCUSDT 3d: 当前价格=112662.97, EMA25=107481.56, EMA50=%!f(utils.TrendStatus=RA), 趋势=%!s(MISSING)
[2025-08-29 19:05:17] ETHUSDT 5m: 当前价格=4347.62, EMA25=4365.45, EMA50=%!f(utils.TrendStatus=SE), 趋势=%!s(MISSING)
[2025-08-29 19:05:17] ETHUSDT 15m: 当前价格=4381.38, EMA25=4419.39, EMA50=%!f(utils.TrendStatus=SE), 趋势=%!s(MISSING)
[2025-08-29 19:05:17] ETHUSDT 1h: 当前价格=4450.89, EMA25=4493.38, EMA50=%!f(utils.TrendStatus=BU), 趋势=%!s(MISSING)
[2025-08-29 19:05:18] ETHUSDT 4h: 当前价格=4517.42, EMA25=4513.11, EMA50=%!f(utils.TrendStatus=SE), 趋势=%!s(MISSING)
[2025-08-29 19:05:18] ETHUSDT 1d: 当前价格=4306.90, EMA25=3950.64, EMA50=%!f(utils.TrendStatus=BU), 趋势=%!s(MISSING)
[2025-08-29 19:05:18] ETHUSDT 3d: 当前价格=3719.06, EMA25=3254.15, EMA50=%!f(utils.TrendStatus=SE), 趋势=%!s(MISSING)
==============================

