===== 趋势分析结果 (2025-06-05 00:44:58) =====
[2025-06-05 00:44:56] BTCUSDT 1h: 当前价格=105216.90, EMA25=105314.06, EMA144=105501.36, EMA169=105609.45, 趋势=下跌趋势
[2025-06-05 00:44:57] BTCUSDT 4h: 当前价格=105216.90, EMA25=105324.33, EMA144=104653.12, EMA169=103978.94, 趋势=震荡行情
[2025-06-05 00:44:57] BTCUSDT 1d: 当前价格=105216.90, EMA25=104625.28, EMA144=94120.99, EMA169=92860.45, 趋势=上涨趋势
[2025-06-05 00:44:57] ETHUSDT 1h: 当前价格=2653.67, EMA25=2624.56, EMA144=2583.42, EMA169=2582.04, 趋势=上涨趋势
[2025-06-05 00:44:57] ETHUSDT 4h: 当前价格=2653.67, EMA25=2594.25, EMA144=2486.65, EMA169=2452.15, 趋势=上涨趋势
[2025-06-05 00:44:58] ETHUSDT 1d: 当前价格=2653.67, EMA25=2488.41, EMA144=2372.66, EMA169=2415.76, 趋势=上涨趋势
==============================

===== 趋势分析结果 (2025-06-05 01:44:58) =====
[2025-06-05 01:44:56] BTCUSDT 1h: 当前价格=105080.10, EMA25=105309.69, EMA144=105498.05, EMA169=105604.95, 趋势=下跌趋势
[2025-06-05 01:44:57] BTCUSDT 4h: 当前价格=105080.10, EMA25=105313.81, EMA144=104651.23, EMA169=103977.33, 趋势=震荡行情
[2025-06-05 01:44:57] BTCUSDT 1d: 当前价格=105080.00, EMA25=104614.75, EMA144=94119.10, EMA169=92858.84, 趋势=上涨趋势
[2025-06-05 01:44:57] ETHUSDT 1h: 当前价格=2635.34, EMA25=2625.75, EMA144=2584.20, EMA169=2582.71, 趋势=上涨趋势
[2025-06-05 01:44:57] ETHUSDT 4h: 当前价格=2635.17, EMA25=2592.82, EMA144=2486.39, EMA169=2451.93, 趋势=上涨趋势
[2025-06-05 01:44:58] ETHUSDT 1d: 当前价格=2635.17, EMA25=2486.98, EMA144=2372.41, EMA169=2415.55, 趋势=上涨趋势
==============================

===== 趋势分析结果 (2025-06-05 02:44:58) =====
[2025-06-05 02:44:56] BTCUSDT 1h: 当前价格=105079.50, EMA25=105286.35, EMA144=105491.07, EMA169=105597.32, 趋势=下跌趋势
[2025-06-05 02:44:57] BTCUSDT 4h: 当前价格=105079.50, EMA25=105313.76, EMA144=104651.22, EMA169=103977.33, 趋势=震荡行情
[2025-06-05 02:44:57] BTCUSDT 1d: 当前价格=105072.50, EMA25=104614.17, EMA144=94118.99, EMA169=92858.76, 趋势=上涨趋势
[2025-06-05 02:44:57] ETHUSDT 1h: 当前价格=2637.65, EMA25=2626.57, EMA144=2584.91, EMA169=2583.32, 趋势=上涨趋势
[2025-06-05 02:44:57] ETHUSDT 4h: 当前价格=2637.65, EMA25=2593.01, EMA144=2486.43, EMA169=2451.96, 趋势=上涨趋势
[2025-06-05 02:44:58] ETHUSDT 1d: 当前价格=2637.65, EMA25=2487.18, EMA144=2372.44, EMA169=2415.58, 趋势=上涨趋势
==============================

===== 趋势分析结果 (2025-06-05 03:44:58) =====
[2025-06-05 03:44:56] BTCUSDT 1h: 当前价格=105024.80, EMA25=105253.89, EMA144=105482.15, EMA169=105588.01, 趋势=下跌趋势
[2025-06-05 03:44:57] BTCUSDT 4h: 当前价格=105024.90, EMA25=105309.56, EMA144=104650.47, EMA169=103976.68, 趋势=震荡行情
[2025-06-05 03:44:57] BTCUSDT 1d: 当前价格=105024.90, EMA25=104610.51, EMA144=94118.34, EMA169=92858.20, 趋势=上涨趋势
[2025-06-05 03:44:57] ETHUSDT 1h: 当前价格=2629.80, EMA25=2626.14, EMA144=2585.39, EMA169=2583.74, 趋势=上涨趋势
[2025-06-05 03:44:57] ETHUSDT 4h: 当前价格=2629.81, EMA25=2592.41, EMA144=2486.32, EMA169=2451.87, 趋势=上涨趋势
[2025-06-05 03:44:58] ETHUSDT 1d: 当前价格=2629.80, EMA25=2486.57, EMA144=2372.34, EMA169=2415.48, 趋势=上涨趋势
==============================

===== 趋势分析结果 (2025-06-05 04:44:58) =====
[2025-06-05 04:44:56] BTCUSDT 1h: 当前价格=104704.80, EMA25=105200.69, EMA144=105469.26, EMA169=105575.31, 趋势=下跌趋势
[2025-06-05 04:44:57] BTCUSDT 4h: 当前价格=104704.80, EMA25=105252.07, EMA144=104649.55, EMA169=103984.30, 趋势=震荡行情
[2025-06-05 04:44:57] BTCUSDT 1d: 当前价格=104704.80, EMA25=104585.89, EMA144=94113.92, EMA169=92854.43, 趋势=上涨趋势
[2025-06-05 04:44:57] ETHUSDT 1h: 当前价格=2609.67, EMA25=2624.34, EMA144=2585.62, EMA169=2583.94, 趋势=震荡行情
[2025-06-05 04:44:57] ETHUSDT 4h: 当前价格=2609.67, EMA25=2593.21, EMA144=2487.94, EMA169=2453.68, 趋势=上涨趋势
[2025-06-05 04:44:58] ETHUSDT 1d: 当前价格=2609.23, EMA25=2484.99, EMA144=2372.05, EMA169=2415.24, 趋势=上涨趋势
==============================

===== 趋势分析结果 (2025-06-05 05:44:58) =====
[2025-06-05 05:44:56] BTCUSDT 1h: 当前价格=104829.70, EMA25=105161.79, EMA144=105458.36, EMA169=105564.19, 趋势=下跌趋势
[2025-06-05 05:44:57] BTCUSDT 4h: 当前价格=104829.70, EMA25=105261.68, EMA144=104651.28, EMA169=103985.77, 趋势=震荡行情
[2025-06-05 05:44:57] BTCUSDT 1d: 当前价格=104829.70, EMA25=104595.50, EMA144=94115.64, EMA169=92855.90, 趋势=上涨趋势
[2025-06-05 05:44:57] ETHUSDT 1h: 当前价格=2615.99, EMA25=2623.32, EMA144=2585.96, EMA169=2584.23, 趋势=震荡行情
[2025-06-05 05:44:57] ETHUSDT 4h: 当前价格=2615.99, EMA25=2593.70, EMA144=2488.02, EMA169=2453.75, 趋势=上涨趋势
[2025-06-05 05:44:58] ETHUSDT 1d: 当前价格=2616.00, EMA25=2485.51, EMA144=2372.15, EMA169=2415.32, 趋势=上涨趋势
==============================

===== 趋势分析结果 (2025-06-05 06:44:58) =====
[2025-06-05 06:44:56] BTCUSDT 1h: 当前价格=104817.50, EMA25=105137.91, EMA144=105449.95, EMA169=105555.25, 趋势=下跌趋势
[2025-06-05 06:44:57] BTCUSDT 4h: 当前价格=104817.50, EMA25=105260.74, EMA144=104651.11, EMA169=103985.63, 趋势=震荡行情
[2025-06-05 06:44:57] BTCUSDT 1d: 当前价格=104817.50, EMA25=104594.56, EMA144=94115.48, EMA169=92855.76, 趋势=上涨趋势
[2025-06-05 06:44:57] ETHUSDT 1h: 当前价格=2611.82, EMA25=2622.56, EMA144=2586.34, EMA169=2584.56, 趋势=震荡行情
[2025-06-05 06:44:57] ETHUSDT 4h: 当前价格=2611.82, EMA25=2593.37, EMA144=2487.97, EMA169=2453.70, 趋势=上涨趋势
[2025-06-05 06:44:58] ETHUSDT 1d: 当前价格=2611.82, EMA25=2485.19, EMA144=2372.09, EMA169=2415.27, 趋势=上涨趋势
==============================

===== 趋势分析结果 (2025-06-05 07:44:58) =====
[2025-06-05 07:44:56] BTCUSDT 1h: 当前价格=104694.40, EMA25=105097.40, EMA144=105438.21, EMA169=105543.56, 趋势=下跌趋势
[2025-06-05 07:44:57] BTCUSDT 4h: 当前价格=104694.40, EMA25=105251.27, EMA144=104649.41, EMA169=103984.18, 趋势=震荡行情
[2025-06-05 07:44:57] BTCUSDT 1d: 当前价格=104694.40, EMA25=104585.09, EMA144=94113.78, EMA169=92854.31, 趋势=上涨趋势
[2025-06-05 07:44:57] ETHUSDT 1h: 当前价格=2610.92, EMA25=2621.13, EMA144=2586.57, EMA169=2584.76, 趋势=震荡行情
[2025-06-05 07:44:57] ETHUSDT 4h: 当前价格=2610.92, EMA25=2593.31, EMA144=2487.95, EMA169=2453.69, 趋势=上涨趋势
[2025-06-05 07:44:58] ETHUSDT 1d: 当前价格=2610.91, EMA25=2485.12, EMA144=2372.07, EMA169=2415.26, 趋势=上涨趋势
==============================

===== 趋势分析结果 (2025-06-05 08:44:58) =====
[2025-06-05 08:44:56] BTCUSDT 1h: 当前价格=104887.00, EMA25=105077.48, EMA144=105429.81, EMA169=105534.82, 趋势=下跌趋势
[2025-06-05 08:44:57] BTCUSDT 4h: 当前价格=104887.00, EMA25=105219.52, EMA144=104652.42, EMA169=103994.78, 趋势=震荡行情
[2025-06-05 08:44:57] BTCUSDT 1d: 当前价格=104887.00, EMA25=104604.58, EMA144=94262.53, EMA169=92998.32, 趋势=上涨趋势
[2025-06-05 08:44:57] ETHUSDT 1h: 当前价格=2608.35, EMA25=2619.85, EMA144=2586.81, EMA169=2584.97, 趋势=震荡行情
[2025-06-05 08:44:57] ETHUSDT 4h: 当前价格=2608.35, EMA25=2594.16, EMA144=2489.57, EMA169=2455.50, 趋势=上涨趋势
[2025-06-05 08:44:58] ETHUSDT 1d: 当前价格=2608.34, EMA25=2494.29, EMA144=2375.31, EMA169=2417.62, 趋势=上涨趋势
==============================

===== 趋势分析结果 (2025-06-05 09:44:58) =====
[2025-06-05 09:44:56] BTCUSDT 1h: 当前价格=104818.50, EMA25=105061.25, EMA144=105422.00, EMA169=105526.57, 趋势=下跌趋势
[2025-06-05 09:44:57] BTCUSDT 4h: 当前价格=104817.60, EMA25=105214.18, EMA144=104651.46, EMA169=103993.96, 趋势=震荡行情
[2025-06-05 09:44:57] BTCUSDT 1d: 当前价格=104818.60, EMA25=104599.32, EMA144=94261.59, EMA169=92997.52, 趋势=上涨趋势
[2025-06-05 09:44:57] ETHUSDT 1h: 当前价格=2607.48, EMA25=2619.07, EMA144=2587.12, EMA169=2585.24, 趋势=震荡行情
[2025-06-05 09:44:57] ETHUSDT 4h: 当前价格=2607.48, EMA25=2594.09, EMA144=2489.56, EMA169=2455.49, 趋势=上涨趋势
[2025-06-05 09:44:58] ETHUSDT 1d: 当前价格=2607.48, EMA25=2494.23, EMA144=2375.30, EMA169=2417.61, 趋势=上涨趋势
==============================

===== 趋势分析结果 (2025-06-05 10:44:58) =====
[2025-06-05 10:44:56] BTCUSDT 1h: 当前价格=105114.70, EMA25=105059.29, EMA144=105416.60, EMA169=105520.44, 趋势=震荡行情
[2025-06-05 10:44:57] BTCUSDT 4h: 当前价格=105114.70, EMA25=105237.03, EMA144=104655.56, EMA169=103997.46, 趋势=震荡行情
[2025-06-05 10:44:57] BTCUSDT 1d: 当前价格=105114.70, EMA25=104622.09, EMA144=94265.67, EMA169=93001.00, 趋势=上涨趋势
[2025-06-05 10:44:57] ETHUSDT 1h: 当前价格=2623.49, EMA25=2619.42, EMA144=2587.62, EMA169=2585.67, 趋势=上涨趋势
[2025-06-05 10:44:57] ETHUSDT 4h: 当前价格=2623.49, EMA25=2595.32, EMA144=2489.78, EMA169=2455.68, 趋势=上涨趋势
[2025-06-05 10:44:58] ETHUSDT 1d: 当前价格=2623.49, EMA25=2495.46, EMA144=2375.52, EMA169=2417.80, 趋势=上涨趋势
==============================

===== 趋势分析结果 (2025-06-05 11:44:58) =====
[2025-06-05 11:44:56] BTCUSDT 1h: 当前价格=104921.90, EMA25=105037.11, EMA144=105407.55, EMA169=105511.11, 趋势=下跌趋势
[2025-06-05 11:44:57] BTCUSDT 4h: 当前价格=104921.90, EMA25=105222.20, EMA144=104652.90, EMA169=103995.19, 趋势=震荡行情
[2025-06-05 11:44:57] BTCUSDT 1d: 当前价格=104921.90, EMA25=104607.26, EMA144=94263.01, EMA169=92998.73, 趋势=上涨趋势
[2025-06-05 11:44:57] ETHUSDT 1h: 当前价格=2626.51, EMA25=2619.64, EMA144=2588.09, EMA169=2586.08, 趋势=上涨趋势
[2025-06-05 11:44:57] ETHUSDT 4h: 当前价格=2626.51, EMA25=2595.55, EMA144=2489.83, EMA169=2455.71, 趋势=上涨趋势
[2025-06-05 11:44:58] ETHUSDT 1d: 当前价格=2626.51, EMA25=2495.69, EMA144=2375.56, EMA169=2417.83, 趋势=上涨趋势
==============================

===== 趋势分析结果 (2025-06-05 12:44:58) =====
[2025-06-05 12:44:56] BTCUSDT 1h: 当前价格=105131.50, EMA25=105049.30, EMA144=105404.71, EMA169=105507.14, 趋势=震荡行情
[2025-06-05 12:44:57] BTCUSDT 4h: 当前价格=105131.60, EMA25=105220.17, EMA144=104660.90, EMA169=104009.82, 趋势=震荡行情
[2025-06-05 12:44:57] BTCUSDT 1d: 当前价格=105131.60, EMA25=104623.39, EMA144=94265.90, EMA169=93001.20, 趋势=上涨趋势
[2025-06-05 12:44:57] ETHUSDT 1h: 当前价格=2631.82, EMA25=2620.40, EMA144=2588.65, EMA169=2586.57, 趋势=上涨趋势
[2025-06-05 12:44:57] ETHUSDT 4h: 当前价格=2631.43, EMA25=2598.14, EMA144=2491.76, EMA169=2457.79, 趋势=上涨趋势
[2025-06-05 12:44:58] ETHUSDT 1d: 当前价格=2631.81, EMA25=2496.10, EMA144=2375.63, EMA169=2417.89, 趋势=上涨趋势
==============================

===== 趋势分析结果 (2025-06-05 13:44:58) =====
[2025-06-05 13:44:56] BTCUSDT 1h: 当前价格=104675.10, EMA25=105020.73, EMA144=105394.71, EMA169=105497.06, 趋势=下跌趋势
[2025-06-05 13:44:57] BTCUSDT 4h: 当前价格=104675.20, EMA25=105185.06, EMA144=104654.60, EMA169=104004.45, 趋势=震荡行情
[2025-06-05 13:44:57] BTCUSDT 1d: 当前价格=104675.10, EMA25=104588.28, EMA144=94259.61, EMA169=92995.83, 趋势=上涨趋势
[2025-06-05 13:44:57] ETHUSDT 1h: 当前价格=2610.86, EMA25=2619.50, EMA144=2588.93, EMA169=2586.81, 趋势=震荡行情
[2025-06-05 13:44:57] ETHUSDT 4h: 当前价格=2610.86, EMA25=2596.55, EMA144=2491.48, EMA169=2457.54, 趋势=上涨趋势
[2025-06-05 13:44:58] ETHUSDT 1d: 当前价格=2610.71, EMA25=2494.47, EMA144=2375.34, EMA169=2417.65, 趋势=上涨趋势
==============================

===== 趋势分析结果 (2025-06-05 14:44:58) =====
[2025-06-05 14:44:56] BTCUSDT 1h: 当前价格=104360.50, EMA25=104964.63, EMA144=105379.42, EMA169=105482.37, 趋势=下跌趋势
[2025-06-05 14:44:57] BTCUSDT 4h: 当前价格=104353.00, EMA25=105160.27, EMA144=104650.16, EMA169=104000.66, 趋势=震荡行情
[2025-06-05 14:44:57] BTCUSDT 1d: 当前价格=104360.50, EMA25=104564.08, EMA144=94255.27, EMA169=92992.13, 趋势=震荡行情
[2025-06-05 14:44:57] ETHUSDT 1h: 当前价格=2602.55, EMA25=2618.29, EMA144=2589.13, EMA169=2586.99, 趋势=震荡行情
[2025-06-05 14:44:57] ETHUSDT 4h: 当前价格=2602.55, EMA25=2595.91, EMA144=2491.37, EMA169=2457.45, 趋势=上涨趋势
[2025-06-05 14:44:58] ETHUSDT 1d: 当前价格=2602.55, EMA25=2493.85, EMA144=2375.23, EMA169=2417.55, 趋势=上涨趋势
==============================

===== 趋势分析结果 (2025-06-05 15:44:58) =====
[2025-06-05 15:44:56] BTCUSDT 1h: 当前价格=104491.80, EMA25=104931.67, EMA144=105367.81, EMA169=105470.90, 趋势=下跌趋势
[2025-06-05 15:44:57] BTCUSDT 4h: 当前价格=104491.80, EMA25=105170.95, EMA144=104652.07, EMA169=104002.29, 趋势=震荡行情
[2025-06-05 15:44:57] BTCUSDT 1d: 当前价格=104491.80, EMA25=104574.18, EMA144=94257.08, EMA169=92993.67, 趋势=震荡行情
[2025-06-05 15:44:57] ETHUSDT 1h: 当前价格=2604.60, EMA25=2617.29, EMA144=2589.35, EMA169=2587.19, 趋势=震荡行情
[2025-06-05 15:44:57] ETHUSDT 4h: 当前价格=2604.60, EMA25=2596.07, EMA144=2491.39, EMA169=2457.47, 趋势=上涨趋势
[2025-06-05 15:44:58] ETHUSDT 1d: 当前价格=2604.61, EMA25=2494.01, EMA144=2375.26, EMA169=2417.57, 趋势=上涨趋势
==============================

===== 趋势分析结果 (2025-06-05 16:44:58) =====
[2025-06-05 16:44:56] BTCUSDT 1h: 当前价格=104565.50, EMA25=104902.17, EMA144=105356.46, EMA169=105459.72, 趋势=下跌趋势
[2025-06-05 16:44:57] BTCUSDT 4h: 当前价格=104565.50, EMA25=105123.04, EMA144=104651.18, EMA169=104009.01, 趋势=震荡行情
[2025-06-05 16:44:57] BTCUSDT 1d: 当前价格=104565.40, EMA25=104579.84, EMA144=94258.09, EMA169=92994.54, 趋势=震荡行情
[2025-06-05 16:44:57] ETHUSDT 1h: 当前价格=2602.79, EMA25=2616.08, EMA144=2589.51, EMA169=2587.34, 趋势=震荡行情
[2025-06-05 16:44:57] ETHUSDT 4h: 当前价格=2603.38, EMA25=2596.54, EMA144=2492.94, EMA169=2459.20, 趋势=上涨趋势
[2025-06-05 16:44:58] ETHUSDT 1d: 当前价格=2602.79, EMA25=2493.87, EMA144=2375.23, EMA169=2417.55, 趋势=上涨趋势
==============================

===== 趋势分析结果 (2025-06-05 17:44:58) =====
[2025-06-05 17:44:56] BTCUSDT 1h: 当前价格=104764.20, EMA25=104896.14, EMA144=105349.06, EMA169=105451.95, 趋势=下跌趋势
[2025-06-05 17:44:57] BTCUSDT 4h: 当前价格=104764.10, EMA25=105138.32, EMA144=104653.92, EMA169=104011.35, 趋势=震荡行情
[2025-06-05 17:44:57] BTCUSDT 1d: 当前价格=104764.20, EMA25=104595.13, EMA144=94260.83, EMA169=92996.88, 趋势=上涨趋势
[2025-06-05 17:44:57] ETHUSDT 1h: 当前价格=2606.73, EMA25=2615.46, EMA144=2589.77, EMA169=2587.57, 趋势=震荡行情
[2025-06-05 17:44:57] ETHUSDT 4h: 当前价格=2606.73, EMA25=2596.79, EMA144=2492.99, EMA169=2459.24, 趋势=上涨趋势
[2025-06-05 17:44:58] ETHUSDT 1d: 当前价格=2606.72, EMA25=2494.17, EMA144=2375.29, EMA169=2417.60, 趋势=上涨趋势
==============================

===== 趋势分析结果 (2025-06-05 18:44:58) =====
[2025-06-05 18:44:56] BTCUSDT 1h: 当前价格=104525.00, EMA25=104874.03, EMA144=105338.76, EMA169=105441.64, 趋势=下跌趋势
[2025-06-05 18:44:57] BTCUSDT 4h: 当前价格=104525.00, EMA25=105119.93, EMA144=104650.62, EMA169=104008.54, 趋势=震荡行情
[2025-06-05 18:44:57] BTCUSDT 1d: 当前价格=104525.00, EMA25=104576.73, EMA144=94257.54, EMA169=92994.06, 趋势=震荡行情
[2025-06-05 18:44:57] ETHUSDT 1h: 当前价格=2590.51, EMA25=2613.69, EMA144=2589.80, EMA169=2587.61, 趋势=震荡行情
[2025-06-05 18:44:57] ETHUSDT 4h: 当前价格=2590.32, EMA25=2595.53, EMA144=2492.76, EMA169=2459.05, 趋势=震荡行情
[2025-06-05 18:44:58] ETHUSDT 1d: 当前价格=2590.32, EMA25=2492.91, EMA144=2375.06, EMA169=2417.41, 趋势=上涨趋势
==============================

===== 趋势分析结果 (2025-06-05 19:44:58) =====
[2025-06-05 19:44:56] BTCUSDT 1h: 当前价格=104755.60, EMA25=104871.18, EMA144=105331.72, EMA169=105434.04, 趋势=下跌趋势
[2025-06-05 19:44:57] BTCUSDT 4h: 当前价格=104755.60, EMA25=105137.67, EMA144=104653.80, EMA169=104011.25, 趋势=震荡行情
[2025-06-05 19:44:57] BTCUSDT 1d: 当前价格=104755.60, EMA25=104594.47, EMA144=94260.72, EMA169=92996.78, 趋势=上涨趋势
[2025-06-05 19:44:57] ETHUSDT 1h: 当前价格=2604.44, EMA25=2613.34, EMA144=2590.06, EMA169=2587.84, 趋势=震荡行情
[2025-06-05 19:44:58] ETHUSDT 4h: 当前价格=2604.73, EMA25=2596.64, EMA144=2492.96, EMA169=2459.22, 趋势=上涨趋势
[2025-06-05 19:44:58] ETHUSDT 1d: 当前价格=2604.44, EMA25=2493.99, EMA144=2375.25, EMA169=2417.57, 趋势=上涨趋势
==============================

===== 趋势分析结果 (2025-06-05 20:44:58) =====
[2025-06-05 20:44:56] BTCUSDT 1h: 当前价格=105392.60, EMA25=104912.50, EMA144=105332.72, EMA169=105433.17, 趋势=上涨趋势
[2025-06-05 20:44:57] BTCUSDT 4h: 当前价格=105392.60, EMA25=105158.49, EMA144=104664.64, EMA169=104027.84, 趋势=上涨趋势
[2025-06-05 20:44:57] BTCUSDT 1d: 当前价格=105392.60, EMA25=104643.47, EMA144=94269.50, EMA169=93004.27, 趋势=上涨趋势
[2025-06-05 20:44:57] ETHUSDT 1h: 当前价格=2627.26, EMA25=2614.57, EMA144=2590.61, EMA169=2588.31, 趋势=上涨趋势
[2025-06-05 20:44:57] ETHUSDT 4h: 当前价格=2627.26, EMA25=2599.13, EMA144=2494.86, EMA169=2461.24, 趋势=上涨趋势
[2025-06-05 20:44:58] ETHUSDT 1d: 当前价格=2627.27, EMA25=2495.75, EMA144=2375.57, EMA169=2417.84, 趋势=上涨趋势
==============================

===== 趋势分析结果 (2025-06-05 21:44:59) =====
[2025-06-05 21:44:57] BTCUSDT 1h: 当前价格=105365.30, EMA25=104962.11, EMA144=105335.98, EMA169=105434.44, 趋势=上涨趋势
[2025-06-05 21:44:58] BTCUSDT 4h: 当前价格=105365.30, EMA25=105156.39, EMA144=104664.27, EMA169=104027.52, 趋势=上涨趋势
[2025-06-05 21:44:58] BTCUSDT 1d: 当前价格=105365.40, EMA25=104641.38, EMA144=94269.13, EMA169=93003.95, 趋势=上涨趋势
[2025-06-05 21:44:58] ETHUSDT 1h: 当前价格=2613.81, EMA25=2614.72, EMA144=2590.97, EMA169=2588.63, 趋势=震荡行情
[2025-06-05 21:44:58] ETHUSDT 4h: 当前价格=2613.81, EMA25=2598.10, EMA144=2494.68, EMA169=2461.09, 趋势=上涨趋势
[2025-06-05 21:44:59] ETHUSDT 1d: 当前价格=2613.60, EMA25=2494.70, EMA144=2375.38, EMA169=2417.68, 趋势=上涨趋势
==============================

===== 趋势分析结果 (2025-06-05 22:44:59) =====
[2025-06-05 22:44:56] BTCUSDT 1h: 当前价格=104563.20, EMA25=104868.23, EMA144=105313.08, EMA169=105413.45, 趋势=下跌趋势
[2025-06-05 22:44:57] BTCUSDT 4h: 当前价格=104563.20, EMA25=105094.69, EMA144=104653.20, EMA169=104018.08, 趋势=震荡行情
[2025-06-05 22:44:57] BTCUSDT 1d: 当前价格=104563.20, EMA25=104579.67, EMA144=94258.06, EMA169=92994.51, 趋势=震荡行情
[2025-06-05 22:44:57] ETHUSDT 1h: 当前价格=2592.60, EMA25=2611.23, EMA144=2590.65, EMA169=2588.37, 趋势=震荡行情
[2025-06-05 22:44:57] ETHUSDT 4h: 当前价格=2592.49, EMA25=2596.46, EMA144=2494.38, EMA169=2460.84, 趋势=震荡行情
[2025-06-05 22:44:59] ETHUSDT 1d: 当前价格=2593.25, EMA25=2493.13, EMA144=2375.10, EMA169=2417.44, 趋势=上涨趋势
==============================

===== 趋势分析结果 (2025-06-05 23:44:58) =====
[2025-06-05 23:44:56] BTCUSDT 1h: 当前价格=104691.80, EMA25=104856.45, EMA144=105304.74, EMA169=105404.88, 趋势=下跌趋势
[2025-06-05 23:44:57] BTCUSDT 4h: 当前价格=104691.80, EMA25=105104.58, EMA144=104654.98, EMA169=104019.60, 趋势=震荡行情
[2025-06-05 23:44:57] BTCUSDT 1d: 当前价格=104691.80, EMA25=104589.56, EMA144=94259.84, EMA169=92996.03, 趋势=上涨趋势
[2025-06-05 23:44:57] ETHUSDT 1h: 当前价格=2594.88, EMA25=2609.56, EMA144=2590.62, EMA169=2588.36, 趋势=震荡行情
[2025-06-05 23:44:57] ETHUSDT 4h: 当前价格=2594.56, EMA25=2596.62, EMA144=2494.41, EMA169=2460.86, 趋势=震荡行情
[2025-06-05 23:44:58] ETHUSDT 1d: 当前价格=2595.62, EMA25=2493.31, EMA144=2375.13, EMA169=2417.47, 趋势=上涨趋势
==============================

