===== 趋势分析结果 (2025-06-11 00:01:59) =====
[2025-06-11 00:01:57] BTCUSDT 15m: 当前价格=109129.80, EMA25=109148.31, EMA60=109159.66, EMA120=108677.11, 趋势=震荡行情
[2025-06-11 00:01:57] BTCUSDT 1h: 当前价格=109129.80, EMA25=108865.39, EMA60=107736.05, EMA120=106679.03, 趋势=上涨趋势
[2025-06-11 00:01:58] BTCUSDT 4h: 当前价格=109129.70, EMA25=107136.65, EMA60=106221.02, EMA120=105606.11, 趋势=上涨趋势
[2025-06-11 00:01:58] BTCUSDT 1d: 当前价格=109129.70, EMA25=105279.74, EMA60=100777.32, EMA120=96394.11, 趋势=上涨趋势
[2025-06-11 00:01:58] ETHUSDT 15m: 当前价格=2739.99, EMA25=2730.74, EMA60=2702.79, EMA120=2658.23, 趋势=上涨趋势
[2025-06-11 00:01:58] ETHUSDT 1h: 当前价格=2740.00, EMA25=2677.15, EMA60=2612.03, EMA120=2576.88, 趋势=上涨趋势
[2025-06-11 00:01:59] ETHUSDT 4h: 当前价格=2739.86, EMA25=2598.85, EMA60=2571.91, EMA120=2537.65, 趋势=上涨趋势
[2025-06-11 00:01:59] ETHUSDT 1d: 当前价格=2739.99, EMA25=2517.86, EMA60=2347.29, EMA120=2352.69, 趋势=上涨趋势
==============================

===== 趋势分析结果 (2025-06-11 00:17:00) =====
[2025-06-11 00:16:57] BTCUSDT 15m: 当前价格=109136.30, EMA25=109143.14, EMA60=109157.00, EMA120=108683.69, 趋势=震荡行情
[2025-06-11 00:16:57] BTCUSDT 1h: 当前价格=109121.30, EMA25=108864.73, EMA60=107735.77, EMA120=106678.89, 趋势=上涨趋势
[2025-06-11 00:16:57] BTCUSDT 4h: 当前价格=109121.30, EMA25=107136.01, EMA60=106220.75, EMA120=105605.97, 趋势=上涨趋势
[2025-06-11 00:16:58] BTCUSDT 1d: 当前价格=109121.40, EMA25=105279.10, EMA60=100777.04, EMA120=96393.97, 趋势=上涨趋势
[2025-06-11 00:16:58] ETHUSDT 15m: 当前价格=2746.91, EMA25=2732.29, EMA60=2704.37, EMA120=2659.76, 趋势=上涨趋势
[2025-06-11 00:16:58] ETHUSDT 1h: 当前价格=2746.91, EMA25=2677.68, EMA60=2612.25, EMA120=2577.00, 趋势=上涨趋势
[2025-06-11 00:17:00] ETHUSDT 4h: 当前价格=2745.56, EMA25=2599.29, EMA60=2572.10, EMA120=2537.74, 趋势=上涨趋势
[2025-06-11 00:17:00] ETHUSDT 1d: 当前价格=2745.56, EMA25=2518.29, EMA60=2347.47, EMA120=2352.78, 趋势=上涨趋势
==============================

===== 趋势分析结果 (2025-06-11 00:31:59) =====
[2025-06-11 00:31:57] BTCUSDT 15m: 当前价格=108956.00, EMA25=109116.26, EMA60=109144.84, EMA120=108685.28, 趋势=震荡行情
[2025-06-11 00:31:57] BTCUSDT 1h: 当前价格=108956.00, EMA25=108852.02, EMA60=107730.35, EMA120=106676.16, 趋势=上涨趋势
[2025-06-11 00:31:58] BTCUSDT 4h: 当前价格=108956.00, EMA25=107123.29, EMA60=106215.33, EMA120=105603.24, 趋势=上涨趋势
[2025-06-11 00:31:58] BTCUSDT 1d: 当前价格=108956.00, EMA25=105266.38, EMA60=100771.62, EMA120=96391.24, 趋势=上涨趋势
[2025-06-11 00:31:58] ETHUSDT 15m: 当前价格=2739.28, EMA25=2732.48, EMA60=2705.36, EMA120=2660.99, 趋势=上涨趋势
[2025-06-11 00:31:58] ETHUSDT 1h: 当前价格=2739.28, EMA25=2677.10, EMA60=2612.00, EMA120=2576.87, 趋势=上涨趋势
[2025-06-11 00:31:59] ETHUSDT 4h: 当前价格=2739.28, EMA25=2598.81, EMA60=2571.89, EMA120=2537.64, 趋势=上涨趋势
[2025-06-11 00:31:59] ETHUSDT 1d: 当前价格=2739.29, EMA25=2517.81, EMA60=2347.26, EMA120=2352.68, 趋势=上涨趋势
==============================

===== 趋势分析结果 (2025-06-11 00:46:59) =====
[2025-06-11 00:46:57] BTCUSDT 15m: 当前价格=108816.60, EMA25=109085.04, EMA60=109130.43, EMA120=108685.53, 趋势=震荡行情
[2025-06-11 00:46:57] BTCUSDT 1h: 当前价格=108816.70, EMA25=108841.30, EMA60=107725.78, EMA120=106673.85, 趋势=震荡行情
[2025-06-11 00:46:57] BTCUSDT 4h: 当前价格=108816.60, EMA25=107112.57, EMA60=106210.76, EMA120=105600.94, 趋势=上涨趋势
[2025-06-11 00:46:58] BTCUSDT 1d: 当前价格=108816.70, EMA25=105255.66, EMA60=100767.05, EMA120=96388.93, 趋势=上涨趋势
[2025-06-11 00:46:58] ETHUSDT 15m: 当前价格=2741.30, EMA25=2733.12, EMA60=2706.52, EMA120=2662.31, 趋势=上涨趋势
[2025-06-11 00:46:58] ETHUSDT 1h: 当前价格=2741.23, EMA25=2677.25, EMA60=2612.07, EMA120=2576.90, 趋势=上涨趋势
[2025-06-11 00:46:59] ETHUSDT 4h: 当前价格=2740.80, EMA25=2598.92, EMA60=2571.94, EMA120=2537.66, 趋势=上涨趋势
[2025-06-11 00:46:59] ETHUSDT 1d: 当前价格=2741.23, EMA25=2517.96, EMA60=2347.33, EMA120=2352.71, 趋势=上涨趋势
==============================

===== 趋势分析结果 (2025-06-11 01:01:59) =====
[2025-06-11 01:01:57] BTCUSDT 15m: 当前价格=108675.10, EMA25=109043.84, EMA60=109111.18, EMA120=108683.10, 趋势=下跌趋势
[2025-06-11 01:01:57] BTCUSDT 1h: 当前价格=108683.90, EMA25=108819.52, EMA60=107752.87, EMA120=106704.89, 趋势=震荡行情
[2025-06-11 01:01:57] BTCUSDT 4h: 当前价格=108675.10, EMA25=107101.69, EMA60=106206.12, EMA120=105598.60, 趋势=上涨趋势
[2025-06-11 01:01:58] BTCUSDT 1d: 当前价格=108675.10, EMA25=105244.77, EMA60=100762.41, EMA120=96386.59, 趋势=上涨趋势
[2025-06-11 01:01:58] ETHUSDT 15m: 当前价格=2733.25, EMA25=2732.31, EMA60=2707.03, EMA120=2663.29, 趋势=上涨趋势
[2025-06-11 01:01:58] ETHUSDT 1h: 当前价格=2733.47, EMA25=2680.76, EMA60=2615.68, EMA120=2579.31, 趋势=上涨趋势
[2025-06-11 01:01:59] ETHUSDT 4h: 当前价格=2733.47, EMA25=2598.36, EMA60=2571.70, EMA120=2537.54, 趋势=上涨趋势
[2025-06-11 01:01:59] ETHUSDT 1d: 当前价格=2733.25, EMA25=2517.35, EMA60=2347.07, EMA120=2352.58, 趋势=上涨趋势
==============================

===== 趋势分析结果 (2025-06-11 01:16:59) =====
[2025-06-11 01:16:57] BTCUSDT 15m: 当前价格=108975.40, EMA25=109053.65, EMA60=109113.46, EMA120=108691.33, 趋势=震荡行情
[2025-06-11 01:16:57] BTCUSDT 1h: 当前价格=108975.40, EMA25=108841.94, EMA60=107762.43, EMA120=106709.71, 趋势=上涨趋势
[2025-06-11 01:16:57] BTCUSDT 4h: 当前价格=108975.40, EMA25=107124.79, EMA60=106215.97, EMA120=105603.56, 趋势=上涨趋势
[2025-06-11 01:16:58] BTCUSDT 1d: 当前价格=108975.30, EMA25=105267.86, EMA60=100772.25, EMA120=96391.56, 趋势=上涨趋势
[2025-06-11 01:16:58] ETHUSDT 15m: 当前价格=2745.98, EMA25=2733.87, EMA60=2708.54, EMA120=2664.77, 趋势=上涨趋势
[2025-06-11 01:16:58] ETHUSDT 1h: 当前价格=2746.19, EMA25=2681.73, EMA60=2616.10, EMA120=2579.52, 趋势=上涨趋势
[2025-06-11 01:16:59] ETHUSDT 4h: 当前价格=2746.08, EMA25=2599.33, EMA60=2572.11, EMA120=2537.75, 趋势=上涨趋势
[2025-06-11 01:16:59] ETHUSDT 1d: 当前价格=2746.08, EMA25=2518.33, EMA60=2347.49, EMA120=2352.79, 趋势=上涨趋势
==============================

===== 趋势分析结果 (2025-06-11 01:31:59) =====
[2025-06-11 01:31:57] BTCUSDT 15m: 当前价格=108705.30, EMA25=109014.13, EMA60=109094.39, EMA120=108688.59, 趋势=震荡行情
[2025-06-11 01:31:57] BTCUSDT 1h: 当前价格=108705.30, EMA25=108821.16, EMA60=107753.57, EMA120=106705.24, 趋势=震荡行情
[2025-06-11 01:31:57] BTCUSDT 4h: 当前价格=108705.30, EMA25=107104.01, EMA60=106207.11, EMA120=105599.10, 趋势=上涨趋势
[2025-06-11 01:31:58] BTCUSDT 1d: 当前价格=108705.30, EMA25=105247.09, EMA60=100763.40, EMA120=96387.09, 趋势=上涨趋势
[2025-06-11 01:31:58] ETHUSDT 15m: 当前价格=2738.88, EMA25=2733.71, EMA60=2709.29, EMA120=2665.87, 趋势=上涨趋势
[2025-06-11 01:31:58] ETHUSDT 1h: 当前价格=2738.70, EMA25=2681.16, EMA60=2615.86, EMA120=2579.39, 趋势=上涨趋势
[2025-06-11 01:31:59] ETHUSDT 4h: 当前价格=2738.63, EMA25=2598.76, EMA60=2571.87, EMA120=2537.63, 趋势=上涨趋势
[2025-06-11 01:31:59] ETHUSDT 1d: 当前价格=2738.70, EMA25=2517.77, EMA60=2347.24, EMA120=2352.67, 趋势=上涨趋势
==============================

===== 趋势分析结果 (2025-06-11 01:46:59) =====
[2025-06-11 01:46:57] BTCUSDT 15m: 当前价格=108668.90, EMA25=108986.50, EMA60=109079.96, EMA120=108687.96, 趋势=下跌趋势
[2025-06-11 01:46:57] BTCUSDT 1h: 当前价格=108669.00, EMA25=108818.37, EMA60=107752.38, EMA120=106704.64, 趋势=震荡行情
[2025-06-11 01:46:58] BTCUSDT 4h: 当前价格=108668.90, EMA25=107101.21, EMA60=106205.92, EMA120=105598.50, 趋势=上涨趋势
[2025-06-11 01:46:58] BTCUSDT 1d: 当前价格=108669.00, EMA25=105244.30, EMA60=100762.21, EMA120=96386.49, 趋势=上涨趋势
[2025-06-11 01:46:58] ETHUSDT 15m: 当前价格=2738.90, EMA25=2734.25, EMA60=2710.32, EMA120=2667.11, 趋势=上涨趋势
[2025-06-11 01:46:58] ETHUSDT 1h: 当前价格=2739.12, EMA25=2681.19, EMA60=2615.87, EMA120=2579.40, 趋势=上涨趋势
[2025-06-11 01:46:59] ETHUSDT 4h: 当前价格=2739.34, EMA25=2598.81, EMA60=2571.89, EMA120=2537.64, 趋势=上涨趋势
[2025-06-11 01:46:59] ETHUSDT 1d: 当前价格=2740.19, EMA25=2517.88, EMA60=2347.29, EMA120=2352.69, 趋势=上涨趋势
==============================

===== 趋势分析结果 (2025-06-11 02:02:01) =====
[2025-06-11 02:01:57] BTCUSDT 15m: 当前价格=108560.10, EMA25=108953.63, EMA60=109062.89, EMA120=108685.78, 趋势=下跌趋势
[2025-06-11 02:01:59] BTCUSDT 1h: 当前价格=108560.10, EMA25=108798.43, EMA60=107778.83, EMA120=106735.32, 趋势=震荡行情
[2025-06-11 02:02:00] BTCUSDT 4h: 当前价格=108560.00, EMA25=107092.83, EMA60=106202.35, EMA120=105596.70, 趋势=上涨趋势
[2025-06-11 02:02:00] BTCUSDT 1d: 当前价格=108560.00, EMA25=105235.92, EMA60=100758.64, EMA120=96384.69, 趋势=上涨趋势
[2025-06-11 02:02:00] ETHUSDT 15m: 当前价格=2732.43, EMA25=2734.19, EMA60=2711.08, EMA120=2668.20, 趋势=震荡行情
[2025-06-11 02:02:00] ETHUSDT 1h: 当前价格=2733.40, EMA25=2685.27, EMA60=2619.75, EMA120=2581.96, 趋势=上涨趋势
[2025-06-11 02:02:01] ETHUSDT 4h: 当前价格=2732.72, EMA25=2598.30, EMA60=2571.67, EMA120=2537.53, 趋势=上涨趋势
[2025-06-11 02:02:01] ETHUSDT 1d: 当前价格=2733.40, EMA25=2517.36, EMA60=2347.07, EMA120=2352.58, 趋势=上涨趋势
==============================

===== 趋势分析结果 (2025-06-11 02:16:59) =====
[2025-06-11 02:16:57] BTCUSDT 15m: 当前价格=108739.00, EMA25=108945.32, EMA60=109055.93, EMA120=108688.49, 趋势=震荡行情
[2025-06-11 02:16:57] BTCUSDT 1h: 当前价格=108739.10, EMA25=108812.20, EMA60=107784.70, EMA120=106738.28, 趋势=震荡行情
[2025-06-11 02:16:57] BTCUSDT 4h: 当前价格=108739.00, EMA25=107106.60, EMA60=106208.21, EMA120=105599.65, 趋势=上涨趋势
[2025-06-11 02:16:58] BTCUSDT 1d: 当前价格=108739.10, EMA25=105249.69, EMA60=100764.51, EMA120=96387.65, 趋势=上涨趋势
[2025-06-11 02:16:58] ETHUSDT 15m: 当前价格=2743.23, EMA25=2735.50, EMA60=2712.41, EMA120=2669.58, 趋势=上涨趋势
[2025-06-11 02:16:58] ETHUSDT 1h: 当前价格=2743.20, EMA25=2686.02, EMA60=2620.07, EMA120=2582.12, 趋势=上涨趋势
[2025-06-11 02:16:59] ETHUSDT 4h: 当前价格=2743.20, EMA25=2599.11, EMA60=2572.02, EMA120=2537.70, 趋势=上涨趋势
[2025-06-11 02:16:59] ETHUSDT 1d: 当前价格=2743.20, EMA25=2518.11, EMA60=2347.39, EMA120=2352.74, 趋势=上涨趋势
==============================

===== 趋势分析结果 (2025-06-11 02:31:59) =====
[2025-06-11 02:31:57] BTCUSDT 15m: 当前价格=108850.50, EMA25=108947.86, EMA60=109053.59, EMA120=108693.38, 趋势=震荡行情
[2025-06-11 02:31:57] BTCUSDT 1h: 当前价格=108850.50, EMA25=108820.77, EMA60=107788.36, EMA120=106740.12, 趋势=上涨趋势
[2025-06-11 02:31:57] BTCUSDT 4h: 当前价格=108850.50, EMA25=107115.18, EMA60=106211.87, EMA120=105601.50, 趋势=上涨趋势
[2025-06-11 02:31:58] BTCUSDT 1d: 当前价格=108850.60, EMA25=105258.27, EMA60=100768.17, EMA120=96389.49, 趋势=上涨趋势
[2025-06-11 02:31:58] ETHUSDT 15m: 当前价格=2738.80, EMA25=2736.08, EMA60=2713.42, EMA120=2670.80, 趋势=上涨趋势
[2025-06-11 02:31:58] ETHUSDT 1h: 当前价格=2738.67, EMA25=2685.67, EMA60=2619.92, EMA120=2582.05, 趋势=上涨趋势
[2025-06-11 02:31:59] ETHUSDT 4h: 当前价格=2738.68, EMA25=2598.76, EMA60=2571.87, EMA120=2537.63, 趋势=上涨趋势
[2025-06-11 02:31:59] ETHUSDT 1d: 当前价格=2738.80, EMA25=2517.77, EMA60=2347.25, EMA120=2352.67, 趋势=上涨趋势
==============================

===== 趋势分析结果 (2025-06-11 02:46:59) =====
[2025-06-11 02:46:57] BTCUSDT 15m: 当前价格=109017.90, EMA25=108966.04, EMA60=109058.13, EMA120=108701.65, 趋势=震荡行情
[2025-06-11 02:46:57] BTCUSDT 1h: 当前价格=109017.80, EMA25=108833.64, EMA60=107793.84, EMA120=106742.89, 趋势=上涨趋势
[2025-06-11 02:46:57] BTCUSDT 4h: 当前价格=109017.80, EMA25=107128.05, EMA60=106217.36, EMA120=105604.26, 趋势=上涨趋势
[2025-06-11 02:46:58] BTCUSDT 1d: 当前价格=109017.90, EMA25=105271.14, EMA60=100773.65, EMA120=96392.26, 趋势=上涨趋势
[2025-06-11 02:46:58] ETHUSDT 15m: 当前价格=2748.52, EMA25=2737.74, EMA60=2714.88, EMA120=2672.24, 趋势=上涨趋势
[2025-06-11 02:46:58] ETHUSDT 1h: 当前价格=2748.52, EMA25=2686.43, EMA60=2620.25, EMA120=2582.21, 趋势=上涨趋势
[2025-06-11 02:46:59] ETHUSDT 4h: 当前价格=2748.48, EMA25=2599.51, EMA60=2572.19, EMA120=2537.79, 趋势=上涨趋势
[2025-06-11 02:46:59] ETHUSDT 1d: 当前价格=2748.48, EMA25=2518.52, EMA60=2347.57, EMA120=2352.83, 趋势=上涨趋势
==============================

===== 趋势分析结果 (2025-06-11 03:01:59) =====
[2025-06-11 03:01:57] BTCUSDT 15m: 当前价格=109316.20, EMA25=109008.04, EMA60=109073.32, EMA120=108715.22, 趋势=震荡行情
[2025-06-11 03:01:57] BTCUSDT 1h: 当前价格=109316.30, EMA25=108885.84, EMA60=107850.49, EMA120=106788.90, 趋势=上涨趋势
[2025-06-11 03:01:57] BTCUSDT 4h: 当前价格=109316.20, EMA25=107151.00, EMA60=106227.14, EMA120=105609.19, 趋势=上涨趋势
[2025-06-11 03:01:58] BTCUSDT 1d: 当前价格=109316.20, EMA25=105294.08, EMA60=100783.43, EMA120=96397.19, 趋势=上涨趋势
[2025-06-11 03:01:58] ETHUSDT 15m: 当前价格=2757.56, EMA25=2739.62, EMA60=2716.44, EMA120=2673.73, 趋势=上涨趋势
[2025-06-11 03:01:58] ETHUSDT 1h: 当前价格=2757.50, EMA25=2692.26, EMA60=2624.91, EMA120=2585.19, 趋势=上涨趋势
[2025-06-11 03:01:59] ETHUSDT 4h: 当前价格=2757.26, EMA25=2600.19, EMA60=2572.48, EMA120=2537.93, 趋势=上涨趋势
[2025-06-11 03:01:59] ETHUSDT 1d: 当前价格=2757.26, EMA25=2519.19, EMA60=2347.85, EMA120=2352.98, 趋势=上涨趋势
==============================

===== 趋势分析结果 (2025-06-11 03:16:59) =====
[2025-06-11 03:16:57] BTCUSDT 15m: 当前价格=109420.50, EMA25=109048.66, EMA60=109088.67, EMA120=108728.87, 趋势=震荡行情
[2025-06-11 03:16:57] BTCUSDT 1h: 当前价格=109420.60, EMA25=108893.86, EMA60=107853.91, EMA120=106790.62, 趋势=上涨趋势
[2025-06-11 03:16:57] BTCUSDT 4h: 当前价格=109420.50, EMA25=107159.02, EMA60=106230.56, EMA120=105610.92, 趋势=上涨趋势
[2025-06-11 03:16:58] BTCUSDT 1d: 当前价格=109420.60, EMA25=105302.12, EMA60=100786.85, EMA120=96398.92, 趋势=上涨趋势
[2025-06-11 03:16:58] ETHUSDT 15m: 当前价格=2762.06, EMA25=2741.81, EMA60=2718.14, EMA120=2675.30, 趋势=上涨趋势
[2025-06-11 03:16:58] ETHUSDT 1h: 当前价格=2762.01, EMA25=2692.60, EMA60=2625.05, EMA120=2585.27, 趋势=上涨趋势
[2025-06-11 03:16:59] ETHUSDT 4h: 当前价格=2762.06, EMA25=2600.56, EMA60=2572.64, EMA120=2538.01, 趋势=上涨趋势
[2025-06-11 03:16:59] ETHUSDT 1d: 当前价格=2761.94, EMA25=2519.55, EMA60=2348.01, EMA120=2353.05, 趋势=上涨趋势
==============================

===== 趋势分析结果 (2025-06-11 03:31:59) =====
[2025-06-11 03:31:57] BTCUSDT 15m: 当前价格=109995.00, EMA25=109162.02, EMA60=109136.51, EMA120=108759.05, 趋势=上涨趋势
[2025-06-11 03:31:57] BTCUSDT 1h: 当前价格=109995.00, EMA25=108938.04, EMA60=107872.74, EMA120=106800.11, 趋势=上涨趋势
[2025-06-11 03:31:57] BTCUSDT 4h: 当前价格=109995.10, EMA25=107203.22, EMA60=106249.40, EMA120=105620.42, 趋势=上涨趋势
[2025-06-11 03:31:58] BTCUSDT 1d: 当前价格=109995.00, EMA25=105346.30, EMA60=100805.69, EMA120=96408.41, 趋势=上涨趋势
[2025-06-11 03:31:58] ETHUSDT 15m: 当前价格=2782.05, EMA25=2745.97, EMA60=2720.71, EMA120=2677.30, 趋势=上涨趋势
[2025-06-11 03:31:58] ETHUSDT 1h: 当前价格=2782.00, EMA25=2694.14, EMA60=2625.71, EMA120=2585.60, 趋势=上涨趋势
[2025-06-11 03:31:59] ETHUSDT 4h: 当前价格=2782.24, EMA25=2602.11, EMA60=2573.30, EMA120=2538.35, 趋势=上涨趋势
[2025-06-11 03:31:59] ETHUSDT 1d: 当前价格=2782.05, EMA25=2521.10, EMA60=2348.67, EMA120=2353.38, 趋势=上涨趋势
==============================

===== 趋势分析结果 (2025-06-11 03:46:59) =====
[2025-06-11 03:46:57] BTCUSDT 15m: 当前价格=109830.10, EMA25=109209.63, EMA60=109157.56, EMA120=108775.85, 趋势=上涨趋势
[2025-06-11 03:46:57] BTCUSDT 1h: 当前价格=109844.70, EMA25=108926.48, EMA60=107867.81, EMA120=106797.63, 趋势=上涨趋势
[2025-06-11 03:46:57] BTCUSDT 4h: 当前价格=109834.40, EMA25=107190.86, EMA60=106244.13, EMA120=105617.76, 趋势=上涨趋势
[2025-06-11 03:46:58] BTCUSDT 1d: 当前价格=109844.70, EMA25=105334.74, EMA60=100800.76, EMA120=96405.93, 趋势=上涨趋势
[2025-06-11 03:46:58] ETHUSDT 15m: 当前价格=2775.11, EMA25=2748.15, EMA60=2722.47, EMA120=2678.91, 趋势=上涨趋势
[2025-06-11 03:46:58] ETHUSDT 1h: 当前价格=2773.03, EMA25=2693.45, EMA60=2625.42, EMA120=2585.45, 趋势=上涨趋势
[2025-06-11 03:46:59] ETHUSDT 4h: 当前价格=2775.75, EMA25=2601.61, EMA60=2573.09, EMA120=2538.24, 趋势=上涨趋势
[2025-06-11 03:46:59] ETHUSDT 1d: 当前价格=2774.92, EMA25=2520.55, EMA60=2348.43, EMA120=2353.27, 趋势=上涨趋势
==============================

===== 趋势分析结果 (2025-06-11 04:01:59) =====
[2025-06-11 04:01:57] BTCUSDT 15m: 当前价格=109422.90, EMA25=109199.76, EMA60=109154.52, EMA120=108780.49, 趋势=上涨趋势
[2025-06-11 04:01:57] BTCUSDT 1h: 当前价格=109422.90, EMA25=108937.35, EMA60=107906.60, EMA120=106834.80, 趋势=上涨趋势
[2025-06-11 04:01:57] BTCUSDT 4h: 当前价格=109422.90, EMA25=107335.97, EMA60=106336.48, EMA120=105674.65, 趋势=上涨趋势
[2025-06-11 04:01:58] BTCUSDT 1d: 当前价格=109422.90, EMA25=105302.29, EMA60=100786.93, EMA120=96398.95, 趋势=上涨趋势
[2025-06-11 04:01:58] ETHUSDT 15m: 当前价格=2764.32, EMA25=2749.24, EMA60=2723.77, EMA120=2680.28, 趋势=上涨趋势
[2025-06-11 04:01:58] ETHUSDT 1h: 当前价格=2764.42, EMA25=2698.90, EMA60=2629.97, EMA120=2588.40, 趋势=上涨趋势
[2025-06-11 04:01:59] ETHUSDT 4h: 当前价格=2764.42, EMA25=2613.93, EMA60=2579.27, EMA120=2541.93, 趋势=上涨趋势
[2025-06-11 04:01:59] ETHUSDT 1d: 当前价格=2764.42, EMA25=2519.74, EMA60=2348.09, EMA120=2353.09, 趋势=上涨趋势
==============================

===== 趋势分析结果 (2025-06-11 04:16:59) =====
[2025-06-11 04:16:57] BTCUSDT 15m: 当前价格=109290.40, EMA25=109196.97, EMA60=109154.62, EMA120=108786.64, 趋势=上涨趋势
[2025-06-11 04:16:57] BTCUSDT 1h: 当前价格=109290.50, EMA25=108927.17, EMA60=107902.26, EMA120=106832.61, 趋势=上涨趋势
[2025-06-11 04:16:57] BTCUSDT 4h: 当前价格=109290.50, EMA25=107325.79, EMA60=106332.14, EMA120=105672.46, 趋势=上涨趋势
[2025-06-11 04:16:58] BTCUSDT 1d: 当前价格=109290.50, EMA25=105292.11, EMA60=100782.59, EMA120=96396.77, 趋势=上涨趋势
[2025-06-11 04:16:58] ETHUSDT 15m: 当前价格=2758.21, EMA25=2749.54, EMA60=2724.73, EMA120=2681.48, 趋势=上涨趋势
[2025-06-11 04:16:58] ETHUSDT 1h: 当前价格=2758.39, EMA25=2698.44, EMA60=2629.77, EMA120=2588.30, 趋势=上涨趋势
[2025-06-11 04:16:59] ETHUSDT 4h: 当前价格=2757.99, EMA25=2613.44, EMA60=2579.06, EMA120=2541.83, 趋势=上涨趋势
[2025-06-11 04:16:59] ETHUSDT 1d: 当前价格=2757.99, EMA25=2519.25, EMA60=2347.88, EMA120=2352.99, 趋势=上涨趋势
==============================

===== 趋势分析结果 (2025-06-11 04:31:59) =====
[2025-06-11 04:31:57] BTCUSDT 15m: 当前价格=109438.80, EMA25=109229.56, EMA60=109170.19, EMA120=108800.59, 趋势=上涨趋势
[2025-06-11 04:31:57] BTCUSDT 1h: 当前价格=109431.30, EMA25=108938.00, EMA60=107906.87, EMA120=106834.94, 趋势=上涨趋势
[2025-06-11 04:31:57] BTCUSDT 4h: 当前价格=109438.90, EMA25=107337.20, EMA60=106337.00, EMA120=105674.92, 趋势=上涨趋势
[2025-06-11 04:31:58] BTCUSDT 1d: 当前价格=109438.90, EMA25=105303.52, EMA60=100787.45, EMA120=96399.22, 趋势=上涨趋势
[2025-06-11 04:31:58] ETHUSDT 15m: 当前价格=2759.90, EMA25=2750.40, EMA60=2725.91, EMA120=2682.79, 趋势=上涨趋势
[2025-06-11 04:31:58] ETHUSDT 1h: 当前价格=2759.54, EMA25=2698.52, EMA60=2629.81, EMA120=2588.32, 趋势=上涨趋势
[2025-06-11 04:31:59] ETHUSDT 4h: 当前价格=2759.54, EMA25=2613.56, EMA60=2579.11, EMA120=2541.85, 趋势=上涨趋势
[2025-06-11 04:31:59] ETHUSDT 1d: 当前价格=2759.48, EMA25=2519.36, EMA60=2347.93, EMA120=2353.01, 趋势=上涨趋势
==============================

===== 趋势分析结果 (2025-06-11 04:46:59) =====
[2025-06-11 04:46:57] BTCUSDT 15m: 当前价格=109620.00, EMA25=109274.52, EMA60=109191.60, EMA120=108817.51, 趋势=上涨趋势
[2025-06-11 04:46:57] BTCUSDT 1h: 当前价格=109620.00, EMA25=108952.51, EMA60=107913.06, EMA120=106838.05, 趋势=上涨趋势
[2025-06-11 04:46:57] BTCUSDT 4h: 当前价格=109619.90, EMA25=107351.13, EMA60=106342.94, EMA120=105677.91, 趋势=上涨趋势
[2025-06-11 04:46:58] BTCUSDT 1d: 当前价格=109620.00, EMA25=105317.45, EMA60=100793.39, EMA120=96402.21, 趋势=上涨趋势
[2025-06-11 04:46:58] ETHUSDT 15m: 当前价格=2761.58, EMA25=2751.32, EMA60=2727.11, EMA120=2684.10, 趋势=上涨趋势
[2025-06-11 04:46:58] ETHUSDT 1h: 当前价格=2762.48, EMA25=2698.75, EMA60=2629.91, EMA120=2588.37, 趋势=上涨趋势
[2025-06-11 04:46:59] ETHUSDT 4h: 当前价格=2761.58, EMA25=2613.71, EMA60=2579.17, EMA120=2541.89, 趋势=上涨趋势
[2025-06-11 04:46:59] ETHUSDT 1d: 当前价格=2762.48, EMA25=2519.59, EMA60=2348.02, EMA120=2353.06, 趋势=上涨趋势
==============================

===== 趋势分析结果 (2025-06-11 11:36:00) =====
[2025-06-11 11:35:24] BTCUSDT 15m: 当前价格=109736.90, EMA25=109684.05, EMA60=109530.45, EMA120=109163.57, 趋势=上涨趋势
[2025-06-11 11:35:24] BTCUSDT 1h: 当前价格=109736.90, EMA25=109315.33, EMA60=108308.21, EMA120=107166.18, 趋势=上涨趋势
[2025-06-11 11:35:24] BTCUSDT 4h: 当前价格=109736.90, EMA25=107578.35, EMA60=106473.73, EMA120=105755.07, 趋势=上涨趋势
[2025-06-11 11:35:24] BTCUSDT 1d: 当前价格=109736.90, EMA25=105701.11, EMA60=101106.14, EMA120=96632.80, 趋势=上涨趋势
[2025-06-11 11:35:25] ETHUSDT 15m: 当前价格=2792.55, EMA25=2786.46, EMA60=2765.64, EMA120=2723.28, 趋势=上涨趋势
[2025-06-11 11:35:59] ETHUSDT 4h: 当前价格=2792.34, EMA25=2631.30, EMA60=2587.88, EMA120=2546.91, 趋势=上涨趋势
[2025-06-11 11:36:00] ETHUSDT 1d: 当前价格=2792.34, EMA25=2544.36, EMA60=2364.28, EMA120=2361.19, 趋势=上涨趋势
==============================

===== 趋势分析结果 (2025-06-11 11:40:06) =====
[2025-06-11 11:40:04] BTCUSDT 15m: 当前价格=109672.70, EMA25=109679.11, EMA60=109528.34, EMA120=109162.51, 趋势=震荡行情
[2025-06-11 11:40:04] BTCUSDT 1h: 当前价格=109672.70, EMA25=109310.40, EMA60=108306.10, EMA120=107165.12, 趋势=上涨趋势
[2025-06-11 11:40:04] BTCUSDT 4h: 当前价格=109672.60, EMA25=107573.41, EMA60=106471.63, EMA120=105754.01, 趋势=上涨趋势
[2025-06-11 11:40:05] BTCUSDT 1d: 当前价格=109672.60, EMA25=105696.16, EMA60=101104.03, EMA120=96631.74, 趋势=上涨趋势
[2025-06-11 11:40:05] ETHUSDT 15m: 当前价格=2792.34, EMA25=2786.45, EMA60=2765.64, EMA120=2723.28, 趋势=上涨趋势
[2025-06-11 11:40:05] ETHUSDT 1h: 当前价格=2792.90, EMA25=2739.04, EMA60=2663.86, EMA120=2610.93, 趋势=上涨趋势
[2025-06-11 11:40:06] ETHUSDT 4h: 当前价格=2792.35, EMA25=2631.30, EMA60=2587.88, EMA120=2546.91, 趋势=上涨趋势
[2025-06-11 11:40:06] ETHUSDT 1d: 当前价格=2792.84, EMA25=2544.40, EMA60=2364.30, EMA120=2361.20, 趋势=上涨趋势
==============================

===== 趋势分析结果 (2025-06-11 11:55:08) =====
[2025-06-11 11:55:06] BTCUSDT 15m: 当前价格=109683.40, EMA25=109673.32, EMA60=109530.69, EMA120=109169.73, 趋势=上涨趋势
[2025-06-11 11:55:07] BTCUSDT 1h: 当前价格=109674.50, EMA25=109310.53, EMA60=108306.16, EMA120=107165.15, 趋势=上涨趋势
[2025-06-11 11:55:07] BTCUSDT 4h: 当前价格=109674.50, EMA25=107573.55, EMA60=106471.69, EMA120=105754.04, 趋势=上涨趋势
[2025-06-11 11:55:07] BTCUSDT 1d: 当前价格=109674.50, EMA25=105696.31, EMA60=101104.09, EMA120=96631.77, 趋势=上涨趋势
[2025-06-11 11:55:07] ETHUSDT 15m: 当前价格=2790.61, EMA25=2786.87, EMA60=2766.50, EMA120=2724.42, 趋势=上涨趋势
[2025-06-11 11:55:08] ETHUSDT 1h: 当前价格=2790.61, EMA25=2738.87, EMA60=2663.79, EMA120=2610.89, 趋势=上涨趋势
[2025-06-11 11:55:08] ETHUSDT 4h: 当前价格=2790.61, EMA25=2631.17, EMA60=2587.82, EMA120=2546.88, 趋势=上涨趋势
[2025-06-11 11:55:08] ETHUSDT 1d: 当前价格=2790.61, EMA25=2544.22, EMA60=2364.22, EMA120=2361.16, 趋势=上涨趋势
==============================

===== 趋势分析结果 (2025-06-11 12:10:08) =====
[2025-06-11 12:10:06] BTCUSDT 15m: 当前价格=109581.10, EMA25=109664.86, EMA60=109531.73, EMA120=109176.23, 趋势=震荡行情
[2025-06-11 12:10:07] BTCUSDT 1h: 当前价格=109581.10, EMA25=109330.61, EMA60=108347.63, EMA120=107204.95, 趋势=上涨趋势
[2025-06-11 12:10:07] BTCUSDT 4h: 当前价格=109581.10, EMA25=107727.24, EMA60=106573.31, EMA120=105817.23, 趋势=上涨趋势
[2025-06-11 12:10:07] BTCUSDT 1d: 当前价格=109581.10, EMA25=105689.12, EMA60=101101.03, EMA120=96630.22, 趋势=上涨趋势
[2025-06-11 12:10:07] ETHUSDT 15m: 当前价格=2791.62, EMA25=2787.21, EMA60=2767.31, EMA120=2725.52, 趋势=上涨趋势
[2025-06-11 12:10:08] ETHUSDT 1h: 当前价格=2791.62, EMA25=2742.90, EMA60=2667.97, EMA120=2613.87, 趋势=上涨趋势
[2025-06-11 12:10:08] ETHUSDT 4h: 当前价格=2791.84, EMA25=2643.50, EMA60=2594.50, EMA120=2550.93, 趋势=上涨趋势
[2025-06-11 12:10:08] ETHUSDT 1d: 当前价格=2792.13, EMA25=2544.34, EMA60=2364.27, EMA120=2361.19, 趋势=上涨趋势
==============================

===== 趋势分析结果 (2025-06-11 12:25:37) =====
[2025-06-11 12:25:07] BTCUSDT 15m: 当前价格=109584.70, EMA25=109655.91, EMA60=109532.23, EMA120=109182.37, 趋势=震荡行情
[2025-06-11 12:25:07] BTCUSDT 1h: 当前价格=109584.70, EMA25=109330.89, EMA60=108347.75, EMA120=107205.01, 趋势=上涨趋势
[2025-06-11 12:25:20] BTCUSDT 4h: 当前价格=109584.60, EMA25=107727.51, EMA60=106573.42, EMA120=105817.29, 趋势=上涨趋势
[2025-06-11 12:25:21] BTCUSDT 1d: 当前价格=109584.60, EMA25=105689.39, EMA60=101101.14, EMA120=96630.28, 趋势=上涨趋势
[2025-06-11 12:25:21] ETHUSDT 15m: 当前价格=2790.93, EMA25=2787.18, EMA60=2767.94, EMA120=2726.53, 趋势=上涨趋势
[2025-06-11 12:25:21] ETHUSDT 1h: 当前价格=2791.18, EMA25=2742.86, EMA60=2667.95, EMA120=2613.87, 趋势=上涨趋势
[2025-06-11 12:25:36] ETHUSDT 4h: 当前价格=2790.00, EMA25=2643.35, EMA60=2594.44, EMA120=2550.90, 趋势=上涨趋势
[2025-06-11 12:25:37] ETHUSDT 1d: 当前价格=2789.90, EMA25=2544.17, EMA60=2364.20, EMA120=2361.15, 趋势=上涨趋势
==============================

===== 趋势分析结果 (2025-06-11 12:40:50) =====
[2025-06-11 12:40:07] BTCUSDT 15m: 当前价格=109591.50, EMA25=109654.24, EMA60=109535.64, EMA120=109189.90, 趋势=震荡行情
[2025-06-11 12:40:14] BTCUSDT 1h: 当前价格=109591.50, EMA25=109331.41, EMA60=108347.98, EMA120=107205.12, 趋势=上涨趋势
[2025-06-11 12:40:21] BTCUSDT 4h: 当前价格=109583.40, EMA25=107727.42, EMA60=106573.38, EMA120=105817.27, 趋势=上涨趋势
[2025-06-11 12:40:37] BTCUSDT 1d: 当前价格=109583.40, EMA25=105689.30, EMA60=101101.10, EMA120=96630.26, 趋势=上涨趋势
[2025-06-11 12:40:43] ETHUSDT 15m: 当前价格=2797.55, EMA25=2788.04, EMA60=2768.94, EMA120=2727.72, 趋势=上涨趋势
[2025-06-11 12:40:46] ETHUSDT 1h: 当前价格=2796.89, EMA25=2743.30, EMA60=2668.14, EMA120=2613.96, 趋势=上涨趋势
[2025-06-11 12:40:47] ETHUSDT 4h: 当前价格=2796.89, EMA25=2643.88, EMA60=2594.67, EMA120=2551.01, 趋势=上涨趋势
[2025-06-11 12:40:50] ETHUSDT 1d: 当前价格=2796.88, EMA25=2544.71, EMA60=2364.43, EMA120=2361.27, 趋势=上涨趋势
==============================

===== 趋势分析结果 (2025-06-11 12:55:16) =====
[2025-06-11 12:55:09] BTCUSDT 15m: 当前价格=109530.20, EMA25=109642.22, EMA60=109534.35, EMA120=109194.98, 趋势=震荡行情
[2025-06-11 12:55:10] BTCUSDT 1h: 当前价格=109530.10, EMA25=109326.69, EMA60=108345.96, EMA120=107204.11, 趋势=上涨趋势
[2025-06-11 12:55:11] BTCUSDT 4h: 当前价格=109534.20, EMA25=107723.63, EMA60=106571.77, EMA120=105816.45, 趋势=上涨趋势
[2025-06-11 12:55:12] BTCUSDT 1d: 当前价格=109530.10, EMA25=105685.20, EMA60=101099.36, EMA120=96629.38, 趋势=上涨趋势
[2025-06-11 12:55:15] ETHUSDT 15m: 当前价格=2796.65, EMA25=2788.39, EMA60=2769.71, EMA120=2728.79, 趋势=上涨趋势
[2025-06-11 12:55:15] ETHUSDT 1h: 当前价格=2796.65, EMA25=2743.28, EMA60=2668.13, EMA120=2613.96, 趋势=上涨趋势
[2025-06-11 12:55:15] ETHUSDT 4h: 当前价格=2796.65, EMA25=2643.87, EMA60=2594.66, EMA120=2551.01, 趋势=上涨趋势
[2025-06-11 12:55:16] ETHUSDT 1d: 当前价格=2796.65, EMA25=2544.69, EMA60=2364.42, EMA120=2361.26, 趋势=上涨趋势
==============================

===== 趋势分析结果 (2025-06-11 13:10:11) =====
[2025-06-11 13:10:06] BTCUSDT 15m: 当前价格=109433.30, EMA25=109625.55, EMA60=109530.78, EMA120=109198.80, 趋势=震荡行情
[2025-06-11 13:10:06] BTCUSDT 1h: 当前价格=109433.30, EMA25=109334.30, EMA60=108381.35, EMA120=107240.85, 趋势=上涨趋势
[2025-06-11 13:10:06] BTCUSDT 4h: 当前价格=109433.30, EMA25=107715.87, EMA60=106568.46, EMA120=105814.79, 趋势=上涨趋势
[2025-06-11 13:10:07] BTCUSDT 1d: 当前价格=109433.30, EMA25=105677.75, EMA60=101096.18, EMA120=96627.78, 趋势=上涨趋势
[2025-06-11 13:10:07] ETHUSDT 15m: 当前价格=2788.87, EMA25=2788.41, EMA60=2770.33, EMA120=2729.78, 趋势=上涨趋势
[2025-06-11 13:10:08] ETHUSDT 1h: 当前价格=2788.88, EMA25=2746.77, EMA60=2672.08, EMA120=2616.85, 趋势=上涨趋势
[2025-06-11 13:10:11] ETHUSDT 4h: 当前价格=2788.85, EMA25=2643.27, EMA60=2594.40, EMA120=2550.88, 趋势=上涨趋势
[2025-06-11 13:10:11] ETHUSDT 1d: 当前价格=2789.35, EMA25=2544.13, EMA60=2364.18, EMA120=2361.14, 趋势=上涨趋势
==============================

===== 趋势分析结果 (2025-06-11 13:25:16) =====
[2025-06-11 13:25:07] BTCUSDT 15m: 当前价格=109524.40, EMA25=109618.03, EMA60=109530.68, EMA120=109204.26, 趋势=震荡行情
[2025-06-11 13:25:07] BTCUSDT 1h: 当前价格=109540.80, EMA25=109342.57, EMA60=108384.87, EMA120=107242.63, 趋势=上涨趋势
[2025-06-11 13:25:07] BTCUSDT 4h: 当前价格=109540.80, EMA25=107724.14, EMA60=106571.98, EMA120=105816.56, 趋势=上涨趋势
[2025-06-11 13:25:08] BTCUSDT 1d: 当前价格=109524.40, EMA25=105684.76, EMA60=101099.17, EMA120=96629.29, 趋势=上涨趋势
[2025-06-11 13:25:09] ETHUSDT 15m: 当前价格=2795.44, EMA25=2789.21, EMA60=2771.27, EMA120=2730.92, 趋势=上涨趋势
[2025-06-11 13:25:09] ETHUSDT 1h: 当前价格=2795.64, EMA25=2747.29, EMA60=2672.31, EMA120=2616.96, 趋势=上涨趋势
[2025-06-11 13:25:09] ETHUSDT 4h: 当前价格=2795.63, EMA25=2643.79, EMA60=2594.62, EMA120=2550.99, 趋势=上涨趋势
[2025-06-11 13:25:16] ETHUSDT 1d: 当前价格=2796.40, EMA25=2544.67, EMA60=2364.41, EMA120=2361.26, 趋势=上涨趋势
==============================

===== 趋势分析结果 (2025-06-11 13:40:23) =====
[2025-06-11 13:40:06] BTCUSDT 15m: 当前价格=109465.50, EMA25=109611.19, EMA60=109530.73, EMA120=109209.71, 趋势=震荡行情
[2025-06-11 13:40:06] BTCUSDT 1h: 当前价格=109465.50, EMA25=109336.77, EMA60=108382.41, EMA120=107241.38, 趋势=上涨趋势
[2025-06-11 13:40:06] BTCUSDT 4h: 当前价格=109470.00, EMA25=107718.69, EMA60=106569.66, EMA120=105815.39, 趋势=上涨趋势
[2025-06-11 13:40:08] BTCUSDT 1d: 当前价格=109465.50, EMA25=105680.23, EMA60=101097.24, EMA120=96628.31, 趋势=上涨趋势
[2025-06-11 13:40:11] ETHUSDT 15m: 当前价格=2792.34, EMA25=2789.83, EMA60=2772.13, EMA120=2732.03, 趋势=上涨趋势
[2025-06-11 13:40:23] ETHUSDT 1h: 当前价格=2791.17, EMA25=2746.95, EMA60=2672.16, EMA120=2616.88, 趋势=上涨趋势
[2025-06-11 13:40:23] ETHUSDT 4h: 当前价格=2791.17, EMA25=2643.44, EMA60=2594.48, EMA120=2550.92, 趋势=上涨趋势
[2025-06-11 13:40:23] ETHUSDT 1d: 当前价格=2791.17, EMA25=2544.27, EMA60=2364.24, EMA120=2361.17, 趋势=上涨趋势
==============================

===== 趋势分析结果 (2025-06-11 13:55:18) =====
[2025-06-11 13:55:11] BTCUSDT 15m: 当前价格=109480.10, EMA25=109600.92, EMA60=109528.99, EMA120=109214.15, 趋势=震荡行情
[2025-06-11 13:55:14] BTCUSDT 1h: 当前价格=109480.10, EMA25=109337.90, EMA60=108382.88, EMA120=107241.63, 趋势=上涨趋势
[2025-06-11 13:55:15] BTCUSDT 4h: 当前价格=109480.10, EMA25=107719.47, EMA60=106569.99, EMA120=105815.56, 趋势=上涨趋势
[2025-06-11 13:55:16] BTCUSDT 1d: 当前价格=109480.10, EMA25=105681.35, EMA60=101097.72, EMA120=96628.56, 趋势=上涨趋势
[2025-06-11 13:55:16] ETHUSDT 15m: 当前价格=2794.68, EMA25=2790.24, EMA60=2772.89, EMA120=2733.07, 趋势=上涨趋势
[2025-06-11 13:55:17] ETHUSDT 1h: 当前价格=2794.67, EMA25=2747.22, EMA60=2672.27, EMA120=2616.94, 趋势=上涨趋势
[2025-06-11 13:55:17] ETHUSDT 4h: 当前价格=2794.67, EMA25=2643.71, EMA60=2594.59, EMA120=2550.98, 趋势=上涨趋势
[2025-06-11 13:55:18] ETHUSDT 1d: 当前价格=2794.67, EMA25=2544.54, EMA60=2364.36, EMA120=2361.23, 趋势=上涨趋势
==============================

===== 趋势分析结果 (2025-06-11 14:10:26) =====
[2025-06-11 14:10:18] BTCUSDT 15m: 当前价格=109509.10, EMA25=109589.86, EMA60=109526.55, EMA120=109218.13, 趋势=震荡行情
[2025-06-11 14:10:21] BTCUSDT 1h: 当前价格=109509.20, EMA25=109347.08, EMA60=108418.03, EMA120=107278.22, 趋势=上涨趋势
[2025-06-11 14:10:21] BTCUSDT 4h: 当前价格=109509.20, EMA25=107721.71, EMA60=106570.95, EMA120=105816.04, 趋势=上涨趋势
[2025-06-11 14:10:22] BTCUSDT 1d: 当前价格=109509.20, EMA25=105683.59, EMA60=101098.67, EMA120=96629.04, 趋势=上涨趋势
[2025-06-11 14:10:22] ETHUSDT 15m: 当前价格=2789.88, EMA25=2790.08, EMA60=2773.39, EMA120=2733.98, 趋势=震荡行情
[2025-06-11 14:10:25] ETHUSDT 1h: 当前价格=2789.81, EMA25=2750.37, EMA60=2676.07, EMA120=2619.77, 趋势=上涨趋势
[2025-06-11 14:10:25] ETHUSDT 4h: 当前价格=2789.81, EMA25=2643.34, EMA60=2594.43, EMA120=2550.90, 趋势=上涨趋势
[2025-06-11 14:10:26] ETHUSDT 1d: 当前价格=2789.58, EMA25=2544.14, EMA60=2364.19, EMA120=2361.15, 趋势=上涨趋势
==============================

===== 趋势分析结果 (2025-06-11 14:25:55) =====
[2025-06-11 14:25:22] BTCUSDT 15m: 当前价格=109512.80, EMA25=109584.33, EMA60=109526.28, EMA120=109223.11, 趋势=震荡行情
[2025-06-11 14:25:23] BTCUSDT 1h: 当前价格=109512.90, EMA25=109347.36, EMA60=108418.15, EMA120=107278.28, 趋势=上涨趋势
[2025-06-11 14:25:24] BTCUSDT 4h: 当前价格=109512.80, EMA25=107721.99, EMA60=106571.07, EMA120=105816.10, 趋势=上涨趋势
[2025-06-11 14:25:28] BTCUSDT 1d: 当前价格=109506.50, EMA25=105683.38, EMA60=101098.58, EMA120=96628.99, 趋势=上涨趋势
[2025-06-11 14:25:35] ETHUSDT 15m: 当前价格=2788.03, EMA25=2789.96, EMA60=2773.88, EMA120=2734.88, 趋势=震荡行情
[2025-06-11 14:25:36] ETHUSDT 1h: 当前价格=2788.04, EMA25=2750.23, EMA60=2676.01, EMA120=2619.74, 趋势=上涨趋势
[2025-06-11 14:25:48] ETHUSDT 4h: 当前价格=2789.07, EMA25=2643.28, EMA60=2594.41, EMA120=2550.88, 趋势=上涨趋势
[2025-06-11 14:25:55] ETHUSDT 1d: 当前价格=2789.06, EMA25=2544.10, EMA60=2364.17, EMA120=2361.14, 趋势=上涨趋势
==============================

===== 趋势分析结果 (2025-06-11 14:40:11) =====
[2025-06-11 14:40:06] BTCUSDT 15m: 当前价格=109396.80, EMA25=109562.32, EMA60=109518.64, EMA120=109224.26, 趋势=震荡行情
[2025-06-11 14:40:06] BTCUSDT 1h: 当前价格=109396.80, EMA25=109338.43, EMA60=108414.34, EMA120=107276.36, 趋势=上涨趋势
[2025-06-11 14:40:07] BTCUSDT 4h: 当前价格=109396.80, EMA25=107713.06, EMA60=106567.26, EMA120=105814.18, 趋势=上涨趋势
[2025-06-11 14:40:08] BTCUSDT 1d: 当前价格=109396.80, EMA25=105674.95, EMA60=101094.99, EMA120=96627.18, 趋势=上涨趋势
[2025-06-11 14:40:09] ETHUSDT 15m: 当前价格=2784.57, EMA25=2789.34, EMA60=2774.14, EMA120=2735.66, 趋势=震荡行情
[2025-06-11 14:40:09] ETHUSDT 1h: 当前价格=2784.57, EMA25=2749.96, EMA60=2675.90, EMA120=2619.68, 趋势=上涨趋势
[2025-06-11 14:40:10] ETHUSDT 4h: 当前价格=2784.57, EMA25=2642.94, EMA60=2594.26, EMA120=2550.81, 趋势=上涨趋势
[2025-06-11 14:40:11] ETHUSDT 1d: 当前价格=2784.66, EMA25=2543.77, EMA60=2364.03, EMA120=2361.06, 趋势=上涨趋势
==============================

===== 趋势分析结果 (2025-06-11 14:55:31) =====
[2025-06-11 14:55:06] BTCUSDT 15m: 当前价格=109522.40, EMA25=109559.96, EMA60=109519.08, EMA120=109229.38, 趋势=震荡行情
[2025-06-11 14:55:09] BTCUSDT 1h: 当前价格=109522.40, EMA25=109348.09, EMA60=108418.46, EMA120=107278.44, 趋势=上涨趋势
[2025-06-11 14:55:09] BTCUSDT 4h: 当前价格=109522.40, EMA25=107722.72, EMA60=106571.38, EMA120=105816.26, 趋势=上涨趋势
[2025-06-11 14:55:11] BTCUSDT 1d: 当前价格=109522.40, EMA25=105684.61, EMA60=101099.10, EMA120=96629.25, 趋势=上涨趋势
[2025-06-11 14:55:11] ETHUSDT 15m: 当前价格=2789.60, EMA25=2789.51, EMA60=2774.72, EMA120=2736.58, 趋势=上涨趋势
[2025-06-11 14:55:23] ETHUSDT 1h: 当前价格=2790.85, EMA25=2750.45, EMA60=2676.10, EMA120=2619.79, 趋势=上涨趋势
[2025-06-11 14:55:30] ETHUSDT 4h: 当前价格=2791.70, EMA25=2643.49, EMA60=2594.50, EMA120=2550.93, 趋势=上涨趋势
[2025-06-11 14:55:31] ETHUSDT 1d: 当前价格=2791.94, EMA25=2544.33, EMA60=2364.27, EMA120=2361.19, 趋势=上涨趋势
==============================

===== 趋势分析结果 (2025-06-11 15:10:14) =====
[2025-06-11 15:10:07] BTCUSDT 15m: 当前价格=109568.60, EMA25=109562.98, EMA60=109521.76, EMA120=109235.55, 趋势=上涨趋势
[2025-06-11 15:10:07] BTCUSDT 1h: 当前价格=109568.60, EMA25=109367.41, EMA60=108457.22, EMA120=107316.86, 趋势=上涨趋势
[2025-06-11 15:10:07] BTCUSDT 4h: 当前价格=109568.60, EMA25=107726.28, EMA60=106572.90, EMA120=105817.02, 趋势=上涨趋势
[2025-06-11 15:10:11] BTCUSDT 1d: 当前价格=109568.60, EMA25=105688.16, EMA60=101100.62, EMA120=96630.02, 趋势=上涨趋势
[2025-06-11 15:10:11] ETHUSDT 15m: 当前价格=2789.93, EMA25=2789.67, EMA60=2775.27, EMA120=2737.50, 趋势=上涨趋势
[2025-06-11 15:10:14] ETHUSDT 1h: 当前价格=2789.93, EMA25=2753.52, EMA60=2679.85, EMA120=2622.61, 趋势=上涨趋势
[2025-06-11 15:10:14] ETHUSDT 4h: 当前价格=2789.93, EMA25=2643.35, EMA60=2594.44, EMA120=2550.90, 趋势=上涨趋势
[2025-06-11 15:10:14] ETHUSDT 1d: 当前价格=2789.94, EMA25=2544.17, EMA60=2364.20, EMA120=2361.15, 趋势=上涨趋势
==============================

===== 趋势分析结果 (2025-06-11 15:25:28) =====
[2025-06-11 15:25:06] BTCUSDT 15m: 当前价格=109577.00, EMA25=109569.86, EMA60=109526.16, EMA120=109242.54, 趋势=上涨趋势
[2025-06-11 15:25:06] BTCUSDT 1h: 当前价格=109568.10, EMA25=109367.37, EMA60=108457.21, EMA120=107316.85, 趋势=上涨趋势
[2025-06-11 15:25:23] BTCUSDT 4h: 当前价格=109519.20, EMA25=107722.48, EMA60=106571.28, EMA120=105816.21, 趋势=上涨趋势
[2025-06-11 15:25:25] BTCUSDT 1d: 当前价格=109522.00, EMA25=105684.58, EMA60=101099.09, EMA120=96629.25, 趋势=上涨趋势
[2025-06-11 15:25:26] ETHUSDT 15m: 当前价格=2791.77, EMA25=2790.28, EMA60=2776.01, EMA120=2738.50, 趋势=上涨趋势
[2025-06-11 15:25:27] ETHUSDT 1h: 当前价格=2791.56, EMA25=2753.65, EMA60=2679.91, EMA120=2622.64, 趋势=上涨趋势
[2025-06-11 15:25:28] ETHUSDT 4h: 当前价格=2791.29, EMA25=2643.45, EMA60=2594.48, EMA120=2550.92, 趋势=上涨趋势
[2025-06-11 15:25:28] ETHUSDT 1d: 当前价格=2791.63, EMA25=2544.30, EMA60=2364.26, EMA120=2361.18, 趋势=上涨趋势
==============================

===== 趋势分析结果 (2025-06-11 15:40:43) =====
[2025-06-11 15:40:21] BTCUSDT 15m: 当前价格=109499.60, EMA25=109562.88, EMA60=109524.59, EMA120=109246.45, 趋势=震荡行情
[2025-06-11 15:40:28] BTCUSDT 1h: 当前价格=109499.50, EMA25=109362.10, EMA60=108454.96, EMA120=107315.72, 趋势=上涨趋势
[2025-06-11 15:40:29] BTCUSDT 4h: 当前价格=109505.90, EMA25=107721.46, EMA60=106570.84, EMA120=105815.99, 趋势=上涨趋势
[2025-06-11 15:40:33] BTCUSDT 1d: 当前价格=109509.50, EMA25=105683.62, EMA60=101098.68, EMA120=96629.04, 趋势=上涨趋势
[2025-06-11 15:40:33] ETHUSDT 15m: 当前价格=2799.76, EMA25=2791.24, EMA60=2776.89, EMA120=2739.56, 趋势=上涨趋势
[2025-06-11 15:40:36] ETHUSDT 1h: 当前价格=2799.43, EMA25=2754.25, EMA60=2680.17, EMA120=2622.77, 趋势=上涨趋势
[2025-06-11 15:40:43] ETHUSDT 4h: 当前价格=2798.74, EMA25=2644.03, EMA60=2594.73, EMA120=2551.04, 趋势=上涨趋势
[2025-06-11 15:40:43] ETHUSDT 1d: 当前价格=2798.74, EMA25=2544.85, EMA60=2364.49, EMA120=2361.30, 趋势=上涨趋势
==============================

===== 趋势分析结果 (2025-06-11 15:55:13) =====
[2025-06-11 15:55:06] BTCUSDT 15m: 当前价格=109451.80, EMA25=109551.68, EMA60=109521.02, EMA120=109249.26, 趋势=震荡行情
[2025-06-11 15:55:06] BTCUSDT 1h: 当前价格=109451.80, EMA25=109358.43, EMA60=108453.39, EMA120=107314.93, 趋势=上涨趋势
[2025-06-11 15:55:06] BTCUSDT 4h: 当前价格=109451.80, EMA25=107717.29, EMA60=106569.07, EMA120=105815.09, 趋势=上涨趋势
[2025-06-11 15:55:07] BTCUSDT 1d: 当前价格=109451.80, EMA25=105679.18, EMA60=101096.79, EMA120=96628.09, 趋势=上涨趋势
[2025-06-11 15:55:10] ETHUSDT 15m: 当前价格=2794.99, EMA25=2791.33, EMA60=2777.40, EMA120=2740.43, 趋势=上涨趋势
[2025-06-11 15:55:10] ETHUSDT 1h: 当前价格=2795.23, EMA25=2753.93, EMA60=2680.03, EMA120=2622.70, 趋势=上涨趋势
[2025-06-11 15:55:10] ETHUSDT 4h: 当前价格=2795.23, EMA25=2643.76, EMA60=2594.61, EMA120=2550.99, 趋势=上涨趋势
[2025-06-11 15:55:13] ETHUSDT 1d: 当前价格=2795.23, EMA25=2544.58, EMA60=2364.38, EMA120=2361.24, 趋势=上涨趋势
==============================

===== 趋势分析结果 (2025-06-11 16:10:18) =====
[2025-06-11 16:10:07] BTCUSDT 15m: 当前价格=109444.50, EMA25=109539.54, EMA60=109516.77, EMA120=109251.61, 趋势=震荡行情
[2025-06-11 16:10:08] BTCUSDT 1h: 当前价格=109444.50, EMA25=109361.15, EMA60=108484.15, EMA120=107349.26, 趋势=上涨趋势
[2025-06-11 16:10:08] BTCUSDT 4h: 当前价格=109444.40, EMA25=107846.25, EMA60=106661.60, EMA120=105874.25, 趋势=上涨趋势
[2025-06-11 16:10:10] BTCUSDT 1d: 当前价格=109444.40, EMA25=105678.61, EMA60=101096.55, EMA120=96627.97, 趋势=上涨趋势
[2025-06-11 16:10:11] ETHUSDT 15m: 当前价格=2784.77, EMA25=2790.53, EMA60=2777.51, EMA120=2741.10, 趋势=震荡行情
[2025-06-11 16:10:12] ETHUSDT 1h: 当前价格=2784.51, EMA25=2755.97, EMA60=2683.31, EMA120=2625.30, 趋势=上涨趋势
[2025-06-11 16:10:15] ETHUSDT 4h: 当前价格=2784.50, EMA25=2654.27, EMA60=2600.70, EMA120=2554.78, 趋势=上涨趋势
[2025-06-11 16:10:18] ETHUSDT 1d: 当前价格=2784.74, EMA25=2543.77, EMA60=2364.03, EMA120=2361.07, 趋势=上涨趋势
==============================

===== 趋势分析结果 (2025-06-11 16:25:30) =====
[2025-06-11 16:25:06] BTCUSDT 15m: 当前价格=109499.40, EMA25=109541.09, EMA60=109518.27, EMA120=109256.78, 趋势=震荡行情
[2025-06-11 16:25:13] BTCUSDT 1h: 当前价格=109499.50, EMA25=109365.38, EMA60=108485.95, EMA120=107350.17, 趋势=上涨趋势
[2025-06-11 16:25:15] BTCUSDT 4h: 当前价格=109499.50, EMA25=107850.49, EMA60=106663.41, EMA120=105875.16, 趋势=上涨趋势
[2025-06-11 16:25:15] BTCUSDT 1d: 当前价格=109499.50, EMA25=105682.85, EMA60=101098.35, EMA120=96628.88, 趋势=上涨趋势
[2025-06-11 16:25:15] ETHUSDT 15m: 当前价格=2779.21, EMA25=2789.71, EMA60=2777.59, EMA120=2741.74, 趋势=震荡行情
[2025-06-11 16:25:18] ETHUSDT 1h: 当前价格=2779.21, EMA25=2755.57, EMA60=2683.14, EMA120=2625.21, 趋势=上涨趋势
[2025-06-11 16:25:18] ETHUSDT 4h: 当前价格=2779.21, EMA25=2653.87, EMA60=2600.53, EMA120=2554.69, 趋势=上涨趋势
[2025-06-11 16:25:30] ETHUSDT 1d: 当前价格=2779.17, EMA25=2543.34, EMA60=2363.85, EMA120=2360.97, 趋势=上涨趋势
==============================

===== 趋势分析结果 (2025-06-11 16:40:21) =====
[2025-06-11 16:40:06] BTCUSDT 15m: 当前价格=109548.50, EMA25=109541.16, EMA60=109519.04, EMA120=109261.51, 趋势=上涨趋势
[2025-06-11 16:40:09] BTCUSDT 1h: 当前价格=109548.50, EMA25=109369.15, EMA60=108487.56, EMA120=107350.98, 趋势=上涨趋势
[2025-06-11 16:40:09] BTCUSDT 4h: 当前价格=109548.50, EMA25=107854.26, EMA60=106665.01, EMA120=105875.97, 趋势=上涨趋势
[2025-06-11 16:40:11] BTCUSDT 1d: 当前价格=109548.50, EMA25=105686.62, EMA60=101099.96, EMA120=96629.69, 趋势=上涨趋势
[2025-06-11 16:40:14] ETHUSDT 15m: 当前价格=2774.12, EMA25=2788.45, EMA60=2777.44, EMA120=2742.26, 趋势=震荡行情
[2025-06-11 16:40:21] ETHUSDT 1h: 当前价格=2775.03, EMA25=2755.24, EMA60=2683.00, EMA120=2625.14, 趋势=上涨趋势
[2025-06-11 16:40:21] ETHUSDT 4h: 当前价格=2775.03, EMA25=2653.54, EMA60=2600.39, EMA120=2554.62, 趋势=上涨趋势
[2025-06-11 16:40:21] ETHUSDT 1d: 当前价格=2774.81, EMA25=2543.01, EMA60=2363.71, EMA120=2360.90, 趋势=上涨趋势
==============================

===== 趋势分析结果 (2025-06-11 16:55:35) =====
[2025-06-11 16:55:07] BTCUSDT 15m: 当前价格=109584.60, EMA25=109543.86, EMA60=109520.90, EMA120=109266.72, 趋势=上涨趋势
[2025-06-11 16:55:07] BTCUSDT 1h: 当前价格=109584.60, EMA25=109371.93, EMA60=108488.74, EMA120=107351.58, 趋势=上涨趋势
[2025-06-11 16:55:20] BTCUSDT 4h: 当前价格=109584.50, EMA25=107857.03, EMA60=106666.19, EMA120=105876.56, 趋势=上涨趋势
[2025-06-11 16:55:35] BTCUSDT 1d: 当前价格=109584.10, EMA25=105689.35, EMA60=101101.13, EMA120=96630.27, 趋势=上涨趋势
[2025-06-11 16:55:35] ETHUSDT 15m: 当前价格=2770.54, EMA25=2787.15, EMA60=2777.25, EMA120=2742.75, 趋势=震荡行情
[2025-06-11 16:55:35] ETHUSDT 1h: 当前价格=2770.54, EMA25=2754.90, EMA60=2682.86, EMA120=2625.07, 趋势=上涨趋势
[2025-06-11 16:55:35] ETHUSDT 4h: 当前价格=2770.54, EMA25=2653.20, EMA60=2600.24, EMA120=2554.55, 趋势=上涨趋势
[2025-06-11 16:55:35] ETHUSDT 1d: 当前价格=2770.70, EMA25=2542.69, EMA60=2363.57, EMA120=2360.83, 趋势=上涨趋势
==============================

===== 趋势分析结果 (2025-06-11 17:10:21) =====
[2025-06-11 17:10:09] BTCUSDT 15m: 当前价格=109444.20, EMA25=109531.75, EMA60=109516.40, EMA120=109268.65, 趋势=震荡行情
[2025-06-11 17:10:09] BTCUSDT 1h: 当前价格=109444.30, EMA25=109373.06, EMA60=108518.09, EMA120=107385.15, 趋势=上涨趋势
[2025-06-11 17:10:12] BTCUSDT 4h: 当前价格=109444.20, EMA25=107846.23, EMA60=106661.59, EMA120=105874.24, 趋势=上涨趋势
[2025-06-11 17:10:14] BTCUSDT 1d: 当前价格=109444.20, EMA25=105678.59, EMA60=101096.54, EMA120=96627.96, 趋势=上涨趋势
[2025-06-11 17:10:17] ETHUSDT 15m: 当前价格=2765.41, EMA25=2785.31, EMA60=2776.79, EMA120=2743.09, 趋势=震荡行情
[2025-06-11 17:10:17] ETHUSDT 1h: 当前价格=2765.41, EMA25=2755.54, EMA60=2685.49, EMA120=2627.35, 趋势=上涨趋势
[2025-06-11 17:10:18] ETHUSDT 4h: 当前价格=2765.59, EMA25=2652.82, EMA60=2600.08, EMA120=2554.47, 趋势=上涨趋势
[2025-06-11 17:10:21] ETHUSDT 1d: 当前价格=2766.17, EMA25=2542.34, EMA60=2363.42, EMA120=2360.76, 趋势=上涨趋势
==============================

===== 趋势分析结果 (2025-06-11 17:25:16) =====
[2025-06-11 17:25:06] BTCUSDT 15m: 当前价格=109466.00, EMA25=109526.55, EMA60=109514.69, EMA120=109271.89, 趋势=震荡行情
[2025-06-11 17:25:07] BTCUSDT 1h: 当前价格=109472.80, EMA25=109375.25, EMA60=108519.02, EMA120=107385.62, 趋势=上涨趋势
[2025-06-11 17:25:14] BTCUSDT 4h: 当前价格=109466.00, EMA25=107847.91, EMA60=106662.31, EMA120=105874.60, 趋势=上涨趋势
[2025-06-11 17:25:15] BTCUSDT 1d: 当前价格=109466.00, EMA25=105680.27, EMA60=101097.26, EMA120=96628.32, 趋势=上涨趋势
[2025-06-11 17:25:15] ETHUSDT 15m: 当前价格=2769.79, EMA25=2784.07, EMA60=2776.54, EMA120=2743.52, 趋势=震荡行情
[2025-06-11 17:25:15] ETHUSDT 1h: 当前价格=2769.79, EMA25=2755.88, EMA60=2685.63, EMA120=2627.42, 趋势=上涨趋势
[2025-06-11 17:25:16] ETHUSDT 4h: 当前价格=2769.79, EMA25=2653.14, EMA60=2600.22, EMA120=2554.53, 趋势=上涨趋势
[2025-06-11 17:25:16] ETHUSDT 1d: 当前价格=2769.79, EMA25=2542.62, EMA60=2363.54, EMA120=2360.82, 趋势=上涨趋势
==============================

===== 趋势分析结果 (2025-06-11 17:40:32) =====
[2025-06-11 17:40:09] BTCUSDT 15m: 当前价格=109253.20, EMA25=109502.44, EMA60=109504.73, EMA120=109270.88, 趋势=下跌趋势
[2025-06-11 17:40:09] BTCUSDT 1h: 当前价格=109253.30, EMA25=109358.36, EMA60=108511.83, EMA120=107381.99, 趋势=震荡行情
[2025-06-11 17:40:09] BTCUSDT 4h: 当前价格=109253.20, EMA25=107831.54, EMA60=106655.33, EMA120=105871.09, 趋势=上涨趋势
[2025-06-11 17:40:25] BTCUSDT 1d: 当前价格=109253.20, EMA25=105663.90, EMA60=101090.28, EMA120=96624.81, 趋势=上涨趋势
[2025-06-11 17:40:26] ETHUSDT 15m: 当前价格=2766.45, EMA25=2782.74, EMA60=2776.22, EMA120=2743.90, 趋势=震荡行情
[2025-06-11 17:40:26] ETHUSDT 1h: 当前价格=2766.45, EMA25=2755.62, EMA60=2685.53, EMA120=2627.37, 趋势=上涨趋势
[2025-06-11 17:40:29] ETHUSDT 4h: 当前价格=2766.46, EMA25=2652.89, EMA60=2600.11, EMA120=2554.48, 趋势=上涨趋势
[2025-06-11 17:40:32] ETHUSDT 1d: 当前价格=2766.45, EMA25=2542.37, EMA60=2363.43, EMA120=2360.76, 趋势=上涨趋势
==============================

===== 趋势分析结果 (2025-06-11 17:55:13) =====
[2025-06-11 17:55:06] BTCUSDT 15m: 当前价格=109218.30, EMA25=109478.88, EMA60=109494.58, EMA120=109269.63, 趋势=下跌趋势
[2025-06-11 17:55:06] BTCUSDT 1h: 当前价格=109218.30, EMA25=109355.67, EMA60=108510.68, EMA120=107381.41, 趋势=震荡行情
[2025-06-11 17:55:06] BTCUSDT 4h: 当前价格=109237.00, EMA25=107830.30, EMA60=106654.80, EMA120=105870.82, 趋势=上涨趋势
[2025-06-11 17:55:08] BTCUSDT 1d: 当前价格=109233.70, EMA25=105662.40, EMA60=101089.64, EMA120=96624.48, 趋势=上涨趋势
[2025-06-11 17:55:08] ETHUSDT 15m: 当前价格=2758.08, EMA25=2780.86, EMA60=2775.63, EMA120=2744.14, 趋势=震荡行情
[2025-06-11 17:55:09] ETHUSDT 1h: 当前价格=2759.15, EMA25=2755.06, EMA60=2685.29, EMA120=2627.25, 趋势=上涨趋势
[2025-06-11 17:55:10] ETHUSDT 4h: 当前价格=2759.29, EMA25=2652.33, EMA60=2599.87, EMA120=2554.36, 趋势=上涨趋势
[2025-06-11 17:55:13] ETHUSDT 1d: 当前价格=2759.29, EMA25=2541.81, EMA60=2363.20, EMA120=2360.65, 趋势=上涨趋势
==============================

===== 趋势分析结果 (2025-06-11 18:10:23) =====
[2025-06-11 18:10:13] BTCUSDT 15m: 当前价格=109259.30, EMA25=109462.05, EMA60=109486.90, EMA120=109269.49, 趋势=下跌趋势
[2025-06-11 18:10:14] BTCUSDT 1h: 当前价格=109264.30, EMA25=109348.70, EMA60=108535.41, EMA120=107412.54, 趋势=震荡行情
[2025-06-11 18:10:14] BTCUSDT 4h: 当前价格=109264.30, EMA25=107832.40, EMA60=106655.69, EMA120=105871.27, 趋势=上涨趋势
[2025-06-11 18:10:15] BTCUSDT 1d: 当前价格=109264.30, EMA25=105664.75, EMA60=101090.64, EMA120=96624.99, 趋势=上涨趋势
[2025-06-11 18:10:17] ETHUSDT 15m: 当前价格=2765.13, EMA25=2779.67, EMA60=2775.30, EMA120=2744.49, 趋势=震荡行情
[2025-06-11 18:10:18] ETHUSDT 1h: 当前价格=2765.14, EMA25=2755.78, EMA60=2687.88, EMA120=2629.52, 趋势=上涨趋势
[2025-06-11 18:10:19] ETHUSDT 4h: 当前价格=2765.18, EMA25=2652.79, EMA60=2600.07, EMA120=2554.46, 趋势=上涨趋势
[2025-06-11 18:10:23] ETHUSDT 1d: 当前价格=2765.30, EMA25=2542.28, EMA60=2363.39, EMA120=2360.74, 趋势=上涨趋势
==============================

===== 趋势分析结果 (2025-06-11 18:25:24) =====
[2025-06-11 18:25:06] BTCUSDT 15m: 当前价格=109201.30, EMA25=109439.51, EMA60=109476.42, EMA120=109267.80, 趋势=下跌趋势
[2025-06-11 18:25:07] BTCUSDT 1h: 当前价格=109201.30, EMA25=109343.85, EMA60=108533.35, EMA120=107411.50, 趋势=震荡行情
[2025-06-11 18:25:10] BTCUSDT 4h: 当前价格=109201.30, EMA25=107827.55, EMA60=106653.63, EMA120=105870.23, 趋势=上涨趋势
[2025-06-11 18:25:11] BTCUSDT 1d: 当前价格=109201.30, EMA25=105659.91, EMA60=101088.58, EMA120=96623.95, 趋势=上涨趋势
[2025-06-11 18:25:11] ETHUSDT 15m: 当前价格=2765.01, EMA25=2778.48, EMA60=2774.93, EMA120=2744.82, 趋势=震荡行情
[2025-06-11 18:25:11] ETHUSDT 1h: 当前价格=2765.07, EMA25=2755.78, EMA60=2687.88, EMA120=2629.51, 趋势=上涨趋势
[2025-06-11 18:25:24] ETHUSDT 4h: 当前价格=2764.86, EMA25=2652.76, EMA60=2600.05, EMA120=2554.45, 趋势=上涨趋势
[2025-06-11 18:25:24] ETHUSDT 1d: 当前价格=2764.86, EMA25=2542.24, EMA60=2363.38, EMA120=2360.74, 趋势=上涨趋势
==============================

===== 趋势分析结果 (2025-06-11 18:40:26) =====
[2025-06-11 18:40:21] BTCUSDT 15m: 当前价格=109265.50, EMA25=109430.29, EMA60=109471.37, EMA120=109268.73, 趋势=下跌趋势
[2025-06-11 18:40:21] BTCUSDT 1h: 当前价格=109265.40, EMA25=109348.78, EMA60=108535.45, EMA120=107412.56, 趋势=震荡行情
[2025-06-11 18:40:21] BTCUSDT 4h: 当前价格=109265.40, EMA25=107832.48, EMA60=106655.73, EMA120=105871.29, 趋势=上涨趋势
[2025-06-11 18:40:25] BTCUSDT 1d: 当前价格=109265.40, EMA25=105664.84, EMA60=101090.68, EMA120=96625.01, 趋势=上涨趋势
[2025-06-11 18:40:25] ETHUSDT 15m: 当前价格=2767.49, EMA25=2777.79, EMA60=2774.76, EMA120=2745.23, 趋势=震荡行情
[2025-06-11 18:40:26] ETHUSDT 1h: 当前价格=2767.49, EMA25=2755.96, EMA60=2687.96, EMA120=2629.55, 趋势=上涨趋势
[2025-06-11 18:40:26] ETHUSDT 4h: 当前价格=2767.49, EMA25=2652.96, EMA60=2600.14, EMA120=2554.50, 趋势=上涨趋势
[2025-06-11 18:40:26] ETHUSDT 1d: 当前价格=2767.49, EMA25=2542.45, EMA60=2363.47, EMA120=2360.78, 趋势=上涨趋势
==============================

===== 趋势分析结果 (2025-06-11 18:55:07) =====
[2025-06-11 18:55:06] BTCUSDT 15m: 当前价格=109341.30, EMA25=109422.69, EMA60=109466.77, EMA120=109269.76, 趋势=震荡行情
[2025-06-11 18:55:06] BTCUSDT 1h: 当前价格=109341.30, EMA25=109354.62, EMA60=108537.94, EMA120=107413.81, 趋势=震荡行情
[2025-06-11 18:55:06] BTCUSDT 4h: 当前价格=109341.20, EMA25=107838.31, EMA60=106658.22, EMA120=105872.54, 趋势=上涨趋势
[2025-06-11 18:55:07] BTCUSDT 1d: 当前价格=109341.20, EMA25=105670.67, EMA60=101093.16, EMA120=96626.26, 趋势=上涨趋势
[2025-06-11 18:55:07] ETHUSDT 15m: 当前价格=2769.43, EMA25=2777.02, EMA60=2774.53, EMA120=2745.60, 趋势=震荡行情
[2025-06-11 18:55:07] ETHUSDT 1h: 当前价格=2769.43, EMA25=2756.11, EMA60=2688.02, EMA120=2629.59, 趋势=上涨趋势
[2025-06-11 18:55:07] ETHUSDT 4h: 当前价格=2769.43, EMA25=2653.11, EMA60=2600.20, EMA120=2554.53, 趋势=上涨趋势
[2025-06-11 18:55:07] ETHUSDT 1d: 当前价格=2769.43, EMA25=2542.59, EMA60=2363.53, EMA120=2360.81, 趋势=上涨趋势
==============================

===== 趋势分析结果 (2025-06-11 20:09:07) =====
[2025-06-11 20:09:05] BTCUSDT 15m: 当前价格=109260.50, EMA25=109356.62, EMA60=109429.17, EMA120=109265.94, 趋势=下跌趋势
[2025-06-11 20:09:05] BTCUSDT 1h: 当前价格=109260.60, EMA25=109335.18, EMA60=108582.05, EMA120=107473.11, 趋势=震荡行情
[2025-06-11 20:09:06] BTCUSDT 4h: 当前价格=109260.50, EMA25=107937.69, EMA60=106739.06, EMA120=105926.33, 趋势=上涨趋势
[2025-06-11 20:09:06] BTCUSDT 1d: 当前价格=109260.60, EMA25=105664.47, EMA60=101090.52, EMA120=96624.93, 趋势=上涨趋势
[2025-06-11 20:09:07] ETHUSDT 15m: 当前价格=2774.52, EMA25=2774.32, EMA60=2773.62, EMA120=2747.44, 趋势=上涨趋势
[2025-06-11 20:09:07] ETHUSDT 1h: 当前价格=2774.48, EMA25=2758.74, EMA60=2693.56, EMA120=2634.32, 趋势=上涨趋势
[2025-06-11 20:09:07] ETHUSDT 4h: 当前价格=2774.36, EMA25=2662.61, EMA60=2605.99, EMA120=2558.21, 趋势=上涨趋势
[2025-06-11 20:09:07] ETHUSDT 1d: 当前价格=2774.36, EMA25=2542.97, EMA60=2363.69, EMA120=2360.89, 趋势=上涨趋势
==============================

===== 趋势分析结果 (2025-06-11 20:24:10) =====
[2025-06-11 20:24:08] BTCUSDT 15m: 当前价格=109075.20, EMA25=109340.63, EMA60=109420.09, EMA120=109264.08, 趋势=下跌趋势
[2025-06-11 20:24:08] BTCUSDT 1h: 当前价格=109075.20, EMA25=109320.92, EMA60=108575.97, EMA120=107470.05, 趋势=震荡行情
[2025-06-11 20:24:08] BTCUSDT 4h: 当前价格=109075.20, EMA25=107923.44, EMA60=106732.99, EMA120=105923.27, 趋势=上涨趋势
[2025-06-11 20:24:08] BTCUSDT 1d: 当前价格=109075.20, EMA25=105650.21, EMA60=101084.44, EMA120=96621.86, 趋势=上涨趋势
[2025-06-11 20:24:09] ETHUSDT 15m: 当前价格=2765.55, EMA25=2774.03, EMA60=2773.53, EMA120=2747.83, 趋势=震荡行情
[2025-06-11 20:24:09] ETHUSDT 1h: 当前价格=2765.55, EMA25=2758.05, EMA60=2693.26, EMA120=2634.17, 趋势=上涨趋势
[2025-06-11 20:24:09] ETHUSDT 4h: 当前价格=2765.76, EMA25=2661.95, EMA60=2605.71, EMA120=2558.06, 趋势=上涨趋势
[2025-06-11 20:24:10] ETHUSDT 1d: 当前价格=2765.55, EMA25=2542.30, EMA60=2363.40, EMA120=2360.75, 趋势=上涨趋势
==============================

===== 趋势分析结果 (2025-06-11 20:39:11) =====
[2025-06-11 20:39:08] BTCUSDT 15m: 当前价格=109499.90, EMA25=109364.77, EMA60=109428.02, EMA120=109270.71, 趋势=震荡行情
[2025-06-11 20:39:08] BTCUSDT 1h: 当前价格=109499.90, EMA25=109353.59, EMA60=108589.90, EMA120=107477.07, 趋势=上涨趋势
[2025-06-11 20:39:08] BTCUSDT 4h: 当前价格=109499.90, EMA25=107956.11, EMA60=106746.91, EMA120=105930.29, 趋势=上涨趋势
[2025-06-11 20:39:09] BTCUSDT 1d: 当前价格=109499.90, EMA25=105682.88, EMA60=101098.37, EMA120=96628.88, 趋势=上涨趋势
[2025-06-11 20:39:09] ETHUSDT 15m: 当前价格=2797.41, EMA25=2776.32, EMA60=2774.53, EMA120=2748.76, 趋势=上涨趋势
[2025-06-11 20:39:10] ETHUSDT 1h: 当前价格=2797.95, EMA25=2760.54, EMA60=2694.33, EMA120=2634.71, 趋势=上涨趋势
[2025-06-11 20:39:10] ETHUSDT 4h: 当前价格=2798.13, EMA25=2664.44, EMA60=2606.77, EMA120=2558.60, 趋势=上涨趋势
[2025-06-11 20:39:11] ETHUSDT 1d: 当前价格=2795.82, EMA25=2544.62, EMA60=2364.40, EMA120=2361.25, 趋势=上涨趋势
==============================

===== 趋势分析结果 (2025-06-11 20:45:15) =====
[2025-06-11 20:45:12] BTCUSDT 15m: 当前价格=109769.20, EMA25=109414.99, EMA60=109447.74, EMA120=109283.32, 趋势=震荡行情
[2025-06-11 20:45:13] BTCUSDT 1h: 当前价格=109775.00, EMA25=109374.75, EMA60=108598.92, EMA120=107481.61, 趋势=上涨趋势
[2025-06-11 20:45:13] BTCUSDT 4h: 当前价格=109754.40, EMA25=107975.68, EMA60=106755.25, EMA120=105934.49, 趋势=上涨趋势
[2025-06-11 20:45:13] BTCUSDT 1d: 当前价格=109754.40, EMA25=105702.45, EMA60=101106.71, EMA120=96633.09, 趋势=上涨趋势
[2025-06-11 20:45:14] ETHUSDT 15m: 当前价格=2811.77, EMA25=2780.17, EMA60=2776.26, EMA120=2750.06, 趋势=上涨趋势
[2025-06-11 20:45:14] ETHUSDT 1h: 当前价格=2812.14, EMA25=2761.63, EMA60=2694.79, EMA120=2634.94, 趋势=上涨趋势
[2025-06-11 20:45:15] ETHUSDT 4h: 当前价格=2811.24, EMA25=2665.45, EMA60=2607.20, EMA120=2558.82, 趋势=上涨趋势
[2025-06-11 20:45:15] ETHUSDT 1d: 当前价格=2811.34, EMA25=2545.82, EMA60=2364.90, EMA120=2361.51, 趋势=上涨趋势
==============================

===== 趋势分析结果 (2025-06-11 21:00:20) =====
[2025-06-11 21:00:16] BTCUSDT 15m: 当前价格=109699.20, EMA25=109429.35, EMA60=109452.63, EMA120=109288.49, 趋势=震荡行情
[2025-06-11 21:00:17] BTCUSDT 1h: 当前价格=109699.30, EMA25=109391.80, EMA60=108631.46, EMA120=107516.50, 趋势=上涨趋势
[2025-06-11 21:00:17] BTCUSDT 4h: 当前价格=109699.20, EMA25=107971.44, EMA60=106753.45, EMA120=105933.58, 趋势=上涨趋势
[2025-06-11 21:00:18] BTCUSDT 1d: 当前价格=109699.20, EMA25=105698.21, EMA60=101104.90, EMA120=96632.18, 趋势=上涨趋势
[2025-06-11 21:00:19] ETHUSDT 15m: 当前价格=2805.99, EMA25=2781.63, EMA60=2776.99, EMA120=2750.86, 趋势=上涨趋势
[2025-06-11 21:00:19] ETHUSDT 1h: 当前价格=2805.77, EMA25=2764.47, EMA60=2698.18, EMA120=2637.64, 趋势=上涨趋势
[2025-06-11 21:00:19] ETHUSDT 4h: 当前价格=2805.61, EMA25=2665.01, EMA60=2607.02, EMA120=2558.72, 趋势=上涨趋势
[2025-06-11 21:00:20] ETHUSDT 1d: 当前价格=2805.77, EMA25=2545.39, EMA60=2364.72, EMA120=2361.41, 趋势=上涨趋势
==============================

===== 趋势分析结果 (2025-06-11 21:15:17) =====
[2025-06-11 21:15:15] BTCUSDT 15m: 当前价格=109609.70, EMA25=109434.05, EMA60=109453.68, EMA120=109291.70, 趋势=震荡行情
[2025-06-11 21:15:16] BTCUSDT 1h: 当前价格=109609.70, EMA25=109384.91, EMA60=108628.52, EMA120=107515.01, 趋势=上涨趋势
[2025-06-11 21:15:16] BTCUSDT 4h: 当前价格=109609.80, EMA25=107964.56, EMA60=106750.51, EMA120=105932.10, 趋势=上涨趋势
[2025-06-11 21:15:16] BTCUSDT 1d: 当前价格=109609.70, EMA25=105691.32, EMA60=101101.97, EMA120=96630.70, 趋势=上涨趋势
[2025-06-11 21:15:16] ETHUSDT 15m: 当前价格=2808.69, EMA25=2783.80, EMA60=2778.07, EMA120=2751.84, 趋势=上涨趋势
[2025-06-11 21:15:17] ETHUSDT 1h: 当前价格=2808.88, EMA25=2764.71, EMA60=2698.28, EMA120=2637.69, 趋势=上涨趋势
[2025-06-11 21:15:17] ETHUSDT 4h: 当前价格=2808.88, EMA25=2665.27, EMA60=2607.12, EMA120=2558.78, 趋势=上涨趋势
[2025-06-11 21:15:17] ETHUSDT 1d: 当前价格=2808.88, EMA25=2545.63, EMA60=2364.82, EMA120=2361.47, 趋势=上涨趋势
==============================

===== 趋势分析结果 (2025-06-11 21:30:15) =====
[2025-06-11 21:30:13] BTCUSDT 15m: 当前价格=109735.20, EMA25=109467.18, EMA60=109467.36, EMA120=109301.31, 趋势=震荡行情
[2025-06-11 21:30:14] BTCUSDT 1h: 当前价格=109735.30, EMA25=109394.57, EMA60=108632.64, EMA120=107517.09, 趋势=上涨趋势
[2025-06-11 21:30:14] BTCUSDT 4h: 当前价格=109748.50, EMA25=107975.23, EMA60=106755.06, EMA120=105934.40, 趋势=上涨趋势
[2025-06-11 21:30:14] BTCUSDT 1d: 当前价格=109748.50, EMA25=105702.00, EMA60=101106.52, EMA120=96632.99, 趋势=上涨趋势
[2025-06-11 21:30:14] ETHUSDT 15m: 当前价格=2814.27, EMA25=2786.66, EMA60=2779.49, EMA120=2752.99, 趋势=上涨趋势
[2025-06-11 21:30:15] ETHUSDT 1h: 当前价格=2814.99, EMA25=2765.18, EMA60=2698.48, EMA120=2637.79, 趋势=上涨趋势
[2025-06-11 21:30:15] ETHUSDT 4h: 当前价格=2814.27, EMA25=2665.68, EMA60=2607.30, EMA120=2558.87, 趋势=上涨趋势
[2025-06-11 21:30:15] ETHUSDT 1d: 当前价格=2814.27, EMA25=2546.04, EMA60=2365.00, EMA120=2361.55, 趋势=上涨趋势
==============================

===== 趋势分析结果 (2025-06-11 21:45:16) =====
[2025-06-11 21:45:13] BTCUSDT 15m: 当前价格=109636.00, EMA25=109473.56, EMA60=109469.94, EMA120=109305.34, 趋势=上涨趋势
[2025-06-11 21:45:14] BTCUSDT 1h: 当前价格=109651.70, EMA25=109388.14, EMA60=108629.90, EMA120=107515.71, 趋势=上涨趋势
[2025-06-11 21:45:14] BTCUSDT 4h: 当前价格=109636.00, EMA25=107966.58, EMA60=106751.37, EMA120=105932.54, 趋势=上涨趋势
[2025-06-11 21:45:14] BTCUSDT 1d: 当前价格=109636.00, EMA25=105693.35, EMA60=101102.83, EMA120=96631.13, 趋势=上涨趋势
[2025-06-11 21:45:15] ETHUSDT 15m: 当前价格=2797.56, EMA25=2786.35, EMA60=2779.57, EMA120=2753.46, 趋势=上涨趋势
[2025-06-11 21:45:15] ETHUSDT 1h: 当前价格=2797.56, EMA25=2763.84, EMA60=2697.91, EMA120=2637.50, 趋势=上涨趋势
[2025-06-11 21:45:15] ETHUSDT 4h: 当前价格=2797.56, EMA25=2664.40, EMA60=2606.75, EMA120=2558.59, 趋势=上涨趋势
[2025-06-11 21:45:15] ETHUSDT 1d: 当前价格=2797.56, EMA25=2544.76, EMA60=2364.45, EMA120=2361.28, 趋势=上涨趋势
==============================

===== 趋势分析结果 (2025-06-11 22:00:15) =====
[2025-06-11 22:00:13] BTCUSDT 15m: 当前价格=109670.00, EMA25=109488.35, EMA60=109476.36, EMA120=109311.30, 趋势=上涨趋势
[2025-06-11 22:00:14] BTCUSDT 1h: 当前价格=109650.80, EMA25=109406.91, EMA60=108662.73, EMA120=107550.68, 趋势=上涨趋势
[2025-06-11 22:00:14] BTCUSDT 4h: 当前价格=109674.30, EMA25=107969.52, EMA60=106752.63, EMA120=105933.17, 趋势=上涨趋势
[2025-06-11 22:00:14] BTCUSDT 1d: 当前价格=109680.30, EMA25=105696.75, EMA60=101104.28, EMA120=96631.86, 趋势=上涨趋势
[2025-06-11 22:00:14] ETHUSDT 15m: 当前价格=2796.92, EMA25=2787.02, EMA60=2780.07, EMA120=2754.14, 趋势=上涨趋势
[2025-06-11 22:00:15] ETHUSDT 1h: 当前价格=2796.92, EMA25=2766.25, EMA60=2701.10, EMA120=2640.11, 趋势=上涨趋势
[2025-06-11 22:00:15] ETHUSDT 4h: 当前价格=2796.91, EMA25=2664.35, EMA60=2606.73, EMA120=2558.58, 趋势=上涨趋势
[2025-06-11 22:00:15] ETHUSDT 1d: 当前价格=2796.91, EMA25=2544.71, EMA60=2364.43, EMA120=2361.27, 趋势=上涨趋势
==============================

===== 趋势分析结果 (2025-06-11 22:15:15) =====
[2025-06-11 22:15:13] BTCUSDT 15m: 当前价格=109961.00, EMA25=109544.46, EMA60=109501.07, EMA120=109326.56, 趋势=上涨趋势
[2025-06-11 22:15:14] BTCUSDT 1h: 当前价格=109962.40, EMA25=109430.88, EMA60=108672.95, EMA120=107555.83, 趋势=上涨趋势
[2025-06-11 22:15:14] BTCUSDT 4h: 当前价格=109961.00, EMA25=107991.58, EMA60=106762.03, EMA120=105937.91, 趋势=上涨趋势
[2025-06-11 22:15:14] BTCUSDT 1d: 当前价格=109961.00, EMA25=105718.35, EMA60=101113.49, EMA120=96636.50, 趋势=上涨趋势
[2025-06-11 22:15:14] ETHUSDT 15m: 当前价格=2809.33, EMA25=2789.66, EMA60=2781.45, EMA120=2755.27, 趋势=上涨趋势
[2025-06-11 22:15:15] ETHUSDT 1h: 当前价格=2809.33, EMA25=2767.20, EMA60=2701.50, EMA120=2640.31, 趋势=上涨趋势
[2025-06-11 22:15:15] ETHUSDT 4h: 当前价格=2810.52, EMA25=2665.39, EMA60=2607.18, EMA120=2558.80, 趋势=上涨趋势
[2025-06-11 22:15:15] ETHUSDT 1d: 当前价格=2809.33, EMA25=2545.66, EMA60=2364.84, EMA120=2361.47, 趋势=上涨趋势
==============================

===== 趋势分析结果 (2025-06-11 22:30:16) =====
[2025-06-11 22:30:13] BTCUSDT 15m: 当前价格=110142.10, EMA25=109606.77, EMA60=109529.38, EMA120=109343.78, 趋势=上涨趋势
[2025-06-11 22:30:14] BTCUSDT 1h: 当前价格=110162.70, EMA25=109446.29, EMA60=108679.52, EMA120=107559.14, 趋势=上涨趋势
[2025-06-11 22:30:14] BTCUSDT 4h: 当前价格=110162.70, EMA25=108007.09, EMA60=106768.64, EMA120=105941.24, 趋势=上涨趋势
[2025-06-11 22:30:14] BTCUSDT 1d: 当前价格=110142.10, EMA25=105732.28, EMA60=101119.42, EMA120=96639.50, 趋势=上涨趋势
[2025-06-11 22:30:15] ETHUSDT 15m: 当前价格=2841.10, EMA25=2795.96, EMA60=2784.45, EMA120=2757.22, 趋势=上涨趋势
[2025-06-11 22:30:16] ETHUSDT 1h: 当前价格=2840.77, EMA25=2769.62, EMA60=2702.53, EMA120=2640.83, 趋势=上涨趋势
[2025-06-11 22:30:16] ETHUSDT 4h: 当前价格=2840.77, EMA25=2667.72, EMA60=2608.17, EMA120=2559.30, 趋势=上涨趋势
[2025-06-11 22:30:16] ETHUSDT 1d: 当前价格=2841.13, EMA25=2548.11, EMA60=2365.88, EMA120=2362.00, 趋势=上涨趋势
==============================

===== 趋势分析结果 (2025-06-11 22:45:15) =====
[2025-06-11 22:45:13] BTCUSDT 15m: 当前价格=109956.50, EMA25=109622.83, EMA60=109538.55, EMA120=109351.43, 趋势=上涨趋势
[2025-06-11 22:45:14] BTCUSDT 1h: 当前价格=109952.90, EMA25=109430.15, EMA60=108672.64, EMA120=107555.68, 趋势=上涨趋势
[2025-06-11 22:45:14] BTCUSDT 4h: 当前价格=109952.90, EMA25=107990.95, EMA60=106761.76, EMA120=105937.77, 趋势=上涨趋势
[2025-06-11 22:45:14] BTCUSDT 1d: 当前价格=109967.60, EMA25=105718.85, EMA60=101113.70, EMA120=96636.61, 趋势=上涨趋势
[2025-06-11 22:45:14] ETHUSDT 15m: 当前价格=2843.54, EMA25=2800.02, EMA60=2786.56, EMA120=2758.74, 趋势=上涨趋势
[2025-06-11 22:45:15] ETHUSDT 1h: 当前价格=2843.54, EMA25=2769.83, EMA60=2702.62, EMA120=2640.88, 趋势=上涨趋势
[2025-06-11 22:45:15] ETHUSDT 4h: 当前价格=2843.54, EMA25=2667.93, EMA60=2608.26, EMA120=2559.35, 趋势=上涨趋势
[2025-06-11 22:45:15] ETHUSDT 1d: 当前价格=2843.54, EMA25=2548.30, EMA60=2365.96, EMA120=2362.04, 趋势=上涨趋势
==============================

===== 趋势分析结果 (2025-06-11 23:00:15) =====
[2025-06-11 23:00:13] BTCUSDT 15m: 当前价格=109840.00, EMA25=109630.64, EMA60=109544.46, EMA120=109357.47, 趋势=上涨趋势
[2025-06-11 23:00:14] BTCUSDT 1h: 当前价格=109839.90, EMA25=109453.03, EMA60=108707.05, EMA120=107591.47, 趋势=上涨趋势
[2025-06-11 23:00:14] BTCUSDT 4h: 当前价格=109839.90, EMA25=107982.26, EMA60=106758.06, EMA120=105935.91, 趋势=上涨趋势
[2025-06-11 23:00:14] BTCUSDT 1d: 当前价格=109834.90, EMA25=105708.65, EMA60=101109.35, EMA120=96634.42, 趋势=上涨趋势
[2025-06-11 23:00:15] ETHUSDT 15m: 当前价格=2839.21, EMA25=2802.76, EMA60=2788.17, EMA120=2760.01, 趋势=上涨趋势
[2025-06-11 23:00:15] ETHUSDT 1h: 当前价格=2839.08, EMA25=2774.89, EMA60=2706.98, EMA120=2644.09, 趋势=上涨趋势
[2025-06-11 23:00:15] ETHUSDT 4h: 当前价格=2839.08, EMA25=2667.59, EMA60=2608.11, EMA120=2559.28, 趋势=上涨趋势
[2025-06-11 23:00:15] ETHUSDT 1d: 当前价格=2839.21, EMA25=2547.96, EMA60=2365.82, EMA120=2361.97, 趋势=上涨趋势
==============================

===== 趋势分析结果 (2025-06-11 23:15:16) =====
[2025-06-11 23:15:14] BTCUSDT 15m: 当前价格=109691.80, EMA25=109621.59, EMA60=109543.15, EMA120=109359.85, 趋势=上涨趋势
[2025-06-11 23:15:15] BTCUSDT 1h: 当前价格=109642.20, EMA25=109437.82, EMA60=108700.57, EMA120=107588.20, 趋势=上涨趋势
[2025-06-11 23:15:15] BTCUSDT 4h: 当前价格=109695.30, EMA25=107971.14, EMA60=106753.32, EMA120=105933.52, 趋势=上涨趋势
[2025-06-11 23:15:15] BTCUSDT 1d: 当前价格=109691.80, EMA25=105697.64, EMA60=101104.66, EMA120=96632.05, 趋势=上涨趋势
[2025-06-11 23:15:15] ETHUSDT 15m: 当前价格=2829.09, EMA25=2804.18, EMA60=2789.24, EMA120=2761.01, 趋势=上涨趋势
[2025-06-11 23:15:16] ETHUSDT 1h: 当前价格=2832.85, EMA25=2774.41, EMA60=2706.77, EMA120=2643.99, 趋势=上涨趋势
[2025-06-11 23:15:16] ETHUSDT 4h: 当前价格=2829.76, EMA25=2666.87, EMA60=2607.81, EMA120=2559.12, 趋势=上涨趋势
[2025-06-11 23:15:16] ETHUSDT 1d: 当前价格=2833.00, EMA25=2547.48, EMA60=2365.61, EMA120=2361.86, 趋势=上涨趋势
==============================

===== 趋势分析结果 (2025-06-11 23:30:16) =====
[2025-06-11 23:30:13] BTCUSDT 15m: 当前价格=109739.60, EMA25=109632.88, EMA60=109550.58, EMA120=109366.64, 趋势=上涨趋势
[2025-06-11 23:30:14] BTCUSDT 1h: 当前价格=109749.40, EMA25=109446.07, EMA60=108704.08, EMA120=107589.97, 趋势=上涨趋势
[2025-06-11 23:30:14] BTCUSDT 4h: 当前价格=109749.40, EMA25=107975.30, EMA60=106755.09, EMA120=105934.41, 趋势=上涨趋势
[2025-06-11 23:30:14] BTCUSDT 1d: 当前价格=109749.40, EMA25=105702.07, EMA60=101106.55, EMA120=96633.01, 趋势=上涨趋势
[2025-06-11 23:30:14] ETHUSDT 15m: 当前价格=2851.68, EMA25=2809.32, EMA60=2791.95, EMA120=2762.85, 趋势=上涨趋势
[2025-06-11 23:30:16] ETHUSDT 1h: 当前价格=2852.78, EMA25=2775.94, EMA60=2707.43, EMA120=2644.32, 趋势=上涨趋势
[2025-06-11 23:30:16] ETHUSDT 4h: 当前价格=2851.99, EMA25=2668.58, EMA60=2608.54, EMA120=2559.49, 趋势=上涨趋势
[2025-06-11 23:30:16] ETHUSDT 1d: 当前价格=2852.60, EMA25=2548.99, EMA60=2366.26, EMA120=2362.19, 趋势=上涨趋势
==============================

===== 趋势分析结果 (2025-06-11 23:45:16) =====
[2025-06-11 23:45:13] BTCUSDT 15m: 当前价格=109733.70, EMA25=109637.15, EMA60=109555.02, EMA120=109371.91, 趋势=上涨趋势
[2025-06-11 23:45:14] BTCUSDT 1h: 当前价格=109733.60, EMA25=109444.85, EMA60=108703.56, EMA120=107589.71, 趋势=上涨趋势
[2025-06-11 23:45:14] BTCUSDT 4h: 当前价格=109733.60, EMA25=107974.08, EMA60=106754.57, EMA120=105934.15, 趋势=上涨趋势
[2025-06-11 23:45:15] BTCUSDT 1d: 当前价格=109733.60, EMA25=105700.85, EMA60=101106.03, EMA120=96632.75, 趋势=上涨趋势
[2025-06-11 23:45:15] ETHUSDT 15m: 当前价格=2870.00, EMA25=2814.97, EMA60=2794.95, EMA120=2764.85, 趋势=上涨趋势
[2025-06-11 23:45:16] ETHUSDT 1h: 当前价格=2869.56, EMA25=2777.23, EMA60=2707.98, EMA120=2644.60, 趋势=上涨趋势
[2025-06-11 23:45:16] ETHUSDT 4h: 当前价格=2869.57, EMA25=2669.93, EMA60=2609.11, EMA120=2559.78, 趋势=上涨趋势
[2025-06-11 23:45:16] ETHUSDT 1d: 当前价格=2869.56, EMA25=2550.30, EMA60=2366.81, EMA120=2362.47, 趋势=上涨趋势
==============================

