===== 趋势分析结果 (2025-07-21 00:02:34) =====
[2025-07-21 00:02:34] BTCUSDT 15m: 当前价格=118793.70, EMA25=118319.80, EMA50=118160.01, 趋势=禁空
[2025-07-21 00:02:34] BTCUSDT 1h: 当前价格=118794.40, EMA25=118129.75, EMA50=118170.22, 趋势=禁空
==============================

===== 趋势分析结果 (2025-07-21 00:17:34) =====
[2025-07-21 00:17:34] BTCUSDT 15m: 当前价格=118568.80, EMA25=118325.28, EMA50=118168.79, 趋势=禁空
[2025-07-21 00:17:34] BTCUSDT 1h: 当前价格=118568.80, EMA25=118112.39, EMA50=118161.37, 趋势=禁空
==============================

===== 趋势分析结果 (2025-07-21 00:32:34) =====
[2025-07-21 00:32:34] BTCUSDT 15m: 当前价格=118643.30, EMA25=118355.17, EMA50=118190.28, 趋势=禁空
[2025-07-21 00:32:34] BTCUSDT 1h: 当前价格=118643.30, EMA25=118118.12, EMA50=118164.29, 趋势=禁空
==============================

===== 趋势分析结果 (2025-07-21 00:47:35) =====
[2025-07-21 00:47:34] BTCUSDT 15m: 当前价格=118642.40, EMA25=118383.02, EMA50=118211.06, 趋势=禁空
[2025-07-21 00:47:35] BTCUSDT 1h: 当前价格=118642.40, EMA25=118118.05, EMA50=118164.26, 趋势=禁空
==============================

===== 趋势分析结果 (2025-07-21 01:02:34) =====
[2025-07-21 01:02:34] BTCUSDT 15m: 当前价格=118290.20, EMA25=118368.88, EMA50=118210.45, 趋势=混沌
[2025-07-21 01:02:34] BTCUSDT 1h: 当前价格=118283.70, EMA25=118123.79, EMA50=118165.22, 趋势=禁空
==============================

===== 趋势分析结果 (2025-07-21 01:17:34) =====
[2025-07-21 01:17:34] BTCUSDT 15m: 当前价格=118306.60, EMA25=118366.23, EMA50=118215.36, 趋势=混沌
[2025-07-21 01:17:34] BTCUSDT 1h: 当前价格=118306.60, EMA25=118125.56, EMA50=118166.12, 趋势=禁空
==============================

===== 趋势分析结果 (2025-07-21 01:32:34) =====
[2025-07-21 01:32:34] BTCUSDT 15m: 当前价格=118360.10, EMA25=118366.73, EMA50=118221.55, 趋势=混沌
[2025-07-21 01:32:34] BTCUSDT 1h: 当前价格=118360.10, EMA25=118129.67, EMA50=118168.22, 趋势=禁空
==============================

===== 趋势分析结果 (2025-07-21 01:47:34) =====
[2025-07-21 01:47:34] BTCUSDT 15m: 当前价格=118134.60, EMA25=118338.19, EMA50=118212.47, 趋势=混沌
[2025-07-21 01:47:34] BTCUSDT 1h: 当前价格=118134.60, EMA25=118112.33, EMA50=118159.38, 趋势=禁空
==============================

===== 趋势分析结果 (2025-07-21 02:02:34) =====
[2025-07-21 02:02:34] BTCUSDT 15m: 当前价格=118160.10, EMA25=118315.18, EMA50=118205.48, 趋势=混沌
[2025-07-21 02:02:34] BTCUSDT 1h: 当前价格=118160.10, EMA25=118106.68, EMA50=118154.46, 趋势=禁空
==============================

===== 趋势分析结果 (2025-07-21 02:17:34) =====
[2025-07-21 02:17:34] BTCUSDT 15m: 当前价格=118108.00, EMA25=118300.54, EMA50=118202.34, 趋势=混沌
[2025-07-21 02:17:34] BTCUSDT 1h: 当前价格=118108.00, EMA25=118102.68, EMA50=118152.42, 趋势=禁空
==============================

===== 趋势分析结果 (2025-07-21 02:32:34) =====
[2025-07-21 02:32:34] BTCUSDT 15m: 当前价格=118120.30, EMA25=118291.86, EMA50=118201.88, 趋势=混沌
[2025-07-21 02:32:34] BTCUSDT 1h: 当前价格=118120.30, EMA25=118103.62, EMA50=118152.90, 趋势=禁空
==============================

===== 趋势分析结果 (2025-07-21 02:47:34) =====
[2025-07-21 02:47:34] BTCUSDT 15m: 当前价格=118331.60, EMA25=118301.29, EMA50=118210.34, 趋势=禁空
[2025-07-21 02:47:34] BTCUSDT 1h: 当前价格=118331.60, EMA25=118119.88, EMA50=118161.19, 趋势=禁空
==============================

===== 趋势分析结果 (2025-07-21 03:02:34) =====
[2025-07-21 03:02:34] BTCUSDT 15m: 当前价格=118353.90, EMA25=118305.16, EMA50=118215.88, 趋势=禁空
[2025-07-21 03:02:34] BTCUSDT 1h: 当前价格=118353.90, EMA25=118137.70, EMA50=118168.65, 趋势=禁空
==============================

===== 趋势分析结果 (2025-07-21 03:17:34) =====
[2025-07-21 03:17:34] BTCUSDT 15m: 当前价格=118467.20, EMA25=118327.57, EMA50=118231.01, 趋势=禁空
[2025-07-21 03:17:34] BTCUSDT 1h: 当前价格=118467.20, EMA25=118146.42, EMA50=118173.09, 趋势=禁空
==============================

===== 趋势分析结果 (2025-07-21 03:32:34) =====
[2025-07-21 03:32:34] BTCUSDT 15m: 当前价格=118461.60, EMA25=118342.11, EMA50=118242.30, 趋势=禁空
[2025-07-21 03:32:34] BTCUSDT 1h: 当前价格=118461.60, EMA25=118145.99, EMA50=118172.87, 趋势=禁空
==============================

===== 趋势分析结果 (2025-07-21 03:47:34) =====
[2025-07-21 03:47:34] BTCUSDT 15m: 当前价格=118363.00, EMA25=118334.29, EMA50=118242.03, 趋势=禁空
[2025-07-21 03:47:34] BTCUSDT 1h: 当前价格=118362.90, EMA25=118138.39, EMA50=118169.00, 趋势=禁空
==============================

===== 趋势分析结果 (2025-07-21 04:02:34) =====
[2025-07-21 04:02:34] BTCUSDT 15m: 当前价格=118009.70, EMA25=118292.86, EMA50=118224.19, 趋势=混沌
[2025-07-21 04:02:34] BTCUSDT 1h: 当前价格=118026.30, EMA25=118113.32, EMA50=118154.68, 趋势=禁多
==============================

===== 趋势分析结果 (2025-07-21 04:17:35) =====
[2025-07-21 04:17:34] BTCUSDT 15m: 当前价格=118153.70, EMA25=118283.73, EMA50=118222.25, 趋势=混沌
[2025-07-21 04:17:35] BTCUSDT 1h: 当前价格=118173.40, EMA25=118124.63, EMA50=118160.45, 趋势=禁空
==============================

===== 趋势分析结果 (2025-07-21 04:32:35) =====
[2025-07-21 04:32:34] BTCUSDT 15m: 当前价格=118098.50, EMA25=118262.65, EMA50=118213.78, 趋势=混沌
[2025-07-21 04:32:35] BTCUSDT 1h: 当前价格=118098.50, EMA25=118118.87, EMA50=118157.51, 趋势=禁多
==============================

===== 趋势分析结果 (2025-07-21 04:47:35) =====
[2025-07-21 04:47:34] BTCUSDT 15m: 当前价格=118204.60, EMA25=118262.11, EMA50=118215.50, 趋势=混沌
[2025-07-21 04:47:35] BTCUSDT 1h: 当前价格=118204.60, EMA25=118127.03, EMA50=118161.67, 趋势=禁空
==============================

===== 趋势分析结果 (2025-07-21 05:02:35) =====
[2025-07-21 05:02:34] BTCUSDT 15m: 当前价格=118000.00, EMA25=118231.85, EMA50=118201.69, 趋势=混沌
[2025-07-21 05:02:35] BTCUSDT 1h: 当前价格=118001.30, EMA25=118107.26, EMA50=118150.02, 趋势=禁多
==============================

===== 趋势分析结果 (2025-07-21 05:17:32) =====
[2025-07-21 05:17:31] BTCUSDT 15m: 当前价格=117900.00, EMA25=118205.92, EMA50=118189.65, 趋势=混沌
[2025-07-21 05:17:32] BTCUSDT 1h: 当前价格=117900.00, EMA25=118099.47, EMA50=118146.05, 趋势=禁多
==============================

===== 趋势分析结果 (2025-07-21 05:32:32) =====
[2025-07-21 05:32:31] BTCUSDT 15m: 当前价格=118077.00, EMA25=118207.79, EMA50=118191.48, 趋势=混沌
[2025-07-21 05:32:32] BTCUSDT 1h: 当前价格=118077.00, EMA25=118113.09, EMA50=118152.99, 趋势=禁多
==============================

===== 趋势分析结果 (2025-07-21 05:47:32) =====
[2025-07-21 05:47:31] BTCUSDT 15m: 当前价格=118013.90, EMA25=118186.61, EMA50=118181.20, 趋势=混沌
[2025-07-21 05:47:32] BTCUSDT 1h: 当前价格=118013.90, EMA25=118108.23, EMA50=118150.52, 趋势=禁多
==============================

===== 趋势分析结果 (2025-07-21 06:02:32) =====
[2025-07-21 06:02:31] BTCUSDT 15m: 当前价格=117790.80, EMA25=118153.96, EMA50=118164.72, 趋势=禁多
[2025-07-21 06:02:32] BTCUSDT 1h: 当前价格=117790.80, EMA25=118081.62, EMA50=118135.24, 趋势=禁多
==============================

===== 趋势分析结果 (2025-07-21 06:17:32) =====
[2025-07-21 06:17:31] BTCUSDT 15m: 当前价格=116563.90, EMA25=117966.63, EMA50=118067.44, 趋势=禁多
[2025-07-21 06:17:32] BTCUSDT 1h: 当前价格=116563.90, EMA25=117987.24, EMA50=118087.13, 趋势=禁多
==============================

===== 趋势分析结果 (2025-07-21 06:32:32) =====
[2025-07-21 06:32:31] BTCUSDT 15m: 当前价格=117174.30, EMA25=117952.98, EMA50=118057.51, 趋势=禁多
[2025-07-21 06:32:32] BTCUSDT 1h: 当前价格=117174.30, EMA25=118034.19, EMA50=118111.07, 趋势=禁多
==============================

===== 趋势分析结果 (2025-07-21 06:47:32) =====
[2025-07-21 06:47:32] BTCUSDT 15m: 当前价格=117380.00, EMA25=117936.98, EMA50=118045.84, 趋势=禁多
[2025-07-21 06:47:32] BTCUSDT 1h: 当前价格=117379.90, EMA25=118050.01, EMA50=118119.13, 趋势=禁多
==============================

===== 趋势分析结果 (2025-07-21 07:02:32) =====
[2025-07-21 07:02:31] BTCUSDT 15m: 当前价格=117340.50, EMA25=117895.26, EMA50=118020.39, 趋势=禁多
[2025-07-21 07:02:32] BTCUSDT 1h: 当前价格=117340.40, EMA25=117999.59, EMA50=118090.80, 趋势=禁多
==============================

===== 趋势分析结果 (2025-07-21 07:17:32) =====
[2025-07-21 07:17:31] BTCUSDT 15m: 当前价格=117341.30, EMA25=117852.25, EMA50=117993.55, 趋势=禁多
[2025-07-21 07:17:32] BTCUSDT 1h: 当前价格=117341.30, EMA25=117999.66, EMA50=118090.84, 趋势=禁多
==============================

===== 趋势分析结果 (2025-07-21 07:32:32) =====
[2025-07-21 07:32:31] BTCUSDT 15m: 当前价格=117284.20, EMA25=117797.33, EMA50=117959.77, 趋势=禁多
[2025-07-21 07:32:32] BTCUSDT 1h: 当前价格=117282.30, EMA25=117995.12, EMA50=118088.52, 趋势=禁多
==============================

===== 趋势分析结果 (2025-07-21 07:47:32) =====
[2025-07-21 07:47:31] BTCUSDT 15m: 当前价格=117234.40, EMA25=117747.84, EMA50=117928.05, 趋势=禁多
[2025-07-21 07:47:32] BTCUSDT 1h: 当前价格=117234.40, EMA25=117991.44, EMA50=118086.65, 趋势=禁多
==============================

===== 趋势分析结果 (2025-07-21 08:02:32) =====
[2025-07-21 08:02:31] BTCUSDT 15m: 当前价格=117132.20, EMA25=117699.18, EMA50=117896.14, 趋势=禁多
[2025-07-21 08:02:32] BTCUSDT 1h: 当前价格=117132.10, EMA25=117924.03, EMA50=118048.52, 趋势=禁多
==============================

===== 趋势分析结果 (2025-07-21 08:17:32) =====
[2025-07-21 08:17:31] BTCUSDT 15m: 当前价格=116849.30, EMA25=117611.57, EMA50=117843.29, 趋势=禁多
[2025-07-21 08:17:32] BTCUSDT 1h: 当前价格=116849.30, EMA25=117902.27, EMA50=118037.43, 趋势=禁多
==============================

===== 趋势分析结果 (2025-07-21 08:32:32) =====
[2025-07-21 08:32:31] BTCUSDT 15m: 当前价格=116958.20, EMA25=117562.76, EMA50=117809.35, 趋势=禁多
[2025-07-21 08:32:32] BTCUSDT 1h: 当前价格=116954.60, EMA25=117910.37, EMA50=118041.56, 趋势=禁多
==============================

===== 趋势分析结果 (2025-07-21 08:47:32) =====
[2025-07-21 08:47:31] BTCUSDT 15m: 当前价格=116903.70, EMA25=117513.52, EMA50=117774.61, 趋势=禁多
[2025-07-21 08:47:32] BTCUSDT 1h: 当前价格=116903.60, EMA25=117906.45, EMA50=118039.56, 趋势=禁多
==============================

===== 趋势分析结果 (2025-07-21 09:02:32) =====
[2025-07-21 09:02:31] BTCUSDT 15m: 当前价格=117294.60, EMA25=117526.50, EMA50=117771.61, 趋势=禁多
[2025-07-21 09:02:32] BTCUSDT 1h: 当前价格=117294.70, EMA25=117889.21, EMA50=118026.17, 趋势=禁多
==============================

===== 趋势分析结果 (2025-07-21 09:17:32) =====
[2025-07-21 09:17:31] BTCUSDT 15m: 当前价格=117206.00, EMA25=117489.81, EMA50=117743.04, 趋势=禁多
[2025-07-21 09:17:32] BTCUSDT 1h: 当前价格=117206.00, EMA25=117882.39, EMA50=118022.69, 趋势=禁多
==============================

===== 趋势分析结果 (2025-07-21 09:32:32) =====
[2025-07-21 09:32:31] BTCUSDT 15m: 当前价格=117142.10, EMA25=117454.88, EMA50=117715.13, 趋势=禁多
[2025-07-21 09:32:32] BTCUSDT 1h: 当前价格=117142.10, EMA25=117877.48, EMA50=118020.19, 趋势=禁多
==============================

===== 趋势分析结果 (2025-07-21 09:47:32) =====
[2025-07-21 09:47:31] BTCUSDT 15m: 当前价格=116943.80, EMA25=117400.00, EMA50=117676.63, 趋势=禁多
[2025-07-21 09:47:32] BTCUSDT 1h: 当前价格=116943.80, EMA25=117862.22, EMA50=118012.41, 趋势=禁多
==============================

===== 趋势分析结果 (2025-07-21 10:02:32) =====
[2025-07-21 10:02:31] BTCUSDT 15m: 当前价格=117386.60, EMA25=117421.63, EMA50=117677.28, 趋势=禁多
[2025-07-21 10:02:32] BTCUSDT 1h: 当前价格=117386.60, EMA25=117848.29, EMA50=117999.89, 趋势=禁多
==============================

===== 趋势分析结果 (2025-07-21 10:17:32) =====
[2025-07-21 10:17:31] BTCUSDT 15m: 当前价格=117726.30, EMA25=117480.11, EMA50=117697.79, 趋势=混沌
[2025-07-21 10:17:32] BTCUSDT 1h: 当前价格=117726.30, EMA25=117874.43, EMA50=118013.21, 趋势=禁多
==============================

===== 趋势分析结果 (2025-07-21 10:32:32) =====
[2025-07-21 10:32:31] BTCUSDT 15m: 当前价格=117879.00, EMA25=117530.23, EMA50=117715.21, 趋势=混沌
[2025-07-21 10:32:32] BTCUSDT 1h: 当前价格=117879.00, EMA25=117886.17, EMA50=118019.20, 趋势=禁多
==============================

===== 趋势分析结果 (2025-07-21 10:47:32) =====
[2025-07-21 10:47:31] BTCUSDT 15m: 当前价格=117779.70, EMA25=117545.22, EMA50=117715.51, 趋势=混沌
[2025-07-21 10:47:32] BTCUSDT 1h: 当前价格=117779.70, EMA25=117878.53, EMA50=118015.31, 趋势=禁多
==============================

===== 趋势分析结果 (2025-07-21 11:02:32) =====
[2025-07-21 11:02:31] BTCUSDT 15m: 当前价格=118219.00, EMA25=117623.77, EMA50=117749.44, 趋势=混沌
[2025-07-21 11:02:32] BTCUSDT 1h: 当前价格=118225.90, EMA25=117931.97, EMA50=118037.75, 趋势=禁空
==============================

===== 趋势分析结果 (2025-07-21 11:17:32) =====
[2025-07-21 11:17:31] BTCUSDT 15m: 当前价格=118454.40, EMA25=117700.51, EMA50=117783.90, 趋势=混沌
[2025-07-21 11:17:32] BTCUSDT 1h: 当前价格=118454.40, EMA25=117949.55, EMA50=118046.71, 趋势=禁空
==============================

===== 趋势分析结果 (2025-07-21 11:32:32) =====
[2025-07-21 11:32:31] BTCUSDT 15m: 当前价格=118535.10, EMA25=117765.14, EMA50=117813.59, 趋势=混沌
[2025-07-21 11:32:32] BTCUSDT 1h: 当前价格=118535.10, EMA25=117955.76, EMA50=118049.87, 趋势=禁空
==============================

===== 趋势分析结果 (2025-07-21 11:47:32) =====
[2025-07-21 11:47:31] BTCUSDT 15m: 当前价格=118332.90, EMA25=117798.70, EMA50=117828.58, 趋势=混沌
[2025-07-21 11:47:32] BTCUSDT 1h: 当前价格=118332.90, EMA25=117940.20, EMA50=118041.94, 趋势=禁空
==============================

===== 趋势分析结果 (2025-07-21 12:02:32) =====
[2025-07-21 12:02:31] BTCUSDT 15m: 当前价格=118303.60, EMA25=117840.51, EMA50=117848.79, 趋势=混沌
[2025-07-21 12:02:32] BTCUSDT 1h: 当前价格=118305.80, EMA25=117971.30, EMA50=118053.87, 趋势=禁空
==============================

===== 趋势分析结果 (2025-07-21 12:17:32) =====
[2025-07-21 12:17:31] BTCUSDT 15m: 当前价格=118264.40, EMA25=117875.64, EMA50=117866.42, 趋势=禁空
[2025-07-21 12:17:32] BTCUSDT 1h: 当前价格=118246.00, EMA25=117966.70, EMA50=118051.52, 趋势=禁空
==============================

===== 趋势分析结果 (2025-07-21 12:32:44) =====
[2025-07-21 12:32:31] BTCUSDT 15m: 当前价格=118478.40, EMA25=117932.52, EMA50=117896.00, 趋势=禁空
[2025-07-21 12:32:44] BTCUSDT 1h: 当前价格=118488.80, EMA25=117985.38, EMA50=118061.04, 趋势=禁空
==============================

===== 趋势分析结果 (2025-07-21 12:47:32) =====
[2025-07-21 12:47:31] BTCUSDT 15m: 当前价格=118507.90, EMA25=117980.74, EMA50=117922.10, 趋势=禁空
[2025-07-21 12:47:32] BTCUSDT 1h: 当前价格=118507.90, EMA25=117986.85, EMA50=118061.79, 趋势=禁空
==============================

===== 趋势分析结果 (2025-07-21 13:02:32) =====
[2025-07-21 13:02:31] BTCUSDT 15m: 当前价格=118307.00, EMA25=117991.55, EMA50=117929.62, 趋势=禁空
[2025-07-21 13:02:32] BTCUSDT 1h: 当前价格=118307.00, EMA25=117997.19, EMA50=118063.83, 趋势=禁空
==============================

===== 趋势分析结果 (2025-07-21 13:17:32) =====
[2025-07-21 13:17:31] BTCUSDT 15m: 当前价格=118256.70, EMA25=118013.94, EMA50=117943.50, 趋势=禁空
[2025-07-21 13:17:32] BTCUSDT 1h: 当前价格=118253.70, EMA25=117993.09, EMA50=118061.74, 趋势=禁空
==============================

===== 趋势分析结果 (2025-07-21 13:32:32) =====
[2025-07-21 13:32:31] BTCUSDT 15m: 当前价格=118253.60, EMA25=118026.91, EMA50=117952.76, 趋势=禁空
[2025-07-21 13:32:32] BTCUSDT 1h: 当前价格=118253.60, EMA25=117993.08, EMA50=118061.73, 趋势=禁空
==============================

===== 趋势分析结果 (2025-07-21 13:47:32) =====
[2025-07-21 13:47:31] BTCUSDT 15m: 当前价格=118272.80, EMA25=118048.12, EMA50=117966.53, 趋势=禁空
[2025-07-21 13:47:32] BTCUSDT 1h: 当前价格=118272.80, EMA25=117994.56, EMA50=118062.49, 趋势=禁空
==============================

===== 趋势分析结果 (2025-07-21 14:02:32) =====
[2025-07-21 14:02:31] BTCUSDT 15m: 当前价格=118338.00, EMA25=118079.30, EMA50=117985.81, 趋势=禁空
[2025-07-21 14:02:32] BTCUSDT 1h: 当前价格=118341.50, EMA25=118030.13, EMA50=118078.14, 趋势=禁空
==============================

===== 趋势分析结果 (2025-07-21 14:17:32) =====
[2025-07-21 14:17:31] BTCUSDT 15m: 当前价格=118376.50, EMA25=118102.11, EMA50=118001.10, 趋势=禁空
[2025-07-21 14:17:32] BTCUSDT 1h: 当前价格=118377.90, EMA25=118032.93, EMA50=118079.57, 趋势=禁空
==============================

===== 趋势分析结果 (2025-07-21 14:32:32) =====
[2025-07-21 14:32:31] BTCUSDT 15m: 当前价格=118997.40, EMA25=118203.27, EMA50=118057.31, 趋势=禁空
[2025-07-21 14:32:32] BTCUSDT 1h: 当前价格=118997.40, EMA25=118080.58, EMA50=118103.86, 趋势=禁空
==============================

===== 趋势分析结果 (2025-07-21 14:47:32) =====
[2025-07-21 14:47:31] BTCUSDT 15m: 当前价格=118988.00, EMA25=118260.91, EMA50=118092.36, 趋势=禁空
[2025-07-21 14:47:32] BTCUSDT 1h: 当前价格=118988.00, EMA25=118079.86, EMA50=118103.50, 趋势=禁空
==============================

===== 趋势分析结果 (2025-07-21 15:02:32) =====
[2025-07-21 15:02:31] BTCUSDT 15m: 当前价格=119148.10, EMA25=118341.27, EMA50=118140.19, 趋势=禁空
[2025-07-21 15:02:32] BTCUSDT 1h: 当前价格=119157.20, EMA25=118174.85, EMA50=118151.24, 趋势=禁空
==============================

===== 趋势分析结果 (2025-07-21 15:17:32) =====
[2025-07-21 15:17:31] BTCUSDT 15m: 当前价格=119342.00, EMA25=118432.58, EMA50=118194.92, 趋势=禁空
[2025-07-21 15:17:32] BTCUSDT 1h: 当前价格=119342.00, EMA25=118189.06, EMA50=118158.49, 趋势=禁空
==============================

===== 趋势分析结果 (2025-07-21 15:32:32) =====
[2025-07-21 15:32:31] BTCUSDT 15m: 当前价格=119356.00, EMA25=118522.34, EMA50=118250.39, 趋势=禁空
[2025-07-21 15:32:32] BTCUSDT 1h: 当前价格=119384.50, EMA25=118192.33, EMA50=118160.16, 趋势=禁空
==============================

===== 趋势分析结果 (2025-07-21 15:47:32) =====
[2025-07-21 15:47:31] BTCUSDT 15m: 当前价格=119305.00, EMA25=118576.20, EMA50=118288.38, 趋势=禁空
[2025-07-21 15:47:32] BTCUSDT 1h: 当前价格=119298.40, EMA25=118185.71, EMA50=118156.78, 趋势=禁空
==============================

===== 趋势分析结果 (2025-07-21 16:02:32) =====
[2025-07-21 16:02:31] BTCUSDT 15m: 当前价格=119360.00, EMA25=118639.84, EMA50=118332.19, 趋势=禁空
[2025-07-21 16:02:32] BTCUSDT 1h: 当前价格=119360.00, EMA25=118279.86, EMA50=118205.99, 趋势=禁空
==============================

===== 趋势分析结果 (2025-07-21 16:17:32) =====
[2025-07-21 16:17:31] BTCUSDT 15m: 当前价格=119304.70, EMA25=118691.15, EMA50=118370.41, 趋势=禁空
[2025-07-21 16:17:32] BTCUSDT 1h: 当前价格=119304.80, EMA25=118275.61, EMA50=118203.83, 趋势=禁空
==============================

===== 趋势分析结果 (2025-07-21 16:32:32) =====
[2025-07-21 16:32:31] BTCUSDT 15m: 当前价格=119317.10, EMA25=118734.70, EMA50=118405.09, 趋势=禁空
[2025-07-21 16:32:32] BTCUSDT 1h: 当前价格=119317.10, EMA25=118276.56, EMA50=118204.31, 趋势=禁空
==============================

===== 趋势分析结果 (2025-07-21 16:47:32) =====
[2025-07-21 16:47:31] BTCUSDT 15m: 当前价格=118972.00, EMA25=118728.28, EMA50=118414.23, 趋势=禁空
[2025-07-21 16:47:32] BTCUSDT 1h: 当前价格=118972.00, EMA25=118250.01, EMA50=118190.78, 趋势=禁空
==============================

===== 趋势分析结果 (2025-07-21 17:02:32) =====
[2025-07-21 17:02:31] BTCUSDT 15m: 当前价格=118970.70, EMA25=118748.22, EMA50=118436.74, 趋势=禁空
[2025-07-21 17:02:32] BTCUSDT 1h: 当前价格=118970.70, EMA25=118306.74, EMA50=118222.05, 趋势=禁空
==============================

===== 趋势分析结果 (2025-07-21 17:17:32) =====
[2025-07-21 17:17:31] BTCUSDT 15m: 当前价格=118839.70, EMA25=118750.66, EMA50=118450.11, 趋势=禁空
[2025-07-21 17:17:32] BTCUSDT 1h: 当前价格=118839.80, EMA25=118296.67, EMA50=118216.92, 趋势=禁空
==============================

===== 趋势分析结果 (2025-07-21 17:32:32) =====
[2025-07-21 17:32:31] BTCUSDT 15m: 当前价格=118780.10, EMA25=118747.98, EMA50=118460.42, 趋势=禁空
[2025-07-21 17:32:32] BTCUSDT 1h: 当前价格=118780.20, EMA25=118292.09, EMA50=118214.58, 趋势=禁空
==============================

===== 趋势分析结果 (2025-07-21 17:47:32) =====
[2025-07-21 17:47:31] BTCUSDT 15m: 当前价格=118546.60, EMA25=118720.50, EMA50=118457.44, 趋势=混沌
[2025-07-21 17:47:32] BTCUSDT 1h: 当前价格=118546.70, EMA25=118274.13, EMA50=118205.42, 趋势=禁空
==============================

===== 趋势分析结果 (2025-07-21 18:02:32) =====
[2025-07-21 18:02:31] BTCUSDT 15m: 当前价格=118704.60, EMA25=118728.76, EMA50=118472.16, 趋势=混沌
[2025-07-21 18:02:32] BTCUSDT 1h: 当前价格=118704.60, EMA25=118316.71, EMA50=118230.02, 趋势=禁空
==============================

===== 趋势分析结果 (2025-07-21 18:10:19) =====
[2025-07-21 18:10:19] BTCUSDT 15m: 当前价格=118643.60, EMA25=118724.06, EMA50=118469.77, 趋势=混沌
[2025-07-21 18:10:19] BTCUSDT 1h: 当前价格=118643.60, EMA25=118312.02, EMA50=118227.63, 趋势=禁空
==============================

===== 趋势分析结果 (2025-07-21 18:25:20) =====
[2025-07-21 18:25:19] BTCUSDT 15m: 当前价格=118666.00, EMA25=118728.62, EMA50=118482.25, 趋势=混沌
[2025-07-21 18:25:20] BTCUSDT 1h: 当前价格=118666.10, EMA25=118313.75, EMA50=118228.51, 趋势=禁空
==============================

===== 趋势分析结果 (2025-07-21 18:40:19) =====
[2025-07-21 18:40:19] BTCUSDT 15m: 当前价格=118414.90, EMA25=118692.67, EMA50=118473.34, 趋势=混沌
[2025-07-21 18:40:19] BTCUSDT 1h: 当前价格=118404.60, EMA25=118293.63, EMA50=118218.26, 趋势=禁空
==============================

===== 趋势分析结果 (2025-07-21 18:55:20) =====
[2025-07-21 18:55:19] BTCUSDT 15m: 当前价格=118554.40, EMA25=118687.22, EMA50=118479.27, 趋势=混沌
[2025-07-21 18:55:20] BTCUSDT 1h: 当前价格=118554.40, EMA25=118305.16, EMA50=118224.13, 趋势=禁空
==============================

===== 趋势分析结果 (2025-07-21 19:10:20) =====
[2025-07-21 19:10:19] BTCUSDT 15m: 当前价格=118600.10, EMA25=118680.48, EMA50=118483.99, 趋势=混沌
[2025-07-21 19:10:20] BTCUSDT 1h: 当前价格=118600.10, EMA25=118327.81, EMA50=118238.86, 趋势=禁空
==============================

===== 趋势分析结果 (2025-07-21 19:25:19) =====
[2025-07-21 19:25:19] BTCUSDT 15m: 当前价格=118771.00, EMA25=118687.45, EMA50=118495.25, 趋势=禁空
[2025-07-21 19:25:19] BTCUSDT 1h: 当前价格=118743.00, EMA25=118338.80, EMA50=118244.46, 趋势=禁空
==============================

===== 趋势分析结果 (2025-07-21 19:40:19) =====
[2025-07-21 19:40:19] BTCUSDT 15m: 当前价格=118391.10, EMA25=118652.58, EMA50=118484.76, 趋势=混沌
[2025-07-21 19:40:19] BTCUSDT 1h: 当前价格=118391.10, EMA25=118311.73, EMA50=118230.66, 趋势=禁空
==============================

===== 趋势分析结果 (2025-07-21 19:55:19) =====
[2025-07-21 19:55:19] BTCUSDT 15m: 当前价格=118191.80, EMA25=118614.09, EMA50=118471.65, 趋势=混沌
[2025-07-21 19:55:19] BTCUSDT 1h: 当前价格=118191.80, EMA25=118296.40, EMA50=118222.85, 趋势=禁多
==============================

===== 趋势分析结果 (2025-07-21 20:10:20) =====
[2025-07-21 20:10:19] BTCUSDT 15m: 当前价格=117954.60, EMA25=118552.94, EMA50=118445.85, 趋势=混沌
[2025-07-21 20:10:20] BTCUSDT 1h: 当前价格=117954.50, EMA25=118259.68, EMA50=118206.79, 趋势=禁多
==============================

===== 趋势分析结果 (2025-07-21 20:25:19) =====
[2025-07-21 20:25:19] BTCUSDT 15m: 当前价格=118488.80, EMA25=118564.67, EMA50=118456.38, 趋势=混沌
[2025-07-21 20:25:19] BTCUSDT 1h: 当前价格=118489.70, EMA25=118300.85, EMA50=118227.78, 趋势=禁空
==============================

===== 趋势分析结果 (2025-07-21 20:40:20) =====
[2025-07-21 20:40:19] BTCUSDT 15m: 当前价格=118140.70, EMA25=118527.13, EMA50=118441.38, 趋势=混沌
[2025-07-21 20:40:20] BTCUSDT 1h: 当前价格=118140.70, EMA25=118274.00, EMA50=118214.09, 趋势=禁多
==============================

===== 趋势分析结果 (2025-07-21 20:55:19) =====
[2025-07-21 20:55:19] BTCUSDT 15m: 当前价格=118188.90, EMA25=118503.27, EMA50=118432.63, 趋势=混沌
[2025-07-21 20:55:19] BTCUSDT 1h: 当前价格=118189.00, EMA25=118277.72, EMA50=118215.99, 趋势=禁多
==============================

===== 趋势分析结果 (2025-07-21 21:10:19) =====
[2025-07-21 21:10:19] BTCUSDT 15m: 当前价格=117999.80, EMA25=118461.09, EMA50=118413.82, 趋势=混沌
[2025-07-21 21:10:19] BTCUSDT 1h: 当前价格=117973.60, EMA25=118250.86, EMA50=118204.65, 趋势=禁多
==============================

===== 趋势分析结果 (2025-07-21 21:25:20) =====
[2025-07-21 21:25:19] BTCUSDT 15m: 当前价格=118270.00, EMA25=118441.96, EMA50=118405.83, 趋势=混沌
[2025-07-21 21:25:20] BTCUSDT 1h: 当前价格=118269.90, EMA25=118273.66, EMA50=118216.27, 趋势=禁多
==============================

===== 趋势分析结果 (2025-07-21 21:40:20) =====
[2025-07-21 21:40:19] BTCUSDT 15m: 当前价格=118564.00, EMA25=118450.98, EMA50=118411.83, 趋势=禁空
[2025-07-21 21:40:20] BTCUSDT 1h: 当前价格=118544.00, EMA25=118294.74, EMA50=118227.02, 趋势=禁空
==============================

===== 趋势分析结果 (2025-07-21 21:55:19) =====
[2025-07-21 21:55:19] BTCUSDT 15m: 当前价格=118916.70, EMA25=118488.65, EMA50=118432.62, 趋势=禁空
[2025-07-21 21:55:19] BTCUSDT 1h: 当前价格=118903.30, EMA25=118322.38, EMA50=118241.11, 趋势=禁空
==============================

===== 趋势分析结果 (2025-07-21 22:10:20) =====
[2025-07-21 22:10:19] BTCUSDT 15m: 当前价格=118517.50, EMA25=118483.01, EMA50=118431.77, 趋势=禁空
[2025-07-21 22:10:20] BTCUSDT 1h: 当前价格=118512.40, EMA25=118330.08, EMA50=118248.08, 趋势=禁空
==============================

===== 趋势分析结果 (2025-07-21 22:25:19) =====
[2025-07-21 22:25:19] BTCUSDT 15m: 当前价格=118958.90, EMA25=118527.03, EMA50=118456.38, 趋势=禁空
[2025-07-21 22:25:19] BTCUSDT 1h: 当前价格=118964.90, EMA25=118364.89, EMA50=118265.82, 趋势=禁空
==============================

===== 趋势分析结果 (2025-07-21 22:40:20) =====
[2025-07-21 22:40:19] BTCUSDT 15m: 当前价格=118800.00, EMA25=118542.78, EMA50=118467.07, 趋势=禁空
[2025-07-21 22:40:20] BTCUSDT 1h: 当前价格=118810.60, EMA25=118353.02, EMA50=118259.77, 趋势=禁空
==============================

===== 趋势分析结果 (2025-07-21 22:55:19) =====
[2025-07-21 22:55:19] BTCUSDT 15m: 当前价格=118809.50, EMA25=118578.34, EMA50=118488.48, 趋势=禁空
[2025-07-21 22:55:19] BTCUSDT 1h: 当前价格=118828.40, EMA25=118354.39, EMA50=118260.47, 趋势=禁空
==============================

===== 趋势分析结果 (2025-07-21 23:10:20) =====
[2025-07-21 23:10:19] BTCUSDT 15m: 当前价格=118878.00, EMA25=118600.31, EMA50=118503.18, 趋势=禁空
[2025-07-21 23:10:20] BTCUSDT 1h: 当前价格=118882.60, EMA25=118392.60, EMA50=118283.58, 趋势=禁空
==============================

===== 趋势分析结果 (2025-07-21 23:25:20) =====
[2025-07-21 23:25:19] BTCUSDT 15m: 当前价格=118927.00, EMA25=118615.50, EMA50=118514.53, 趋势=禁空
[2025-07-21 23:25:20] BTCUSDT 1h: 当前价格=118927.10, EMA25=118396.02, EMA50=118285.33, 趋势=禁空
==============================

===== 趋势分析结果 (2025-07-21 23:40:19) =====
[2025-07-21 23:40:19] BTCUSDT 15m: 当前价格=118445.00, EMA25=118584.49, EMA50=118502.31, 趋势=混沌
[2025-07-21 23:40:19] BTCUSDT 1h: 当前价格=118445.00, EMA25=118358.94, EMA50=118266.42, 趋势=禁空
==============================

===== 趋势分析结果 (2025-07-21 23:55:19) =====
[2025-07-21 23:55:19] BTCUSDT 15m: 当前价格=118539.00, EMA25=118577.97, EMA50=118502.14, 趋势=混沌
[2025-07-21 23:55:19] BTCUSDT 1h: 当前价格=118492.60, EMA25=118362.60, EMA50=118268.29, 趋势=禁空
==============================

