===== 趋势分析结果 (2025-07-16 00:08:39) =====
[2025-07-16 00:08:38] BTCUSDT 15m: 当前价格=116838.60, EMA25=116968.61, EMA50=117328.13, 趋势=禁多
[2025-07-16 00:08:39] BTCUSDT 1h: 当前价格=116838.60, EMA25=117913.88, EMA50=118387.65, 趋势=禁多
==============================

===== 趋势分析结果 (2025-07-16 00:23:46) =====
[2025-07-16 00:23:46] BTCUSDT 15m: 当前价格=116904.20, EMA25=116968.15, EMA50=117313.89, 趋势=禁多
[2025-07-16 00:23:46] BTCUSDT 1h: 当前价格=116904.10, EMA25=117918.91, EMA50=118390.22, 趋势=禁多
==============================

===== 趋势分析结果 (2025-07-16 00:38:39) =====
[2025-07-16 00:38:39] BTCUSDT 15m: 当前价格=117226.70, EMA25=116985.55, EMA50=117309.15, 趋势=混沌
[2025-07-16 00:38:39] BTCUSDT 1h: 当前价格=117234.20, EMA25=117944.31, EMA50=118403.17, 趋势=禁多
==============================

===== 趋势分析结果 (2025-07-16 00:53:39) =====
[2025-07-16 00:53:39] BTCUSDT 15m: 当前价格=117492.90, EMA25=117056.50, EMA50=117333.30, 趋势=混沌
[2025-07-16 00:53:39] BTCUSDT 1h: 当前价格=117485.50, EMA25=117963.64, EMA50=118413.02, 趋势=禁多
==============================

===== 趋势分析结果 (2025-07-16 01:08:39) =====
[2025-07-16 01:08:39] BTCUSDT 15m: 当前价格=117240.20, EMA25=117049.55, EMA50=117318.46, 趋势=混沌
[2025-07-16 01:08:39] BTCUSDT 1h: 当前价格=117240.20, EMA25=117887.42, EMA50=118356.12, 趋势=禁多
==============================

===== 趋势分析结果 (2025-07-16 01:23:39) =====
[2025-07-16 01:23:38] BTCUSDT 15m: 当前价格=117421.00, EMA25=117080.22, EMA50=117323.59, 趋势=混沌
[2025-07-16 01:23:39] BTCUSDT 1h: 当前价格=117421.00, EMA25=117901.33, EMA50=118363.21, 趋势=禁多
==============================

===== 趋势分析结果 (2025-07-16 01:38:39) =====
[2025-07-16 01:38:38] BTCUSDT 15m: 当前价格=117420.70, EMA25=117112.75, EMA50=117330.76, 趋势=混沌
[2025-07-16 01:38:39] BTCUSDT 1h: 当前价格=117420.60, EMA25=117901.30, EMA50=118363.19, 趋势=禁多
==============================

===== 趋势分析结果 (2025-07-16 01:53:39) =====
[2025-07-16 01:53:39] BTCUSDT 15m: 当前价格=117477.00, EMA25=117145.88, EMA50=117339.21, 趋势=混沌
[2025-07-16 01:53:39] BTCUSDT 1h: 当前价格=117477.00, EMA25=117905.64, EMA50=118365.40, 趋势=禁多
==============================

===== 趋势分析结果 (2025-07-16 02:08:39) =====
[2025-07-16 02:08:39] BTCUSDT 15m: 当前价格=117230.90, EMA25=117148.06, EMA50=117332.65, 趋势=混沌
[2025-07-16 02:08:39] BTCUSDT 1h: 当前价格=117236.00, EMA25=117849.77, EMA50=118318.80, 趋势=禁多
==============================

===== 趋势分析结果 (2025-07-16 13:51:55) =====
[2025-07-16 13:51:55] BTCUSDT 15m: 当前价格=117836.90, EMA25=117581.43, EMA50=117478.25, 趋势=禁空
[2025-07-16 13:51:55] BTCUSDT 1h: 当前价格=117836.90, EMA25=117643.46, EMA50=118011.86, 趋势=禁空
==============================

===== 趋势分析结果 (2025-07-16 14:06:56) =====
[2025-07-16 14:06:56] BTCUSDT 15m: 当前价格=117829.50, EMA25=117602.05, EMA50=117492.83, 趋势=禁空
[2025-07-16 14:06:56] BTCUSDT 1h: 当前价格=117829.40, EMA25=117659.30, EMA50=118005.52, 趋势=禁空
==============================

===== 趋势分析结果 (2025-07-16 14:21:56) =====
[2025-07-16 14:21:56] BTCUSDT 15m: 当前价格=117929.70, EMA25=117621.14, EMA50=117506.72, 趋势=禁空
[2025-07-16 14:21:56] BTCUSDT 1h: 当前价格=117929.70, EMA25=117667.01, EMA50=118009.45, 趋势=禁空
==============================

===== 趋势分析结果 (2025-07-16 15:37:17) =====
[2025-07-16 15:37:16] BTCUSDT 15m: 当前价格=118278.70, EMA25=117824.16, EMA50=117639.43, 趋势=禁空
[2025-07-16 15:37:17] BTCUSDT 1h: 当前价格=118278.70, EMA25=117737.57, EMA50=118032.49, 趋势=禁空
==============================

===== 趋势分析结果 (2025-07-16 15:52:17) =====
[2025-07-16 15:52:17] BTCUSDT 15m: 当前价格=118177.60, EMA25=117842.57, EMA50=117655.88, 趋势=禁空
[2025-07-16 15:52:17] BTCUSDT 1h: 当前价格=118177.60, EMA25=117729.80, EMA50=118028.52, 趋势=禁空
==============================

===== 趋势分析结果 (2025-07-16 16:07:17) =====
[2025-07-16 16:07:17] BTCUSDT 15m: 当前价格=118257.20, EMA25=117874.72, EMA50=117679.60, 趋势=禁空
[2025-07-16 16:07:17] BTCUSDT 1h: 当前价格=118257.20, EMA25=117770.62, EMA50=118037.63, 趋势=禁空
==============================

===== 趋势分析结果 (2025-07-16 16:22:17) =====
[2025-07-16 16:22:17] BTCUSDT 15m: 当前价格=118208.20, EMA25=117893.95, EMA50=117696.92, 趋势=禁空
[2025-07-16 16:22:17] BTCUSDT 1h: 当前价格=118210.00, EMA25=117766.99, EMA50=118035.77, 趋势=禁空
==============================

===== 趋势分析结果 (2025-07-16 16:37:17) =====
[2025-07-16 16:37:17] BTCUSDT 15m: 当前价格=118432.20, EMA25=117936.92, EMA50=117726.58, 趋势=禁空
[2025-07-16 16:37:17] BTCUSDT 1h: 当前价格=118429.60, EMA25=117783.88, EMA50=118044.39, 趋势=禁空
==============================

===== 趋势分析结果 (2025-07-16 16:52:17) =====
[2025-07-16 16:52:17] BTCUSDT 15m: 当前价格=118696.70, EMA25=118020.04, EMA50=117777.72, 趋势=禁空
[2025-07-16 16:52:17] BTCUSDT 1h: 当前价格=118696.70, EMA25=117804.43, EMA50=118054.86, 趋势=禁空
==============================

===== 趋势分析结果 (2025-07-16 17:07:17) =====
[2025-07-16 17:07:17] BTCUSDT 15m: 当前价格=118728.00, EMA25=118074.57, EMA50=117815.03, 趋势=禁空
[2025-07-16 17:07:17] BTCUSDT 1h: 当前价格=118728.00, EMA25=117875.55, EMA50=118081.30, 趋势=禁空
==============================

===== 趋势分析结果 (2025-07-16 17:22:17) =====
[2025-07-16 17:22:17] BTCUSDT 15m: 当前价格=119032.40, EMA25=118166.98, EMA50=117872.70, 趋势=禁空
[2025-07-16 17:22:17] BTCUSDT 1h: 当前价格=119032.50, EMA25=117898.97, EMA50=118093.24, 趋势=禁空
==============================

===== 趋势分析结果 (2025-07-16 17:37:17) =====
[2025-07-16 17:37:17] BTCUSDT 15m: 当前价格=118993.60, EMA25=118238.37, EMA50=117920.80, 趋势=禁空
[2025-07-16 17:37:17] BTCUSDT 1h: 当前价格=118993.60, EMA25=117895.98, EMA50=118091.71, 趋势=禁空
==============================

===== 趋势分析结果 (2025-07-16 17:52:17) =====
[2025-07-16 17:52:17] BTCUSDT 15m: 当前价格=119143.40, EMA25=118296.45, EMA50=117962.62, 趋势=禁空
[2025-07-16 17:52:17] BTCUSDT 1h: 当前价格=119143.40, EMA25=117907.50, EMA50=118097.59, 趋势=禁空
==============================

===== 趋势分析结果 (2025-07-16 18:07:17) =====
[2025-07-16 18:07:17] BTCUSDT 15m: 当前价格=119140.40, EMA25=118364.60, EMA50=118010.52, 趋势=禁空
[2025-07-16 18:07:17] BTCUSDT 1h: 当前价格=119140.40, EMA25=118005.57, EMA50=118140.20, 趋势=禁空
==============================

===== 趋势分析结果 (2025-07-16 18:22:17) =====
[2025-07-16 18:22:17] BTCUSDT 15m: 当前价格=119250.00, EMA25=118436.08, EMA50=118060.92, 趋势=禁空
[2025-07-16 18:22:17] BTCUSDT 1h: 当前价格=119250.00, EMA25=118014.00, EMA50=118144.49, 趋势=禁空
==============================

===== 趋势分析结果 (2025-07-16 18:37:17) =====
[2025-07-16 18:37:17] BTCUSDT 15m: 当前价格=118923.10, EMA25=118465.74, EMA50=118090.59, 趋势=禁空
[2025-07-16 18:37:17] BTCUSDT 1h: 当前价格=118923.10, EMA25=117988.85, EMA50=118131.67, 趋势=禁空
==============================

===== 趋势分析结果 (2025-07-16 18:52:17) =====
[2025-07-16 18:52:17] BTCUSDT 15m: 当前价格=118844.70, EMA25=118485.96, EMA50=118115.42, 趋势=禁空
[2025-07-16 18:52:17] BTCUSDT 1h: 当前价格=118844.70, EMA25=117982.82, EMA50=118128.60, 趋势=禁空
==============================

===== 趋势分析结果 (2025-07-16 19:07:17) =====
[2025-07-16 19:07:17] BTCUSDT 15m: 当前价格=118784.90, EMA25=118499.88, EMA50=118136.86, 趋势=禁空
[2025-07-16 19:07:17] BTCUSDT 1h: 当前价格=118784.90, EMA25=118035.45, EMA50=118149.52, 趋势=禁空
==============================

===== 趋势分析结果 (2025-07-16 19:22:17) =====
[2025-07-16 19:22:17] BTCUSDT 15m: 当前价格=118799.60, EMA25=118528.38, EMA50=118165.74, 趋势=禁空
[2025-07-16 19:22:17] BTCUSDT 1h: 当前价格=118799.50, EMA25=118036.57, EMA50=118150.09, 趋势=禁空
==============================

===== 趋势分析结果 (2025-07-16 19:37:17) =====
[2025-07-16 19:37:17] BTCUSDT 15m: 当前价格=118811.80, EMA25=118556.10, EMA50=118194.22, 趋势=禁空
[2025-07-16 19:37:17] BTCUSDT 1h: 当前价格=118811.90, EMA25=118037.52, EMA50=118150.58, 趋势=禁空
==============================

===== 趋势分析结果 (2025-07-16 19:52:17) =====
[2025-07-16 19:52:17] BTCUSDT 15m: 当前价格=118814.30, EMA25=118581.26, EMA50=118221.35, 趋势=禁空
[2025-07-16 19:52:17] BTCUSDT 1h: 当前价格=118814.30, EMA25=118037.71, EMA50=118150.67, 趋势=禁空
==============================

===== 趋势分析结果 (2025-07-16 20:07:17) =====
[2025-07-16 20:07:17] BTCUSDT 15m: 当前价格=118844.00, EMA25=118597.27, EMA50=118243.54, 趋势=禁空
[2025-07-16 20:07:17] BTCUSDT 1h: 当前价格=118844.00, EMA25=118095.53, EMA50=118175.63, 趋势=禁空
==============================

===== 趋势分析结果 (2025-07-16 20:22:17) =====
[2025-07-16 20:22:17] BTCUSDT 15m: 当前价格=118801.30, EMA25=118610.31, EMA50=118264.00, 趋势=禁空
[2025-07-16 20:22:17] BTCUSDT 1h: 当前价格=118801.30, EMA25=118092.24, EMA50=118173.96, 趋势=禁空
==============================

===== 趋势分析结果 (2025-07-16 20:37:17) =====
[2025-07-16 20:37:17] BTCUSDT 15m: 当前价格=118987.00, EMA25=118644.13, EMA50=118294.93, 趋势=禁空
[2025-07-16 20:37:17] BTCUSDT 1h: 当前价格=118987.00, EMA25=118106.53, EMA50=118181.24, 趋势=禁空
==============================

===== 趋势分析结果 (2025-07-16 20:52:17) =====
[2025-07-16 20:52:17] BTCUSDT 15m: 当前价格=118856.90, EMA25=118656.62, EMA50=118314.90, 趋势=禁空
[2025-07-16 20:52:17] BTCUSDT 1h: 当前价格=118856.90, EMA25=118096.52, EMA50=118176.14, 趋势=禁空
==============================

===== 趋势分析结果 (2025-07-16 21:07:17) =====
[2025-07-16 21:07:17] BTCUSDT 15m: 当前价格=118479.90, EMA25=118623.31, EMA50=118310.91, 趋势=混沌
[2025-07-16 21:07:17] BTCUSDT 1h: 当前价格=118479.80, EMA25=118106.29, EMA50=118177.59, 趋势=禁空
==============================

===== 趋势分析结果 (2025-07-16 21:22:17) =====
[2025-07-16 21:22:17] BTCUSDT 15m: 当前价格=118757.60, EMA25=118646.61, EMA50=118335.31, 趋势=禁空
[2025-07-16 21:22:17] BTCUSDT 1h: 当前价格=118757.60, EMA25=118127.66, EMA50=118188.48, 趋势=禁空
==============================

===== 趋势分析结果 (2025-07-16 21:37:17) =====
[2025-07-16 21:37:17] BTCUSDT 15m: 当前价格=118708.20, EMA25=118653.14, EMA50=118350.89, 趋势=禁空
[2025-07-16 21:37:17] BTCUSDT 1h: 当前价格=118702.40, EMA25=118123.41, EMA50=118186.32, 趋势=禁空
==============================

===== 趋势分析结果 (2025-07-16 21:52:17) =====
[2025-07-16 21:52:17] BTCUSDT 15m: 当前价格=118248.50, EMA25=118594.73, EMA50=118332.40, 趋势=混沌
[2025-07-16 21:52:17] BTCUSDT 1h: 当前价格=118232.40, EMA25=118087.26, EMA50=118167.89, 趋势=禁空
==============================

===== 趋势分析结果 (2025-07-16 22:07:17) =====
[2025-07-16 22:07:17] BTCUSDT 15m: 当前价格=118574.10, EMA25=118621.75, EMA50=118357.05, 趋势=混沌
[2025-07-16 22:07:17] BTCUSDT 1h: 当前价格=118572.00, EMA25=118154.29, EMA50=118199.52, 趋势=禁空
==============================

===== 趋势分析结果 (2025-07-16 22:22:17) =====
[2025-07-16 22:22:17] BTCUSDT 15m: 当前价格=118381.50, EMA25=118580.26, EMA50=118345.80, 趋势=混沌
[2025-07-16 22:22:17] BTCUSDT 1h: 当前价格=118381.50, EMA25=118139.64, EMA50=118192.05, 趋势=禁空
==============================

===== 趋势分析结果 (2025-07-16 22:37:17) =====
[2025-07-16 22:37:17] BTCUSDT 15m: 当前价格=118369.00, EMA25=118568.44, EMA50=118349.06, 趋势=混沌
[2025-07-16 22:37:17] BTCUSDT 1h: 当前价格=118361.90, EMA25=118138.13, EMA50=118191.28, 趋势=禁空
==============================

===== 趋势分析结果 (2025-07-16 22:52:17) =====
[2025-07-16 22:52:17] BTCUSDT 15m: 当前价格=118959.90, EMA25=118615.58, EMA50=118382.05, 趋势=禁空
[2025-07-16 22:52:17] BTCUSDT 1h: 当前价格=118928.80, EMA25=118181.74, EMA50=118213.51, 趋势=禁空
==============================

===== 趋势分析结果 (2025-07-16 23:07:17) =====
[2025-07-16 23:07:17] BTCUSDT 15m: 当前价格=119541.70, EMA25=118691.07, EMA50=118429.79, 趋势=禁空
[2025-07-16 23:07:17] BTCUSDT 1h: 当前价格=119592.90, EMA25=118296.75, EMA50=118271.03, 趋势=禁空
==============================

===== 趋势分析结果 (2025-07-16 23:22:17) =====
[2025-07-16 23:22:17] BTCUSDT 15m: 当前价格=119041.70, EMA25=118688.18, EMA50=118437.94, 趋势=禁空
[2025-07-16 23:22:17] BTCUSDT 1h: 当前价格=119050.90, EMA25=118255.06, EMA50=118249.78, 趋势=禁空
==============================

===== 趋势分析结果 (2025-07-16 23:37:17) =====
[2025-07-16 23:37:17] BTCUSDT 15m: 当前价格=118495.10, EMA25=118701.82, EMA50=118455.30, 趋势=混沌
[2025-07-16 23:37:17] BTCUSDT 1h: 当前价格=118519.90, EMA25=118214.21, EMA50=118228.95, 趋势=禁空
==============================

===== 趋势分析结果 (2025-07-16 23:52:17) =====
[2025-07-16 23:52:17] BTCUSDT 15m: 当前价格=119149.20, EMA25=118772.02, EMA50=118501.50, 趋势=禁空
[2025-07-16 23:52:17] BTCUSDT 1h: 当前价格=119180.60, EMA25=118265.04, EMA50=118254.86, 趋势=禁空
==============================

