===== 趋势分析结果 (2025-06-17 12:07:09) =====
[2025-06-17 12:07:07] BTCUSDT 15m: 当前价格=107531.80, EMA25=107377.62, EMA60=107380.00, EMA120=107003.31, 趋势=震荡行情
[2025-06-17 12:07:08] BTCUSDT 1h: 当前价格=107531.80, EMA25=107199.00, EMA60=106565.71, EMA120=106377.72, 趋势=上涨趋势
[2025-06-17 12:07:08] BTCUSDT 4h: 当前价格=107531.80, EMA25=106475.01, EMA60=106367.25, EMA120=106027.05, 趋势=上涨趋势
[2025-06-17 12:07:08] BTCUSDT 1d: 当前价格=107531.80, EMA25=105844.25, EMA60=101993.49, EMA120=97522.93, 趋势=上涨趋势
[2025-06-17 12:07:08] ETHUSDT 15m: 当前价格=2604.78, EMA25=2596.84, EMA60=2604.97, EMA120=2597.92, 趋势=震荡行情
[2025-06-17 12:07:09] ETHUSDT 1h: 当前价格=2604.78, EMA25=2602.61, EMA60=2587.27, EMA120=2590.31, 趋势=上涨趋势
[2025-06-17 12:07:09] ETHUSDT 4h: 当前价格=2604.78, EMA25=2588.19, EMA60=2594.25, EMA120=2573.56, 趋势=震荡行情
[2025-06-17 12:07:09] ETHUSDT 1d: 当前价格=2604.78, EMA25=2554.00, EMA60=2401.56, EMA120=2381.11, 趋势=上涨趋势
==============================

===== 趋势分析结果 (2025-06-17 12:22:12) =====
[2025-06-17 12:22:10] BTCUSDT 15m: 当前价格=107462.00, EMA25=107388.92, EMA60=107384.84, EMA120=107012.00, 趋势=上涨趋势
[2025-06-17 12:22:10] BTCUSDT 1h: 当前价格=107462.00, EMA25=107193.63, EMA60=106563.42, EMA120=106376.57, 趋势=上涨趋势
[2025-06-17 12:22:10] BTCUSDT 4h: 当前价格=107462.00, EMA25=106469.64, EMA60=106364.96, EMA120=106025.90, 趋势=上涨趋势
[2025-06-17 12:22:11] BTCUSDT 1d: 当前价格=107462.00, EMA25=105838.88, EMA60=101991.20, EMA120=97521.78, 趋势=上涨趋势
[2025-06-17 12:22:11] ETHUSDT 15m: 当前价格=2595.22, EMA25=2596.72, EMA60=2604.65, EMA120=2597.88, 趋势=下跌趋势
[2025-06-17 12:22:11] ETHUSDT 1h: 当前价格=2595.22, EMA25=2601.87, EMA60=2586.95, EMA120=2590.15, 趋势=震荡行情
[2025-06-17 12:22:11] ETHUSDT 4h: 当前价格=2594.82, EMA25=2587.43, EMA60=2593.92, EMA120=2573.39, 趋势=震荡行情
[2025-06-17 12:22:12] ETHUSDT 1d: 当前价格=2595.22, EMA25=2553.26, EMA60=2401.25, EMA120=2380.95, 趋势=上涨趋势
==============================

===== 趋势分析结果 (2025-06-17 12:32:15) =====
[2025-06-17 12:32:14] BTCUSDT 15m: 当前价格=107387.90, EMA25=107387.40, EMA60=107384.29, EMA120=107017.90, 趋势=上涨趋势
[2025-06-17 12:32:14] BTCUSDT 1h: 当前价格=107387.90, EMA25=107187.93, EMA60=106560.99, EMA120=106375.34, 趋势=上涨趋势
[2025-06-17 12:32:14] BTCUSDT 4h: 当前价格=107387.90, EMA25=106463.94, EMA60=106362.53, EMA120=106024.67, 趋势=上涨趋势
[2025-06-17 12:32:14] BTCUSDT 1d: 当前价格=107387.80, EMA25=105833.17, EMA60=101988.77, EMA120=97520.55, 趋势=上涨趋势
[2025-06-17 12:32:15] ETHUSDT 15m: 当前价格=2592.91, EMA25=2596.41, EMA60=2604.25, EMA120=2597.79, 趋势=下跌趋势
[2025-06-17 12:32:15] ETHUSDT 1h: 当前价格=2592.91, EMA25=2601.70, EMA60=2586.88, EMA120=2590.11, 趋势=震荡行情
[2025-06-17 12:32:15] ETHUSDT 4h: 当前价格=2592.89, EMA25=2587.28, EMA60=2593.86, EMA120=2573.36, 趋势=上涨趋势
[2025-06-17 12:32:15] ETHUSDT 1d: 当前价格=2592.91, EMA25=2553.08, EMA60=2401.17, EMA120=2380.91, 趋势=上涨趋势
==============================

===== 趋势分析结果 (2025-06-17 12:33:36) =====
[2025-06-17 12:33:34] BTCUSDT 15m: 当前价格=107338.60, EMA25=107383.61, EMA60=107382.68, EMA120=107017.08, 趋势=震荡行情
[2025-06-17 12:33:35] BTCUSDT 1h: 当前价格=107358.40, EMA25=107185.66, EMA60=106560.02, EMA120=106374.86, 趋势=上涨趋势
[2025-06-17 12:33:35] BTCUSDT 4h: 当前价格=107368.50, EMA25=106462.45, EMA60=106361.90, EMA120=106024.35, 趋势=上涨趋势
[2025-06-17 12:33:35] BTCUSDT 1d: 当前价格=107358.40, EMA25=105830.91, EMA60=101987.81, EMA120=97520.06, 趋势=上涨趋势
[2025-06-17 12:33:35] ETHUSDT 15m: 当前价格=2592.80, EMA25=2596.40, EMA60=2604.25, EMA120=2597.79, 趋势=下跌趋势
[2025-06-17 12:33:36] ETHUSDT 1h: 当前价格=2592.80, EMA25=2601.69, EMA60=2586.87, EMA120=2590.11, 趋势=震荡行情
[2025-06-17 12:33:36] ETHUSDT 4h: 当前价格=2592.80, EMA25=2587.27, EMA60=2593.86, EMA120=2573.36, 趋势=上涨趋势
[2025-06-17 12:33:36] ETHUSDT 1d: 当前价格=2592.80, EMA25=2553.07, EMA60=2401.17, EMA120=2380.91, 趋势=上涨趋势
==============================

===== 趋势分析结果 (2025-06-17 13:00:26) =====
[2025-06-17 13:00:24] BTCUSDT 15m: 当前价格=107286.90, EMA25=107366.54, EMA60=107375.21, EMA120=107025.28, 趋势=震荡行情
[2025-06-17 13:00:24] BTCUSDT 1h: 当前价格=107287.00, EMA25=107188.38, EMA60=106581.59, EMA120=106388.76, 趋势=上涨趋势
[2025-06-17 13:00:24] BTCUSDT 4h: 当前价格=107287.00, EMA25=106456.18, EMA60=106359.22, EMA120=106023.00, 趋势=上涨趋势
[2025-06-17 13:00:25] BTCUSDT 1d: 当前价格=107287.00, EMA25=105825.42, EMA60=101985.47, EMA120=97518.88, 趋势=上涨趋势
[2025-06-17 13:00:25] ETHUSDT 15m: 当前价格=2590.86, EMA25=2595.52, EMA60=2603.36, EMA120=2597.55, 趋势=下跌趋势
[2025-06-17 13:00:25] ETHUSDT 1h: 当前价格=2590.86, EMA25=2600.72, EMA60=2586.94, EMA120=2590.10, 趋势=震荡行情
[2025-06-17 13:00:25] ETHUSDT 4h: 当前价格=2590.86, EMA25=2587.12, EMA60=2593.79, EMA120=2573.33, 趋势=上涨趋势
[2025-06-17 13:00:26] ETHUSDT 1d: 当前价格=2591.22, EMA25=2552.95, EMA60=2401.12, EMA120=2380.88, 趋势=上涨趋势
==============================

===== 趋势分析结果 (2025-06-17 13:15:28) =====
[2025-06-17 13:15:26] BTCUSDT 15m: 当前价格=107251.50, EMA25=107353.60, EMA60=107369.32, EMA120=107028.09, 趋势=震荡行情
[2025-06-17 13:15:26] BTCUSDT 1h: 当前价格=107251.50, EMA25=107185.65, EMA60=106580.42, EMA120=106388.17, 趋势=上涨趋势
[2025-06-17 13:15:27] BTCUSDT 4h: 当前价格=107251.50, EMA25=106453.45, EMA60=106358.06, EMA120=106022.42, 趋势=上涨趋势
[2025-06-17 13:15:27] BTCUSDT 1d: 当前价格=107251.50, EMA25=105822.69, EMA60=101984.30, EMA120=97518.30, 趋势=上涨趋势
[2025-06-17 13:15:28] ETHUSDT 15m: 当前价格=2593.49, EMA25=2595.47, EMA60=2603.08, EMA120=2597.51, 趋势=下跌趋势
[2025-06-17 13:15:28] ETHUSDT 1h: 当前价格=2593.29, EMA25=2600.91, EMA60=2587.02, EMA120=2590.14, 趋势=震荡行情
[2025-06-17 13:15:28] ETHUSDT 4h: 当前价格=2592.97, EMA25=2587.29, EMA60=2593.86, EMA120=2573.36, 趋势=上涨趋势
[2025-06-17 13:15:28] ETHUSDT 1d: 当前价格=2592.52, EMA25=2553.05, EMA60=2401.16, EMA120=2380.90, 趋势=上涨趋势
==============================

===== 趋势分析结果 (2025-06-17 13:30:28) =====
[2025-06-17 13:30:26] BTCUSDT 15m: 当前价格=107165.70, EMA25=107334.80, EMA60=107360.71, EMA120=107029.37, 趋势=震荡行情
[2025-06-17 13:30:26] BTCUSDT 1h: 当前价格=107164.90, EMA25=107178.99, EMA60=106577.59, EMA120=106386.74, 趋势=震荡行情
[2025-06-17 13:30:27] BTCUSDT 4h: 当前价格=107165.60, EMA25=106446.84, EMA60=106355.24, EMA120=106021.00, 趋势=上涨趋势
[2025-06-17 13:30:27] BTCUSDT 1d: 当前价格=107165.70, EMA25=105816.09, EMA60=101981.49, EMA120=97516.88, 趋势=上涨趋势
[2025-06-17 13:30:27] ETHUSDT 15m: 当前价格=2584.68, EMA25=2594.06, EMA60=2602.22, EMA120=2597.17, 趋势=下跌趋势
[2025-06-17 13:30:27] ETHUSDT 1h: 当前价格=2584.68, EMA25=2600.25, EMA60=2586.74, EMA120=2589.99, 趋势=震荡行情
[2025-06-17 13:30:28] ETHUSDT 4h: 当前价格=2584.68, EMA25=2586.65, EMA60=2593.59, EMA120=2573.22, 趋势=震荡行情
[2025-06-17 13:30:28] ETHUSDT 1d: 当前价格=2584.68, EMA25=2552.45, EMA60=2400.90, EMA120=2380.77, 趋势=上涨趋势
==============================

===== 趋势分析结果 (2025-06-17 13:45:28) =====
[2025-06-17 13:45:26] BTCUSDT 15m: 当前价格=107119.80, EMA25=107316.58, EMA60=107352.06, EMA120=107030.48, 趋势=震荡行情
[2025-06-17 13:45:26] BTCUSDT 1h: 当前价格=107119.80, EMA25=107175.52, EMA60=106576.11, EMA120=106386.00, 趋势=震荡行情
[2025-06-17 13:45:27] BTCUSDT 4h: 当前价格=107119.80, EMA25=106443.32, EMA60=106353.74, EMA120=106020.24, 趋势=上涨趋势
[2025-06-17 13:45:27] BTCUSDT 1d: 当前价格=107119.80, EMA25=105812.56, EMA60=101979.98, EMA120=97516.12, 趋势=上涨趋势
[2025-06-17 13:45:27] ETHUSDT 15m: 当前价格=2583.35, EMA25=2593.14, EMA60=2601.56, EMA120=2596.92, 趋势=下跌趋势
[2025-06-17 13:45:27] ETHUSDT 1h: 当前价格=2583.35, EMA25=2600.15, EMA60=2586.70, EMA120=2589.97, 趋势=震荡行情
[2025-06-17 13:45:28] ETHUSDT 4h: 当前价格=2583.35, EMA25=2586.55, EMA60=2593.55, EMA120=2573.20, 趋势=震荡行情
[2025-06-17 13:45:28] ETHUSDT 1d: 当前价格=2583.22, EMA25=2552.34, EMA60=2400.86, EMA120=2380.75, 趋势=上涨趋势
==============================

===== 趋势分析结果 (2025-06-17 14:00:28) =====
[2025-06-17 14:00:26] BTCUSDT 15m: 当前价格=107032.60, EMA25=107291.70, EMA60=107340.23, EMA120=107029.82, 趋势=震荡行情
[2025-06-17 14:00:26] BTCUSDT 1h: 当前价格=107032.60, EMA25=107161.49, EMA60=106589.72, EMA120=106395.98, 趋势=震荡行情
[2025-06-17 14:00:27] BTCUSDT 4h: 当前价格=107028.70, EMA25=106436.31, EMA60=106350.76, EMA120=106018.74, 趋势=上涨趋势
[2025-06-17 14:00:27] BTCUSDT 1d: 当前价格=107032.60, EMA25=105805.85, EMA60=101977.13, EMA120=97514.68, 趋势=上涨趋势
[2025-06-17 14:00:27] ETHUSDT 15m: 当前价格=2578.25, EMA25=2591.68, EMA60=2600.65, EMA120=2596.54, 趋势=下跌趋势
[2025-06-17 14:00:28] ETHUSDT 1h: 当前价格=2578.25, EMA25=2598.14, EMA60=2586.28, EMA120=2589.71, 趋势=震荡行情
[2025-06-17 14:00:28] ETHUSDT 4h: 当前价格=2578.25, EMA25=2586.15, EMA60=2593.38, EMA120=2573.12, 趋势=震荡行情
[2025-06-17 14:00:28] ETHUSDT 1d: 当前价格=2578.25, EMA25=2551.95, EMA60=2400.69, EMA120=2380.67, 趋势=上涨趋势
==============================

===== 趋势分析结果 (2025-06-17 14:15:28) =====
[2025-06-17 14:15:26] BTCUSDT 15m: 当前价格=107130.50, EMA25=107288.38, EMA60=107337.40, EMA120=107033.56, 趋势=震荡行情
[2025-06-17 14:15:26] BTCUSDT 1h: 当前价格=107130.60, EMA25=107169.03, EMA60=106592.93, EMA120=106397.60, 趋势=震荡行情
[2025-06-17 14:15:27] BTCUSDT 4h: 当前价格=107130.60, EMA25=106444.15, EMA60=106354.10, EMA120=106020.42, 趋势=上涨趋势
[2025-06-17 14:15:27] BTCUSDT 1d: 当前价格=107130.60, EMA25=105813.39, EMA60=101980.34, EMA120=97516.30, 趋势=上涨趋势
[2025-06-17 14:15:27] ETHUSDT 15m: 当前价格=2585.08, EMA25=2591.67, EMA60=2600.37, EMA120=2596.46, 趋势=下跌趋势
[2025-06-17 14:15:27] ETHUSDT 1h: 当前价格=2585.08, EMA25=2598.67, EMA60=2586.50, EMA120=2589.82, 趋势=震荡行情
[2025-06-17 14:15:28] ETHUSDT 4h: 当前价格=2585.00, EMA25=2586.67, EMA60=2593.60, EMA120=2573.23, 趋势=震荡行情
[2025-06-17 14:15:28] ETHUSDT 1d: 当前价格=2585.07, EMA25=2552.48, EMA60=2400.92, EMA120=2380.78, 趋势=上涨趋势
==============================

===== 趋势分析结果 (2025-06-17 14:30:28) =====
[2025-06-17 14:30:26] BTCUSDT 15m: 当前价格=106960.90, EMA25=107251.36, EMA60=107319.78, EMA120=107029.64, 趋势=震荡行情
[2025-06-17 14:30:26] BTCUSDT 1h: 当前价格=106960.90, EMA25=107155.98, EMA60=106587.37, EMA120=106394.79, 趋势=震荡行情
[2025-06-17 14:30:27] BTCUSDT 4h: 当前价格=106960.90, EMA25=106431.09, EMA60=106348.53, EMA120=106017.61, 趋势=上涨趋势
[2025-06-17 14:30:27] BTCUSDT 1d: 当前价格=106960.90, EMA25=105800.34, EMA60=101974.77, EMA120=97513.49, 趋势=上涨趋势
[2025-06-17 14:30:27] ETHUSDT 15m: 当前价格=2580.53, EMA25=2590.58, EMA60=2599.61, EMA120=2596.15, 趋势=下跌趋势
[2025-06-17 14:30:27] ETHUSDT 1h: 当前价格=2580.53, EMA25=2598.32, EMA60=2586.36, EMA120=2589.74, 趋势=震荡行情
[2025-06-17 14:30:28] ETHUSDT 4h: 当前价格=2580.53, EMA25=2586.33, EMA60=2593.46, EMA120=2573.16, 趋势=震荡行情
[2025-06-17 14:30:28] ETHUSDT 1d: 当前价格=2580.53, EMA25=2552.13, EMA60=2400.77, EMA120=2380.70, 趋势=上涨趋势
==============================

===== 趋势分析结果 (2025-06-17 14:45:28) =====
[2025-06-17 14:45:26] BTCUSDT 15m: 当前价格=106799.90, EMA25=107211.24, EMA60=107300.33, EMA120=107024.59, 趋势=震荡行情
[2025-06-17 14:45:26] BTCUSDT 1h: 当前价格=106799.90, EMA25=107143.59, EMA60=106582.09, EMA120=106392.13, 趋势=震荡行情
[2025-06-17 14:45:27] BTCUSDT 4h: 当前价格=106799.90, EMA25=106418.71, EMA60=106343.25, EMA120=106014.95, 趋势=上涨趋势
[2025-06-17 14:45:27] BTCUSDT 1d: 当前价格=106800.00, EMA25=105787.96, EMA60=101969.50, EMA120=97510.83, 趋势=上涨趋势
[2025-06-17 14:45:27] ETHUSDT 15m: 当前价格=2580.94, EMA25=2589.82, EMA60=2598.99, EMA120=2595.89, 趋势=下跌趋势
[2025-06-17 14:45:27] ETHUSDT 1h: 当前价格=2580.94, EMA25=2598.35, EMA60=2586.37, EMA120=2589.75, 趋势=震荡行情
[2025-06-17 14:45:28] ETHUSDT 4h: 当前价格=2580.95, EMA25=2586.36, EMA60=2593.47, EMA120=2573.16, 趋势=震荡行情
[2025-06-17 14:45:28] ETHUSDT 1d: 当前价格=2580.95, EMA25=2552.16, EMA60=2400.78, EMA120=2380.71, 趋势=上涨趋势
==============================

===== 趋势分析结果 (2025-06-17 15:00:28) =====
[2025-06-17 15:00:26] BTCUSDT 15m: 当前价格=106771.30, EMA25=107176.94, EMA60=107282.77, EMA120=107020.29, 趋势=震荡行情
[2025-06-17 15:00:26] BTCUSDT 1h: 当前价格=106771.20, EMA25=107114.49, EMA60=106588.08, EMA120=106398.28, 趋势=震荡行情
[2025-06-17 15:00:27] BTCUSDT 4h: 当前价格=106771.20, EMA25=106416.50, EMA60=106342.31, EMA120=106014.48, 趋势=上涨趋势
[2025-06-17 15:00:27] BTCUSDT 1d: 当前价格=106771.30, EMA25=105785.75, EMA60=101968.56, EMA120=97510.36, 趋势=上涨趋势
[2025-06-17 15:00:27] ETHUSDT 15m: 当前价格=2581.07, EMA25=2589.16, EMA60=2598.41, EMA120=2595.65, 趋势=下跌趋势
[2025-06-17 15:00:28] ETHUSDT 1h: 当前价格=2581.08, EMA25=2597.04, EMA60=2586.20, EMA120=2589.61, 趋势=震荡行情
[2025-06-17 15:00:28] ETHUSDT 4h: 当前价格=2581.07, EMA25=2586.37, EMA60=2593.47, EMA120=2573.16, 趋势=震荡行情
[2025-06-17 15:00:28] ETHUSDT 1d: 当前价格=2581.07, EMA25=2552.17, EMA60=2400.78, EMA120=2380.71, 趋势=上涨趋势
==============================

===== 趋势分析结果 (2025-06-17 15:15:28) =====
[2025-06-17 15:15:26] BTCUSDT 15m: 当前价格=106652.40, EMA25=107128.69, EMA60=107258.58, EMA120=107012.39, 趋势=震荡行情
[2025-06-17 15:15:26] BTCUSDT 1h: 当前价格=106647.60, EMA25=107104.98, EMA60=106584.03, EMA120=106396.24, 趋势=震荡行情
[2025-06-17 15:15:27] BTCUSDT 4h: 当前价格=106652.40, EMA25=106407.36, EMA60=106338.42, EMA120=106012.52, 趋势=上涨趋势
[2025-06-17 15:15:27] BTCUSDT 1d: 当前价格=106647.60, EMA25=105776.24, EMA60=101964.50, EMA120=97508.32, 趋势=上涨趋势
[2025-06-17 15:15:27] ETHUSDT 15m: 当前价格=2576.34, EMA25=2587.95, EMA60=2597.59, EMA120=2595.28, 趋势=下跌趋势
[2025-06-17 15:15:27] ETHUSDT 1h: 当前价格=2576.34, EMA25=2596.67, EMA60=2586.05, EMA120=2589.53, 趋势=震荡行情
[2025-06-17 15:15:28] ETHUSDT 4h: 当前价格=2576.20, EMA25=2586.00, EMA60=2593.31, EMA120=2573.08, 趋势=震荡行情
[2025-06-17 15:15:28] ETHUSDT 1d: 当前价格=2576.20, EMA25=2551.80, EMA60=2400.63, EMA120=2380.63, 趋势=上涨趋势
==============================

===== 趋势分析结果 (2025-06-17 15:30:28) =====
[2025-06-17 15:30:26] BTCUSDT 15m: 当前价格=106474.60, EMA25=107062.24, EMA60=107225.67, EMA120=106999.80, 趋势=震荡行情
[2025-06-17 15:30:26] BTCUSDT 1h: 当前价格=106474.60, EMA25=107091.67, EMA60=106578.36, EMA120=106393.38, 趋势=震荡行情
[2025-06-17 15:30:27] BTCUSDT 4h: 当前价格=106474.60, EMA25=106393.69, EMA60=106332.59, EMA120=106009.58, 趋势=上涨趋势
[2025-06-17 15:30:27] BTCUSDT 1d: 当前价格=106474.60, EMA25=105762.93, EMA60=101958.83, EMA120=97505.46, 趋势=上涨趋势
[2025-06-17 15:30:27] ETHUSDT 15m: 当前价格=2571.64, EMA25=2586.19, EMA60=2596.51, EMA120=2594.78, 趋势=下跌趋势
[2025-06-17 15:30:27] ETHUSDT 1h: 当前价格=2571.64, EMA25=2596.31, EMA60=2585.89, EMA120=2589.46, 趋势=震荡行情
[2025-06-17 15:30:28] ETHUSDT 4h: 当前价格=2571.64, EMA25=2585.64, EMA60=2593.16, EMA120=2573.01, 趋势=震荡行情
[2025-06-17 15:30:28] ETHUSDT 1d: 当前价格=2571.77, EMA25=2551.46, EMA60=2400.48, EMA120=2380.56, 趋势=上涨趋势
==============================

===== 趋势分析结果 (2025-06-17 15:45:28) =====
[2025-06-17 15:45:26] BTCUSDT 15m: 当前价格=106592.90, EMA25=107035.89, EMA60=107209.28, EMA120=106995.30, 趋势=震荡行情
[2025-06-17 15:45:26] BTCUSDT 1h: 当前价格=106592.90, EMA25=107100.77, EMA60=106582.24, EMA120=106395.33, 趋势=震荡行情
[2025-06-17 15:45:27] BTCUSDT 4h: 当前价格=106592.90, EMA25=106402.79, EMA60=106336.47, EMA120=106011.53, 趋势=上涨趋势
[2025-06-17 15:45:27] BTCUSDT 1d: 当前价格=106592.80, EMA25=105772.02, EMA60=101962.71, EMA120=97507.41, 趋势=上涨趋势
[2025-06-17 15:45:27] ETHUSDT 15m: 当前价格=2580.14, EMA25=2586.20, EMA60=2596.18, EMA120=2594.64, 趋势=下跌趋势
[2025-06-17 15:45:27] ETHUSDT 1h: 当前价格=2580.39, EMA25=2596.99, EMA60=2586.18, EMA120=2589.60, 趋势=震荡行情
[2025-06-17 15:45:28] ETHUSDT 4h: 当前价格=2580.39, EMA25=2586.32, EMA60=2593.45, EMA120=2573.15, 趋势=震荡行情
[2025-06-17 15:45:28] ETHUSDT 1d: 当前价格=2580.14, EMA25=2552.10, EMA60=2400.75, EMA120=2380.70, 趋势=上涨趋势
==============================

===== 趋势分析结果 (2025-06-17 16:00:28) =====
[2025-06-17 16:00:26] BTCUSDT 15m: 当前价格=106625.80, EMA25=107012.74, EMA60=107193.90, EMA120=106991.12, 趋势=震荡行情
[2025-06-17 16:00:26] BTCUSDT 1h: 当前价格=106625.70, EMA25=107072.62, EMA60=106587.41, EMA120=106401.04, 趋势=震荡行情
[2025-06-17 16:00:27] BTCUSDT 4h: 当前价格=106625.70, EMA25=106428.33, EMA60=106349.70, EMA120=106023.48, 趋势=上涨趋势
[2025-06-17 16:00:27] BTCUSDT 1d: 当前价格=106625.70, EMA25=105774.55, EMA60=101963.78, EMA120=97507.95, 趋势=上涨趋势
[2025-06-17 16:00:27] ETHUSDT 15m: 当前价格=2579.30, EMA25=2585.74, EMA60=2595.66, EMA120=2594.41, 趋势=下跌趋势
[2025-06-17 16:00:28] ETHUSDT 1h: 当前价格=2579.30, EMA25=2595.68, EMA60=2585.98, EMA120=2589.44, 趋势=震荡行情
[2025-06-17 16:00:28] ETHUSDT 4h: 当前价格=2579.52, EMA25=2585.85, EMA60=2593.02, EMA120=2573.27, 趋势=震荡行情
[2025-06-17 16:00:28] ETHUSDT 1d: 当前价格=2579.30, EMA25=2552.04, EMA60=2400.73, EMA120=2380.68, 趋势=上涨趋势
==============================

===== 趋势分析结果 (2025-06-17 16:15:28) =====
[2025-06-17 16:15:26] BTCUSDT 15m: 当前价格=106663.60, EMA25=106991.14, EMA60=107178.86, EMA120=106986.91, 趋势=震荡行情
[2025-06-17 16:15:26] BTCUSDT 1h: 当前价格=106663.60, EMA25=107075.54, EMA60=106588.65, EMA120=106401.66, 趋势=震荡行情
[2025-06-17 16:15:27] BTCUSDT 4h: 当前价格=106663.60, EMA25=106431.24, EMA60=106350.94, EMA120=106024.11, 趋势=上涨趋势
[2025-06-17 16:15:27] BTCUSDT 1d: 当前价格=106663.70, EMA25=105777.47, EMA60=101965.03, EMA120=97508.58, 趋势=上涨趋势
[2025-06-17 16:15:27] ETHUSDT 15m: 当前价格=2580.07, EMA25=2585.54, EMA60=2595.26, EMA120=2594.22, 趋势=下跌趋势
[2025-06-17 16:15:27] ETHUSDT 1h: 当前价格=2580.07, EMA25=2595.74, EMA60=2586.00, EMA120=2589.46, 趋势=震荡行情
[2025-06-17 16:15:28] ETHUSDT 4h: 当前价格=2579.92, EMA25=2585.88, EMA60=2593.03, EMA120=2573.27, 趋势=震荡行情
[2025-06-17 16:15:28] ETHUSDT 1d: 当前价格=2580.07, EMA25=2552.09, EMA60=2400.75, EMA120=2380.70, 趋势=上涨趋势
==============================

===== 趋势分析结果 (2025-06-17 16:30:28) =====
[2025-06-17 16:30:26] BTCUSDT 15m: 当前价格=106746.60, EMA25=106978.77, EMA60=107167.56, EMA120=106984.41, 趋势=下跌趋势
[2025-06-17 16:30:26] BTCUSDT 1h: 当前价格=106746.60, EMA25=107081.92, EMA60=106591.38, EMA120=106403.04, 趋势=震荡行情
[2025-06-17 16:30:27] BTCUSDT 4h: 当前价格=106746.60, EMA25=106437.63, EMA60=106353.66, EMA120=106025.48, 趋势=上涨趋势
[2025-06-17 16:30:27] BTCUSDT 1d: 当前价格=106746.70, EMA25=105783.86, EMA60=101967.75, EMA120=97509.95, 趋势=上涨趋势
[2025-06-17 16:30:27] ETHUSDT 15m: 当前价格=2579.17, EMA25=2585.04, EMA60=2594.72, EMA120=2593.97, 趋势=下跌趋势
[2025-06-17 16:30:28] ETHUSDT 1h: 当前价格=2579.17, EMA25=2595.67, EMA60=2585.97, EMA120=2589.44, 趋势=震荡行情
[2025-06-17 16:30:28] ETHUSDT 4h: 当前价格=2579.17, EMA25=2585.82, EMA60=2593.01, EMA120=2573.26, 趋势=震荡行情
[2025-06-17 16:30:28] ETHUSDT 1d: 当前价格=2579.17, EMA25=2552.03, EMA60=2400.72, EMA120=2380.68, 趋势=上涨趋势
==============================

===== 趋势分析结果 (2025-06-17 16:45:28) =====
[2025-06-17 16:45:26] BTCUSDT 15m: 当前价格=106503.70, EMA25=106920.07, EMA60=107135.90, EMA120=106971.39, 趋势=下跌趋势
[2025-06-17 16:45:26] BTCUSDT 1h: 当前价格=106503.70, EMA25=107063.24, EMA60=106583.41, EMA120=106399.02, 趋势=震荡行情
[2025-06-17 16:45:27] BTCUSDT 4h: 当前价格=106503.70, EMA25=106418.94, EMA60=106345.70, EMA120=106021.47, 趋势=上涨趋势
[2025-06-17 16:45:27] BTCUSDT 1d: 当前价格=106503.70, EMA25=105765.17, EMA60=101959.78, EMA120=97505.94, 趋势=上涨趋势
[2025-06-17 16:45:27] ETHUSDT 15m: 当前价格=2571.65, EMA25=2583.36, EMA60=2593.68, EMA120=2593.46, 趋势=下跌趋势
[2025-06-17 16:45:27] ETHUSDT 1h: 当前价格=2571.25, EMA25=2595.06, EMA60=2585.71, EMA120=2589.31, 趋势=震荡行情
[2025-06-17 16:45:28] ETHUSDT 4h: 当前价格=2571.25, EMA25=2585.21, EMA60=2592.75, EMA120=2573.13, 趋势=震荡行情
[2025-06-17 16:45:28] ETHUSDT 1d: 当前价格=2571.25, EMA25=2551.42, EMA60=2400.46, EMA120=2380.55, 趋势=上涨趋势
==============================

===== 趋势分析结果 (2025-06-17 17:00:28) =====
[2025-06-17 17:00:26] BTCUSDT 15m: 当前价格=106500.10, EMA25=106888.83, EMA60=107115.53, EMA120=106963.84, 趋势=下跌趋势
[2025-06-17 17:00:26] BTCUSDT 1h: 当前价格=106500.10, EMA25=107020.99, EMA60=106581.16, EMA120=106400.92, 趋势=震荡行情
[2025-06-17 17:00:27] BTCUSDT 4h: 当前价格=106500.10, EMA25=106418.66, EMA60=106345.58, EMA120=106021.41, 趋势=上涨趋势
[2025-06-17 17:00:27] BTCUSDT 1d: 当前价格=106500.10, EMA25=105764.89, EMA60=101959.67, EMA120=97505.88, 趋势=上涨趋势
[2025-06-17 17:00:27] ETHUSDT 15m: 当前价格=2570.02, EMA25=2582.26, EMA60=2592.87, EMA120=2593.05, 趋势=下跌趋势
[2025-06-17 17:00:28] ETHUSDT 1h: 当前价格=2570.59, EMA25=2593.13, EMA60=2585.20, EMA120=2588.99, 趋势=震荡行情
[2025-06-17 17:00:28] ETHUSDT 4h: 当前价格=2570.02, EMA25=2585.12, EMA60=2592.71, EMA120=2573.11, 趋势=震荡行情
[2025-06-17 17:00:28] ETHUSDT 1d: 当前价格=2570.59, EMA25=2551.37, EMA60=2400.44, EMA120=2380.54, 趋势=上涨趋势
==============================

===== 趋势分析结果 (2025-06-17 17:15:28) =====
[2025-06-17 17:15:26] BTCUSDT 15m: 当前价格=106405.30, EMA25=106846.19, EMA60=107089.81, EMA120=106953.36, 趋势=下跌趋势
[2025-06-17 17:15:27] BTCUSDT 1h: 当前价格=106405.20, EMA25=107013.69, EMA60=106578.05, EMA120=106399.35, 趋势=震荡行情
[2025-06-17 17:15:27] BTCUSDT 4h: 当前价格=106405.30, EMA25=106411.37, EMA60=106342.47, EMA120=106019.84, 趋势=震荡行情
[2025-06-17 17:15:27] BTCUSDT 1d: 当前价格=106405.30, EMA25=105757.60, EMA60=101956.56, EMA120=97504.31, 趋势=上涨趋势
[2025-06-17 17:15:27] ETHUSDT 15m: 当前价格=2569.25, EMA25=2581.17, EMA60=2592.06, EMA120=2592.64, 趋势=下跌趋势
[2025-06-17 17:15:28] ETHUSDT 1h: 当前价格=2569.21, EMA25=2593.03, EMA60=2585.15, EMA120=2588.97, 趋势=震荡行情
[2025-06-17 17:15:28] ETHUSDT 4h: 当前价格=2569.21, EMA25=2585.05, EMA60=2592.68, EMA120=2573.10, 趋势=震荡行情
[2025-06-17 17:15:28] ETHUSDT 1d: 当前价格=2569.21, EMA25=2551.26, EMA60=2400.40, EMA120=2380.52, 趋势=上涨趋势
==============================

===== 趋势分析结果 (2025-06-17 17:30:28) =====
[2025-06-17 17:30:26] BTCUSDT 15m: 当前价格=106353.80, EMA25=106804.81, EMA60=107064.12, EMA120=106942.65, 趋势=下跌趋势
[2025-06-17 17:30:26] BTCUSDT 1h: 当前价格=106353.80, EMA25=107009.74, EMA60=106576.36, EMA120=106398.50, 趋势=震荡行情
[2025-06-17 17:30:27] BTCUSDT 4h: 当前价格=106353.80, EMA25=106407.41, EMA60=106340.78, EMA120=106018.99, 趋势=震荡行情
[2025-06-17 17:30:27] BTCUSDT 1d: 当前价格=106353.80, EMA25=105753.64, EMA60=101954.87, EMA120=97503.46, 趋势=上涨趋势
[2025-06-17 17:30:27] ETHUSDT 15m: 当前价格=2569.84, EMA25=2580.29, EMA60=2591.32, EMA120=2592.26, 趋势=下跌趋势
[2025-06-17 17:30:27] ETHUSDT 1h: 当前价格=2569.93, EMA25=2593.08, EMA60=2585.18, EMA120=2588.98, 趋势=震荡行情
[2025-06-17 17:30:28] ETHUSDT 4h: 当前价格=2569.93, EMA25=2585.11, EMA60=2592.70, EMA120=2573.11, 趋势=震荡行情
[2025-06-17 17:30:28] ETHUSDT 1d: 当前价格=2569.74, EMA25=2551.30, EMA60=2400.41, EMA120=2380.53, 趋势=上涨趋势
==============================

===== 趋势分析结果 (2025-06-17 17:45:28) =====
[2025-06-17 17:45:26] BTCUSDT 15m: 当前价格=106196.00, EMA25=106748.02, EMA60=107031.21, EMA120=106928.02, 趋势=下跌趋势
[2025-06-17 17:45:26] BTCUSDT 1h: 当前价格=106186.10, EMA25=106996.84, EMA60=106570.86, EMA120=106395.73, 趋势=震荡行情
[2025-06-17 17:45:27] BTCUSDT 4h: 当前价格=106186.10, EMA25=106394.51, EMA60=106335.29, EMA120=106016.22, 趋势=震荡行情
[2025-06-17 17:45:27] BTCUSDT 1d: 当前价格=106186.10, EMA25=105740.74, EMA60=101949.37, EMA120=97500.69, 趋势=上涨趋势
[2025-06-17 17:45:27] ETHUSDT 15m: 当前价格=2565.92, EMA25=2578.90, EMA60=2590.36, EMA120=2591.76, 趋势=下跌趋势
[2025-06-17 17:45:27] ETHUSDT 1h: 当前价格=2565.92, EMA25=2592.77, EMA60=2585.04, EMA120=2588.92, 趋势=震荡行情
[2025-06-17 17:45:28] ETHUSDT 4h: 当前价格=2566.05, EMA25=2584.81, EMA60=2592.58, EMA120=2573.04, 趋势=震荡行情
[2025-06-17 17:45:28] ETHUSDT 1d: 当前价格=2565.71, EMA25=2550.99, EMA60=2400.28, EMA120=2380.46, 趋势=上涨趋势
==============================

===== 趋势分析结果 (2025-06-17 18:00:28) =====
[2025-06-17 18:00:26] BTCUSDT 15m: 当前价格=106090.10, EMA25=106691.46, EMA60=106997.69, EMA120=106912.80, 趋势=下跌趋势
[2025-06-17 18:00:26] BTCUSDT 1h: 当前价格=106090.10, EMA25=106921.84, EMA60=106552.76, EMA120=106389.44, 趋势=震荡行情
[2025-06-17 18:00:27] BTCUSDT 4h: 当前价格=106090.10, EMA25=106387.13, EMA60=106332.14, EMA120=106014.63, 趋势=震荡行情
[2025-06-17 18:00:27] BTCUSDT 1d: 当前价格=106090.20, EMA25=105733.36, EMA60=101946.23, EMA120=97499.10, 趋势=上涨趋势
[2025-06-17 18:00:27] ETHUSDT 15m: 当前价格=2566.09, EMA25=2577.92, EMA60=2589.57, EMA120=2591.34, 趋势=下跌趋势
[2025-06-17 18:00:28] ETHUSDT 1h: 当前价格=2566.10, EMA25=2590.72, EMA60=2584.42, EMA120=2588.54, 趋势=震荡行情
[2025-06-17 18:00:28] ETHUSDT 4h: 当前价格=2566.10, EMA25=2584.82, EMA60=2592.58, EMA120=2573.05, 趋势=震荡行情
[2025-06-17 18:00:28] ETHUSDT 1d: 当前价格=2566.09, EMA25=2551.02, EMA60=2400.29, EMA120=2380.47, 趋势=上涨趋势
==============================

===== 趋势分析结果 (2025-06-17 18:15:29) =====
[2025-06-17 18:15:26] BTCUSDT 15m: 当前价格=106035.90, EMA25=106637.06, EMA60=106964.38, EMA120=106897.39, 趋势=下跌趋势
[2025-06-17 18:15:27] BTCUSDT 1h: 当前价格=106035.80, EMA25=106917.66, EMA60=106550.98, EMA120=106388.54, 趋势=震荡行情
[2025-06-17 18:15:27] BTCUSDT 4h: 当前价格=106035.90, EMA25=106382.96, EMA60=106330.36, EMA120=106013.74, 趋势=震荡行情
[2025-06-17 18:15:27] BTCUSDT 1d: 当前价格=106035.90, EMA25=105729.18, EMA60=101944.45, EMA120=97498.20, 趋势=上涨趋势
[2025-06-17 18:15:28] ETHUSDT 15m: 当前价格=2560.79, EMA25=2576.20, EMA60=2588.44, EMA120=2590.74, 趋势=下跌趋势
[2025-06-17 18:15:28] ETHUSDT 1h: 当前价格=2560.58, EMA25=2590.30, EMA60=2584.24, EMA120=2588.45, 趋势=震荡行情
[2025-06-17 18:15:28] ETHUSDT 4h: 当前价格=2560.72, EMA25=2584.40, EMA60=2592.40, EMA120=2572.96, 趋势=震荡行情
[2025-06-17 18:15:29] ETHUSDT 1d: 当前价格=2560.58, EMA25=2550.60, EMA60=2400.11, EMA120=2380.37, 趋势=上涨趋势
==============================

===== 趋势分析结果 (2025-06-17 18:30:28) =====
[2025-06-17 18:30:26] BTCUSDT 15m: 当前价格=106031.30, EMA25=106591.83, EMA60=106934.40, EMA120=106883.38, 趋势=下跌趋势
[2025-06-17 18:30:27] BTCUSDT 1h: 当前价格=106031.40, EMA25=106917.32, EMA60=106550.83, EMA120=106388.47, 趋势=震荡行情
[2025-06-17 18:30:27] BTCUSDT 4h: 当前价格=106031.40, EMA25=106382.61, EMA60=106330.21, EMA120=106013.66, 趋势=震荡行情
[2025-06-17 18:30:27] BTCUSDT 1d: 当前价格=106031.40, EMA25=105728.84, EMA60=101944.30, EMA120=97498.13, 趋势=上涨趋势
[2025-06-17 18:30:28] ETHUSDT 15m: 当前价格=2561.88, EMA25=2575.17, EMA60=2587.61, EMA120=2590.28, 趋势=下跌趋势
[2025-06-17 18:30:28] ETHUSDT 1h: 当前价格=2561.87, EMA25=2590.40, EMA60=2584.29, EMA120=2588.47, 趋势=震荡行情
[2025-06-17 18:30:28] ETHUSDT 4h: 当前价格=2561.88, EMA25=2584.49, EMA60=2592.44, EMA120=2572.98, 趋势=震荡行情
[2025-06-17 18:30:28] ETHUSDT 1d: 当前价格=2561.88, EMA25=2550.70, EMA60=2400.16, EMA120=2380.40, 趋势=上涨趋势
==============================

===== 趋势分析结果 (2025-06-17 18:45:30) =====
[2025-06-17 18:45:26] BTCUSDT 15m: 当前价格=105772.80, EMA25=106507.85, EMA60=106886.95, EMA120=106860.21, 趋势=下跌趋势
[2025-06-17 18:45:26] BTCUSDT 1h: 当前价格=105772.80, EMA25=106897.43, EMA60=106542.35, EMA120=106384.19, 趋势=震荡行情
[2025-06-17 18:45:27] BTCUSDT 4h: 当前价格=105772.80, EMA25=106362.72, EMA60=106321.73, EMA120=106009.39, 趋势=震荡行情
[2025-06-17 18:45:27] BTCUSDT 1d: 当前价格=105772.80, EMA25=105708.94, EMA60=101935.82, EMA120=97493.86, 趋势=上涨趋势
[2025-06-17 18:45:29] ETHUSDT 15m: 当前价格=2550.43, EMA25=2572.26, EMA60=2585.94, EMA120=2589.39, 趋势=下跌趋势
[2025-06-17 18:45:30] ETHUSDT 1h: 当前价格=2550.61, EMA25=2589.53, EMA60=2583.92, EMA120=2588.28, 趋势=震荡行情
[2025-06-17 18:45:30] ETHUSDT 4h: 当前价格=2550.43, EMA25=2583.61, EMA60=2592.06, EMA120=2572.79, 趋势=震荡行情
[2025-06-17 18:45:30] ETHUSDT 1d: 当前价格=2550.09, EMA25=2549.79, EMA60=2399.77, EMA120=2380.20, 趋势=上涨趋势
==============================

===== 趋势分析结果 (2025-06-17 19:00:28) =====
[2025-06-17 19:00:26] BTCUSDT 15m: 当前价格=105897.10, EMA25=106470.23, EMA60=106858.68, EMA120=106846.42, 趋势=下跌趋势
[2025-06-17 19:00:26] BTCUSDT 1h: 当前价格=105897.10, EMA25=106829.85, EMA60=106525.38, EMA120=106378.24, 趋势=震荡行情
[2025-06-17 19:00:27] BTCUSDT 4h: 当前价格=105897.10, EMA25=106372.28, EMA60=106325.81, EMA120=106011.44, 趋势=震荡行情
[2025-06-17 19:00:27] BTCUSDT 1d: 当前价格=105897.10, EMA25=105718.51, EMA60=101939.90, EMA120=97495.91, 趋势=上涨趋势
[2025-06-17 19:00:27] ETHUSDT 15m: 当前价格=2555.38, EMA25=2571.36, EMA60=2585.11, EMA120=2588.92, 趋势=下跌趋势
[2025-06-17 19:00:28] ETHUSDT 1h: 当前价格=2555.45, EMA25=2587.30, EMA60=2583.16, EMA120=2587.83, 趋势=下跌趋势
[2025-06-17 19:00:28] ETHUSDT 4h: 当前价格=2555.45, EMA25=2584.00, EMA60=2592.23, EMA120=2572.87, 趋势=震荡行情
[2025-06-17 19:00:28] ETHUSDT 1d: 当前价格=2555.39, EMA25=2550.20, EMA60=2399.94, EMA120=2380.29, 趋势=上涨趋势
==============================

===== 趋势分析结果 (2025-06-17 19:15:28) =====
[2025-06-17 19:15:26] BTCUSDT 15m: 当前价格=105663.90, EMA25=106393.15, EMA60=106812.78, EMA120=106823.41, 趋势=下跌趋势
[2025-06-17 19:15:26] BTCUSDT 1h: 当前价格=105663.90, EMA25=106811.91, EMA60=106517.74, EMA120=106374.39, 趋势=震荡行情
[2025-06-17 19:15:27] BTCUSDT 4h: 当前价格=105664.00, EMA25=106354.35, EMA60=106318.17, EMA120=106007.59, 趋势=震荡行情
[2025-06-17 19:15:27] BTCUSDT 1d: 当前价格=105663.90, EMA25=105700.57, EMA60=101932.25, EMA120=97492.06, 趋势=震荡行情
[2025-06-17 19:15:27] ETHUSDT 15m: 当前价格=2547.00, EMA25=2568.94, EMA60=2583.62, EMA120=2588.10, 趋势=下跌趋势
[2025-06-17 19:15:27] ETHUSDT 1h: 当前价格=2547.16, EMA25=2586.66, EMA60=2582.88, EMA120=2587.69, 趋势=下跌趋势
[2025-06-17 19:15:28] ETHUSDT 4h: 当前价格=2547.00, EMA25=2583.35, EMA60=2591.95, EMA120=2572.73, 趋势=震荡行情
[2025-06-17 19:15:28] ETHUSDT 1d: 当前价格=2547.00, EMA25=2549.55, EMA60=2399.67, EMA120=2380.15, 趋势=震荡行情
==============================

===== 趋势分析结果 (2025-06-17 19:30:28) =====
[2025-06-17 19:30:26] BTCUSDT 15m: 当前价格=105513.50, EMA25=106314.70, EMA60=106765.36, EMA120=106799.28, 趋势=下跌趋势
[2025-06-17 19:30:26] BTCUSDT 1h: 当前价格=105513.50, EMA25=106800.34, EMA60=106512.80, EMA120=106371.90, 趋势=震荡行情
[2025-06-17 19:30:27] BTCUSDT 4h: 当前价格=105513.50, EMA25=106342.77, EMA60=106313.23, EMA120=106005.10, 趋势=震荡行情
[2025-06-17 19:30:27] BTCUSDT 1d: 当前价格=105513.60, EMA25=105689.01, EMA60=101927.32, EMA120=97489.57, 趋势=震荡行情
[2025-06-17 19:30:27] ETHUSDT 15m: 当前价格=2544.79, EMA25=2566.85, EMA60=2582.24, EMA120=2587.33, 趋势=下跌趋势
[2025-06-17 19:30:28] ETHUSDT 1h: 当前价格=2544.42, EMA25=2586.45, EMA60=2582.79, EMA120=2587.65, 趋势=下跌趋势
[2025-06-17 19:30:28] ETHUSDT 4h: 当前价格=2544.42, EMA25=2583.15, EMA60=2591.87, EMA120=2572.69, 趋势=震荡行情
[2025-06-17 19:30:28] ETHUSDT 1d: 当前价格=2544.79, EMA25=2549.38, EMA60=2399.60, EMA120=2380.11, 趋势=震荡行情
==============================

===== 趋势分析结果 (2025-06-17 19:45:28) =====
[2025-06-17 19:45:26] BTCUSDT 15m: 当前价格=105483.40, EMA25=106248.16, EMA60=106722.17, EMA120=106776.92, 趋势=下跌趋势
[2025-06-17 19:45:26] BTCUSDT 1h: 当前价格=105483.40, EMA25=106798.03, EMA60=106511.82, EMA120=106371.40, 趋势=震荡行情
[2025-06-17 19:45:27] BTCUSDT 4h: 当前价格=105483.40, EMA25=106340.46, EMA60=106312.25, EMA120=106004.60, 趋势=震荡行情
[2025-06-17 19:45:27] BTCUSDT 1d: 当前价格=105483.40, EMA25=105686.68, EMA60=101926.33, EMA120=97489.07, 趋势=震荡行情
[2025-06-17 19:45:27] ETHUSDT 15m: 当前价格=2544.29, EMA25=2565.03, EMA60=2580.96, EMA120=2586.60, 趋势=下跌趋势
[2025-06-17 19:45:28] ETHUSDT 1h: 当前价格=2544.29, EMA25=2586.44, EMA60=2582.79, EMA120=2587.64, 趋势=下跌趋势
[2025-06-17 19:45:28] ETHUSDT 4h: 当前价格=2544.13, EMA25=2583.13, EMA60=2591.86, EMA120=2572.68, 趋势=震荡行情
[2025-06-17 19:45:28] ETHUSDT 1d: 当前价格=2544.13, EMA25=2549.33, EMA60=2399.57, EMA120=2380.10, 趋势=震荡行情
==============================

===== 趋势分析结果 (2025-06-17 20:00:28) =====
[2025-06-17 20:00:26] BTCUSDT 15m: 当前价格=105555.10, EMA25=106202.62, EMA60=106687.38, EMA120=106758.50, 趋势=下跌趋势
[2025-06-17 20:00:26] BTCUSDT 1h: 当前价格=105555.10, EMA25=106710.19, EMA60=106483.92, EMA120=106359.65, 趋势=震荡行情
[2025-06-17 20:00:27] BTCUSDT 4h: 当前价格=105555.10, EMA25=106287.82, EMA60=106290.89, EMA120=105998.84, 趋势=震荡行情
[2025-06-17 20:00:27] BTCUSDT 1d: 当前价格=105555.10, EMA25=105692.20, EMA60=101928.68, EMA120=97490.26, 趋势=震荡行情
[2025-06-17 20:00:27] ETHUSDT 15m: 当前价格=2550.12, EMA25=2564.38, EMA60=2580.17, EMA120=2586.11, 趋势=下跌趋势
[2025-06-17 20:00:27] ETHUSDT 1h: 当前价格=2550.12, EMA25=2584.14, EMA60=2581.94, EMA120=2587.14, 趋势=下跌趋势
[2025-06-17 20:00:28] ETHUSDT 4h: 当前价格=2550.12, EMA25=2581.09, EMA60=2590.71, EMA120=2572.42, 趋势=震荡行情
[2025-06-17 20:00:28] ETHUSDT 1d: 当前价格=2550.00, EMA25=2549.78, EMA60=2399.77, EMA120=2380.20, 趋势=上涨趋势
==============================

===== 趋势分析结果 (2025-06-17 20:15:28) =====
[2025-06-17 20:15:26] BTCUSDT 15m: 当前价格=105671.10, EMA25=106174.79, EMA60=106659.89, EMA120=106743.50, 趋势=下跌趋势
[2025-06-17 20:15:26] BTCUSDT 1h: 当前价格=105671.10, EMA25=106719.11, EMA60=106487.73, EMA120=106361.56, 趋势=震荡行情
[2025-06-17 20:15:27] BTCUSDT 4h: 当前价格=105671.10, EMA25=106296.74, EMA60=106294.70, EMA120=106000.76, 趋势=震荡行情
[2025-06-17 20:15:27] BTCUSDT 1d: 当前价格=105671.10, EMA25=105701.12, EMA60=101932.49, EMA120=97492.17, 趋势=震荡行情
[2025-06-17 20:15:27] ETHUSDT 15m: 当前价格=2553.19, EMA25=2563.85, EMA60=2579.44, EMA120=2585.64, 趋势=下跌趋势
[2025-06-17 20:15:27] ETHUSDT 1h: 当前价格=2553.19, EMA25=2584.37, EMA60=2582.04, EMA120=2587.19, 趋势=下跌趋势
[2025-06-17 20:15:28] ETHUSDT 4h: 当前价格=2553.19, EMA25=2581.33, EMA60=2590.82, EMA120=2572.47, 趋势=震荡行情
[2025-06-17 20:15:28] ETHUSDT 1d: 当前价格=2553.84, EMA25=2550.08, EMA60=2399.89, EMA120=2380.26, 趋势=上涨趋势
==============================

===== 趋势分析结果 (2025-06-17 20:30:28) =====
[2025-06-17 20:30:26] BTCUSDT 15m: 当前价格=105650.30, EMA25=106132.25, EMA60=106625.81, EMA120=106724.91, 趋势=下跌趋势
[2025-06-17 20:30:27] BTCUSDT 1h: 当前价格=105642.00, EMA25=106716.88, EMA60=106486.77, EMA120=106361.08, 趋势=震荡行情
[2025-06-17 20:30:27] BTCUSDT 4h: 当前价格=105642.00, EMA25=106294.50, EMA60=106293.74, EMA120=106000.27, 趋势=震荡行情
[2025-06-17 20:30:27] BTCUSDT 1d: 当前价格=105650.40, EMA25=105699.53, EMA60=101931.81, EMA120=97491.83, 趋势=震荡行情
[2025-06-17 20:30:28] ETHUSDT 15m: 当前价格=2548.60, EMA25=2562.35, EMA60=2578.28, EMA120=2584.95, 趋势=下跌趋势
[2025-06-17 20:30:28] ETHUSDT 1h: 当前价格=2549.18, EMA25=2584.06, EMA60=2581.91, EMA120=2587.12, 趋势=下跌趋势
[2025-06-17 20:30:28] ETHUSDT 4h: 当前价格=2549.19, EMA25=2581.02, EMA60=2590.68, EMA120=2572.41, 趋势=震荡行情
[2025-06-17 20:30:28] ETHUSDT 1d: 当前价格=2549.19, EMA25=2549.72, EMA60=2399.74, EMA120=2380.19, 趋势=震荡行情
==============================

===== 趋势分析结果 (2025-06-17 20:45:28) =====
[2025-06-17 20:45:26] BTCUSDT 15m: 当前价格=105683.60, EMA25=106101.99, EMA60=106596.81, EMA120=106708.67, 趋势=下跌趋势
[2025-06-17 20:45:26] BTCUSDT 1h: 当前价格=105683.70, EMA25=106720.08, EMA60=106488.14, EMA120=106361.77, 趋势=震荡行情
[2025-06-17 20:45:27] BTCUSDT 4h: 当前价格=105683.70, EMA25=106297.71, EMA60=106295.11, EMA120=106000.96, 趋势=震荡行情
[2025-06-17 20:45:27] BTCUSDT 1d: 当前价格=105683.70, EMA25=105702.09, EMA60=101932.90, EMA120=97492.38, 趋势=震荡行情
[2025-06-17 20:45:27] ETHUSDT 15m: 当前价格=2554.69, EMA25=2562.27, EMA60=2577.73, EMA120=2584.57, 趋势=下跌趋势
[2025-06-17 20:45:27] ETHUSDT 1h: 当前价格=2554.70, EMA25=2584.49, EMA60=2582.09, EMA120=2587.21, 趋势=下跌趋势
[2025-06-17 20:45:28] ETHUSDT 4h: 当前价格=2554.70, EMA25=2581.44, EMA60=2590.86, EMA120=2572.50, 趋势=震荡行情
[2025-06-17 20:45:28] ETHUSDT 1d: 当前价格=2554.58, EMA25=2550.13, EMA60=2399.92, EMA120=2380.28, 趋势=上涨趋势
==============================

===== 趋势分析结果 (2025-06-17 21:00:28) =====
[2025-06-17 21:00:26] BTCUSDT 15m: 当前价格=105467.40, EMA25=106037.66, EMA60=106552.85, EMA120=106684.59, 趋势=下跌趋势
[2025-06-17 21:00:26] BTCUSDT 1h: 当前价格=105467.40, EMA25=106608.20, EMA60=106447.74, EMA120=106343.40, 趋势=震荡行情
[2025-06-17 21:00:27] BTCUSDT 4h: 当前价格=105467.40, EMA25=106281.07, EMA60=106288.02, EMA120=105997.39, 趋势=震荡行情
[2025-06-17 21:00:27] BTCUSDT 1d: 当前价格=105467.40, EMA25=105685.45, EMA60=101925.81, EMA120=97488.81, 趋势=震荡行情
[2025-06-17 21:00:27] ETHUSDT 15m: 当前价格=2548.65, EMA25=2560.67, EMA60=2576.53, EMA120=2583.85, 趋势=下跌趋势
[2025-06-17 21:00:27] ETHUSDT 1h: 当前价格=2548.65, EMA25=2581.17, EMA60=2580.74, EMA120=2586.45, 趋势=下跌趋势
[2025-06-17 21:00:28] ETHUSDT 4h: 当前价格=2548.65, EMA25=2580.98, EMA60=2590.67, EMA120=2572.40, 趋势=震荡行情
[2025-06-17 21:00:28] ETHUSDT 1d: 当前价格=2548.65, EMA25=2549.68, EMA60=2399.72, EMA120=2380.18, 趋势=震荡行情
==============================

===== 趋势分析结果 (2025-06-17 21:15:28) =====
[2025-06-17 21:15:26] BTCUSDT 15m: 当前价格=105574.80, EMA25=106004.09, EMA60=106521.70, EMA120=106666.70, 趋势=下跌趋势
[2025-06-17 21:15:26] BTCUSDT 1h: 当前价格=105576.20, EMA25=106616.57, EMA60=106451.31, EMA120=106345.19, 趋势=震荡行情
[2025-06-17 21:15:27] BTCUSDT 4h: 当前价格=105576.20, EMA25=106289.44, EMA60=106291.59, EMA120=105999.19, 趋势=震荡行情
[2025-06-17 21:15:27] BTCUSDT 1d: 当前价格=105576.20, EMA25=105693.82, EMA60=101929.37, EMA120=97490.61, 趋势=震荡行情
[2025-06-17 21:15:27] ETHUSDT 15m: 当前价格=2550.72, EMA25=2559.97, EMA60=2575.71, EMA120=2583.31, 趋势=下跌趋势
[2025-06-17 21:15:28] ETHUSDT 1h: 当前价格=2550.71, EMA25=2581.33, EMA60=2580.81, EMA120=2586.48, 趋势=下跌趋势
[2025-06-17 21:15:28] ETHUSDT 4h: 当前价格=2550.71, EMA25=2581.14, EMA60=2590.73, EMA120=2572.43, 趋势=震荡行情
[2025-06-17 21:15:28] ETHUSDT 1d: 当前价格=2550.63, EMA25=2549.83, EMA60=2399.79, EMA120=2380.21, 趋势=上涨趋势
==============================

===== 趋势分析结果 (2025-06-17 21:30:28) =====
[2025-06-17 21:30:26] BTCUSDT 15m: 当前价格=105630.80, EMA25=105975.74, EMA60=106492.65, EMA120=106649.65, 趋势=下跌趋势
[2025-06-17 21:30:26] BTCUSDT 1h: 当前价格=105617.40, EMA25=106619.74, EMA60=106452.66, EMA120=106345.88, 趋势=震荡行情
[2025-06-17 21:30:27] BTCUSDT 4h: 当前价格=105617.40, EMA25=106292.61, EMA60=106292.94, EMA120=105999.87, 趋势=震荡行情
[2025-06-17 21:30:27] BTCUSDT 1d: 当前价格=105630.80, EMA25=105698.02, EMA60=101931.16, EMA120=97491.51, 趋势=震荡行情
[2025-06-17 21:30:27] ETHUSDT 15m: 当前价格=2559.62, EMA25=2560.31, EMA60=2575.35, EMA120=2583.01, 趋势=下跌趋势
[2025-06-17 21:30:27] ETHUSDT 1h: 当前价格=2559.30, EMA25=2581.99, EMA60=2581.09, EMA120=2586.62, 趋势=下跌趋势
[2025-06-17 21:30:28] ETHUSDT 4h: 当前价格=2558.96, EMA25=2581.77, EMA60=2591.00, EMA120=2572.57, 趋势=震荡行情
[2025-06-17 21:30:28] ETHUSDT 1d: 当前价格=2558.96, EMA25=2550.47, EMA60=2400.06, EMA120=2380.35, 趋势=上涨趋势
==============================

===== 趋势分析结果 (2025-06-17 21:45:28) =====
[2025-06-17 21:45:26] BTCUSDT 15m: 当前价格=105270.10, EMA25=105894.95, EMA60=106440.73, EMA120=106620.75, 趋势=下跌趋势
[2025-06-17 21:45:26] BTCUSDT 1h: 当前价格=105270.10, EMA25=106593.02, EMA60=106441.27, EMA120=106340.13, 趋势=震荡行情
[2025-06-17 21:45:27] BTCUSDT 4h: 当前价格=105270.10, EMA25=106265.90, EMA60=106281.55, EMA120=105994.13, 趋势=震荡行情
[2025-06-17 21:45:27] BTCUSDT 1d: 当前价格=105270.10, EMA25=105670.27, EMA60=101919.34, EMA120=97485.55, 趋势=震荡行情
[2025-06-17 21:45:27] ETHUSDT 15m: 当前价格=2549.21, EMA25=2558.69, EMA60=2574.15, EMA120=2582.27, 趋势=下跌趋势
[2025-06-17 21:45:27] ETHUSDT 1h: 当前价格=2550.08, EMA25=2581.28, EMA60=2580.79, EMA120=2586.47, 趋势=下跌趋势
[2025-06-17 21:45:28] ETHUSDT 4h: 当前价格=2550.00, EMA25=2581.08, EMA60=2590.71, EMA120=2572.42, 趋势=震荡行情
[2025-06-17 21:45:28] ETHUSDT 1d: 当前价格=2550.00, EMA25=2549.78, EMA60=2399.77, EMA120=2380.20, 趋势=上涨趋势
==============================

===== 趋势分析结果 (2025-06-17 22:00:28) =====
[2025-06-17 22:00:26] BTCUSDT 15m: 当前价格=105343.70, EMA25=105854.77, EMA60=106405.75, EMA120=106600.12, 趋势=下跌趋势
[2025-06-17 22:00:26] BTCUSDT 1h: 当前价格=105350.00, EMA25=106499.63, EMA60=106406.48, EMA120=106324.23, 趋势=震荡行情
[2025-06-17 22:00:27] BTCUSDT 4h: 当前价格=105350.00, EMA25=106272.04, EMA60=106284.17, EMA120=105995.45, 趋势=震荡行情
[2025-06-17 22:00:27] BTCUSDT 1d: 当前价格=105345.30, EMA25=105676.06, EMA60=101921.80, EMA120=97486.79, 趋势=震荡行情
[2025-06-17 22:00:27] ETHUSDT 15m: 当前价格=2553.27, EMA25=2558.47, EMA60=2573.56, EMA120=2581.84, 趋势=下跌趋势
[2025-06-17 22:00:27] ETHUSDT 1h: 当前价格=2553.49, EMA25=2579.29, EMA60=2579.96, EMA120=2585.96, 趋势=下跌趋势
[2025-06-17 22:00:28] ETHUSDT 4h: 当前价格=2553.49, EMA25=2581.35, EMA60=2590.82, EMA120=2572.48, 趋势=震荡行情
[2025-06-17 22:00:28] ETHUSDT 1d: 当前价格=2553.27, EMA25=2550.03, EMA60=2399.87, EMA120=2380.25, 趋势=上涨趋势
==============================

===== 趋势分析结果 (2025-06-17 22:15:29) =====
[2025-06-17 22:15:26] BTCUSDT 15m: 当前价格=105606.10, EMA25=105856.14, EMA60=106388.69, EMA120=106588.36, 趋势=下跌趋势
[2025-06-17 22:15:26] BTCUSDT 1h: 当前价格=105606.10, EMA25=106519.33, EMA60=106414.88, EMA120=106328.47, 趋势=震荡行情
[2025-06-17 22:15:27] BTCUSDT 4h: 当前价格=105606.10, EMA25=106291.74, EMA60=106292.57, EMA120=105999.68, 趋势=震荡行情
[2025-06-17 22:15:27] BTCUSDT 1d: 当前价格=105606.10, EMA25=105696.12, EMA60=101930.35, EMA120=97491.10, 趋势=震荡行情
[2025-06-17 22:15:27] ETHUSDT 15m: 当前价格=2563.42, EMA25=2559.64, EMA60=2573.58, EMA120=2581.71, 趋势=震荡行情
[2025-06-17 22:15:27] ETHUSDT 1h: 当前价格=2563.42, EMA25=2580.05, EMA60=2580.28, EMA120=2586.12, 趋势=下跌趋势
[2025-06-17 22:15:29] ETHUSDT 4h: 当前价格=2563.42, EMA25=2582.11, EMA60=2591.15, EMA120=2572.64, 趋势=震荡行情
[2025-06-17 22:15:29] ETHUSDT 1d: 当前价格=2563.42, EMA25=2550.81, EMA60=2400.21, EMA120=2380.42, 趋势=上涨趋势
==============================

===== 趋势分析结果 (2025-06-17 22:30:28) =====
[2025-06-17 22:30:26] BTCUSDT 15m: 当前价格=105319.90, EMA25=105790.62, EMA60=106342.81, EMA120=106561.81, 趋势=下跌趋势
[2025-06-17 22:30:26] BTCUSDT 1h: 当前价格=105329.40, EMA25=106498.04, EMA60=106405.81, EMA120=106323.89, 趋势=震荡行情
[2025-06-17 22:30:27] BTCUSDT 4h: 当前价格=105329.40, EMA25=106270.46, EMA60=106283.49, EMA120=105995.11, 趋势=震荡行情
[2025-06-17 22:30:27] BTCUSDT 1d: 当前价格=105329.40, EMA25=105674.84, EMA60=101921.28, EMA120=97486.53, 趋势=震荡行情
[2025-06-17 22:30:27] ETHUSDT 15m: 当前价格=2557.68, EMA25=2559.11, EMA60=2572.89, EMA120=2581.23, 趋势=下跌趋势
[2025-06-17 22:30:28] ETHUSDT 1h: 当前价格=2557.61, EMA25=2579.60, EMA60=2580.09, EMA120=2586.03, 趋势=下跌趋势
[2025-06-17 22:30:28] ETHUSDT 4h: 当前价格=2557.61, EMA25=2581.67, EMA60=2590.96, EMA120=2572.55, 趋势=震荡行情
[2025-06-17 22:30:28] ETHUSDT 1d: 当前价格=2557.68, EMA25=2550.37, EMA60=2400.02, EMA120=2380.33, 趋势=上涨趋势
==============================

===== 趋势分析结果 (2025-06-17 22:45:28) =====
[2025-06-17 22:45:26] BTCUSDT 15m: 当前价格=104937.50, EMA25=105702.27, EMA60=106286.58, EMA120=106529.73, 趋势=下跌趋势
[2025-06-17 22:45:27] BTCUSDT 1h: 当前价格=104957.70, EMA25=106469.45, EMA60=106393.62, EMA120=106317.75, 趋势=震荡行情
[2025-06-17 22:45:27] BTCUSDT 4h: 当前价格=104971.00, EMA25=106242.89, EMA60=106271.74, EMA120=105989.18, 趋势=震荡行情
[2025-06-17 22:45:27] BTCUSDT 1d: 当前价格=104942.10, EMA25=105645.04, EMA60=101908.58, EMA120=97480.13, 趋势=震荡行情
[2025-06-17 22:45:27] ETHUSDT 15m: 当前价格=2549.74, EMA25=2557.92, EMA60=2571.92, EMA120=2580.60, 趋势=下跌趋势
[2025-06-17 22:45:28] ETHUSDT 1h: 当前价格=2550.29, EMA25=2579.04, EMA60=2579.85, EMA120=2585.90, 趋势=下跌趋势
[2025-06-17 22:45:28] ETHUSDT 4h: 当前价格=2549.72, EMA25=2581.06, EMA60=2590.70, EMA120=2572.41, 趋势=震荡行情
[2025-06-17 22:45:28] ETHUSDT 1d: 当前价格=2550.29, EMA25=2549.80, EMA60=2399.78, EMA120=2380.20, 趋势=上涨趋势
==============================

===== 趋势分析结果 (2025-06-17 23:00:28) =====
[2025-06-17 23:00:26] BTCUSDT 15m: 当前价格=104810.30, EMA25=105623.30, EMA60=106233.55, EMA120=106498.91, 趋势=下跌趋势
[2025-06-17 23:00:26] BTCUSDT 1h: 当前价格=104810.30, EMA25=106330.03, EMA60=106336.44, EMA120=106290.10, 趋势=震荡行情
[2025-06-17 23:00:27] BTCUSDT 4h: 当前价格=104810.20, EMA25=106230.52, EMA60=106266.47, EMA120=105986.53, 趋势=震荡行情
[2025-06-17 23:00:27] BTCUSDT 1d: 当前价格=104810.30, EMA25=105634.91, EMA60=101904.26, EMA120=97477.95, 趋势=震荡行情
[2025-06-17 23:00:27] ETHUSDT 15m: 当前价格=2531.10, EMA25=2554.59, EMA60=2570.01, EMA120=2579.49, 趋势=下跌趋势
[2025-06-17 23:00:27] ETHUSDT 1h: 当前价格=2531.41, EMA25=2574.07, EMA60=2577.68, EMA120=2584.70, 趋势=下跌趋势
[2025-06-17 23:00:28] ETHUSDT 4h: 当前价格=2531.10, EMA25=2579.63, EMA60=2590.09, EMA120=2572.11, 趋势=震荡行情
[2025-06-17 23:00:28] ETHUSDT 1d: 当前价格=2531.71, EMA25=2548.37, EMA60=2399.17, EMA120=2379.90, 趋势=震荡行情
==============================

===== 趋势分析结果 (2025-06-17 23:15:28) =====
[2025-06-17 23:15:26] BTCUSDT 15m: 当前价格=104579.80, EMA25=105535.10, EMA60=106175.79, EMA120=106465.36, 趋势=下跌趋势
[2025-06-17 23:15:26] BTCUSDT 1h: 当前价格=104586.10, EMA25=106312.79, EMA60=106329.09, EMA120=106286.39, 趋势=震荡行情
[2025-06-17 23:15:27] BTCUSDT 4h: 当前价格=104579.80, EMA25=106212.80, EMA60=106258.92, EMA120=105982.72, 趋势=震荡行情
[2025-06-17 23:15:27] BTCUSDT 1d: 当前价格=104586.10, EMA25=105617.66, EMA60=101896.91, EMA120=97474.24, 趋势=震荡行情
[2025-06-17 23:15:27] ETHUSDT 15m: 当前价格=2515.69, EMA25=2550.82, EMA60=2567.89, EMA120=2578.25, 趋势=下跌趋势
[2025-06-17 23:15:27] ETHUSDT 1h: 当前价格=2515.69, EMA25=2572.86, EMA60=2577.16, EMA120=2584.44, 趋势=下跌趋势
[2025-06-17 23:15:28] ETHUSDT 4h: 当前价格=2515.68, EMA25=2578.44, EMA60=2589.59, EMA120=2571.85, 趋势=震荡行情
[2025-06-17 23:15:28] ETHUSDT 1d: 当前价格=2515.34, EMA25=2547.12, EMA60=2398.63, EMA120=2379.63, 趋势=震荡行情
==============================

===== 趋势分析结果 (2025-06-17 23:30:28) =====
[2025-06-17 23:30:26] BTCUSDT 15m: 当前价格=104224.60, EMA25=105410.95, EMA60=106101.39, EMA120=106422.95, 趋势=下跌趋势
[2025-06-17 23:30:26] BTCUSDT 1h: 当前价格=104214.40, EMA25=106284.19, EMA60=106316.90, EMA120=106280.25, 趋势=震荡行情
[2025-06-17 23:30:27] BTCUSDT 4h: 当前价格=104220.80, EMA25=106185.18, EMA60=106247.15, EMA120=105976.78, 趋势=震荡行情
[2025-06-17 23:30:27] BTCUSDT 1d: 当前价格=104208.90, EMA25=105588.64, EMA60=101884.54, EMA120=97468.01, 趋势=震荡行情
[2025-06-17 23:30:27] ETHUSDT 15m: 当前价格=2486.12, EMA25=2544.38, EMA60=2564.55, EMA120=2576.39, 趋势=下跌趋势
[2025-06-17 23:30:27] ETHUSDT 1h: 当前价格=2487.35, EMA25=2570.68, EMA60=2576.24, EMA120=2583.98, 趋势=下跌趋势
[2025-06-17 23:30:28] ETHUSDT 4h: 当前价格=2487.35, EMA25=2576.26, EMA60=2588.66, EMA120=2571.38, 趋势=震荡行情
[2025-06-17 23:30:28] ETHUSDT 1d: 当前价格=2487.05, EMA25=2544.94, EMA60=2397.70, EMA120=2379.16, 趋势=震荡行情
==============================

===== 趋势分析结果 (2025-06-17 23:45:28) =====
[2025-06-17 23:45:26] BTCUSDT 15m: 当前价格=104478.40, EMA25=105361.27, EMA60=106058.03, EMA120=106395.83, 趋势=下跌趋势
[2025-06-17 23:45:26] BTCUSDT 1h: 当前价格=104478.40, EMA25=106304.50, EMA60=106325.56, EMA120=106284.61, 趋势=震荡行情
[2025-06-17 23:45:27] BTCUSDT 4h: 当前价格=104478.40, EMA25=106205.00, EMA60=106255.59, EMA120=105981.04, 趋势=震荡行情
[2025-06-17 23:45:27] BTCUSDT 1d: 当前价格=104472.50, EMA25=105608.92, EMA60=101893.19, EMA120=97472.36, 趋势=震荡行情
[2025-06-17 23:45:27] ETHUSDT 15m: 当前价格=2498.04, EMA25=2541.77, EMA60=2562.80, EMA120=2575.32, 趋势=下跌趋势
[2025-06-17 23:45:28] ETHUSDT 1h: 当前价格=2498.28, EMA25=2571.52, EMA60=2576.59, EMA120=2584.16, 趋势=下跌趋势
[2025-06-17 23:45:28] ETHUSDT 4h: 当前价格=2498.28, EMA25=2577.10, EMA60=2589.01, EMA120=2571.56, 趋势=震荡行情
[2025-06-17 23:45:28] ETHUSDT 1d: 当前价格=2498.27, EMA25=2545.80, EMA60=2398.07, EMA120=2379.35, 趋势=震荡行情
==============================

