===== 趋势分析结果 (2025-07-22 00:10:20) =====
[2025-07-22 00:10:19] BTCUSDT 15m: 当前价格=118062.40, EMA25=118521.63, EMA50=118476.05, 趋势=混沌
[2025-07-22 00:10:20] BTCUSDT 1h: 当前价格=118054.10, EMA25=118325.48, EMA50=118252.78, 趋势=禁多
==============================

===== 趋势分析结果 (2025-07-22 00:25:19) =====
[2025-07-22 00:25:19] BTCUSDT 15m: 当前价格=117680.00, EMA25=118449.41, EMA50=118440.86, 趋势=混沌
[2025-07-22 00:25:19] BTCUSDT 1h: 当前价格=117686.40, EMA25=118297.20, EMA50=118238.37, 趋势=禁多
==============================

===== 趋势分析结果 (2025-07-22 00:40:19) =====
[2025-07-22 00:40:19] BTCUSDT 15m: 当前价格=117793.70, EMA25=118413.74, EMA50=118423.32, 趋势=禁多
[2025-07-22 00:40:19] BTCUSDT 1h: 当前价格=117793.60, EMA25=118305.45, EMA50=118242.57, 趋势=禁多
==============================

===== 趋势分析结果 (2025-07-22 00:55:19) =====
[2025-07-22 00:55:19] BTCUSDT 15m: 当前价格=117782.30, EMA25=118367.25, EMA50=118399.29, 趋势=禁多
[2025-07-22 00:55:19] BTCUSDT 1h: 当前价格=117773.50, EMA25=118303.90, EMA50=118241.78, 趋势=禁多
==============================

===== 趋势分析结果 (2025-07-22 01:10:19) =====
[2025-07-22 01:10:19] BTCUSDT 15m: 当前价格=118033.50, EMA25=118337.63, EMA50=118382.85, 趋势=禁多
[2025-07-22 01:10:19] BTCUSDT 1h: 当前价格=118033.40, EMA25=118279.77, EMA50=118231.85, 趋势=禁多
==============================

===== 趋势分析结果 (2025-07-22 01:25:19) =====
[2025-07-22 01:25:19] BTCUSDT 15m: 当前价格=117785.70, EMA25=118284.88, EMA50=118353.97, 趋势=禁多
[2025-07-22 01:25:19] BTCUSDT 1h: 当前价格=117785.70, EMA25=118260.71, EMA50=118222.13, 趋势=禁多
==============================

===== 趋势分析结果 (2025-07-22 01:40:20) =====
[2025-07-22 01:40:19] BTCUSDT 15m: 当前价格=117490.60, EMA25=118205.27, EMA50=118310.29, 趋势=禁多
[2025-07-22 01:40:19] BTCUSDT 1h: 当前价格=117478.70, EMA25=118237.10, EMA50=118210.09, 趋势=禁多
==============================

===== 趋势分析结果 (2025-07-22 01:55:21) =====
[2025-07-22 01:55:20] BTCUSDT 15m: 当前价格=117780.20, EMA25=118164.37, EMA50=118285.14, 趋势=禁多
[2025-07-22 01:55:21] BTCUSDT 1h: 当前价格=117780.20, EMA25=118260.29, EMA50=118221.92, 趋势=禁多
==============================

===== 趋势分析结果 (2025-07-22 02:10:20) =====
[2025-07-22 02:10:19] BTCUSDT 15m: 当前价格=117846.70, EMA25=118142.42, EMA50=118269.27, 趋势=禁多
[2025-07-22 02:10:20] BTCUSDT 1h: 当前价格=117832.20, EMA25=118229.85, EMA50=118207.96, 趋势=禁多
==============================

===== 趋势分析结果 (2025-07-22 02:25:19) =====
[2025-07-22 02:25:19] BTCUSDT 15m: 当前价格=117971.00, EMA25=118133.59, EMA50=118259.88, 趋势=禁多
[2025-07-22 02:25:19] BTCUSDT 1h: 当前价格=117971.00, EMA25=118240.53, EMA50=118213.40, 趋势=禁多
==============================

===== 趋势分析结果 (2025-07-22 02:40:19) =====
[2025-07-22 02:40:19] BTCUSDT 15m: 当前价格=117638.50, EMA25=118094.22, EMA50=118234.83, 趋势=禁多
[2025-07-22 02:40:19] BTCUSDT 1h: 当前价格=117634.90, EMA25=118214.68, EMA50=118200.22, 趋势=禁多
==============================

===== 趋势分析结果 (2025-07-22 02:55:20) =====
[2025-07-22 02:55:19] BTCUSDT 15m: 当前价格=117241.30, EMA25=118014.01, EMA50=118188.13, 趋势=禁多
[2025-07-22 02:55:20] BTCUSDT 1h: 当前价格=117241.20, EMA25=118184.39, EMA50=118184.78, 趋势=禁多
==============================

===== 趋势分析结果 (2025-07-22 03:10:19) =====
[2025-07-22 03:10:19] BTCUSDT 15m: 当前价格=117266.70, EMA25=117947.65, EMA50=118147.28, 趋势=禁多
[2025-07-22 03:10:19] BTCUSDT 1h: 当前价格=117266.60, EMA25=118104.92, EMA50=118144.07, 趋势=禁多
==============================

===== 趋势分析结果 (2025-07-22 03:25:19) =====
[2025-07-22 03:25:19] BTCUSDT 15m: 当前价格=117312.70, EMA25=117907.65, EMA50=118119.24, 趋势=禁多
[2025-07-22 03:25:19] BTCUSDT 1h: 当前价格=117312.70, EMA25=118108.47, EMA50=118145.87, 趋势=禁多
==============================

===== 趋势分析结果 (2025-07-22 03:40:19) =====
[2025-07-22 03:40:19] BTCUSDT 15m: 当前价格=116906.30, EMA25=117811.51, EMA50=118061.53, 趋势=禁多
[2025-07-22 03:40:19] BTCUSDT 1h: 当前价格=116906.30, EMA25=118077.21, EMA50=118129.94, 趋势=禁多
==============================

===== 趋势分析结果 (2025-07-22 12:57:05) =====
[2025-07-22 12:57:05] BTCUSDT 15m: 当前价格=116698.30, EMA25=117141.93, EMA50=117350.90, 趋势=禁多
[2025-07-22 12:57:05] BTCUSDT 1h: 当前价格=116679.50, EMA25=117585.10, EMA50=117825.53, 趋势=禁多
==============================

===== 趋势分析结果 (2025-07-22 13:12:05) =====
[2025-07-22 13:12:05] BTCUSDT 15m: 当前价格=116826.10, EMA25=117103.55, EMA50=117322.85, 趋势=禁多
[2025-07-22 13:12:05] BTCUSDT 1h: 当前价格=116826.10, EMA25=117513.97, EMA50=117779.57, 趋势=禁多
==============================

===== 趋势分析结果 (2025-07-22 13:27:05) =====
[2025-07-22 13:27:05] BTCUSDT 15m: 当前价格=117117.90, EMA25=117129.00, EMA50=117327.73, 趋势=禁多
[2025-07-22 13:27:05] BTCUSDT 1h: 当前价格=117117.90, EMA25=117536.42, EMA50=117791.01, 趋势=禁多
==============================

===== 趋势分析结果 (2025-07-22 13:42:05) =====
[2025-07-22 13:42:05] BTCUSDT 15m: 当前价格=117185.70, EMA25=117133.72, EMA50=117322.35, 趋势=混沌
[2025-07-22 13:42:05] BTCUSDT 1h: 当前价格=117185.70, EMA25=117541.63, EMA50=117793.67, 趋势=禁多
==============================

===== 趋势分析结果 (2025-07-22 13:57:05) =====
[2025-07-22 13:57:05] BTCUSDT 15m: 当前价格=117241.90, EMA25=117132.41, EMA50=117314.09, 趋势=混沌
[2025-07-22 13:57:05] BTCUSDT 1h: 当前价格=117241.90, EMA25=117545.96, EMA50=117795.88, 趋势=禁多
==============================

===== 趋势分析结果 (2025-07-22 14:12:05) =====
[2025-07-22 14:12:05] BTCUSDT 15m: 当前价格=117510.70, EMA25=117164.87, EMA50=117323.58, 趋势=混沌
[2025-07-22 14:12:05] BTCUSDT 1h: 当前价格=117510.70, EMA25=117546.61, EMA50=117786.48, 趋势=禁多
==============================

===== 趋势分析结果 (2025-07-22 14:27:05) =====
[2025-07-22 14:27:05] BTCUSDT 15m: 当前价格=117612.60, EMA25=117199.70, EMA50=117335.12, 趋势=混沌
[2025-07-22 14:27:05] BTCUSDT 1h: 当前价格=117612.60, EMA25=117554.45, EMA50=117790.48, 趋势=禁空
==============================

===== 趋势分析结果 (2025-07-22 14:42:05) =====
[2025-07-22 14:42:05] BTCUSDT 15m: 当前价格=117569.90, EMA25=117232.99, EMA50=117346.88, 趋势=混沌
[2025-07-22 14:42:05] BTCUSDT 1h: 当前价格=117569.80, EMA25=117551.16, EMA50=117788.80, 趋势=禁空
==============================

===== 趋势分析结果 (2025-07-22 14:57:05) =====
[2025-07-22 14:57:05] BTCUSDT 15m: 当前价格=117724.70, EMA25=117266.45, EMA50=117359.38, 趋势=混沌
[2025-07-22 14:57:05] BTCUSDT 1h: 当前价格=117724.60, EMA25=117563.06, EMA50=117794.87, 趋势=禁空
==============================

===== 趋势分析结果 (2025-07-22 15:12:05) =====
[2025-07-22 15:12:05] BTCUSDT 15m: 当前价格=118176.70, EMA25=117341.80, EMA50=117394.26, 趋势=混沌
[2025-07-22 15:12:05] BTCUSDT 1h: 当前价格=118176.70, EMA25=117615.60, EMA50=117812.67, 趋势=禁空
==============================

===== 趋势分析结果 (2025-07-22 15:27:05) =====
[2025-07-22 15:27:05] BTCUSDT 15m: 当前价格=118483.20, EMA25=117434.39, EMA50=117439.51, 趋势=混沌
[2025-07-22 15:27:05] BTCUSDT 1h: 当前价格=118483.20, EMA25=117639.18, EMA50=117824.69, 趋势=禁空
==============================

===== 趋势分析结果 (2025-07-22 15:42:05) =====
[2025-07-22 15:42:05] BTCUSDT 15m: 当前价格=118150.20, EMA25=117492.77, EMA50=117469.14, 趋势=禁空
[2025-07-22 15:42:05] BTCUSDT 1h: 当前价格=118150.20, EMA25=117613.56, EMA50=117811.63, 趋势=禁空
==============================

===== 趋势分析结果 (2025-07-22 15:57:05) =====
[2025-07-22 15:57:05] BTCUSDT 15m: 当前价格=117860.00, EMA25=117521.00, EMA50=117484.46, 趋势=禁空
[2025-07-22 15:57:05] BTCUSDT 1h: 当前价格=117846.30, EMA25=117590.18, EMA50=117799.71, 趋势=禁空
==============================

===== 趋势分析结果 (2025-07-22 16:12:05) =====
[2025-07-22 16:12:05] BTCUSDT 15m: 当前价格=117662.80, EMA25=117538.97, EMA50=117495.20, 趋势=禁空
[2025-07-22 16:12:05] BTCUSDT 1h: 当前价格=117658.80, EMA25=117603.50, EMA50=117798.45, 趋势=禁空
==============================

===== 趋势分析结果 (2025-07-22 16:27:05) =====
[2025-07-22 16:27:05] BTCUSDT 15m: 当前价格=117545.60, EMA25=117539.11, EMA50=117496.98, 趋势=禁空
[2025-07-22 16:27:05] BTCUSDT 1h: 当前价格=117557.40, EMA25=117595.70, EMA50=117794.48, 趋势=禁多
==============================

===== 趋势分析结果 (2025-07-22 16:42:05) =====
[2025-07-22 16:42:05] BTCUSDT 15m: 当前价格=118149.90, EMA25=117595.96, EMA50=117527.82, 趋势=禁空
[2025-07-22 16:42:05] BTCUSDT 1h: 当前价格=118146.00, EMA25=117640.98, EMA50=117817.56, 趋势=禁空
==============================

===== 趋势分析结果 (2025-07-22 16:57:06) =====
[2025-07-22 16:57:05] BTCUSDT 15m: 当前价格=118233.20, EMA25=117639.20, EMA50=117552.41, 趋势=禁空
[2025-07-22 16:57:06] BTCUSDT 1h: 当前价格=118233.10, EMA25=117647.68, EMA50=117820.98, 趋势=禁空
==============================

===== 趋势分析结果 (2025-07-22 17:12:06) =====
[2025-07-22 17:12:05] BTCUSDT 15m: 当前价格=118049.20, EMA25=117672.49, EMA50=117572.83, 趋势=禁空
[2025-07-22 17:12:06] BTCUSDT 1h: 当前价格=118044.00, EMA25=117679.92, EMA50=117830.66, 趋势=禁空
==============================

===== 趋势分析结果 (2025-07-22 17:27:05) =====
[2025-07-22 17:27:05] BTCUSDT 15m: 当前价格=118203.80, EMA25=117709.87, EMA50=117595.72, 趋势=禁空
[2025-07-22 17:27:05] BTCUSDT 1h: 当前价格=118203.80, EMA25=117692.22, EMA50=117836.92, 趋势=禁空
==============================

===== 趋势分析结果 (2025-07-22 17:42:05) =====
[2025-07-22 17:42:05] BTCUSDT 15m: 当前价格=118461.70, EMA25=117765.06, EMA50=117628.28, 趋势=禁空
[2025-07-22 17:42:05] BTCUSDT 1h: 当前价格=118446.50, EMA25=117710.89, EMA50=117846.44, 趋势=禁空
==============================

===== 趋势分析结果 (2025-07-22 17:57:05) =====
[2025-07-22 17:57:05] BTCUSDT 15m: 当前价格=118430.20, EMA25=117818.63, EMA50=117661.00, 趋势=禁空
[2025-07-22 17:57:05] BTCUSDT 1h: 当前价格=118432.90, EMA25=117709.84, EMA50=117845.91, 趋势=禁空
==============================

===== 趋势分析结果 (2025-07-22 18:12:05) =====
[2025-07-22 18:12:05] BTCUSDT 15m: 当前价格=118320.70, EMA25=117852.01, EMA50=117684.09, 趋势=禁空
[2025-07-22 18:12:05] BTCUSDT 1h: 当前价格=118314.70, EMA25=117750.93, EMA50=117861.40, 趋势=禁空
==============================

===== 趋势分析结果 (2025-07-22 18:27:05) =====
[2025-07-22 18:27:05] BTCUSDT 15m: 当前价格=118458.40, EMA25=117904.68, EMA50=117717.65, 趋势=禁空
[2025-07-22 18:27:05] BTCUSDT 1h: 当前价格=118458.40, EMA25=117761.98, EMA50=117867.04, 趋势=禁空
==============================

===== 趋势分析结果 (2025-07-22 18:42:05) =====
[2025-07-22 18:42:05] BTCUSDT 15m: 当前价格=118712.80, EMA25=117970.14, EMA50=117758.43, 趋势=禁空
[2025-07-22 18:42:05] BTCUSDT 1h: 当前价格=118712.80, EMA25=117781.55, EMA50=117877.02, 趋势=禁空
==============================

===== 趋势分析结果 (2025-07-22 18:57:05) =====
[2025-07-22 18:57:05] BTCUSDT 15m: 当前价格=118899.90, EMA25=118040.06, EMA50=117802.34, 趋势=禁空
[2025-07-22 18:57:05] BTCUSDT 1h: 当前价格=118899.90, EMA25=117795.94, EMA50=117884.35, 趋势=禁空
==============================

===== 趋势分析结果 (2025-07-22 19:12:05) =====
[2025-07-22 19:12:05] BTCUSDT 15m: 当前价格=118812.50, EMA25=118102.72, EMA50=117843.68, 趋势=禁空
[2025-07-22 19:12:05] BTCUSDT 1h: 当前价格=118812.50, EMA25=117877.39, EMA50=117922.47, 趋势=禁空
==============================

===== 趋势分析结果 (2025-07-22 19:27:05) =====
[2025-07-22 19:27:05] BTCUSDT 15m: 当前价格=118964.50, EMA25=118175.37, EMA50=117891.00, 趋势=禁空
[2025-07-22 19:27:05] BTCUSDT 1h: 当前价格=118964.40, EMA25=117889.07, EMA50=117928.43, 趋势=禁空
==============================

===== 趋势分析结果 (2025-07-22 19:42:05) =====
[2025-07-22 19:42:05] BTCUSDT 15m: 当前价格=119013.40, EMA25=118245.86, EMA50=117938.22, 趋势=禁空
[2025-07-22 19:42:05] BTCUSDT 1h: 当前价格=119013.50, EMA25=117892.85, EMA50=117930.36, 趋势=禁空
==============================

===== 趋势分析结果 (2025-07-22 19:57:05) =====
[2025-07-22 19:57:05] BTCUSDT 15m: 当前价格=119124.80, EMA25=118316.19, EMA50=117986.19, 趋势=禁空
[2025-07-22 19:57:05] BTCUSDT 1h: 当前价格=119124.80, EMA25=117901.41, EMA50=117934.72, 趋势=禁空
==============================

===== 趋势分析结果 (2025-07-22 20:12:05) =====
[2025-07-22 20:12:05] BTCUSDT 15m: 当前价格=119210.00, EMA25=118386.18, EMA50=118034.84, 趋势=禁空
[2025-07-22 20:12:05] BTCUSDT 1h: 当前价格=119210.00, EMA25=118003.30, EMA50=117985.39, 趋势=禁空
==============================

===== 趋势分析结果 (2025-07-22 20:27:05) =====
[2025-07-22 20:27:05] BTCUSDT 15m: 当前价格=119254.00, EMA25=118455.84, EMA50=118084.19, 趋势=禁空
[2025-07-22 20:27:05] BTCUSDT 1h: 当前价格=119254.00, EMA25=118006.69, EMA50=117987.11, 趋势=禁空
==============================

===== 趋势分析结果 (2025-07-22 20:42:05) =====
[2025-07-22 20:42:05] BTCUSDT 15m: 当前价格=119350.00, EMA25=118521.86, EMA50=118132.37, 趋势=禁空
[2025-07-22 20:42:05] BTCUSDT 1h: 当前价格=119350.00, EMA25=118014.07, EMA50=117990.88, 趋势=禁空
==============================

===== 趋势分析结果 (2025-07-22 20:57:05) =====
[2025-07-22 20:57:05] BTCUSDT 15m: 当前价格=119288.60, EMA25=118581.46, EMA50=118178.04, 趋势=禁空
[2025-07-22 20:57:05] BTCUSDT 1h: 当前价格=119294.60, EMA25=118009.81, EMA50=117988.70, 趋势=禁空
==============================

===== 趋势分析结果 (2025-07-22 21:12:05) =====
[2025-07-22 21:12:05] BTCUSDT 15m: 当前价格=119379.50, EMA25=118642.28, EMA50=118224.85, 趋势=禁空
[2025-07-22 21:12:05] BTCUSDT 1h: 当前价格=119379.50, EMA25=118114.18, EMA50=118042.72, 趋势=禁空
==============================

===== 趋势分析结果 (2025-07-22 21:27:05) =====
[2025-07-22 21:27:05] BTCUSDT 15m: 当前价格=119161.90, EMA25=118679.44, EMA50=118260.11, 趋势=禁空
[2025-07-22 21:27:05] BTCUSDT 1h: 当前价格=119161.50, EMA25=118097.41, EMA50=118034.17, 趋势=禁空
==============================

===== 趋势分析结果 (2025-07-22 21:42:14) =====
==============================

===== 趋势分析结果 (2025-07-22 21:57:10) =====
[2025-07-22 21:57:09] BTCUSDT 15m: 当前价格=118406.80, EMA25=118715.49, EMA50=118311.96, 趋势=混沌
[2025-07-22 21:57:10] BTCUSDT 1h: 当前价格=118406.80, EMA25=118039.36, EMA50=118004.57, 趋势=禁空
==============================

===== 趋势分析结果 (2025-07-22 22:09:53) =====
[2025-07-22 22:09:53] BTCUSDT 15m: 当前价格=118229.90, EMA25=118658.85, EMA50=118298.50, 趋势=混沌
[2025-07-22 22:09:53] BTCUSDT 1h: 当前价格=118200.10, EMA25=118032.43, EMA50=118002.00, 趋势=禁空
==============================

===== 趋势分析结果 (2025-07-22 22:24:53) =====
[2025-07-22 22:24:53] BTCUSDT 15m: 当前价格=118276.50, EMA25=118640.85, EMA50=118303.70, 趋势=混沌
[2025-07-22 22:24:53] BTCUSDT 1h: 当前价格=118284.50, EMA25=118038.92, EMA50=118005.31, 趋势=禁空
==============================

===== 趋势分析结果 (2025-07-22 22:39:53) =====
[2025-07-22 22:39:53] BTCUSDT 15m: 当前价格=118604.70, EMA25=118648.64, EMA50=118321.11, 趋势=混沌
[2025-07-22 22:39:53] BTCUSDT 1h: 当前价格=118619.90, EMA25=118064.72, EMA50=118018.47, 趋势=禁空
==============================

===== 趋势分析结果 (2025-07-22 22:54:55) =====
[2025-07-22 22:54:53] BTCUSDT 15m: 当前价格=118648.10, EMA25=118657.59, EMA50=118338.71, 趋势=混沌
[2025-07-22 22:54:55] BTCUSDT 1h: 当前价格=118648.10, EMA25=118066.89, EMA50=118019.57, 趋势=禁空
==============================

===== 趋势分析结果 (2025-07-22 23:09:53) =====
[2025-07-22 23:09:53] BTCUSDT 15m: 当前价格=119173.00, EMA25=118725.34, EMA50=118386.33, 趋势=禁空
[2025-07-22 23:09:53] BTCUSDT 1h: 当前价格=119166.20, EMA25=118179.55, EMA50=118079.45, 趋势=禁空
==============================

===== 趋势分析结果 (2025-07-22 23:24:53) =====
[2025-07-22 23:24:53] BTCUSDT 15m: 当前价格=118924.00, EMA25=118740.38, EMA50=118407.29, 趋势=禁空
[2025-07-22 23:24:53] BTCUSDT 1h: 当前价格=118917.20, EMA25=118160.40, EMA50=118069.68, 趋势=禁空
==============================

===== 趋势分析结果 (2025-07-22 23:39:53) =====
[2025-07-22 23:39:53] BTCUSDT 15m: 当前价格=119044.30, EMA25=118759.96, EMA50=118430.26, 趋势=禁空
[2025-07-22 23:39:53] BTCUSDT 1h: 当前价格=119044.30, EMA25=118170.17, EMA50=118074.67, 趋势=禁空
==============================

===== 趋势分析结果 (2025-07-22 23:54:53) =====
[2025-07-22 23:54:53] BTCUSDT 15m: 当前价格=118883.10, EMA25=118757.29, EMA50=118441.58, 趋势=禁空
[2025-07-22 23:54:53] BTCUSDT 1h: 当前价格=118891.70, EMA25=118158.43, EMA50=118068.68, 趋势=禁空
==============================

