===== 趋势分析结果 (2025-07-02 00:07:54) =====
[2025-07-02 00:07:53] BTCUSDT 15m: 当前价格=105901.00, EMA25=106285.49, EMA60=106600.97, EMA120=106919.73, 趋势=下跌趋势
[2025-07-02 00:07:53] BTCUSDT 1h: 当前价格=105900.90, EMA25=106760.23, EMA60=107101.93, EMA120=106990.77, 趋势=下跌趋势
[2025-07-02 00:07:53] BTCUSDT 4h: 当前价格=105901.00, EMA25=107023.43, EMA60=106453.20, EMA120=105976.58, 趋势=震荡行情
[2025-07-02 00:07:53] BTCUSDT 1d: 当前价格=105900.90, EMA25=105819.98, EMA60=103302.37, EMA120=99161.61, 趋势=上涨趋势
[2025-07-02 00:07:54] ETHUSDT 15m: 当前价格=2419.31, EMA25=2435.19, EMA60=2450.25, EMA120=2459.60, 趋势=下跌趋势
[2025-07-02 00:07:54] ETHUSDT 1h: 当前价格=2419.42, EMA25=2454.54, EMA60=2457.32, EMA120=2448.34, 趋势=震荡行情
[2025-07-02 00:07:54] ETHUSDT 4h: 当前价格=2419.31, EMA25=2451.16, EMA60=2445.67, EMA120=2464.84, 趋势=下跌趋势
[2025-07-02 00:07:54] ETHUSDT 1d: 当前价格=2419.31, EMA25=2466.14, EMA60=2408.09, EMA120=2388.77, 趋势=震荡行情
==============================

===== 趋势分析结果 (2025-07-02 13:45:54) =====
[2025-07-02 13:45:53] BTCUSDT 15m: 当前价格=106540.00, EMA25=106050.10, EMA60=106018.80, EMA120=106288.99, 趋势=震荡行情
[2025-07-02 13:45:53] BTCUSDT 1h: 当前价格=106539.90, EMA25=106207.94, EMA60=106669.41, EMA120=106770.18, 趋势=震荡行情
[2025-07-02 13:45:53] BTCUSDT 4h: 当前价格=106539.90, EMA25=106798.76, EMA60=106404.46, EMA120=105974.27, 趋势=震荡行情
[2025-07-02 13:45:53] BTCUSDT 1d: 当前价格=106539.90, EMA25=105856.68, EMA60=103400.18, EMA120=99279.50, 趋势=上涨趋势
[2025-07-02 13:45:53] ETHUSDT 15m: 当前价格=2440.19, EMA25=2424.47, EMA60=2423.71, EMA120=2434.08, 趋势=震荡行情
[2025-07-02 13:45:54] ETHUSDT 1h: 当前价格=2440.19, EMA25=2430.73, EMA60=2442.90, EMA120=2441.98, 趋势=震荡行情
[2025-07-02 13:45:54] ETHUSDT 4h: 当前价格=2440.61, EMA25=2444.60, EMA60=2443.16, EMA120=2462.59, 趋势=下跌趋势
[2025-07-02 13:45:54] ETHUSDT 1d: 当前价格=2440.18, EMA25=2463.03, EMA60=2408.64, EMA120=2389.37, 趋势=震荡行情
==============================

===== 趋势分析结果 (2025-07-02 14:00:55) =====
[2025-07-02 14:00:54] BTCUSDT 15m: 当前价格=106597.10, EMA25=106095.32, EMA60=106039.17, EMA120=106294.80, 趋势=震荡行情
[2025-07-02 14:00:54] BTCUSDT 1h: 当前价格=106597.20, EMA25=106241.04, EMA60=106668.45, EMA120=106767.98, 趋势=震荡行情
[2025-07-02 14:00:54] BTCUSDT 4h: 当前价格=106597.10, EMA25=106803.16, EMA60=106406.34, EMA120=105975.21, 趋势=震荡行情
[2025-07-02 14:00:55] BTCUSDT 1d: 当前价格=106597.20, EMA25=105861.09, EMA60=103402.06, EMA120=99280.45, 趋势=上涨趋势
[2025-07-02 14:00:55] ETHUSDT 15m: 当前价格=2443.32, EMA25=2426.13, EMA60=2424.45, EMA120=2434.28, 趋势=震荡行情
[2025-07-02 14:00:55] ETHUSDT 1h: 当前价格=2443.32, EMA25=2431.91, EMA60=2443.01, EMA120=2442.05, 趋势=震荡行情
[2025-07-02 14:00:55] ETHUSDT 4h: 当前价格=2443.32, EMA25=2444.80, EMA60=2443.25, EMA120=2462.64, 趋势=下跌趋势
[2025-07-02 14:00:55] ETHUSDT 1d: 当前价格=2443.32, EMA25=2463.27, EMA60=2408.74, EMA120=2389.42, 趋势=震荡行情
==============================

===== 趋势分析结果 (2025-07-02 14:15:55) =====
[2025-07-02 14:15:54] BTCUSDT 15m: 当前价格=106704.30, EMA25=106150.10, EMA60=106064.52, EMA120=106303.38, 趋势=震荡行情
[2025-07-02 14:15:54] BTCUSDT 1h: 当前价格=106704.30, EMA25=106249.27, EMA60=106671.96, EMA120=106769.75, 趋势=震荡行情
[2025-07-02 14:15:55] BTCUSDT 4h: 当前价格=106704.20, EMA25=106811.40, EMA60=106409.85, EMA120=105976.98, 趋势=震荡行情
[2025-07-02 14:15:55] BTCUSDT 1d: 当前价格=106704.20, EMA25=105869.32, EMA60=103405.57, EMA120=99282.22, 趋势=上涨趋势
[2025-07-02 14:15:55] ETHUSDT 15m: 当前价格=2444.75, EMA25=2427.77, EMA60=2425.20, EMA120=2434.50, 趋势=震荡行情
[2025-07-02 14:15:55] ETHUSDT 1h: 当前价格=2444.68, EMA25=2432.02, EMA60=2443.05, EMA120=2442.08, 趋势=震荡行情
[2025-07-02 14:15:55] ETHUSDT 4h: 当前价格=2444.92, EMA25=2444.93, EMA60=2443.31, EMA120=2462.66, 趋势=下跌趋势
[2025-07-02 14:15:55] ETHUSDT 1d: 当前价格=2444.92, EMA25=2463.39, EMA60=2408.80, EMA120=2389.45, 趋势=震荡行情
==============================

===== 趋势分析结果 (2025-07-02 14:35:26) =====
==============================

===== 趋势分析结果 (2025-07-02 14:50:26) =====
==============================

===== 趋势分析结果 (2025-07-02 15:05:26) =====
==============================

===== 趋势分析结果 (2025-07-02 15:20:26) =====
==============================

===== 趋势分析结果 (2025-07-02 15:35:26) =====
==============================

===== 趋势分析结果 (2025-07-02 15:50:26) =====
==============================

===== 趋势分析结果 (2025-07-02 16:05:26) =====
==============================

===== 趋势分析结果 (2025-07-02 16:20:26) =====
==============================

===== 趋势分析结果 (2025-07-02 16:35:26) =====
==============================

===== 趋势分析结果 (2025-07-02 16:50:26) =====
==============================

===== 趋势分析结果 (2025-07-02 17:05:26) =====
==============================

===== 趋势分析结果 (2025-07-02 17:15:55) =====
[2025-07-02 17:15:54] BTCUSDT 15m: 当前价格=107569.90, EMA25=106875.69, EMA60=106464.67, EMA120=106476.86, 趋势=上涨趋势
[2025-07-02 17:15:54] BTCUSDT 1h: 当前价格=107569.90, EMA25=106519.92, EMA60=106752.31, EMA120=106805.94, 趋势=震荡行情
[2025-07-02 17:15:54] BTCUSDT 4h: 当前价格=107569.90, EMA25=106892.60, EMA60=106458.09, EMA120=106008.55, 趋势=上涨趋势
[2025-07-02 17:15:55] BTCUSDT 1d: 当前价格=107569.90, EMA25=105935.91, EMA60=103433.95, EMA120=99296.52, 趋势=上涨趋势
[2025-07-02 17:15:55] ETHUSDT 15m: 当前价格=2450.09, EMA25=2440.02, EMA60=2432.48, EMA120=2436.79, 趋势=上涨趋势
[2025-07-02 17:15:55] ETHUSDT 1h: 当前价格=2450.09, EMA25=2435.80, EMA60=2443.70, EMA120=2442.44, 趋势=震荡行情
[2025-07-02 17:15:55] ETHUSDT 4h: 当前价格=2450.08, EMA25=2445.38, EMA60=2443.55, EMA120=2462.47, 趋势=震荡行情
[2025-07-02 17:15:55] ETHUSDT 1d: 当前价格=2450.09, EMA25=2463.79, EMA60=2408.97, EMA120=2389.53, 趋势=震荡行情
==============================

===== 趋势分析结果 (2025-07-02 17:30:55) =====
[2025-07-02 17:30:54] BTCUSDT 15m: 当前价格=107512.00, EMA25=106919.00, EMA60=106496.49, EMA120=106492.67, 趋势=上涨趋势
[2025-07-02 17:30:54] BTCUSDT 1h: 当前价格=107512.00, EMA25=106515.47, EMA60=106750.41, EMA120=106804.98, 趋势=震荡行情
[2025-07-02 17:30:54] BTCUSDT 4h: 当前价格=107513.60, EMA25=106888.26, EMA60=106456.24, EMA120=106007.62, 趋势=上涨趋势
[2025-07-02 17:30:55] BTCUSDT 1d: 当前价格=107512.00, EMA25=105931.46, EMA60=103432.05, EMA120=99295.57, 趋势=上涨趋势
[2025-07-02 17:30:55] ETHUSDT 15m: 当前价格=2447.63, EMA25=2440.44, EMA60=2432.90, EMA120=2436.93, 趋势=上涨趋势
[2025-07-02 17:30:55] ETHUSDT 1h: 当前价格=2447.75, EMA25=2435.62, EMA60=2443.62, EMA120=2442.41, 趋势=震荡行情
[2025-07-02 17:30:55] ETHUSDT 4h: 当前价格=2447.76, EMA25=2445.20, EMA60=2443.48, EMA120=2462.43, 趋势=震荡行情
[2025-07-02 17:30:55] ETHUSDT 1d: 当前价格=2447.87, EMA25=2463.62, EMA60=2408.89, EMA120=2389.49, 趋势=震荡行情
==============================

===== 趋势分析结果 (2025-07-02 17:45:56) =====
[2025-07-02 17:45:54] BTCUSDT 15m: 当前价格=107616.90, EMA25=106978.68, EMA60=106535.90, EMA120=106512.62, 趋势=上涨趋势
[2025-07-02 17:45:54] BTCUSDT 1h: 当前价格=107616.90, EMA25=106523.54, EMA60=106753.85, EMA120=106806.71, 趋势=震荡行情
[2025-07-02 17:45:55] BTCUSDT 4h: 当前价格=107616.90, EMA25=106896.21, EMA60=106459.63, EMA120=106009.32, 趋势=上涨趋势
[2025-07-02 17:45:55] BTCUSDT 1d: 当前价格=107616.90, EMA25=105939.53, EMA60=103435.49, EMA120=99297.30, 趋势=上涨趋势
[2025-07-02 17:45:55] ETHUSDT 15m: 当前价格=2450.39, EMA25=2441.38, EMA60=2433.55, EMA120=2437.19, 趋势=上涨趋势
[2025-07-02 17:45:55] ETHUSDT 1h: 当前价格=2450.82, EMA25=2435.85, EMA60=2443.72, EMA120=2442.46, 趋势=震荡行情
[2025-07-02 17:45:56] ETHUSDT 4h: 当前价格=2450.82, EMA25=2445.44, EMA60=2443.58, EMA120=2462.48, 趋势=震荡行情
[2025-07-02 17:45:56] ETHUSDT 1d: 当前价格=2450.38, EMA25=2463.81, EMA60=2408.98, EMA120=2389.54, 趋势=震荡行情
==============================

===== 趋势分析结果 (2025-07-02 18:00:56) =====
[2025-07-02 18:00:54] BTCUSDT 15m: 当前价格=107607.70, EMA25=107025.25, EMA60=106570.23, EMA120=106530.30, 趋势=上涨趋势
[2025-07-02 18:00:54] BTCUSDT 1h: 当前价格=107607.70, EMA25=106605.12, EMA60=106781.04, EMA120=106819.46, 趋势=震荡行情
[2025-07-02 18:00:55] BTCUSDT 4h: 当前价格=107607.70, EMA25=106895.50, EMA60=106459.33, EMA120=106009.17, 趋势=上涨趋势
[2025-07-02 18:00:55] BTCUSDT 1d: 当前价格=107607.70, EMA25=105938.82, EMA60=103435.19, EMA120=99297.15, 趋势=上涨趋势
[2025-07-02 18:00:55] ETHUSDT 15m: 当前价格=2446.99, EMA25=2441.61, EMA60=2433.90, EMA120=2437.31, 趋势=上涨趋势
[2025-07-02 18:00:56] ETHUSDT 1h: 当前价格=2446.99, EMA25=2436.48, EMA60=2443.73, EMA120=2442.48, 趋势=震荡行情
[2025-07-02 18:00:56] ETHUSDT 4h: 当前价格=2446.99, EMA25=2445.14, EMA60=2443.45, EMA120=2462.42, 趋势=震荡行情
[2025-07-02 18:00:56] ETHUSDT 1d: 当前价格=2446.99, EMA25=2463.55, EMA60=2408.86, EMA120=2389.48, 趋势=震荡行情
==============================

===== 趋势分析结果 (2025-07-02 18:16:06) =====
[2025-07-02 18:15:54] BTCUSDT 15m: 当前价格=107638.50, EMA25=107074.25, EMA60=106606.07, EMA120=106549.03, 趋势=上涨趋势
[2025-07-02 18:15:55] BTCUSDT 1h: 当前价格=107638.40, EMA25=106607.48, EMA60=106782.04, EMA120=106819.97, 趋势=震荡行情
[2025-07-02 18:15:57] BTCUSDT 4h: 当前价格=107638.40, EMA25=106897.86, EMA60=106460.33, EMA120=106009.68, 趋势=上涨趋势
[2025-07-02 18:15:58] BTCUSDT 1d: 当前价格=107638.50, EMA25=105941.19, EMA60=103436.20, EMA120=99297.66, 趋势=上涨趋势
[2025-07-02 18:16:00] ETHUSDT 15m: 当前价格=2446.30, EMA25=2441.95, EMA60=2434.30, EMA120=2437.45, 趋势=上涨趋势
[2025-07-02 18:16:04] ETHUSDT 1h: 当前价格=2446.30, EMA25=2436.43, EMA60=2443.70, EMA120=2442.46, 趋势=震荡行情
[2025-07-02 18:16:05] ETHUSDT 4h: 当前价格=2446.30, EMA25=2445.09, EMA60=2443.43, EMA120=2462.41, 趋势=震荡行情
[2025-07-02 18:16:06] ETHUSDT 1d: 当前价格=2446.30, EMA25=2463.50, EMA60=2408.84, EMA120=2389.47, 趋势=震荡行情
==============================

===== 趋势分析结果 (2025-07-02 18:30:57) =====
[2025-07-02 18:30:54] BTCUSDT 15m: 当前价格=107712.50, EMA25=107127.62, EMA60=106644.26, EMA120=106569.23, 趋势=上涨趋势
[2025-07-02 18:30:54] BTCUSDT 1h: 当前价格=107712.50, EMA25=106613.18, EMA60=106784.47, EMA120=106821.20, 趋势=震荡行情
[2025-07-02 18:30:55] BTCUSDT 4h: 当前价格=107712.50, EMA25=106903.56, EMA60=106462.76, EMA120=106010.90, 趋势=上涨趋势
[2025-07-02 18:30:55] BTCUSDT 1d: 当前价格=107712.50, EMA25=105946.88, EMA60=103438.63, EMA120=99298.88, 趋势=上涨趋势
[2025-07-02 18:30:56] ETHUSDT 15m: 当前价格=2447.49, EMA25=2442.45, EMA60=2434.77, EMA120=2437.64, 趋势=上涨趋势
[2025-07-02 18:30:56] ETHUSDT 1h: 当前价格=2447.49, EMA25=2436.52, EMA60=2443.74, EMA120=2442.48, 趋势=震荡行情
[2025-07-02 18:30:56] ETHUSDT 4h: 当前价格=2447.49, EMA25=2445.18, EMA60=2443.47, EMA120=2462.43, 趋势=震荡行情
[2025-07-02 18:30:57] ETHUSDT 1d: 当前价格=2447.49, EMA25=2463.59, EMA60=2408.88, EMA120=2389.49, 趋势=震荡行情
==============================

===== 趋势分析结果 (2025-07-02 18:45:56) =====
[2025-07-02 18:45:54] BTCUSDT 15m: 当前价格=107756.50, EMA25=107179.04, EMA60=106682.08, EMA120=106589.54, 趋势=上涨趋势
[2025-07-02 18:45:54] BTCUSDT 1h: 当前价格=107756.50, EMA25=106616.57, EMA60=106785.92, EMA120=106821.92, 趋势=震荡行情
[2025-07-02 18:45:55] BTCUSDT 4h: 当前价格=107756.60, EMA25=106906.96, EMA60=106464.21, EMA120=106011.63, 趋势=上涨趋势
[2025-07-02 18:45:55] BTCUSDT 1d: 当前价格=107756.50, EMA25=105950.27, EMA60=103440.07, EMA120=99299.61, 趋势=上涨趋势
[2025-07-02 18:45:55] ETHUSDT 15m: 当前价格=2450.64, EMA25=2443.33, EMA60=2435.40, EMA120=2437.91, 趋势=上涨趋势
[2025-07-02 18:45:55] ETHUSDT 1h: 当前价格=2450.65, EMA25=2436.77, EMA60=2443.85, EMA120=2442.54, 趋势=震荡行情
[2025-07-02 18:45:56] ETHUSDT 4h: 当前价格=2450.64, EMA25=2445.43, EMA60=2443.57, EMA120=2462.48, 趋势=震荡行情
[2025-07-02 18:45:56] ETHUSDT 1d: 当前价格=2450.65, EMA25=2463.83, EMA60=2408.98, EMA120=2389.54, 趋势=震荡行情
==============================

===== 趋势分析结果 (2025-07-02 19:00:59) =====
[2025-07-02 19:00:57] BTCUSDT 15m: 当前价格=107759.90, EMA25=107225.73, EMA60=106718.32, EMA120=106609.34, 趋势=上涨趋势
[2025-07-02 19:00:58] BTCUSDT 1h: 当前价格=107754.60, EMA25=106706.12, EMA60=106818.57, EMA120=106837.72, 趋势=震荡行情
[2025-07-02 19:00:58] BTCUSDT 4h: 当前价格=107754.60, EMA25=106906.80, EMA60=106464.14, EMA120=106011.60, 趋势=上涨趋势
[2025-07-02 19:00:59] BTCUSDT 1d: 当前价格=107759.90, EMA25=105950.53, EMA60=103440.18, EMA120=99299.67, 趋势=上涨趋势
[2025-07-02 19:00:59] ETHUSDT 15m: 当前价格=2451.40, EMA25=2444.06, EMA60=2435.97, EMA120=2438.16, 趋势=上涨趋势
[2025-07-02 19:00:59] ETHUSDT 1h: 当前价格=2451.40, EMA25=2437.99, EMA60=2444.14, EMA120=2442.70, 趋势=震荡行情
[2025-07-02 19:00:59] ETHUSDT 4h: 当前价格=2451.51, EMA25=2445.49, EMA60=2443.60, EMA120=2462.49, 趋势=震荡行情
[2025-07-02 19:00:59] ETHUSDT 1d: 当前价格=2451.40, EMA25=2463.89, EMA60=2409.01, EMA120=2389.55, 趋势=震荡行情
==============================

===== 趋势分析结果 (2025-07-02 19:15:55) =====
[2025-07-02 19:15:54] BTCUSDT 15m: 当前价格=107715.90, EMA25=107262.74, EMA60=106750.72, EMA120=106627.47, 趋势=上涨趋势
[2025-07-02 19:15:54] BTCUSDT 1h: 当前价格=107715.90, EMA25=106703.14, EMA60=106817.31, EMA120=106837.08, 趋势=震荡行情
[2025-07-02 19:15:54] BTCUSDT 4h: 当前价格=107716.00, EMA25=106903.83, EMA60=106462.88, EMA120=106010.96, 趋势=上涨趋势
[2025-07-02 19:15:55] BTCUSDT 1d: 当前价格=107715.90, EMA25=105947.14, EMA60=103438.74, EMA120=99298.94, 趋势=上涨趋势
[2025-07-02 19:15:55] ETHUSDT 15m: 当前价格=2455.43, EMA25=2445.33, EMA60=2436.79, EMA120=2438.53, 趋势=上涨趋势
[2025-07-02 19:15:55] ETHUSDT 1h: 当前价格=2455.42, EMA25=2438.30, EMA60=2444.27, EMA120=2442.77, 趋势=震荡行情
[2025-07-02 19:15:55] ETHUSDT 4h: 当前价格=2455.42, EMA25=2445.79, EMA60=2443.73, EMA120=2462.56, 趋势=震荡行情
[2025-07-02 19:15:55] ETHUSDT 1d: 当前价格=2455.42, EMA25=2464.20, EMA60=2409.14, EMA120=2389.62, 趋势=震荡行情
==============================

===== 趋势分析结果 (2025-07-02 19:30:56) =====
[2025-07-02 19:30:54] BTCUSDT 15m: 当前价格=107690.90, EMA25=107293.90, EMA60=106780.75, EMA120=106644.63, 趋势=上涨趋势
[2025-07-02 19:30:55] BTCUSDT 1h: 当前价格=107690.80, EMA25=106701.21, EMA60=106816.48, EMA120=106836.67, 趋势=震荡行情
[2025-07-02 19:30:55] BTCUSDT 4h: 当前价格=107690.90, EMA25=106901.90, EMA60=106462.05, EMA120=106010.55, 趋势=上涨趋势
[2025-07-02 19:30:55] BTCUSDT 1d: 当前价格=107690.90, EMA25=105945.22, EMA60=103437.92, EMA120=99298.52, 趋势=上涨趋势
[2025-07-02 19:30:55] ETHUSDT 15m: 当前价格=2453.00, EMA25=2445.79, EMA60=2437.26, EMA120=2438.74, 趋势=上涨趋势
[2025-07-02 19:30:55] ETHUSDT 1h: 当前价格=2453.00, EMA25=2438.12, EMA60=2444.19, EMA120=2442.73, 趋势=震荡行情
[2025-07-02 19:30:55] ETHUSDT 4h: 当前价格=2453.00, EMA25=2445.61, EMA60=2443.65, EMA120=2462.52, 趋势=震荡行情
[2025-07-02 19:30:56] ETHUSDT 1d: 当前价格=2453.00, EMA25=2464.01, EMA60=2409.06, EMA120=2389.58, 趋势=震荡行情
==============================

===== 趋势分析结果 (2025-07-02 19:45:56) =====
[2025-07-02 19:45:54] BTCUSDT 15m: 当前价格=107471.30, EMA25=107292.69, EMA60=106796.75, EMA120=106654.88, 趋势=上涨趋势
[2025-07-02 19:45:54] BTCUSDT 1h: 当前价格=107471.30, EMA25=106684.33, EMA60=106809.29, EMA120=106833.04, 趋势=震荡行情
[2025-07-02 19:45:54] BTCUSDT 4h: 当前价格=107471.30, EMA25=106885.01, EMA60=106454.85, EMA120=106006.92, 趋势=上涨趋势
[2025-07-02 19:45:55] BTCUSDT 1d: 当前价格=107471.30, EMA25=105928.33, EMA60=103430.72, EMA120=99294.90, 趋势=上涨趋势
[2025-07-02 19:45:55] ETHUSDT 15m: 当前价格=2445.88, EMA25=2445.37, EMA60=2437.35, EMA120=2438.76, 趋势=上涨趋势
[2025-07-02 19:45:55] ETHUSDT 1h: 当前价格=2445.88, EMA25=2437.57, EMA60=2443.96, EMA120=2442.61, 趋势=震荡行情
[2025-07-02 19:45:55] ETHUSDT 4h: 当前价格=2445.88, EMA25=2445.06, EMA60=2443.42, EMA120=2462.40, 趋势=震荡行情
[2025-07-02 19:45:56] ETHUSDT 1d: 当前价格=2445.88, EMA25=2463.47, EMA60=2408.83, EMA120=2389.46, 趋势=震荡行情
==============================

===== 趋势分析结果 (2025-07-02 20:00:56) =====
[2025-07-02 20:00:55] BTCUSDT 15m: 当前价格=107425.30, EMA25=107300.64, EMA60=106816.36, EMA120=106667.10, 趋势=上涨趋势
[2025-07-02 20:00:55] BTCUSDT 1h: 当前价格=107425.30, EMA25=106739.07, EMA60=106828.48, EMA120=106842.24, 趋势=震荡行情
[2025-07-02 20:00:55] BTCUSDT 4h: 当前价格=107425.30, EMA25=106924.32, EMA60=106485.67, EMA120=106029.84, 趋势=上涨趋势
[2025-07-02 20:00:55] BTCUSDT 1d: 当前价格=107425.30, EMA25=105924.79, EMA60=103429.21, EMA120=99294.13, 趋势=上涨趋势
[2025-07-02 20:00:56] ETHUSDT 15m: 当前价格=2444.28, EMA25=2445.19, EMA60=2437.54, EMA120=2438.83, 趋势=震荡行情
[2025-07-02 20:00:56] ETHUSDT 1h: 当前价格=2444.28, EMA25=2437.99, EMA60=2443.93, EMA120=2442.61, 趋势=震荡行情
[2025-07-02 20:00:56] ETHUSDT 4h: 当前价格=2444.28, EMA25=2444.90, EMA60=2443.40, EMA120=2462.08, 趋势=下跌趋势
[2025-07-02 20:00:56] ETHUSDT 1d: 当前价格=2444.28, EMA25=2463.34, EMA60=2408.78, EMA120=2389.44, 趋势=震荡行情
==============================

===== 趋势分析结果 (2025-07-02 20:15:55) =====
[2025-07-02 20:15:54] BTCUSDT 15m: 当前价格=107270.30, EMA25=107293.69, EMA60=106829.18, EMA120=106676.01, 趋势=震荡行情
[2025-07-02 20:15:54] BTCUSDT 1h: 当前价格=107270.30, EMA25=106727.15, EMA60=106823.40, EMA120=106839.68, 趋势=震荡行情
[2025-07-02 20:15:54] BTCUSDT 4h: 当前价格=107265.00, EMA25=106911.99, EMA60=106480.41, EMA120=106027.19, 趋势=上涨趋势
[2025-07-02 20:15:55] BTCUSDT 1d: 当前价格=107265.00, EMA25=105912.46, EMA60=103423.95, EMA120=99291.49, 趋势=上涨趋势
[2025-07-02 20:15:55] ETHUSDT 15m: 当前价格=2441.31, EMA25=2444.83, EMA60=2437.63, EMA120=2438.86, 趋势=震荡行情
[2025-07-02 20:15:55] ETHUSDT 1h: 当前价格=2441.32, EMA25=2437.76, EMA60=2443.83, EMA120=2442.56, 趋势=震荡行情
[2025-07-02 20:15:55] ETHUSDT 4h: 当前价格=2441.23, EMA25=2444.67, EMA60=2443.30, EMA120=2462.03, 趋势=下跌趋势
[2025-07-02 20:15:55] ETHUSDT 1d: 当前价格=2441.23, EMA25=2463.11, EMA60=2408.68, EMA120=2389.39, 趋势=震荡行情
==============================

===== 趋势分析结果 (2025-07-02 20:30:55) =====
[2025-07-02 20:30:54] BTCUSDT 15m: 当前价格=107280.50, EMA25=107292.72, EMA60=106843.99, EMA120=106686.01, 趋势=震荡行情
[2025-07-02 20:30:54] BTCUSDT 1h: 当前价格=107280.50, EMA25=106727.94, EMA60=106823.73, EMA120=106839.85, 趋势=震荡行情
[2025-07-02 20:30:55] BTCUSDT 4h: 当前价格=107274.60, EMA25=106912.73, EMA60=106480.73, EMA120=106027.35, 趋势=上涨趋势
[2025-07-02 20:30:55] BTCUSDT 1d: 当前价格=107274.60, EMA25=105913.20, EMA60=103424.27, EMA120=99291.64, 趋势=上涨趋势
[2025-07-02 20:30:55] ETHUSDT 15m: 当前价格=2441.38, EMA25=2444.58, EMA60=2437.76, EMA120=2438.90, 趋势=震荡行情
[2025-07-02 20:30:55] ETHUSDT 1h: 当前价格=2441.38, EMA25=2437.77, EMA60=2443.83, EMA120=2442.56, 趋势=震荡行情
[2025-07-02 20:30:55] ETHUSDT 4h: 当前价格=2441.38, EMA25=2444.68, EMA60=2443.31, EMA120=2462.03, 趋势=下跌趋势
[2025-07-02 20:30:55] ETHUSDT 1d: 当前价格=2441.56, EMA25=2463.13, EMA60=2408.69, EMA120=2389.39, 趋势=震荡行情
==============================

===== 趋势分析结果 (2025-07-02 20:45:55) =====
[2025-07-02 20:45:54] BTCUSDT 15m: 当前价格=107200.00, EMA25=107278.50, EMA60=106852.50, EMA120=106692.89, 趋势=震荡行情
[2025-07-02 20:45:54] BTCUSDT 1h: 当前价格=107200.00, EMA25=106721.74, EMA60=106821.09, EMA120=106838.52, 趋势=震荡行情
[2025-07-02 20:45:55] BTCUSDT 4h: 当前价格=107199.90, EMA25=106906.98, EMA60=106478.28, EMA120=106026.11, 趋势=上涨趋势
[2025-07-02 20:45:55] BTCUSDT 1d: 当前价格=107200.00, EMA25=105907.46, EMA60=103421.82, EMA120=99290.41, 趋势=上涨趋势
[2025-07-02 20:45:55] ETHUSDT 15m: 当前价格=2433.25, EMA25=2443.09, EMA60=2437.34, EMA120=2438.67, 趋势=震荡行情
[2025-07-02 20:45:55] ETHUSDT 1h: 当前价格=2433.00, EMA25=2437.12, EMA60=2443.56, EMA120=2442.43, 趋势=下跌趋势
[2025-07-02 20:45:55] ETHUSDT 4h: 当前价格=2433.25, EMA25=2444.05, EMA60=2443.04, EMA120=2461.90, 趋势=下跌趋势
[2025-07-02 20:45:55] ETHUSDT 1d: 当前价格=2432.94, EMA25=2462.47, EMA60=2408.40, EMA120=2389.25, 趋势=震荡行情
==============================

===== 趋势分析结果 (2025-07-02 21:00:55) =====
[2025-07-02 21:00:54] BTCUSDT 15m: 当前价格=107274.00, EMA25=107287.60, EMA60=106870.54, EMA120=106704.66, 趋势=震荡行情
[2025-07-02 21:00:54] BTCUSDT 1h: 当前价格=107279.10, EMA25=106774.07, EMA60=106840.33, EMA120=106847.89, 趋势=震荡行情
[2025-07-02 21:00:54] BTCUSDT 4h: 当前价格=107295.70, EMA25=106914.35, EMA60=106481.42, EMA120=106027.70, 趋势=上涨趋势
[2025-07-02 21:00:55] BTCUSDT 1d: 当前价格=107279.10, EMA25=105913.54, EMA60=103424.42, EMA120=99291.72, 趋势=上涨趋势
[2025-07-02 21:00:55] ETHUSDT 15m: 当前价格=2436.37, EMA25=2442.86, EMA60=2437.43, EMA120=2438.69, 趋势=震荡行情
[2025-07-02 21:00:55] ETHUSDT 1h: 当前价格=2436.37, EMA25=2437.37, EMA60=2443.46, EMA120=2442.39, 趋势=下跌趋势
[2025-07-02 21:00:55] ETHUSDT 4h: 当前价格=2436.01, EMA25=2444.27, EMA60=2443.13, EMA120=2461.94, 趋势=下跌趋势
[2025-07-02 21:00:55] ETHUSDT 1d: 当前价格=2436.37, EMA25=2462.73, EMA60=2408.52, EMA120=2389.30, 趋势=震荡行情
==============================

===== 趋势分析结果 (2025-07-02 21:15:56) =====
[2025-07-02 21:15:54] BTCUSDT 15m: 当前价格=107551.70, EMA25=107332.22, EMA60=106903.73, EMA120=106724.23, 趋势=上涨趋势
[2025-07-02 21:15:54] BTCUSDT 1h: 当前价格=107551.50, EMA25=106795.02, EMA60=106849.26, EMA120=106852.39, 趋势=震荡行情
[2025-07-02 21:15:54] BTCUSDT 4h: 当前价格=107551.70, EMA25=106934.04, EMA60=106489.81, EMA120=106031.93, 趋势=上涨趋势
[2025-07-02 21:15:55] BTCUSDT 1d: 当前价格=107551.60, EMA25=105934.50, EMA60=103433.35, EMA120=99296.22, 趋势=上涨趋势
[2025-07-02 21:15:55] ETHUSDT 15m: 当前价格=2446.13, EMA25=2443.94, EMA60=2438.09, EMA120=2439.01, 趋势=上涨趋势
[2025-07-02 21:15:55] ETHUSDT 1h: 当前价格=2446.13, EMA25=2438.12, EMA60=2443.78, EMA120=2442.55, 趋势=震荡行情
[2025-07-02 21:15:56] ETHUSDT 4h: 当前价格=2445.99, EMA25=2445.03, EMA60=2443.46, EMA120=2462.11, 趋势=震荡行情
[2025-07-02 21:15:56] ETHUSDT 1d: 当前价格=2446.02, EMA25=2463.48, EMA60=2408.83, EMA120=2389.46, 趋势=震荡行情
==============================

===== 趋势分析结果 (2025-07-02 21:30:55) =====
[2025-07-02 21:30:54] BTCUSDT 15m: 当前价格=107452.80, EMA25=107337.98, EMA60=106920.16, EMA120=106735.47, 趋势=上涨趋势
[2025-07-02 21:30:54] BTCUSDT 1h: 当前价格=107456.40, EMA25=106787.71, EMA60=106846.14, EMA120=106850.82, 趋势=震荡行情
[2025-07-02 21:30:54] BTCUSDT 4h: 当前价格=107456.40, EMA25=106926.71, EMA60=106486.69, EMA120=106030.35, 趋势=上涨趋势
[2025-07-02 21:30:55] BTCUSDT 1d: 当前价格=107456.40, EMA25=105927.18, EMA60=103430.23, EMA120=99294.65, 趋势=上涨趋势
[2025-07-02 21:30:55] ETHUSDT 15m: 当前价格=2444.86, EMA25=2444.02, EMA60=2438.32, EMA120=2439.10, 趋势=上涨趋势
[2025-07-02 21:30:55] ETHUSDT 1h: 当前价格=2444.86, EMA25=2438.03, EMA60=2443.74, EMA120=2442.53, 趋势=震荡行情
[2025-07-02 21:30:55] ETHUSDT 4h: 当前价格=2444.97, EMA25=2444.96, EMA60=2443.42, EMA120=2462.09, 趋势=震荡行情
[2025-07-02 21:30:55] ETHUSDT 1d: 当前价格=2444.98, EMA25=2463.40, EMA60=2408.80, EMA120=2389.45, 趋势=震荡行情
==============================

===== 趋势分析结果 (2025-07-02 21:45:56) =====
[2025-07-02 21:45:54] BTCUSDT 15m: 当前价格=107704.90, EMA25=107384.71, EMA60=106954.15, EMA120=106755.73, 趋势=上涨趋势
[2025-07-02 21:45:55] BTCUSDT 1h: 当前价格=107704.90, EMA25=106806.82, EMA60=106854.29, EMA120=106854.93, 趋势=震荡行情
[2025-07-02 21:45:55] BTCUSDT 4h: 当前价格=107708.60, EMA25=106946.11, EMA60=106494.96, EMA120=106034.52, 趋势=上涨趋势
[2025-07-02 21:45:55] BTCUSDT 1d: 当前价格=107708.60, EMA25=105946.58, EMA60=103438.50, EMA120=99298.82, 趋势=上涨趋势
[2025-07-02 21:45:55] ETHUSDT 15m: 当前价格=2451.16, EMA25=2445.00, EMA60=2438.93, EMA120=2439.40, 趋势=上涨趋势
[2025-07-02 21:45:55] ETHUSDT 1h: 当前价格=2451.35, EMA25=2438.52, EMA60=2443.95, EMA120=2442.64, 趋势=震荡行情
[2025-07-02 21:45:55] ETHUSDT 4h: 当前价格=2450.92, EMA25=2445.41, EMA60=2443.62, EMA120=2462.19, 趋势=震荡行情
[2025-07-02 21:45:56] ETHUSDT 1d: 当前价格=2451.35, EMA25=2463.89, EMA60=2409.01, EMA120=2389.55, 趋势=震荡行情
==============================

===== 趋势分析结果 (2025-07-02 22:00:55) =====
[2025-07-02 22:00:54] BTCUSDT 15m: 当前价格=107798.50, EMA25=107417.89, EMA60=106982.44, EMA120=106773.28, 趋势=上涨趋势
[2025-07-02 22:00:54] BTCUSDT 1h: 当前价格=107798.60, EMA25=106884.47, EMA60=106885.86, EMA120=106870.75, 趋势=上涨趋势
[2025-07-02 22:00:54] BTCUSDT 4h: 当前价格=107798.60, EMA25=106953.04, EMA60=106497.91, EMA120=106036.01, 趋势=上涨趋势
[2025-07-02 22:00:55] BTCUSDT 1d: 当前价格=107798.60, EMA25=105953.50, EMA60=103441.45, EMA120=99300.30, 趋势=上涨趋势
[2025-07-02 22:00:55] ETHUSDT 15m: 当前价格=2451.49, EMA25=2445.30, EMA60=2439.25, EMA120=2439.56, 趋势=上涨趋势
[2025-07-02 22:00:55] ETHUSDT 1h: 当前价格=2451.35, EMA25=2439.30, EMA60=2444.10, EMA120=2442.73, 趋势=震荡行情
[2025-07-02 22:00:55] ETHUSDT 4h: 当前价格=2451.49, EMA25=2445.46, EMA60=2443.64, EMA120=2462.20, 趋势=震荡行情
[2025-07-02 22:00:55] ETHUSDT 1d: 当前价格=2451.48, EMA25=2463.90, EMA60=2409.01, EMA120=2389.55, 趋势=震荡行情
==============================

===== 趋势分析结果 (2025-07-02 22:15:55) =====
[2025-07-02 22:15:54] BTCUSDT 15m: 当前价格=107734.80, EMA25=107451.81, EMA60=107011.37, EMA120=106791.35, 趋势=上涨趋势
[2025-07-02 22:15:54] BTCUSDT 1h: 当前价格=107734.90, EMA25=106879.57, EMA60=106883.77, EMA120=106869.70, 趋势=上涨趋势
[2025-07-02 22:15:54] BTCUSDT 4h: 当前价格=107734.80, EMA25=106948.13, EMA60=106495.82, EMA120=106034.96, 趋势=上涨趋势
[2025-07-02 22:15:55] BTCUSDT 1d: 当前价格=107734.80, EMA25=105948.60, EMA60=103439.36, EMA120=99299.25, 趋势=上涨趋势
[2025-07-02 22:15:55] ETHUSDT 15m: 当前价格=2449.47, EMA25=2445.83, EMA60=2439.68, EMA120=2439.77, 趋势=上涨趋势
[2025-07-02 22:15:55] ETHUSDT 1h: 当前价格=2449.47, EMA25=2439.15, EMA60=2444.04, EMA120=2442.70, 趋势=震荡行情
[2025-07-02 22:15:55] ETHUSDT 4h: 当前价格=2449.59, EMA25=2445.31, EMA60=2443.58, EMA120=2462.17, 趋势=震荡行情
[2025-07-02 22:15:55] ETHUSDT 1d: 当前价格=2449.73, EMA25=2463.76, EMA60=2408.95, EMA120=2389.53, 趋势=震荡行情
==============================

===== 趋势分析结果 (2025-07-02 22:30:55) =====
[2025-07-02 22:30:54] BTCUSDT 15m: 当前价格=107750.10, EMA25=107478.10, EMA60=107037.08, EMA120=106807.96, 趋势=上涨趋势
[2025-07-02 22:30:54] BTCUSDT 1h: 当前价格=107729.60, EMA25=106879.16, EMA60=106883.59, EMA120=106869.61, 趋势=上涨趋势
[2025-07-02 22:30:54] BTCUSDT 4h: 当前价格=107729.60, EMA25=106947.73, EMA60=106495.64, EMA120=106034.87, 趋势=上涨趋势
[2025-07-02 22:30:55] BTCUSDT 1d: 当前价格=107729.30, EMA25=105948.17, EMA60=103439.18, EMA120=99299.16, 趋势=上涨趋势
[2025-07-02 22:30:55] ETHUSDT 15m: 当前价格=2462.32, EMA25=2448.05, EMA60=2440.85, EMA120=2440.36, 趋势=上涨趋势
[2025-07-02 22:30:55] ETHUSDT 1h: 当前价格=2462.03, EMA25=2440.12, EMA60=2444.45, EMA120=2442.91, 趋势=震荡行情
[2025-07-02 22:30:55] ETHUSDT 4h: 当前价格=2462.03, EMA25=2446.27, EMA60=2443.98, EMA120=2462.37, 趋势=震荡行情
[2025-07-02 22:30:55] ETHUSDT 1d: 当前价格=2462.32, EMA25=2464.73, EMA60=2409.37, EMA120=2389.73, 趋势=震荡行情
==============================

