===== 趋势分析结果 (2025-08-15 00:00:18) =====
[2025-08-15 00:00:16] BTCUSDT 5m: 当前价格=118422.54, EMA25=118935.21, EMA50=%!f(utils.TrendStatus=RA), 趋势=%!s(MISSING)
[2025-08-15 00:00:16] BTCUSDT 15m: 当前价格=119361.31, EMA25=120346.13, EMA50=%!f(utils.TrendStatus=DO), 趋势=%!s(MISSING)
[2025-08-15 00:00:16] BTCUSDT 1h: 当前价格=120653.81, EMA25=120628.36, EMA50=%!f(utils.TrendStatus=RA), 趋势=%!s(MISSING)
[2025-08-15 00:00:17] BTCUSDT 4h: 当前价格=119850.53, EMA25=118769.73, EMA50=%!f(utils.TrendStatus=SE), 趋势=%!s(MISSING)
[2025-08-15 00:00:17] BTCUSDT 1d: 当前价格=117061.15, EMA25=114652.37, EMA50=%!f(utils.TrendStatus=UP), 趋势=%!s(MISSING)
[2025-08-15 00:00:17] BTCUSDT 3d: 当前价格=112917.29, EMA25=106433.76, EMA50=%!f(utils.TrendStatus=UP), 趋势=%!s(MISSING)
[2025-08-15 00:00:17] ETHUSDT 5m: 当前价格=4626.94, EMA25=4638.02, EMA50=%!f(utils.TrendStatus=RA), 趋势=%!s(MISSING)
[2025-08-15 00:00:17] ETHUSDT 15m: 当前价格=4651.31, EMA25=4678.91, EMA50=%!f(utils.TrendStatus=DO), 趋势=%!s(MISSING)
[2025-08-15 00:00:18] ETHUSDT 1h: 当前价格=4678.11, EMA25=4625.19, EMA50=%!f(utils.TrendStatus=RA), 趋势=%!s(MISSING)
[2025-08-15 00:00:18] ETHUSDT 4h: 当前价格=4504.67, EMA25=4295.88, EMA50=%!f(utils.TrendStatus=RA), 趋势=%!s(MISSING)
[2025-08-15 00:00:18] ETHUSDT 1d: 当前价格=3907.93, EMA25=3522.95, EMA50=%!f(utils.TrendStatus=UP), 趋势=%!s(MISSING)
[2025-08-15 00:00:18] ETHUSDT 3d: 当前价格=3385.38, EMA25=3002.19, EMA50=%!f(utils.TrendStatus=UP), 趋势=%!s(MISSING)
==============================

===== 趋势分析结果 (2025-08-15 00:05:18) =====
[2025-08-15 00:05:16] BTCUSDT 5m: 当前价格=118391.67, EMA25=118899.36, EMA50=%!f(utils.TrendStatus=RA), 趋势=%!s(MISSING)
[2025-08-15 00:05:16] BTCUSDT 15m: 当前价格=119354.26, EMA25=120342.53, EMA50=%!f(utils.TrendStatus=DO), 趋势=%!s(MISSING)
[2025-08-15 00:05:16] BTCUSDT 1h: 当前价格=120645.80, EMA25=120624.28, EMA50=%!f(utils.TrendStatus=RA), 趋势=%!s(MISSING)
[2025-08-15 00:05:17] BTCUSDT 4h: 当前价格=119841.80, EMA25=118765.28, EMA50=%!f(utils.TrendStatus=SE), 趋势=%!s(MISSING)
[2025-08-15 00:05:17] BTCUSDT 1d: 当前价格=117055.32, EMA25=114649.40, EMA50=%!f(utils.TrendStatus=UP), 趋势=%!s(MISSING)
[2025-08-15 00:05:17] BTCUSDT 3d: 当前价格=112909.75, EMA25=106429.92, EMA50=%!f(utils.TrendStatus=UP), 趋势=%!s(MISSING)
[2025-08-15 00:05:17] ETHUSDT 5m: 当前价格=4624.02, EMA25=4636.08, EMA50=%!f(utils.TrendStatus=SE), 趋势=%!s(MISSING)
[2025-08-15 00:05:17] ETHUSDT 15m: 当前价格=4649.79, EMA25=4678.14, EMA50=%!f(utils.TrendStatus=DO), 趋势=%!s(MISSING)
[2025-08-15 00:05:17] ETHUSDT 1h: 当前价格=4676.75, EMA25=4624.50, EMA50=%!f(utils.TrendStatus=RA), 趋势=%!s(MISSING)
[2025-08-15 00:05:18] ETHUSDT 4h: 当前价格=4503.33, EMA25=4295.19, EMA50=%!f(utils.TrendStatus=RA), 趋势=%!s(MISSING)
[2025-08-15 00:05:18] ETHUSDT 1d: 当前价格=3906.90, EMA25=3522.42, EMA50=%!f(utils.TrendStatus=UP), 趋势=%!s(MISSING)
[2025-08-15 00:05:18] ETHUSDT 3d: 当前价格=3384.34, EMA25=3001.66, EMA50=%!f(utils.TrendStatus=UP), 趋势=%!s(MISSING)
==============================

===== 趋势分析结果 (2025-08-15 00:10:18) =====
[2025-08-15 00:10:16] BTCUSDT 5m: 当前价格=118340.62, EMA25=118853.17, EMA50=%!f(utils.TrendStatus=SE), 趋势=%!s(MISSING)
[2025-08-15 00:10:16] BTCUSDT 15m: 当前价格=119343.82, EMA25=120337.21, EMA50=%!f(utils.TrendStatus=DO), 趋势=%!s(MISSING)
[2025-08-15 00:10:16] BTCUSDT 1h: 当前价格=120634.63, EMA25=120618.58, EMA50=%!f(utils.TrendStatus=RA), 趋势=%!s(MISSING)
[2025-08-15 00:10:17] BTCUSDT 4h: 当前价格=119831.36, EMA25=118759.95, EMA50=%!f(utils.TrendStatus=SE), 趋势=%!s(MISSING)
[2025-08-15 00:10:17] BTCUSDT 1d: 当前价格=117045.28, EMA25=114644.28, EMA50=%!f(utils.TrendStatus=UP), 趋势=%!s(MISSING)
[2025-08-15 00:10:17] BTCUSDT 3d: 当前价格=112900.02, EMA25=106424.96, EMA50=%!f(utils.TrendStatus=UP), 趋势=%!s(MISSING)
[2025-08-15 00:10:17] ETHUSDT 5m: 当前价格=4617.88, EMA25=4632.44, EMA50=%!f(utils.TrendStatus=SE), 趋势=%!s(MISSING)
[2025-08-15 00:10:17] ETHUSDT 15m: 当前价格=4647.72, EMA25=4677.08, EMA50=%!f(utils.TrendStatus=DO), 趋势=%!s(MISSING)
[2025-08-15 00:10:18] ETHUSDT 1h: 当前价格=4674.52, EMA25=4623.36, EMA50=%!f(utils.TrendStatus=RA), 趋势=%!s(MISSING)
[2025-08-15 00:10:18] ETHUSDT 4h: 当前价格=4501.27, EMA25=4294.15, EMA50=%!f(utils.TrendStatus=RA), 趋势=%!s(MISSING)
[2025-08-15 00:10:18] ETHUSDT 1d: 当前价格=3904.44, EMA25=3521.17, EMA50=%!f(utils.TrendStatus=UP), 趋势=%!s(MISSING)
[2025-08-15 00:10:18] ETHUSDT 3d: 当前价格=3381.89, EMA25=3000.41, EMA50=%!f(utils.TrendStatus=UP), 趋势=%!s(MISSING)
==============================

===== 趋势分析结果 (2025-08-15 00:15:18) =====
[2025-08-15 00:15:16] BTCUSDT 5m: 当前价格=118260.35, EMA25=118791.70, EMA50=%!f(utils.TrendStatus=SE), 趋势=%!s(MISSING)
[2025-08-15 00:15:16] BTCUSDT 15m: 当前价格=119185.62, EMA25=120217.18, EMA50=%!f(utils.TrendStatus=DO), 趋势=%!s(MISSING)
[2025-08-15 00:15:16] BTCUSDT 1h: 当前价格=120610.51, EMA25=120606.28, EMA50=%!f(utils.TrendStatus=RA), 趋势=%!s(MISSING)
[2025-08-15 00:15:17] BTCUSDT 4h: 当前价格=119808.20, EMA25=118748.15, EMA50=%!f(utils.TrendStatus=SE), 趋势=%!s(MISSING)
[2025-08-15 00:15:17] BTCUSDT 1d: 当前价格=117018.55, EMA25=114630.65, EMA50=%!f(utils.TrendStatus=UP), 趋势=%!s(MISSING)
[2025-08-15 00:15:17] BTCUSDT 3d: 当前价格=112875.24, EMA25=106412.32, EMA50=%!f(utils.TrendStatus=UP), 趋势=%!s(MISSING)
[2025-08-15 00:15:17] ETHUSDT 5m: 当前价格=4609.87, EMA25=4627.74, EMA50=%!f(utils.TrendStatus=SE), 趋势=%!s(MISSING)
[2025-08-15 00:15:17] ETHUSDT 15m: 当前价格=4637.19, EMA25=4670.52, EMA50=%!f(utils.TrendStatus=DO), 趋势=%!s(MISSING)
[2025-08-15 00:15:17] ETHUSDT 1h: 当前价格=4671.77, EMA25=4621.96, EMA50=%!f(utils.TrendStatus=RA), 趋势=%!s(MISSING)
[2025-08-15 00:15:18] ETHUSDT 4h: 当前价格=4498.52, EMA25=4292.75, EMA50=%!f(utils.TrendStatus=RA), 趋势=%!s(MISSING)
[2025-08-15 00:15:18] ETHUSDT 1d: 当前价格=3901.78, EMA25=3519.81, EMA50=%!f(utils.TrendStatus=UP), 趋势=%!s(MISSING)
[2025-08-15 00:15:18] ETHUSDT 3d: 当前价格=3379.69, EMA25=2999.29, EMA50=%!f(utils.TrendStatus=UP), 趋势=%!s(MISSING)
==============================

===== 趋势分析结果 (2025-08-15 00:20:18) =====
[2025-08-15 00:20:16] BTCUSDT 5m: 当前价格=118223.32, EMA25=118752.14, EMA50=%!f(utils.TrendStatus=SE), 趋势=%!s(MISSING)
[2025-08-15 00:20:17] BTCUSDT 15m: 当前价格=119195.03, EMA25=120221.98, EMA50=%!f(utils.TrendStatus=DO), 趋势=%!s(MISSING)
[2025-08-15 00:20:17] BTCUSDT 1h: 当前价格=120619.99, EMA25=120611.12, EMA50=%!f(utils.TrendStatus=RA), 趋势=%!s(MISSING)
[2025-08-15 00:20:17] BTCUSDT 4h: 当前价格=119816.71, EMA25=118752.49, EMA50=%!f(utils.TrendStatus=SE), 趋势=%!s(MISSING)
[2025-08-15 00:20:17] BTCUSDT 1d: 当前价格=117027.95, EMA25=114635.45, EMA50=%!f(utils.TrendStatus=UP), 趋势=%!s(MISSING)
[2025-08-15 00:20:17] BTCUSDT 3d: 当前价格=112882.69, EMA25=106416.12, EMA50=%!f(utils.TrendStatus=UP), 趋势=%!s(MISSING)
[2025-08-15 00:20:18] ETHUSDT 5m: 当前价格=4605.46, EMA25=4624.80, EMA50=%!f(utils.TrendStatus=SE), 趋势=%!s(MISSING)
[2025-08-15 00:20:18] ETHUSDT 15m: 当前价格=4637.84, EMA25=4670.85, EMA50=%!f(utils.TrendStatus=DO), 趋势=%!s(MISSING)
[2025-08-15 00:20:18] ETHUSDT 1h: 当前价格=4672.66, EMA25=4622.41, EMA50=%!f(utils.TrendStatus=RA), 趋势=%!s(MISSING)
[2025-08-15 00:20:18] ETHUSDT 4h: 当前价格=4499.41, EMA25=4293.20, EMA50=%!f(utils.TrendStatus=RA), 趋势=%!s(MISSING)
[2025-08-15 00:20:18] ETHUSDT 1d: 当前价格=3902.67, EMA25=3520.26, EMA50=%!f(utils.TrendStatus=UP), 趋势=%!s(MISSING)
[2025-08-15 00:20:18] ETHUSDT 3d: 当前价格=3380.11, EMA25=2999.51, EMA50=%!f(utils.TrendStatus=UP), 趋势=%!s(MISSING)
==============================

===== 趋势分析结果 (2025-08-15 00:25:18) =====
[2025-08-15 00:25:16] BTCUSDT 5m: 当前价格=118185.86, EMA25=118712.39, EMA50=%!f(utils.TrendStatus=SE), 趋势=%!s(MISSING)
[2025-08-15 00:25:16] BTCUSDT 15m: 当前价格=119193.97, EMA25=120221.44, EMA50=%!f(utils.TrendStatus=DO), 趋势=%!s(MISSING)
[2025-08-15 00:25:16] BTCUSDT 1h: 当前价格=120619.19, EMA25=120610.71, EMA50=%!f(utils.TrendStatus=RA), 趋势=%!s(MISSING)
[2025-08-15 00:25:17] BTCUSDT 4h: 当前价格=119816.56, EMA25=118752.41, EMA50=%!f(utils.TrendStatus=SE), 趋势=%!s(MISSING)
[2025-08-15 00:25:17] BTCUSDT 1d: 当前价格=117028.21, EMA25=114635.58, EMA50=%!f(utils.TrendStatus=UP), 趋势=%!s(MISSING)
[2025-08-15 00:25:17] BTCUSDT 3d: 当前价格=112881.64, EMA25=106415.59, EMA50=%!f(utils.TrendStatus=UP), 趋势=%!s(MISSING)
[2025-08-15 00:25:17] ETHUSDT 5m: 当前价格=4600.96, EMA25=4621.75, EMA50=%!f(utils.TrendStatus=SE), 趋势=%!s(MISSING)
[2025-08-15 00:25:17] ETHUSDT 15m: 当前价格=4637.64, EMA25=4670.75, EMA50=%!f(utils.TrendStatus=DO), 趋势=%!s(MISSING)
[2025-08-15 00:25:18] ETHUSDT 1h: 当前价格=4672.47, EMA25=4622.31, EMA50=%!f(utils.TrendStatus=RA), 趋势=%!s(MISSING)
[2025-08-15 00:25:18] ETHUSDT 4h: 当前价格=4499.14, EMA25=4293.06, EMA50=%!f(utils.TrendStatus=RA), 趋势=%!s(MISSING)
[2025-08-15 00:25:18] ETHUSDT 1d: 当前价格=3902.40, EMA25=3520.13, EMA50=%!f(utils.TrendStatus=UP), 趋势=%!s(MISSING)
[2025-08-15 00:25:18] ETHUSDT 3d: 当前价格=3379.84, EMA25=2999.37, EMA50=%!f(utils.TrendStatus=UP), 趋势=%!s(MISSING)
==============================

===== 趋势分析结果 (2025-08-15 00:30:18) =====
[2025-08-15 00:30:16] BTCUSDT 5m: 当前价格=118129.60, EMA25=118662.92, EMA50=%!f(utils.TrendStatus=SE), 趋势=%!s(MISSING)
[2025-08-15 00:30:16] BTCUSDT 15m: 当前价格=119061.98, EMA25=120113.76, EMA50=%!f(utils.TrendStatus=DO), 趋势=%!s(MISSING)
[2025-08-15 00:30:16] BTCUSDT 1h: 当前价格=120610.00, EMA25=120606.03, EMA50=%!f(utils.TrendStatus=RA), 趋势=%!s(MISSING)
[2025-08-15 00:30:17] BTCUSDT 4h: 当前价格=119805.39, EMA25=118746.72, EMA50=%!f(utils.TrendStatus=SE), 趋势=%!s(MISSING)
[2025-08-15 00:30:17] BTCUSDT 1d: 当前价格=117017.68, EMA25=114630.21, EMA50=%!f(utils.TrendStatus=UP), 趋势=%!s(MISSING)
[2025-08-15 00:30:17] BTCUSDT 3d: 当前价格=112872.76, EMA25=106411.06, EMA50=%!f(utils.TrendStatus=UP), 趋势=%!s(MISSING)
[2025-08-15 00:30:17] ETHUSDT 5m: 当前价格=4593.74, EMA25=4617.23, EMA50=%!f(utils.TrendStatus=SE), 趋势=%!s(MISSING)
[2025-08-15 00:30:17] ETHUSDT 15m: 当前价格=4627.53, EMA25=4664.27, EMA50=%!f(utils.TrendStatus=DO), 趋势=%!s(MISSING)
[2025-08-15 00:30:18] ETHUSDT 1h: 当前价格=4670.94, EMA25=4621.54, EMA50=%!f(utils.TrendStatus=RA), 趋势=%!s(MISSING)
[2025-08-15 00:30:18] ETHUSDT 4h: 当前价格=4497.68, EMA25=4292.32, EMA50=%!f(utils.TrendStatus=RA), 趋势=%!s(MISSING)
[2025-08-15 00:30:18] ETHUSDT 1d: 当前价格=3900.96, EMA25=3519.39, EMA50=%!f(utils.TrendStatus=UP), 趋势=%!s(MISSING)
[2025-08-15 00:30:18] ETHUSDT 3d: 当前价格=3378.39, EMA25=2998.63, EMA50=%!f(utils.TrendStatus=UP), 趋势=%!s(MISSING)
==============================

===== 趋势分析结果 (2025-08-15 00:35:18) =====
[2025-08-15 00:35:16] BTCUSDT 5m: 当前价格=118101.40, EMA25=118627.81, EMA50=%!f(utils.TrendStatus=RA), 趋势=%!s(MISSING)
[2025-08-15 00:35:16] BTCUSDT 15m: 当前价格=119070.94, EMA25=120118.33, EMA50=%!f(utils.TrendStatus=DO), 趋势=%!s(MISSING)
[2025-08-15 00:35:16] BTCUSDT 1h: 当前价格=120617.63, EMA25=120609.91, EMA50=%!f(utils.TrendStatus=RA), 趋势=%!s(MISSING)
[2025-08-15 00:35:17] BTCUSDT 4h: 当前价格=119814.35, EMA25=118751.28, EMA50=%!f(utils.TrendStatus=SE), 趋势=%!s(MISSING)
[2025-08-15 00:35:17] BTCUSDT 1d: 当前价格=117026.65, EMA25=114634.78, EMA50=%!f(utils.TrendStatus=UP), 趋势=%!s(MISSING)
[2025-08-15 00:35:17] BTCUSDT 3d: 当前价格=112881.39, EMA25=106415.46, EMA50=%!f(utils.TrendStatus=UP), 趋势=%!s(MISSING)
[2025-08-15 00:35:17] ETHUSDT 5m: 当前价格=4591.70, EMA25=4615.30, EMA50=%!f(utils.TrendStatus=RA), 趋势=%!s(MISSING)
[2025-08-15 00:35:17] ETHUSDT 15m: 当前价格=4629.06, EMA25=4665.05, EMA50=%!f(utils.TrendStatus=DO), 趋势=%!s(MISSING)
[2025-08-15 00:35:17] ETHUSDT 1h: 当前价格=4672.42, EMA25=4622.29, EMA50=%!f(utils.TrendStatus=RA), 趋势=%!s(MISSING)
[2025-08-15 00:35:18] ETHUSDT 4h: 当前价格=4499.17, EMA25=4293.07, EMA50=%!f(utils.TrendStatus=RA), 趋势=%!s(MISSING)
[2025-08-15 00:35:18] ETHUSDT 1d: 当前价格=3902.38, EMA25=3520.11, EMA50=%!f(utils.TrendStatus=UP), 趋势=%!s(MISSING)
[2025-08-15 00:35:18] ETHUSDT 3d: 当前价格=3379.87, EMA25=2999.38, EMA50=%!f(utils.TrendStatus=UP), 趋势=%!s(MISSING)
==============================

===== 趋势分析结果 (2025-08-15 00:40:20) =====
[2025-08-15 00:40:16] BTCUSDT 5m: 当前价格=118080.71, EMA25=118596.78, EMA50=%!f(utils.TrendStatus=RA), 趋势=%!s(MISSING)
[2025-08-15 00:40:16] BTCUSDT 15m: 当前价格=119076.90, EMA25=120121.37, EMA50=%!f(utils.TrendStatus=DO), 趋势=%!s(MISSING)
[2025-08-15 00:40:16] BTCUSDT 1h: 当前价格=120624.77, EMA25=120613.56, EMA50=%!f(utils.TrendStatus=RA), 趋势=%!s(MISSING)
[2025-08-15 00:40:17] BTCUSDT 4h: 当前价格=119820.30, EMA25=118754.32, EMA50=%!f(utils.TrendStatus=SE), 趋势=%!s(MISSING)
[2025-08-15 00:40:17] BTCUSDT 1d: 当前价格=117032.60, EMA25=114637.82, EMA50=%!f(utils.TrendStatus=UP), 趋势=%!s(MISSING)
[2025-08-15 00:40:17] BTCUSDT 3d: 当前价格=112887.34, EMA25=106418.49, EMA50=%!f(utils.TrendStatus=UP), 趋势=%!s(MISSING)
[2025-08-15 00:40:19] ETHUSDT 5m: 当前价格=4589.36, EMA25=4613.20, EMA50=%!f(utils.TrendStatus=RA), 趋势=%!s(MISSING)
[2025-08-15 00:40:19] ETHUSDT 15m: 当前价格=4629.76, EMA25=4665.41, EMA50=%!f(utils.TrendStatus=DO), 趋势=%!s(MISSING)
[2025-08-15 00:40:20] ETHUSDT 1h: 当前价格=4673.17, EMA25=4622.67, EMA50=%!f(utils.TrendStatus=RA), 趋势=%!s(MISSING)
[2025-08-15 00:40:20] ETHUSDT 4h: 当前价格=4499.98, EMA25=4293.49, EMA50=%!f(utils.TrendStatus=RA), 趋势=%!s(MISSING)
[2025-08-15 00:40:20] ETHUSDT 1d: 当前价格=3903.18, EMA25=3520.52, EMA50=%!f(utils.TrendStatus=UP), 趋势=%!s(MISSING)
[2025-08-15 00:40:20] ETHUSDT 3d: 当前价格=3380.68, EMA25=2999.79, EMA50=%!f(utils.TrendStatus=UP), 趋势=%!s(MISSING)
==============================

===== 趋势分析结果 (2025-08-15 00:45:18) =====
[2025-08-15 00:45:16] BTCUSDT 5m: 当前价格=118039.92, EMA25=118555.64, EMA50=%!f(utils.TrendStatus=SE), 趋势=%!s(MISSING)
[2025-08-15 00:45:16] BTCUSDT 15m: 当前价格=118958.33, EMA25=120019.86, EMA50=%!f(utils.TrendStatus=DO), 趋势=%!s(MISSING)
[2025-08-15 00:45:16] BTCUSDT 1h: 当前价格=120614.78, EMA25=120608.46, EMA50=%!f(utils.TrendStatus=RA), 趋势=%!s(MISSING)
[2025-08-15 00:45:17] BTCUSDT 4h: 当前价格=119811.51, EMA25=118749.84, EMA50=%!f(utils.TrendStatus=SE), 趋势=%!s(MISSING)
[2025-08-15 00:45:17] BTCUSDT 1d: 当前价格=117022.65, EMA25=114632.75, EMA50=%!f(utils.TrendStatus=UP), 趋势=%!s(MISSING)
[2025-08-15 00:45:17] BTCUSDT 3d: 当前价格=112877.39, EMA25=106413.42, EMA50=%!f(utils.TrendStatus=UP), 趋势=%!s(MISSING)
[2025-08-15 00:45:17] ETHUSDT 5m: 当前价格=4584.64, EMA25=4609.84, EMA50=%!f(utils.TrendStatus=RA), 趋势=%!s(MISSING)
[2025-08-15 00:45:17] ETHUSDT 15m: 当前价格=4621.61, EMA25=4659.83, EMA50=%!f(utils.TrendStatus=DO), 趋势=%!s(MISSING)
[2025-08-15 00:45:17] ETHUSDT 1h: 当前价格=4672.05, EMA25=4622.10, EMA50=%!f(utils.TrendStatus=RA), 趋势=%!s(MISSING)
[2025-08-15 00:45:18] ETHUSDT 4h: 当前价格=4498.55, EMA25=4292.76, EMA50=%!f(utils.TrendStatus=RA), 趋势=%!s(MISSING)
[2025-08-15 00:45:18] ETHUSDT 1d: 当前价格=3901.81, EMA25=3519.82, EMA50=%!f(utils.TrendStatus=UP), 趋势=%!s(MISSING)
[2025-08-15 00:45:18] ETHUSDT 3d: 当前价格=3379.25, EMA25=2999.07, EMA50=%!f(utils.TrendStatus=UP), 趋势=%!s(MISSING)
==============================

===== 趋势分析结果 (2025-08-15 00:50:18) =====
[2025-08-15 00:50:16] BTCUSDT 5m: 当前价格=118008.84, EMA25=118519.52, EMA50=%!f(utils.TrendStatus=SE), 趋势=%!s(MISSING)
[2025-08-15 00:50:16] BTCUSDT 15m: 当前价格=118963.18, EMA25=120022.33, EMA50=%!f(utils.TrendStatus=DO), 趋势=%!s(MISSING)
[2025-08-15 00:50:16] BTCUSDT 1h: 当前价格=120618.37, EMA25=120610.29, EMA50=%!f(utils.TrendStatus=RA), 趋势=%!s(MISSING)
[2025-08-15 00:50:17] BTCUSDT 4h: 当前价格=119815.20, EMA25=118751.72, EMA50=%!f(utils.TrendStatus=SE), 趋势=%!s(MISSING)
[2025-08-15 00:50:17] BTCUSDT 1d: 当前价格=117027.28, EMA25=114635.11, EMA50=%!f(utils.TrendStatus=UP), 趋势=%!s(MISSING)
[2025-08-15 00:50:17] BTCUSDT 3d: 当前价格=112882.24, EMA25=106415.89, EMA50=%!f(utils.TrendStatus=UP), 趋势=%!s(MISSING)
[2025-08-15 00:50:17] ETHUSDT 5m: 当前价格=4581.54, EMA25=4607.27, EMA50=%!f(utils.TrendStatus=RA), 趋势=%!s(MISSING)
[2025-08-15 00:50:17] ETHUSDT 15m: 当前价格=4622.27, EMA25=4660.17, EMA50=%!f(utils.TrendStatus=DO), 趋势=%!s(MISSING)
[2025-08-15 00:50:17] ETHUSDT 1h: 当前价格=4672.56, EMA25=4622.36, EMA50=%!f(utils.TrendStatus=RA), 趋势=%!s(MISSING)
[2025-08-15 00:50:18] ETHUSDT 4h: 当前价格=4499.31, EMA25=4293.15, EMA50=%!f(utils.TrendStatus=RA), 趋势=%!s(MISSING)
[2025-08-15 00:50:18] ETHUSDT 1d: 当前价格=3902.57, EMA25=3520.21, EMA50=%!f(utils.TrendStatus=UP), 趋势=%!s(MISSING)
[2025-08-15 00:50:18] ETHUSDT 3d: 当前价格=3379.90, EMA25=2999.40, EMA50=%!f(utils.TrendStatus=UP), 趋势=%!s(MISSING)
==============================

===== 趋势分析结果 (2025-08-15 00:55:18) =====
[2025-08-15 00:55:16] BTCUSDT 5m: 当前价格=118014.40, EMA25=118502.71, EMA50=%!f(utils.TrendStatus=RA), 趋势=%!s(MISSING)
[2025-08-15 00:55:16] BTCUSDT 15m: 当前价格=118977.09, EMA25=120029.42, EMA50=%!f(utils.TrendStatus=DO), 趋势=%!s(MISSING)
[2025-08-15 00:55:16] BTCUSDT 1h: 当前价格=120632.40, EMA25=120617.44, EMA50=%!f(utils.TrendStatus=RA), 趋势=%!s(MISSING)
[2025-08-15 00:55:17] BTCUSDT 4h: 当前价格=119827.12, EMA25=118757.79, EMA50=%!f(utils.TrendStatus=SE), 趋势=%!s(MISSING)
[2025-08-15 00:55:17] BTCUSDT 1d: 当前价格=117041.42, EMA25=114642.31, EMA50=%!f(utils.TrendStatus=UP), 趋势=%!s(MISSING)
[2025-08-15 00:55:17] BTCUSDT 3d: 当前价格=112896.15, EMA25=106422.98, EMA50=%!f(utils.TrendStatus=UP), 趋势=%!s(MISSING)
[2025-08-15 00:55:17] ETHUSDT 5m: 当前价格=4580.72, EMA25=4605.87, EMA50=%!f(utils.TrendStatus=RA), 趋势=%!s(MISSING)
[2025-08-15 00:55:17] ETHUSDT 15m: 当前价格=4623.19, EMA25=4660.64, EMA50=%!f(utils.TrendStatus=DO), 趋势=%!s(MISSING)
[2025-08-15 00:55:18] ETHUSDT 1h: 当前价格=4673.34, EMA25=4622.76, EMA50=%!f(utils.TrendStatus=RA), 趋势=%!s(MISSING)
[2025-08-15 00:55:18] ETHUSDT 4h: 当前价格=4500.13, EMA25=4293.57, EMA50=%!f(utils.TrendStatus=RA), 趋势=%!s(MISSING)
[2025-08-15 00:55:18] ETHUSDT 1d: 当前价格=3903.47, EMA25=3520.67, EMA50=%!f(utils.TrendStatus=UP), 趋势=%!s(MISSING)
[2025-08-15 00:55:18] ETHUSDT 3d: 当前价格=3380.83, EMA25=2999.87, EMA50=%!f(utils.TrendStatus=UP), 趋势=%!s(MISSING)
==============================

===== 趋势分析结果 (2025-08-15 01:00:18) =====
[2025-08-15 01:00:16] BTCUSDT 5m: 当前价格=117994.87, EMA25=118473.55, EMA50=%!f(utils.TrendStatus=SE), 趋势=%!s(MISSING)
[2025-08-15 01:00:16] BTCUSDT 15m: 当前价格=118883.51, EMA25=119940.40, EMA50=%!f(utils.TrendStatus=DO), 趋势=%!s(MISSING)
[2025-08-15 01:00:16] BTCUSDT 1h: 当前价格=120410.85, EMA25=120505.04, EMA50=%!f(utils.TrendStatus=DO), 趋势=%!s(MISSING)
[2025-08-15 01:00:17] BTCUSDT 4h: 当前价格=119824.72, EMA25=118756.57, EMA50=%!f(utils.TrendStatus=SE), 趋势=%!s(MISSING)
[2025-08-15 01:00:17] BTCUSDT 1d: 当前价格=117036.39, EMA25=114639.75, EMA50=%!f(utils.TrendStatus=UP), 趋势=%!s(MISSING)
[2025-08-15 01:00:17] BTCUSDT 3d: 当前价格=112891.76, EMA25=106420.74, EMA50=%!f(utils.TrendStatus=UP), 趋势=%!s(MISSING)
[2025-08-15 01:00:17] ETHUSDT 5m: 当前价格=4577.05, EMA25=4602.99, EMA50=%!f(utils.TrendStatus=SE), 趋势=%!s(MISSING)
[2025-08-15 01:00:17] ETHUSDT 15m: 当前价格=4616.26, EMA25=4655.62, EMA50=%!f(utils.TrendStatus=DO), 趋势=%!s(MISSING)
[2025-08-15 01:00:17] ETHUSDT 1h: 当前价格=4662.44, EMA25=4619.17, EMA50=%!f(utils.TrendStatus=RA), 趋势=%!s(MISSING)
[2025-08-15 01:00:18] ETHUSDT 4h: 当前价格=4499.16, EMA25=4293.07, EMA50=%!f(utils.TrendStatus=RA), 趋势=%!s(MISSING)
[2025-08-15 01:00:18] ETHUSDT 1d: 当前价格=3902.41, EMA25=3520.13, EMA50=%!f(utils.TrendStatus=UP), 趋势=%!s(MISSING)
[2025-08-15 01:00:18] ETHUSDT 3d: 当前价格=3379.80, EMA25=2999.35, EMA50=%!f(utils.TrendStatus=UP), 趋势=%!s(MISSING)
==============================

===== 趋势分析结果 (2025-08-15 01:05:18) =====
[2025-08-15 01:05:16] BTCUSDT 5m: 当前价格=117972.82, EMA25=118443.47, EMA50=%!f(utils.TrendStatus=SE), 趋势=%!s(MISSING)
[2025-08-15 01:05:16] BTCUSDT 15m: 当前价格=118880.97, EMA25=119939.11, EMA50=%!f(utils.TrendStatus=DO), 趋势=%!s(MISSING)
[2025-08-15 01:05:16] BTCUSDT 1h: 当前价格=120408.94, EMA25=120504.06, EMA50=%!f(utils.TrendStatus=DO), 趋势=%!s(MISSING)
[2025-08-15 01:05:17] BTCUSDT 4h: 当前价格=119820.10, EMA25=118754.21, EMA50=%!f(utils.TrendStatus=SE), 趋势=%!s(MISSING)
[2025-08-15 01:05:17] BTCUSDT 1d: 当前价格=117034.77, EMA25=114638.92, EMA50=%!f(utils.TrendStatus=UP), 趋势=%!s(MISSING)
[2025-08-15 01:05:17] BTCUSDT 3d: 当前价格=112889.22, EMA25=106419.45, EMA50=%!f(utils.TrendStatus=UP), 趋势=%!s(MISSING)
[2025-08-15 01:05:17] ETHUSDT 5m: 当前价格=4574.17, EMA25=4600.51, EMA50=%!f(utils.TrendStatus=SE), 趋势=%!s(MISSING)
[2025-08-15 01:05:17] ETHUSDT 15m: 当前价格=4615.99, EMA25=4655.48, EMA50=%!f(utils.TrendStatus=DO), 趋势=%!s(MISSING)
[2025-08-15 01:05:17] ETHUSDT 1h: 当前价格=4662.32, EMA25=4619.11, EMA50=%!f(utils.TrendStatus=RA), 趋势=%!s(MISSING)
[2025-08-15 01:05:18] ETHUSDT 4h: 当前价格=4498.89, EMA25=4292.93, EMA50=%!f(utils.TrendStatus=RA), 趋势=%!s(MISSING)
[2025-08-15 01:05:18] ETHUSDT 1d: 当前价格=3902.14, EMA25=3520.00, EMA50=%!f(utils.TrendStatus=UP), 趋势=%!s(MISSING)
[2025-08-15 01:05:18] ETHUSDT 3d: 当前价格=3379.59, EMA25=2999.24, EMA50=%!f(utils.TrendStatus=UP), 趋势=%!s(MISSING)
==============================

===== 趋势分析结果 (2025-08-15 01:10:18) =====
[2025-08-15 01:10:16] BTCUSDT 5m: 当前价格=117935.91, EMA25=118406.02, EMA50=%!f(utils.TrendStatus=SE), 趋势=%!s(MISSING)
[2025-08-15 01:10:16] BTCUSDT 15m: 当前价格=118868.44, EMA25=119932.72, EMA50=%!f(utils.TrendStatus=DO), 趋势=%!s(MISSING)
[2025-08-15 01:10:16] BTCUSDT 1h: 当前价格=120396.94, EMA25=120497.95, EMA50=%!f(utils.TrendStatus=DO), 趋势=%!s(MISSING)
[2025-08-15 01:10:17] BTCUSDT 4h: 当前价格=119810.19, EMA25=118749.16, EMA50=%!f(utils.TrendStatus=SE), 趋势=%!s(MISSING)
[2025-08-15 01:10:17] BTCUSDT 1d: 当前价格=117021.96, EMA25=114632.39, EMA50=%!f(utils.TrendStatus=UP), 趋势=%!s(MISSING)
[2025-08-15 01:10:17] BTCUSDT 3d: 当前价格=112876.70, EMA25=106413.07, EMA50=%!f(utils.TrendStatus=UP), 趋势=%!s(MISSING)
[2025-08-15 01:10:17] ETHUSDT 5m: 当前价格=4569.39, EMA25=4597.02, EMA50=%!f(utils.TrendStatus=SE), 趋势=%!s(MISSING)
[2025-08-15 01:10:17] ETHUSDT 15m: 当前价格=4614.73, EMA25=4654.84, EMA50=%!f(utils.TrendStatus=DO), 趋势=%!s(MISSING)
[2025-08-15 01:10:17] ETHUSDT 1h: 当前价格=4661.06, EMA25=4618.46, EMA50=%!f(utils.TrendStatus=RA), 趋势=%!s(MISSING)
[2025-08-15 01:10:18] ETHUSDT 4h: 当前价格=4497.63, EMA25=4292.29, EMA50=%!f(utils.TrendStatus=RA), 趋势=%!s(MISSING)
[2025-08-15 01:10:18] ETHUSDT 1d: 当前价格=3900.82, EMA25=3519.32, EMA50=%!f(utils.TrendStatus=UP), 趋势=%!s(MISSING)
[2025-08-15 01:10:18] ETHUSDT 3d: 当前价格=3378.37, EMA25=2998.62, EMA50=%!f(utils.TrendStatus=UP), 趋势=%!s(MISSING)
==============================

===== 趋势分析结果 (2025-08-15 01:15:18) =====
[2025-08-15 01:15:16] BTCUSDT 5m: 当前价格=117918.94, EMA25=118379.03, EMA50=%!f(utils.TrendStatus=SE), 趋势=%!s(MISSING)
[2025-08-15 01:15:16] BTCUSDT 15m: 当前价格=118782.06, EMA25=119847.05, EMA50=%!f(utils.TrendStatus=DO), 趋势=%!s(MISSING)
[2025-08-15 01:15:16] BTCUSDT 1h: 当前价格=120401.11, EMA25=120500.07, EMA50=%!f(utils.TrendStatus=DO), 趋势=%!s(MISSING)
[2025-08-15 01:15:17] BTCUSDT 4h: 当前价格=119814.36, EMA25=118751.29, EMA50=%!f(utils.TrendStatus=SE), 趋势=%!s(MISSING)
[2025-08-15 01:15:17] BTCUSDT 1d: 当前价格=117026.65, EMA25=114634.79, EMA50=%!f(utils.TrendStatus=UP), 趋势=%!s(MISSING)
[2025-08-15 01:15:17] BTCUSDT 3d: 当前价格=112881.46, EMA25=106415.49, EMA50=%!f(utils.TrendStatus=UP), 趋势=%!s(MISSING)
[2025-08-15 01:15:17] ETHUSDT 5m: 当前价格=4566.81, EMA25=4594.63, EMA50=%!f(utils.TrendStatus=SE), 趋势=%!s(MISSING)
[2025-08-15 01:15:17] ETHUSDT 15m: 当前价格=4608.75, EMA25=4650.23, EMA50=%!f(utils.TrendStatus=DO), 趋势=%!s(MISSING)
[2025-08-15 01:15:17] ETHUSDT 1h: 当前价格=4661.47, EMA25=4618.67, EMA50=%!f(utils.TrendStatus=RA), 趋势=%!s(MISSING)
[2025-08-15 01:15:18] ETHUSDT 4h: 当前价格=4497.99, EMA25=4292.47, EMA50=%!f(utils.TrendStatus=RA), 趋势=%!s(MISSING)
[2025-08-15 01:15:18] ETHUSDT 1d: 当前价格=3901.30, EMA25=3519.57, EMA50=%!f(utils.TrendStatus=UP), 趋势=%!s(MISSING)
[2025-08-15 01:15:18] ETHUSDT 3d: 当前价格=3378.48, EMA25=2998.68, EMA50=%!f(utils.TrendStatus=UP), 趋势=%!s(MISSING)
==============================

===== 趋势分析结果 (2025-08-15 01:20:18) =====
[2025-08-15 01:20:16] BTCUSDT 5m: 当前价格=117879.32, EMA25=118340.56, EMA50=%!f(utils.TrendStatus=SE), 趋势=%!s(MISSING)
[2025-08-15 01:20:16] BTCUSDT 15m: 当前价格=118772.19, EMA25=119842.02, EMA50=%!f(utils.TrendStatus=DO), 趋势=%!s(MISSING)
[2025-08-15 01:20:16] BTCUSDT 1h: 当前价格=120393.09, EMA25=120495.98, EMA50=%!f(utils.TrendStatus=DO), 趋势=%!s(MISSING)
[2025-08-15 01:20:17] BTCUSDT 4h: 当前价格=119806.33, EMA25=118747.20, EMA50=%!f(utils.TrendStatus=SE), 趋势=%!s(MISSING)
[2025-08-15 01:20:17] BTCUSDT 1d: 当前价格=117018.15, EMA25=114630.45, EMA50=%!f(utils.TrendStatus=UP), 趋势=%!s(MISSING)
[2025-08-15 01:20:17] BTCUSDT 3d: 当前价格=112872.89, EMA25=106411.12, EMA50=%!f(utils.TrendStatus=UP), 趋势=%!s(MISSING)
[2025-08-15 01:20:17] ETHUSDT 5m: 当前价格=4563.27, EMA25=4591.73, EMA50=%!f(utils.TrendStatus=SE), 趋势=%!s(MISSING)
[2025-08-15 01:20:17] ETHUSDT 15m: 当前价格=4608.60, EMA25=4650.15, EMA50=%!f(utils.TrendStatus=DO), 趋势=%!s(MISSING)
[2025-08-15 01:20:17] ETHUSDT 1h: 当前价格=4661.29, EMA25=4618.58, EMA50=%!f(utils.TrendStatus=RA), 趋势=%!s(MISSING)
[2025-08-15 01:20:18] ETHUSDT 4h: 当前价格=4497.89, EMA25=4292.43, EMA50=%!f(utils.TrendStatus=RA), 趋势=%!s(MISSING)
[2025-08-15 01:20:18] ETHUSDT 1d: 当前价格=3901.12, EMA25=3519.48, EMA50=%!f(utils.TrendStatus=UP), 趋势=%!s(MISSING)
[2025-08-15 01:20:18] ETHUSDT 3d: 当前价格=3378.57, EMA25=2998.72, EMA50=%!f(utils.TrendStatus=UP), 趋势=%!s(MISSING)
==============================

===== 趋势分析结果 (2025-08-15 01:25:18) =====
[2025-08-15 01:25:16] BTCUSDT 5m: 当前价格=117909.08, EMA25=118338.20, EMA50=%!f(utils.TrendStatus=BU), 趋势=%!s(MISSING)
[2025-08-15 01:25:16] BTCUSDT 15m: 当前价格=118799.99, EMA25=119856.19, EMA50=%!f(utils.TrendStatus=DO), 趋势=%!s(MISSING)
[2025-08-15 01:25:16] BTCUSDT 1h: 当前价格=120420.88, EMA25=120510.15, EMA50=%!f(utils.TrendStatus=DO), 趋势=%!s(MISSING)
[2025-08-15 01:25:17] BTCUSDT 4h: 当前价格=119834.13, EMA25=118761.37, EMA50=%!f(utils.TrendStatus=SE), 趋势=%!s(MISSING)
[2025-08-15 01:25:17] BTCUSDT 1d: 当前价格=117046.86, EMA25=114645.09, EMA50=%!f(utils.TrendStatus=UP), 趋势=%!s(MISSING)
[2025-08-15 01:25:17] BTCUSDT 3d: 当前价格=112901.61, EMA25=106425.77, EMA50=%!f(utils.TrendStatus=UP), 趋势=%!s(MISSING)
[2025-08-15 01:25:17] ETHUSDT 5m: 当前价格=4563.16, EMA25=4590.59, EMA50=%!f(utils.TrendStatus=RA), 趋势=%!s(MISSING)
[2025-08-15 01:25:17] ETHUSDT 15m: 当前价格=4609.95, EMA25=4650.84, EMA50=%!f(utils.TrendStatus=DO), 趋势=%!s(MISSING)
[2025-08-15 01:25:17] ETHUSDT 1h: 当前价格=4662.73, EMA25=4619.32, EMA50=%!f(utils.TrendStatus=RA), 趋势=%!s(MISSING)
[2025-08-15 01:25:18] ETHUSDT 4h: 当前价格=4499.30, EMA25=4293.14, EMA50=%!f(utils.TrendStatus=RA), 趋势=%!s(MISSING)
[2025-08-15 01:25:18] ETHUSDT 1d: 当前价格=3902.56, EMA25=3520.21, EMA50=%!f(utils.TrendStatus=UP), 趋势=%!s(MISSING)
[2025-08-15 01:25:18] ETHUSDT 3d: 当前价格=3379.95, EMA25=2999.42, EMA50=%!f(utils.TrendStatus=UP), 趋势=%!s(MISSING)
==============================

===== 趋势分析结果 (2025-08-15 01:30:18) =====
[2025-08-15 01:30:16] BTCUSDT 5m: 当前价格=117932.86, EMA25=118333.71, EMA50=%!f(utils.TrendStatus=BU), 趋势=%!s(MISSING)
[2025-08-15 01:30:16] BTCUSDT 15m: 当前价格=118754.58, EMA25=119791.85, EMA50=%!f(utils.TrendStatus=DO), 趋势=%!s(MISSING)
[2025-08-15 01:30:16] BTCUSDT 1h: 当前价格=120432.94, EMA25=120516.30, EMA50=%!f(utils.TrendStatus=DO), 趋势=%!s(MISSING)
[2025-08-15 01:30:17] BTCUSDT 4h: 当前价格=119846.19, EMA25=118767.52, EMA50=%!f(utils.TrendStatus=SE), 趋势=%!s(MISSING)
[2025-08-15 01:30:17] BTCUSDT 1d: 当前价格=117058.48, EMA25=114651.01, EMA50=%!f(utils.TrendStatus=UP), 趋势=%!s(MISSING)
[2025-08-15 01:30:17] BTCUSDT 3d: 当前价格=112913.22, EMA25=106431.69, EMA50=%!f(utils.TrendStatus=UP), 趋势=%!s(MISSING)
[2025-08-15 01:30:17] ETHUSDT 5m: 当前价格=4564.01, EMA25=4589.96, EMA50=%!f(utils.TrendStatus=RA), 趋势=%!s(MISSING)
[2025-08-15 01:30:17] ETHUSDT 15m: 当前价格=4607.18, EMA25=4647.85, EMA50=%!f(utils.TrendStatus=DO), 趋势=%!s(MISSING)
[2025-08-15 01:30:17] ETHUSDT 1h: 当前价格=4663.87, EMA25=4619.90, EMA50=%!f(utils.TrendStatus=RA), 趋势=%!s(MISSING)
[2025-08-15 01:30:18] ETHUSDT 4h: 当前价格=4500.44, EMA25=4293.72, EMA50=%!f(utils.TrendStatus=RA), 趋势=%!s(MISSING)
[2025-08-15 01:30:18] ETHUSDT 1d: 当前价格=3903.74, EMA25=3520.81, EMA50=%!f(utils.TrendStatus=UP), 趋势=%!s(MISSING)
[2025-08-15 01:30:18] ETHUSDT 3d: 当前价格=3381.14, EMA25=3000.03, EMA50=%!f(utils.TrendStatus=UP), 趋势=%!s(MISSING)
==============================

===== 趋势分析结果 (2025-08-15 01:35:18) =====
[2025-08-15 01:35:16] BTCUSDT 5m: 当前价格=117922.37, EMA25=118312.42, EMA50=%!f(utils.TrendStatus=BU), 趋势=%!s(MISSING)
[2025-08-15 01:35:16] BTCUSDT 15m: 当前价格=118744.37, EMA25=119786.64, EMA50=%!f(utils.TrendStatus=DO), 趋势=%!s(MISSING)
[2025-08-15 01:35:16] BTCUSDT 1h: 当前价格=120422.72, EMA25=120511.09, EMA50=%!f(utils.TrendStatus=DO), 趋势=%!s(MISSING)
[2025-08-15 01:35:17] BTCUSDT 4h: 当前价格=119835.97, EMA25=118762.31, EMA50=%!f(utils.TrendStatus=SE), 趋势=%!s(MISSING)
[2025-08-15 01:35:17] BTCUSDT 1d: 当前价格=117048.27, EMA25=114645.81, EMA50=%!f(utils.TrendStatus=UP), 趋势=%!s(MISSING)
[2025-08-15 01:35:17] BTCUSDT 3d: 当前价格=112903.00, EMA25=106426.48, EMA50=%!f(utils.TrendStatus=UP), 趋势=%!s(MISSING)
[2025-08-15 01:35:17] ETHUSDT 5m: 当前价格=4563.80, EMA25=4588.84, EMA50=%!f(utils.TrendStatus=RA), 趋势=%!s(MISSING)
[2025-08-15 01:35:17] ETHUSDT 15m: 当前价格=4607.23, EMA25=4647.87, EMA50=%!f(utils.TrendStatus=DO), 趋势=%!s(MISSING)
[2025-08-15 01:35:17] ETHUSDT 1h: 当前价格=4663.92, EMA25=4619.92, EMA50=%!f(utils.TrendStatus=RA), 趋势=%!s(MISSING)
[2025-08-15 01:35:18] ETHUSDT 4h: 当前价格=4500.49, EMA25=4293.75, EMA50=%!f(utils.TrendStatus=RA), 趋势=%!s(MISSING)
[2025-08-15 01:35:18] ETHUSDT 1d: 当前价格=3903.75, EMA25=3520.81, EMA50=%!f(utils.TrendStatus=UP), 趋势=%!s(MISSING)
[2025-08-15 01:35:18] ETHUSDT 3d: 当前价格=3381.19, EMA25=3000.06, EMA50=%!f(utils.TrendStatus=UP), 趋势=%!s(MISSING)
==============================

===== 趋势分析结果 (2025-08-15 01:40:20) =====
[2025-08-15 01:40:16] BTCUSDT 5m: 当前价格=117905.41, EMA25=118288.34, EMA50=%!f(utils.TrendStatus=SE), 趋势=%!s(MISSING)
[2025-08-15 01:40:16] BTCUSDT 15m: 当前价格=118733.37, EMA25=119781.04, EMA50=%!f(utils.TrendStatus=DO), 趋势=%!s(MISSING)
[2025-08-15 01:40:16] BTCUSDT 1h: 当前价格=120411.72, EMA25=120505.48, EMA50=%!f(utils.TrendStatus=DO), 趋势=%!s(MISSING)
[2025-08-15 01:40:17] BTCUSDT 4h: 当前价格=119824.97, EMA25=118756.70, EMA50=%!f(utils.TrendStatus=SE), 趋势=%!s(MISSING)
[2025-08-15 01:40:17] BTCUSDT 1d: 当前价格=117037.27, EMA25=114640.20, EMA50=%!f(utils.TrendStatus=UP), 趋势=%!s(MISSING)
[2025-08-15 01:40:19] BTCUSDT 3d: 当前价格=112890.97, EMA25=106420.34, EMA50=%!f(utils.TrendStatus=UP), 趋势=%!s(MISSING)
[2025-08-15 01:40:19] ETHUSDT 5m: 当前价格=4560.49, EMA25=4586.14, EMA50=%!f(utils.TrendStatus=SE), 趋势=%!s(MISSING)
[2025-08-15 01:40:19] ETHUSDT 15m: 当前价格=4605.60, EMA25=4647.05, EMA50=%!f(utils.TrendStatus=DO), 趋势=%!s(MISSING)
[2025-08-15 01:40:19] ETHUSDT 1h: 当前价格=4662.23, EMA25=4619.06, EMA50=%!f(utils.TrendStatus=RA), 趋势=%!s(MISSING)
[2025-08-15 01:40:20] ETHUSDT 4h: 当前价格=4498.87, EMA25=4292.92, EMA50=%!f(utils.TrendStatus=RA), 趋势=%!s(MISSING)
[2025-08-15 01:40:20] ETHUSDT 1d: 当前价格=3902.13, EMA25=3519.99, EMA50=%!f(utils.TrendStatus=UP), 趋势=%!s(MISSING)
[2025-08-15 01:40:20] ETHUSDT 3d: 当前价格=3379.59, EMA25=2999.24, EMA50=%!f(utils.TrendStatus=UP), 趋势=%!s(MISSING)
==============================

===== 趋势分析结果 (2025-08-15 01:45:18) =====
[2025-08-15 01:45:16] BTCUSDT 5m: 当前价格=117875.18, EMA25=118257.67, EMA50=%!f(utils.TrendStatus=SE), 趋势=%!s(MISSING)
[2025-08-15 01:45:16] BTCUSDT 15m: 当前价格=118639.85, EMA25=119692.03, EMA50=%!f(utils.TrendStatus=DO), 趋势=%!s(MISSING)
[2025-08-15 01:45:16] BTCUSDT 1h: 当前价格=120402.36, EMA25=120500.71, EMA50=%!f(utils.TrendStatus=DO), 趋势=%!s(MISSING)
[2025-08-15 01:45:17] BTCUSDT 4h: 当前价格=119815.60, EMA25=118751.92, EMA50=%!f(utils.TrendStatus=SE), 趋势=%!s(MISSING)
[2025-08-15 01:45:17] BTCUSDT 1d: 当前价格=117026.52, EMA25=114634.72, EMA50=%!f(utils.TrendStatus=UP), 趋势=%!s(MISSING)
[2025-08-15 01:45:17] BTCUSDT 3d: 当前价格=112881.26, EMA25=106415.39, EMA50=%!f(utils.TrendStatus=UP), 趋势=%!s(MISSING)
[2025-08-15 01:45:17] ETHUSDT 5m: 当前价格=4558.38, EMA25=4584.05, EMA50=%!f(utils.TrendStatus=SE), 趋势=%!s(MISSING)
[2025-08-15 01:45:17] ETHUSDT 15m: 当前价格=4600.08, EMA25=4642.59, EMA50=%!f(utils.TrendStatus=DO), 趋势=%!s(MISSING)
[2025-08-15 01:45:17] ETHUSDT 1h: 当前价格=4662.16, EMA25=4619.03, EMA50=%!f(utils.TrendStatus=RA), 趋势=%!s(MISSING)
[2025-08-15 01:45:18] ETHUSDT 4h: 当前价格=4498.54, EMA25=4292.76, EMA50=%!f(utils.TrendStatus=RA), 趋势=%!s(MISSING)
[2025-08-15 01:45:18] ETHUSDT 1d: 当前价格=3901.99, EMA25=3519.92, EMA50=%!f(utils.TrendStatus=UP), 趋势=%!s(MISSING)
[2025-08-15 01:45:18] ETHUSDT 3d: 当前价格=3379.24, EMA25=2999.06, EMA50=%!f(utils.TrendStatus=UP), 趋势=%!s(MISSING)
==============================

===== 趋势分析结果 (2025-08-15 01:50:18) =====
[2025-08-15 01:50:16] BTCUSDT 5m: 当前价格=117850.47, EMA25=118229.99, EMA50=%!f(utils.TrendStatus=SE), 趋势=%!s(MISSING)
[2025-08-15 01:50:16] BTCUSDT 15m: 当前价格=118634.68, EMA25=119689.39, EMA50=%!f(utils.TrendStatus=DO), 趋势=%!s(MISSING)
[2025-08-15 01:50:16] BTCUSDT 1h: 当前价格=120397.18, EMA25=120498.07, EMA50=%!f(utils.TrendStatus=DO), 趋势=%!s(MISSING)
[2025-08-15 01:50:17] BTCUSDT 4h: 当前价格=119811.07, EMA25=118749.61, EMA50=%!f(utils.TrendStatus=SE), 趋势=%!s(MISSING)
[2025-08-15 01:50:17] BTCUSDT 1d: 当前价格=117023.37, EMA25=114633.11, EMA50=%!f(utils.TrendStatus=UP), 趋势=%!s(MISSING)
[2025-08-15 01:50:17] BTCUSDT 3d: 当前价格=112878.11, EMA25=106413.79, EMA50=%!f(utils.TrendStatus=UP), 趋势=%!s(MISSING)
[2025-08-15 01:50:17] ETHUSDT 5m: 当前价格=4556.26, EMA25=4581.96, EMA50=%!f(utils.TrendStatus=SE), 趋势=%!s(MISSING)
[2025-08-15 01:50:17] ETHUSDT 15m: 当前价格=4599.56, EMA25=4642.33, EMA50=%!f(utils.TrendStatus=DO), 趋势=%!s(MISSING)
[2025-08-15 01:50:17] ETHUSDT 1h: 当前价格=4661.74, EMA25=4618.81, EMA50=%!f(utils.TrendStatus=RA), 趋势=%!s(MISSING)
[2025-08-15 01:50:18] ETHUSDT 4h: 当前价格=4498.36, EMA25=4292.66, EMA50=%!f(utils.TrendStatus=RA), 趋势=%!s(MISSING)
[2025-08-15 01:50:18] ETHUSDT 1d: 当前价格=3901.60, EMA25=3519.72, EMA50=%!f(utils.TrendStatus=UP), 趋势=%!s(MISSING)
[2025-08-15 01:50:18] ETHUSDT 3d: 当前价格=3379.01, EMA25=2998.95, EMA50=%!f(utils.TrendStatus=UP), 趋势=%!s(MISSING)
==============================

===== 趋势分析结果 (2025-08-15 01:55:19) =====
[2025-08-15 01:55:16] BTCUSDT 5m: 当前价格=117835.59, EMA25=118207.57, EMA50=%!f(utils.TrendStatus=SE), 趋势=%!s(MISSING)
[2025-08-15 01:55:17] BTCUSDT 15m: 当前价格=118636.58, EMA25=119690.36, EMA50=%!f(utils.TrendStatus=DO), 趋势=%!s(MISSING)
[2025-08-15 01:55:17] BTCUSDT 1h: 当前价格=120399.09, EMA25=120499.04, EMA50=%!f(utils.TrendStatus=DO), 趋势=%!s(MISSING)
[2025-08-15 01:55:17] BTCUSDT 4h: 当前价格=119811.20, EMA25=118749.68, EMA50=%!f(utils.TrendStatus=SE), 趋势=%!s(MISSING)
[2025-08-15 01:55:17] BTCUSDT 1d: 当前价格=117024.91, EMA25=114633.90, EMA50=%!f(utils.TrendStatus=UP), 趋势=%!s(MISSING)
[2025-08-15 01:55:18] BTCUSDT 3d: 当前价格=112879.65, EMA25=106414.57, EMA50=%!f(utils.TrendStatus=UP), 趋势=%!s(MISSING)
[2025-08-15 01:55:18] ETHUSDT 5m: 当前价格=4553.52, EMA25=4579.54, EMA50=%!f(utils.TrendStatus=SE), 趋势=%!s(MISSING)
[2025-08-15 01:55:18] ETHUSDT 15m: 当前价格=4599.12, EMA25=4642.11, EMA50=%!f(utils.TrendStatus=DO), 趋势=%!s(MISSING)
[2025-08-15 01:55:18] ETHUSDT 1h: 当前价格=4661.30, EMA25=4618.59, EMA50=%!f(utils.TrendStatus=RA), 趋势=%!s(MISSING)
[2025-08-15 01:55:18] ETHUSDT 4h: 当前价格=4497.98, EMA25=4292.47, EMA50=%!f(utils.TrendStatus=RA), 趋势=%!s(MISSING)
[2025-08-15 01:55:19] ETHUSDT 1d: 当前价格=3901.24, EMA25=3519.53, EMA50=%!f(utils.TrendStatus=UP), 趋势=%!s(MISSING)
[2025-08-15 01:55:19] ETHUSDT 3d: 当前价格=3378.60, EMA25=2998.74, EMA50=%!f(utils.TrendStatus=UP), 趋势=%!s(MISSING)
==============================

===== 趋势分析结果 (2025-08-15 02:00:18) =====
[2025-08-15 02:00:16] BTCUSDT 5m: 当前价格=117852.82, EMA25=118202.13, EMA50=%!f(utils.TrendStatus=RA), 趋势=%!s(MISSING)
[2025-08-15 02:00:16] BTCUSDT 15m: 当前价格=118591.96, EMA25=119626.66, EMA50=%!f(utils.TrendStatus=DO), 趋势=%!s(MISSING)
[2025-08-15 02:00:16] BTCUSDT 1h: 当前价格=120218.72, EMA25=120403.54, EMA50=%!f(utils.TrendStatus=DO), 趋势=%!s(MISSING)
[2025-08-15 02:00:17] BTCUSDT 4h: 当前价格=119827.33, EMA25=118757.90, EMA50=%!f(utils.TrendStatus=SE), 趋势=%!s(MISSING)
[2025-08-15 02:00:17] BTCUSDT 1d: 当前价格=117039.63, EMA25=114641.40, EMA50=%!f(utils.TrendStatus=UP), 趋势=%!s(MISSING)
[2025-08-15 02:00:17] BTCUSDT 3d: 当前价格=112894.37, EMA25=106422.08, EMA50=%!f(utils.TrendStatus=UP), 趋势=%!s(MISSING)
[2025-08-15 02:00:17] ETHUSDT 5m: 当前价格=4554.23, EMA25=4578.92, EMA50=%!f(utils.TrendStatus=RA), 趋势=%!s(MISSING)
[2025-08-15 02:00:17] ETHUSDT 15m: 当前价格=4596.57, EMA25=4639.15, EMA50=%!f(utils.TrendStatus=DO), 趋势=%!s(MISSING)
[2025-08-15 02:00:17] ETHUSDT 1h: 当前价格=4654.00, EMA25=4616.57, EMA50=%!f(utils.TrendStatus=RA), 趋势=%!s(MISSING)
[2025-08-15 02:00:18] ETHUSDT 4h: 当前价格=4499.43, EMA25=4293.21, EMA50=%!f(utils.TrendStatus=RA), 趋势=%!s(MISSING)
[2025-08-15 02:00:18] ETHUSDT 1d: 当前价格=3902.39, EMA25=3520.12, EMA50=%!f(utils.TrendStatus=UP), 趋势=%!s(MISSING)
[2025-08-15 02:00:18] ETHUSDT 3d: 当前价格=3380.12, EMA25=2999.51, EMA50=%!f(utils.TrendStatus=UP), 趋势=%!s(MISSING)
==============================

===== 趋势分析结果 (2025-08-15 02:05:18) =====
[2025-08-15 02:05:16] BTCUSDT 5m: 当前价格=117841.78, EMA25=118182.72, EMA50=%!f(utils.TrendStatus=SE), 趋势=%!s(MISSING)
[2025-08-15 02:05:16] BTCUSDT 15m: 当前价格=118589.72, EMA25=119625.52, EMA50=%!f(utils.TrendStatus=DO), 趋势=%!s(MISSING)
[2025-08-15 02:05:16] BTCUSDT 1h: 当前价格=120216.64, EMA25=120402.48, EMA50=%!f(utils.TrendStatus=DO), 趋势=%!s(MISSING)
[2025-08-15 02:05:17] BTCUSDT 4h: 当前价格=119824.58, EMA25=118756.50, EMA50=%!f(utils.TrendStatus=SE), 趋势=%!s(MISSING)
[2025-08-15 02:05:17] BTCUSDT 1d: 当前价格=117037.55, EMA25=114640.34, EMA50=%!f(utils.TrendStatus=UP), 趋势=%!s(MISSING)
[2025-08-15 02:05:17] BTCUSDT 3d: 当前价格=112892.29, EMA25=106421.01, EMA50=%!f(utils.TrendStatus=UP), 趋势=%!s(MISSING)
[2025-08-15 02:05:17] ETHUSDT 5m: 当前价格=4552.76, EMA25=4577.19, EMA50=%!f(utils.TrendStatus=SE), 趋势=%!s(MISSING)
[2025-08-15 02:05:17] ETHUSDT 15m: 当前价格=4596.03, EMA25=4638.88, EMA50=%!f(utils.TrendStatus=DO), 趋势=%!s(MISSING)
[2025-08-15 02:05:17] ETHUSDT 1h: 当前价格=4653.45, EMA25=4616.29, EMA50=%!f(utils.TrendStatus=RA), 趋势=%!s(MISSING)
[2025-08-15 02:05:18] ETHUSDT 4h: 当前价格=4498.87, EMA25=4292.92, EMA50=%!f(utils.TrendStatus=RA), 趋势=%!s(MISSING)
[2025-08-15 02:05:18] ETHUSDT 1d: 当前价格=3902.13, EMA25=3519.99, EMA50=%!f(utils.TrendStatus=UP), 趋势=%!s(MISSING)
[2025-08-15 02:05:18] ETHUSDT 3d: 当前价格=3379.56, EMA25=2999.22, EMA50=%!f(utils.TrendStatus=UP), 趋势=%!s(MISSING)
==============================

===== 趋势分析结果 (2025-08-15 02:10:18) =====
[2025-08-15 02:10:16] BTCUSDT 5m: 当前价格=117837.91, EMA25=118167.39, EMA50=%!f(utils.TrendStatus=RA), 趋势=%!s(MISSING)
[2025-08-15 02:10:16] BTCUSDT 15m: 当前价格=118590.04, EMA25=119625.68, EMA50=%!f(utils.TrendStatus=DO), 趋势=%!s(MISSING)
[2025-08-15 02:10:16] BTCUSDT 1h: 当前价格=120216.96, EMA25=120402.64, EMA50=%!f(utils.TrendStatus=DO), 趋势=%!s(MISSING)
[2025-08-15 02:10:17] BTCUSDT 4h: 当前价格=119825.56, EMA25=118757.00, EMA50=%!f(utils.TrendStatus=SE), 趋势=%!s(MISSING)
[2025-08-15 02:10:17] BTCUSDT 1d: 当前价格=117037.86, EMA25=114640.50, EMA50=%!f(utils.TrendStatus=UP), 趋势=%!s(MISSING)
[2025-08-15 02:10:17] BTCUSDT 3d: 当前价格=112892.60, EMA25=106421.18, EMA50=%!f(utils.TrendStatus=UP), 趋势=%!s(MISSING)
[2025-08-15 02:10:17] ETHUSDT 5m: 当前价格=4551.35, EMA25=4575.51, EMA50=%!f(utils.TrendStatus=SE), 趋势=%!s(MISSING)
[2025-08-15 02:10:17] ETHUSDT 15m: 当前价格=4595.82, EMA25=4638.77, EMA50=%!f(utils.TrendStatus=DO), 趋势=%!s(MISSING)
[2025-08-15 02:10:17] ETHUSDT 1h: 当前价格=4653.23, EMA25=4616.18, EMA50=%!f(utils.TrendStatus=RA), 趋势=%!s(MISSING)
[2025-08-15 02:10:18] ETHUSDT 4h: 当前价格=4498.64, EMA25=4292.81, EMA50=%!f(utils.TrendStatus=RA), 趋势=%!s(MISSING)
[2025-08-15 02:10:18] ETHUSDT 1d: 当前价格=3901.91, EMA25=3519.88, EMA50=%!f(utils.TrendStatus=UP), 趋势=%!s(MISSING)
[2025-08-15 02:10:18] ETHUSDT 3d: 当前价格=3379.37, EMA25=2999.13, EMA50=%!f(utils.TrendStatus=UP), 趋势=%!s(MISSING)
==============================

===== 趋势分析结果 (2025-08-15 02:15:20) =====
[2025-08-15 02:15:16] BTCUSDT 5m: 当前价格=117807.84, EMA25=118138.87, EMA50=%!f(utils.TrendStatus=SE), 趋势=%!s(MISSING)
[2025-08-15 02:15:16] BTCUSDT 15m: 当前价格=118502.85, EMA25=119540.32, EMA50=%!f(utils.TrendStatus=DO), 趋势=%!s(MISSING)
[2025-08-15 02:15:16] BTCUSDT 1h: 当前价格=120203.51, EMA25=120395.79, EMA50=%!f(utils.TrendStatus=DO), 趋势=%!s(MISSING)
[2025-08-15 02:15:17] BTCUSDT 4h: 当前价格=119812.12, EMA25=118750.15, EMA50=%!f(utils.TrendStatus=SE), 趋势=%!s(MISSING)
[2025-08-15 02:15:17] BTCUSDT 1d: 当前价格=117025.77, EMA25=114634.34, EMA50=%!f(utils.TrendStatus=UP), 趋势=%!s(MISSING)
[2025-08-15 02:15:17] BTCUSDT 3d: 当前价格=112879.16, EMA25=106414.32, EMA50=%!f(utils.TrendStatus=UP), 趋势=%!s(MISSING)
[2025-08-15 02:15:17] ETHUSDT 5m: 当前价格=4547.93, EMA25=4572.79, EMA50=%!f(utils.TrendStatus=SE), 趋势=%!s(MISSING)
[2025-08-15 02:15:17] ETHUSDT 15m: 当前价格=4588.96, EMA25=4633.56, EMA50=%!f(utils.TrendStatus=DO), 趋势=%!s(MISSING)
[2025-08-15 02:15:17] ETHUSDT 1h: 当前价格=4652.19, EMA25=4615.65, EMA50=%!f(utils.TrendStatus=RA), 趋势=%!s(MISSING)
[2025-08-15 02:15:20] ETHUSDT 4h: 当前价格=4497.65, EMA25=4292.30, EMA50=%!f(utils.TrendStatus=RA), 趋势=%!s(MISSING)
[2025-08-15 02:15:20] ETHUSDT 1d: 当前价格=3900.42, EMA25=3519.12, EMA50=%!f(utils.TrendStatus=UP), 趋势=%!s(MISSING)
[2025-08-15 02:15:20] ETHUSDT 3d: 当前价格=3377.79, EMA25=2998.32, EMA50=%!f(utils.TrendStatus=UP), 趋势=%!s(MISSING)
==============================

===== 趋势分析结果 (2025-08-15 02:20:18) =====
[2025-08-15 02:20:16] BTCUSDT 5m: 当前价格=117784.49, EMA25=118113.91, EMA50=%!f(utils.TrendStatus=SE), 趋势=%!s(MISSING)
[2025-08-15 02:20:16] BTCUSDT 15m: 当前价格=118495.71, EMA25=119536.68, EMA50=%!f(utils.TrendStatus=DO), 趋势=%!s(MISSING)
[2025-08-15 02:20:16] BTCUSDT 1h: 当前价格=120197.73, EMA25=120392.84, EMA50=%!f(utils.TrendStatus=DO), 趋势=%!s(MISSING)
[2025-08-15 02:20:17] BTCUSDT 4h: 当前价格=119806.40, EMA25=118747.23, EMA50=%!f(utils.TrendStatus=SE), 趋势=%!s(MISSING)
[2025-08-15 02:20:17] BTCUSDT 1d: 当前价格=117018.63, EMA25=114630.70, EMA50=%!f(utils.TrendStatus=UP), 趋势=%!s(MISSING)
[2025-08-15 02:20:17] BTCUSDT 3d: 当前价格=112872.77, EMA25=106411.07, EMA50=%!f(utils.TrendStatus=UP), 趋势=%!s(MISSING)
[2025-08-15 02:20:17] ETHUSDT 5m: 当前价格=4543.98, EMA25=4569.79, EMA50=%!f(utils.TrendStatus=SE), 趋势=%!s(MISSING)
[2025-08-15 02:20:17] ETHUSDT 15m: 当前价格=4587.92, EMA25=4633.03, EMA50=%!f(utils.TrendStatus=DO), 趋势=%!s(MISSING)
[2025-08-15 02:20:18] ETHUSDT 1h: 当前价格=4651.01, EMA25=4615.05, EMA50=%!f(utils.TrendStatus=RA), 趋势=%!s(MISSING)
[2025-08-15 02:20:18] ETHUSDT 4h: 当前价格=4496.48, EMA25=4291.71, EMA50=%!f(utils.TrendStatus=RA), 趋势=%!s(MISSING)
[2025-08-15 02:20:18] ETHUSDT 1d: 当前价格=3899.74, EMA25=3518.77, EMA50=%!f(utils.TrendStatus=UP), 趋势=%!s(MISSING)
[2025-08-15 02:20:18] ETHUSDT 3d: 当前价格=3377.12, EMA25=2997.98, EMA50=%!f(utils.TrendStatus=UP), 趋势=%!s(MISSING)
==============================

===== 趋势分析结果 (2025-08-15 02:25:18) =====
[2025-08-15 02:25:16] BTCUSDT 5m: 当前价格=117753.07, EMA25=118084.83, EMA50=%!f(utils.TrendStatus=SE), 趋势=%!s(MISSING)
[2025-08-15 02:25:16] BTCUSDT 15m: 当前价格=118489.41, EMA25=119533.47, EMA50=%!f(utils.TrendStatus=DO), 趋势=%!s(MISSING)
[2025-08-15 02:25:16] BTCUSDT 1h: 当前价格=120192.70, EMA25=120390.28, EMA50=%!f(utils.TrendStatus=DO), 趋势=%!s(MISSING)
[2025-08-15 02:25:17] BTCUSDT 4h: 当前价格=119801.31, EMA25=118744.64, EMA50=%!f(utils.TrendStatus=SE), 趋势=%!s(MISSING)
[2025-08-15 02:25:17] BTCUSDT 1d: 当前价格=117013.73, EMA25=114628.20, EMA50=%!f(utils.TrendStatus=UP), 趋势=%!s(MISSING)
[2025-08-15 02:25:17] BTCUSDT 3d: 当前价格=112868.68, EMA25=106408.98, EMA50=%!f(utils.TrendStatus=UP), 趋势=%!s(MISSING)
[2025-08-15 02:25:17] ETHUSDT 5m: 当前价格=4541.76, EMA25=4567.65, EMA50=%!f(utils.TrendStatus=SE), 趋势=%!s(MISSING)
[2025-08-15 02:25:17] ETHUSDT 15m: 当前价格=4588.34, EMA25=4633.25, EMA50=%!f(utils.TrendStatus=DO), 趋势=%!s(MISSING)
[2025-08-15 02:25:17] ETHUSDT 1h: 当前价格=4651.48, EMA25=4615.29, EMA50=%!f(utils.TrendStatus=RA), 趋势=%!s(MISSING)
[2025-08-15 02:25:18] ETHUSDT 4h: 当前价格=4496.88, EMA25=4291.91, EMA50=%!f(utils.TrendStatus=RA), 趋势=%!s(MISSING)
[2025-08-15 02:25:18] ETHUSDT 1d: 当前价格=3900.02, EMA25=3518.91, EMA50=%!f(utils.TrendStatus=UP), 趋势=%!s(MISSING)
[2025-08-15 02:25:18] ETHUSDT 3d: 当前价格=3377.60, EMA25=2998.23, EMA50=%!f(utils.TrendStatus=UP), 趋势=%!s(MISSING)
==============================

===== 趋势分析结果 (2025-08-15 02:30:18) =====
[2025-08-15 02:30:16] BTCUSDT 5m: 当前价格=117780.14, EMA25=118086.10, EMA50=%!f(utils.TrendStatus=BU), 趋势=%!s(MISSING)
[2025-08-15 02:30:16] BTCUSDT 15m: 当前价格=118459.84, EMA25=119477.93, EMA50=%!f(utils.TrendStatus=DO), 趋势=%!s(MISSING)
[2025-08-15 02:30:16] BTCUSDT 1h: 当前价格=120217.06, EMA25=120402.69, EMA50=%!f(utils.TrendStatus=DO), 趋势=%!s(MISSING)
[2025-08-15 02:30:17] BTCUSDT 4h: 当前价格=119825.66, EMA25=118757.05, EMA50=%!f(utils.TrendStatus=SE), 趋势=%!s(MISSING)
[2025-08-15 02:30:17] BTCUSDT 1d: 当前价格=117037.96, EMA25=114640.55, EMA50=%!f(utils.TrendStatus=UP), 趋势=%!s(MISSING)
[2025-08-15 02:30:17] BTCUSDT 3d: 当前价格=112892.69, EMA25=106421.22, EMA50=%!f(utils.TrendStatus=UP), 趋势=%!s(MISSING)
[2025-08-15 02:30:17] ETHUSDT 5m: 当前价格=4541.78, EMA25=4566.66, EMA50=%!f(utils.TrendStatus=RA), 趋势=%!s(MISSING)
[2025-08-15 02:30:17] ETHUSDT 15m: 当前价格=4584.75, EMA25=4629.68, EMA50=%!f(utils.TrendStatus=DO), 趋势=%!s(MISSING)
[2025-08-15 02:30:17] ETHUSDT 1h: 当前价格=4652.70, EMA25=4615.91, EMA50=%!f(utils.TrendStatus=RA), 趋势=%!s(MISSING)
[2025-08-15 02:30:18] ETHUSDT 4h: 当前价格=4498.12, EMA25=4292.54, EMA50=%!f(utils.TrendStatus=RA), 趋势=%!s(MISSING)
[2025-08-15 02:30:18] ETHUSDT 1d: 当前价格=3901.26, EMA25=3519.54, EMA50=%!f(utils.TrendStatus=UP), 趋势=%!s(MISSING)
[2025-08-15 02:30:18] ETHUSDT 3d: 当前价格=3378.82, EMA25=2998.85, EMA50=%!f(utils.TrendStatus=UP), 趋势=%!s(MISSING)
==============================

===== 趋势分析结果 (2025-08-15 02:35:18) =====
[2025-08-15 02:35:16] BTCUSDT 5m: 当前价格=117795.99, EMA25=118082.33, EMA50=%!f(utils.TrendStatus=BU), 趋势=%!s(MISSING)
[2025-08-15 02:35:16] BTCUSDT 15m: 当前价格=118464.27, EMA25=119480.19, EMA50=%!f(utils.TrendStatus=DO), 趋势=%!s(MISSING)
[2025-08-15 02:35:16] BTCUSDT 1h: 当前价格=120223.74, EMA25=120406.10, EMA50=%!f(utils.TrendStatus=DO), 趋势=%!s(MISSING)
[2025-08-15 02:35:17] BTCUSDT 4h: 当前价格=119830.33, EMA25=118759.43, EMA50=%!f(utils.TrendStatus=SE), 趋势=%!s(MISSING)
[2025-08-15 02:35:17] BTCUSDT 1d: 当前价格=117042.62, EMA25=114642.93, EMA50=%!f(utils.TrendStatus=UP), 趋势=%!s(MISSING)
[2025-08-15 02:35:17] BTCUSDT 3d: 当前价格=112899.39, EMA25=106424.63, EMA50=%!f(utils.TrendStatus=UP), 趋势=%!s(MISSING)
[2025-08-15 02:35:17] ETHUSDT 5m: 当前价格=4541.76, EMA25=4565.69, EMA50=%!f(utils.TrendStatus=RA), 趋势=%!s(MISSING)
[2025-08-15 02:35:17] ETHUSDT 15m: 当前价格=4585.17, EMA25=4629.89, EMA50=%!f(utils.TrendStatus=DO), 趋势=%!s(MISSING)
[2025-08-15 02:35:18] ETHUSDT 1h: 当前价格=4653.01, EMA25=4616.07, EMA50=%!f(utils.TrendStatus=RA), 趋势=%!s(MISSING)
[2025-08-15 02:35:18] ETHUSDT 4h: 当前价格=4498.43, EMA25=4292.70, EMA50=%!f(utils.TrendStatus=RA), 趋势=%!s(MISSING)
[2025-08-15 02:35:18] ETHUSDT 1d: 当前价格=3901.69, EMA25=3519.77, EMA50=%!f(utils.TrendStatus=UP), 趋势=%!s(MISSING)
[2025-08-15 02:35:18] ETHUSDT 3d: 当前价格=3379.13, EMA25=2999.00, EMA50=%!f(utils.TrendStatus=UP), 趋势=%!s(MISSING)
==============================

===== 趋势分析结果 (2025-08-15 02:40:18) =====
[2025-08-15 02:40:16] BTCUSDT 5m: 当前价格=117811.19, EMA25=118078.95, EMA50=%!f(utils.TrendStatus=BU), 趋势=%!s(MISSING)
[2025-08-15 02:40:16] BTCUSDT 15m: 当前价格=118469.99, EMA25=119483.11, EMA50=%!f(utils.TrendStatus=DO), 趋势=%!s(MISSING)
[2025-08-15 02:40:16] BTCUSDT 1h: 当前价格=120227.44, EMA25=120407.99, EMA50=%!f(utils.TrendStatus=DO), 趋势=%!s(MISSING)
[2025-08-15 02:40:17] BTCUSDT 4h: 当前价格=119836.05, EMA25=118762.35, EMA50=%!f(utils.TrendStatus=SE), 趋势=%!s(MISSING)
[2025-08-15 02:40:17] BTCUSDT 1d: 当前价格=117048.35, EMA25=114645.85, EMA50=%!f(utils.TrendStatus=UP), 趋势=%!s(MISSING)
[2025-08-15 02:40:17] BTCUSDT 3d: 当前价格=112903.09, EMA25=106426.52, EMA50=%!f(utils.TrendStatus=UP), 趋势=%!s(MISSING)
[2025-08-15 02:40:17] ETHUSDT 5m: 当前价格=4542.38, EMA25=4565.08, EMA50=%!f(utils.TrendStatus=BU), 趋势=%!s(MISSING)
[2025-08-15 02:40:17] ETHUSDT 15m: 当前价格=4585.87, EMA25=4630.25, EMA50=%!f(utils.TrendStatus=DO), 趋势=%!s(MISSING)
[2025-08-15 02:40:17] ETHUSDT 1h: 当前价格=4653.67, EMA25=4616.41, EMA50=%!f(utils.TrendStatus=RA), 趋势=%!s(MISSING)
[2025-08-15 02:40:18] ETHUSDT 4h: 当前价格=4499.10, EMA25=4293.04, EMA50=%!f(utils.TrendStatus=RA), 趋势=%!s(MISSING)
[2025-08-15 02:40:18] ETHUSDT 1d: 当前价格=3902.32, EMA25=3520.09, EMA50=%!f(utils.TrendStatus=UP), 趋势=%!s(MISSING)
[2025-08-15 02:40:18] ETHUSDT 3d: 当前价格=3379.82, EMA25=2999.36, EMA50=%!f(utils.TrendStatus=UP), 趋势=%!s(MISSING)
==============================

===== 趋势分析结果 (2025-08-15 02:45:18) =====
[2025-08-15 02:45:16] BTCUSDT 5m: 当前价格=117825.20, EMA25=118075.66, EMA50=%!f(utils.TrendStatus=BU), 趋势=%!s(MISSING)
[2025-08-15 02:45:16] BTCUSDT 15m: 当前价格=118433.32, EMA25=119424.75, EMA50=%!f(utils.TrendStatus=DO), 趋势=%!s(MISSING)
[2025-08-15 02:45:16] BTCUSDT 1h: 当前价格=120231.60, EMA25=120410.11, EMA50=%!f(utils.TrendStatus=DO), 趋势=%!s(MISSING)
[2025-08-15 02:45:17] BTCUSDT 4h: 当前价格=119837.03, EMA25=118762.85, EMA50=%!f(utils.TrendStatus=SE), 趋势=%!s(MISSING)
[2025-08-15 02:45:17] BTCUSDT 1d: 当前价格=117049.32, EMA25=114646.34, EMA50=%!f(utils.TrendStatus=UP), 趋势=%!s(MISSING)
[2025-08-15 02:45:17] BTCUSDT 3d: 当前价格=112904.36, EMA25=106427.17, EMA50=%!f(utils.TrendStatus=UP), 趋势=%!s(MISSING)
[2025-08-15 02:45:17] ETHUSDT 5m: 当前价格=4543.71, EMA25=4564.88, EMA50=%!f(utils.TrendStatus=BU), 趋势=%!s(MISSING)
[2025-08-15 02:45:17] ETHUSDT 15m: 当前价格=4583.90, EMA25=4627.52, EMA50=%!f(utils.TrendStatus=DO), 趋势=%!s(MISSING)
[2025-08-15 02:45:17] ETHUSDT 1h: 当前价格=4654.28, EMA25=4616.71, EMA50=%!f(utils.TrendStatus=RA), 趋势=%!s(MISSING)
[2025-08-15 02:45:18] ETHUSDT 4h: 当前价格=4499.72, EMA25=4293.35, EMA50=%!f(utils.TrendStatus=RA), 趋势=%!s(MISSING)
[2025-08-15 02:45:18] ETHUSDT 1d: 当前价格=3902.96, EMA25=3520.41, EMA50=%!f(utils.TrendStatus=UP), 趋势=%!s(MISSING)
[2025-08-15 02:45:18] ETHUSDT 3d: 当前价格=3380.42, EMA25=2999.66, EMA50=%!f(utils.TrendStatus=UP), 趋势=%!s(MISSING)
==============================

===== 趋势分析结果 (2025-08-15 02:50:18) =====
[2025-08-15 02:50:16] BTCUSDT 5m: 当前价格=117850.19, EMA25=118078.73, EMA50=%!f(utils.TrendStatus=BU), 趋势=%!s(MISSING)
[2025-08-15 02:50:16] BTCUSDT 15m: 当前价格=118441.51, EMA25=119428.93, EMA50=%!f(utils.TrendStatus=DO), 趋势=%!s(MISSING)
[2025-08-15 02:50:16] BTCUSDT 1h: 当前价格=120236.60, EMA25=120412.66, EMA50=%!f(utils.TrendStatus=DO), 趋势=%!s(MISSING)
[2025-08-15 02:50:17] BTCUSDT 4h: 当前价格=119845.21, EMA25=118767.02, EMA50=%!f(utils.TrendStatus=SE), 趋势=%!s(MISSING)
[2025-08-15 02:50:17] BTCUSDT 1d: 当前价格=117057.50, EMA25=114650.51, EMA50=%!f(utils.TrendStatus=UP), 趋势=%!s(MISSING)
[2025-08-15 02:50:17] BTCUSDT 3d: 当前价格=112912.25, EMA25=106431.19, EMA50=%!f(utils.TrendStatus=UP), 趋势=%!s(MISSING)
[2025-08-15 02:50:17] ETHUSDT 5m: 当前价格=4544.07, EMA25=4564.23, EMA50=%!f(utils.TrendStatus=BU), 趋势=%!s(MISSING)
[2025-08-15 02:50:17] ETHUSDT 15m: 当前价格=4583.76, EMA25=4627.45, EMA50=%!f(utils.TrendStatus=DO), 趋势=%!s(MISSING)
[2025-08-15 02:50:17] ETHUSDT 1h: 当前价格=4654.23, EMA25=4616.69, EMA50=%!f(utils.TrendStatus=RA), 趋势=%!s(MISSING)
[2025-08-15 02:50:18] ETHUSDT 4h: 当前价格=4499.66, EMA25=4293.32, EMA50=%!f(utils.TrendStatus=RA), 趋势=%!s(MISSING)
[2025-08-15 02:50:18] ETHUSDT 1d: 当前价格=3902.91, EMA25=3520.39, EMA50=%!f(utils.TrendStatus=UP), 趋势=%!s(MISSING)
[2025-08-15 02:50:18] ETHUSDT 3d: 当前价格=3380.36, EMA25=2999.63, EMA50=%!f(utils.TrendStatus=UP), 趋势=%!s(MISSING)
==============================

===== 趋势分析结果 (2025-08-15 02:55:18) =====
[2025-08-15 02:55:16] BTCUSDT 5m: 当前价格=117865.00, EMA25=118077.30, EMA50=%!f(utils.TrendStatus=BU), 趋势=%!s(MISSING)
[2025-08-15 02:55:16] BTCUSDT 15m: 当前价格=118442.49, EMA25=119429.43, EMA50=%!f(utils.TrendStatus=DO), 趋势=%!s(MISSING)
[2025-08-15 02:55:16] BTCUSDT 1h: 当前价格=120237.00, EMA25=120412.86, EMA50=%!f(utils.TrendStatus=DO), 趋势=%!s(MISSING)
[2025-08-15 02:55:16] BTCUSDT 4h: 当前价格=119845.61, EMA25=118767.22, EMA50=%!f(utils.TrendStatus=SE), 趋势=%!s(MISSING)
[2025-08-15 02:55:17] BTCUSDT 1d: 当前价格=117058.49, EMA25=114651.02, EMA50=%!f(utils.TrendStatus=UP), 趋势=%!s(MISSING)
[2025-08-15 02:55:17] BTCUSDT 3d: 当前价格=112912.65, EMA25=106431.40, EMA50=%!f(utils.TrendStatus=UP), 趋势=%!s(MISSING)
[2025-08-15 02:55:17] ETHUSDT 5m: 当前价格=4543.60, EMA25=4563.19, EMA50=%!f(utils.TrendStatus=BU), 趋势=%!s(MISSING)
[2025-08-15 02:55:17] ETHUSDT 15m: 当前价格=4583.40, EMA25=4627.26, EMA50=%!f(utils.TrendStatus=DO), 趋势=%!s(MISSING)
[2025-08-15 02:55:17] ETHUSDT 1h: 当前价格=4653.82, EMA25=4616.48, EMA50=%!f(utils.TrendStatus=RA), 趋势=%!s(MISSING)
[2025-08-15 02:55:18] ETHUSDT 4h: 当前价格=4499.27, EMA25=4293.13, EMA50=%!f(utils.TrendStatus=RA), 趋势=%!s(MISSING)
[2025-08-15 02:55:18] ETHUSDT 1d: 当前价格=3902.50, EMA25=3520.18, EMA50=%!f(utils.TrendStatus=UP), 趋势=%!s(MISSING)
[2025-08-15 02:55:18] ETHUSDT 3d: 当前价格=3379.95, EMA25=2999.42, EMA50=%!f(utils.TrendStatus=UP), 趋势=%!s(MISSING)
==============================

===== 趋势分析结果 (2025-08-15 03:00:18) =====
[2025-08-15 03:00:16] BTCUSDT 5m: 当前价格=117876.42, EMA25=118074.76, EMA50=%!f(utils.TrendStatus=BU), 趋势=%!s(MISSING)
[2025-08-15 03:00:16] BTCUSDT 15m: 当前价格=118408.52, EMA25=119373.36, EMA50=%!f(utils.TrendStatus=DO), 趋势=%!s(MISSING)
[2025-08-15 03:00:16] BTCUSDT 1h: 当前价格=120065.53, EMA25=120318.50, EMA50=%!f(utils.TrendStatus=DO), 趋势=%!s(MISSING)
[2025-08-15 03:00:17] BTCUSDT 4h: 当前价格=119842.03, EMA25=118765.40, EMA50=%!f(utils.TrendStatus=SE), 趋势=%!s(MISSING)
[2025-08-15 03:00:17] BTCUSDT 1d: 当前价格=117054.33, EMA25=114648.90, EMA50=%!f(utils.TrendStatus=UP), 趋势=%!s(MISSING)
[2025-08-15 03:00:17] BTCUSDT 3d: 当前价格=112910.55, EMA25=106430.32, EMA50=%!f(utils.TrendStatus=UP), 趋势=%!s(MISSING)
[2025-08-15 03:00:17] ETHUSDT 5m: 当前价格=4542.53, EMA25=4561.86, EMA50=%!f(utils.TrendStatus=SE), 趋势=%!s(MISSING)
[2025-08-15 03:00:17] ETHUSDT 15m: 当前价格=4579.27, EMA25=4623.42, EMA50=%!f(utils.TrendStatus=DO), 趋势=%!s(MISSING)
[2025-08-15 03:00:17] ETHUSDT 1h: 当前价格=4644.32, EMA25=4613.09, EMA50=%!f(utils.TrendStatus=RA), 趋势=%!s(MISSING)
[2025-08-15 03:00:18] ETHUSDT 4h: 当前价格=4498.66, EMA25=4292.81, EMA50=%!f(utils.TrendStatus=RA), 趋势=%!s(MISSING)
[2025-08-15 03:00:18] ETHUSDT 1d: 当前价格=3901.91, EMA25=3519.88, EMA50=%!f(utils.TrendStatus=UP), 趋势=%!s(MISSING)
[2025-08-15 03:00:18] ETHUSDT 3d: 当前价格=3379.36, EMA25=2999.12, EMA50=%!f(utils.TrendStatus=UP), 趋势=%!s(MISSING)
==============================

===== 趋势分析结果 (2025-08-15 03:05:18) =====
[2025-08-15 03:05:16] BTCUSDT 5m: 当前价格=117887.06, EMA25=118072.38, EMA50=%!f(utils.TrendStatus=BU), 趋势=%!s(MISSING)
[2025-08-15 03:05:16] BTCUSDT 15m: 当前价格=118408.05, EMA25=119373.12, EMA50=%!f(utils.TrendStatus=DO), 趋势=%!s(MISSING)
[2025-08-15 03:05:16] BTCUSDT 1h: 当前价格=120065.07, EMA25=120318.27, EMA50=%!f(utils.TrendStatus=DO), 趋势=%!s(MISSING)
[2025-08-15 03:05:17] BTCUSDT 4h: 当前价格=119843.96, EMA25=118766.38, EMA50=%!f(utils.TrendStatus=SE), 趋势=%!s(MISSING)
[2025-08-15 03:05:17] BTCUSDT 1d: 当前价格=117055.39, EMA25=114649.44, EMA50=%!f(utils.TrendStatus=UP), 趋势=%!s(MISSING)
[2025-08-15 03:05:17] BTCUSDT 3d: 当前价格=112911.00, EMA25=106430.56, EMA50=%!f(utils.TrendStatus=UP), 趋势=%!s(MISSING)
[2025-08-15 03:05:17] ETHUSDT 5m: 当前价格=4542.73, EMA25=4561.21, EMA50=%!f(utils.TrendStatus=SE), 趋势=%!s(MISSING)
[2025-08-15 03:05:17] ETHUSDT 15m: 当前价格=4579.69, EMA25=4623.64, EMA50=%!f(utils.TrendStatus=DO), 趋势=%!s(MISSING)
[2025-08-15 03:05:17] ETHUSDT 1h: 当前价格=4644.72, EMA25=4613.29, EMA50=%!f(utils.TrendStatus=RA), 趋势=%!s(MISSING)
[2025-08-15 03:05:18] ETHUSDT 4h: 当前价格=4499.08, EMA25=4293.03, EMA50=%!f(utils.TrendStatus=RA), 趋势=%!s(MISSING)
[2025-08-15 03:05:18] ETHUSDT 1d: 当前价格=3902.34, EMA25=3520.09, EMA50=%!f(utils.TrendStatus=UP), 趋势=%!s(MISSING)
[2025-08-15 03:05:18] ETHUSDT 3d: 当前价格=3379.78, EMA25=2999.34, EMA50=%!f(utils.TrendStatus=UP), 趋势=%!s(MISSING)
==============================

===== 趋势分析结果 (2025-08-15 03:10:18) =====
[2025-08-15 03:10:16] BTCUSDT 5m: 当前价格=117909.58, EMA25=118076.70, EMA50=%!f(utils.TrendStatus=BU), 趋势=%!s(MISSING)
[2025-08-15 03:10:16] BTCUSDT 15m: 当前价格=118415.06, EMA25=119376.69, EMA50=%!f(utils.TrendStatus=DO), 趋势=%!s(MISSING)
[2025-08-15 03:10:16] BTCUSDT 1h: 当前价格=120072.08, EMA25=120321.85, EMA50=%!f(utils.TrendStatus=DO), 趋势=%!s(MISSING)
[2025-08-15 03:10:17] BTCUSDT 4h: 当前价格=119850.05, EMA25=118769.48, EMA50=%!f(utils.TrendStatus=SE), 趋势=%!s(MISSING)
[2025-08-15 03:10:17] BTCUSDT 1d: 当前价格=117062.35, EMA25=114652.99, EMA50=%!f(utils.TrendStatus=UP), 趋势=%!s(MISSING)
[2025-08-15 03:10:17] BTCUSDT 3d: 当前价格=112917.09, EMA25=106433.66, EMA50=%!f(utils.TrendStatus=UP), 趋势=%!s(MISSING)
[2025-08-15 03:10:17] ETHUSDT 5m: 当前价格=4543.83, EMA25=4561.05, EMA50=%!f(utils.TrendStatus=BU), 趋势=%!s(MISSING)
[2025-08-15 03:10:17] ETHUSDT 15m: 当前价格=4580.40, EMA25=4624.00, EMA50=%!f(utils.TrendStatus=DO), 趋势=%!s(MISSING)
[2025-08-15 03:10:17] ETHUSDT 1h: 当前价格=4645.38, EMA25=4613.63, EMA50=%!f(utils.TrendStatus=RA), 趋势=%!s(MISSING)
[2025-08-15 03:10:18] ETHUSDT 4h: 当前价格=4499.79, EMA25=4293.39, EMA50=%!f(utils.TrendStatus=RA), 趋势=%!s(MISSING)
[2025-08-15 03:10:18] ETHUSDT 1d: 当前价格=3903.05, EMA25=3520.46, EMA50=%!f(utils.TrendStatus=UP), 趋势=%!s(MISSING)
[2025-08-15 03:10:18] ETHUSDT 3d: 当前价格=3380.49, EMA25=2999.70, EMA50=%!f(utils.TrendStatus=UP), 趋势=%!s(MISSING)
==============================

===== 趋势分析结果 (2025-08-15 03:15:18) =====
[2025-08-15 03:15:16] BTCUSDT 5m: 当前价格=117918.43, EMA25=118074.57, EMA50=%!f(utils.TrendStatus=SE), 趋势=%!s(MISSING)
[2025-08-15 03:15:16] BTCUSDT 15m: 当前价格=118385.03, EMA25=119323.58, EMA50=%!f(utils.TrendStatus=DO), 趋势=%!s(MISSING)
[2025-08-15 03:15:16] BTCUSDT 1h: 当前价格=120069.13, EMA25=120320.34, EMA50=%!f(utils.TrendStatus=DO), 趋势=%!s(MISSING)
[2025-08-15 03:15:17] BTCUSDT 4h: 当前价格=119847.10, EMA25=118767.98, EMA50=%!f(utils.TrendStatus=SE), 趋势=%!s(MISSING)
[2025-08-15 03:15:17] BTCUSDT 1d: 当前价格=117059.39, EMA25=114651.48, EMA50=%!f(utils.TrendStatus=UP), 趋势=%!s(MISSING)
[2025-08-15 03:15:17] BTCUSDT 3d: 当前价格=112914.13, EMA25=106432.15, EMA50=%!f(utils.TrendStatus=UP), 趋势=%!s(MISSING)
[2025-08-15 03:15:17] ETHUSDT 5m: 当前价格=4542.65, EMA25=4559.76, EMA50=%!f(utils.TrendStatus=SE), 趋势=%!s(MISSING)
[2025-08-15 03:15:17] ETHUSDT 15m: 当前价格=4576.37, EMA25=4620.22, EMA50=%!f(utils.TrendStatus=DO), 趋势=%!s(MISSING)
[2025-08-15 03:15:17] ETHUSDT 1h: 当前价格=4644.53, EMA25=4613.20, EMA50=%!f(utils.TrendStatus=RA), 趋势=%!s(MISSING)
[2025-08-15 03:15:18] ETHUSDT 4h: 当前价格=4498.89, EMA25=4292.93, EMA50=%!f(utils.TrendStatus=RA), 趋势=%!s(MISSING)
[2025-08-15 03:15:18] ETHUSDT 1d: 当前价格=3902.15, EMA25=3520.00, EMA50=%!f(utils.TrendStatus=UP), 趋势=%!s(MISSING)
[2025-08-15 03:15:18] ETHUSDT 3d: 当前价格=3379.59, EMA25=2999.24, EMA50=%!f(utils.TrendStatus=UP), 趋势=%!s(MISSING)
==============================

===== 趋势分析结果 (2025-08-15 03:20:18) =====
[2025-08-15 03:20:16] BTCUSDT 5m: 当前价格=117936.08, EMA25=118077.49, EMA50=%!f(utils.TrendStatus=SE), 趋势=%!s(MISSING)
[2025-08-15 03:20:16] BTCUSDT 15m: 当前价格=118387.76, EMA25=119324.97, EMA50=%!f(utils.TrendStatus=DO), 趋势=%!s(MISSING)
[2025-08-15 03:20:16] BTCUSDT 1h: 当前价格=120071.27, EMA25=120321.43, EMA50=%!f(utils.TrendStatus=DO), 趋势=%!s(MISSING)
[2025-08-15 03:20:17] BTCUSDT 4h: 当前价格=119849.24, EMA25=118769.07, EMA50=%!f(utils.TrendStatus=SE), 趋势=%!s(MISSING)
[2025-08-15 03:20:17] BTCUSDT 1d: 当前价格=117062.12, EMA25=114652.87, EMA50=%!f(utils.TrendStatus=UP), 趋势=%!s(MISSING)
[2025-08-15 03:20:17] BTCUSDT 3d: 当前价格=112916.28, EMA25=106433.25, EMA50=%!f(utils.TrendStatus=UP), 趋势=%!s(MISSING)
[2025-08-15 03:20:17] ETHUSDT 5m: 当前价格=4543.26, EMA25=4559.41, EMA50=%!f(utils.TrendStatus=BU), 趋势=%!s(MISSING)
[2025-08-15 03:20:17] ETHUSDT 15m: 当前价格=4576.76, EMA25=4620.41, EMA50=%!f(utils.TrendStatus=DO), 趋势=%!s(MISSING)
[2025-08-15 03:20:17] ETHUSDT 1h: 当前价格=4644.97, EMA25=4613.42, EMA50=%!f(utils.TrendStatus=RA), 趋势=%!s(MISSING)
[2025-08-15 03:20:18] ETHUSDT 4h: 当前价格=4499.25, EMA25=4293.12, EMA50=%!f(utils.TrendStatus=RA), 趋势=%!s(MISSING)
[2025-08-15 03:20:18] ETHUSDT 1d: 当前价格=3902.59, EMA25=3520.22, EMA50=%!f(utils.TrendStatus=UP), 趋势=%!s(MISSING)
[2025-08-15 03:20:18] ETHUSDT 3d: 当前价格=3380.13, EMA25=2999.51, EMA50=%!f(utils.TrendStatus=UP), 趋势=%!s(MISSING)
==============================

===== 趋势分析结果 (2025-08-15 03:25:18) =====
[2025-08-15 03:25:16] BTCUSDT 5m: 当前价格=117977.42, EMA25=118093.36, EMA50=%!f(utils.TrendStatus=BU), 趋势=%!s(MISSING)
[2025-08-15 03:25:16] BTCUSDT 15m: 当前价格=118399.00, EMA25=119330.70, EMA50=%!f(utils.TrendStatus=DO), 趋势=%!s(MISSING)
[2025-08-15 03:25:16] BTCUSDT 1h: 当前价格=120083.10, EMA25=120327.46, EMA50=%!f(utils.TrendStatus=DO), 趋势=%!s(MISSING)
[2025-08-15 03:25:17] BTCUSDT 4h: 当前价格=119861.07, EMA25=118775.10, EMA50=%!f(utils.TrendStatus=SE), 趋势=%!s(MISSING)
[2025-08-15 03:25:17] BTCUSDT 1d: 当前价格=117073.37, EMA25=114658.60, EMA50=%!f(utils.TrendStatus=UP), 趋势=%!s(MISSING)
[2025-08-15 03:25:17] BTCUSDT 3d: 当前价格=112928.11, EMA25=106439.28, EMA50=%!f(utils.TrendStatus=UP), 趋势=%!s(MISSING)
[2025-08-15 03:25:17] ETHUSDT 5m: 当前价格=4545.30, EMA25=4559.84, EMA50=%!f(utils.TrendStatus=BU), 趋势=%!s(MISSING)
[2025-08-15 03:25:17] ETHUSDT 15m: 当前价格=4577.60, EMA25=4620.84, EMA50=%!f(utils.TrendStatus=DO), 趋势=%!s(MISSING)
[2025-08-15 03:25:17] ETHUSDT 1h: 当前价格=4645.76, EMA25=4613.82, EMA50=%!f(utils.TrendStatus=RA), 趋势=%!s(MISSING)
[2025-08-15 03:25:18] ETHUSDT 4h: 当前价格=4500.12, EMA25=4293.56, EMA50=%!f(utils.TrendStatus=RA), 趋势=%!s(MISSING)
[2025-08-15 03:25:18] ETHUSDT 1d: 当前价格=3903.38, EMA25=3520.63, EMA50=%!f(utils.TrendStatus=UP), 趋势=%!s(MISSING)
[2025-08-15 03:25:18] ETHUSDT 3d: 当前价格=3380.82, EMA25=2999.87, EMA50=%!f(utils.TrendStatus=UP), 趋势=%!s(MISSING)
==============================

===== 趋势分析结果 (2025-08-15 03:30:18) =====
[2025-08-15 03:30:16] BTCUSDT 5m: 当前价格=117993.09, EMA25=118096.76, EMA50=%!f(utils.TrendStatus=BU), 趋势=%!s(MISSING)
[2025-08-15 03:30:16] BTCUSDT 15m: 当前价格=118382.24, EMA25=119285.58, EMA50=%!f(utils.TrendStatus=DO), 趋势=%!s(MISSING)
[2025-08-15 03:30:16] BTCUSDT 1h: 当前价格=120078.92, EMA25=120325.33, EMA50=%!f(utils.TrendStatus=DO), 趋势=%!s(MISSING)
[2025-08-15 03:30:17] BTCUSDT 4h: 当前价格=119856.90, EMA25=118772.97, EMA50=%!f(utils.TrendStatus=SE), 趋势=%!s(MISSING)
[2025-08-15 03:30:17] BTCUSDT 1d: 当前价格=117069.19, EMA25=114656.47, EMA50=%!f(utils.TrendStatus=UP), 趋势=%!s(MISSING)
[2025-08-15 03:30:17] BTCUSDT 3d: 当前价格=112923.93, EMA25=106437.15, EMA50=%!f(utils.TrendStatus=UP), 趋势=%!s(MISSING)
[2025-08-15 03:30:17] ETHUSDT 5m: 当前价格=4547.20, EMA25=4560.25, EMA50=%!f(utils.TrendStatus=BU), 趋势=%!s(MISSING)
[2025-08-15 03:30:17] ETHUSDT 15m: 当前价格=4577.06, EMA25=4618.89, EMA50=%!f(utils.TrendStatus=DO), 趋势=%!s(MISSING)
[2025-08-15 03:30:18] ETHUSDT 1h: 当前价格=4646.14, EMA25=4614.02, EMA50=%!f(utils.TrendStatus=RA), 趋势=%!s(MISSING)
[2025-08-15 03:30:18] ETHUSDT 4h: 当前价格=4500.50, EMA25=4293.76, EMA50=%!f(utils.TrendStatus=RA), 趋势=%!s(MISSING)
[2025-08-15 03:30:18] ETHUSDT 1d: 当前价格=3903.76, EMA25=3520.82, EMA50=%!f(utils.TrendStatus=UP), 趋势=%!s(MISSING)
[2025-08-15 03:30:18] ETHUSDT 3d: 当前价格=3381.21, EMA25=3000.06, EMA50=%!f(utils.TrendStatus=UP), 趋势=%!s(MISSING)
==============================

===== 趋势分析结果 (2025-08-15 03:35:18) =====
[2025-08-15 03:35:16] BTCUSDT 5m: 当前价格=117989.26, EMA25=118090.54, EMA50=%!f(utils.TrendStatus=SE), 趋势=%!s(MISSING)
[2025-08-15 03:35:16] BTCUSDT 15m: 当前价格=118371.69, EMA25=119280.20, EMA50=%!f(utils.TrendStatus=DO), 趋势=%!s(MISSING)
[2025-08-15 03:35:16] BTCUSDT 1h: 当前价格=120068.37, EMA25=120319.96, EMA50=%!f(utils.TrendStatus=DO), 趋势=%!s(MISSING)
[2025-08-15 03:35:17] BTCUSDT 4h: 当前价格=119846.35, EMA25=118767.60, EMA50=%!f(utils.TrendStatus=SE), 趋势=%!s(MISSING)
[2025-08-15 03:35:17] BTCUSDT 1d: 当前价格=117058.64, EMA25=114651.09, EMA50=%!f(utils.TrendStatus=UP), 趋势=%!s(MISSING)
[2025-08-15 03:35:17] BTCUSDT 3d: 当前价格=112913.38, EMA25=106431.77, EMA50=%!f(utils.TrendStatus=UP), 趋势=%!s(MISSING)
[2025-08-15 03:35:17] ETHUSDT 5m: 当前价格=4547.77, EMA25=4560.02, EMA50=%!f(utils.TrendStatus=BU), 趋势=%!s(MISSING)
[2025-08-15 03:35:17] ETHUSDT 15m: 当前价格=4576.77, EMA25=4618.74, EMA50=%!f(utils.TrendStatus=DO), 趋势=%!s(MISSING)
[2025-08-15 03:35:17] ETHUSDT 1h: 当前价格=4645.90, EMA25=4613.89, EMA50=%!f(utils.TrendStatus=RA), 趋势=%!s(MISSING)
[2025-08-15 03:35:18] ETHUSDT 4h: 当前价格=4500.26, EMA25=4293.63, EMA50=%!f(utils.TrendStatus=RA), 趋势=%!s(MISSING)
[2025-08-15 03:35:18] ETHUSDT 1d: 当前价格=3903.52, EMA25=3520.70, EMA50=%!f(utils.TrendStatus=UP), 趋势=%!s(MISSING)
[2025-08-15 03:35:18] ETHUSDT 3d: 当前价格=3381.00, EMA25=2999.96, EMA50=%!f(utils.TrendStatus=UP), 趋势=%!s(MISSING)
==============================

===== 趋势分析结果 (2025-08-15 03:40:18) =====
[2025-08-15 03:40:16] BTCUSDT 5m: 当前价格=118003.52, EMA25=118093.91, EMA50=%!f(utils.TrendStatus=SE), 趋势=%!s(MISSING)
[2025-08-15 03:40:16] BTCUSDT 15m: 当前价格=118376.12, EMA25=119282.46, EMA50=%!f(utils.TrendStatus=DO), 趋势=%!s(MISSING)
[2025-08-15 03:40:16] BTCUSDT 1h: 当前价格=120072.80, EMA25=120322.21, EMA50=%!f(utils.TrendStatus=DO), 趋势=%!s(MISSING)
[2025-08-15 03:40:17] BTCUSDT 4h: 当前价格=119850.77, EMA25=118769.85, EMA50=%!f(utils.TrendStatus=SE), 趋势=%!s(MISSING)
[2025-08-15 03:40:17] BTCUSDT 1d: 当前价格=117063.07, EMA25=114653.35, EMA50=%!f(utils.TrendStatus=UP), 趋势=%!s(MISSING)
[2025-08-15 03:40:17] BTCUSDT 3d: 当前价格=112917.81, EMA25=106434.03, EMA50=%!f(utils.TrendStatus=UP), 趋势=%!s(MISSING)
[2025-08-15 03:40:17] ETHUSDT 5m: 当前价格=4547.95, EMA25=4559.63, EMA50=%!f(utils.TrendStatus=SE), 趋势=%!s(MISSING)
[2025-08-15 03:40:17] ETHUSDT 15m: 当前价格=4576.48, EMA25=4618.59, EMA50=%!f(utils.TrendStatus=DO), 趋势=%!s(MISSING)
[2025-08-15 03:40:17] ETHUSDT 1h: 当前价格=4645.60, EMA25=4613.74, EMA50=%!f(utils.TrendStatus=RA), 趋势=%!s(MISSING)
[2025-08-15 03:40:18] ETHUSDT 4h: 当前价格=4499.96, EMA25=4293.48, EMA50=%!f(utils.TrendStatus=RA), 趋势=%!s(MISSING)
[2025-08-15 03:40:18] ETHUSDT 1d: 当前价格=3903.22, EMA25=3520.54, EMA50=%!f(utils.TrendStatus=UP), 趋势=%!s(MISSING)
[2025-08-15 03:40:18] ETHUSDT 3d: 当前价格=3380.66, EMA25=2999.79, EMA50=%!f(utils.TrendStatus=UP), 趋势=%!s(MISSING)
==============================

===== 趋势分析结果 (2025-08-15 03:45:18) =====
[2025-08-15 03:45:16] BTCUSDT 5m: 当前价格=118011.96, EMA25=118094.67, EMA50=%!f(utils.TrendStatus=SE), 趋势=%!s(MISSING)
[2025-08-15 03:45:16] BTCUSDT 15m: 当前价格=118355.90, EMA25=119236.61, EMA50=%!f(utils.TrendStatus=DO), 趋势=%!s(MISSING)
[2025-08-15 03:45:16] BTCUSDT 1h: 当前价格=120071.81, EMA25=120321.71, EMA50=%!f(utils.TrendStatus=DO), 趋势=%!s(MISSING)
[2025-08-15 03:45:17] BTCUSDT 4h: 当前价格=119849.79, EMA25=118769.35, EMA50=%!f(utils.TrendStatus=SE), 趋势=%!s(MISSING)
[2025-08-15 03:45:17] BTCUSDT 1d: 当前价格=117062.08, EMA25=114652.85, EMA50=%!f(utils.TrendStatus=UP), 趋势=%!s(MISSING)
[2025-08-15 03:45:17] BTCUSDT 3d: 当前价格=112916.82, EMA25=106433.52, EMA50=%!f(utils.TrendStatus=UP), 趋势=%!s(MISSING)
[2025-08-15 03:45:17] ETHUSDT 5m: 当前价格=4549.02, EMA25=4559.72, EMA50=%!f(utils.TrendStatus=SE), 趋势=%!s(MISSING)
[2025-08-15 03:45:17] ETHUSDT 15m: 当前价格=4575.35, EMA25=4616.37, EMA50=%!f(utils.TrendStatus=DO), 趋势=%!s(MISSING)
[2025-08-15 03:45:17] ETHUSDT 1h: 当前价格=4645.90, EMA25=4613.90, EMA50=%!f(utils.TrendStatus=RA), 趋势=%!s(MISSING)
[2025-08-15 03:45:18] ETHUSDT 4h: 当前价格=4500.26, EMA25=4293.63, EMA50=%!f(utils.TrendStatus=RA), 趋势=%!s(MISSING)
[2025-08-15 03:45:18] ETHUSDT 1d: 当前价格=3903.52, EMA25=3520.70, EMA50=%!f(utils.TrendStatus=UP), 趋势=%!s(MISSING)
[2025-08-15 03:45:18] ETHUSDT 3d: 当前价格=3380.97, EMA25=2999.94, EMA50=%!f(utils.TrendStatus=UP), 趋势=%!s(MISSING)
==============================

