===== 趋势分析结果 (2025-06-18 13:17:06) =====
[2025-06-18 13:17:04] BTCUSDT 15m: 当前价格=105403.20, EMA25=104985.27, EMA60=104983.18, EMA120=105373.20, 趋势=震荡行情
[2025-06-18 13:17:04] BTCUSDT 1h: 当前价格=105403.50, EMA25=105233.47, EMA60=105690.67, EMA120=105931.33, 趋势=震荡行情
[2025-06-18 13:17:04] BTCUSDT 4h: 当前价格=105403.20, EMA25=105845.07, EMA60=106082.20, EMA120=105908.28, 趋势=下跌趋势
[2025-06-18 13:17:05] BTCUSDT 1d: 当前价格=105403.20, EMA25=105595.62, EMA60=102009.40, EMA120=97604.23, 趋势=震荡行情
[2025-06-18 13:17:05] ETHUSDT 15m: 当前价格=2535.39, EMA25=2524.32, EMA60=2525.04, EMA120=2538.96, 趋势=震荡行情
[2025-06-18 13:17:05] ETHUSDT 1h: 当前价格=2535.10, EMA25=2533.46, EMA60=2552.49, EMA120=2568.90, 趋势=震荡行情
[2025-06-18 13:17:05] ETHUSDT 4h: 当前价格=2535.11, EMA25=2562.79, EMA60=2580.97, EMA120=2568.52, 趋势=下跌趋势
[2025-06-18 13:17:06] ETHUSDT 1d: 当前价格=2535.10, EMA25=2545.74, EMA60=2402.90, EMA120=2382.10, 趋势=震荡行情
==============================

===== 趋势分析结果 (2025-06-18 13:32:08) =====
[2025-06-18 13:32:06] BTCUSDT 15m: 当前价格=105484.40, EMA25=105025.41, EMA60=105000.40, EMA120=105375.46, 趋势=震荡行情
[2025-06-18 13:32:06] BTCUSDT 1h: 当前价格=105484.40, EMA25=105239.69, EMA60=105693.32, EMA120=105932.67, 趋势=震荡行情
[2025-06-18 13:32:06] BTCUSDT 4h: 当前价格=105484.40, EMA25=105851.32, EMA60=106084.86, EMA120=105909.62, 趋势=下跌趋势
[2025-06-18 13:32:07] BTCUSDT 1d: 当前价格=105484.40, EMA25=105601.86, EMA60=102012.06, EMA120=97605.57, 趋势=震荡行情
[2025-06-18 13:32:07] ETHUSDT 15m: 当前价格=2541.48, EMA25=2525.74, EMA60=2525.63, EMA120=2539.02, 趋势=震荡行情
[2025-06-18 13:32:07] ETHUSDT 1h: 当前价格=2541.58, EMA25=2533.96, EMA60=2552.70, EMA120=2569.00, 趋势=震荡行情
[2025-06-18 13:32:08] ETHUSDT 4h: 当前价格=2541.47, EMA25=2563.28, EMA60=2581.18, EMA120=2568.62, 趋势=下跌趋势
[2025-06-18 13:32:08] ETHUSDT 1d: 当前价格=2541.47, EMA25=2546.23, EMA60=2403.11, EMA120=2382.21, 趋势=震荡行情
==============================

===== 趋势分析结果 (2025-06-18 13:47:08) =====
[2025-06-18 13:47:06] BTCUSDT 15m: 当前价格=105426.20, EMA25=105055.85, EMA60=105014.18, EMA120=105376.24, 趋势=震荡行情
[2025-06-18 13:47:06] BTCUSDT 1h: 当前价格=105426.10, EMA25=105235.20, EMA60=105691.41, EMA120=105931.70, 趋势=震荡行情
[2025-06-18 13:47:06] BTCUSDT 4h: 当前价格=105426.20, EMA25=105846.84, EMA60=106082.95, EMA120=105908.66, 趋势=下跌趋势
[2025-06-18 13:47:07] BTCUSDT 1d: 当前价格=105426.20, EMA25=105597.39, EMA60=102010.15, EMA120=97604.61, 趋势=震荡行情
[2025-06-18 13:47:07] ETHUSDT 15m: 当前价格=2538.00, EMA25=2526.53, EMA60=2525.97, EMA120=2538.97, 趋势=震荡行情
[2025-06-18 13:47:07] ETHUSDT 1h: 当前价格=2538.01, EMA25=2533.69, EMA60=2552.59, EMA120=2568.94, 趋势=震荡行情
[2025-06-18 13:47:08] ETHUSDT 4h: 当前价格=2538.00, EMA25=2563.01, EMA60=2581.06, EMA120=2568.57, 趋势=下跌趋势
[2025-06-18 13:47:08] ETHUSDT 1d: 当前价格=2537.99, EMA25=2545.96, EMA60=2403.00, EMA120=2382.15, 趋势=震荡行情
==============================

===== 趋势分析结果 (2025-06-18 14:02:08) =====
[2025-06-18 14:02:06] BTCUSDT 15m: 当前价格=105291.00, EMA25=105069.24, EMA60=105021.16, EMA120=105373.78, 趋势=震荡行情
[2025-06-18 14:02:06] BTCUSDT 1h: 当前价格=105291.90, EMA25=105234.87, EMA60=105676.21, EMA120=105920.03, 趋势=震荡行情
[2025-06-18 14:02:06] BTCUSDT 4h: 当前价格=105305.70, EMA25=105837.57, EMA60=106079.00, EMA120=105906.67, 趋势=下跌趋势
[2025-06-18 14:02:07] BTCUSDT 1d: 当前价格=105291.90, EMA25=105587.05, EMA60=102005.75, EMA120=97602.39, 趋势=震荡行情
[2025-06-18 14:02:07] ETHUSDT 15m: 当前价格=2533.78, EMA25=2526.94, EMA60=2526.16, EMA120=2538.85, 趋势=震荡行情
[2025-06-18 14:02:07] ETHUSDT 1h: 当前价格=2533.71, EMA25=2533.54, EMA60=2551.90, EMA120=2568.33, 趋势=震荡行情
[2025-06-18 14:02:07] ETHUSDT 4h: 当前价格=2533.71, EMA25=2562.68, EMA60=2580.92, EMA120=2568.50, 趋势=下跌趋势
[2025-06-18 14:02:08] ETHUSDT 1d: 当前价格=2533.71, EMA25=2545.63, EMA60=2402.86, EMA120=2382.08, 趋势=震荡行情
==============================

===== 趋势分析结果 (2025-06-18 14:17:08) =====
[2025-06-18 14:17:06] BTCUSDT 15m: 当前价格=105392.60, EMA25=105101.32, EMA60=105036.56, EMA120=105375.76, 趋势=震荡行情
[2025-06-18 14:17:06] BTCUSDT 1h: 当前价格=105392.50, EMA25=105242.61, EMA60=105679.51, EMA120=105921.69, 趋势=震荡行情
[2025-06-18 14:17:06] BTCUSDT 4h: 当前价格=105392.60, EMA25=105844.25, EMA60=106081.85, EMA120=105908.10, 趋势=下跌趋势
[2025-06-18 14:17:07] BTCUSDT 1d: 当前价格=105392.60, EMA25=105594.80, EMA60=102009.05, EMA120=97604.05, 趋势=震荡行情
[2025-06-18 14:17:07] ETHUSDT 15m: 当前价格=2534.31, EMA25=2527.60, EMA60=2526.47, EMA120=2538.80, 趋势=震荡行情
[2025-06-18 14:17:07] ETHUSDT 1h: 当前价格=2534.63, EMA25=2533.61, EMA60=2551.93, EMA120=2568.34, 趋势=震荡行情
[2025-06-18 14:17:07] ETHUSDT 4h: 当前价格=2534.31, EMA25=2562.73, EMA60=2580.94, EMA120=2568.50, 趋势=下跌趋势
[2025-06-18 14:17:08] ETHUSDT 1d: 当前价格=2534.63, EMA25=2545.70, EMA60=2402.89, EMA120=2382.09, 趋势=震荡行情
==============================

===== 趋势分析结果 (2025-06-18 14:32:08) =====
[2025-06-18 14:32:06] BTCUSDT 15m: 当前价格=105223.60, EMA25=105101.88, EMA60=105038.74, EMA120=105371.24, 趋势=震荡行情
[2025-06-18 14:32:06] BTCUSDT 1h: 当前价格=105223.60, EMA25=105229.62, EMA60=105673.98, EMA120=105918.90, 趋势=下跌趋势
[2025-06-18 14:32:06] BTCUSDT 4h: 当前价格=105223.60, EMA25=105831.25, EMA60=106076.31, EMA120=105905.31, 趋势=下跌趋势
[2025-06-18 14:32:07] BTCUSDT 1d: 当前价格=105209.00, EMA25=105580.68, EMA60=102003.03, EMA120=97601.02, 趋势=震荡行情
[2025-06-18 14:32:07] ETHUSDT 15m: 当前价格=2532.56, EMA25=2527.82, EMA60=2526.59, EMA120=2538.66, 趋势=震荡行情
[2025-06-18 14:32:07] ETHUSDT 1h: 当前价格=2532.55, EMA25=2533.45, EMA60=2551.86, EMA120=2568.31, 趋势=下跌趋势
[2025-06-18 14:32:07] ETHUSDT 4h: 当前价格=2532.56, EMA25=2562.59, EMA60=2580.89, EMA120=2568.48, 趋势=下跌趋势
[2025-06-18 14:32:08] ETHUSDT 1d: 当前价格=2532.48, EMA25=2545.54, EMA60=2402.82, EMA120=2382.06, 趋势=震荡行情
==============================

===== 趋势分析结果 (2025-06-18 14:47:08) =====
[2025-06-18 14:47:06] BTCUSDT 15m: 当前价格=104937.00, EMA25=105076.80, EMA60=105029.86, EMA120=105361.24, 趋势=下跌趋势
[2025-06-18 14:47:06] BTCUSDT 1h: 当前价格=104937.10, EMA25=105207.58, EMA60=105664.58, EMA120=105914.16, 趋势=下跌趋势
[2025-06-18 14:47:06] BTCUSDT 4h: 当前价格=104937.10, EMA25=105809.22, EMA60=106066.92, EMA120=105900.58, 趋势=下跌趋势
[2025-06-18 14:47:07] BTCUSDT 1d: 当前价格=104937.00, EMA25=105559.75, EMA60=101994.11, EMA120=97596.52, 趋势=震荡行情
[2025-06-18 14:47:07] ETHUSDT 15m: 当前价格=2522.34, EMA25=2526.97, EMA60=2526.26, EMA120=2538.30, 趋势=下跌趋势
[2025-06-18 14:47:07] ETHUSDT 1h: 当前价格=2522.34, EMA25=2532.67, EMA60=2551.53, EMA120=2568.14, 趋势=下跌趋势
[2025-06-18 14:47:07] ETHUSDT 4h: 当前价格=2522.34, EMA25=2561.80, EMA60=2580.55, EMA120=2568.31, 趋势=下跌趋势
[2025-06-18 14:47:08] ETHUSDT 1d: 当前价格=2522.33, EMA25=2544.76, EMA60=2402.48, EMA120=2381.89, 趋势=震荡行情
==============================

===== 趋势分析结果 (2025-06-18 15:02:08) =====
[2025-06-18 15:02:06] BTCUSDT 15m: 当前价格=104915.20, EMA25=105062.91, EMA60=105025.45, EMA120=105353.56, 趋势=下跌趋势
[2025-06-18 15:02:06] BTCUSDT 1h: 当前价格=104915.20, EMA25=105183.62, EMA60=105639.36, EMA120=105897.28, 趋势=下跌趋势
[2025-06-18 15:02:06] BTCUSDT 4h: 当前价格=104915.10, EMA25=105807.52, EMA60=106066.20, EMA120=105900.21, 趋势=下跌趋势
[2025-06-18 15:02:07] BTCUSDT 1d: 当前价格=104915.10, EMA25=105558.07, EMA60=101993.39, EMA120=97596.16, 趋势=震荡行情
[2025-06-18 15:02:07] ETHUSDT 15m: 当前价格=2523.92, EMA25=2526.77, EMA60=2526.20, EMA120=2538.07, 趋势=下跌趋势
[2025-06-18 15:02:07] ETHUSDT 1h: 当前价格=2523.92, EMA25=2532.03, EMA60=2550.64, EMA120=2567.42, 趋势=下跌趋势
[2025-06-18 15:02:07] ETHUSDT 4h: 当前价格=2523.92, EMA25=2561.93, EMA60=2580.60, EMA120=2568.33, 趋势=下跌趋势
[2025-06-18 15:02:08] ETHUSDT 1d: 当前价格=2523.92, EMA25=2544.88, EMA60=2402.54, EMA120=2381.92, 趋势=震荡行情
==============================

===== 趋势分析结果 (2025-06-18 15:17:08) =====
[2025-06-18 15:17:06] BTCUSDT 15m: 当前价格=104799.40, EMA25=105035.09, EMA60=105014.67, EMA120=105342.70, 趋势=下跌趋势
[2025-06-18 15:17:06] BTCUSDT 1h: 当前价格=104799.30, EMA25=105174.70, EMA60=105635.56, EMA120=105895.37, 趋势=下跌趋势
[2025-06-18 15:17:06] BTCUSDT 4h: 当前价格=104799.40, EMA25=105798.62, EMA60=106062.40, EMA120=105898.30, 趋势=下跌趋势
[2025-06-18 15:17:07] BTCUSDT 1d: 当前价格=104813.10, EMA25=105550.22, EMA60=101990.05, EMA120=97594.47, 趋势=震荡行情
[2025-06-18 15:17:07] ETHUSDT 15m: 当前价格=2520.00, EMA25=2525.85, EMA60=2525.82, EMA120=2537.68, 趋势=下跌趋势
[2025-06-18 15:17:07] ETHUSDT 1h: 当前价格=2519.91, EMA25=2531.72, EMA60=2550.51, EMA120=2567.35, 趋势=下跌趋势
[2025-06-18 15:17:08] ETHUSDT 4h: 当前价格=2520.19, EMA25=2561.64, EMA60=2580.48, EMA120=2568.27, 趋势=下跌趋势
[2025-06-18 15:17:08] ETHUSDT 1d: 当前价格=2519.91, EMA25=2544.57, EMA60=2402.40, EMA120=2381.85, 趋势=震荡行情
==============================

===== 趋势分析结果 (2025-06-18 15:32:08) =====
[2025-06-18 15:32:06] BTCUSDT 15m: 当前价格=104900.00, EMA25=105031.23, EMA60=105013.83, EMA120=105336.90, 趋势=下跌趋势
[2025-06-18 15:32:06] BTCUSDT 1h: 当前价格=104900.10, EMA25=105182.46, EMA60=105638.86, EMA120=105897.03, 趋势=下跌趋势
[2025-06-18 15:32:06] BTCUSDT 4h: 当前价格=104900.00, EMA25=105806.36, EMA60=106065.70, EMA120=105899.96, 趋势=下跌趋势
[2025-06-18 15:32:07] BTCUSDT 1d: 当前价格=104900.00, EMA25=105556.91, EMA60=101992.90, EMA120=97595.91, 趋势=震荡行情
[2025-06-18 15:32:07] ETHUSDT 15m: 当前价格=2525.69, EMA25=2526.14, EMA60=2525.95, EMA120=2537.55, 趋势=下跌趋势
[2025-06-18 15:32:07] ETHUSDT 1h: 当前价格=2526.19, EMA25=2532.20, EMA60=2550.71, EMA120=2567.45, 趋势=下跌趋势
[2025-06-18 15:32:08] ETHUSDT 4h: 当前价格=2526.40, EMA25=2562.12, EMA60=2580.68, EMA120=2568.37, 趋势=下跌趋势
[2025-06-18 15:32:08] ETHUSDT 1d: 当前价格=2526.40, EMA25=2545.07, EMA60=2402.62, EMA120=2381.96, 趋势=震荡行情
==============================

===== 趋势分析结果 (2025-06-18 15:47:08) =====
[2025-06-18 15:47:06] BTCUSDT 15m: 当前价格=104883.20, EMA25=105019.31, EMA60=105009.31, EMA120=105329.29, 趋势=下跌趋势
[2025-06-18 15:47:06] BTCUSDT 1h: 当前价格=104883.20, EMA25=105181.16, EMA60=105638.31, EMA120=105896.75, 趋势=下跌趋势
[2025-06-18 15:47:06] BTCUSDT 4h: 当前价格=104883.30, EMA25=105805.08, EMA60=106065.15, EMA120=105899.69, 趋势=下跌趋势
[2025-06-18 15:47:07] BTCUSDT 1d: 当前价格=104883.20, EMA25=105555.62, EMA60=101992.35, EMA120=97595.63, 趋势=震荡行情
[2025-06-18 15:47:07] ETHUSDT 15m: 当前价格=2530.16, EMA25=2526.73, EMA60=2526.21, EMA120=2537.49, 趋势=震荡行情
[2025-06-18 15:47:07] ETHUSDT 1h: 当前价格=2530.16, EMA25=2532.51, EMA60=2550.84, EMA120=2567.52, 趋势=下跌趋势
[2025-06-18 15:47:08] ETHUSDT 4h: 当前价格=2530.16, EMA25=2562.41, EMA60=2580.81, EMA120=2568.44, 趋势=下跌趋势
[2025-06-18 15:47:08] ETHUSDT 1d: 当前价格=2530.16, EMA25=2545.36, EMA60=2402.74, EMA120=2382.02, 趋势=震荡行情
==============================

===== 趋势分析结果 (2025-06-18 16:02:08) =====
[2025-06-18 16:02:06] BTCUSDT 15m: 当前价格=105014.30, EMA25=105021.94, EMA60=105010.82, EMA120=105324.79, 趋势=下跌趋势
[2025-06-18 16:02:06] BTCUSDT 1h: 当前价格=105011.30, EMA25=105171.11, EMA60=105619.10, EMA120=105882.79, 趋势=下跌趋势
[2025-06-18 16:02:06] BTCUSDT 4h: 当前价格=105011.30, EMA25=105747.03, EMA60=106031.94, EMA120=105885.61, 趋势=下跌趋势
[2025-06-18 16:02:07] BTCUSDT 1d: 当前价格=105014.30, EMA25=105565.70, EMA60=101996.64, EMA120=97597.80, 趋势=震荡行情
[2025-06-18 16:02:07] ETHUSDT 15m: 当前价格=2534.70, EMA25=2527.49, EMA60=2526.56, EMA120=2537.48, 趋势=震荡行情
[2025-06-18 16:02:07] ETHUSDT 1h: 当前价格=2534.12, EMA25=2532.79, EMA60=2550.37, EMA120=2567.00, 趋势=震荡行情
[2025-06-18 16:02:08] ETHUSDT 4h: 当前价格=2534.70, EMA25=2560.43, EMA60=2579.36, EMA120=2567.91, 趋势=下跌趋势
[2025-06-18 16:02:08] ETHUSDT 1d: 当前价格=2535.86, EMA25=2545.80, EMA60=2402.93, EMA120=2382.11, 趋势=震荡行情
==============================

===== 趋势分析结果 (2025-06-18 16:17:08) =====
[2025-06-18 16:17:06] BTCUSDT 15m: 当前价格=105133.70, EMA25=105043.30, EMA60=105020.55, EMA120=105324.57, 趋势=震荡行情
[2025-06-18 16:17:06] BTCUSDT 1h: 当前价格=105133.40, EMA25=105180.50, EMA60=105623.10, EMA120=105884.81, 趋势=下跌趋势
[2025-06-18 16:17:06] BTCUSDT 4h: 当前价格=105133.40, EMA25=105756.42, EMA60=106035.95, EMA120=105887.63, 趋势=下跌趋势
[2025-06-18 16:17:07] BTCUSDT 1d: 当前价格=105133.40, EMA25=105574.86, EMA60=102000.55, EMA120=97599.77, 趋势=震荡行情
[2025-06-18 16:17:07] ETHUSDT 15m: 当前价格=2540.78, EMA25=2529.02, EMA60=2527.25, EMA120=2537.65, 趋势=震荡行情
[2025-06-18 16:17:07] ETHUSDT 1h: 当前价格=2541.09, EMA25=2533.32, EMA60=2550.59, EMA120=2567.12, 趋势=震荡行情
[2025-06-18 16:17:08] ETHUSDT 4h: 当前价格=2541.09, EMA25=2560.92, EMA60=2579.57, EMA120=2568.02, 趋势=下跌趋势
[2025-06-18 16:17:08] ETHUSDT 1d: 当前价格=2541.09, EMA25=2546.20, EMA60=2403.10, EMA120=2382.20, 趋势=震荡行情
==============================

===== 趋势分析结果 (2025-06-18 16:32:08) =====
[2025-06-18 16:32:06] BTCUSDT 15m: 当前价格=104950.00, EMA25=105028.75, EMA60=105014.94, EMA120=105316.71, 趋势=下跌趋势
[2025-06-18 16:32:06] BTCUSDT 1h: 当前价格=104950.10, EMA25=105166.40, EMA60=105617.09, EMA120=105881.78, 趋势=下跌趋势
[2025-06-18 16:32:06] BTCUSDT 4h: 当前价格=104950.00, EMA25=105742.31, EMA60=106029.93, EMA120=105884.60, 趋势=下跌趋势
[2025-06-18 16:32:07] BTCUSDT 1d: 当前价格=104950.10, EMA25=105560.76, EMA60=101994.54, EMA120=97596.74, 趋势=震荡行情
[2025-06-18 16:32:07] ETHUSDT 15m: 当前价格=2533.39, EMA25=2529.04, EMA60=2527.31, EMA120=2537.51, 趋势=震荡行情
[2025-06-18 16:32:07] ETHUSDT 1h: 当前价格=2533.39, EMA25=2532.73, EMA60=2550.34, EMA120=2566.99, 趋势=震荡行情
[2025-06-18 16:32:08] ETHUSDT 4h: 当前价格=2533.39, EMA25=2560.33, EMA60=2579.32, EMA120=2567.89, 趋势=下跌趋势
[2025-06-18 16:32:08] ETHUSDT 1d: 当前价格=2533.39, EMA25=2545.61, EMA60=2402.85, EMA120=2382.07, 趋势=震荡行情
==============================

===== 趋势分析结果 (2025-06-18 16:47:08) =====
[2025-06-18 16:47:06] BTCUSDT 15m: 当前价格=104840.00, EMA25=105000.64, EMA60=105003.14, EMA120=105305.74, 趋势=下跌趋势
[2025-06-18 16:47:06] BTCUSDT 1h: 当前价格=104851.90, EMA25=105158.85, EMA60=105613.87, EMA120=105880.16, 趋势=下跌趋势
[2025-06-18 16:47:06] BTCUSDT 4h: 当前价格=104851.90, EMA25=105734.77, EMA60=106026.72, EMA120=105882.98, 趋势=下跌趋势
[2025-06-18 16:47:07] BTCUSDT 1d: 当前价格=104856.00, EMA25=105553.52, EMA60=101991.45, EMA120=97595.18, 趋势=震荡行情
[2025-06-18 16:47:07] ETHUSDT 15m: 当前价格=2532.84, EMA25=2528.90, EMA60=2527.30, EMA120=2537.33, 趋势=震荡行情
[2025-06-18 16:47:07] ETHUSDT 1h: 当前价格=2533.07, EMA25=2532.71, EMA60=2550.33, EMA120=2566.99, 趋势=震荡行情
[2025-06-18 16:47:08] ETHUSDT 4h: 当前价格=2532.84, EMA25=2560.29, EMA60=2579.30, EMA120=2567.88, 趋势=下跌趋势
[2025-06-18 16:47:08] ETHUSDT 1d: 当前价格=2533.51, EMA25=2545.62, EMA60=2402.85, EMA120=2382.07, 趋势=震荡行情
==============================

===== 趋势分析结果 (2025-06-18 17:02:08) =====
[2025-06-18 17:02:06] BTCUSDT 15m: 当前价格=104950.00, EMA25=105001.38, EMA60=105003.46, EMA120=105300.94, 趋势=下跌趋势
[2025-06-18 17:02:06] BTCUSDT 1h: 当前价格=104950.00, EMA25=105146.57, EMA60=105593.79, EMA120=105865.64, 趋势=下跌趋势
[2025-06-18 17:02:06] BTCUSDT 4h: 当前价格=104950.00, EMA25=105742.31, EMA60=106029.93, EMA120=105884.60, 趋势=下跌趋势
[2025-06-18 17:02:07] BTCUSDT 1d: 当前价格=104950.00, EMA25=105560.75, EMA60=101994.54, EMA120=97596.74, 趋势=震荡行情
[2025-06-18 17:02:07] ETHUSDT 15m: 当前价格=2533.15, EMA25=2529.19, EMA60=2527.47, EMA120=2537.26, 趋势=震荡行情
[2025-06-18 17:02:07] ETHUSDT 1h: 当前价格=2533.15, EMA25=2532.69, EMA60=2549.74, EMA120=2566.41, 趋势=震荡行情
[2025-06-18 17:02:07] ETHUSDT 4h: 当前价格=2533.58, EMA25=2560.34, EMA60=2579.33, EMA120=2567.89, 趋势=下跌趋势
[2025-06-18 17:02:08] ETHUSDT 1d: 当前价格=2533.58, EMA25=2545.62, EMA60=2402.85, EMA120=2382.08, 趋势=震荡行情
==============================

===== 趋势分析结果 (2025-06-18 17:17:08) =====
[2025-06-18 17:17:06] BTCUSDT 15m: 当前价格=104994.40, EMA25=105001.27, EMA60=105003.36, EMA120=105295.98, 趋势=下跌趋势
[2025-06-18 17:17:06] BTCUSDT 1h: 当前价格=104994.40, EMA25=105149.98, EMA60=105595.25, EMA120=105866.37, 趋势=下跌趋势
[2025-06-18 17:17:06] BTCUSDT 4h: 当前价格=104994.40, EMA25=105745.73, EMA60=106031.39, EMA120=105885.33, 趋势=下跌趋势
[2025-06-18 17:17:07] BTCUSDT 1d: 当前价格=104994.50, EMA25=105564.18, EMA60=101996.00, EMA120=97597.47, 趋势=震荡行情
[2025-06-18 17:17:07] ETHUSDT 15m: 当前价格=2536.96, EMA25=2529.86, EMA60=2527.82, EMA120=2537.27, 趋势=震荡行情
[2025-06-18 17:17:07] ETHUSDT 1h: 当前价格=2536.96, EMA25=2532.98, EMA60=2549.87, EMA120=2566.48, 趋势=震荡行情
[2025-06-18 17:17:08] ETHUSDT 4h: 当前价格=2536.96, EMA25=2560.60, EMA60=2579.44, EMA120=2567.95, 趋势=下跌趋势
[2025-06-18 17:17:08] ETHUSDT 1d: 当前价格=2536.97, EMA25=2545.88, EMA60=2402.96, EMA120=2382.13, 趋势=震荡行情
==============================

===== 趋势分析结果 (2025-06-18 17:32:08) =====
[2025-06-18 17:32:06] BTCUSDT 15m: 当前价格=104774.20, EMA25=104972.37, EMA60=104990.74, EMA120=105284.75, 趋势=下跌趋势
[2025-06-18 17:32:06] BTCUSDT 1h: 当前价格=104774.20, EMA25=105133.04, EMA60=105588.03, EMA120=105862.73, 趋势=下跌趋势
[2025-06-18 17:32:06] BTCUSDT 4h: 当前价格=104774.20, EMA25=105728.79, EMA60=106024.17, EMA120=105881.69, 趋势=下跌趋势
[2025-06-18 17:32:07] BTCUSDT 1d: 当前价格=104774.20, EMA25=105547.23, EMA60=101988.77, EMA120=97593.83, 趋势=震荡行情
[2025-06-18 17:32:07] ETHUSDT 15m: 当前价格=2531.51, EMA25=2529.77, EMA60=2527.84, EMA120=2537.13, 趋势=震荡行情
[2025-06-18 17:32:07] ETHUSDT 1h: 当前价格=2531.50, EMA25=2532.56, EMA60=2549.69, EMA120=2566.39, 趋势=下跌趋势
[2025-06-18 17:32:08] ETHUSDT 4h: 当前价格=2531.51, EMA25=2560.18, EMA60=2579.26, EMA120=2567.86, 趋势=下跌趋势
[2025-06-18 17:32:08] ETHUSDT 1d: 当前价格=2531.51, EMA25=2545.46, EMA60=2402.79, EMA120=2382.04, 趋势=震荡行情
==============================

===== 趋势分析结果 (2025-06-18 17:47:08) =====
[2025-06-18 17:47:06] BTCUSDT 15m: 当前价格=104568.60, EMA25=104931.07, EMA60=104972.32, EMA120=105270.58, 趋势=下跌趋势
[2025-06-18 17:47:06] BTCUSDT 1h: 当前价格=104568.60, EMA25=105117.23, EMA60=105581.29, EMA120=105859.34, 趋势=下跌趋势
[2025-06-18 17:47:06] BTCUSDT 4h: 当前价格=104568.60, EMA25=105712.97, EMA60=106017.43, EMA120=105878.30, 趋势=下跌趋势
[2025-06-18 17:47:07] BTCUSDT 1d: 当前价格=104568.70, EMA25=105531.42, EMA60=101982.04, EMA120=97590.43, 趋势=震荡行情
[2025-06-18 17:47:07] ETHUSDT 15m: 当前价格=2522.60, EMA25=2528.66, EMA60=2527.42, EMA120=2536.76, 趋势=下跌趋势
[2025-06-18 17:47:07] ETHUSDT 1h: 当前价格=2522.60, EMA25=2531.88, EMA60=2549.40, EMA120=2566.24, 趋势=下跌趋势
[2025-06-18 17:47:08] ETHUSDT 4h: 当前价格=2522.83, EMA25=2559.52, EMA60=2578.98, EMA120=2567.72, 趋势=下跌趋势
[2025-06-18 17:47:08] ETHUSDT 1d: 当前价格=2522.60, EMA25=2544.78, EMA60=2402.49, EMA120=2381.89, 趋势=震荡行情
==============================

===== 趋势分析结果 (2025-06-18 18:02:08) =====
[2025-06-18 18:02:06] BTCUSDT 15m: 当前价格=104686.10, EMA25=104918.05, EMA60=104965.54, EMA120=105262.27, 趋势=下跌趋势
[2025-06-18 18:02:06] BTCUSDT 1h: 当前价格=104686.10, EMA25=105089.89, EMA60=105554.54, EMA120=105841.26, 趋势=下跌趋势
[2025-06-18 18:02:06] BTCUSDT 4h: 当前价格=104686.10, EMA25=105722.01, EMA60=106021.28, EMA120=105880.24, 趋势=下跌趋势
[2025-06-18 18:02:07] BTCUSDT 1d: 当前价格=104686.20, EMA25=105540.46, EMA60=101985.89, EMA120=97592.38, 趋势=震荡行情
[2025-06-18 18:02:07] ETHUSDT 15m: 当前价格=2525.71, EMA25=2528.66, EMA60=2527.46, EMA120=2536.63, 趋势=下跌趋势
[2025-06-18 18:02:07] ETHUSDT 1h: 当前价格=2525.71, EMA25=2531.63, EMA60=2548.72, EMA120=2565.62, 趋势=下跌趋势
[2025-06-18 18:02:08] ETHUSDT 4h: 当前价格=2525.37, EMA25=2559.71, EMA60=2579.06, EMA120=2567.76, 趋势=下跌趋势
[2025-06-18 18:02:08] ETHUSDT 1d: 当前价格=2525.71, EMA25=2545.02, EMA60=2402.59, EMA120=2381.95, 趋势=震荡行情
==============================

===== 趋势分析结果 (2025-06-18 18:17:08) =====
[2025-06-18 18:17:06] BTCUSDT 15m: 当前价格=104700.00, EMA25=104898.34, EMA60=104955.52, EMA120=105252.32, 趋势=下跌趋势
[2025-06-18 18:17:06] BTCUSDT 1h: 当前价格=104720.00, EMA25=105092.50, EMA60=105555.65, EMA120=105841.82, 趋势=下跌趋势
[2025-06-18 18:17:06] BTCUSDT 4h: 当前价格=104712.40, EMA25=105724.04, EMA60=106022.14, EMA120=105880.67, 趋势=下跌趋势
[2025-06-18 18:17:07] BTCUSDT 1d: 当前价格=104712.40, EMA25=105542.48, EMA60=101986.75, EMA120=97592.81, 趋势=震荡行情
[2025-06-18 18:17:07] ETHUSDT 15m: 当前价格=2524.61, EMA25=2528.04, EMA60=2527.23, EMA120=2536.36, 趋势=下跌趋势
[2025-06-18 18:17:07] ETHUSDT 1h: 当前价格=2524.61, EMA25=2531.55, EMA60=2548.69, EMA120=2565.60, 趋势=下跌趋势
[2025-06-18 18:17:07] ETHUSDT 4h: 当前价格=2524.59, EMA25=2559.65, EMA60=2579.03, EMA120=2567.74, 趋势=下跌趋势
[2025-06-18 18:17:08] ETHUSDT 1d: 当前价格=2524.32, EMA25=2544.91, EMA60=2402.55, EMA120=2381.92, 趋势=震荡行情
==============================

===== 趋势分析结果 (2025-06-18 18:32:08) =====
[2025-06-18 18:32:06] BTCUSDT 15m: 当前价格=104506.30, EMA25=104851.24, EMA60=104933.23, EMA120=105236.13, 趋势=下跌趋势
[2025-06-18 18:32:07] BTCUSDT 1h: 当前价格=104506.30, EMA25=105076.06, EMA60=105548.64, EMA120=105838.29, 趋势=下跌趋势
[2025-06-18 18:32:07] BTCUSDT 4h: 当前价格=104506.30, EMA25=105708.18, EMA60=106015.39, EMA120=105877.27, 趋势=下跌趋势
[2025-06-18 18:32:07] BTCUSDT 1d: 当前价格=104506.30, EMA25=105526.62, EMA60=101979.99, EMA120=97589.40, 趋势=震荡行情
[2025-06-18 18:32:07] ETHUSDT 15m: 当前价格=2514.69, EMA25=2526.28, EMA60=2526.49, EMA120=2535.83, 趋势=下跌趋势
[2025-06-18 18:32:08] ETHUSDT 1h: 当前价格=2514.62, EMA25=2530.78, EMA60=2548.36, EMA120=2565.44, 趋势=下跌趋势
[2025-06-18 18:32:08] ETHUSDT 4h: 当前价格=2514.62, EMA25=2558.88, EMA60=2578.71, EMA120=2567.58, 趋势=下跌趋势
[2025-06-18 18:32:08] ETHUSDT 1d: 当前价格=2514.62, EMA25=2544.16, EMA60=2402.23, EMA120=2381.76, 趋势=震荡行情
==============================

===== 趋势分析结果 (2025-06-18 18:47:08) =====
[2025-06-18 18:47:06] BTCUSDT 15m: 当前价格=104378.00, EMA25=104808.10, EMA60=104912.01, EMA120=105220.42, 趋势=下跌趋势
[2025-06-18 18:47:06] BTCUSDT 1h: 当前价格=104378.00, EMA25=105066.19, EMA60=105544.44, EMA120=105836.17, 趋势=下跌趋势
[2025-06-18 18:47:06] BTCUSDT 4h: 当前价格=104378.00, EMA25=105698.31, EMA60=106011.18, EMA120=105875.15, 趋势=下跌趋势
[2025-06-18 18:47:07] BTCUSDT 1d: 当前价格=104378.00, EMA25=105516.75, EMA60=101975.78, EMA120=97587.28, 趋势=震荡行情
[2025-06-18 18:47:07] ETHUSDT 15m: 当前价格=2505.99, EMA25=2524.24, EMA60=2525.61, EMA120=2535.23, 趋势=下跌趋势
[2025-06-18 18:47:07] ETHUSDT 1h: 当前价格=2505.91, EMA25=2530.11, EMA60=2548.07, EMA120=2565.29, 趋势=下跌趋势
[2025-06-18 18:47:08] ETHUSDT 4h: 当前价格=2505.91, EMA25=2558.21, EMA60=2578.42, EMA120=2567.44, 趋势=下跌趋势
[2025-06-18 18:47:08] ETHUSDT 1d: 当前价格=2506.17, EMA25=2543.51, EMA60=2401.95, EMA120=2381.62, 趋势=震荡行情
==============================

===== 趋势分析结果 (2025-06-18 19:02:08) =====
[2025-06-18 19:02:06] BTCUSDT 15m: 当前价格=104243.00, EMA25=104753.33, EMA60=104885.03, EMA120=105201.70, 趋势=下跌趋势
[2025-06-18 19:02:06] BTCUSDT 1h: 当前价格=104260.20, EMA25=104992.88, EMA60=105497.28, EMA120=105807.52, 趋势=下跌趋势
[2025-06-18 19:02:06] BTCUSDT 4h: 当前价格=104260.10, EMA25=105689.24, EMA60=106007.32, EMA120=105873.20, 趋势=下跌趋势
[2025-06-18 19:02:07] BTCUSDT 1d: 当前价格=104242.90, EMA25=105506.36, EMA60=101971.35, EMA120=97585.05, 趋势=震荡行情
[2025-06-18 19:02:07] ETHUSDT 15m: 当前价格=2496.30, EMA25=2521.23, EMA60=2524.27, EMA120=2534.39, 趋势=下跌趋势
[2025-06-18 19:02:07] ETHUSDT 1h: 当前价格=2495.36, EMA25=2526.58, EMA60=2545.96, EMA120=2563.94, 趋势=下跌趋势
[2025-06-18 19:02:08] ETHUSDT 4h: 当前价格=2495.36, EMA25=2557.40, EMA60=2578.07, EMA120=2567.26, 趋势=下跌趋势
[2025-06-18 19:02:08] ETHUSDT 1d: 当前价格=2495.36, EMA25=2542.68, EMA60=2401.60, EMA120=2381.44, 趋势=震荡行情
==============================

===== 趋势分析结果 (2025-06-18 19:17:08) =====
[2025-06-18 19:17:06] BTCUSDT 15m: 当前价格=104355.20, EMA25=104735.96, EMA60=104873.58, EMA120=105190.77, 趋势=下跌趋势
[2025-06-18 19:17:06] BTCUSDT 1h: 当前价格=104355.20, EMA25=105000.19, EMA60=105500.40, EMA120=105809.09, 趋势=下跌趋势
[2025-06-18 19:17:06] BTCUSDT 4h: 当前价格=104355.20, EMA25=105696.56, EMA60=106010.43, EMA120=105874.77, 趋势=下跌趋势
[2025-06-18 19:17:07] BTCUSDT 1d: 当前价格=104355.20, EMA25=105515.00, EMA60=101975.04, EMA120=97586.90, 趋势=震荡行情
[2025-06-18 19:17:07] ETHUSDT 15m: 当前价格=2499.16, EMA25=2520.15, EMA60=2523.72, EMA120=2533.95, 趋势=下跌趋势
[2025-06-18 19:17:07] ETHUSDT 1h: 当前价格=2498.26, EMA25=2526.80, EMA60=2546.06, EMA120=2563.99, 趋势=下跌趋势
[2025-06-18 19:17:07] ETHUSDT 4h: 当前价格=2499.16, EMA25=2557.70, EMA60=2578.20, EMA120=2567.32, 趋势=下跌趋势
[2025-06-18 19:17:08] ETHUSDT 1d: 当前价格=2499.16, EMA25=2542.98, EMA60=2401.72, EMA120=2381.51, 趋势=震荡行情
==============================

===== 趋势分析结果 (2025-06-18 19:32:08) =====
[2025-06-18 19:32:06] BTCUSDT 15m: 当前价格=104324.80, EMA25=104706.09, EMA60=104856.37, EMA120=105176.87, 趋势=下跌趋势
[2025-06-18 19:32:06] BTCUSDT 1h: 当前价格=104319.60, EMA25=104997.45, EMA60=105499.23, EMA120=105808.50, 趋势=下跌趋势
[2025-06-18 19:32:06] BTCUSDT 4h: 当前价格=104319.60, EMA25=105693.82, EMA60=106009.27, EMA120=105874.18, 趋势=下跌趋势
[2025-06-18 19:32:07] BTCUSDT 1d: 当前价格=104319.60, EMA25=105512.26, EMA60=101973.87, EMA120=97586.32, 趋势=震荡行情
[2025-06-18 19:32:07] ETHUSDT 15m: 当前价格=2501.58, EMA25=2519.14, EMA60=2523.18, EMA120=2533.51, 趋势=下跌趋势
[2025-06-18 19:32:07] ETHUSDT 1h: 当前价格=2501.50, EMA25=2527.05, EMA60=2546.17, EMA120=2564.04, 趋势=下跌趋势
[2025-06-18 19:32:08] ETHUSDT 4h: 当前价格=2501.51, EMA25=2557.88, EMA60=2578.28, EMA120=2567.36, 趋势=下跌趋势
[2025-06-18 19:32:08] ETHUSDT 1d: 当前价格=2501.50, EMA25=2543.16, EMA60=2401.80, EMA120=2381.55, 趋势=震荡行情
==============================

===== 趋势分析结果 (2025-06-18 19:47:08) =====
[2025-06-18 19:47:06] BTCUSDT 15m: 当前价格=104640.10, EMA25=104719.36, EMA60=104857.48, EMA120=105172.21, 趋势=下跌趋势
[2025-06-18 19:47:06] BTCUSDT 1h: 当前价格=104622.30, EMA25=105020.74, EMA60=105509.16, EMA120=105813.51, 趋势=下跌趋势
[2025-06-18 19:47:06] BTCUSDT 4h: 当前价格=104640.10, EMA25=105718.47, EMA60=106019.77, EMA120=105879.48, 趋势=下跌趋势
[2025-06-18 19:47:07] BTCUSDT 1d: 当前价格=104622.40, EMA25=105535.55, EMA60=101983.80, EMA120=97591.32, 趋势=震荡行情
[2025-06-18 19:47:07] ETHUSDT 15m: 当前价格=2512.56, EMA25=2519.29, EMA60=2523.12, EMA120=2533.32, 趋势=下跌趋势
[2025-06-18 19:47:07] ETHUSDT 1h: 当前价格=2512.33, EMA25=2527.89, EMA60=2546.52, EMA120=2564.22, 趋势=下跌趋势
[2025-06-18 19:47:08] ETHUSDT 4h: 当前价格=2512.56, EMA25=2558.73, EMA60=2578.64, EMA120=2567.55, 趋势=下跌趋势
[2025-06-18 19:47:08] ETHUSDT 1d: 当前价格=2512.56, EMA25=2544.01, EMA60=2402.16, EMA120=2381.73, 趋势=震荡行情
==============================

===== 趋势分析结果 (2025-06-18 20:02:09) =====
[2025-06-18 20:02:06] BTCUSDT 15m: 当前价格=104778.90, EMA25=104734.67, EMA60=104859.69, EMA120=105168.17, 趋势=震荡行情
[2025-06-18 20:02:06] BTCUSDT 1h: 当前价格=104778.90, EMA25=105014.13, EMA60=105490.57, EMA120=105799.13, 趋势=下跌趋势
[2025-06-18 20:02:06] BTCUSDT 4h: 当前价格=104778.80, EMA25=105656.92, EMA60=105983.88, EMA120=105863.66, 趋势=下跌趋势
[2025-06-18 20:02:07] BTCUSDT 1d: 当前价格=104778.90, EMA25=105547.59, EMA60=101988.93, EMA120=97593.91, 趋势=震荡行情
[2025-06-18 20:02:07] ETHUSDT 15m: 当前价格=2512.90, EMA25=2518.80, EMA60=2522.79, EMA120=2532.98, 趋势=下跌趋势
[2025-06-18 20:02:07] ETHUSDT 1h: 当前价格=2512.63, EMA25=2526.73, EMA60=2545.42, EMA120=2563.37, 趋势=下跌趋势
[2025-06-18 20:02:09] ETHUSDT 4h: 当前价格=2512.63, EMA25=2555.18, EMA60=2576.48, EMA120=2566.64, 趋势=下跌趋势
[2025-06-18 20:02:09] ETHUSDT 1d: 当前价格=2512.63, EMA25=2544.01, EMA60=2402.17, EMA120=2381.73, 趋势=震荡行情
==============================

===== 趋势分析结果 (2025-06-18 20:17:11) =====
[2025-06-18 20:17:06] BTCUSDT 15m: 当前价格=104731.80, EMA25=104734.21, EMA60=104855.39, EMA120=105160.92, 趋势=下跌趋势
[2025-06-18 20:17:07] BTCUSDT 1h: 当前价格=104752.90, EMA25=105012.13, EMA60=105489.72, EMA120=105798.70, 趋势=下跌趋势
[2025-06-18 20:17:10] BTCUSDT 4h: 当前价格=104759.00, EMA25=105655.40, EMA60=105983.23, EMA120=105863.33, 趋势=下跌趋势
[2025-06-18 20:17:10] BTCUSDT 1d: 当前价格=104759.00, EMA25=105546.06, EMA60=101988.27, EMA120=97593.58, 趋势=震荡行情
[2025-06-18 20:17:10] ETHUSDT 15m: 当前价格=2509.25, EMA25=2517.93, EMA60=2522.28, EMA120=2532.56, 趋势=下跌趋势
[2025-06-18 20:17:10] ETHUSDT 1h: 当前价格=2509.32, EMA25=2526.48, EMA60=2545.31, EMA120=2563.32, 趋势=下跌趋势
[2025-06-18 20:17:11] ETHUSDT 4h: 当前价格=2509.32, EMA25=2554.93, EMA60=2576.37, EMA120=2566.58, 趋势=下跌趋势
[2025-06-18 20:17:11] ETHUSDT 1d: 当前价格=2509.32, EMA25=2543.76, EMA60=2402.06, EMA120=2381.67, 趋势=震荡行情
==============================

===== 趋势分析结果 (2025-06-18 20:32:08) =====
[2025-06-18 20:32:06] BTCUSDT 15m: 当前价格=104613.50, EMA25=104721.32, EMA60=104845.85, EMA120=105151.05, 趋势=下跌趋势
[2025-06-18 20:32:06] BTCUSDT 1h: 当前价格=104613.50, EMA25=105001.40, EMA60=105485.15, EMA120=105796.40, 趋势=下跌趋势
[2025-06-18 20:32:06] BTCUSDT 4h: 当前价格=104613.60, EMA25=105644.21, EMA60=105978.46, EMA120=105860.93, 趋势=下跌趋势
[2025-06-18 20:32:07] BTCUSDT 1d: 当前价格=104613.50, EMA25=105534.87, EMA60=101983.50, EMA120=97591.17, 趋势=震荡行情
[2025-06-18 20:32:07] ETHUSDT 15m: 当前价格=2502.29, EMA25=2516.29, EMA60=2521.43, EMA120=2531.96, 趋势=下跌趋势
[2025-06-18 20:32:07] ETHUSDT 1h: 当前价格=2502.40, EMA25=2525.94, EMA60=2545.08, EMA120=2563.21, 趋势=下跌趋势
[2025-06-18 20:32:08] ETHUSDT 4h: 当前价格=2502.29, EMA25=2554.39, EMA60=2576.14, EMA120=2566.47, 趋势=下跌趋势
[2025-06-18 20:32:08] ETHUSDT 1d: 当前价格=2502.40, EMA25=2543.22, EMA60=2401.83, EMA120=2381.56, 趋势=震荡行情
==============================

===== 趋势分析结果 (2025-06-18 20:47:08) =====
[2025-06-18 20:47:06] BTCUSDT 15m: 当前价格=104505.30, EMA25=104692.95, EMA60=104829.43, EMA120=105137.69, 趋势=下跌趋势
[2025-06-18 20:47:06] BTCUSDT 1h: 当前价格=104505.30, EMA25=104993.08, EMA60=105481.60, EMA120=105794.61, 趋势=下跌趋势
[2025-06-18 20:47:06] BTCUSDT 4h: 当前价格=104505.20, EMA25=105635.87, EMA60=105974.91, EMA120=105859.14, 趋势=下跌趋势
[2025-06-18 20:47:07] BTCUSDT 1d: 当前价格=104505.30, EMA25=105526.55, EMA60=101979.96, EMA120=97589.39, 趋势=震荡行情
[2025-06-18 20:47:07] ETHUSDT 15m: 当前价格=2495.61, EMA25=2514.19, EMA60=2520.36, EMA120=2531.24, 趋势=下跌趋势
[2025-06-18 20:47:07] ETHUSDT 1h: 当前价格=2496.55, EMA25=2525.49, EMA60=2544.89, EMA120=2563.11, 趋势=下跌趋势
[2025-06-18 20:47:08] ETHUSDT 4h: 当前价格=2496.55, EMA25=2553.95, EMA60=2575.95, EMA120=2566.37, 趋势=下跌趋势
[2025-06-18 20:47:08] ETHUSDT 1d: 当前价格=2496.55, EMA25=2542.77, EMA60=2401.64, EMA120=2381.46, 趋势=震荡行情
==============================

===== 趋势分析结果 (2025-06-18 21:02:08) =====
[2025-06-18 21:02:06] BTCUSDT 15m: 当前价格=104425.00, EMA25=104670.44, EMA60=104815.32, EMA120=105125.48, 趋势=下跌趋势
[2025-06-18 21:02:06] BTCUSDT 1h: 当前价格=104425.00, EMA25=104947.48, EMA60=105446.11, EMA120=105771.52, 趋势=下跌趋势
[2025-06-18 21:02:06] BTCUSDT 4h: 当前价格=104425.10, EMA25=105629.71, EMA60=105972.28, EMA120=105857.81, 趋势=下跌趋势
[2025-06-18 21:02:07] BTCUSDT 1d: 当前价格=104425.10, EMA25=105520.38, EMA60=101977.33, EMA120=97588.06, 趋势=震荡行情
[2025-06-18 21:02:07] ETHUSDT 15m: 当前价格=2489.01, EMA25=2512.03, EMA60=2519.23, EMA120=2530.49, 趋势=下跌趋势
[2025-06-18 21:02:08] ETHUSDT 1h: 当前价格=2489.01, EMA25=2522.40, EMA60=2542.93, EMA120=2561.82, 趋势=下跌趋势
[2025-06-18 21:02:08] ETHUSDT 4h: 当前价格=2488.98, EMA25=2553.36, EMA60=2575.70, EMA120=2566.25, 趋势=下跌趋势
[2025-06-18 21:02:08] ETHUSDT 1d: 当前价格=2489.01, EMA25=2542.19, EMA60=2401.39, EMA120=2381.34, 趋势=震荡行情
==============================

===== 趋势分析结果 (2025-06-18 21:17:08) =====
[2025-06-18 21:17:06] BTCUSDT 15m: 当前价格=103999.00, EMA25=104589.37, EMA60=104775.42, EMA120=105100.13, 趋势=下跌趋势
[2025-06-18 21:17:06] BTCUSDT 1h: 当前价格=103979.20, EMA25=104913.19, EMA60=105431.49, EMA120=105764.15, 趋势=下跌趋势
[2025-06-18 21:17:06] BTCUSDT 4h: 当前价格=103999.00, EMA25=105596.94, EMA60=105958.31, EMA120=105850.77, 趋势=下跌趋势
[2025-06-18 21:17:07] BTCUSDT 1d: 当前价格=103999.00, EMA25=105487.60, EMA60=101963.36, EMA120=97581.02, 趋势=震荡行情
[2025-06-18 21:17:07] ETHUSDT 15m: 当前价格=2479.93, EMA25=2509.06, EMA60=2517.72, EMA120=2529.54, 趋势=下跌趋势
[2025-06-18 21:17:07] ETHUSDT 1h: 当前价格=2479.93, EMA25=2521.70, EMA60=2542.63, EMA120=2561.67, 趋势=下跌趋势
[2025-06-18 21:17:08] ETHUSDT 4h: 当前价格=2479.97, EMA25=2552.67, EMA60=2575.40, EMA120=2566.10, 趋势=下跌趋势
[2025-06-18 21:17:08] ETHUSDT 1d: 当前价格=2479.97, EMA25=2541.50, EMA60=2401.10, EMA120=2381.19, 趋势=震荡行情
==============================

===== 趋势分析结果 (2025-06-18 21:32:08) =====
[2025-06-18 21:32:06] BTCUSDT 15m: 当前价格=104019.30, EMA25=104535.72, EMA60=104746.25, EMA120=105080.03, 趋势=下跌趋势
[2025-06-18 21:32:06] BTCUSDT 1h: 当前价格=104019.30, EMA25=104916.27, EMA60=105432.80, EMA120=105764.81, 趋势=下跌趋势
[2025-06-18 21:32:06] BTCUSDT 4h: 当前价格=104005.20, EMA25=105597.41, EMA60=105958.51, EMA120=105850.87, 趋势=下跌趋势
[2025-06-18 21:32:07] BTCUSDT 1d: 当前价格=104005.20, EMA25=105488.08, EMA60=101963.56, EMA120=97581.12, 趋势=震荡行情
[2025-06-18 21:32:07] ETHUSDT 15m: 当前价格=2476.53, EMA25=2505.83, EMA60=2516.04, EMA120=2528.50, 趋势=下跌趋势
[2025-06-18 21:32:07] ETHUSDT 1h: 当前价格=2476.17, EMA25=2521.41, EMA60=2542.51, EMA120=2561.60, 趋势=下跌趋势
[2025-06-18 21:32:08] ETHUSDT 4h: 当前价格=2476.17, EMA25=2552.38, EMA60=2575.28, EMA120=2566.03, 趋势=下跌趋势
[2025-06-18 21:32:08] ETHUSDT 1d: 当前价格=2476.17, EMA25=2541.21, EMA60=2400.97, EMA120=2381.13, 趋势=震荡行情
==============================

===== 趋势分析结果 (2025-06-18 21:47:08) =====
[2025-06-18 21:47:06] BTCUSDT 15m: 当前价格=104119.50, EMA25=104513.37, EMA60=104730.02, EMA120=105066.38, 趋势=下跌趋势
[2025-06-18 21:47:06] BTCUSDT 1h: 当前价格=104090.90, EMA25=104921.78, EMA60=105435.15, EMA120=105765.99, 趋势=下跌趋势
[2025-06-18 21:47:06] BTCUSDT 4h: 当前价格=104090.90, EMA25=105604.01, EMA60=105961.32, EMA120=105852.29, 趋势=下跌趋势
[2025-06-18 21:47:07] BTCUSDT 1d: 当前价格=104122.50, EMA25=105497.10, EMA60=101967.41, EMA120=97583.06, 趋势=震荡行情
[2025-06-18 21:47:07] ETHUSDT 15m: 当前价格=2482.86, EMA25=2504.68, EMA60=2515.23, EMA120=2527.89, 趋势=下跌趋势
[2025-06-18 21:47:07] ETHUSDT 1h: 当前价格=2483.99, EMA25=2522.01, EMA60=2542.76, EMA120=2561.73, 趋势=下跌趋势
[2025-06-18 21:47:08] ETHUSDT 4h: 当前价格=2483.99, EMA25=2552.98, EMA60=2575.54, EMA120=2566.16, 趋势=下跌趋势
[2025-06-18 21:47:08] ETHUSDT 1d: 当前价格=2483.99, EMA25=2541.81, EMA60=2401.23, EMA120=2381.26, 趋势=震荡行情
==============================

===== 趋势分析结果 (2025-06-18 22:02:08) =====
[2025-06-18 22:02:06] BTCUSDT 15m: 当前价格=104176.10, EMA25=104507.35, EMA60=104720.76, EMA120=105056.24, 趋势=下跌趋势
[2025-06-18 22:02:06] BTCUSDT 1h: 当前价格=104180.00, EMA25=104886.68, EMA60=105403.81, EMA120=105744.80, 趋势=下跌趋势
[2025-06-18 22:02:06] BTCUSDT 4h: 当前价格=104179.20, EMA25=105610.80, EMA60=105964.22, EMA120=105853.75, 趋势=下跌趋势
[2025-06-18 22:02:07] BTCUSDT 1d: 当前价格=104179.20, EMA25=105501.46, EMA60=101969.26, EMA120=97584.00, 趋势=震荡行情
[2025-06-18 22:02:07] ETHUSDT 15m: 当前价格=2493.32, EMA25=2505.07, EMA60=2515.08, EMA120=2527.61, 趋势=下跌趋势
[2025-06-18 22:02:07] ETHUSDT 1h: 当前价格=2494.28, EMA25=2521.07, EMA60=2541.71, EMA120=2560.89, 趋势=下跌趋势
[2025-06-18 22:02:07] ETHUSDT 4h: 当前价格=2493.05, EMA25=2553.68, EMA60=2575.83, EMA120=2566.31, 趋势=下跌趋势
[2025-06-18 22:02:08] ETHUSDT 1d: 当前价格=2494.99, EMA25=2542.65, EMA60=2401.59, EMA120=2381.44, 趋势=震荡行情
==============================

===== 趋势分析结果 (2025-06-18 22:17:08) =====
[2025-06-18 22:17:06] BTCUSDT 15m: 当前价格=104974.50, EMA25=104601.57, EMA60=104755.11, EMA120=105068.25, 趋势=震荡行情
[2025-06-18 22:17:06] BTCUSDT 1h: 当前价格=104980.70, EMA25=104948.27, EMA60=105430.06, EMA120=105758.03, 趋势=震荡行情
[2025-06-18 22:17:06] BTCUSDT 4h: 当前价格=104974.50, EMA25=105671.97, EMA60=105990.29, EMA120=105866.89, 趋势=下跌趋势
[2025-06-18 22:17:07] BTCUSDT 1d: 当前价格=104946.40, EMA25=105560.48, EMA60=101994.42, EMA120=97596.68, 趋势=震荡行情
[2025-06-18 22:17:07] ETHUSDT 15m: 当前价格=2528.00, EMA25=2509.37, EMA60=2516.63, EMA120=2528.19, 趋势=震荡行情
[2025-06-18 22:17:07] ETHUSDT 1h: 当前价格=2528.00, EMA25=2523.66, EMA60=2542.81, EMA120=2561.45, 趋势=震荡行情
[2025-06-18 22:17:08] ETHUSDT 4h: 当前价格=2527.21, EMA25=2556.30, EMA60=2576.95, EMA120=2566.88, 趋势=下跌趋势
[2025-06-18 22:17:08] ETHUSDT 1d: 当前价格=2527.27, EMA25=2545.14, EMA60=2402.65, EMA120=2381.97, 趋势=震荡行情
==============================

===== 趋势分析结果 (2025-06-18 22:32:08) =====
[2025-06-18 22:32:06] BTCUSDT 15m: 当前价格=104993.80, EMA25=104641.58, EMA60=104767.33, EMA120=105069.28, 趋势=震荡行情
[2025-06-18 22:32:06] BTCUSDT 1h: 当前价格=104993.80, EMA25=104949.28, EMA60=105430.49, EMA120=105758.25, 趋势=震荡行情
[2025-06-18 22:32:06] BTCUSDT 4h: 当前价格=104993.80, EMA25=105673.46, EMA60=105990.93, EMA120=105867.21, 趋势=下跌趋势
[2025-06-18 22:32:07] BTCUSDT 1d: 当前价格=104981.70, EMA25=105563.19, EMA60=101995.58, EMA120=97597.26, 趋势=震荡行情
[2025-06-18 22:32:07] ETHUSDT 15m: 当前价格=2528.24, EMA25=2511.08, EMA60=2517.13, EMA120=2528.25, 趋势=震荡行情
[2025-06-18 22:32:07] ETHUSDT 1h: 当前价格=2527.87, EMA25=2523.65, EMA60=2542.81, EMA120=2561.45, 趋势=震荡行情
[2025-06-18 22:32:07] ETHUSDT 4h: 当前价格=2527.87, EMA25=2556.35, EMA60=2576.98, EMA120=2566.89, 趋势=下跌趋势
[2025-06-18 22:32:08] ETHUSDT 1d: 当前价格=2527.87, EMA25=2545.18, EMA60=2402.67, EMA120=2381.98, 趋势=震荡行情
==============================

===== 趋势分析结果 (2025-06-18 22:47:08) =====
[2025-06-18 22:47:06] BTCUSDT 15m: 当前价格=105040.00, EMA25=104678.73, EMA60=104779.17, EMA120=105070.30, 趋势=震荡行情
[2025-06-18 22:47:06] BTCUSDT 1h: 当前价格=105032.90, EMA25=104952.29, EMA60=105431.77, EMA120=105758.89, 趋势=震荡行情
[2025-06-18 22:47:06] BTCUSDT 4h: 当前价格=105040.00, EMA25=105677.01, EMA60=105992.44, EMA120=105867.98, 趋势=下跌趋势
[2025-06-18 22:47:07] BTCUSDT 1d: 当前价格=105032.90, EMA25=105567.13, EMA60=101997.25, EMA120=97598.11, 趋势=震荡行情
[2025-06-18 22:47:07] ETHUSDT 15m: 当前价格=2525.86, EMA25=2512.16, EMA60=2517.39, EMA120=2528.20, 趋势=震荡行情
[2025-06-18 22:47:07] ETHUSDT 1h: 当前价格=2526.15, EMA25=2523.52, EMA60=2542.75, EMA120=2561.42, 趋势=震荡行情
[2025-06-18 22:47:08] ETHUSDT 4h: 当前价格=2525.86, EMA25=2556.20, EMA60=2576.91, EMA120=2566.85, 趋势=下跌趋势
[2025-06-18 22:47:08] ETHUSDT 1d: 当前价格=2525.75, EMA25=2545.02, EMA60=2402.60, EMA120=2381.95, 趋势=震荡行情
==============================

===== 趋势分析结果 (2025-06-18 23:02:08) =====
[2025-06-18 23:02:06] BTCUSDT 15m: 当前价格=104630.00, EMA25=104642.04, EMA60=104759.57, EMA120=105055.49, 趋势=下跌趋势
[2025-06-18 23:02:06] BTCUSDT 1h: 当前价格=104650.00, EMA25=104896.60, EMA60=105391.65, EMA120=105733.11, 趋势=下跌趋势
[2025-06-18 23:02:06] BTCUSDT 4h: 当前价格=104630.00, EMA25=105645.47, EMA60=105979.00, EMA120=105861.20, 趋势=下跌趋势
[2025-06-18 23:02:07] BTCUSDT 1d: 当前价格=104630.00, EMA25=105536.14, EMA60=101984.04, EMA120=97591.45, 趋势=震荡行情
[2025-06-18 23:02:07] ETHUSDT 15m: 当前价格=2508.07, EMA25=2510.29, EMA60=2516.39, EMA120=2527.52, 趋势=下跌趋势
[2025-06-18 23:02:07] ETHUSDT 1h: 当前价格=2507.80, EMA25=2520.73, EMA60=2540.90, EMA120=2560.17, 趋势=下跌趋势
[2025-06-18 23:02:07] ETHUSDT 4h: 当前价格=2508.07, EMA25=2554.83, EMA60=2576.33, EMA120=2566.56, 趋势=下跌趋势
[2025-06-18 23:02:08] ETHUSDT 1d: 当前价格=2508.06, EMA25=2543.66, EMA60=2402.02, EMA120=2381.65, 趋势=震荡行情
==============================

===== 趋势分析结果 (2025-06-18 23:17:08) =====
[2025-06-18 23:17:06] BTCUSDT 15m: 当前价格=104207.10, EMA25=104590.40, EMA60=104733.34, EMA120=105037.32, 趋势=下跌趋势
[2025-06-18 23:17:06] BTCUSDT 1h: 当前价格=104207.10, EMA25=104862.53, EMA60=105377.13, EMA120=105725.79, 趋势=下跌趋势
[2025-06-18 23:17:06] BTCUSDT 4h: 当前价格=104216.60, EMA25=105613.67, EMA60=105965.45, EMA120=105854.37, 趋势=下跌趋势
[2025-06-18 23:17:07] BTCUSDT 1d: 当前价格=104216.60, EMA25=105504.34, EMA60=101970.49, EMA120=97584.61, 趋势=震荡行情
[2025-06-18 23:17:07] ETHUSDT 15m: 当前价格=2492.90, EMA25=2508.35, EMA60=2515.35, EMA120=2526.80, 趋势=下跌趋势
[2025-06-18 23:17:07] ETHUSDT 1h: 当前价格=2493.17, EMA25=2519.61, EMA60=2540.42, EMA120=2559.93, 趋势=下跌趋势
[2025-06-18 23:17:07] ETHUSDT 4h: 当前价格=2494.00, EMA25=2553.75, EMA60=2575.86, EMA120=2566.33, 趋势=下跌趋势
[2025-06-18 23:17:08] ETHUSDT 1d: 当前价格=2493.17, EMA25=2542.51, EMA60=2401.53, EMA120=2381.41, 趋势=震荡行情
==============================

