===== 趋势分析结果 (2025-07-06 21:52:53) =====
[2025-07-06 21:52:50] BTCUSDT 15m: 当前价格=108929.20, EMA25=108159.02, EMA60=108080.58, EMA120=108086.57, 趋势=上涨趋势
[2025-07-06 21:52:51] BTCUSDT 1h: 当前价格=108914.30, EMA25=108107.08, EMA60=108171.19, EMA120=108070.32, 趋势=上涨趋势
[2025-07-06 21:52:51] BTCUSDT 4h: 当前价格=108929.20, EMA25=108153.17, EMA60=107587.19, EMA120=106857.59, 趋势=上涨趋势
[2025-07-06 21:52:51] BTCUSDT 1d: 当前价格=108922.50, EMA25=106741.23, EMA60=104118.23, EMA120=99918.78, 趋势=上涨趋势
[2025-07-06 21:52:52] ETHUSDT 15m: 当前价格=2558.42, EMA25=2520.09, EMA60=2515.93, EMA120=2515.70, 趋势=上涨趋势
[2025-07-06 21:52:52] ETHUSDT 1h: 当前价格=2558.01, EMA25=2517.08, EMA60=2519.84, EMA120=2513.12, 趋势=上涨趋势
[2025-07-06 21:52:53] ETHUSDT 4h: 当前价格=2558.43, EMA25=2518.26, EMA60=2495.30, EMA120=2488.00, 趋势=上涨趋势
[2025-07-06 21:52:53] ETHUSDT 1d: 当前价格=2558.42, EMA25=2491.85, EMA60=2429.04, EMA120=2401.26, 趋势=上涨趋势
==============================

===== 趋势分析结果 (2025-07-06 22:07:56) =====
[2025-07-06 22:07:53] BTCUSDT 15m: 当前价格=108741.90, EMA25=108188.52, EMA60=108095.41, EMA120=108093.87, 趋势=上涨趋势
[2025-07-06 22:07:54] BTCUSDT 1h: 当前价格=108744.60, EMA25=108141.84, EMA60=108183.61, EMA120=108078.23, 趋势=上涨趋势
[2025-07-06 22:07:54] BTCUSDT 4h: 当前价格=108741.90, EMA25=108138.76, EMA60=107581.05, EMA120=106854.50, 趋势=上涨趋势
[2025-07-06 22:07:55] BTCUSDT 1d: 当前价格=108732.90, EMA25=106726.64, EMA60=104112.02, EMA120=99915.65, 趋势=上涨趋势
[2025-07-06 22:07:55] ETHUSDT 15m: 当前价格=2557.20, EMA25=2522.87, EMA60=2517.25, EMA120=2516.36, 趋势=上涨趋势
[2025-07-06 22:07:55] ETHUSDT 1h: 当前价格=2557.10, EMA25=2520.12, EMA60=2521.04, EMA120=2513.84, 趋势=上涨趋势
[2025-07-06 22:07:56] ETHUSDT 4h: 当前价格=2557.89, EMA25=2518.22, EMA60=2495.29, EMA120=2487.99, 趋势=上涨趋势
[2025-07-06 22:07:56] ETHUSDT 1d: 当前价格=2557.20, EMA25=2491.76, EMA60=2429.00, EMA120=2401.24, 趋势=上涨趋势
==============================

===== 趋势分析结果 (2025-07-06 22:22:57) =====
[2025-07-06 22:22:53] BTCUSDT 15m: 当前价格=108767.10, EMA25=108233.33, EMA60=108117.57, EMA120=108105.04, 趋势=上涨趋势
[2025-07-06 22:22:54] BTCUSDT 1h: 当前价格=108767.10, EMA25=108143.58, EMA60=108184.35, EMA120=108078.60, 趋势=上涨趋势
[2025-07-06 22:22:54] BTCUSDT 4h: 当前价格=108767.00, EMA25=108140.69, EMA60=107581.87, EMA120=106854.91, 趋势=上涨趋势
[2025-07-06 22:22:55] BTCUSDT 1d: 当前价格=108767.10, EMA25=106729.27, EMA60=104113.14, EMA120=99916.21, 趋势=上涨趋势
[2025-07-06 22:22:55] ETHUSDT 15m: 当前价格=2555.30, EMA25=2525.10, EMA60=2518.38, EMA120=2516.95, 趋势=上涨趋势
[2025-07-06 22:22:56] ETHUSDT 1h: 当前价格=2555.01, EMA25=2519.96, EMA60=2520.97, EMA120=2513.80, 趋势=上涨趋势
[2025-07-06 22:22:56] ETHUSDT 4h: 当前价格=2555.30, EMA25=2518.02, EMA60=2495.20, EMA120=2487.95, 趋势=上涨趋势
[2025-07-06 22:22:57] ETHUSDT 1d: 当前价格=2555.31, EMA25=2491.61, EMA60=2428.94, EMA120=2401.21, 趋势=上涨趋势
==============================

===== 趋势分析结果 (2025-07-06 22:37:56) =====
[2025-07-06 22:37:53] BTCUSDT 15m: 当前价格=108860.90, EMA25=108287.50, EMA60=108144.57, EMA120=108118.84, 趋势=上涨趋势
[2025-07-06 22:37:54] BTCUSDT 1h: 当前价格=108861.00, EMA25=108150.80, EMA60=108187.43, EMA120=108080.15, 趋势=上涨趋势
[2025-07-06 22:37:54] BTCUSDT 4h: 当前价格=108861.00, EMA25=108147.92, EMA60=107584.95, EMA120=106856.46, 趋势=上涨趋势
[2025-07-06 22:37:55] BTCUSDT 1d: 当前价格=108861.00, EMA25=106736.50, EMA60=104116.22, EMA120=99917.76, 趋势=上涨趋势
[2025-07-06 22:37:55] ETHUSDT 15m: 当前价格=2561.59, EMA25=2528.03, EMA60=2519.85, EMA120=2517.71, 趋势=上涨趋势
[2025-07-06 22:37:55] ETHUSDT 1h: 当前价格=2561.60, EMA25=2520.46, EMA60=2521.19, EMA120=2513.91, 趋势=上涨趋势
[2025-07-06 22:37:56] ETHUSDT 4h: 当前价格=2561.59, EMA25=2518.50, EMA60=2495.41, EMA120=2488.05, 趋势=上涨趋势
[2025-07-06 22:37:56] ETHUSDT 1d: 当前价格=2561.59, EMA25=2492.10, EMA60=2429.14, EMA120=2401.31, 趋势=上涨趋势
==============================

===== 趋势分析结果 (2025-07-06 22:52:57) =====
[2025-07-06 22:52:54] BTCUSDT 15m: 当前价格=108769.70, EMA25=108312.10, EMA60=108159.49, EMA120=108126.70, 趋势=上涨趋势
[2025-07-06 22:52:54] BTCUSDT 1h: 当前价格=108769.70, EMA25=108143.78, EMA60=108184.44, EMA120=108078.65, 趋势=上涨趋势
[2025-07-06 22:52:55] BTCUSDT 4h: 当前价格=108769.70, EMA25=108140.90, EMA60=107581.96, EMA120=106854.96, 趋势=上涨趋势
[2025-07-06 22:52:55] BTCUSDT 1d: 当前价格=108769.70, EMA25=106729.47, EMA60=104113.22, EMA120=99916.25, 趋势=上涨趋势
[2025-07-06 22:52:56] ETHUSDT 15m: 当前价格=2553.49, EMA25=2529.33, EMA60=2520.66, EMA120=2518.15, 趋势=上涨趋势
[2025-07-06 22:52:56] ETHUSDT 1h: 当前价格=2553.49, EMA25=2519.84, EMA60=2520.92, EMA120=2513.78, 趋势=上涨趋势
[2025-07-06 22:52:57] ETHUSDT 4h: 当前价格=2553.48, EMA25=2517.88, EMA60=2495.14, EMA120=2487.92, 趋势=上涨趋势
[2025-07-06 22:52:57] ETHUSDT 1d: 当前价格=2553.71, EMA25=2491.49, EMA60=2428.88, EMA120=2401.18, 趋势=上涨趋势
==============================

===== 趋势分析结果 (2025-07-06 23:07:56) =====
[2025-07-06 23:07:53] BTCUSDT 15m: 当前价格=108846.30, EMA25=108360.89, EMA60=108185.44, EMA120=108140.32, 趋势=上涨趋势
[2025-07-06 23:07:54] BTCUSDT 1h: 当前价格=108859.30, EMA25=108206.51, EMA60=108210.00, EMA120=108093.35, 趋势=上涨趋势
[2025-07-06 23:07:54] BTCUSDT 4h: 当前价格=108852.80, EMA25=108147.29, EMA60=107584.68, EMA120=106856.33, 趋势=上涨趋势
[2025-07-06 23:07:55] BTCUSDT 1d: 当前价格=108859.30, EMA25=106736.37, EMA60=104116.16, EMA120=99917.74, 趋势=上涨趋势
[2025-07-06 23:07:55] ETHUSDT 15m: 当前价格=2559.05, EMA25=2531.97, EMA60=2522.08, EMA120=2518.91, 趋势=上涨趋势
[2025-07-06 23:07:55] ETHUSDT 1h: 当前价格=2559.66, EMA25=2523.26, EMA60=2522.35, EMA120=2514.62, 趋势=上涨趋势
[2025-07-06 23:07:55] ETHUSDT 4h: 当前价格=2559.05, EMA25=2518.31, EMA60=2495.33, EMA120=2488.01, 趋势=上涨趋势
[2025-07-06 23:07:56] ETHUSDT 1d: 当前价格=2559.07, EMA25=2491.90, EMA60=2429.06, EMA120=2401.27, 趋势=上涨趋势
==============================

===== 趋势分析结果 (2025-07-06 23:22:57) =====
[2025-07-06 23:22:53] BTCUSDT 15m: 当前价格=108713.10, EMA25=108388.25, EMA60=108202.86, EMA120=108149.81, 趋势=上涨趋势
[2025-07-06 23:22:54] BTCUSDT 1h: 当前价格=108729.90, EMA25=108196.56, EMA60=108205.76, EMA120=108091.21, 趋势=上涨趋势
[2025-07-06 23:22:54] BTCUSDT 4h: 当前价格=108735.20, EMA25=108138.24, EMA60=107580.83, EMA120=106854.39, 趋势=上涨趋势
[2025-07-06 23:22:55] BTCUSDT 1d: 当前价格=108729.90, EMA25=106726.41, EMA60=104111.92, EMA120=99915.60, 趋势=上涨趋势
[2025-07-06 23:22:55] ETHUSDT 15m: 当前价格=2556.70, EMA25=2533.81, EMA60=2523.19, EMA120=2519.51, 趋势=上涨趋势
[2025-07-06 23:22:56] ETHUSDT 1h: 当前价格=2556.70, EMA25=2523.04, EMA60=2522.25, EMA120=2514.57, 趋势=上涨趋势
[2025-07-06 23:22:57] ETHUSDT 4h: 当前价格=2556.70, EMA25=2518.12, EMA60=2495.25, EMA120=2487.97, 趋势=上涨趋势
[2025-07-06 23:22:57] ETHUSDT 1d: 当前价格=2556.70, EMA25=2491.72, EMA60=2428.98, EMA120=2401.23, 趋势=上涨趋势
==============================

===== 趋势分析结果 (2025-07-06 23:37:56) =====
[2025-07-06 23:37:53] BTCUSDT 15m: 当前价格=108725.80, EMA25=108418.01, EMA60=108221.71, EMA120=108160.16, 趋势=上涨趋势
[2025-07-06 23:37:54] BTCUSDT 1h: 当前价格=108725.80, EMA25=108196.24, EMA60=108205.62, EMA120=108091.14, 趋势=上涨趋势
[2025-07-06 23:37:54] BTCUSDT 4h: 当前价格=108725.80, EMA25=108137.52, EMA60=107580.52, EMA120=106854.23, 趋势=上涨趋势
[2025-07-06 23:37:55] BTCUSDT 1d: 当前价格=108725.90, EMA25=106726.10, EMA60=104111.79, EMA120=99915.53, 趋势=上涨趋势
[2025-07-06 23:37:55] ETHUSDT 15m: 当前价格=2556.00, EMA25=2535.61, EMA60=2524.30, EMA120=2520.14, 趋势=上涨趋势
[2025-07-06 23:37:55] ETHUSDT 1h: 当前价格=2555.99, EMA25=2522.98, EMA60=2522.23, EMA120=2514.56, 趋势=上涨趋势
[2025-07-06 23:37:56] ETHUSDT 4h: 当前价格=2555.99, EMA25=2518.07, EMA60=2495.22, EMA120=2487.96, 趋势=上涨趋势
[2025-07-06 23:37:56] ETHUSDT 1d: 当前价格=2555.99, EMA25=2491.67, EMA60=2428.96, EMA120=2401.22, 趋势=上涨趋势
==============================

===== 趋势分析结果 (2025-07-06 23:52:56) =====
[2025-07-06 23:52:53] BTCUSDT 15m: 当前价格=108690.60, EMA25=108437.40, EMA60=108236.37, EMA120=108168.53, 趋势=上涨趋势
[2025-07-06 23:52:54] BTCUSDT 1h: 当前价格=108690.60, EMA25=108193.54, EMA60=108204.47, EMA120=108090.56, 趋势=上涨趋势
[2025-07-06 23:52:54] BTCUSDT 4h: 当前价格=108690.60, EMA25=108134.81, EMA60=107579.36, EMA120=106853.65, 趋势=上涨趋势
[2025-07-06 23:52:55] BTCUSDT 1d: 当前价格=108690.60, EMA25=106723.39, EMA60=104110.63, EMA120=99914.95, 趋势=上涨趋势
[2025-07-06 23:52:55] ETHUSDT 15m: 当前价格=2552.20, EMA25=2536.53, EMA60=2525.06, EMA120=2520.58, 趋势=上涨趋势
[2025-07-06 23:52:56] ETHUSDT 1h: 当前价格=2552.21, EMA25=2522.69, EMA60=2522.11, EMA120=2514.50, 趋势=上涨趋势
[2025-07-06 23:52:56] ETHUSDT 4h: 当前价格=2552.52, EMA25=2517.80, EMA60=2495.11, EMA120=2487.90, 趋势=上涨趋势
[2025-07-06 23:52:56] ETHUSDT 1d: 当前价格=2552.20, EMA25=2491.38, EMA60=2428.83, EMA120=2401.16, 趋势=上涨趋势
==============================

