===== 趋势分析结果 (2025-07-11 00:07:57) =====
[2025-07-11 00:07:57] BTCUSDT 15m: 当前价格=111420.10, EMA25=111058.86, EMA50=110984.64, 趋势=禁空
[2025-07-11 00:07:57] BTCUSDT 1h: 当前价格=111420.10, EMA25=110724.95, EMA50=110113.96, 趋势=禁空
==============================

===== 趋势分析结果 (2025-07-11 00:22:57) =====
[2025-07-11 00:22:57] BTCUSDT 15m: 当前价格=111739.30, EMA25=111110.45, EMA50=111013.84, 趋势=禁空
[2025-07-11 00:22:57] BTCUSDT 1h: 当前价格=111745.00, EMA25=110749.95, EMA50=110126.70, 趋势=禁空
==============================

===== 趋势分析结果 (2025-07-11 00:37:57) =====
[2025-07-11 00:37:57] BTCUSDT 15m: 当前价格=112565.00, EMA25=111265.36, EMA50=111097.50, 趋势=禁空
[2025-07-11 00:37:57] BTCUSDT 1h: 当前价格=112565.00, EMA25=110813.02, EMA50=110158.86, 趋势=禁空
==============================

===== 趋势分析结果 (2025-07-11 00:52:57) =====
[2025-07-11 00:52:57] BTCUSDT 15m: 当前价格=112439.50, EMA25=111357.17, EMA50=111150.91, 趋势=禁空
[2025-07-11 00:52:57] BTCUSDT 1h: 当前价格=112439.50, EMA25=110803.37, EMA50=110153.93, 趋势=禁空
==============================

===== 趋势分析结果 (2025-07-11 01:07:57) =====
[2025-07-11 01:07:57] BTCUSDT 15m: 当前价格=112963.90, EMA25=111491.89, EMA50=111227.92, 趋势=禁空
[2025-07-11 01:07:57] BTCUSDT 1h: 当前价格=112963.90, EMA25=110980.70, EMA50=110270.04, 趋势=禁空
==============================

===== 趋势分析结果 (2025-07-11 01:22:57) =====
[2025-07-11 01:22:57] BTCUSDT 15m: 当前价格=113276.80, EMA25=111659.89, EMA50=111324.56, 趋势=禁空
[2025-07-11 01:22:57] BTCUSDT 1h: 当前价格=113276.80, EMA25=111004.77, EMA50=110282.31, 趋势=禁空
==============================

===== 趋势分析结果 (2025-07-11 01:37:57) =====
[2025-07-11 01:37:57] BTCUSDT 15m: 当前价格=113485.10, EMA25=111809.41, EMA50=111414.12, 趋势=禁空
[2025-07-11 01:37:57] BTCUSDT 1h: 当前价格=113485.10, EMA25=111020.79, EMA50=110290.48, 趋势=禁空
==============================

===== 趋势分析结果 (2025-07-11 01:52:57) =====
[2025-07-11 01:52:57] BTCUSDT 15m: 当前价格=113641.60, EMA25=111957.04, EMA50=111505.03, 趋势=禁空
[2025-07-11 01:52:57] BTCUSDT 1h: 当前价格=113649.90, EMA25=111033.47, EMA50=110296.94, 趋势=禁空
==============================

===== 趋势分析结果 (2025-07-11 02:07:57) =====
[2025-07-11 02:07:57] BTCUSDT 15m: 当前价格=113471.60, EMA25=112076.43, EMA50=111583.68, 趋势=禁空
[2025-07-11 02:07:57] BTCUSDT 1h: 当前价格=113471.50, EMA25=111223.30, EMA50=110422.65, 趋势=禁空
==============================

===== 趋势分析结果 (2025-07-11 02:22:57) =====
[2025-07-11 02:22:57] BTCUSDT 15m: 当前价格=113431.70, EMA25=112169.35, EMA50=111650.13, 趋势=禁空
[2025-07-11 02:22:57] BTCUSDT 1h: 当前价格=113431.60, EMA25=111220.23, EMA50=110421.08, 趋势=禁空
==============================

===== 趋势分析结果 (2025-07-11 02:37:57) =====
[2025-07-11 02:37:57] BTCUSDT 15m: 当前价格=113068.70, EMA25=112218.47, EMA50=111695.12, 趋势=禁空
[2025-07-11 02:37:57] BTCUSDT 1h: 当前价格=113068.70, EMA25=111192.32, EMA50=110406.85, 趋势=禁空
==============================

===== 趋势分析结果 (2025-07-11 02:52:57) =====
[2025-07-11 02:52:57] BTCUSDT 15m: 当前价格=113193.50, EMA25=112290.90, EMA50=111752.51, 趋势=禁空
[2025-07-11 02:52:57] BTCUSDT 1h: 当前价格=113193.60, EMA25=111201.92, EMA50=110411.75, 趋势=禁空
==============================

===== 趋势分析结果 (2025-07-11 03:07:57) =====
[2025-07-11 03:07:57] BTCUSDT 15m: 当前价格=113581.50, EMA25=112403.51, EMA50=111831.31, 趋势=禁空
[2025-07-11 03:07:57] BTCUSDT 1h: 当前价格=113577.40, EMA25=111397.98, EMA50=110542.97, 趋势=禁空
==============================

===== 趋势分析结果 (2025-07-11 03:22:57) =====
[2025-07-11 03:22:57] BTCUSDT 15m: 当前价格=113420.30, EMA25=112483.03, EMA50=111894.32, 趋势=禁空
[2025-07-11 03:22:57] BTCUSDT 1h: 当前价格=113420.30, EMA25=111385.90, EMA50=110536.81, 趋势=禁空
==============================

===== 趋势分析结果 (2025-07-11 03:37:57) =====
[2025-07-11 03:37:57] BTCUSDT 15m: 当前价格=113090.70, EMA25=112520.11, EMA50=111936.11, 趋势=禁空
[2025-07-11 03:37:57] BTCUSDT 1h: 当前价格=113090.60, EMA25=111360.53, EMA50=110523.88, 趋势=禁空
==============================

===== 趋势分析结果 (2025-07-11 03:52:57) =====
[2025-07-11 03:52:57] BTCUSDT 15m: 当前价格=113156.40, EMA25=112577.58, EMA50=111988.49, 趋势=禁空
[2025-07-11 03:52:57] BTCUSDT 1h: 当前价格=113156.50, EMA25=111365.60, EMA50=110526.46, 趋势=禁空
==============================

===== 趋势分析结果 (2025-07-11 04:07:57) =====
[2025-07-11 04:07:57] BTCUSDT 15m: 当前价格=113394.90, EMA25=112646.82, EMA50=112047.02, 趋势=禁空
[2025-07-11 04:07:57] BTCUSDT 1h: 当前价格=113394.90, EMA25=111528.07, EMA50=110642.32, 趋势=禁空
==============================

===== 趋势分析结果 (2025-07-11 04:22:57) =====
[2025-07-11 04:22:57] BTCUSDT 15m: 当前价格=113393.20, EMA25=112703.80, EMA50=112099.58, 趋势=禁空
[2025-07-11 04:22:57] BTCUSDT 1h: 当前价格=113393.10, EMA25=111527.93, EMA50=110642.25, 趋势=禁空
==============================

===== 趋势分析结果 (2025-07-11 04:37:57) =====
[2025-07-11 04:37:57] BTCUSDT 15m: 当前价格=113450.00, EMA25=112760.14, EMA50=112151.98, 趋势=禁空
[2025-07-11 04:37:57] BTCUSDT 1h: 当前价格=113450.00, EMA25=111532.30, EMA50=110644.48, 趋势=禁空
==============================

===== 趋势分析结果 (2025-07-11 04:52:57) =====
[2025-07-11 04:52:57] BTCUSDT 15m: 当前价格=113444.40, EMA25=112818.21, EMA50=112205.54, 趋势=禁空
[2025-07-11 04:52:57] BTCUSDT 1h: 当前价格=113444.40, EMA25=111531.87, EMA50=110644.27, 趋势=禁空
==============================

===== 趋势分析结果 (2025-07-11 05:07:57) =====
[2025-07-11 05:07:57] BTCUSDT 15m: 当前价格=113627.80, EMA25=112879.18, EMA50=112260.63, 趋势=禁空
[2025-07-11 05:07:57] BTCUSDT 1h: 当前价格=113627.80, EMA25=111691.79, EMA50=110760.57, 趋势=禁空
==============================

===== 趋势分析结果 (2025-07-11 05:22:56) =====
[2025-07-11 05:22:56] BTCUSDT 15m: 当前价格=115724.20, EMA25=113097.67, EMA50=112396.26, 趋势=禁空
[2025-07-11 05:22:56] BTCUSDT 1h: 当前价格=115724.20, EMA25=111853.05, EMA50=110842.79, 趋势=禁空
==============================

===== 趋势分析结果 (2025-07-11 05:37:56) =====
[2025-07-11 05:37:56] BTCUSDT 15m: 当前价格=116114.90, EMA25=113327.34, EMA50=112540.80, 趋势=禁空
[2025-07-11 05:37:56] BTCUSDT 1h: 当前价格=116124.30, EMA25=111883.83, EMA50=110858.48, 趋势=禁空
==============================

===== 趋势分析结果 (2025-07-11 05:52:56) =====
[2025-07-11 05:52:56] BTCUSDT 15m: 当前价格=116316.10, EMA25=113568.47, EMA50=112694.81, 趋势=禁空
[2025-07-11 05:52:56] BTCUSDT 1h: 当前价格=116316.10, EMA25=111898.58, EMA50=110866.00, 趋势=禁空
==============================

===== 趋势分析结果 (2025-07-11 06:07:56) =====
[2025-07-11 06:07:56] BTCUSDT 15m: 当前价格=116370.00, EMA25=113794.15, EMA50=112844.34, 趋势=禁空
[2025-07-11 06:07:56] BTCUSDT 1h: 当前价格=116370.10, EMA25=112252.72, EMA50=111087.24, 趋势=禁空
==============================

===== 趋势分析结果 (2025-07-11 06:22:56) =====
[2025-07-11 06:22:56] BTCUSDT 15m: 当前价格=116071.10, EMA25=113947.68, EMA50=112959.41, 趋势=禁空
[2025-07-11 06:22:56] BTCUSDT 1h: 当前价格=116060.90, EMA25=112228.94, EMA50=111075.12, 趋势=禁空
==============================

===== 趋势分析结果 (2025-07-11 06:37:56) =====
[2025-07-11 06:37:56] BTCUSDT 15m: 当前价格=115836.80, EMA25=114079.32, EMA50=113064.99, 趋势=禁空
[2025-07-11 06:37:56] BTCUSDT 1h: 当前价格=115836.80, EMA25=112211.70, EMA50=111066.33, 趋势=禁空
==============================

===== 趋势分析结果 (2025-07-11 06:52:56) =====
[2025-07-11 06:52:56] BTCUSDT 15m: 当前价格=116120.00, EMA25=114242.53, EMA50=113188.10, 趋势=禁空
[2025-07-11 06:52:56] BTCUSDT 1h: 当前价格=116120.00, EMA25=112233.48, EMA50=111077.44, 趋势=禁空
==============================

===== 趋势分析结果 (2025-07-11 07:07:56) =====
[2025-07-11 07:07:56] BTCUSDT 15m: 当前价格=116034.50, EMA25=114370.69, EMA50=113294.58, 趋势=禁空
[2025-07-11 07:07:56] BTCUSDT 1h: 当前价格=116034.50, EMA25=112516.18, EMA50=111266.69, 趋势=禁空
==============================

===== 趋势分析结果 (2025-07-11 07:23:00) =====
[2025-07-11 07:23:00] BTCUSDT 1h: 当前价格=115816.70, EMA25=112499.43, EMA50=111258.15, 趋势=禁空
==============================

===== 趋势分析结果 (2025-07-11 07:37:56) =====
[2025-07-11 07:37:56] BTCUSDT 15m: 当前价格=115621.30, EMA25=114560.30, EMA50=113475.85, 趋势=禁空
[2025-07-11 07:37:56] BTCUSDT 1h: 当前价格=115621.40, EMA25=112484.41, EMA50=111250.49, 趋势=禁空
==============================

===== 趋势分析结果 (2025-07-11 07:52:56) =====
[2025-07-11 07:52:56] BTCUSDT 15m: 当前价格=115957.90, EMA25=114676.60, EMA50=113577.85, 趋势=禁空
[2025-07-11 07:52:56] BTCUSDT 1h: 当前价格=115958.00, EMA25=112510.30, EMA50=111263.69, 趋势=禁空
==============================

===== 趋势分析结果 (2025-07-11 08:07:56) =====
[2025-07-11 08:07:56] BTCUSDT 15m: 当前价格=115924.20, EMA25=114774.08, EMA50=113670.66, 趋势=禁空
[2025-07-11 08:07:56] BTCUSDT 1h: 当前价格=115924.30, EMA25=112774.42, EMA50=111447.26, 趋势=禁空
==============================

===== 趋势分析结果 (2025-07-11 08:22:56) =====
[2025-07-11 08:22:56] BTCUSDT 15m: 当前价格=115367.80, EMA25=114814.11, EMA50=113734.22, 趋势=禁空
[2025-07-11 08:22:56] BTCUSDT 1h: 当前价格=115374.00, EMA25=112732.09, EMA50=111425.68, 趋势=禁空
==============================

===== 趋势分析结果 (2025-07-11 08:37:58) =====
[2025-07-11 08:37:56] BTCUSDT 15m: 当前价格=115624.50, EMA25=114883.20, EMA50=113811.93, 趋势=禁空
[2025-07-11 08:37:58] BTCUSDT 1h: 当前价格=115631.30, EMA25=112751.88, EMA50=111435.77, 趋势=禁空
==============================

===== 趋势分析结果 (2025-07-11 08:52:56) =====
[2025-07-11 08:52:56] BTCUSDT 15m: 当前价格=115485.80, EMA25=114914.90, EMA50=113869.80, 趋势=禁空
[2025-07-11 08:52:56] BTCUSDT 1h: 当前价格=115485.80, EMA25=112740.69, EMA50=111430.06, 趋势=禁空
==============================

===== 趋势分析结果 (2025-07-11 09:07:56) =====
[2025-07-11 09:07:56] BTCUSDT 15m: 当前价格=115553.20, EMA25=114968.20, EMA50=113938.05, 趋势=禁空
[2025-07-11 09:07:56] BTCUSDT 1h: 当前价格=115556.60, EMA25=112961.49, EMA50=111594.11, 趋势=禁空
==============================

===== 趋势分析结果 (2025-07-11 09:22:56) =====
[2025-07-11 09:22:56] BTCUSDT 15m: 当前价格=115857.70, EMA25=115041.05, EMA50=114015.67, 趋势=禁空
[2025-07-11 09:22:56] BTCUSDT 1h: 当前价格=115857.70, EMA25=112984.66, EMA50=111605.92, 趋势=禁空
==============================

===== 趋势分析结果 (2025-07-11 09:37:56) =====
[2025-07-11 09:37:56] BTCUSDT 15m: 当前价格=115862.90, EMA25=115107.86, EMA50=114090.02, 趋势=禁空
[2025-07-11 09:37:56] BTCUSDT 1h: 当前价格=115879.60, EMA25=112986.34, EMA50=111606.78, 趋势=禁空
==============================

===== 趋势分析结果 (2025-07-11 09:52:56) =====
[2025-07-11 09:52:56] BTCUSDT 15m: 当前价格=115955.90, EMA25=115180.16, EMA50=114166.95, 趋势=禁空
[2025-07-11 09:52:56] BTCUSDT 1h: 当前价格=115938.90, EMA25=112990.90, EMA50=111609.11, 趋势=禁空
==============================

===== 趋势分析结果 (2025-07-11 10:07:56) =====
[2025-07-11 10:07:56] BTCUSDT 15m: 当前价格=115851.30, EMA25=115230.29, EMA50=114232.20, 趋势=禁空
[2025-07-11 10:07:56] BTCUSDT 1h: 当前价格=115825.80, EMA25=113208.67, EMA50=111774.31, 趋势=禁空
==============================

===== 趋势分析结果 (2025-07-11 10:22:56) =====
[2025-07-11 10:22:56] BTCUSDT 15m: 当前价格=116127.50, EMA25=115305.60, EMA50=114309.87, 趋势=禁空
[2025-07-11 10:22:56] BTCUSDT 1h: 当前价格=116127.50, EMA25=113231.88, EMA50=111786.14, 趋势=禁空
==============================

===== 趋势分析结果 (2025-07-11 10:37:56) =====
[2025-07-11 10:37:56] BTCUSDT 15m: 当前价格=116339.30, EMA25=115393.21, EMA50=114393.75, 趋势=禁空
[2025-07-11 10:37:56] BTCUSDT 1h: 当前价格=116339.20, EMA25=113248.17, EMA50=111794.44, 趋势=禁空
==============================

===== 趋势分析结果 (2025-07-11 10:52:56) =====
[2025-07-11 10:52:56] BTCUSDT 15m: 当前价格=116584.90, EMA25=115493.40, EMA50=114484.20, 趋势=禁空
[2025-07-11 10:52:56] BTCUSDT 1h: 当前价格=116584.90, EMA25=113267.07, EMA50=111804.08, 趋势=禁空
==============================

===== 趋势分析结果 (2025-07-11 11:07:56) =====
[2025-07-11 11:07:56] BTCUSDT 15m: 当前价格=116519.50, EMA25=115574.45, EMA50=114565.14, 趋势=禁空
[2025-07-11 11:07:56] BTCUSDT 1h: 当前价格=116519.60, EMA25=113519.38, EMA50=111990.12, 趋势=禁空
==============================

===== 趋势分析结果 (2025-07-11 14:00:44) =====
[2025-07-11 14:00:44] BTCUSDT 15m: 当前价格=117777.90, EMA25=116562.58, EMA50=115533.69, 趋势=禁空
[2025-07-11 14:00:44] BTCUSDT 1h: 当前价格=117777.90, EMA25=114390.53, EMA50=112624.11, 趋势=禁空
==============================

===== 趋势分析结果 (2025-07-11 14:15:44) =====
[2025-07-11 14:15:44] BTCUSDT 15m: 当前价格=117940.50, EMA25=116683.89, EMA50=115636.21, 趋势=禁空
[2025-07-11 14:15:44] BTCUSDT 1h: 当前价格=117940.50, EMA25=114403.04, EMA50=112630.49, 趋势=禁空
==============================

===== 趋势分析结果 (2025-07-11 14:30:43) =====
[2025-07-11 14:30:43] BTCUSDT 15m: 当前价格=118090.90, EMA25=116803.20, EMA50=115738.35, 趋势=禁空
[2025-07-11 14:30:43] BTCUSDT 1h: 当前价格=118091.00, EMA25=114414.62, EMA50=112636.39, 趋势=禁空
==============================

===== 趋势分析结果 (2025-07-11 14:45:43) =====
[2025-07-11 14:45:43] BTCUSDT 15m: 当前价格=117928.10, EMA25=116878.75, EMA50=115818.39, 趋势=禁空
[2025-07-11 14:45:43] BTCUSDT 1h: 当前价格=117928.20, EMA25=114402.09, EMA50=112630.00, 趋势=禁空
==============================

===== 趋势分析结果 (2025-07-11 15:00:43) =====
[2025-07-11 15:00:43] BTCUSDT 15m: 当前价格=117575.60, EMA25=116910.96, EMA50=115875.95, 趋势=禁空
[2025-07-11 15:00:43] BTCUSDT 1h: 当前价格=117582.30, EMA25=114625.32, EMA50=112812.86, 趋势=禁空
==============================

===== 趋势分析结果 (2025-07-11 15:15:43) =====
[2025-07-11 15:15:43] BTCUSDT 15m: 当前价格=117491.70, EMA25=116946.27, EMA50=115934.35, 趋势=禁空
[2025-07-11 15:15:43] BTCUSDT 1h: 当前价格=117491.70, EMA25=114618.35, EMA50=112809.30, 趋势=禁空
==============================

===== 趋势分析结果 (2025-07-11 15:30:43) =====
[2025-07-11 15:30:43] BTCUSDT 15m: 当前价格=117821.50, EMA25=117039.55, EMA50=116022.12, 趋势=禁空
[2025-07-11 15:30:43] BTCUSDT 1h: 当前价格=117821.50, EMA25=114643.72, EMA50=112822.24, 趋势=禁空
==============================

===== 趋势分析结果 (2025-07-11 15:45:43) =====
[2025-07-11 15:45:43] BTCUSDT 15m: 当前价格=117901.20, EMA25=117113.64, EMA50=116099.96, 趋势=禁空
[2025-07-11 15:45:43] BTCUSDT 1h: 当前价格=117901.20, EMA25=114649.85, EMA50=112825.36, 趋势=禁空
==============================

===== 趋势分析结果 (2025-07-11 16:00:43) =====
[2025-07-11 16:00:43] BTCUSDT 15m: 当前价格=117604.50, EMA25=117124.52, EMA50=116144.70, 趋势=禁空
[2025-07-11 16:00:43] BTCUSDT 1h: 当前价格=117609.90, EMA25=114850.67, EMA50=112998.73, 趋势=禁空
==============================

===== 趋势分析结果 (2025-07-11 16:15:43) =====
[2025-07-11 16:15:43] BTCUSDT 15m: 当前价格=117777.00, EMA25=117185.95, EMA50=116214.67, 趋势=禁空
[2025-07-11 16:15:43] BTCUSDT 1h: 当前价格=117777.00, EMA25=114863.53, EMA50=113005.28, 趋势=禁空
==============================

===== 趋势分析结果 (2025-07-11 16:30:43) =====
[2025-07-11 16:30:43] BTCUSDT 15m: 当前价格=117925.00, EMA25=117254.68, EMA50=116288.04, 趋势=禁空
[2025-07-11 16:30:43] BTCUSDT 1h: 当前价格=117929.40, EMA25=114875.25, EMA50=113011.26, 趋势=禁空
==============================

===== 趋势分析结果 (2025-07-11 16:45:43) =====
[2025-07-11 16:45:43] BTCUSDT 15m: 当前价格=118034.40, EMA25=117318.47, EMA50=116358.56, 趋势=禁空
[2025-07-11 16:45:43] BTCUSDT 1h: 当前价格=118039.60, EMA25=114883.73, EMA50=113015.58, 趋势=禁空
==============================

===== 趋势分析结果 (2025-07-11 17:00:43) =====
[2025-07-11 17:00:43] BTCUSDT 15m: 当前价格=117945.90, EMA25=117360.75, EMA50=116417.63, 趋势=禁空
[2025-07-11 17:00:43] BTCUSDT 1h: 当前价格=117939.10, EMA25=115112.39, EMA50=113205.28, 趋势=禁空
==============================

===== 趋势分析结果 (2025-07-11 17:15:43) =====
[2025-07-11 17:15:43] BTCUSDT 15m: 当前价格=118066.20, EMA25=117419.42, EMA50=116484.61, 趋势=禁空
[2025-07-11 17:15:43] BTCUSDT 1h: 当前价格=118065.40, EMA25=115122.11, EMA50=113210.24, 趋势=禁空
==============================

===== 趋势分析结果 (2025-07-11 17:30:43) =====
[2025-07-11 17:30:43] BTCUSDT 15m: 当前价格=118121.20, EMA25=117478.54, EMA50=116551.52, 趋势=禁空
[2025-07-11 17:30:43] BTCUSDT 1h: 当前价格=118121.20, EMA25=115126.40, EMA50=113212.43, 趋势=禁空
==============================

===== 趋势分析结果 (2025-07-11 17:45:43) =====
[2025-07-11 17:45:43] BTCUSDT 15m: 当前价格=118529.90, EMA25=117591.14, EMA50=116645.94, 趋势=禁空
[2025-07-11 17:45:43] BTCUSDT 1h: 当前价格=118529.90, EMA25=115157.84, EMA50=113228.45, 趋势=禁空
==============================

===== 趋势分析结果 (2025-07-11 18:00:43) =====
[2025-07-11 18:00:43] BTCUSDT 15m: 当前价格=118351.90, EMA25=117644.16, EMA50=116709.92, 趋势=禁空
[2025-07-11 18:00:43] BTCUSDT 1h: 当前价格=118350.00, EMA25=115397.89, EMA50=113426.38, 趋势=禁空
==============================

===== 趋势分析结果 (2025-07-11 18:15:43) =====
[2025-07-11 18:15:43] BTCUSDT 15m: 当前价格=118120.80, EMA25=117664.44, EMA50=116756.55, 趋势=禁空
[2025-07-11 18:15:43] BTCUSDT 1h: 当前价格=118120.80, EMA25=115380.26, EMA50=113417.39, 趋势=禁空
==============================

===== 趋势分析结果 (2025-07-11 18:30:43) =====
[2025-07-11 18:30:43] BTCUSDT 15m: 当前价格=118267.70, EMA25=117718.43, EMA50=116819.84, 趋势=禁空
[2025-07-11 18:30:43] BTCUSDT 1h: 当前价格=118267.80, EMA25=115391.57, EMA50=113423.16, 趋势=禁空
==============================

===== 趋势分析结果 (2025-07-11 18:45:43) =====
[2025-07-11 18:45:43] BTCUSDT 15m: 当前价格=118090.90, EMA25=117732.85, EMA50=116862.14, 趋势=禁空
[2025-07-11 18:45:43] BTCUSDT 1h: 当前价格=118090.90, EMA25=115377.96, EMA50=113416.22, 趋势=禁空
==============================

===== 趋势分析结果 (2025-07-11 19:00:43) =====
[2025-07-11 19:00:43] BTCUSDT 15m: 当前价格=118027.00, EMA25=117746.24, EMA50=116902.92, 趋势=禁空
[2025-07-11 19:00:43] BTCUSDT 1h: 当前价格=118039.50, EMA25=115573.46, EMA50=113592.62, 趋势=禁空
==============================

===== 趋势分析结果 (2025-07-11 19:15:43) =====
[2025-07-11 19:15:43] BTCUSDT 15m: 当前价格=117710.70, EMA25=117721.06, EMA50=116922.68, 趋势=混沌
[2025-07-11 19:15:43] BTCUSDT 1h: 当前价格=117710.70, EMA25=115548.17, EMA50=113579.73, 趋势=禁空
==============================

===== 趋势分析结果 (2025-07-11 19:30:43) =====
[2025-07-11 19:30:43] BTCUSDT 15m: 当前价格=117706.20, EMA25=117717.07, EMA50=116951.90, 趋势=混沌
[2025-07-11 19:30:43] BTCUSDT 1h: 当前价格=117706.20, EMA25=115547.82, EMA50=113579.55, 趋势=禁空
==============================

===== 趋势分析结果 (2025-07-11 19:45:43) =====
[2025-07-11 19:45:43] BTCUSDT 15m: 当前价格=117710.50, EMA25=117719.69, EMA50=116983.30, 趋势=混沌
[2025-07-11 19:45:43] BTCUSDT 1h: 当前价格=117710.50, EMA25=115548.15, EMA50=113579.72, 趋势=禁空
==============================

===== 趋势分析结果 (2025-07-11 20:00:43) =====
[2025-07-11 20:00:43] BTCUSDT 15m: 当前价格=117822.10, EMA25=117733.22, EMA50=117019.20, 趋势=禁空
[2025-07-11 20:00:43] BTCUSDT 1h: 当前价格=117822.10, EMA25=115728.72, EMA50=113749.09, 趋势=禁空
==============================

===== 趋势分析结果 (2025-07-11 20:15:43) =====
[2025-07-11 20:15:43] BTCUSDT 15m: 当前价格=118125.50, EMA25=117790.22, EMA50=117076.82, 趋势=禁空
[2025-07-11 20:15:43] BTCUSDT 1h: 当前价格=118125.40, EMA25=115752.05, EMA50=113760.98, 趋势=禁空
==============================

===== 趋势分析结果 (2025-07-11 20:30:43) =====
[2025-07-11 20:30:43] BTCUSDT 15m: 当前价格=117734.10, EMA25=117756.30, EMA50=117086.88, 趋势=混沌
[2025-07-11 20:30:43] BTCUSDT 1h: 当前价格=117734.10, EMA25=115721.95, EMA50=113745.64, 趋势=禁空
==============================

===== 趋势分析结果 (2025-07-11 20:45:43) =====
[2025-07-11 20:45:43] BTCUSDT 15m: 当前价格=117731.70, EMA25=117754.60, EMA50=117112.27, 趋势=混沌
[2025-07-11 20:45:43] BTCUSDT 1h: 当前价格=117731.70, EMA25=115721.77, EMA50=113745.54, 趋势=禁空
==============================

===== 趋势分析结果 (2025-07-11 21:00:43) =====
[2025-07-11 21:00:43] BTCUSDT 15m: 当前价格=117728.90, EMA25=117760.18, EMA50=117140.47, 趋势=混沌
[2025-07-11 21:00:43] BTCUSDT 1h: 当前价格=117712.80, EMA25=115882.49, EMA50=113905.13, 趋势=禁空
==============================

===== 趋势分析结果 (2025-07-11 21:15:43) =====
[2025-07-11 21:15:43] BTCUSDT 15m: 当前价格=117707.90, EMA25=117758.75, EMA50=117164.09, 趋势=混沌
[2025-07-11 21:15:43] BTCUSDT 1h: 当前价格=117707.90, EMA25=115882.11, EMA50=113904.94, 趋势=禁空
==============================

===== 趋势分析结果 (2025-07-11 21:30:43) =====
[2025-07-11 21:30:43] BTCUSDT 15m: 当前价格=117531.00, EMA25=117734.85, EMA50=117175.09, 趋势=混沌
[2025-07-11 21:30:43] BTCUSDT 1h: 当前价格=117522.00, EMA25=115867.81, EMA50=113897.65, 趋势=禁空
==============================

===== 趋势分析结果 (2025-07-11 21:45:43) =====
[2025-07-11 21:45:43] BTCUSDT 15m: 当前价格=117365.10, EMA25=117698.19, EMA50=117178.19, 趋势=混沌
[2025-07-11 21:45:43] BTCUSDT 1h: 当前价格=117350.50, EMA25=115854.62, EMA50=113890.93, 趋势=禁空
==============================

===== 趋势分析结果 (2025-07-11 22:00:43) =====
[2025-07-11 22:00:43] BTCUSDT 15m: 当前价格=117928.10, EMA25=117758.62, EMA50=117230.28, 趋势=禁空
[2025-07-11 22:00:43] BTCUSDT 1h: 当前价格=117928.10, EMA25=116057.90, EMA50=114072.48, 趋势=禁空
==============================

===== 趋势分析结果 (2025-07-11 22:15:43) =====
[2025-07-11 22:15:43] BTCUSDT 15m: 当前价格=117839.40, EMA25=117764.37, EMA50=117253.92, 趋势=禁空
[2025-07-11 22:15:43] BTCUSDT 1h: 当前价格=117839.40, EMA25=116051.08, EMA50=114069.00, 趋势=禁空
==============================

===== 趋势分析结果 (2025-07-11 22:30:43) =====
[2025-07-11 22:30:43] BTCUSDT 15m: 当前价格=117894.00, EMA25=117779.35, EMA50=117281.68, 趋势=禁空
[2025-07-11 22:30:43] BTCUSDT 1h: 当前价格=117894.00, EMA25=116055.28, EMA50=114071.14, 趋势=禁空
==============================

===== 趋势分析结果 (2025-07-11 22:45:43) =====
[2025-07-11 22:45:43] BTCUSDT 15m: 当前价格=117927.50, EMA25=117798.69, EMA50=117311.22, 趋势=禁空
[2025-07-11 22:45:43] BTCUSDT 1h: 当前价格=117934.90, EMA25=116058.42, EMA50=114072.75, 趋势=禁空
==============================

===== 趋势分析结果 (2025-07-11 23:00:43) =====
[2025-07-11 23:00:43] BTCUSDT 15m: 当前价格=117869.00, EMA25=117798.45, EMA50=117330.09, 趋势=禁空
[2025-07-11 23:00:43] BTCUSDT 1h: 当前价格=117869.00, EMA25=116191.52, EMA50=114218.34, 趋势=禁空
==============================

===== 趋势分析结果 (2025-07-11 23:15:43) =====
[2025-07-11 23:15:43] BTCUSDT 15m: 当前价格=117727.70, EMA25=117775.68, EMA50=117336.49, 趋势=混沌
[2025-07-11 23:15:43] BTCUSDT 1h: 当前价格=117727.70, EMA25=116180.65, EMA50=114212.80, 趋势=禁空
==============================

===== 趋势分析结果 (2025-07-11 23:30:43) =====
[2025-07-11 23:30:43] BTCUSDT 15m: 当前价格=117689.60, EMA25=117771.05, EMA50=117351.40, 趋势=混沌
[2025-07-11 23:30:43] BTCUSDT 1h: 当前价格=117689.50, EMA25=116177.71, EMA50=114211.30, 趋势=禁空
==============================

===== 趋势分析结果 (2025-07-11 23:45:42) =====
[2025-07-11 23:45:42] BTCUSDT 15m: 当前价格=117436.70, EMA25=117725.50, EMA50=117344.22, 趋势=混沌
[2025-07-11 23:45:42] BTCUSDT 1h: 当前价格=117420.80, EMA25=116157.04, EMA50=114200.76, 趋势=禁空
==============================

