===== 趋势分析结果 (2025-06-04 00:34:02) =====
[2025-06-04 00:34:01] BTCUSDT 1h: 当前价格=106335.00, EMA25=105433.65, EMA144=105552.72, EMA169=105693.67, 趋势=上涨趋势
[2025-06-04 00:34:01] BTCUSDT 4h: 当前价格=106334.90, EMA25=105380.12, EMA144=104601.62, EMA169=103884.11, 趋势=上涨趋势
[2025-06-04 00:34:01] BTCUSDT 1d: 当前价格=106334.90, EMA25=104653.27, EMA144=93978.77, EMA169=92722.10, 趋势=上涨趋势
[2025-06-04 00:34:01] ETHUSDT 1h: 当前价格=2615.00, EMA25=2595.17, EMA144=2567.58, EMA169=2568.78, 趋势=上涨趋势
[2025-06-04 00:34:02] ETHUSDT 4h: 当前价格=2615.00, EMA25=2568.79, EMA144=2473.83, EMA169=2438.60, 趋势=上涨趋势
[2025-06-04 00:34:02] ETHUSDT 1d: 当前价格=2615.15, EMA25=2476.40, EMA144=2369.02, EMA169=2413.07, 趋势=上涨趋势
==============================

===== 趋势分析结果 (2025-06-04 01:34:02) =====
[2025-06-04 01:34:01] BTCUSDT 1h: 当前价格=105877.70, EMA25=105427.03, EMA144=105549.27, EMA169=105688.79, 趋势=上涨趋势
[2025-06-04 01:34:01] BTCUSDT 4h: 当前价格=105877.70, EMA25=105344.95, EMA144=104595.32, EMA169=103878.73, 趋势=上涨趋势
[2025-06-04 01:34:01] BTCUSDT 1d: 当前价格=105877.70, EMA25=104618.10, EMA144=93972.46, EMA169=92716.72, 趋势=上涨趋势
[2025-06-04 01:34:01] ETHUSDT 1h: 当前价格=2617.40, EMA25=2596.12, EMA144=2568.12, EMA169=2569.21, 趋势=上涨趋势
[2025-06-04 01:34:02] ETHUSDT 4h: 当前价格=2617.40, EMA25=2568.98, EMA144=2473.86, EMA169=2438.63, 趋势=上涨趋势
[2025-06-04 01:34:02] ETHUSDT 1d: 当前价格=2617.61, EMA25=2476.59, EMA144=2369.05, EMA169=2413.10, 趋势=上涨趋势
==============================

===== 趋势分析结果 (2025-06-04 02:34:04) =====
[2025-06-04 02:34:03] BTCUSDT 1h: 当前价格=105707.90, EMA25=105449.51, EMA144=105551.51, EMA169=105688.80, 趋势=上涨趋势
[2025-06-04 02:34:03] BTCUSDT 4h: 当前价格=105707.90, EMA25=105331.89, EMA144=104592.97, EMA169=103876.73, 趋势=上涨趋势
[2025-06-04 02:34:03] BTCUSDT 1d: 当前价格=105707.90, EMA25=104605.04, EMA144=93970.12, EMA169=92714.72, 趋势=上涨趋势
[2025-06-04 02:34:03] ETHUSDT 1h: 当前价格=2612.79, EMA25=2597.45, EMA144=2568.73, EMA169=2569.71, 趋势=上涨趋势
[2025-06-04 02:34:04] ETHUSDT 4h: 当前价格=2612.65, EMA25=2568.61, EMA144=2473.80, EMA169=2438.58, 趋势=上涨趋势
[2025-06-04 02:34:04] ETHUSDT 1d: 当前价格=2612.78, EMA25=2476.22, EMA144=2368.99, EMA169=2413.04, 趋势=上涨趋势
==============================

===== 趋势分析结果 (2025-06-04 03:34:02) =====
[2025-06-04 03:34:01] BTCUSDT 1h: 当前价格=106333.80, EMA25=105535.43, EMA144=105565.61, EMA169=105699.03, 趋势=上涨趋势
[2025-06-04 03:34:01] BTCUSDT 4h: 当前价格=106341.00, EMA25=105380.59, EMA144=104601.71, EMA169=103884.18, 趋势=上涨趋势
[2025-06-04 03:34:01] BTCUSDT 1d: 当前价格=106337.80, EMA25=104653.50, EMA144=93978.81, EMA169=92722.13, 趋势=上涨趋势
[2025-06-04 03:34:01] ETHUSDT 1h: 当前价格=2622.91, EMA25=2599.72, EMA144=2569.53, EMA169=2570.37, 趋势=上涨趋势
[2025-06-04 03:34:02] ETHUSDT 4h: 当前价格=2622.91, EMA25=2569.40, EMA144=2473.94, EMA169=2438.70, 趋势=上涨趋势
[2025-06-04 03:34:02] ETHUSDT 1d: 当前价格=2622.76, EMA25=2476.99, EMA144=2369.12, EMA169=2413.16, 趋势=上涨趋势
==============================

===== 趋势分析结果 (2025-06-04 04:34:02) =====
[2025-06-04 04:34:01] BTCUSDT 1h: 当前价格=105444.80, EMA25=105516.95, EMA144=105561.60, EMA169=105693.85, 趋势=下跌趋势
[2025-06-04 04:34:01] BTCUSDT 4h: 当前价格=105434.70, EMA25=105372.74, EMA144=104611.03, EMA169=103900.64, 趋势=上涨趋势
[2025-06-04 04:34:01] BTCUSDT 1d: 当前价格=105444.80, EMA25=104584.80, EMA144=93966.49, EMA169=92711.63, 趋势=上涨趋势
[2025-06-04 04:34:01] ETHUSDT 1h: 当前价格=2598.01, EMA25=2599.67, EMA144=2569.94, EMA169=2570.69, 趋势=震荡行情
[2025-06-04 04:34:02] ETHUSDT 4h: 当前价格=2598.01, EMA25=2571.69, EMA144=2475.68, EMA169=2440.61, 趋势=上涨趋势
[2025-06-04 04:34:02] ETHUSDT 1d: 当前价格=2598.64, EMA25=2475.13, EMA144=2368.79, EMA169=2412.88, 趋势=上涨趋势
==============================

===== 趋势分析结果 (2025-06-04 05:33:59) =====
[2025-06-04 05:33:57] BTCUSDT 1h: 当前价格=105532.50, EMA25=105535.71, EMA144=105564.44, EMA169=105694.52, 趋势=下跌趋势
[2025-06-04 05:33:58] BTCUSDT 4h: 当前价格=105508.40, EMA25=105378.41, EMA144=104612.05, EMA169=103901.51, 趋势=上涨趋势
[2025-06-04 05:33:58] BTCUSDT 1d: 当前价格=105508.40, EMA25=104589.70, EMA144=93967.37, EMA169=92712.37, 趋势=上涨趋势
[2025-06-04 05:33:58] ETHUSDT 1h: 当前价格=2605.18, EMA25=2601.24, EMA144=2570.63, EMA169=2571.27, 趋势=上涨趋势
[2025-06-04 05:33:59] ETHUSDT 4h: 当前价格=2605.17, EMA25=2572.24, EMA144=2475.77, EMA169=2440.69, 趋势=上涨趋势
[2025-06-04 05:33:59] ETHUSDT 1d: 当前价格=2605.18, EMA25=2475.64, EMA144=2368.88, EMA169=2412.95, 趋势=上涨趋势
==============================

===== 趋势分析结果 (2025-06-04 06:33:59) =====
[2025-06-04 06:33:57] BTCUSDT 1h: 当前价格=105764.70, EMA25=105537.67, EMA144=105564.10, EMA169=105692.44, 趋势=上涨趋势
[2025-06-04 06:33:58] BTCUSDT 4h: 当前价格=105773.90, EMA25=105398.83, EMA144=104615.71, EMA169=103904.63, 趋势=上涨趋势
[2025-06-04 06:33:58] BTCUSDT 1d: 当前价格=105764.70, EMA25=104609.41, EMA144=93970.90, EMA169=92715.39, 趋势=上涨趋势
[2025-06-04 06:33:58] ETHUSDT 1h: 当前价格=2602.81, EMA25=2600.14, EMA144=2570.84, EMA169=2571.42, 趋势=上涨趋势
[2025-06-04 06:33:59] ETHUSDT 4h: 当前价格=2602.81, EMA25=2572.06, EMA144=2475.74, EMA169=2440.67, 趋势=上涨趋势
[2025-06-04 06:33:59] ETHUSDT 1d: 当前价格=2602.81, EMA25=2475.45, EMA144=2368.85, EMA169=2412.93, 趋势=上涨趋势
==============================

===== 趋势分析结果 (2025-06-04 07:33:59) =====
[2025-06-04 07:33:57] BTCUSDT 1h: 当前价格=105411.00, EMA25=105522.37, EMA144=105560.80, EMA169=105687.85, 趋势=下跌趋势
[2025-06-04 07:33:58] BTCUSDT 4h: 当前价格=105411.00, EMA25=105370.91, EMA144=104610.71, EMA169=103900.36, 趋势=上涨趋势
[2025-06-04 07:33:58] BTCUSDT 1d: 当前价格=105411.10, EMA25=104582.21, EMA144=93966.03, EMA169=92711.23, 趋势=上涨趋势
[2025-06-04 07:33:58] ETHUSDT 1h: 当前价格=2591.45, EMA25=2599.52, EMA144=2571.12, EMA169=2571.64, 趋势=震荡行情
[2025-06-04 07:33:59] ETHUSDT 4h: 当前价格=2591.45, EMA25=2571.18, EMA144=2475.59, EMA169=2440.53, 趋势=上涨趋势
[2025-06-04 07:33:59] ETHUSDT 1d: 当前价格=2591.45, EMA25=2474.58, EMA144=2368.69, EMA169=2412.79, 趋势=上涨趋势
==============================

===== 趋势分析结果 (2025-06-04 08:33:59) =====
[2025-06-04 08:33:57] BTCUSDT 1h: 当前价格=105225.60, EMA25=105493.80, EMA144=105554.95, EMA169=105681.05, 趋势=下跌趋势
[2025-06-04 08:33:58] BTCUSDT 4h: 当前价格=105225.50, EMA25=105353.98, EMA144=104618.16, EMA169=103915.21, 趋势=震荡行情
[2025-06-04 08:33:58] BTCUSDT 1d: 当前价格=105225.60, EMA25=104625.95, EMA144=94121.11, EMA169=92860.56, 趋势=上涨趋势
[2025-06-04 08:33:58] ETHUSDT 1h: 当前价格=2588.76, EMA25=2598.74, EMA144=2571.36, EMA169=2571.82, 趋势=震荡行情
[2025-06-04 08:33:59] ETHUSDT 4h: 当前价格=2588.88, EMA25=2572.60, EMA144=2477.16, EMA169=2442.31, 趋势=上涨趋势
[2025-06-04 08:33:59] ETHUSDT 1d: 当前价格=2588.88, EMA25=2483.42, EMA144=2371.77, EMA169=2415.00, 趋势=上涨趋势
==============================

===== 趋势分析结果 (2025-06-04 09:33:59) =====
[2025-06-04 09:33:57] BTCUSDT 1h: 当前价格=105553.50, EMA25=105512.76, EMA144=105557.59, EMA169=105681.65, 趋势=震荡行情
[2025-06-04 09:33:58] BTCUSDT 4h: 当前价格=105553.50, EMA25=105379.21, EMA144=104622.68, EMA169=103919.06, 趋势=上涨趋势
[2025-06-04 09:33:58] BTCUSDT 1d: 当前价格=105553.40, EMA25=104651.17, EMA144=94125.63, EMA169=92864.41, 趋势=上涨趋势
[2025-06-04 09:33:58] ETHUSDT 1h: 当前价格=2611.24, EMA25=2600.35, EMA144=2572.03, EMA169=2572.37, 趋势=上涨趋势
[2025-06-04 09:33:59] ETHUSDT 4h: 当前价格=2611.24, EMA25=2574.32, EMA144=2477.47, EMA169=2442.57, 趋势=上涨趋势
[2025-06-04 09:33:59] ETHUSDT 1d: 当前价格=2611.00, EMA25=2485.13, EMA144=2372.08, EMA169=2415.26, 趋势=上涨趋势
==============================

===== 趋势分析结果 (2025-06-04 10:33:59) =====
[2025-06-04 10:33:57] BTCUSDT 1h: 当前价格=105576.10, EMA25=105515.60, EMA144=105557.40, EMA169=105679.85, 趋势=上涨趋势
[2025-06-04 10:33:58] BTCUSDT 4h: 当前价格=105576.10, EMA25=105380.95, EMA144=104622.99, EMA169=103919.33, 趋势=上涨趋势
[2025-06-04 10:33:58] BTCUSDT 1d: 当前价格=105576.10, EMA25=104652.91, EMA144=94125.94, EMA169=92864.68, 趋势=上涨趋势
[2025-06-04 10:33:58] ETHUSDT 1h: 当前价格=2614.00, EMA25=2601.40, EMA144=2572.60, EMA169=2572.84, 趋势=上涨趋势
[2025-06-04 10:33:59] ETHUSDT 4h: 当前价格=2614.00, EMA25=2574.53, EMA144=2477.51, EMA169=2442.61, 趋势=上涨趋势
[2025-06-04 10:33:59] ETHUSDT 1d: 当前价格=2614.00, EMA25=2485.36, EMA144=2372.12, EMA169=2415.30, 趋势=上涨趋势
==============================

===== 趋势分析结果 (2025-06-04 11:33:59) =====
[2025-06-04 11:33:57] BTCUSDT 1h: 当前价格=105577.10, EMA25=105510.12, EMA144=105555.67, EMA169=105676.83, 趋势=上涨趋势
[2025-06-04 11:33:58] BTCUSDT 4h: 当前价格=105577.10, EMA25=105381.03, EMA144=104623.01, EMA169=103919.34, 趋势=上涨趋势
[2025-06-04 11:33:58] BTCUSDT 1d: 当前价格=105577.10, EMA25=104652.99, EMA144=94125.95, EMA169=92864.69, 趋势=上涨趋势
[2025-06-04 11:33:58] ETHUSDT 1h: 当前价格=2634.29, EMA25=2603.73, EMA144=2573.41, EMA169=2573.53, 趋势=上涨趋势
[2025-06-04 11:33:59] ETHUSDT 4h: 当前价格=2633.80, EMA25=2576.05, EMA144=2477.78, EMA169=2442.84, 趋势=上涨趋势
[2025-06-04 11:33:59] ETHUSDT 1d: 当前价格=2634.29, EMA25=2486.92, EMA144=2372.40, EMA169=2415.54, 趋势=上涨趋势
==============================

===== 趋势分析结果 (2025-06-04 12:33:59) =====
[2025-06-04 12:33:57] BTCUSDT 1h: 当前价格=105420.10, EMA25=105495.94, EMA144=105552.35, EMA169=105672.44, 趋势=下跌趋势
[2025-06-04 12:33:58] BTCUSDT 4h: 当前价格=105420.10, EMA25=105376.78, EMA144=104632.69, EMA169=103936.03, 趋势=上涨趋势
[2025-06-04 12:33:58] BTCUSDT 1d: 当前价格=105420.10, EMA25=104640.91, EMA144=94123.79, EMA169=92862.84, 趋势=上涨趋势
[2025-06-04 12:33:58] ETHUSDT 1h: 当前价格=2623.19, EMA25=2604.70, EMA144=2573.99, EMA169=2574.01, 趋势=上涨趋势
[2025-06-04 12:33:59] ETHUSDT 4h: 当前价格=2622.69, EMA25=2579.14, EMA144=2479.69, EMA169=2444.91, 趋势=上涨趋势
[2025-06-04 12:33:59] ETHUSDT 1d: 当前价格=2623.19, EMA25=2486.06, EMA144=2372.24, EMA169=2415.41, 趋势=上涨趋势
==============================

===== 趋势分析结果 (2025-06-04 13:33:59) =====
[2025-06-04 13:33:57] BTCUSDT 1h: 当前价格=105321.60, EMA25=105478.92, EMA144=105548.42, EMA169=105667.49, 趋势=下跌趋势
[2025-06-04 13:33:58] BTCUSDT 4h: 当前价格=105321.60, EMA25=105369.20, EMA144=104631.33, EMA169=103934.87, 趋势=震荡行情
[2025-06-04 13:33:58] BTCUSDT 1d: 当前价格=105321.60, EMA25=104633.34, EMA144=94122.43, EMA169=92861.69, 趋势=上涨趋势
[2025-06-04 13:33:58] ETHUSDT 1h: 当前价格=2621.11, EMA25=2606.90, EMA144=2574.82, EMA169=2574.71, 趋势=上涨趋势
[2025-06-04 13:33:59] ETHUSDT 4h: 当前价格=2620.86, EMA25=2579.00, EMA144=2479.67, EMA169=2444.88, 趋势=上涨趋势
[2025-06-04 13:33:59] ETHUSDT 1d: 当前价格=2621.22, EMA25=2485.91, EMA144=2372.22, EMA169=2415.38, 趋势=上涨趋势
==============================

===== 趋势分析结果 (2025-06-04 14:33:59) =====
[2025-06-04 14:33:57] BTCUSDT 1h: 当前价格=105240.00, EMA25=105459.52, EMA144=105543.89, EMA169=105662.04, 趋势=下跌趋势
[2025-06-04 14:33:58] BTCUSDT 4h: 当前价格=105239.00, EMA25=105362.85, EMA144=104630.19, EMA169=103933.90, 趋势=震荡行情
[2025-06-04 14:33:58] BTCUSDT 1d: 当前价格=105240.10, EMA25=104627.07, EMA144=94121.31, EMA169=92860.73, 趋势=上涨趋势
[2025-06-04 14:33:58] ETHUSDT 1h: 当前价格=2623.99, EMA25=2608.40, EMA144=2575.53, EMA169=2575.30, 趋势=上涨趋势
[2025-06-04 14:33:59] ETHUSDT 4h: 当前价格=2623.99, EMA25=2579.24, EMA144=2479.71, EMA169=2444.92, 趋势=上涨趋势
[2025-06-04 14:33:59] ETHUSDT 1d: 当前价格=2624.00, EMA25=2486.13, EMA144=2372.26, EMA169=2415.42, 趋势=上涨趋势
==============================

===== 趋势分析结果 (2025-06-04 15:33:59) =====
[2025-06-04 15:33:57] BTCUSDT 1h: 当前价格=105272.10, EMA25=105445.80, EMA144=105540.22, EMA169=105657.22, 趋势=下跌趋势
[2025-06-04 15:33:58] BTCUSDT 4h: 当前价格=105272.20, EMA25=105365.40, EMA144=104630.65, EMA169=103934.29, 趋势=震荡行情
[2025-06-04 15:33:58] BTCUSDT 1d: 当前价格=105272.10, EMA25=104629.53, EMA144=94121.75, EMA169=92861.10, 趋势=上涨趋势
[2025-06-04 15:33:58] ETHUSDT 1h: 当前价格=2626.59, EMA25=2610.11, EMA144=2576.29, EMA169=2575.94, 趋势=上涨趋势
[2025-06-04 15:33:59] ETHUSDT 4h: 当前价格=2626.60, EMA25=2579.44, EMA144=2479.75, EMA169=2444.95, 趋势=上涨趋势
[2025-06-04 15:33:59] ETHUSDT 1d: 当前价格=2626.60, EMA25=2486.33, EMA144=2372.29, EMA169=2415.45, 趋势=上涨趋势
==============================

===== 趋势分析结果 (2025-06-04 16:33:59) =====
[2025-06-04 16:33:57] BTCUSDT 1h: 当前价格=105432.30, EMA25=105443.92, EMA144=105538.53, EMA169=105653.90, 趋势=下跌趋势
[2025-06-04 16:33:58] BTCUSDT 4h: 当前价格=105432.20, EMA25=105369.69, EMA144=104641.67, EMA169=103952.01, 趋势=上涨趋势
[2025-06-04 16:33:58] BTCUSDT 1d: 当前价格=105432.30, EMA25=104641.85, EMA144=94123.96, EMA169=92862.99, 趋势=上涨趋势
[2025-06-04 16:33:58] ETHUSDT 1h: 当前价格=2638.73, EMA25=2612.29, EMA144=2577.14, EMA169=2576.66, 趋势=上涨趋势
[2025-06-04 16:33:59] ETHUSDT 4h: 当前价格=2638.62, EMA25=2583.97, EMA144=2481.94, EMA169=2447.26, 趋势=上涨趋势
[2025-06-04 16:33:59] ETHUSDT 1d: 当前价格=2638.72, EMA25=2487.26, EMA144=2372.46, EMA169=2415.59, 趋势=上涨趋势
==============================

===== 趋势分析结果 (2025-06-04 16:37:06) =====
[2025-06-04 16:37:03] BTCUSDT 1h: 当前价格=105444.70, EMA25=105444.87, EMA144=105538.70, EMA169=105654.05, 趋势=下跌趋势
[2025-06-04 16:37:04] BTCUSDT 4h: 当前价格=105444.70, EMA25=105370.65, EMA144=104641.84, EMA169=103952.16, 趋势=上涨趋势
[2025-06-04 16:37:04] BTCUSDT 1d: 当前价格=105444.60, EMA25=104642.80, EMA144=94124.13, EMA169=92863.13, 趋势=上涨趋势
[2025-06-04 16:37:04] ETHUSDT 1h: 当前价格=2641.12, EMA25=2612.47, EMA144=2577.18, EMA169=2576.69, 趋势=上涨趋势
[2025-06-04 16:37:05] ETHUSDT 4h: 当前价格=2641.12, EMA25=2584.17, EMA144=2481.98, EMA169=2447.29, 趋势=上涨趋势
[2025-06-04 16:37:06] ETHUSDT 1d: 当前价格=2641.11, EMA25=2487.44, EMA144=2372.49, EMA169=2415.62, 趋势=上涨趋势
==============================

===== 趋势分析结果 (2025-06-04 16:44:56) =====
[2025-06-04 16:44:55] BTCUSDT 1h: 当前价格=105396.10, EMA25=105441.13, EMA144=105538.03, EMA169=105653.47, 趋势=下跌趋势
[2025-06-04 16:44:55] BTCUSDT 4h: 当前价格=105396.10, EMA25=105366.91, EMA144=104641.17, EMA169=103951.59, 趋势=上涨趋势
[2025-06-04 16:44:55] BTCUSDT 1d: 当前价格=105396.10, EMA25=104639.07, EMA144=94123.46, EMA169=92862.56, 趋势=上涨趋势
[2025-06-04 16:44:55] ETHUSDT 1h: 当前价格=2638.67, EMA25=2612.28, EMA144=2577.14, EMA169=2576.66, 趋势=上涨趋势
[2025-06-04 16:44:56] ETHUSDT 4h: 当前价格=2638.67, EMA25=2583.98, EMA144=2481.95, EMA169=2447.26, 趋势=上涨趋势
[2025-06-04 16:44:56] ETHUSDT 1d: 当前价格=2638.55, EMA25=2487.24, EMA144=2372.46, EMA169=2415.59, 趋势=上涨趋势
==============================

===== 趋势分析结果 (2025-06-04 17:45:00) =====
[2025-06-04 17:44:58] BTCUSDT 1h: 当前价格=105602.00, EMA25=105453.20, EMA144=105538.85, EMA169=105652.37, 趋势=上涨趋势
[2025-06-04 17:44:59] BTCUSDT 4h: 当前价格=105619.90, EMA25=105384.13, EMA144=104644.25, EMA169=103954.22, 趋势=上涨趋势
[2025-06-04 17:44:59] BTCUSDT 1d: 当前价格=105602.00, EMA25=104654.90, EMA144=94126.30, EMA169=92864.98, 趋势=上涨趋势
[2025-06-04 17:44:59] ETHUSDT 1h: 当前价格=2637.11, EMA25=2614.27, EMA144=2577.98, EMA169=2577.37, 趋势=上涨趋势
[2025-06-04 17:45:00] ETHUSDT 4h: 当前价格=2637.17, EMA25=2583.86, EMA144=2481.92, EMA169=2447.24, 趋势=上涨趋势
[2025-06-04 17:45:00] ETHUSDT 1d: 当前价格=2637.17, EMA25=2487.14, EMA144=2372.44, EMA169=2415.57, 趋势=上涨趋势
==============================

===== 趋势分析结果 (2025-06-04 18:44:58) =====
[2025-06-04 18:44:56] BTCUSDT 1h: 当前价格=105701.20, EMA25=105485.16, EMA144=105543.49, EMA169=105654.57, 趋势=上涨趋势
[2025-06-04 18:44:57] BTCUSDT 4h: 当前价格=105701.30, EMA25=105390.39, EMA144=104645.38, EMA169=103955.18, 趋势=上涨趋势
[2025-06-04 18:44:57] BTCUSDT 1d: 当前价格=105701.20, EMA25=104662.54, EMA144=94127.67, EMA169=92866.15, 趋势=上涨趋势
[2025-06-04 18:44:57] ETHUSDT 1h: 当前价格=2637.84, EMA25=2616.47, EMA144=2578.88, EMA169=2578.13, 趋势=上涨趋势
[2025-06-04 18:44:57] ETHUSDT 4h: 当前价格=2637.72, EMA25=2583.90, EMA144=2481.93, EMA169=2447.25, 趋势=上涨趋势
[2025-06-04 18:44:58] ETHUSDT 1d: 当前价格=2637.85, EMA25=2487.19, EMA144=2372.45, EMA169=2415.58, 趋势=上涨趋势
==============================

===== 趋势分析结果 (2025-06-04 19:44:58) =====
[2025-06-04 19:44:56] BTCUSDT 1h: 当前价格=105181.80, EMA25=105458.22, EMA144=105537.77, EMA169=105648.26, 趋势=下跌趋势
[2025-06-04 19:44:57] BTCUSDT 4h: 当前价格=105192.00, EMA25=105351.21, EMA144=104638.35, EMA169=103949.19, 趋势=震荡行情
[2025-06-04 19:44:57] BTCUSDT 1d: 当前价格=105181.70, EMA25=104622.57, EMA144=94120.50, EMA169=92860.04, 趋势=上涨趋势
[2025-06-04 19:44:57] ETHUSDT 1h: 当前价格=2628.00, EMA25=2617.32, EMA144=2579.55, EMA169=2578.71, 趋势=上涨趋势
[2025-06-04 19:44:57] ETHUSDT 4h: 当前价格=2628.01, EMA25=2583.16, EMA144=2481.80, EMA169=2447.13, 趋势=上涨趋势
[2025-06-04 19:44:58] ETHUSDT 1d: 当前价格=2628.00, EMA25=2486.43, EMA144=2372.31, EMA169=2415.46, 趋势=上涨趋势
==============================

===== 趋势分析结果 (2025-06-04 20:44:59) =====
[2025-06-04 20:44:56] BTCUSDT 1h: 当前价格=104929.00, EMA25=105407.73, EMA144=105527.41, EMA169=105638.01, 趋势=下跌趋势
[2025-06-04 20:44:57] BTCUSDT 4h: 当前价格=104929.10, EMA25=105308.24, EMA144=104640.49, EMA169=103959.62, 趋势=震荡行情
[2025-06-04 20:44:57] BTCUSDT 1d: 当前价格=104929.00, EMA25=104603.14, EMA144=94117.01, EMA169=92857.07, 趋势=上涨趋势
[2025-06-04 20:44:57] ETHUSDT 1h: 当前价格=2623.89, EMA25=2617.52, EMA144=2580.10, EMA169=2579.19, 趋势=上涨趋势
[2025-06-04 20:44:57] ETHUSDT 4h: 当前价格=2623.89, EMA25=2585.99, EMA144=2483.71, EMA169=2449.20, 趋势=上涨趋势
[2025-06-04 20:44:59] ETHUSDT 1d: 当前价格=2624.10, EMA25=2486.13, EMA144=2372.26, EMA169=2415.42, 趋势=上涨趋势
==============================

===== 趋势分析结果 (2025-06-04 21:44:58) =====
[2025-06-04 21:44:56] BTCUSDT 1h: 当前价格=104943.00, EMA25=105376.18, EMA144=105520.10, EMA169=105630.11, 趋势=下跌趋势
[2025-06-04 21:44:57] BTCUSDT 4h: 当前价格=104951.30, EMA25=105309.95, EMA144=104640.79, EMA169=103959.88, 趋势=震荡行情
[2025-06-04 21:44:57] BTCUSDT 1d: 当前价格=104951.30, EMA25=104604.85, EMA144=94117.32, EMA169=92857.33, 趋势=上涨趋势
[2025-06-04 21:44:57] ETHUSDT 1h: 当前价格=2618.88, EMA25=2617.04, EMA144=2580.52, EMA169=2579.55, 趋势=上涨趋势
[2025-06-04 21:44:57] ETHUSDT 4h: 当前价格=2618.88, EMA25=2585.60, EMA144=2483.64, EMA169=2449.14, 趋势=上涨趋势
[2025-06-04 21:44:58] ETHUSDT 1d: 当前价格=2618.88, EMA25=2485.73, EMA144=2372.18, EMA169=2415.36, 趋势=上涨趋势
==============================

===== 趋势分析结果 (2025-06-04 22:44:58) =====
[2025-06-04 22:44:56] BTCUSDT 1h: 当前价格=104685.50, EMA25=105305.98, EMA144=105505.19, EMA169=105615.87, 趋势=下跌趋势
[2025-06-04 22:44:57] BTCUSDT 4h: 当前价格=104685.50, EMA25=105289.50, EMA144=104637.13, EMA169=103956.76, 趋势=震荡行情
[2025-06-04 22:44:57] BTCUSDT 1d: 当前价格=104685.50, EMA25=104584.40, EMA144=94113.66, EMA169=92854.20, 趋势=上涨趋势
[2025-06-04 22:44:57] ETHUSDT 1h: 当前价格=2617.74, EMA25=2616.74, EMA144=2580.96, EMA169=2579.93, 趋势=上涨趋势
[2025-06-04 22:44:57] ETHUSDT 4h: 当前价格=2617.15, EMA25=2585.47, EMA144=2483.61, EMA169=2449.12, 趋势=上涨趋势
[2025-06-04 22:44:58] ETHUSDT 1d: 当前价格=2617.15, EMA25=2485.60, EMA144=2372.16, EMA169=2415.33, 趋势=上涨趋势
==============================

===== 趋势分析结果 (2025-06-04 23:44:58) =====
[2025-06-04 23:44:56] BTCUSDT 1h: 当前价格=105371.00, EMA25=105331.10, EMA144=105507.07, EMA169=105615.91, 趋势=震荡行情
[2025-06-04 23:44:57] BTCUSDT 4h: 当前价格=105372.90, EMA25=105342.38, EMA144=104646.61, EMA169=103964.84, 趋势=上涨趋势
[2025-06-04 23:44:57] BTCUSDT 1d: 当前价格=105369.90, EMA25=104637.05, EMA144=94123.10, EMA169=92862.25, 趋势=上涨趋势
[2025-06-04 23:44:57] ETHUSDT 1h: 当前价格=2668.07, EMA25=2622.22, EMA144=2582.45, EMA169=2581.21, 趋势=上涨趋势
[2025-06-04 23:44:57] ETHUSDT 4h: 当前价格=2668.05, EMA25=2589.38, EMA144=2484.32, EMA169=2449.72, 趋势=上涨趋势
[2025-06-04 23:44:58] ETHUSDT 1d: 当前价格=2668.39, EMA25=2489.54, EMA144=2372.87, EMA169=2415.94, 趋势=上涨趋势
==============================

