===== 趋势分析结果 (2025-06-13 12:36:00) =====
[2025-06-13 12:35:58] BTCUSDT 15m: 当前价格=104132.20, EMA25=104387.65, EMA60=105468.26, EMA120=106505.51, 趋势=下跌趋势
[2025-06-13 12:35:59] BTCUSDT 1h: 当前价格=104132.20, EMA25=106147.53, EMA60=107242.75, EMA120=107271.66, 趋势=下跌趋势
[2025-06-13 12:35:59] BTCUSDT 4h: 当前价格=104132.20, EMA25=107095.01, EMA60=106704.36, EMA120=106044.12, 趋势=震荡行情
[2025-06-13 12:35:59] BTCUSDT 1d: 当前价格=104132.30, EMA25=105499.41, EMA60=101313.30, EMA120=96884.90, 趋势=震荡行情
[2025-06-13 12:35:59] ETHUSDT 15m: 当前价格=2514.20, EMA25=2537.95, EMA60=2610.36, EMA120=2669.07, 趋势=下跌趋势
[2025-06-13 12:36:00] ETHUSDT 1h: 当前价格=2514.20, EMA25=2649.65, EMA60=2691.82, EMA120=2670.50, 趋势=下跌趋势
[2025-06-13 12:36:00] ETHUSDT 4h: 当前价格=2514.19, EMA25=2668.71, EMA60=2629.25, EMA120=2578.95, 趋势=震荡行情
[2025-06-13 12:36:00] ETHUSDT 1d: 当前价格=2514.20, EMA25=2547.48, EMA60=2377.31, EMA120=2367.93, 趋势=震荡行情
==============================

===== 趋势分析结果 (2025-06-13 12:51:09) =====
[2025-06-13 12:51:01] BTCUSDT 15m: 当前价格=104358.60, EMA25=104407.18, EMA60=105441.60, EMA120=106475.01, 趋势=下跌趋势
[2025-06-13 12:51:03] BTCUSDT 1h: 当前价格=104359.60, EMA25=106165.02, EMA60=107250.21, EMA120=107275.41, 趋势=下跌趋势
[2025-06-13 12:51:04] BTCUSDT 4h: 当前价格=104360.60, EMA25=107112.58, EMA60=106711.85, EMA120=106047.89, 趋势=震荡行情
[2025-06-13 12:51:04] BTCUSDT 1d: 当前价格=104360.60, EMA25=105516.97, EMA60=101320.78, EMA120=96888.68, 趋势=震荡行情
[2025-06-13 12:51:06] ETHUSDT 15m: 当前价格=2511.01, EMA25=2535.95, EMA60=2607.13, EMA120=2666.48, 趋势=下跌趋势
[2025-06-13 12:51:06] ETHUSDT 1h: 当前价格=2511.34, EMA25=2649.43, EMA60=2691.72, EMA120=2670.45, 趋势=下跌趋势
[2025-06-13 12:51:07] ETHUSDT 4h: 当前价格=2511.01, EMA25=2668.46, EMA60=2629.15, EMA120=2578.90, 趋势=震荡行情
[2025-06-13 12:51:09] ETHUSDT 1d: 当前价格=2511.68, EMA25=2547.29, EMA60=2377.23, EMA120=2367.89, 趋势=震荡行情
==============================

===== 趋势分析结果 (2025-06-13 13:06:12) =====
[2025-06-13 13:06:02] BTCUSDT 15m: 当前价格=104374.70, EMA25=104404.32, EMA60=105406.46, EMA120=106440.22, 趋势=下跌趋势
[2025-06-13 13:06:05] BTCUSDT 1h: 当前价格=104374.80, EMA25=106026.89, EMA60=107155.74, EMA120=107227.34, 趋势=下跌趋势
[2025-06-13 13:06:07] BTCUSDT 4h: 当前价格=104374.80, EMA25=107113.67, EMA60=106712.32, EMA120=106048.13, 趋势=震荡行情
[2025-06-13 13:06:10] BTCUSDT 1d: 当前价格=104405.30, EMA25=105520.41, EMA60=101322.25, EMA120=96889.42, 趋势=震荡行情
[2025-06-13 13:06:10] ETHUSDT 15m: 当前价格=2509.66, EMA25=2533.64, EMA60=2603.81, EMA120=2663.82, 趋势=下跌趋势
[2025-06-13 13:06:11] ETHUSDT 1h: 当前价格=2509.66, EMA25=2638.37, EMA60=2685.61, EMA120=2667.72, 趋势=下跌趋势
[2025-06-13 13:06:11] ETHUSDT 4h: 当前价格=2509.66, EMA25=2668.36, EMA60=2629.10, EMA120=2578.88, 趋势=震荡行情
[2025-06-13 13:06:12] ETHUSDT 1d: 当前价格=2509.66, EMA25=2547.14, EMA60=2377.16, EMA120=2367.86, 趋势=震荡行情
==============================

===== 趋势分析结果 (2025-06-13 13:21:12) =====
[2025-06-13 13:21:02] BTCUSDT 15m: 当前价格=104313.00, EMA25=104387.49, EMA60=105366.23, EMA120=106402.82, 趋势=下跌趋势
[2025-06-13 13:21:05] BTCUSDT 1h: 当前价格=104313.10, EMA25=106022.14, EMA60=107153.72, EMA120=107226.32, 趋势=下跌趋势
[2025-06-13 13:21:07] BTCUSDT 4h: 当前价格=104313.20, EMA25=107108.94, EMA60=106710.30, EMA120=106047.11, 趋势=震荡行情
[2025-06-13 13:21:07] BTCUSDT 1d: 当前价格=104313.10, EMA25=105513.32, EMA60=101319.22, EMA120=96887.89, 趋势=震荡行情
[2025-06-13 13:21:09] ETHUSDT 15m: 当前价格=2514.30, EMA25=2532.04, EMA60=2600.82, EMA120=2661.32, 趋势=下跌趋势
[2025-06-13 13:21:09] ETHUSDT 1h: 当前价格=2514.16, EMA25=2638.71, EMA60=2685.76, EMA120=2667.79, 趋势=下跌趋势
[2025-06-13 13:21:11] ETHUSDT 4h: 当前价格=2514.48, EMA25=2668.73, EMA60=2629.26, EMA120=2578.96, 趋势=震荡行情
[2025-06-13 13:21:12] ETHUSDT 1d: 当前价格=2514.09, EMA25=2547.48, EMA60=2377.31, EMA120=2367.93, 趋势=震荡行情
==============================

===== 趋势分析结果 (2025-06-13 13:36:02) =====
[2025-06-13 13:36:01] BTCUSDT 15m: 当前价格=104159.60, EMA25=104367.03, EMA60=105325.36, EMA120=106365.07, 趋势=下跌趋势
[2025-06-13 13:36:01] BTCUSDT 1h: 当前价格=104159.60, EMA25=106010.33, EMA60=107148.69, EMA120=107223.78, 趋势=下跌趋势
[2025-06-13 13:36:01] BTCUSDT 4h: 当前价格=104159.60, EMA25=107097.12, EMA60=106705.26, EMA120=106044.57, 趋势=震荡行情
[2025-06-13 13:36:01] BTCUSDT 1d: 当前价格=104159.60, EMA25=105501.51, EMA60=101314.19, EMA120=96885.35, 趋势=震荡行情
[2025-06-13 13:36:02] ETHUSDT 15m: 当前价格=2513.47, EMA25=2530.42, EMA60=2597.87, EMA120=2658.84, 趋势=下跌趋势
[2025-06-13 13:36:02] ETHUSDT 1h: 当前价格=2513.47, EMA25=2638.66, EMA60=2685.74, EMA120=2667.78, 趋势=下跌趋势
[2025-06-13 13:36:02] ETHUSDT 4h: 当前价格=2513.27, EMA25=2668.64, EMA60=2629.22, EMA120=2578.94, 趋势=震荡行情
[2025-06-13 13:36:02] ETHUSDT 1d: 当前价格=2513.27, EMA25=2547.41, EMA60=2377.28, EMA120=2367.92, 趋势=震荡行情
==============================

===== 趋势分析结果 (2025-06-13 13:51:02) =====
[2025-06-13 13:51:01] BTCUSDT 15m: 当前价格=104125.00, EMA25=104350.16, EMA60=105286.78, EMA120=106328.45, 趋势=下跌趋势
[2025-06-13 13:51:01] BTCUSDT 1h: 当前价格=104125.00, EMA25=106007.67, EMA60=107147.55, EMA120=107223.21, 趋势=下跌趋势
[2025-06-13 13:51:01] BTCUSDT 4h: 当前价格=104125.10, EMA25=107094.47, EMA60=106704.13, EMA120=106044.00, 趋势=震荡行情
[2025-06-13 13:51:01] BTCUSDT 1d: 当前价格=104159.80, EMA25=105501.52, EMA60=101314.20, EMA120=96885.36, 趋势=震荡行情
[2025-06-13 13:51:02] ETHUSDT 15m: 当前价格=2513.12, EMA25=2529.20, EMA60=2595.15, EMA120=2656.45, 趋势=下跌趋势
[2025-06-13 13:51:02] ETHUSDT 1h: 当前价格=2513.12, EMA25=2638.63, EMA60=2685.73, EMA120=2667.77, 趋势=下跌趋势
[2025-06-13 13:51:02] ETHUSDT 4h: 当前价格=2513.12, EMA25=2668.62, EMA60=2629.22, EMA120=2578.94, 趋势=震荡行情
[2025-06-13 13:51:02] ETHUSDT 1d: 当前价格=2513.12, EMA25=2547.40, EMA60=2377.27, EMA120=2367.92, 趋势=震荡行情
==============================

===== 趋势分析结果 (2025-06-13 14:06:02) =====
[2025-06-13 14:06:01] BTCUSDT 15m: 当前价格=103987.20, EMA25=104309.87, EMA60=105238.65, EMA120=106286.93, 趋势=下跌趋势
[2025-06-13 14:06:01] BTCUSDT 1h: 当前价格=103987.20, EMA25=105839.88, EMA60=107038.41, EMA120=107166.88, 趋势=下跌趋势
[2025-06-13 14:06:01] BTCUSDT 4h: 当前价格=104000.10, EMA25=107084.85, EMA60=106700.03, EMA120=106041.94, 趋势=震荡行情
[2025-06-13 14:06:01] BTCUSDT 1d: 当前价格=103987.20, EMA25=105488.25, EMA60=101308.54, EMA120=96882.50, 趋势=震荡行情
[2025-06-13 14:06:02] ETHUSDT 15m: 当前价格=2503.00, EMA25=2526.64, EMA60=2591.88, EMA120=2653.79, 趋势=下跌趋势
[2025-06-13 14:06:02] ETHUSDT 1h: 当前价格=2503.04, EMA25=2627.66, EMA60=2679.49, EMA120=2664.92, 趋势=下跌趋势
[2025-06-13 14:06:02] ETHUSDT 4h: 当前价格=2503.00, EMA25=2667.85, EMA60=2628.88, EMA120=2578.77, 趋势=震荡行情
[2025-06-13 14:06:02] ETHUSDT 1d: 当前价格=2503.04, EMA25=2546.63, EMA60=2376.94, EMA120=2367.75, 趋势=震荡行情
==============================

===== 趋势分析结果 (2025-06-13 14:21:03) =====
[2025-06-13 14:21:01] BTCUSDT 15m: 当前价格=103900.00, EMA25=104280.55, EMA60=105195.75, EMA120=106247.98, 趋势=下跌趋势
[2025-06-13 14:21:01] BTCUSDT 1h: 当前价格=103900.10, EMA25=105833.18, EMA60=107035.55, EMA120=107165.44, 趋势=下跌趋势
[2025-06-13 14:21:01] BTCUSDT 4h: 当前价格=103900.10, EMA25=107077.16, EMA60=106696.75, EMA120=106040.28, 趋势=震荡行情
[2025-06-13 14:21:01] BTCUSDT 1d: 当前价格=103900.10, EMA25=105481.55, EMA60=101305.68, EMA120=96881.07, 趋势=震荡行情
[2025-06-13 14:21:02] ETHUSDT 15m: 当前价格=2493.89, EMA25=2524.03, EMA60=2588.63, EMA120=2651.13, 趋势=下跌趋势
[2025-06-13 14:21:02] ETHUSDT 1h: 当前价格=2493.89, EMA25=2626.95, EMA60=2679.19, EMA120=2664.77, 趋势=下跌趋势
[2025-06-13 14:21:02] ETHUSDT 4h: 当前价格=2494.14, EMA25=2667.16, EMA60=2628.59, EMA120=2578.62, 趋势=震荡行情
[2025-06-13 14:21:03] ETHUSDT 1d: 当前价格=2493.89, EMA25=2545.92, EMA60=2376.64, EMA120=2367.60, 趋势=震荡行情
==============================

===== 趋势分析结果 (2025-06-13 14:36:04) =====
[2025-06-13 14:36:01] BTCUSDT 15m: 当前价格=103862.90, EMA25=104240.86, EMA60=105148.67, EMA120=106206.83, 趋势=下跌趋势
[2025-06-13 14:36:01] BTCUSDT 1h: 当前价格=103863.00, EMA25=105830.33, EMA60=107034.34, EMA120=107164.83, 趋势=下跌趋势
[2025-06-13 14:36:01] BTCUSDT 4h: 当前价格=103862.90, EMA25=107074.30, EMA60=106695.53, EMA120=106039.67, 趋势=震荡行情
[2025-06-13 14:36:01] BTCUSDT 1d: 当前价格=103863.00, EMA25=105478.69, EMA60=101304.47, EMA120=96880.45, 趋势=震荡行情
[2025-06-13 14:36:02] ETHUSDT 15m: 当前价格=2501.04, EMA25=2522.05, EMA60=2585.66, EMA120=2648.60, 趋势=下跌趋势
[2025-06-13 14:36:02] ETHUSDT 1h: 当前价格=2501.04, EMA25=2627.50, EMA60=2679.43, EMA120=2664.89, 趋势=下跌趋势
[2025-06-13 14:36:03] ETHUSDT 4h: 当前价格=2501.04, EMA25=2667.70, EMA60=2628.82, EMA120=2578.74, 趋势=震荡行情
[2025-06-13 14:36:04] ETHUSDT 1d: 当前价格=2501.04, EMA25=2546.47, EMA60=2376.88, EMA120=2367.72, 趋势=震荡行情
==============================

===== 趋势分析结果 (2025-06-13 14:51:02) =====
[2025-06-13 14:51:01] BTCUSDT 15m: 当前价格=104189.10, EMA25=104241.89, EMA60=105119.44, EMA120=106174.63, 趋势=下跌趋势
[2025-06-13 14:51:01] BTCUSDT 1h: 当前价格=104189.10, EMA25=105855.41, EMA60=107045.03, EMA120=107170.22, 趋势=下跌趋势
[2025-06-13 14:51:01] BTCUSDT 4h: 当前价格=104186.90, EMA25=107099.22, EMA60=106706.16, EMA120=106045.02, 趋势=震荡行情
[2025-06-13 14:51:01] BTCUSDT 1d: 当前价格=104186.90, EMA25=105503.61, EMA60=101315.09, EMA120=96885.81, 趋势=震荡行情
[2025-06-13 14:51:02] ETHUSDT 15m: 当前价格=2514.32, EMA25=2521.74, EMA60=2583.45, EMA120=2646.44, 趋势=下跌趋势
[2025-06-13 14:51:02] ETHUSDT 1h: 当前价格=2513.87, EMA25=2628.49, EMA60=2679.85, EMA120=2665.10, 趋势=下跌趋势
[2025-06-13 14:51:02] ETHUSDT 4h: 当前价格=2514.91, EMA25=2668.76, EMA60=2629.27, EMA120=2578.97, 趋势=震荡行情
[2025-06-13 14:51:02] ETHUSDT 1d: 当前价格=2514.32, EMA25=2547.49, EMA60=2377.31, EMA120=2367.94, 趋势=震荡行情
==============================

===== 趋势分析结果 (2025-06-13 15:06:03) =====
[2025-06-13 15:06:01] BTCUSDT 15m: 当前价格=104316.70, EMA25=104281.59, EMA60=105108.29, EMA120=106151.70, 趋势=震荡行情
[2025-06-13 15:06:01] BTCUSDT 1h: 当前价格=104316.70, EMA25=105771.00, EMA60=106970.74, EMA120=107130.83, 趋势=下跌趋势
[2025-06-13 15:06:01] BTCUSDT 4h: 当前价格=104316.70, EMA25=107109.20, EMA60=106710.41, EMA120=106047.17, 趋势=震荡行情
[2025-06-13 15:06:01] BTCUSDT 1d: 当前价格=104316.70, EMA25=105513.59, EMA60=101319.34, EMA120=96887.95, 趋势=震荡行情
[2025-06-13 15:06:02] ETHUSDT 15m: 当前价格=2515.36, EMA25=2522.49, EMA60=2581.77, EMA120=2644.56, 趋势=下跌趋势
[2025-06-13 15:06:02] ETHUSDT 1h: 当前价格=2515.63, EMA25=2621.09, EMA60=2675.04, EMA120=2662.92, 趋势=下跌趋势
[2025-06-13 15:06:03] ETHUSDT 4h: 当前价格=2516.28, EMA25=2668.87, EMA60=2629.32, EMA120=2578.99, 趋势=震荡行情
[2025-06-13 15:06:03] ETHUSDT 1d: 当前价格=2516.06, EMA25=2547.63, EMA60=2377.37, EMA120=2367.97, 趋势=震荡行情
==============================

===== 趋势分析结果 (2025-06-13 15:21:04) =====
[2025-06-13 15:21:01] BTCUSDT 15m: 当前价格=104426.10, EMA25=104299.07, EMA60=105088.76, EMA120=106124.63, 趋势=震荡行情
[2025-06-13 15:21:01] BTCUSDT 1h: 当前价格=104426.10, EMA25=105779.41, EMA60=106974.32, EMA120=107132.64, 趋势=下跌趋势
[2025-06-13 15:21:01] BTCUSDT 4h: 当前价格=104426.10, EMA25=107117.62, EMA60=106714.00, EMA120=106048.98, 趋势=震荡行情
[2025-06-13 15:21:01] BTCUSDT 1d: 当前价格=104426.10, EMA25=105522.01, EMA60=101322.93, EMA120=96889.76, 趋势=震荡行情
[2025-06-13 15:21:03] ETHUSDT 15m: 当前价格=2522.74, EMA25=2522.98, EMA60=2580.05, EMA120=2642.66, 趋势=下跌趋势
[2025-06-13 15:21:03] ETHUSDT 1h: 当前价格=2522.73, EMA25=2621.63, EMA60=2675.27, EMA120=2663.04, 趋势=下跌趋势
[2025-06-13 15:21:03] ETHUSDT 4h: 当前价格=2522.35, EMA25=2669.33, EMA60=2629.52, EMA120=2579.09, 趋势=震荡行情
[2025-06-13 15:21:03] ETHUSDT 1d: 当前价格=2522.24, EMA25=2548.10, EMA60=2377.57, EMA120=2368.07, 趋势=震荡行情
==============================

===== 趋势分析结果 (2025-06-13 15:36:02) =====
[2025-06-13 15:36:01] BTCUSDT 15m: 当前价格=104651.50, EMA25=104347.55, EMA60=105083.97, EMA120=106105.18, 趋势=震荡行情
[2025-06-13 15:36:01] BTCUSDT 1h: 当前价格=104651.50, EMA25=105796.75, EMA60=106981.71, EMA120=107136.36, 趋势=下跌趋势
[2025-06-13 15:36:01] BTCUSDT 4h: 当前价格=104651.30, EMA25=107134.94, EMA60=106721.38, EMA120=106052.70, 趋势=震荡行情
[2025-06-13 15:36:01] BTCUSDT 1d: 当前价格=104651.30, EMA25=105539.33, EMA60=101330.31, EMA120=96893.48, 趋势=震荡行情
[2025-06-13 15:36:02] ETHUSDT 15m: 当前价格=2527.07, EMA25=2524.03, EMA60=2578.64, EMA120=2640.92, 趋势=震荡行情
[2025-06-13 15:36:02] ETHUSDT 1h: 当前价格=2527.07, EMA25=2621.97, EMA60=2675.41, EMA120=2663.11, 趋势=下跌趋势
[2025-06-13 15:36:02] ETHUSDT 4h: 当前价格=2527.29, EMA25=2669.71, EMA60=2629.68, EMA120=2579.17, 趋势=震荡行情
[2025-06-13 15:36:02] ETHUSDT 1d: 当前价格=2527.09, EMA25=2548.48, EMA60=2377.73, EMA120=2368.15, 趋势=震荡行情
==============================

===== 趋势分析结果 (2025-06-13 15:51:02) =====
[2025-06-13 15:51:01] BTCUSDT 15m: 当前价格=104703.30, EMA25=104373.95, EMA60=105071.06, EMA120=106081.79, 趋势=震荡行情
[2025-06-13 15:51:01] BTCUSDT 1h: 当前价格=104703.30, EMA25=105800.74, EMA60=106983.41, EMA120=107137.22, 趋势=下跌趋势
[2025-06-13 15:51:01] BTCUSDT 4h: 当前价格=104695.70, EMA25=107138.36, EMA60=106722.84, EMA120=106053.43, 趋势=震荡行情
[2025-06-13 15:51:01] BTCUSDT 1d: 当前价格=104703.30, EMA25=105543.33, EMA60=101332.02, EMA120=96894.34, 趋势=震荡行情
[2025-06-13 15:51:02] ETHUSDT 15m: 当前价格=2527.15, EMA25=2524.43, EMA60=2577.02, EMA120=2639.07, 趋势=震荡行情
[2025-06-13 15:51:02] ETHUSDT 1h: 当前价格=2527.39, EMA25=2621.99, EMA60=2675.42, EMA120=2663.12, 趋势=下跌趋势
[2025-06-13 15:51:02] ETHUSDT 4h: 当前价格=2527.15, EMA25=2669.70, EMA60=2629.68, EMA120=2579.17, 趋势=震荡行情
[2025-06-13 15:51:02] ETHUSDT 1d: 当前价格=2527.45, EMA25=2548.50, EMA60=2377.74, EMA120=2368.15, 趋势=震荡行情
==============================

===== 趋势分析结果 (2025-06-13 16:06:02) =====
[2025-06-13 16:06:01] BTCUSDT 15m: 当前价格=104887.70, EMA25=104422.56, EMA60=105069.11, EMA120=106064.13, 趋势=震荡行情
[2025-06-13 16:06:01] BTCUSDT 1h: 当前价格=104887.80, EMA25=105739.61, EMA60=106918.77, EMA120=107102.12, 趋势=下跌趋势
[2025-06-13 16:06:01] BTCUSDT 4h: 当前价格=104887.70, EMA25=106974.87, EMA60=106666.97, EMA120=106036.39, 趋势=震荡行情
[2025-06-13 16:06:01] BTCUSDT 1d: 当前价格=104887.70, EMA25=105557.52, EMA60=101338.06, EMA120=96897.39, 趋势=震荡行情
[2025-06-13 16:06:02] ETHUSDT 15m: 当前价格=2526.70, EMA25=2524.46, EMA60=2575.31, EMA120=2637.18, 趋势=震荡行情
[2025-06-13 16:06:02] ETHUSDT 1h: 当前价格=2526.71, EMA25=2614.50, EMA60=2670.47, EMA120=2660.83, 趋势=下跌趋势
[2025-06-13 16:06:02] ETHUSDT 4h: 当前价格=2526.71, EMA25=2658.56, EMA60=2626.24, EMA120=2578.27, 趋势=震荡行情
[2025-06-13 16:06:02] ETHUSDT 1d: 当前价格=2526.70, EMA25=2548.45, EMA60=2377.72, EMA120=2368.14, 趋势=震荡行情
==============================

===== 趋势分析结果 (2025-06-13 16:21:02) =====
[2025-06-13 16:21:01] BTCUSDT 15m: 当前价格=105229.40, EMA25=104516.96, EMA60=105088.81, EMA120=106057.73, 趋势=震荡行情
[2025-06-13 16:21:01] BTCUSDT 1h: 当前价格=105229.40, EMA25=105765.88, EMA60=106929.97, EMA120=107107.77, 趋势=下跌趋势
[2025-06-13 16:21:01] BTCUSDT 4h: 当前价格=105227.40, EMA25=107001.00, EMA60=106678.11, EMA120=106042.00, 趋势=震荡行情
[2025-06-13 16:21:01] BTCUSDT 1d: 当前价格=105229.40, EMA25=105583.80, EMA60=101349.27, EMA120=96903.04, 趋势=震荡行情
[2025-06-13 16:21:02] ETHUSDT 15m: 当前价格=2534.35, EMA25=2526.01, EMA60=2574.32, EMA120=2635.66, 趋势=震荡行情
[2025-06-13 16:21:02] ETHUSDT 1h: 当前价格=2534.36, EMA25=2615.09, EMA60=2670.72, EMA120=2660.95, 趋势=下跌趋势
[2025-06-13 16:21:02] ETHUSDT 4h: 当前价格=2534.36, EMA25=2659.15, EMA60=2626.49, EMA120=2578.40, 趋势=震荡行情
[2025-06-13 16:21:02] ETHUSDT 1d: 当前价格=2534.31, EMA25=2549.03, EMA60=2377.97, EMA120=2368.27, 趋势=震荡行情
==============================

===== 趋势分析结果 (2025-06-13 16:36:03) =====
[2025-06-13 16:36:01] BTCUSDT 15m: 当前价格=105126.00, EMA25=104551.08, EMA60=105084.34, EMA120=106039.40, 趋势=震荡行情
[2025-06-13 16:36:01] BTCUSDT 1h: 当前价格=105125.60, EMA25=105757.90, EMA60=106926.56, EMA120=107106.05, 趋势=下跌趋势
[2025-06-13 16:36:01] BTCUSDT 4h: 当前价格=105125.60, EMA25=106993.17, EMA60=106674.77, EMA120=106040.32, 趋势=震荡行情
[2025-06-13 16:36:01] BTCUSDT 1d: 当前价格=105125.60, EMA25=105575.82, EMA60=101345.86, EMA120=96901.32, 趋势=震荡行情
[2025-06-13 16:36:02] ETHUSDT 15m: 当前价格=2531.37, EMA25=2526.08, EMA60=2572.75, EMA120=2633.86, 趋势=震荡行情
[2025-06-13 16:36:02] ETHUSDT 1h: 当前价格=2531.37, EMA25=2614.86, EMA60=2670.63, EMA120=2660.90, 趋势=下跌趋势
[2025-06-13 16:36:02] ETHUSDT 4h: 当前价格=2531.37, EMA25=2658.92, EMA60=2626.39, EMA120=2578.35, 趋势=震荡行情
[2025-06-13 16:36:02] ETHUSDT 1d: 当前价格=2530.16, EMA25=2548.71, EMA60=2377.83, EMA120=2368.20, 趋势=震荡行情
==============================

===== 趋势分析结果 (2025-06-13 16:51:03) =====
[2025-06-13 16:51:01] BTCUSDT 15m: 当前价格=104845.50, EMA25=104554.74, EMA60=105068.03, EMA120=106015.30, 趋势=震荡行情
[2025-06-13 16:51:01] BTCUSDT 1h: 当前价格=104845.50, EMA25=105736.35, EMA60=106917.38, EMA120=107101.42, 趋势=下跌趋势
[2025-06-13 16:51:01] BTCUSDT 4h: 当前价格=104845.50, EMA25=106971.62, EMA60=106665.59, EMA120=106035.69, 趋势=震荡行情
[2025-06-13 16:51:01] BTCUSDT 1d: 当前价格=104837.20, EMA25=105553.63, EMA60=101336.41, EMA120=96896.55, 趋势=震荡行情
[2025-06-13 16:51:02] ETHUSDT 15m: 当前价格=2522.53, EMA25=2524.95, EMA60=2570.73, EMA120=2631.82, 趋势=下跌趋势
[2025-06-13 16:51:02] ETHUSDT 1h: 当前价格=2522.53, EMA25=2614.18, EMA60=2670.34, EMA120=2660.76, 趋势=下跌趋势
[2025-06-13 16:51:03] ETHUSDT 4h: 当前价格=2522.53, EMA25=2658.24, EMA60=2626.10, EMA120=2578.20, 趋势=震荡行情
[2025-06-13 16:51:03] ETHUSDT 1d: 当前价格=2522.53, EMA25=2548.13, EMA60=2377.58, EMA120=2368.07, 趋势=震荡行情
==============================

===== 趋势分析结果 (2025-06-13 17:06:02) =====
[2025-06-13 17:06:01] BTCUSDT 15m: 当前价格=104640.20, EMA25=104549.51, EMA60=105048.73, EMA120=105989.85, 趋势=震荡行情
[2025-06-13 17:06:01] BTCUSDT 1h: 当前价格=104653.50, EMA25=105641.26, EMA60=106837.88, EMA120=107058.26, 趋势=下跌趋势
[2025-06-13 17:06:01] BTCUSDT 4h: 当前价格=104640.20, EMA25=106955.83, EMA60=106658.86, EMA120=106032.30, 趋势=震荡行情
[2025-06-13 17:06:01] BTCUSDT 1d: 当前价格=104640.20, EMA25=105538.48, EMA60=101329.95, EMA120=96893.30, 趋势=震荡行情
[2025-06-13 17:06:02] ETHUSDT 15m: 当前价格=2518.99, EMA25=2524.07, EMA60=2568.84, EMA120=2629.86, 趋势=下跌趋势
[2025-06-13 17:06:02] ETHUSDT 1h: 当前价格=2519.00, EMA25=2606.44, EMA60=2665.19, EMA120=2658.32, 趋势=下跌趋势
[2025-06-13 17:06:02] ETHUSDT 4h: 当前价格=2518.99, EMA25=2657.97, EMA60=2625.98, EMA120=2578.14, 趋势=震荡行情
[2025-06-13 17:06:02] ETHUSDT 1d: 当前价格=2518.72, EMA25=2547.83, EMA60=2377.46, EMA120=2368.01, 趋势=震荡行情
==============================

===== 趋势分析结果 (2025-06-13 17:21:02) =====
[2025-06-13 17:21:01] BTCUSDT 15m: 当前价格=104604.20, EMA25=104554.99, EMA60=105034.72, EMA120=105967.22, 趋势=震荡行情
[2025-06-13 17:21:01] BTCUSDT 1h: 当前价格=104604.30, EMA25=105637.47, EMA60=106836.27, EMA120=107057.45, 趋势=下跌趋势
[2025-06-13 17:21:01] BTCUSDT 4h: 当前价格=104604.30, EMA25=106953.07, EMA60=106657.68, EMA120=106031.70, 趋势=震荡行情
[2025-06-13 17:21:01] BTCUSDT 1d: 当前价格=104604.30, EMA25=105535.72, EMA60=101328.77, EMA120=96892.70, 趋势=震荡行情
[2025-06-13 17:21:02] ETHUSDT 15m: 当前价格=2513.76, EMA25=2523.06, EMA60=2566.94, EMA120=2627.89, 趋势=下跌趋势
[2025-06-13 17:21:02] ETHUSDT 1h: 当前价格=2513.63, EMA25=2606.02, EMA60=2665.01, EMA120=2658.23, 趋势=下跌趋势
[2025-06-13 17:21:02] ETHUSDT 4h: 当前价格=2513.63, EMA25=2657.55, EMA60=2625.81, EMA120=2578.05, 趋势=震荡行情
[2025-06-13 17:21:02] ETHUSDT 1d: 当前价格=2513.63, EMA25=2547.44, EMA60=2377.29, EMA120=2367.93, 趋势=震荡行情
==============================

===== 趋势分析结果 (2025-06-13 17:36:02) =====
[2025-06-13 17:36:01] BTCUSDT 15m: 当前价格=104510.20, EMA25=104553.91, EMA60=105018.58, EMA120=105943.67, 趋势=下跌趋势
[2025-06-13 17:36:01] BTCUSDT 1h: 当前价格=104510.30, EMA25=105630.24, EMA60=106833.19, EMA120=107055.89, 趋势=下跌趋势
[2025-06-13 17:36:01] BTCUSDT 4h: 当前价格=104510.30, EMA25=106945.84, EMA60=106654.60, EMA120=106030.15, 趋势=震荡行情
[2025-06-13 17:36:01] BTCUSDT 1d: 当前价格=104510.30, EMA25=105528.49, EMA60=101325.69, EMA120=96891.15, 趋势=震荡行情
[2025-06-13 17:36:02] ETHUSDT 15m: 当前价格=2507.25, EMA25=2521.68, EMA60=2564.91, EMA120=2625.86, 趋势=下跌趋势
[2025-06-13 17:36:02] ETHUSDT 1h: 当前价格=2507.25, EMA25=2605.53, EMA60=2664.80, EMA120=2658.12, 趋势=下跌趋势
[2025-06-13 17:36:02] ETHUSDT 4h: 当前价格=2507.44, EMA25=2657.08, EMA60=2625.60, EMA120=2577.95, 趋势=震荡行情
[2025-06-13 17:36:02] ETHUSDT 1d: 当前价格=2507.28, EMA25=2546.95, EMA60=2377.08, EMA120=2367.82, 趋势=震荡行情
==============================

===== 趋势分析结果 (2025-06-13 17:51:02) =====
[2025-06-13 17:51:01] BTCUSDT 15m: 当前价格=104607.10, EMA25=104565.82, EMA60=105008.58, EMA120=105923.34, 趋势=震荡行情
[2025-06-13 17:51:01] BTCUSDT 1h: 当前价格=104593.40, EMA25=105636.63, EMA60=106835.91, EMA120=107057.27, 趋势=下跌趋势
[2025-06-13 17:51:01] BTCUSDT 4h: 当前价格=104593.40, EMA25=106952.23, EMA60=106657.32, EMA120=106031.52, 趋势=震荡行情
[2025-06-13 17:51:01] BTCUSDT 1d: 当前价格=104593.40, EMA25=105534.88, EMA60=101328.41, EMA120=96892.52, 趋势=震荡行情
[2025-06-13 17:51:02] ETHUSDT 15m: 当前价格=2508.51, EMA25=2520.79, EMA60=2563.11, EMA120=2623.95, 趋势=下跌趋势
[2025-06-13 17:51:02] ETHUSDT 1h: 当前价格=2508.29, EMA25=2605.61, EMA60=2664.83, EMA120=2658.14, 趋势=下跌趋势
[2025-06-13 17:51:02] ETHUSDT 4h: 当前价格=2508.62, EMA25=2657.17, EMA60=2625.64, EMA120=2577.97, 趋势=震荡行情
[2025-06-13 17:51:02] ETHUSDT 1d: 当前价格=2508.51, EMA25=2547.05, EMA60=2377.12, EMA120=2367.84, 趋势=震荡行情
==============================

===== 趋势分析结果 (2025-06-13 18:06:02) =====
[2025-06-13 18:06:01] BTCUSDT 15m: 当前价格=104400.20, EMA25=104565.07, EMA60=104993.99, EMA120=105900.89, 趋势=下跌趋势
[2025-06-13 18:06:01] BTCUSDT 1h: 当前价格=104400.20, EMA25=105554.48, EMA60=106761.84, EMA120=107016.34, 趋势=下跌趋势
[2025-06-13 18:06:01] BTCUSDT 4h: 当前价格=104400.20, EMA25=106937.37, EMA60=106650.99, EMA120=106028.33, 趋势=震荡行情
[2025-06-13 18:06:01] BTCUSDT 1d: 当前价格=104400.20, EMA25=105520.02, EMA60=101322.08, EMA120=96889.33, 趋势=震荡行情
[2025-06-13 18:06:02] ETHUSDT 15m: 当前价格=2509.79, EMA25=2520.73, EMA60=2561.72, EMA120=2622.24, 趋势=下跌趋势
[2025-06-13 18:06:02] ETHUSDT 1h: 当前价格=2509.79, EMA25=2599.05, EMA60=2660.11, EMA120=2655.87, 趋势=下跌趋势
[2025-06-13 18:06:02] ETHUSDT 4h: 当前价格=2509.79, EMA25=2657.26, EMA60=2625.68, EMA120=2577.99, 趋势=震荡行情
[2025-06-13 18:06:02] ETHUSDT 1d: 当前价格=2509.43, EMA25=2547.12, EMA60=2377.15, EMA120=2367.86, 趋势=震荡行情
==============================

===== 趋势分析结果 (2025-06-13 18:21:02) =====
[2025-06-13 18:21:01] BTCUSDT 15m: 当前价格=104556.30, EMA25=104586.78, EMA60=104989.64, EMA120=105883.77, 趋势=下跌趋势
[2025-06-13 18:21:01] BTCUSDT 1h: 当前价格=104556.20, EMA25=105566.48, EMA60=106766.96, EMA120=107018.92, 趋势=下跌趋势
[2025-06-13 18:21:01] BTCUSDT 4h: 当前价格=104556.20, EMA25=106949.37, EMA60=106656.11, EMA120=106030.91, 趋势=震荡行情
[2025-06-13 18:21:01] BTCUSDT 1d: 当前价格=104558.70, EMA25=105532.21, EMA60=101327.28, EMA120=96891.95, 趋势=震荡行情
[2025-06-13 18:21:02] ETHUSDT 15m: 当前价格=2513.01, EMA25=2520.65, EMA60=2560.35, EMA120=2620.55, 趋势=下跌趋势
[2025-06-13 18:21:02] ETHUSDT 1h: 当前价格=2513.01, EMA25=2599.30, EMA60=2660.22, EMA120=2655.92, 趋势=下跌趋势
[2025-06-13 18:21:02] ETHUSDT 4h: 当前价格=2513.00, EMA25=2657.51, EMA60=2625.79, EMA120=2578.04, 趋势=震荡行情
[2025-06-13 18:21:02] ETHUSDT 1d: 当前价格=2513.01, EMA25=2547.39, EMA60=2377.27, EMA120=2367.92, 趋势=震荡行情
==============================

===== 趋势分析结果 (2025-06-13 18:36:02) =====
[2025-06-13 18:36:01] BTCUSDT 15m: 当前价格=104654.10, EMA25=104595.74, EMA60=104980.33, EMA120=105864.29, 趋势=震荡行情
[2025-06-13 18:36:01] BTCUSDT 1h: 当前价格=104654.10, EMA25=105574.01, EMA60=106770.17, EMA120=107020.53, 趋势=下跌趋势
[2025-06-13 18:36:01] BTCUSDT 4h: 当前价格=104654.10, EMA25=106956.90, EMA60=106659.31, EMA120=106032.53, 趋势=震荡行情
[2025-06-13 18:36:01] BTCUSDT 1d: 当前价格=104654.10, EMA25=105539.55, EMA60=101330.40, EMA120=96893.53, 趋势=震荡行情
[2025-06-13 18:36:02] ETHUSDT 15m: 当前价格=2523.68, EMA25=2521.20, EMA60=2559.29, EMA120=2619.02, 趋势=震荡行情
[2025-06-13 18:36:02] ETHUSDT 1h: 当前价格=2523.68, EMA25=2600.12, EMA60=2660.57, EMA120=2656.10, 趋势=下跌趋势
[2025-06-13 18:36:02] ETHUSDT 4h: 当前价格=2523.43, EMA25=2658.31, EMA60=2626.13, EMA120=2578.22, 趋势=震荡行情
[2025-06-13 18:36:02] ETHUSDT 1d: 当前价格=2523.68, EMA25=2548.21, EMA60=2377.62, EMA120=2368.09, 趋势=震荡行情
==============================

===== 趋势分析结果 (2025-06-13 18:51:02) =====
[2025-06-13 18:51:01] BTCUSDT 15m: 当前价格=104574.30, EMA25=104598.87, EMA60=104969.15, EMA120=105844.04, 趋势=下跌趋势
[2025-06-13 18:51:01] BTCUSDT 1h: 当前价格=104574.30, EMA25=105567.87, EMA60=106767.55, EMA120=107019.22, 趋势=下跌趋势
[2025-06-13 18:51:01] BTCUSDT 4h: 当前价格=104580.60, EMA25=106951.24, EMA60=106656.91, EMA120=106031.31, 趋势=震荡行情
[2025-06-13 18:51:01] BTCUSDT 1d: 当前价格=104587.90, EMA25=105534.46, EMA60=101328.23, EMA120=96892.43, 趋势=震荡行情
[2025-06-13 18:51:02] ETHUSDT 15m: 当前价格=2522.60, EMA25=2521.51, EMA60=2558.18, EMA120=2617.48, 趋势=震荡行情
[2025-06-13 18:51:02] ETHUSDT 1h: 当前价格=2522.60, EMA25=2600.03, EMA60=2660.53, EMA120=2656.08, 趋势=下跌趋势
[2025-06-13 18:51:02] ETHUSDT 4h: 当前价格=2522.60, EMA25=2658.24, EMA60=2626.10, EMA120=2578.20, 趋势=震荡行情
[2025-06-13 18:51:02] ETHUSDT 1d: 当前价格=2522.24, EMA25=2548.10, EMA60=2377.57, EMA120=2368.07, 趋势=震荡行情
==============================

===== 趋势分析结果 (2025-06-13 19:06:03) =====
[2025-06-13 19:06:00] BTCUSDT 15m: 当前价格=104872.70, EMA25=104637.16, EMA60=104973.68, EMA120=105831.91, 趋势=震荡行情
[2025-06-13 19:06:01] BTCUSDT 1h: 当前价格=104872.80, EMA25=105531.63, EMA60=106713.12, EMA120=106987.69, 趋势=下跌趋势
[2025-06-13 19:06:01] BTCUSDT 4h: 当前价格=104873.00, EMA25=106973.74, EMA60=106666.49, EMA120=106036.14, 趋势=震荡行情
[2025-06-13 19:06:01] BTCUSDT 1d: 当前价格=104873.00, EMA25=105556.39, EMA60=101337.58, EMA120=96897.15, 趋势=震荡行情
[2025-06-13 19:06:02] ETHUSDT 15m: 当前价格=2532.47, EMA25=2523.01, EMA60=2557.63, EMA120=2616.22, 趋势=震荡行情
[2025-06-13 19:06:02] ETHUSDT 1h: 当前价格=2532.21, EMA25=2595.47, EMA60=2656.61, EMA120=2654.18, 趋势=下跌趋势
[2025-06-13 19:06:02] ETHUSDT 4h: 当前价格=2532.21, EMA25=2658.98, EMA60=2626.42, EMA120=2578.36, 趋势=震荡行情
[2025-06-13 19:06:03] ETHUSDT 1d: 当前价格=2532.21, EMA25=2548.87, EMA60=2377.90, EMA120=2368.23, 趋势=震荡行情
==============================

===== 趋势分析结果 (2025-06-13 19:21:03) =====
[2025-06-13 19:21:01] BTCUSDT 15m: 当前价格=104780.00, EMA25=104642.64, EMA60=104964.87, EMA120=105813.23, 趋势=震荡行情
[2025-06-13 19:21:01] BTCUSDT 1h: 当前价格=104779.90, EMA25=105524.49, EMA60=106710.07, EMA120=106986.16, 趋势=下跌趋势
[2025-06-13 19:21:01] BTCUSDT 4h: 当前价格=104780.00, EMA25=106966.58, EMA60=106663.44, EMA120=106034.61, 趋势=震荡行情
[2025-06-13 19:21:02] BTCUSDT 1d: 当前价格=104780.00, EMA25=105549.23, EMA60=101334.53, EMA120=96895.61, 趋势=震荡行情
[2025-06-13 19:21:02] ETHUSDT 15m: 当前价格=2526.84, EMA25=2522.94, EMA60=2556.46, EMA120=2614.66, 趋势=震荡行情
[2025-06-13 19:21:02] ETHUSDT 1h: 当前价格=2526.84, EMA25=2595.06, EMA60=2656.44, EMA120=2654.09, 趋势=下跌趋势
[2025-06-13 19:21:02] ETHUSDT 4h: 当前价格=2526.84, EMA25=2658.57, EMA60=2626.24, EMA120=2578.27, 趋势=震荡行情
[2025-06-13 19:21:03] ETHUSDT 1d: 当前价格=2526.84, EMA25=2548.46, EMA60=2377.72, EMA120=2368.14, 趋势=震荡行情
==============================

===== 趋势分析结果 (2025-06-13 19:36:02) =====
[2025-06-13 19:36:01] BTCUSDT 15m: 当前价格=104712.60, EMA25=104642.08, EMA60=104953.94, EMA120=105793.66, 趋势=震荡行情
[2025-06-13 19:36:01] BTCUSDT 1h: 当前价格=104706.70, EMA25=105518.86, EMA60=106707.67, EMA120=106984.95, 趋势=下跌趋势
[2025-06-13 19:36:01] BTCUSDT 4h: 当前价格=104706.70, EMA25=106960.94, EMA60=106661.04, EMA120=106033.40, 趋势=震荡行情
[2025-06-13 19:36:01] BTCUSDT 1d: 当前价格=104712.60, EMA25=105544.05, EMA60=101332.32, EMA120=96894.49, 趋势=震荡行情
[2025-06-13 19:36:02] ETHUSDT 15m: 当前价格=2526.51, EMA25=2522.95, EMA60=2555.35, EMA120=2613.14, 趋势=震荡行情
[2025-06-13 19:36:02] ETHUSDT 1h: 当前价格=2526.65, EMA25=2595.04, EMA60=2656.43, EMA120=2654.09, 趋势=下跌趋势
[2025-06-13 19:36:02] ETHUSDT 4h: 当前价格=2526.65, EMA25=2658.56, EMA60=2626.23, EMA120=2578.27, 趋势=震荡行情
[2025-06-13 19:36:02] ETHUSDT 1d: 当前价格=2526.84, EMA25=2548.46, EMA60=2377.72, EMA120=2368.14, 趋势=震荡行情
==============================

===== 趋势分析结果 (2025-06-13 19:51:02) =====
[2025-06-13 19:51:01] BTCUSDT 15m: 当前价格=104800.70, EMA25=104664.04, EMA60=104953.28, EMA120=105779.46, 趋势=震荡行情
[2025-06-13 19:51:01] BTCUSDT 1h: 当前价格=104800.70, EMA25=105526.09, EMA60=106710.76, EMA120=106986.50, 趋势=下跌趋势
[2025-06-13 19:51:01] BTCUSDT 4h: 当前价格=104800.70, EMA25=106968.17, EMA60=106664.12, EMA120=106034.95, 趋势=震荡行情
[2025-06-13 19:51:01] BTCUSDT 1d: 当前价格=104800.70, EMA25=105550.82, EMA60=101335.21, EMA120=96895.95, 趋势=震荡行情
[2025-06-13 19:51:02] ETHUSDT 15m: 当前价格=2530.36, EMA25=2524.08, EMA60=2554.79, EMA120=2611.90, 趋势=震荡行情
[2025-06-13 19:51:02] ETHUSDT 1h: 当前价格=2530.35, EMA25=2595.33, EMA60=2656.55, EMA120=2654.15, 趋势=下跌趋势
[2025-06-13 19:51:02] ETHUSDT 4h: 当前价格=2530.35, EMA25=2658.84, EMA60=2626.36, EMA120=2578.33, 趋势=震荡行情
[2025-06-13 19:51:02] ETHUSDT 1d: 当前价格=2530.36, EMA25=2548.73, EMA60=2377.84, EMA120=2368.20, 趋势=震荡行情
==============================

===== 趋势分析结果 (2025-06-13 20:06:05) =====
[2025-06-13 20:06:01] BTCUSDT 15m: 当前价格=104946.90, EMA25=104699.23, EMA60=104959.07, EMA120=105768.76, 趋势=震荡行情
[2025-06-13 20:06:01] BTCUSDT 1h: 当前价格=104946.90, EMA25=105494.97, EMA60=106658.92, EMA120=106955.87, 趋势=下跌趋势
[2025-06-13 20:06:01] BTCUSDT 4h: 当前价格=104946.90, EMA25=106826.13, EMA60=106613.82, EMA120=106020.04, 趋势=震荡行情
[2025-06-13 20:06:01] BTCUSDT 1d: 当前价格=104946.90, EMA25=105562.07, EMA60=101340.00, EMA120=96898.37, 趋势=震荡行情
[2025-06-13 20:06:02] ETHUSDT 15m: 当前价格=2551.10, EMA25=2527.13, EMA60=2555.10, EMA120=2611.12, 趋势=震荡行情
[2025-06-13 20:06:04] ETHUSDT 1h: 当前价格=2550.44, EMA25=2592.84, EMA60=2653.51, EMA120=2652.66, 趋势=下跌趋势
[2025-06-13 20:06:04] ETHUSDT 4h: 当前价格=2551.10, EMA25=2651.52, EMA60=2624.32, EMA120=2578.10, 趋势=震荡行情
[2025-06-13 20:06:05] ETHUSDT 1d: 当前价格=2550.44, EMA25=2550.27, EMA60=2378.50, EMA120=2368.53, 趋势=上涨趋势
==============================

===== 趋势分析结果 (2025-06-13 20:21:03) =====
[2025-06-13 20:21:01] BTCUSDT 15m: 当前价格=104980.20, EMA25=104734.32, EMA60=104965.78, EMA120=105758.80, 趋势=震荡行情
[2025-06-13 20:21:01] BTCUSDT 1h: 当前价格=104983.90, EMA25=105497.81, EMA60=106660.14, EMA120=106956.48, 趋势=下跌趋势
[2025-06-13 20:21:01] BTCUSDT 4h: 当前价格=104980.20, EMA25=106828.69, EMA60=106614.91, EMA120=106020.59, 趋势=震荡行情
[2025-06-13 20:21:01] BTCUSDT 1d: 当前价格=104980.20, EMA25=105564.63, EMA60=101341.10, EMA120=96898.92, 趋势=震荡行情
[2025-06-13 20:21:02] ETHUSDT 15m: 当前价格=2548.82, EMA25=2528.75, EMA60=2554.87, EMA120=2610.08, 趋势=震荡行情
[2025-06-13 20:21:02] ETHUSDT 1h: 当前价格=2548.82, EMA25=2592.71, EMA60=2653.45, EMA120=2652.63, 趋势=下跌趋势
[2025-06-13 20:21:02] ETHUSDT 4h: 当前价格=2549.32, EMA25=2651.38, EMA60=2624.26, EMA120=2578.07, 趋势=震荡行情
[2025-06-13 20:21:02] ETHUSDT 1d: 当前价格=2549.09, EMA25=2550.17, EMA60=2378.45, EMA120=2368.51, 趋势=震荡行情
==============================

===== 趋势分析结果 (2025-06-13 20:36:03) =====
[2025-06-13 20:36:01] BTCUSDT 15m: 当前价格=105022.90, EMA25=104757.74, EMA60=104968.20, EMA120=105746.91, 趋势=震荡行情
[2025-06-13 20:36:01] BTCUSDT 1h: 当前价格=105022.90, EMA25=105500.81, EMA60=106661.42, EMA120=106957.13, 趋势=下跌趋势
[2025-06-13 20:36:01] BTCUSDT 4h: 当前价格=105022.90, EMA25=106831.97, EMA60=106616.31, EMA120=106021.30, 趋势=震荡行情
[2025-06-13 20:36:02] BTCUSDT 1d: 当前价格=105023.00, EMA25=105567.92, EMA60=101342.50, EMA120=96899.63, 趋势=震荡行情
[2025-06-13 20:36:02] ETHUSDT 15m: 当前价格=2555.56, EMA25=2531.06, EMA60=2555.00, EMA120=2609.23, 趋势=震荡行情
[2025-06-13 20:36:02] ETHUSDT 1h: 当前价格=2555.56, EMA25=2593.23, EMA60=2653.67, EMA120=2652.74, 趋势=下跌趋势
[2025-06-13 20:36:02] ETHUSDT 4h: 当前价格=2555.56, EMA25=2651.86, EMA60=2624.46, EMA120=2578.18, 趋势=震荡行情
[2025-06-13 20:36:03] ETHUSDT 1d: 当前价格=2555.56, EMA25=2550.67, EMA60=2378.67, EMA120=2368.62, 趋势=上涨趋势
==============================

===== 趋势分析结果 (2025-06-13 20:51:03) =====
[2025-06-13 20:51:01] BTCUSDT 15m: 当前价格=104919.90, EMA25=104757.22, EMA60=104960.81, EMA120=105730.25, 趋势=震荡行情
[2025-06-13 20:51:01] BTCUSDT 1h: 当前价格=104919.80, EMA25=105492.88, EMA60=106658.04, EMA120=106955.42, 趋势=下跌趋势
[2025-06-13 20:51:01] BTCUSDT 4h: 当前价格=104919.90, EMA25=106824.05, EMA60=106612.93, EMA120=106019.60, 趋势=震荡行情
[2025-06-13 20:51:02] BTCUSDT 1d: 当前价格=104919.80, EMA25=105559.99, EMA60=101339.11, EMA120=96897.92, 趋势=震荡行情
[2025-06-13 20:51:02] ETHUSDT 15m: 当前价格=2546.20, EMA25=2531.45, EMA60=2554.37, EMA120=2608.01, 趋势=震荡行情
[2025-06-13 20:51:02] ETHUSDT 1h: 当前价格=2546.20, EMA25=2592.51, EMA60=2653.37, EMA120=2652.59, 趋势=下跌趋势
[2025-06-13 20:51:03] ETHUSDT 4h: 当前价格=2546.20, EMA25=2651.14, EMA60=2624.16, EMA120=2578.02, 趋势=震荡行情
[2025-06-13 20:51:03] ETHUSDT 1d: 当前价格=2546.20, EMA25=2549.95, EMA60=2378.36, EMA120=2368.46, 趋势=震荡行情
==============================

===== 趋势分析结果 (2025-06-13 21:06:02) =====
[2025-06-13 21:06:01] BTCUSDT 15m: 当前价格=104786.90, EMA25=104750.77, EMA60=104951.21, EMA120=105712.65, 趋势=震荡行情
[2025-06-13 21:06:01] BTCUSDT 1h: 当前价格=104782.60, EMA25=105429.52, EMA60=106592.65, EMA120=106917.53, 趋势=下跌趋势
[2025-06-13 21:06:01] BTCUSDT 4h: 当前价格=104791.50, EMA25=106814.17, EMA60=106608.72, EMA120=106017.47, 趋势=震荡行情
[2025-06-13 21:06:01] BTCUSDT 1d: 当前价格=104786.90, EMA25=105549.76, EMA60=101334.76, EMA120=96895.72, 趋势=震荡行情
[2025-06-13 21:06:02] ETHUSDT 15m: 当前价格=2537.21, EMA25=2531.53, EMA60=2553.65, EMA120=2606.76, 趋势=震荡行情
[2025-06-13 21:06:02] ETHUSDT 1h: 当前价格=2537.21, EMA25=2587.89, EMA60=2649.40, EMA120=2650.60, 趋势=下跌趋势
[2025-06-13 21:06:02] ETHUSDT 4h: 当前价格=2536.97, EMA25=2650.43, EMA60=2623.86, EMA120=2577.87, 趋势=震荡行情
[2025-06-13 21:06:02] ETHUSDT 1d: 当前价格=2537.21, EMA25=2549.25, EMA60=2378.06, EMA120=2368.32, 趋势=震荡行情
==============================

===== 趋势分析结果 (2025-06-13 21:21:03) =====
[2025-06-13 21:21:01] BTCUSDT 15m: 当前价格=104744.70, EMA25=104748.05, EMA60=104943.43, EMA120=105696.11, 趋势=下跌趋势
[2025-06-13 21:21:01] BTCUSDT 1h: 当前价格=104744.70, EMA25=105426.60, EMA60=106591.41, EMA120=106916.90, 趋势=下跌趋势
[2025-06-13 21:21:01] BTCUSDT 4h: 当前价格=104744.80, EMA25=106810.58, EMA60=106607.19, EMA120=106016.70, 趋势=震荡行情
[2025-06-13 21:21:01] BTCUSDT 1d: 当前价格=104740.50, EMA25=105546.19, EMA60=101333.24, EMA120=96894.96, 趋势=震荡行情
[2025-06-13 21:21:02] ETHUSDT 15m: 当前价格=2540.86, EMA25=2532.52, EMA60=2553.35, EMA120=2605.73, 趋势=震荡行情
[2025-06-13 21:21:02] ETHUSDT 1h: 当前价格=2540.87, EMA25=2588.18, EMA60=2649.52, EMA120=2650.66, 趋势=下跌趋势
[2025-06-13 21:21:02] ETHUSDT 4h: 当前价格=2540.33, EMA25=2650.69, EMA60=2623.97, EMA120=2577.92, 趋势=震荡行情
[2025-06-13 21:21:03] ETHUSDT 1d: 当前价格=2540.33, EMA25=2549.49, EMA60=2378.17, EMA120=2368.37, 趋势=震荡行情
==============================

===== 趋势分析结果 (2025-06-13 21:36:02) =====
[2025-06-13 21:36:01] BTCUSDT 15m: 当前价格=104836.40, EMA25=104759.22, EMA60=104941.88, EMA120=105682.89, 趋势=震荡行情
[2025-06-13 21:36:01] BTCUSDT 1h: 当前价格=104843.40, EMA25=105434.20, EMA60=106594.64, EMA120=106918.53, 趋势=下跌趋势
[2025-06-13 21:36:01] BTCUSDT 4h: 当前价格=104836.40, EMA25=106817.63, EMA60=106610.20, EMA120=106018.22, 趋势=震荡行情
[2025-06-13 21:36:01] BTCUSDT 1d: 当前价格=104844.30, EMA25=105554.18, EMA60=101336.64, EMA120=96896.67, 趋势=震荡行情
[2025-06-13 21:36:02] ETHUSDT 15m: 当前价格=2550.33, EMA25=2534.09, EMA60=2553.34, EMA120=2604.86, 趋势=震荡行情
[2025-06-13 21:36:02] ETHUSDT 1h: 当前价格=2551.21, EMA25=2588.97, EMA60=2649.86, EMA120=2650.83, 趋势=下跌趋势
[2025-06-13 21:36:02] ETHUSDT 4h: 当前价格=2550.33, EMA25=2651.46, EMA60=2624.29, EMA120=2578.09, 趋势=震荡行情
[2025-06-13 21:36:02] ETHUSDT 1d: 当前价格=2550.33, EMA25=2550.26, EMA60=2378.49, EMA120=2368.53, 趋势=上涨趋势
==============================

===== 趋势分析结果 (2025-06-13 21:51:02) =====
[2025-06-13 21:51:00] BTCUSDT 15m: 当前价格=104943.30, EMA25=104797.67, EMA60=104952.77, EMA120=105676.21, 趋势=震荡行情
[2025-06-13 21:51:01] BTCUSDT 1h: 当前价格=104957.70, EMA25=105442.99, EMA60=106598.39, EMA120=106920.42, 趋势=下跌趋势
[2025-06-13 21:51:01] BTCUSDT 4h: 当前价格=104957.70, EMA25=106826.96, EMA60=106614.17, EMA120=106020.22, 趋势=震荡行情
[2025-06-13 21:51:01] BTCUSDT 1d: 当前价格=104957.70, EMA25=105562.90, EMA60=101340.36, EMA120=96898.55, 趋势=震荡行情
[2025-06-13 21:51:02] ETHUSDT 15m: 当前价格=2553.26, EMA25=2536.10, EMA60=2553.58, EMA120=2604.13, 趋势=震荡行情
[2025-06-13 21:51:02] ETHUSDT 1h: 当前价格=2552.82, EMA25=2589.10, EMA60=2649.91, EMA120=2650.86, 趋势=下跌趋势
[2025-06-13 21:51:02] ETHUSDT 4h: 当前价格=2553.36, EMA25=2651.69, EMA60=2624.39, EMA120=2578.14, 趋势=震荡行情
[2025-06-13 21:51:02] ETHUSDT 1d: 当前价格=2553.06, EMA25=2550.47, EMA60=2378.58, EMA120=2368.58, 趋势=上涨趋势
==============================

===== 趋势分析结果 (2025-06-13 22:06:03) =====
[2025-06-13 22:06:01] BTCUSDT 15m: 当前价格=104557.70, EMA25=104760.90, EMA60=104931.64, EMA120=105653.52, 趋势=下跌趋势
[2025-06-13 22:06:01] BTCUSDT 1h: 当前价格=104538.90, EMA25=105354.11, EMA60=106522.23, EMA120=106876.66, 趋势=下跌趋势
[2025-06-13 22:06:01] BTCUSDT 4h: 当前价格=104538.90, EMA25=106794.74, EMA60=106600.44, EMA120=106013.30, 趋势=震荡行情
[2025-06-13 22:06:01] BTCUSDT 1d: 当前价格=104538.90, EMA25=105530.69, EMA60=101326.63, EMA120=96891.62, 趋势=震荡行情
[2025-06-13 22:06:02] ETHUSDT 15m: 当前价格=2534.30, EMA25=2535.15, EMA60=2552.58, EMA120=2602.79, 趋势=下跌趋势
[2025-06-13 22:06:02] ETHUSDT 1h: 当前价格=2533.88, EMA25=2584.07, EMA60=2645.75, EMA120=2648.74, 趋势=下跌趋势
[2025-06-13 22:06:02] ETHUSDT 4h: 当前价格=2534.56, EMA25=2650.25, EMA60=2623.78, EMA120=2577.83, 趋势=震荡行情
[2025-06-13 22:06:03] ETHUSDT 1d: 当前价格=2534.30, EMA25=2549.03, EMA60=2377.97, EMA120=2368.27, 趋势=震荡行情
==============================

===== 趋势分析结果 (2025-06-13 22:21:02) =====
[2025-06-13 22:21:00] BTCUSDT 15m: 当前价格=104318.30, EMA25=104723.33, EMA60=104909.95, EMA120=105630.63, 趋势=下跌趋势
[2025-06-13 22:21:01] BTCUSDT 1h: 当前价格=104318.30, EMA25=105337.14, EMA60=106515.00, EMA120=106873.01, 趋势=下跌趋势
[2025-06-13 22:21:01] BTCUSDT 4h: 当前价格=104301.80, EMA25=106776.50, EMA60=106592.67, EMA120=106009.38, 趋势=震荡行情
[2025-06-13 22:21:01] BTCUSDT 1d: 当前价格=104318.30, EMA25=105513.72, EMA60=101319.39, EMA120=96887.98, 趋势=震荡行情
[2025-06-13 22:21:02] ETHUSDT 15m: 当前价格=2518.69, EMA25=2533.48, EMA60=2551.29, EMA120=2601.31, 趋势=下跌趋势
[2025-06-13 22:21:02] ETHUSDT 1h: 当前价格=2518.69, EMA25=2582.90, EMA60=2645.26, EMA120=2648.49, 趋势=下跌趋势
[2025-06-13 22:21:02] ETHUSDT 4h: 当前价格=2518.36, EMA25=2649.00, EMA60=2623.24, EMA120=2577.56, 趋势=震荡行情
[2025-06-13 22:21:02] ETHUSDT 1d: 当前价格=2518.49, EMA25=2547.81, EMA60=2377.45, EMA120=2368.01, 趋势=震荡行情
==============================

===== 趋势分析结果 (2025-06-13 22:36:02) =====
[2025-06-13 22:36:01] BTCUSDT 15m: 当前价格=104240.10, EMA25=104671.38, EMA60=104881.40, EMA120=105604.26, 趋势=下跌趋势
[2025-06-13 22:36:01] BTCUSDT 1h: 当前价格=104240.10, EMA25=105331.12, EMA60=106512.43, EMA120=106871.72, 趋势=下跌趋势
[2025-06-13 22:36:01] BTCUSDT 4h: 当前价格=104240.10, EMA25=106771.76, EMA60=106590.65, EMA120=106008.36, 趋势=震荡行情
[2025-06-13 22:36:01] BTCUSDT 1d: 当前价格=104240.00, EMA25=105507.69, EMA60=101316.83, EMA120=96886.68, 趋势=震荡行情
[2025-06-13 22:36:02] ETHUSDT 15m: 当前价格=2514.48, EMA25=2531.23, EMA60=2549.73, EMA120=2599.69, 趋势=下跌趋势
[2025-06-13 22:36:02] ETHUSDT 1h: 当前价格=2514.49, EMA25=2582.57, EMA60=2645.12, EMA120=2648.42, 趋势=下跌趋势
[2025-06-13 22:36:02] ETHUSDT 4h: 当前价格=2514.48, EMA25=2648.70, EMA60=2623.12, EMA120=2577.50, 趋势=震荡行情
[2025-06-13 22:36:02] ETHUSDT 1d: 当前价格=2514.49, EMA25=2547.51, EMA60=2377.32, EMA120=2367.94, 趋势=震荡行情
==============================

===== 趋势分析结果 (2025-06-13 22:51:02) =====
[2025-06-13 22:51:01] BTCUSDT 15m: 当前价格=104483.30, EMA25=104683.84, EMA60=104880.37, EMA120=105591.89, 趋势=下跌趋势
[2025-06-13 22:51:01] BTCUSDT 1h: 当前价格=104471.20, EMA25=105348.90, EMA60=106520.01, EMA120=106875.54, 趋势=下跌趋势
[2025-06-13 22:51:01] BTCUSDT 4h: 当前价格=104467.80, EMA25=106789.27, EMA60=106598.11, EMA120=106012.12, 趋势=震荡行情
[2025-06-13 22:51:01] BTCUSDT 1d: 当前价格=104467.80, EMA25=105525.22, EMA60=101324.30, EMA120=96890.45, 趋势=震荡行情
[2025-06-13 22:51:02] ETHUSDT 15m: 当前价格=2522.79, EMA25=2531.56, EMA60=2549.28, EMA120=2598.64, 趋势=下跌趋势
[2025-06-13 22:51:02] ETHUSDT 1h: 当前价格=2522.53, EMA25=2583.19, EMA60=2645.38, EMA120=2648.55, 趋势=下跌趋势
[2025-06-13 22:51:02] ETHUSDT 4h: 当前价格=2522.79, EMA25=2649.34, EMA60=2623.39, EMA120=2577.63, 趋势=震荡行情
[2025-06-13 22:51:02] ETHUSDT 1d: 当前价格=2522.79, EMA25=2548.15, EMA60=2377.59, EMA120=2368.08, 趋势=震荡行情
==============================

===== 趋势分析结果 (2025-06-13 23:06:02) =====
[2025-06-13 23:06:01] BTCUSDT 15m: 当前价格=104906.00, EMA25=104731.67, EMA60=104894.94, EMA120=105587.58, 趋势=震荡行情
[2025-06-13 23:06:01] BTCUSDT 1h: 当前价格=104917.40, EMA25=105347.31, EMA60=106481.58, EMA120=106850.43, 趋势=下跌趋势
[2025-06-13 23:06:01] BTCUSDT 4h: 当前价格=104917.50, EMA25=106823.86, EMA60=106612.86, EMA120=106019.56, 趋势=震荡行情
[2025-06-13 23:06:01] BTCUSDT 1d: 当前价格=104921.80, EMA25=105560.14, EMA60=101339.18, EMA120=96897.95, 趋势=震荡行情
[2025-06-13 23:06:02] ETHUSDT 15m: 当前价格=2533.67, EMA25=2532.73, EMA60=2549.22, EMA120=2597.80, 趋势=震荡行情
[2025-06-13 23:06:02] ETHUSDT 1h: 当前价格=2533.67, EMA25=2580.41, EMA60=2642.18, EMA120=2646.89, 趋势=下跌趋势
[2025-06-13 23:06:02] ETHUSDT 4h: 当前价格=2533.85, EMA25=2650.19, EMA60=2623.75, EMA120=2577.82, 趋势=震荡行情
[2025-06-13 23:06:02] ETHUSDT 1d: 当前价格=2533.85, EMA25=2549.00, EMA60=2377.95, EMA120=2368.26, 趋势=震荡行情
==============================

===== 趋势分析结果 (2025-06-13 23:21:02) =====
[2025-06-13 23:21:01] BTCUSDT 15m: 当前价格=105528.10, EMA25=104831.06, EMA60=104932.73, EMA120=105595.31, 趋势=震荡行情
[2025-06-13 23:21:01] BTCUSDT 1h: 当前价格=105528.10, EMA25=105394.28, EMA60=106501.60, EMA120=106860.53, 趋势=震荡行情
[2025-06-13 23:21:01] BTCUSDT 4h: 当前价格=105537.90, EMA25=106871.59, EMA60=106633.20, EMA120=106029.81, 趋势=震荡行情
[2025-06-13 23:21:01] BTCUSDT 1d: 当前价格=105528.10, EMA25=105606.78, EMA60=101359.06, EMA120=96907.97, 趋势=震荡行情
[2025-06-13 23:21:02] ETHUSDT 15m: 当前价格=2545.96, EMA25=2534.75, EMA60=2549.56, EMA120=2597.17, 趋势=震荡行情
[2025-06-13 23:21:02] ETHUSDT 1h: 当前价格=2546.46, EMA25=2581.39, EMA60=2642.60, EMA120=2647.10, 趋势=下跌趋势
[2025-06-13 23:21:02] ETHUSDT 4h: 当前价格=2545.63, EMA25=2651.10, EMA60=2624.14, EMA120=2578.01, 趋势=震荡行情
[2025-06-13 23:21:02] ETHUSDT 1d: 当前价格=2546.65, EMA25=2549.98, EMA60=2378.37, EMA120=2368.47, 趋势=震荡行情
==============================

===== 趋势分析结果 (2025-06-13 23:36:02) =====
[2025-06-13 23:36:01] BTCUSDT 15m: 当前价格=105553.10, EMA25=104891.16, EMA60=104955.10, EMA120=105595.65, 趋势=震荡行情
[2025-06-13 23:36:01] BTCUSDT 1h: 当前价格=105553.00, EMA25=105396.20, EMA60=106502.42, EMA120=106860.94, 趋势=震荡行情
[2025-06-13 23:36:01] BTCUSDT 4h: 当前价格=105553.00, EMA25=106872.75, EMA60=106633.69, EMA120=106030.06, 趋势=震荡行情
[2025-06-13 23:36:01] BTCUSDT 1d: 当前价格=105553.10, EMA25=105608.70, EMA60=101359.88, EMA120=96908.39, 趋势=震荡行情
[2025-06-13 23:36:02] ETHUSDT 15m: 当前价格=2547.44, EMA25=2536.06, EMA60=2549.64, EMA120=2596.43, 趋势=震荡行情
[2025-06-13 23:36:02] ETHUSDT 1h: 当前价格=2548.45, EMA25=2581.55, EMA60=2642.66, EMA120=2647.13, 趋势=下跌趋势
[2025-06-13 23:36:02] ETHUSDT 4h: 当前价格=2548.45, EMA25=2651.31, EMA60=2624.23, EMA120=2578.06, 趋势=震荡行情
[2025-06-13 23:36:02] ETHUSDT 1d: 当前价格=2547.63, EMA25=2550.06, EMA60=2378.41, EMA120=2368.49, 趋势=震荡行情
==============================

