===== 趋势分析结果 (2025-06-14 12:49:42) =====
[2025-06-14 12:49:40] BTCUSDT 15m: 当前价格=105325.10, EMA25=105389.63, EMA60=105345.04, EMA120=105495.06, 趋势=震荡行情
[2025-06-14 12:49:40] BTCUSDT 1h: 当前价格=105325.10, EMA25=105428.49, EMA60=106131.00, EMA120=106585.44, 趋势=下跌趋势
[2025-06-14 12:49:41] BTCUSDT 4h: 当前价格=105325.10, EMA25=106459.48, EMA60=106474.78, EMA120=105986.75, 趋势=下跌趋势
[2025-06-14 12:49:41] BTCUSDT 1d: 当前价格=105325.10, EMA25=105620.56, EMA60=101504.92, EMA120=97055.43, 趋势=震荡行情
[2025-06-14 12:49:41] ETHUSDT 15m: 当前价格=2553.92, EMA25=2554.79, EMA60=2553.20, EMA120=2570.85, 趋势=震荡行情
[2025-06-14 12:49:41] ETHUSDT 1h: 当前价格=2553.92, EMA25=2563.43, EMA60=2611.08, EMA120=2628.70, 趋势=下跌趋势
[2025-06-14 12:49:42] ETHUSDT 4h: 当前价格=2553.92, EMA25=2624.21, EMA60=2615.23, EMA120=2576.39, 趋势=震荡行情
[2025-06-14 12:49:42] ETHUSDT 1d: 当前价格=2553.92, EMA25=2552.52, EMA60=2385.13, EMA120=2372.05, 趋势=上涨趋势
==============================

===== 趋势分析结果 (2025-06-14 13:04:44) =====
[2025-06-14 13:04:42] BTCUSDT 15m: 当前价格=105290.00, EMA25=105381.87, EMA60=105343.19, EMA120=105491.65, 趋势=震荡行情
[2025-06-14 13:04:43] BTCUSDT 1h: 当前价格=105290.00, EMA25=105417.74, EMA60=106103.38, EMA120=106564.00, 趋势=下跌趋势
[2025-06-14 13:04:43] BTCUSDT 4h: 当前价格=105290.00, EMA25=106456.78, EMA60=106473.63, EMA120=105986.17, 趋势=下跌趋势
[2025-06-14 13:04:43] BTCUSDT 1d: 当前价格=105288.60, EMA25=105617.75, EMA60=101503.73, EMA120=97054.82, 趋势=震荡行情
[2025-06-14 13:04:43] ETHUSDT 15m: 当前价格=2550.32, EMA25=2554.23, EMA60=2553.00, EMA120=2570.46, 趋势=震荡行情
[2025-06-14 13:04:44] ETHUSDT 1h: 当前价格=2550.32, EMA25=2562.20, EMA60=2608.99, EMA120=2627.35, 趋势=下跌趋势
[2025-06-14 13:04:44] ETHUSDT 4h: 当前价格=2550.32, EMA25=2623.93, EMA60=2615.11, EMA120=2576.33, 趋势=震荡行情
[2025-06-14 13:04:44] ETHUSDT 1d: 当前价格=2550.32, EMA25=2552.24, EMA60=2385.01, EMA120=2371.99, 趋势=震荡行情
==============================

===== 趋势分析结果 (2025-06-14 13:19:44) =====
[2025-06-14 13:19:42] BTCUSDT 15m: 当前价格=105220.30, EMA25=105365.85, EMA60=105337.55, EMA120=105486.35, 趋势=震荡行情
[2025-06-14 13:19:43] BTCUSDT 1h: 当前价格=105220.30, EMA25=105412.38, EMA60=106101.09, EMA120=106562.85, 趋势=下跌趋势
[2025-06-14 13:19:43] BTCUSDT 4h: 当前价格=105220.40, EMA25=106451.43, EMA60=106471.35, EMA120=105985.02, 趋势=下跌趋势
[2025-06-14 13:19:43] BTCUSDT 1d: 当前价格=105220.30, EMA25=105612.50, EMA60=101501.49, EMA120=97053.69, 趋势=震荡行情
[2025-06-14 13:19:43] ETHUSDT 15m: 当前价格=2547.81, EMA25=2553.48, EMA60=2552.72, EMA120=2570.03, 趋势=震荡行情
[2025-06-14 13:19:44] ETHUSDT 1h: 当前价格=2547.81, EMA25=2562.01, EMA60=2608.91, EMA120=2627.31, 趋势=下跌趋势
[2025-06-14 13:19:44] ETHUSDT 4h: 当前价格=2547.66, EMA25=2623.73, EMA60=2615.03, EMA120=2576.28, 趋势=震荡行情
[2025-06-14 13:19:44] ETHUSDT 1d: 当前价格=2547.66, EMA25=2552.03, EMA60=2384.92, EMA120=2371.95, 趋势=震荡行情
==============================

===== 趋势分析结果 (2025-06-14 13:34:44) =====
[2025-06-14 13:34:42] BTCUSDT 15m: 当前价格=105204.80, EMA25=105356.84, EMA60=105334.71, EMA120=105482.47, 趋势=震荡行情
[2025-06-14 13:34:43] BTCUSDT 1h: 当前价格=105204.80, EMA25=105411.18, EMA60=106100.59, EMA120=106562.59, 趋势=下跌趋势
[2025-06-14 13:34:43] BTCUSDT 4h: 当前价格=105204.90, EMA25=106450.23, EMA60=106470.84, EMA120=105984.77, 趋势=下跌趋势
[2025-06-14 13:34:43] BTCUSDT 1d: 当前价格=105204.90, EMA25=105611.31, EMA60=101500.98, EMA120=97053.44, 趋势=震荡行情
[2025-06-14 13:34:43] ETHUSDT 15m: 当前价格=2547.30, EMA25=2553.04, EMA60=2552.56, EMA120=2569.66, 趋势=震荡行情
[2025-06-14 13:34:44] ETHUSDT 1h: 当前价格=2547.30, EMA25=2561.97, EMA60=2608.89, EMA120=2627.30, 趋势=下跌趋势
[2025-06-14 13:34:44] ETHUSDT 4h: 当前价格=2547.31, EMA25=2623.70, EMA60=2615.02, EMA120=2576.28, 趋势=震荡行情
[2025-06-14 13:34:44] ETHUSDT 1d: 当前价格=2547.30, EMA25=2552.01, EMA60=2384.91, EMA120=2371.94, 趋势=震荡行情
==============================

===== 趋势分析结果 (2025-06-14 13:49:44) =====
[2025-06-14 13:49:42] BTCUSDT 15m: 当前价格=105302.80, EMA25=105358.94, EMA60=105336.46, EMA120=105480.95, 趋势=震荡行情
[2025-06-14 13:49:43] BTCUSDT 1h: 当前价格=105302.80, EMA25=105418.72, EMA60=106103.80, EMA120=106564.21, 趋势=下跌趋势
[2025-06-14 13:49:43] BTCUSDT 4h: 当前价格=105295.70, EMA25=106457.22, EMA60=106473.82, EMA120=105986.27, 趋势=下跌趋势
[2025-06-14 13:49:43] BTCUSDT 1d: 当前价格=105295.60, EMA25=105618.29, EMA60=101503.96, EMA120=97054.94, 趋势=震荡行情
[2025-06-14 13:49:43] ETHUSDT 15m: 当前价格=2553.90, EMA25=2553.47, EMA60=2552.77, EMA120=2569.48, 趋势=震荡行情
[2025-06-14 13:49:44] ETHUSDT 1h: 当前价格=2554.08, EMA25=2562.49, EMA60=2609.11, EMA120=2627.42, 趋势=下跌趋势
[2025-06-14 13:49:44] ETHUSDT 4h: 当前价格=2553.85, EMA25=2624.20, EMA60=2615.23, EMA120=2576.38, 趋势=震荡行情
[2025-06-14 13:49:44] ETHUSDT 1d: 当前价格=2553.90, EMA25=2552.51, EMA60=2385.12, EMA120=2372.05, 趋势=上涨趋势
==============================

===== 趋势分析结果 (2025-06-14 14:04:44) =====
[2025-06-14 14:04:42] BTCUSDT 15m: 当前价格=105217.90, EMA25=105343.47, EMA60=105330.51, EMA120=105475.55, 趋势=震荡行情
[2025-06-14 14:04:43] BTCUSDT 1h: 当前价格=105217.90, EMA25=105398.66, EMA60=106072.69, EMA120=106540.89, 趋势=下跌趋势
[2025-06-14 14:04:43] BTCUSDT 4h: 当前价格=105217.90, EMA25=106451.23, EMA60=106471.27, EMA120=105984.98, 趋势=下跌趋势
[2025-06-14 14:04:43] BTCUSDT 1d: 当前价格=105218.00, EMA25=105612.32, EMA60=101501.41, EMA120=97053.66, 趋势=震荡行情
[2025-06-14 14:04:43] ETHUSDT 15m: 当前价格=2551.54, EMA25=2553.10, EMA60=2552.63, EMA120=2569.13, 趋势=震荡行情
[2025-06-14 14:04:44] ETHUSDT 1h: 当前价格=2551.45, EMA25=2561.41, EMA60=2607.12, EMA120=2626.11, 趋势=下跌趋势
[2025-06-14 14:04:44] ETHUSDT 4h: 当前价格=2551.45, EMA25=2624.02, EMA60=2615.15, EMA120=2576.34, 趋势=震荡行情
[2025-06-14 14:04:44] ETHUSDT 1d: 当前价格=2551.45, EMA25=2552.33, EMA60=2385.04, EMA120=2372.01, 趋势=震荡行情
==============================

===== 趋势分析结果 (2025-06-14 14:19:48) =====
[2025-06-14 14:19:42] BTCUSDT 15m: 当前价格=105101.10, EMA25=105322.50, EMA60=105321.95, EMA120=105468.85, 趋势=震荡行情
[2025-06-14 14:19:43] BTCUSDT 1h: 当前价格=105101.20, EMA25=105389.68, EMA60=106068.87, EMA120=106538.96, 趋势=下跌趋势
[2025-06-14 14:19:45] BTCUSDT 4h: 当前价格=105101.10, EMA25=106442.25, EMA60=106467.44, EMA120=105983.05, 趋势=下跌趋势
[2025-06-14 14:19:47] BTCUSDT 1d: 当前价格=105101.10, EMA25=105603.33, EMA60=101497.58, EMA120=97051.72, 趋势=震荡行情
[2025-06-14 14:19:48] ETHUSDT 15m: 当前价格=2542.96, EMA25=2552.22, EMA60=2552.27, EMA120=2568.68, 趋势=下跌趋势
[2025-06-14 14:19:48] ETHUSDT 1h: 当前价格=2543.89, EMA25=2560.83, EMA60=2606.87, EMA120=2625.98, 趋势=下跌趋势
[2025-06-14 14:19:48] ETHUSDT 4h: 当前价格=2542.96, EMA25=2623.36, EMA60=2614.87, EMA120=2576.20, 趋势=震荡行情
[2025-06-14 14:19:48] ETHUSDT 1d: 当前价格=2543.89, EMA25=2551.74, EMA60=2384.80, EMA120=2371.89, 趋势=震荡行情
==============================

===== 趋势分析结果 (2025-06-14 14:34:44) =====
[2025-06-14 14:34:42] BTCUSDT 15m: 当前价格=105119.60, EMA25=105308.41, EMA60=105315.99, EMA120=105463.44, 趋势=下跌趋势
[2025-06-14 14:34:43] BTCUSDT 1h: 当前价格=105119.60, EMA25=105391.10, EMA60=106069.47, EMA120=106539.27, 趋势=下跌趋势
[2025-06-14 14:34:43] BTCUSDT 4h: 当前价格=105119.60, EMA25=106443.67, EMA60=106468.04, EMA120=105983.36, 趋势=下跌趋势
[2025-06-14 14:34:43] BTCUSDT 1d: 当前价格=105119.60, EMA25=105604.75, EMA60=101498.19, EMA120=97052.03, 趋势=震荡行情
[2025-06-14 14:34:43] ETHUSDT 15m: 当前价格=2543.62, EMA25=2551.63, EMA60=2552.02, EMA120=2568.28, 趋势=下跌趋势
[2025-06-14 14:34:44] ETHUSDT 1h: 当前价格=2543.62, EMA25=2560.81, EMA60=2606.86, EMA120=2625.98, 趋势=下跌趋势
[2025-06-14 14:34:44] ETHUSDT 4h: 当前价格=2543.62, EMA25=2623.42, EMA60=2614.89, EMA120=2576.22, 趋势=震荡行情
[2025-06-14 14:34:44] ETHUSDT 1d: 当前价格=2543.62, EMA25=2551.72, EMA60=2384.79, EMA120=2371.88, 趋势=震荡行情
==============================

===== 趋势分析结果 (2025-06-14 14:49:44) =====
[2025-06-14 14:49:42] BTCUSDT 15m: 当前价格=105112.50, EMA25=105295.11, EMA60=105310.11, EMA120=105458.06, 趋势=下跌趋势
[2025-06-14 14:49:43] BTCUSDT 1h: 当前价格=105112.40, EMA25=105390.54, EMA60=106069.23, EMA120=106539.15, 趋势=下跌趋势
[2025-06-14 14:49:43] BTCUSDT 4h: 当前价格=105112.50, EMA25=106443.13, EMA60=106467.81, EMA120=105983.24, 趋势=下跌趋势
[2025-06-14 14:49:43] BTCUSDT 1d: 当前价格=105112.50, EMA25=105604.20, EMA60=101497.95, EMA120=97051.91, 趋势=震荡行情
[2025-06-14 14:49:43] ETHUSDT 15m: 当前价格=2544.62, EMA25=2551.26, EMA60=2551.85, EMA120=2567.93, 趋势=下跌趋势
[2025-06-14 14:49:44] ETHUSDT 1h: 当前价格=2544.62, EMA25=2560.88, EMA60=2606.90, EMA120=2625.99, 趋势=下跌趋势
[2025-06-14 14:49:44] ETHUSDT 4h: 当前价格=2544.62, EMA25=2623.49, EMA60=2614.93, EMA120=2576.23, 趋势=震荡行情
[2025-06-14 14:49:44] ETHUSDT 1d: 当前价格=2544.62, EMA25=2551.80, EMA60=2384.82, EMA120=2371.90, 趋势=震荡行情
==============================

===== 趋势分析结果 (2025-06-14 15:04:44) =====
[2025-06-14 15:04:42] BTCUSDT 15m: 当前价格=105004.30, EMA25=105268.59, EMA60=105298.23, EMA120=105449.62, 趋势=下跌趋势
[2025-06-14 15:04:43] BTCUSDT 1h: 当前价格=105004.30, EMA25=105356.69, EMA60=106032.47, EMA120=106512.83, 趋势=下跌趋势
[2025-06-14 15:04:43] BTCUSDT 4h: 当前价格=105004.30, EMA25=106434.80, EMA60=106464.26, EMA120=105981.45, 趋势=下跌趋势
[2025-06-14 15:04:43] BTCUSDT 1d: 当前价格=105004.30, EMA25=105595.88, EMA60=101494.41, EMA120=97050.12, 趋势=震荡行情
[2025-06-14 15:04:43] ETHUSDT 15m: 当前价格=2539.36, EMA25=2550.17, EMA60=2551.36, EMA120=2567.42, 趋势=下跌趋势
[2025-06-14 15:04:44] ETHUSDT 1h: 当前价格=2539.37, EMA25=2559.05, EMA60=2604.60, EMA120=2624.52, 趋势=下跌趋势
[2025-06-14 15:04:44] ETHUSDT 4h: 当前价格=2539.36, EMA25=2623.09, EMA60=2614.76, EMA120=2576.14, 趋势=震荡行情
[2025-06-14 15:04:44] ETHUSDT 1d: 当前价格=2539.36, EMA25=2551.40, EMA60=2384.65, EMA120=2371.81, 趋势=震荡行情
==============================

===== 趋势分析结果 (2025-06-14 15:19:48) =====
[2025-06-14 15:19:44] BTCUSDT 15m: 当前价格=104826.20, EMA25=105226.73, EMA60=105279.25, EMA120=105437.55, 趋势=下跌趋势
[2025-06-14 15:19:45] BTCUSDT 1h: 当前价格=104826.30, EMA25=105342.99, EMA60=106026.63, EMA120=106509.89, 趋势=下跌趋势
[2025-06-14 15:19:45] BTCUSDT 4h: 当前价格=104826.30, EMA25=106421.11, EMA60=106458.43, EMA120=105978.51, 趋势=下跌趋势
[2025-06-14 15:19:45] BTCUSDT 1d: 当前价格=104826.30, EMA25=105582.19, EMA60=101488.57, EMA120=97047.18, 趋势=震荡行情
[2025-06-14 15:19:45] ETHUSDT 15m: 当前价格=2532.02, EMA25=2548.55, EMA60=2550.63, EMA120=2566.78, 趋势=下跌趋势
[2025-06-14 15:19:48] ETHUSDT 1h: 当前价格=2531.93, EMA25=2558.48, EMA60=2604.36, EMA120=2624.40, 趋势=下跌趋势
[2025-06-14 15:19:48] ETHUSDT 4h: 当前价格=2531.93, EMA25=2622.52, EMA60=2614.51, EMA120=2576.02, 趋势=震荡行情
[2025-06-14 15:19:48] ETHUSDT 1d: 当前价格=2531.93, EMA25=2550.82, EMA60=2384.40, EMA120=2371.69, 趋势=震荡行情
==============================

===== 趋势分析结果 (2025-06-14 15:34:44) =====
[2025-06-14 15:34:42] BTCUSDT 15m: 当前价格=104999.10, EMA25=105217.35, EMA60=105273.70, EMA120=105432.18, 趋势=下跌趋势
[2025-06-14 15:34:43] BTCUSDT 1h: 当前价格=104999.10, EMA25=105356.29, EMA60=106032.30, EMA120=106512.75, 趋势=下跌趋势
[2025-06-14 15:34:43] BTCUSDT 4h: 当前价格=104999.10, EMA25=106434.40, EMA60=106464.09, EMA120=105981.37, 趋势=下跌趋势
[2025-06-14 15:34:43] BTCUSDT 1d: 当前价格=104999.20, EMA25=105595.49, EMA60=101494.24, EMA120=97050.04, 趋势=震荡行情
[2025-06-14 15:34:43] ETHUSDT 15m: 当前价格=2537.98, EMA25=2547.89, EMA60=2550.28, EMA120=2566.34, 趋势=下跌趋势
[2025-06-14 15:34:44] ETHUSDT 1h: 当前价格=2537.98, EMA25=2558.94, EMA60=2604.56, EMA120=2624.50, 趋势=下跌趋势
[2025-06-14 15:34:44] ETHUSDT 4h: 当前价格=2537.97, EMA25=2622.98, EMA60=2614.71, EMA120=2576.12, 趋势=震荡行情
[2025-06-14 15:34:44] ETHUSDT 1d: 当前价格=2537.98, EMA25=2551.29, EMA60=2384.60, EMA120=2371.79, 趋势=震荡行情
==============================

===== 趋势分析结果 (2025-06-14 15:49:46) =====
[2025-06-14 15:49:44] BTCUSDT 15m: 当前价格=105035.10, EMA25=105210.72, EMA60=105269.18, EMA120=105427.33, 趋势=下跌趋势
[2025-06-14 15:49:45] BTCUSDT 1h: 当前价格=105039.80, EMA25=105359.42, EMA60=106033.63, EMA120=106513.42, 趋势=下跌趋势
[2025-06-14 15:49:45] BTCUSDT 4h: 当前价格=105039.80, EMA25=106437.53, EMA60=106465.43, EMA120=105982.04, 趋势=下跌趋势
[2025-06-14 15:49:45] BTCUSDT 1d: 当前价格=105035.10, EMA25=105598.25, EMA60=101495.42, EMA120=97050.63, 趋势=震荡行情
[2025-06-14 15:49:46] ETHUSDT 15m: 当前价格=2538.97, EMA25=2547.36, EMA60=2549.98, EMA120=2565.92, 趋势=下跌趋势
[2025-06-14 15:49:46] ETHUSDT 1h: 当前价格=2539.10, EMA25=2559.03, EMA60=2604.59, EMA120=2624.51, 趋势=下跌趋势
[2025-06-14 15:49:46] ETHUSDT 4h: 当前价格=2539.00, EMA25=2623.06, EMA60=2614.74, EMA120=2576.14, 趋势=震荡行情
[2025-06-14 15:49:46] ETHUSDT 1d: 当前价格=2539.10, EMA25=2551.38, EMA60=2384.64, EMA120=2371.81, 趋势=震荡行情
==============================

===== 趋势分析结果 (2025-06-14 16:04:44) =====
[2025-06-14 16:04:42] BTCUSDT 15m: 当前价格=104964.80, EMA25=105191.09, EMA60=105258.88, EMA120=105419.55, 趋势=下跌趋势
[2025-06-14 16:04:43] BTCUSDT 1h: 当前价格=104964.80, EMA25=105328.02, EMA60=105998.12, EMA120=106487.60, 趋势=下跌趋势
[2025-06-14 16:04:43] BTCUSDT 4h: 当前价格=104964.80, EMA25=106323.20, EMA60=106415.76, EMA120=105964.96, 趋势=下跌趋势
[2025-06-14 16:04:43] BTCUSDT 1d: 当前价格=104964.80, EMA25=105592.84, EMA60=101493.11, EMA120=97049.47, 趋势=震荡行情
[2025-06-14 16:04:43] ETHUSDT 15m: 当前价格=2531.60, EMA25=2545.93, EMA60=2549.28, EMA120=2565.31, 趋势=下跌趋势
[2025-06-14 16:04:44] ETHUSDT 1h: 当前价格=2531.60, EMA25=2556.69, EMA60=2602.10, EMA120=2622.93, 趋势=下跌趋势
[2025-06-14 16:04:44] ETHUSDT 4h: 当前价格=2531.60, EMA25=2615.80, EMA60=2611.92, EMA120=2575.35, 趋势=震荡行情
[2025-06-14 16:04:44] ETHUSDT 1d: 当前价格=2531.60, EMA25=2550.80, EMA60=2384.39, EMA120=2371.68, 趋势=震荡行情
==============================

===== 趋势分析结果 (2025-06-14 16:19:44) =====
[2025-06-14 16:19:42] BTCUSDT 15m: 当前价格=104898.00, EMA25=105160.95, EMA60=105243.66, EMA120=105409.21, 趋势=下跌趋势
[2025-06-14 16:19:43] BTCUSDT 1h: 当前价格=104897.90, EMA25=105322.87, EMA60=105995.93, EMA120=106486.49, 趋势=下跌趋势
[2025-06-14 16:19:43] BTCUSDT 4h: 当前价格=104898.00, EMA25=106318.06, EMA60=106413.57, EMA120=105963.86, 趋势=下跌趋势
[2025-06-14 16:19:43] BTCUSDT 1d: 当前价格=104898.00, EMA25=105587.70, EMA60=101490.92, EMA120=97048.37, 趋势=震荡行情
[2025-06-14 16:19:43] ETHUSDT 15m: 当前价格=2528.71, EMA25=2544.32, EMA60=2548.48, EMA120=2564.63, 趋势=下跌趋势
[2025-06-14 16:19:44] ETHUSDT 1h: 当前价格=2528.71, EMA25=2556.46, EMA60=2602.00, EMA120=2622.88, 趋势=下跌趋势
[2025-06-14 16:19:44] ETHUSDT 4h: 当前价格=2528.71, EMA25=2615.58, EMA60=2611.82, EMA120=2575.30, 趋势=震荡行情
[2025-06-14 16:19:44] ETHUSDT 1d: 当前价格=2528.71, EMA25=2550.58, EMA60=2384.30, EMA120=2371.64, 趋势=震荡行情
==============================

===== 趋势分析结果 (2025-06-14 16:34:44) =====
[2025-06-14 16:34:42] BTCUSDT 15m: 当前价格=104875.30, EMA25=105143.30, EMA60=105233.51, EMA120=105401.39, 趋势=下跌趋势
[2025-06-14 16:34:43] BTCUSDT 1h: 当前价格=104875.30, EMA25=105321.13, EMA60=105995.19, EMA120=106486.12, 趋势=下跌趋势
[2025-06-14 16:34:43] BTCUSDT 4h: 当前价格=104870.00, EMA25=106315.91, EMA60=106412.65, EMA120=105963.40, 趋势=下跌趋势
[2025-06-14 16:34:43] BTCUSDT 1d: 当前价格=104875.30, EMA25=105585.96, EMA60=101490.18, EMA120=97047.99, 趋势=震荡行情
[2025-06-14 16:34:43] ETHUSDT 15m: 当前价格=2527.47, EMA25=2543.30, EMA60=2547.91, EMA120=2564.08, 趋势=下跌趋势
[2025-06-14 16:34:44] ETHUSDT 1h: 当前价格=2527.20, EMA25=2556.35, EMA60=2601.95, EMA120=2622.85, 趋势=下跌趋势
[2025-06-14 16:34:44] ETHUSDT 4h: 当前价格=2527.47, EMA25=2615.48, EMA60=2611.78, EMA120=2575.28, 趋势=震荡行情
[2025-06-14 16:34:44] ETHUSDT 1d: 当前价格=2527.47, EMA25=2550.48, EMA60=2384.26, EMA120=2371.62, 趋势=震荡行情
==============================

===== 趋势分析结果 (2025-06-14 16:49:44) =====
[2025-06-14 16:49:42] BTCUSDT 15m: 当前价格=105069.80, EMA25=105148.30, EMA60=105232.90, EMA120=105398.37, 趋势=下跌趋势
[2025-06-14 16:49:43] BTCUSDT 1h: 当前价格=105069.80, EMA25=105336.10, EMA60=106001.56, EMA120=106489.33, 趋势=下跌趋势
[2025-06-14 16:49:43] BTCUSDT 4h: 当前价格=105069.80, EMA25=106331.28, EMA60=106419.20, EMA120=105966.70, 趋势=下跌趋势
[2025-06-14 16:49:43] BTCUSDT 1d: 当前价格=105069.80, EMA25=105600.92, EMA60=101496.55, EMA120=97051.21, 趋势=震荡行情
[2025-06-14 16:49:43] ETHUSDT 15m: 当前价格=2534.47, EMA25=2543.16, EMA60=2547.71, EMA120=2563.72, 趋势=下跌趋势
[2025-06-14 16:49:44] ETHUSDT 1h: 当前价格=2534.83, EMA25=2556.93, EMA60=2602.20, EMA120=2622.98, 趋势=下跌趋势
[2025-06-14 16:49:44] ETHUSDT 4h: 当前价格=2534.83, EMA25=2616.05, EMA60=2612.02, EMA120=2575.40, 趋势=震荡行情
[2025-06-14 16:49:44] ETHUSDT 1d: 当前价格=2534.83, EMA25=2551.05, EMA60=2384.50, EMA120=2371.74, 趋势=震荡行情
==============================

===== 趋势分析结果 (2025-06-14 17:04:44) =====
[2025-06-14 17:04:42] BTCUSDT 15m: 当前价格=105004.10, EMA25=105135.81, EMA60=105224.78, EMA120=105391.56, 趋势=下跌趋势
[2025-06-14 17:04:43] BTCUSDT 1h: 当前价格=105004.10, EMA25=105309.16, EMA60=105968.23, EMA120=106464.47, 趋势=下跌趋势
[2025-06-14 17:04:43] BTCUSDT 4h: 当前价格=105004.20, EMA25=106326.23, EMA60=106417.05, EMA120=105965.62, 趋势=下跌趋势
[2025-06-14 17:04:43] BTCUSDT 1d: 当前价格=105004.10, EMA25=105595.86, EMA60=101494.40, EMA120=97050.12, 趋势=震荡行情
[2025-06-14 17:04:43] ETHUSDT 15m: 当前价格=2531.03, EMA25=2542.23, EMA60=2547.17, EMA120=2563.18, 趋势=下跌趋势
[2025-06-14 17:04:44] ETHUSDT 1h: 当前价格=2531.04, EMA25=2554.92, EMA60=2599.86, EMA120=2621.45, 趋势=下跌趋势
[2025-06-14 17:04:44] ETHUSDT 4h: 当前价格=2531.03, EMA25=2615.75, EMA60=2611.90, EMA120=2575.34, 趋势=震荡行情
[2025-06-14 17:04:44] ETHUSDT 1d: 当前价格=2531.03, EMA25=2550.76, EMA60=2384.38, EMA120=2371.68, 趋势=震荡行情
==============================

===== 趋势分析结果 (2025-06-14 17:19:44) =====
[2025-06-14 17:19:42] BTCUSDT 15m: 当前价格=104997.20, EMA25=105124.32, EMA60=105216.94, EMA120=105384.87, 趋势=下跌趋势
[2025-06-14 17:19:43] BTCUSDT 1h: 当前价格=104997.20, EMA25=105308.63, EMA60=105968.01, EMA120=106464.36, 趋势=下跌趋势
[2025-06-14 17:19:43] BTCUSDT 4h: 当前价格=104997.20, EMA25=106325.70, EMA60=106416.82, EMA120=105965.50, 趋势=下跌趋势
[2025-06-14 17:19:43] BTCUSDT 1d: 当前价格=104997.20, EMA25=105595.33, EMA60=101494.17, EMA120=97050.01, 趋势=震荡行情
[2025-06-14 17:19:43] ETHUSDT 15m: 当前价格=2530.17, EMA25=2541.15, EMA60=2546.54, EMA120=2562.60, 趋势=下跌趋势
[2025-06-14 17:19:44] ETHUSDT 1h: 当前价格=2530.09, EMA25=2554.85, EMA60=2599.83, EMA120=2621.44, 趋势=下跌趋势
[2025-06-14 17:19:44] ETHUSDT 4h: 当前价格=2530.10, EMA25=2615.68, EMA60=2611.87, EMA120=2575.33, 趋势=震荡行情
[2025-06-14 17:19:44] ETHUSDT 1d: 当前价格=2530.09, EMA25=2550.68, EMA60=2384.34, EMA120=2371.66, 趋势=震荡行情
==============================

===== 趋势分析结果 (2025-06-14 17:34:44) =====
[2025-06-14 17:34:42] BTCUSDT 15m: 当前价格=104915.60, EMA25=105105.33, EMA60=105205.75, EMA120=105376.47, 趋势=下跌趋势
[2025-06-14 17:34:43] BTCUSDT 1h: 当前价格=104915.60, EMA25=105302.35, EMA60=105965.33, EMA120=106463.01, 趋势=下跌趋势
[2025-06-14 17:34:43] BTCUSDT 4h: 当前价格=104915.60, EMA25=106319.42, EMA60=106414.15, EMA120=105964.15, 趋势=下跌趋势
[2025-06-14 17:34:43] BTCUSDT 1d: 当前价格=104915.60, EMA25=105589.06, EMA60=101491.50, EMA120=97048.66, 趋势=震荡行情
[2025-06-14 17:34:43] ETHUSDT 15m: 当前价格=2528.56, EMA25=2540.10, EMA60=2545.91, EMA120=2562.02, 趋势=下跌趋势
[2025-06-14 17:34:44] ETHUSDT 1h: 当前价格=2528.56, EMA25=2554.73, EMA60=2599.78, EMA120=2621.41, 趋势=下跌趋势
[2025-06-14 17:34:44] ETHUSDT 4h: 当前价格=2528.29, EMA25=2615.54, EMA60=2611.81, EMA120=2575.30, 趋势=震荡行情
[2025-06-14 17:34:44] ETHUSDT 1d: 当前价格=2528.56, EMA25=2550.57, EMA60=2384.29, EMA120=2371.63, 趋势=震荡行情
==============================

===== 趋势分析结果 (2025-06-14 17:49:44) =====
[2025-06-14 17:49:42] BTCUSDT 15m: 当前价格=104834.90, EMA25=105083.78, EMA60=105193.26, EMA120=105367.38, 趋势=下跌趋势
[2025-06-14 17:49:43] BTCUSDT 1h: 当前价格=104834.90, EMA25=105296.14, EMA60=105962.69, EMA120=106461.68, 趋势=下跌趋势
[2025-06-14 17:49:43] BTCUSDT 4h: 当前价格=104834.90, EMA25=106313.21, EMA60=106411.50, EMA120=105962.82, 趋势=下跌趋势
[2025-06-14 17:49:43] BTCUSDT 1d: 当前价格=104834.90, EMA25=105582.85, EMA60=101488.85, EMA120=97047.32, 趋势=震荡行情
[2025-06-14 17:49:43] ETHUSDT 15m: 当前价格=2523.49, EMA25=2538.79, EMA60=2545.17, EMA120=2561.37, 趋势=下跌趋势
[2025-06-14 17:49:44] ETHUSDT 1h: 当前价格=2523.48, EMA25=2554.34, EMA60=2599.61, EMA120=2621.33, 趋势=下跌趋势
[2025-06-14 17:49:44] ETHUSDT 4h: 当前价格=2523.17, EMA25=2615.15, EMA60=2611.64, EMA120=2575.21, 趋势=震荡行情
[2025-06-14 17:49:44] ETHUSDT 1d: 当前价格=2523.49, EMA25=2550.18, EMA60=2384.13, EMA120=2371.55, 趋势=震荡行情
==============================

===== 趋势分析结果 (2025-06-14 18:04:44) =====
[2025-06-14 18:04:42] BTCUSDT 15m: 当前价格=104852.20, EMA25=105064.56, EMA60=105181.45, EMA120=105358.56, 趋势=下跌趋势
[2025-06-14 18:04:43] BTCUSDT 1h: 当前价格=104852.20, EMA25=105260.58, EMA60=105925.65, EMA120=106434.77, 趋势=下跌趋势
[2025-06-14 18:04:43] BTCUSDT 4h: 当前价格=104852.20, EMA25=106314.54, EMA60=106412.07, EMA120=105963.10, 趋势=下跌趋势
[2025-06-14 18:04:43] BTCUSDT 1d: 当前价格=104852.20, EMA25=105584.18, EMA60=101489.42, EMA120=97047.61, 趋势=震荡行情
[2025-06-14 18:04:43] ETHUSDT 15m: 当前价格=2523.82, EMA25=2537.53, EMA60=2544.42, EMA120=2560.73, 趋势=下跌趋势
[2025-06-14 18:04:44] ETHUSDT 1h: 当前价格=2523.82, EMA25=2551.88, EMA60=2597.08, EMA120=2619.69, 趋势=下跌趋势
[2025-06-14 18:04:44] ETHUSDT 4h: 当前价格=2523.82, EMA25=2615.20, EMA60=2611.66, EMA120=2575.22, 趋势=震荡行情
[2025-06-14 18:04:44] ETHUSDT 1d: 当前价格=2523.82, EMA25=2550.20, EMA60=2384.14, EMA120=2371.56, 趋势=震荡行情
==============================

===== 趋势分析结果 (2025-06-14 18:19:44) =====
[2025-06-14 18:19:42] BTCUSDT 15m: 当前价格=104854.50, EMA25=105053.16, EMA60=105172.85, EMA120=105351.35, 趋势=下跌趋势
[2025-06-14 18:19:43] BTCUSDT 1h: 当前价格=104854.40, EMA25=105260.75, EMA60=105925.72, EMA120=106434.81, 趋势=下跌趋势
[2025-06-14 18:19:43] BTCUSDT 4h: 当前价格=104854.50, EMA25=106314.72, EMA60=106412.14, EMA120=105963.14, 趋势=下跌趋势
[2025-06-14 18:19:43] BTCUSDT 1d: 当前价格=104854.50, EMA25=105584.36, EMA60=101489.49, EMA120=97047.65, 趋势=震荡行情
[2025-06-14 18:19:43] ETHUSDT 15m: 当前价格=2523.41, EMA25=2536.57, EMA60=2543.78, EMA120=2560.14, 趋势=下跌趋势
[2025-06-14 18:19:44] ETHUSDT 1h: 当前价格=2523.41, EMA25=2551.85, EMA60=2597.06, EMA120=2619.69, 趋势=下跌趋势
[2025-06-14 18:19:44] ETHUSDT 4h: 当前价格=2523.41, EMA25=2615.17, EMA60=2611.65, EMA120=2575.22, 趋势=震荡行情
[2025-06-14 18:19:44] ETHUSDT 1d: 当前价格=2523.40, EMA25=2550.17, EMA60=2384.12, EMA120=2371.55, 趋势=震荡行情
==============================

===== 趋势分析结果 (2025-06-14 18:34:44) =====
[2025-06-14 18:34:42] BTCUSDT 15m: 当前价格=105059.10, EMA25=105059.83, EMA60=105171.90, EMA120=105347.97, 趋势=下跌趋势
[2025-06-14 18:34:43] BTCUSDT 1h: 当前价格=105059.10, EMA25=105276.50, EMA60=105932.43, EMA120=106438.19, 趋势=下跌趋势
[2025-06-14 18:34:43] BTCUSDT 4h: 当前价格=105051.80, EMA25=106329.90, EMA60=106418.61, EMA120=105966.40, 趋势=下跌趋势
[2025-06-14 18:34:43] BTCUSDT 1d: 当前价格=105051.70, EMA25=105599.53, EMA60=101495.96, EMA120=97050.91, 趋势=震荡行情
[2025-06-14 18:34:43] ETHUSDT 15m: 当前价格=2533.52, EMA25=2536.73, EMA60=2543.63, EMA120=2559.79, 趋势=下跌趋势
[2025-06-14 18:34:44] ETHUSDT 1h: 当前价格=2533.37, EMA25=2552.62, EMA60=2597.39, EMA120=2619.85, 趋势=下跌趋势
[2025-06-14 18:34:44] ETHUSDT 4h: 当前价格=2533.37, EMA25=2615.93, EMA60=2611.97, EMA120=2575.38, 趋势=震荡行情
[2025-06-14 18:34:44] ETHUSDT 1d: 当前价格=2533.37, EMA25=2550.94, EMA60=2384.45, EMA120=2371.71, 趋势=震荡行情
==============================

===== 趋势分析结果 (2025-06-14 18:49:44) =====
[2025-06-14 18:49:42] BTCUSDT 15m: 当前价格=104968.90, EMA25=105045.45, EMA60=105161.94, EMA120=105340.04, 趋势=下跌趋势
[2025-06-14 18:49:43] BTCUSDT 1h: 当前价格=104968.90, EMA25=105269.56, EMA60=105929.47, EMA120=106436.70, 趋势=下跌趋势
[2025-06-14 18:49:43] BTCUSDT 4h: 当前价格=104969.00, EMA25=106323.53, EMA60=106415.90, EMA120=105965.03, 趋势=下跌趋势
[2025-06-14 18:49:43] BTCUSDT 1d: 当前价格=104968.90, EMA25=105593.16, EMA60=101493.25, EMA120=97049.54, 趋势=震荡行情
[2025-06-14 18:49:43] ETHUSDT 15m: 当前价格=2530.57, EMA25=2535.90, EMA60=2543.04, EMA120=2559.22, 趋势=下跌趋势
[2025-06-14 18:49:44] ETHUSDT 1h: 当前价格=2530.56, EMA25=2552.40, EMA60=2597.30, EMA120=2619.80, 趋势=下跌趋势
[2025-06-14 18:49:44] ETHUSDT 4h: 当前价格=2530.57, EMA25=2615.72, EMA60=2611.88, EMA120=2575.33, 趋势=震荡行情
[2025-06-14 18:49:44] ETHUSDT 1d: 当前价格=2530.57, EMA25=2550.72, EMA60=2384.36, EMA120=2371.67, 趋势=震荡行情
==============================

===== 趋势分析结果 (2025-06-14 19:04:44) =====
[2025-06-14 19:04:42] BTCUSDT 15m: 当前价格=104968.50, EMA25=105038.42, EMA60=105155.11, EMA120=105333.68, 趋势=下跌趋势
[2025-06-14 19:04:43] BTCUSDT 1h: 当前价格=104966.70, EMA25=105245.15, EMA60=105897.41, EMA120=106412.17, 趋势=下跌趋势
[2025-06-14 19:04:43] BTCUSDT 4h: 当前价格=104968.50, EMA25=106323.49, EMA60=106415.88, EMA120=105965.02, 趋势=下跌趋势
[2025-06-14 19:04:43] BTCUSDT 1d: 当前价格=104966.60, EMA25=105592.98, EMA60=101493.17, EMA120=97049.50, 趋势=震荡行情
[2025-06-14 19:04:43] ETHUSDT 15m: 当前价格=2532.07, EMA25=2535.54, EMA60=2542.65, EMA120=2558.76, 趋势=下跌趋势
[2025-06-14 19:04:44] ETHUSDT 1h: 当前价格=2532.08, EMA25=2550.78, EMA60=2595.13, EMA120=2618.34, 趋势=下跌趋势
[2025-06-14 19:04:44] ETHUSDT 4h: 当前价格=2532.08, EMA25=2615.84, EMA60=2611.93, EMA120=2575.36, 趋势=震荡行情
[2025-06-14 19:04:44] ETHUSDT 1d: 当前价格=2532.08, EMA25=2550.84, EMA60=2384.41, EMA120=2371.69, 趋势=震荡行情
==============================

===== 趋势分析结果 (2025-06-14 19:19:44) =====
[2025-06-14 19:19:42] BTCUSDT 15m: 当前价格=104973.40, EMA25=105030.69, EMA60=105147.93, EMA120=105327.13, 趋势=下跌趋势
[2025-06-14 19:19:43] BTCUSDT 1h: 当前价格=104973.50, EMA25=105245.68, EMA60=105897.63, EMA120=106412.28, 趋势=下跌趋势
[2025-06-14 19:19:43] BTCUSDT 4h: 当前价格=104973.50, EMA25=106323.87, EMA60=106416.04, EMA120=105965.11, 趋势=下跌趋势
[2025-06-14 19:19:43] BTCUSDT 1d: 当前价格=104973.50, EMA25=105593.51, EMA60=101493.40, EMA120=97049.62, 趋势=震荡行情
[2025-06-14 19:19:43] ETHUSDT 15m: 当前价格=2536.29, EMA25=2535.63, EMA60=2542.46, EMA120=2558.40, 趋势=震荡行情
[2025-06-14 19:19:44] ETHUSDT 1h: 当前价格=2536.28, EMA25=2551.10, EMA60=2595.27, EMA120=2618.41, 趋势=下跌趋势
[2025-06-14 19:19:44] ETHUSDT 4h: 当前价格=2536.62, EMA25=2616.18, EMA60=2612.08, EMA120=2575.43, 趋势=震荡行情
[2025-06-14 19:19:44] ETHUSDT 1d: 当前价格=2536.28, EMA25=2551.16, EMA60=2384.55, EMA120=2371.76, 趋势=震荡行情
==============================

===== 趋势分析结果 (2025-06-14 19:34:44) =====
[2025-06-14 19:34:42] BTCUSDT 15m: 当前价格=104973.90, EMA25=105024.84, EMA60=105141.56, EMA120=105320.98, 趋势=下跌趋势
[2025-06-14 19:34:43] BTCUSDT 1h: 当前价格=104973.90, EMA25=105245.71, EMA60=105897.65, EMA120=106412.29, 趋势=下跌趋势
[2025-06-14 19:34:43] BTCUSDT 4h: 当前价格=104973.80, EMA25=106323.90, EMA60=106416.05, EMA120=105965.11, 趋势=下跌趋势
[2025-06-14 19:34:43] BTCUSDT 1d: 当前价格=104973.90, EMA25=105593.54, EMA60=101493.41, EMA120=97049.62, 趋势=震荡行情
[2025-06-14 19:34:43] ETHUSDT 15m: 当前价格=2533.29, EMA25=2535.31, EMA60=2542.09, EMA120=2557.95, 趋势=下跌趋势
[2025-06-14 19:34:44] ETHUSDT 1h: 当前价格=2533.30, EMA25=2550.87, EMA60=2595.17, EMA120=2618.36, 趋势=下跌趋势
[2025-06-14 19:34:44] ETHUSDT 4h: 当前价格=2533.29, EMA25=2615.93, EMA60=2611.97, EMA120=2575.38, 趋势=震荡行情
[2025-06-14 19:34:44] ETHUSDT 1d: 当前价格=2533.29, EMA25=2550.93, EMA60=2384.45, EMA120=2371.71, 趋势=震荡行情
==============================

===== 趋势分析结果 (2025-06-14 19:49:44) =====
[2025-06-14 19:49:42] BTCUSDT 15m: 当前价格=104960.10, EMA25=105016.35, EMA60=105134.05, EMA120=105314.24, 趋势=下跌趋势
[2025-06-14 19:49:43] BTCUSDT 1h: 当前价格=104960.10, EMA25=105244.65, EMA60=105897.20, EMA120=106412.06, 趋势=下跌趋势
[2025-06-14 19:49:43] BTCUSDT 4h: 当前价格=104960.00, EMA25=106322.83, EMA60=106415.60, EMA120=105964.88, 趋势=下跌趋势
[2025-06-14 19:49:43] BTCUSDT 1d: 当前价格=104960.10, EMA25=105592.48, EMA60=101492.96, EMA120=97049.39, 趋势=震荡行情
[2025-06-14 19:49:43] ETHUSDT 15m: 当前价格=2531.61, EMA25=2534.81, EMA60=2541.65, EMA120=2557.46, 趋势=下跌趋势
[2025-06-14 19:49:44] ETHUSDT 1h: 当前价格=2531.61, EMA25=2550.74, EMA60=2595.12, EMA120=2618.33, 趋势=下跌趋势
[2025-06-14 19:49:44] ETHUSDT 4h: 当前价格=2531.61, EMA25=2615.80, EMA60=2611.92, EMA120=2575.35, 趋势=震荡行情
[2025-06-14 19:49:44] ETHUSDT 1d: 当前价格=2531.61, EMA25=2550.80, EMA60=2384.39, EMA120=2371.68, 趋势=震荡行情
==============================

===== 趋势分析结果 (2025-06-14 20:04:44) =====
[2025-06-14 20:04:42] BTCUSDT 15m: 当前价格=105030.70, EMA25=105022.46, EMA60=105132.89, EMA120=105310.73, 趋势=震荡行情
[2025-06-14 20:04:43] BTCUSDT 1h: 当前价格=105030.70, EMA25=105233.19, EMA60=105871.02, EMA120=106390.40, 趋势=下跌趋势
[2025-06-14 20:04:43] BTCUSDT 4h: 当前价格=105030.70, EMA25=106228.45, EMA60=106372.43, EMA120=105950.57, 趋势=下跌趋势
[2025-06-14 20:04:43] BTCUSDT 1d: 当前价格=105030.70, EMA25=105597.91, EMA60=101495.27, EMA120=97050.56, 趋势=震荡行情
[2025-06-14 20:04:43] ETHUSDT 15m: 当前价格=2536.00, EMA25=2535.29, EMA60=2541.64, EMA120=2557.20, 趋势=震荡行情
[2025-06-14 20:04:44] ETHUSDT 1h: 当前价格=2536.12, EMA25=2550.00, EMA60=2593.36, EMA120=2617.06, 趋势=下跌趋势
[2025-06-14 20:04:44] ETHUSDT 4h: 当前价格=2536.12, EMA25=2610.05, EMA60=2609.60, EMA120=2574.79, 趋势=震荡行情
[2025-06-14 20:04:44] ETHUSDT 1d: 当前价格=2535.67, EMA25=2551.11, EMA60=2384.53, EMA120=2371.75, 趋势=震荡行情
==============================

===== 趋势分析结果 (2025-06-14 20:19:44) =====
[2025-06-14 20:19:42] BTCUSDT 15m: 当前价格=104900.00, EMA25=105004.28, EMA60=105121.34, EMA120=105301.98, 趋势=下跌趋势
[2025-06-14 20:19:43] BTCUSDT 1h: 当前价格=104900.00, EMA25=105223.14, EMA60=105866.74, EMA120=106388.24, 趋势=下跌趋势
[2025-06-14 20:19:43] BTCUSDT 4h: 当前价格=104900.10, EMA25=106218.41, EMA60=106368.15, EMA120=105948.41, 趋势=下跌趋势
[2025-06-14 20:19:43] BTCUSDT 1d: 当前价格=104900.00, EMA25=105587.86, EMA60=101490.99, EMA120=97048.40, 趋势=震荡行情
[2025-06-14 20:19:43] ETHUSDT 15m: 当前价格=2531.92, EMA25=2534.77, EMA60=2541.20, EMA120=2556.72, 趋势=下跌趋势
[2025-06-14 20:19:44] ETHUSDT 1h: 当前价格=2531.66, EMA25=2549.66, EMA60=2593.21, EMA120=2616.99, 趋势=下跌趋势
[2025-06-14 20:19:44] ETHUSDT 4h: 当前价格=2531.65, EMA25=2609.71, EMA60=2609.46, EMA120=2574.72, 趋势=震荡行情
[2025-06-14 20:19:44] ETHUSDT 1d: 当前价格=2531.65, EMA25=2550.80, EMA60=2384.40, EMA120=2371.69, 趋势=震荡行情
==============================

===== 趋势分析结果 (2025-06-14 20:34:44) =====
[2025-06-14 20:34:42] BTCUSDT 15m: 当前价格=104871.50, EMA25=104991.50, EMA60=105112.01, EMA120=105294.31, 趋势=下跌趋势
[2025-06-14 20:34:43] BTCUSDT 1h: 当前价格=104871.50, EMA25=105220.95, EMA60=105865.80, EMA120=106387.77, 趋势=下跌趋势
[2025-06-14 20:34:43] BTCUSDT 4h: 当前价格=104871.50, EMA25=106216.21, EMA60=106367.21, EMA120=105947.93, 趋势=下跌趋势
[2025-06-14 20:34:43] BTCUSDT 1d: 当前价格=104871.50, EMA25=105585.66, EMA60=101490.05, EMA120=97047.93, 趋势=震荡行情
[2025-06-14 20:34:43] ETHUSDT 15m: 当前价格=2531.99, EMA25=2534.47, EMA60=2540.86, EMA120=2556.29, 趋势=下跌趋势
[2025-06-14 20:34:44] ETHUSDT 1h: 当前价格=2531.99, EMA25=2549.68, EMA60=2593.22, EMA120=2616.99, 趋势=下跌趋势
[2025-06-14 20:34:44] ETHUSDT 4h: 当前价格=2531.99, EMA25=2609.74, EMA60=2609.47, EMA120=2574.72, 趋势=震荡行情
[2025-06-14 20:34:44] ETHUSDT 1d: 当前价格=2532.00, EMA25=2550.83, EMA60=2384.41, EMA120=2371.69, 趋势=震荡行情
==============================

===== 趋势分析结果 (2025-06-14 20:49:44) =====
[2025-06-14 20:49:42] BTCUSDT 15m: 当前价格=104793.40, EMA25=104968.95, EMA60=105098.30, EMA120=105284.40, 趋势=下跌趋势
[2025-06-14 20:49:43] BTCUSDT 1h: 当前价格=104793.40, EMA25=105214.94, EMA60=105863.24, EMA120=106386.48, 趋势=下跌趋势
[2025-06-14 20:49:43] BTCUSDT 4h: 当前价格=104793.50, EMA25=106210.21, EMA60=106364.66, EMA120=105946.64, 趋势=下跌趋势
[2025-06-14 20:49:43] BTCUSDT 1d: 当前价格=104793.50, EMA25=105579.66, EMA60=101487.49, EMA120=97046.64, 趋势=震荡行情
[2025-06-14 20:49:43] ETHUSDT 15m: 当前价格=2531.82, EMA25=2534.08, EMA60=2540.49, EMA120=2555.85, 趋势=下跌趋势
[2025-06-14 20:49:44] ETHUSDT 1h: 当前价格=2531.57, EMA25=2549.65, EMA60=2593.21, EMA120=2616.99, 趋势=下跌趋势
[2025-06-14 20:49:44] ETHUSDT 4h: 当前价格=2531.82, EMA25=2609.72, EMA60=2609.46, EMA120=2574.72, 趋势=震荡行情
[2025-06-14 20:49:44] ETHUSDT 1d: 当前价格=2531.82, EMA25=2550.82, EMA60=2384.40, EMA120=2371.69, 趋势=震荡行情
==============================

===== 趋势分析结果 (2025-06-14 21:04:48) =====
[2025-06-14 21:04:43] BTCUSDT 15m: 当前价格=105048.60, EMA25=104989.75, EMA60=105103.22, EMA120=105283.91, 趋势=震荡行情
[2025-06-14 21:04:44] BTCUSDT 1h: 当前价格=105044.90, EMA25=105216.54, EMA60=105842.96, EMA120=106367.70, 趋势=下跌趋势
[2025-06-14 21:04:44] BTCUSDT 4h: 当前价格=105048.20, EMA25=106229.80, EMA60=106373.01, EMA120=105950.85, 趋势=下跌趋势
[2025-06-14 21:04:45] BTCUSDT 1d: 当前价格=105048.20, EMA25=105599.26, EMA60=101495.85, EMA120=97050.85, 趋势=震荡行情
[2025-06-14 21:04:45] ETHUSDT 15m: 当前价格=2542.84, EMA25=2535.01, EMA60=2540.67, EMA120=2555.69, 趋势=震荡行情
[2025-06-14 21:04:47] ETHUSDT 1h: 当前价格=2542.84, EMA25=2549.40, EMA60=2591.67, EMA120=2615.82, 趋势=下跌趋势
[2025-06-14 21:04:48] ETHUSDT 4h: 当前价格=2542.84, EMA25=2610.57, EMA60=2609.82, EMA120=2574.90, 趋势=震荡行情
[2025-06-14 21:04:48] ETHUSDT 1d: 当前价格=2543.00, EMA25=2551.68, EMA60=2384.77, EMA120=2371.87, 趋势=震荡行情
==============================

===== 趋势分析结果 (2025-06-14 21:19:47) =====
[2025-06-14 21:19:42] BTCUSDT 15m: 当前价格=104914.40, EMA25=104978.44, EMA60=105094.57, EMA120=105276.59, 趋势=下跌趋势
[2025-06-14 21:19:44] BTCUSDT 1h: 当前价格=104914.40, EMA25=105206.50, EMA60=105838.69, EMA120=106365.55, 趋势=下跌趋势
[2025-06-14 21:19:45] BTCUSDT 4h: 当前价格=104907.30, EMA25=106218.96, EMA60=106368.39, EMA120=105948.53, 趋势=下跌趋势
[2025-06-14 21:19:46] BTCUSDT 1d: 当前价格=104907.30, EMA25=105588.42, EMA60=101491.23, EMA120=97048.52, 趋势=震荡行情
[2025-06-14 21:19:46] ETHUSDT 15m: 当前价格=2535.53, EMA25=2534.79, EMA60=2540.39, EMA120=2555.30, 趋势=震荡行情
[2025-06-14 21:19:46] ETHUSDT 1h: 当前价格=2535.51, EMA25=2548.83, EMA60=2591.43, EMA120=2615.70, 趋势=下跌趋势
[2025-06-14 21:19:47] ETHUSDT 4h: 当前价格=2535.41, EMA25=2610.00, EMA60=2609.58, EMA120=2574.78, 趋势=震荡行情
[2025-06-14 21:19:47] ETHUSDT 1d: 当前价格=2535.51, EMA25=2551.10, EMA60=2384.52, EMA120=2371.75, 趋势=震荡行情
==============================

===== 趋势分析结果 (2025-06-14 21:34:50) =====
[2025-06-14 21:34:43] BTCUSDT 15m: 当前价格=104907.70, EMA25=104970.51, EMA60=105087.33, EMA120=105269.97, 趋势=下跌趋势
[2025-06-14 21:34:44] BTCUSDT 1h: 当前价格=104907.80, EMA25=105205.99, EMA60=105838.47, EMA120=106365.44, 趋势=下跌趋势
[2025-06-14 21:34:46] BTCUSDT 4h: 当前价格=104907.70, EMA25=106218.99, EMA60=106368.40, EMA120=105948.53, 趋势=下跌趋势
[2025-06-14 21:34:47] BTCUSDT 1d: 当前价格=104907.80, EMA25=105588.46, EMA60=101491.24, EMA120=97048.53, 趋势=震荡行情
[2025-06-14 21:34:48] ETHUSDT 15m: 当前价格=2533.32, EMA25=2534.78, EMA60=2540.21, EMA120=2554.96, 趋势=下跌趋势
[2025-06-14 21:34:49] ETHUSDT 1h: 当前价格=2533.32, EMA25=2548.66, EMA60=2591.36, EMA120=2615.66, 趋势=下跌趋势
[2025-06-14 21:34:50] ETHUSDT 4h: 当前价格=2533.31, EMA25=2609.84, EMA60=2609.51, EMA120=2574.74, 趋势=震荡行情
[2025-06-14 21:34:50] ETHUSDT 1d: 当前价格=2533.31, EMA25=2550.93, EMA60=2384.45, EMA120=2371.71, 趋势=震荡行情
==============================

===== 趋势分析结果 (2025-06-14 21:49:49) =====
[2025-06-14 21:49:42] BTCUSDT 15m: 当前价格=104899.30, EMA25=104966.51, EMA60=105081.82, EMA120=105264.22, 趋势=下跌趋势
[2025-06-14 21:49:43] BTCUSDT 1h: 当前价格=104899.30, EMA25=105205.34, EMA60=105838.19, EMA120=106365.30, 趋势=下跌趋势
[2025-06-14 21:49:43] BTCUSDT 4h: 当前价格=104899.20, EMA25=106218.34, EMA60=106368.12, EMA120=105948.39, 趋势=下跌趋势
[2025-06-14 21:49:45] BTCUSDT 1d: 当前价格=104899.30, EMA25=105587.80, EMA60=101490.96, EMA120=97048.39, 趋势=震荡行情
[2025-06-14 21:49:46] ETHUSDT 15m: 当前价格=2528.62, EMA25=2534.05, EMA60=2539.71, EMA120=2554.46, 趋势=下跌趋势
[2025-06-14 21:49:47] ETHUSDT 1h: 当前价格=2528.36, EMA25=2548.28, EMA60=2591.20, EMA120=2615.58, 趋势=下跌趋势
[2025-06-14 21:49:48] ETHUSDT 4h: 当前价格=2528.36, EMA25=2609.46, EMA60=2609.35, EMA120=2574.66, 趋势=震荡行情
[2025-06-14 21:49:49] ETHUSDT 1d: 当前价格=2528.36, EMA25=2550.55, EMA60=2384.29, EMA120=2371.63, 趋势=震荡行情
==============================

===== 趋势分析结果 (2025-06-14 22:04:48) =====
[2025-06-14 22:04:43] BTCUSDT 15m: 当前价格=104951.30, EMA25=104969.75, EMA60=105079.51, EMA120=105260.10, 趋势=下跌趋势
[2025-06-14 22:04:43] BTCUSDT 1h: 当前价格=104951.30, EMA25=105190.21, EMA60=105811.09, EMA120=106342.97, 趋势=下跌趋势
[2025-06-14 22:04:44] BTCUSDT 4h: 当前价格=104951.30, EMA25=106222.34, EMA60=106369.83, EMA120=105949.25, 趋势=下跌趋势
[2025-06-14 22:04:45] BTCUSDT 1d: 当前价格=104951.30, EMA25=105591.80, EMA60=101492.67, EMA120=97049.25, 趋势=震荡行情
[2025-06-14 22:04:46] ETHUSDT 15m: 当前价格=2531.69, EMA25=2534.22, EMA60=2539.61, EMA120=2554.17, 趋势=下跌趋势
[2025-06-14 22:04:46] ETHUSDT 1h: 当前价格=2531.69, EMA25=2547.38, EMA60=2589.42, EMA120=2614.28, 趋势=下跌趋势
[2025-06-14 22:04:46] ETHUSDT 4h: 当前价格=2531.69, EMA25=2609.71, EMA60=2609.46, EMA120=2574.72, 趋势=震荡行情
[2025-06-14 22:04:48] ETHUSDT 1d: 当前价格=2531.69, EMA25=2550.81, EMA60=2384.40, EMA120=2371.69, 趋势=震荡行情
==============================

===== 趋势分析结果 (2025-06-14 22:19:44) =====
[2025-06-14 22:19:42] BTCUSDT 15m: 当前价格=104999.70, EMA25=104975.51, EMA60=105078.44, EMA120=105256.62, 趋势=震荡行情
[2025-06-14 22:19:43] BTCUSDT 1h: 当前价格=104999.70, EMA25=105193.94, EMA60=105812.67, EMA120=106343.77, 趋势=下跌趋势
[2025-06-14 22:19:43] BTCUSDT 4h: 当前价格=104999.70, EMA25=106226.07, EMA60=106371.42, EMA120=105950.05, 趋势=下跌趋势
[2025-06-14 22:19:43] BTCUSDT 1d: 当前价格=104999.70, EMA25=105595.53, EMA60=101494.25, EMA120=97050.05, 趋势=震荡行情
[2025-06-14 22:19:43] ETHUSDT 15m: 当前价格=2533.80, EMA25=2534.25, EMA60=2539.44, EMA120=2553.85, 趋势=下跌趋势
[2025-06-14 22:19:44] ETHUSDT 1h: 当前价格=2533.79, EMA25=2547.54, EMA60=2589.49, EMA120=2614.32, 趋势=下跌趋势
[2025-06-14 22:19:44] ETHUSDT 4h: 当前价格=2533.58, EMA25=2609.86, EMA60=2609.52, EMA120=2574.75, 趋势=震荡行情
[2025-06-14 22:19:44] ETHUSDT 1d: 当前价格=2533.80, EMA25=2550.97, EMA60=2384.47, EMA120=2371.72, 趋势=震荡行情
==============================

===== 趋势分析结果 (2025-06-14 22:34:44) =====
[2025-06-14 22:34:42] BTCUSDT 15m: 当前价格=104900.00, EMA25=104966.76, EMA60=105071.28, EMA120=105250.09, 趋势=下跌趋势
[2025-06-14 22:34:43] BTCUSDT 1h: 当前价格=104900.00, EMA25=105186.27, EMA60=105809.40, EMA120=106342.12, 趋势=下跌趋势
[2025-06-14 22:34:43] BTCUSDT 4h: 当前价格=104900.00, EMA25=106218.40, EMA60=106368.15, EMA120=105948.40, 趋势=下跌趋势
[2025-06-14 22:34:43] BTCUSDT 1d: 当前价格=104900.00, EMA25=105587.86, EMA60=101490.99, EMA120=97048.40, 趋势=震荡行情
[2025-06-14 22:34:44] ETHUSDT 15m: 当前价格=2531.13, EMA25=2533.91, EMA60=2539.12, EMA120=2553.45, 趋势=下跌趋势
[2025-06-14 22:34:44] ETHUSDT 1h: 当前价格=2531.13, EMA25=2547.34, EMA60=2589.40, EMA120=2614.27, 趋势=下跌趋势
[2025-06-14 22:34:44] ETHUSDT 4h: 当前价格=2531.13, EMA25=2609.67, EMA60=2609.44, EMA120=2574.71, 趋势=震荡行情
[2025-06-14 22:34:44] ETHUSDT 1d: 当前价格=2531.13, EMA25=2550.76, EMA60=2384.38, EMA120=2371.68, 趋势=震荡行情
==============================

===== 趋势分析结果 (2025-06-14 22:49:44) =====
[2025-06-14 22:49:42] BTCUSDT 15m: 当前价格=104840.40, EMA25=104952.78, EMA60=105061.80, EMA120=105242.36, 趋势=下跌趋势
[2025-06-14 22:49:43] BTCUSDT 1h: 当前价格=104840.30, EMA25=105181.67, EMA60=105807.45, EMA120=106341.14, 趋势=下跌趋势
[2025-06-14 22:49:43] BTCUSDT 4h: 当前价格=104840.40, EMA25=106213.81, EMA60=106366.20, EMA120=105947.42, 趋势=下跌趋势
[2025-06-14 22:49:43] BTCUSDT 1d: 当前价格=104840.40, EMA25=105583.27, EMA60=101489.03, EMA120=97047.42, 趋势=震荡行情
[2025-06-14 22:49:43] ETHUSDT 15m: 当前价格=2526.01, EMA25=2533.05, EMA60=2538.58, EMA120=2552.94, 趋势=下跌趋势
[2025-06-14 22:49:44] ETHUSDT 1h: 当前价格=2526.01, EMA25=2546.95, EMA60=2589.23, EMA120=2614.19, 趋势=下跌趋势
[2025-06-14 22:49:44] ETHUSDT 4h: 当前价格=2526.01, EMA25=2609.28, EMA60=2609.27, EMA120=2574.62, 趋势=震荡行情
[2025-06-14 22:49:44] ETHUSDT 1d: 当前价格=2526.01, EMA25=2550.37, EMA60=2384.21, EMA120=2371.59, 趋势=震荡行情
==============================

===== 趋势分析结果 (2025-06-14 23:04:55) =====
[2025-06-14 23:04:43] BTCUSDT 15m: 当前价格=104883.00, EMA25=104949.33, EMA60=105056.80, EMA120=105236.89, 趋势=下跌趋势
[2025-06-14 23:04:44] BTCUSDT 1h: 当前价格=104883.00, EMA25=105160.63, EMA60=105778.00, EMA120=106317.51, 趋势=下跌趋势
[2025-06-14 23:04:45] BTCUSDT 4h: 当前价格=104882.90, EMA25=106217.08, EMA60=106367.59, EMA120=105948.12, 趋势=下跌趋势
[2025-06-14 23:04:47] BTCUSDT 1d: 当前价格=104883.00, EMA25=105586.55, EMA60=101490.43, EMA120=97048.12, 趋势=震荡行情
[2025-06-14 23:04:49] ETHUSDT 15m: 当前价格=2529.87, EMA25=2532.97, EMA60=2538.37, EMA120=2552.60, 趋势=下跌趋势
[2025-06-14 23:04:50] ETHUSDT 1h: 当前价格=2529.86, EMA25=2545.79, EMA60=2587.36, EMA120=2612.83, 趋势=下跌趋势
[2025-06-14 23:04:51] ETHUSDT 4h: 当前价格=2529.86, EMA25=2609.57, EMA60=2609.40, EMA120=2574.69, 趋势=震荡行情
[2025-06-14 23:04:55] ETHUSDT 1d: 当前价格=2529.85, EMA25=2550.66, EMA60=2384.34, EMA120=2371.66, 趋势=震荡行情
==============================

===== 趋势分析结果 (2025-06-14 23:19:48) =====
[2025-06-14 23:19:43] BTCUSDT 15m: 当前价格=104896.00, EMA25=104944.74, EMA60=105051.31, EMA120=105231.17, 趋势=下跌趋势
[2025-06-14 23:19:44] BTCUSDT 1h: 当前价格=104896.00, EMA25=105161.63, EMA60=105778.42, EMA120=106317.72, 趋势=下跌趋势
[2025-06-14 23:19:45] BTCUSDT 4h: 当前价格=104886.80, EMA25=106217.38, EMA60=106367.72, EMA120=105948.19, 趋势=下跌趋势
[2025-06-14 23:19:46] BTCUSDT 1d: 当前价格=104886.80, EMA25=105586.84, EMA60=101490.55, EMA120=97048.18, 趋势=震荡行情
[2025-06-14 23:19:46] ETHUSDT 15m: 当前价格=2526.36, EMA25=2532.20, EMA60=2537.86, EMA120=2552.10, 趋势=下跌趋势
[2025-06-14 23:19:47] ETHUSDT 1h: 当前价格=2526.36, EMA25=2545.52, EMA60=2587.24, EMA120=2612.77, 趋势=下跌趋势
[2025-06-14 23:19:48] ETHUSDT 4h: 当前价格=2526.66, EMA25=2609.33, EMA60=2609.29, EMA120=2574.63, 趋势=震荡行情
[2025-06-14 23:19:48] ETHUSDT 1d: 当前价格=2526.36, EMA25=2550.40, EMA60=2384.22, EMA120=2371.60, 趋势=震荡行情
==============================

===== 趋势分析结果 (2025-06-14 23:34:54) =====
[2025-06-14 23:34:43] BTCUSDT 15m: 当前价格=104745.30, EMA25=104926.55, EMA60=105040.00, EMA120=105222.52, 趋势=下跌趋势
[2025-06-14 23:34:44] BTCUSDT 1h: 当前价格=104723.20, EMA25=105148.34, EMA60=105772.76, EMA120=106314.87, 趋势=下跌趋势
[2025-06-14 23:34:46] BTCUSDT 4h: 当前价格=104744.10, EMA25=106206.41, EMA60=106363.04, EMA120=105945.83, 趋势=下跌趋势
[2025-06-14 23:34:47] BTCUSDT 1d: 当前价格=104694.80, EMA25=105572.07, EMA60=101484.26, EMA120=97045.01, 趋势=震荡行情
[2025-06-14 23:34:48] ETHUSDT 15m: 当前价格=2513.40, EMA25=2530.43, EMA60=2536.91, EMA120=2551.39, 趋势=下跌趋势
[2025-06-14 23:34:52] ETHUSDT 1h: 当前价格=2514.40, EMA25=2544.60, EMA60=2586.85, EMA120=2612.57, 趋势=下跌趋势
[2025-06-14 23:34:53] ETHUSDT 4h: 当前价格=2514.40, EMA25=2608.38, EMA60=2608.89, EMA120=2574.43, 趋势=下跌趋势
[2025-06-14 23:34:54] ETHUSDT 1d: 当前价格=2514.80, EMA25=2549.51, EMA60=2383.84, EMA120=2371.41, 趋势=震荡行情
==============================

