===== 趋势分析结果 (2025-07-27 19:37:05) =====
[2025-07-27 19:37:04] BTCUSDT 5m: 当前价格=118121.35, EMA25=118098.48, EMA50=%!f(utils.TrendStatus=金叉), 趋势=%!s(MISSING)
[2025-07-27 19:37:04] BTCUSDT 15m: 当前价格=118097.30, EMA25=118076.49, EMA50=%!f(utils.TrendStatus=金叉), 趋势=%!s(MISSING)
[2025-07-27 19:37:05] BTCUSDT 1h: 当前价格=117957.35, EMA25=117774.11, EMA50=%!f(utils.TrendStatus=金叉), 趋势=%!s(MISSING)
[2025-07-27 19:37:05] ETHUSDT 5m: 当前价格=3804.28, EMA25=3792.25, EMA50=%!f(utils.TrendStatus=金叉), 趋势=%!s(MISSING)
[2025-07-27 19:37:05] ETHUSDT 15m: 当前价格=3787.72, EMA25=3776.11, EMA50=%!f(utils.TrendStatus=金叉), 趋势=%!s(MISSING)
[2025-07-27 19:37:05] ETHUSDT 1h: 当前价格=3763.18, EMA25=3739.66, EMA50=%!f(utils.TrendStatus=金叉), 趋势=%!s(MISSING)
==============================

===== 趋势分析结果 (2025-07-27 19:47:39) =====
[2025-07-27 19:47:38] BTCUSDT 5m: 当前价格=118110.89, EMA25=118094.72, EMA50=%!f(utils.TrendStatus=金叉), 趋势=%!s(MISSING)
[2025-07-27 19:47:38] BTCUSDT 15m: 当前价格=118092.56, EMA25=118074.85, EMA50=%!f(utils.TrendStatus=金叉), 趋势=%!s(MISSING)
[2025-07-27 19:47:38] BTCUSDT 1h: 当前价格=117950.71, EMA25=117770.72, EMA50=%!f(utils.TrendStatus=金叉), 趋势=%!s(MISSING)
[2025-07-27 19:47:38] ETHUSDT 5m: 当前价格=3804.73, EMA25=3793.40, EMA50=%!f(utils.TrendStatus=金叉), 趋势=%!s(MISSING)
[2025-07-27 19:47:39] ETHUSDT 15m: 当前价格=3788.90, EMA25=3777.16, EMA50=%!f(utils.TrendStatus=金叉), 趋势=%!s(MISSING)
[2025-07-27 19:47:39] ETHUSDT 1h: 当前价格=3762.19, EMA25=3739.15, EMA50=%!f(utils.TrendStatus=金叉), 趋势=%!s(MISSING)
==============================

===== 趋势分析结果 (2025-07-27 19:49:07) =====
[2025-07-27 19:49:06] BTCUSDT 5m: 当前价格=118110.18, EMA25=118094.35, EMA50=%!f(utils.TrendStatus=金叉), 趋势=%!s(MISSING)
[2025-07-27 19:49:06] BTCUSDT 15m: 当前价格=118090.68, EMA25=118073.90, EMA50=%!f(utils.TrendStatus=金叉), 趋势=%!s(MISSING)
[2025-07-27 19:49:06] BTCUSDT 1h: 当前价格=117948.83, EMA25=117769.76, EMA50=%!f(utils.TrendStatus=金叉), 趋势=%!s(MISSING)
[2025-07-27 19:49:07] ETHUSDT 5m: 当前价格=3804.55, EMA25=3793.30, EMA50=%!f(utils.TrendStatus=金叉), 趋势=%!s(MISSING)
[2025-07-27 19:49:07] ETHUSDT 15m: 当前价格=3788.70, EMA25=3777.05, EMA50=%!f(utils.TrendStatus=金叉), 趋势=%!s(MISSING)
[2025-07-27 19:49:07] ETHUSDT 1h: 当前价格=3762.15, EMA25=3739.14, EMA50=%!f(utils.TrendStatus=金叉), 趋势=%!s(MISSING)
==============================

===== 趋势分析结果 (2025-07-27 20:04:08) =====
[2025-07-27 20:04:07] BTCUSDT 5m: 当前价格=118100.37, EMA25=118090.86, EMA50=%!f(utils.TrendStatus=金叉), 趋势=%!s(MISSING)
[2025-07-27 20:04:07] BTCUSDT 15m: 当前价格=118092.29, EMA25=118075.40, EMA50=%!f(utils.TrendStatus=金叉), 趋势=%!s(MISSING)
[2025-07-27 20:04:08] BTCUSDT 1h: 当前价格=117960.43, EMA25=117782.73, EMA50=%!f(utils.TrendStatus=金叉), 趋势=%!s(MISSING)
[2025-07-27 20:04:08] ETHUSDT 5m: 当前价格=3807.24, EMA25=3795.99, EMA50=%!f(utils.TrendStatus=金叉), 趋势=%!s(MISSING)
[2025-07-27 20:04:08] ETHUSDT 15m: 当前价格=3791.75, EMA25=3779.08, EMA50=%!f(utils.TrendStatus=金叉), 趋势=%!s(MISSING)
[2025-07-27 20:04:08] ETHUSDT 1h: 当前价格=3767.26, EMA25=3742.66, EMA50=%!f(utils.TrendStatus=金叉), 趋势=%!s(MISSING)
==============================

===== 趋势分析结果 (2025-07-27 20:19:11) =====
[2025-07-27 20:19:09] BTCUSDT 5m: 当前价格=118087.50, EMA25=118085.05, EMA50=%!f(utils.TrendStatus=金叉), 趋势=%!s(MISSING)
[2025-07-27 20:19:10] BTCUSDT 15m: 当前价格=118085.63, EMA25=118072.63, EMA50=%!f(utils.TrendStatus=金叉), 趋势=%!s(MISSING)
[2025-07-27 20:19:10] BTCUSDT 1h: 当前价格=117956.76, EMA25=117780.86, EMA50=%!f(utils.TrendStatus=金叉), 趋势=%!s(MISSING)
[2025-07-27 20:19:10] ETHUSDT 5m: 当前价格=3812.12, EMA25=3799.85, EMA50=%!f(utils.TrendStatus=金叉), 趋势=%!s(MISSING)
[2025-07-27 20:19:10] ETHUSDT 15m: 当前价格=3795.46, EMA25=3781.49, EMA50=%!f(utils.TrendStatus=金叉), 趋势=%!s(MISSING)
[2025-07-27 20:19:11] ETHUSDT 1h: 当前价格=3767.85, EMA25=3742.95, EMA50=%!f(utils.TrendStatus=金叉), 趋势=%!s(MISSING)
==============================

===== 趋势分析结果 (2025-07-27 20:34:08) =====
[2025-07-27 20:34:07] BTCUSDT 5m: 当前价格=118063.20, EMA25=118072.59, EMA50=%!f(utils.TrendStatus=死叉), 趋势=%!s(MISSING)
[2025-07-27 20:34:07] BTCUSDT 15m: 当前价格=118068.92, EMA25=118064.50, EMA50=%!f(utils.TrendStatus=金叉), 趋势=%!s(MISSING)
[2025-07-27 20:34:08] BTCUSDT 1h: 当前价格=117949.66, EMA25=117777.23, EMA50=%!f(utils.TrendStatus=金叉), 趋势=%!s(MISSING)
[2025-07-27 20:34:08] ETHUSDT 5m: 当前价格=3813.01, EMA25=3801.74, EMA50=%!f(utils.TrendStatus=金叉), 趋势=%!s(MISSING)
[2025-07-27 20:34:08] ETHUSDT 15m: 当前价格=3795.48, EMA25=3782.02, EMA50=%!f(utils.TrendStatus=金叉), 趋势=%!s(MISSING)
[2025-07-27 20:34:08] ETHUSDT 1h: 当前价格=3766.36, EMA25=3742.20, EMA50=%!f(utils.TrendStatus=金叉), 趋势=%!s(MISSING)
==============================

===== 趋势分析结果 (2025-07-27 20:39:26) =====
[2025-07-27 20:39:25] BTCUSDT 5m: 当前价格=118046.46, EMA25=118063.66, EMA50=%!f(utils.TrendStatus=死叉), 趋势=%!s(MISSING)
[2025-07-27 20:39:25] BTCUSDT 15m: 当前价格=118062.96, EMA25=118061.46, EMA50=%!f(utils.TrendStatus=金叉), 趋势=%!s(MISSING)
[2025-07-27 20:39:25] BTCUSDT 1h: 当前价格=117943.68, EMA25=117774.19, EMA50=%!f(utils.TrendStatus=金叉), 趋势=%!s(MISSING)
[2025-07-27 20:39:26] ETHUSDT 5m: 当前价格=3812.64, EMA25=3801.98, EMA50=%!f(utils.TrendStatus=金叉), 趋势=%!s(MISSING)
[2025-07-27 20:39:26] ETHUSDT 15m: 当前价格=3795.61, EMA25=3782.09, EMA50=%!f(utils.TrendStatus=金叉), 趋势=%!s(MISSING)
[2025-07-27 20:39:26] ETHUSDT 1h: 当前价格=3766.49, EMA25=3742.26, EMA50=%!f(utils.TrendStatus=金叉), 趋势=%!s(MISSING)
==============================

